<?xml version="1.0" encoding="UTF-8"?>
<testsuite xmlns:xsi="http://www.w3.org/2001/XMLSchema-instance" xsi:noNamespaceSchemaLocation="https://maven.apache.org/surefire/maven-surefire-plugin/xsd/surefire-test-report.xsd" name="com.yieldlab.runners.FailedRunner" time="7.119" tests="9" errors="0" skipped="0" failures="9">
  <properties>
    <property name="java.specification.version" value="13"/>
    <property name="sun.cpu.isalist" value="amd64"/>
    <property name="sun.jnu.encoding" value="Cp1252"/>
    <property name="java.class.path" value="C:\Users\knigh\IdeaProjects\Yieldlab\target\test-classes;C:\Users\knigh\IdeaProjects\Yieldlab\target\classes;C:\Users\knigh\.m2\repository\io\cucumber\cucumber-java\6.9.0\cucumber-java-6.9.0.jar;C:\Users\knigh\.m2\repository\io\cucumber\cucumber-core\6.9.0\cucumber-core-6.9.0.jar;C:\Users\knigh\.m2\repository\io\cucumber\cucumber-gherkin\6.9.0\cucumber-gherkin-6.9.0.jar;C:\Users\knigh\.m2\repository\io\cucumber\cucumber-gherkin-messages\6.9.0\cucumber-gherkin-messages-6.9.0.jar;C:\Users\knigh\.m2\repository\io\cucumber\messages\13.2.0\messages-13.2.0.jar;C:\Users\knigh\.m2\repository\io\cucumber\tag-expressions\3.0.0\tag-expressions-3.0.0.jar;C:\Users\knigh\.m2\repository\io\cucumber\cucumber-expressions\10.3.0\cucumber-expressions-10.3.0.jar;C:\Users\knigh\.m2\repository\io\cucumber\datatable\3.5.0\datatable-3.5.0.jar;C:\Users\knigh\.m2\repository\io\cucumber\cucumber-plugin\6.9.0\cucumber-plugin-6.9.0.jar;C:\Users\knigh\.m2\repository\io\cucumber\docstring\6.9.0\docstring-6.9.0.jar;C:\Users\knigh\.m2\repository\io\cucumber\html-formatter\9.0.0\html-formatter-9.0.0.jar;C:\Users\knigh\.m2\repository\io\cucumber\create-meta\2.0.4\create-meta-2.0.4.jar;C:\Users\knigh\.m2\repository\org\apiguardian\apiguardian-api\1.1.0\apiguardian-api-1.1.0.jar;C:\Users\knigh\.m2\repository\io\cucumber\cucumber-junit\6.9.0\cucumber-junit-6.9.0.jar;C:\Users\knigh\.m2\repository\junit\junit\4.13.1\junit-4.13.1.jar;C:\Users\knigh\.m2\repository\org\hamcrest\hamcrest-core\1.3\hamcrest-core-1.3.jar;C:\Users\knigh\.m2\repository\io\rest-assured\rest-assured\4.3.0\rest-assured-4.3.0.jar;C:\Users\knigh\.m2\repository\org\codehaus\groovy\groovy\3.0.2\groovy-3.0.2.jar;C:\Users\knigh\.m2\repository\org\codehaus\groovy\groovy-xml\3.0.2\groovy-xml-3.0.2.jar;C:\Users\knigh\.m2\repository\org\apache\httpcomponents\httpclient\4.5.3\httpclient-4.5.3.jar;C:\Users\knigh\.m2\repository\org\apache\httpcomponents\httpcore\4.4.6\httpcore-4.4.6.jar;C:\Users\knigh\.m2\repository\commons-logging\commons-logging\1.2\commons-logging-1.2.jar;C:\Users\knigh\.m2\repository\commons-codec\commons-codec\1.9\commons-codec-1.9.jar;C:\Users\knigh\.m2\repository\org\apache\httpcomponents\httpmime\4.5.3\httpmime-4.5.3.jar;C:\Users\knigh\.m2\repository\org\hamcrest\hamcrest\2.1\hamcrest-2.1.jar;C:\Users\knigh\.m2\repository\org\ccil\cowan\tagsoup\tagsoup\1.2.1\tagsoup-1.2.1.jar;C:\Users\knigh\.m2\repository\io\rest-assured\json-path\4.3.0\json-path-4.3.0.jar;C:\Users\knigh\.m2\repository\org\codehaus\groovy\groovy-json\3.0.2\groovy-json-3.0.2.jar;C:\Users\knigh\.m2\repository\io\rest-assured\rest-assured-common\4.3.0\rest-assured-common-4.3.0.jar;C:\Users\knigh\.m2\repository\io\rest-assured\xml-path\4.3.0\xml-path-4.3.0.jar;C:\Users\knigh\.m2\repository\org\apache\commons\commons-lang3\3.4\commons-lang3-3.4.jar;C:\Users\knigh\.m2\repository\jakarta\xml\bind\jakarta.xml.bind-api\2.3.2\jakarta.xml.bind-api-2.3.2.jar;C:\Users\knigh\.m2\repository\jakarta\activation\jakarta.activation-api\1.2.1\jakarta.activation-api-1.2.1.jar;C:\Users\knigh\.m2\repository\com\sun\xml\bind\jaxb-osgi\2.3.0.1\jaxb-osgi-2.3.0.1.jar;C:\Users\knigh\.m2\repository\org\apache\sling\org.apache.sling.javax.activation\0.1.0\org.apache.sling.javax.activation-0.1.0.jar;C:\Users\knigh\.m2\repository\javax\activation\activation\1.1.1\activation-1.1.1.jar;C:\Users\knigh\.m2\repository\io\rest-assured\json-schema-validator\4.3.1\json-schema-validator-4.3.1.jar;C:\Users\knigh\.m2\repository\com\github\java-json-tools\json-schema-validator\2.2.10\json-schema-validator-2.2.10.jar;C:\Users\knigh\.m2\repository\com\github\java-json-tools\json-schema-core\1.2.10\json-schema-core-1.2.10.jar;C:\Users\knigh\.m2\repository\com\github\java-json-tools\jackson-coreutils\1.9\jackson-coreutils-1.9.jar;C:\Users\knigh\.m2\repository\com\github\fge\msg-simple\1.1\msg-simple-1.1.jar;C:\Users\knigh\.m2\repository\com\github\fge\btf\1.2\btf-1.2.jar;C:\Users\knigh\.m2\repository\com\github\fge\uri-template\0.9\uri-template-0.9.jar;C:\Users\knigh\.m2\repository\org\mozilla\rhino\1.7.7.1\rhino-1.7.7.1.jar;C:\Users\knigh\.m2\repository\javax\mail\mailapi\1.4.3\mailapi-1.4.3.jar;C:\Users\knigh\.m2\repository\joda-time\joda-time\2.9.7\joda-time-2.9.7.jar;C:\Users\knigh\.m2\repository\com\googlecode\libphonenumber\libphonenumber\8.0.0\libphonenumber-8.0.0.jar;C:\Users\knigh\.m2\repository\com\google\code\findbugs\jsr305\3.0.1\jsr305-3.0.1.jar;C:\Users\knigh\.m2\repository\net\sf\jopt-simple\jopt-simple\5.0.3\jopt-simple-5.0.3.jar;C:\Users\knigh\.m2\repository\com\fasterxml\jackson\core\jackson-databind\2.7.3\jackson-databind-2.7.3.jar;C:\Users\knigh\.m2\repository\com\fasterxml\jackson\core\jackson-annotations\2.7.0\jackson-annotations-2.7.0.jar;C:\Users\knigh\.m2\repository\com\fasterxml\jackson\core\jackson-core\2.7.3\jackson-core-2.7.3.jar;C:\Users\knigh\.m2\repository\com\google\guava\guava\19.0\guava-19.0.jar;C:\Users\knigh\.m2\repository\org\springframework\boot\spring-boot-starter-web\1.3.2.RELEASE\spring-boot-starter-web-1.3.2.RELEASE.jar;C:\Users\knigh\.m2\repository\org\springframework\boot\spring-boot-starter\1.3.2.RELEASE\spring-boot-starter-1.3.2.RELEASE.jar;C:\Users\knigh\.m2\repository\org\springframework\boot\spring-boot\1.3.2.RELEASE\spring-boot-1.3.2.RELEASE.jar;C:\Users\knigh\.m2\repository\org\springframework\boot\spring-boot-autoconfigure\1.3.2.RELEASE\spring-boot-autoconfigure-1.3.2.RELEASE.jar;C:\Users\knigh\.m2\repository\org\springframework\boot\spring-boot-starter-logging\1.3.2.RELEASE\spring-boot-starter-logging-1.3.2.RELEASE.jar;C:\Users\knigh\.m2\repository\ch\qos\logback\logback-classic\1.1.3\logback-classic-1.1.3.jar;C:\Users\knigh\.m2\repository\ch\qos\logback\logback-core\1.1.3\logback-core-1.1.3.jar;C:\Users\knigh\.m2\repository\org\slf4j\slf4j-api\1.7.7\slf4j-api-1.7.7.jar;C:\Users\knigh\.m2\repository\org\slf4j\jcl-over-slf4j\1.7.13\jcl-over-slf4j-1.7.13.jar;C:\Users\knigh\.m2\repository\org\slf4j\jul-to-slf4j\1.7.13\jul-to-slf4j-1.7.13.jar;C:\Users\knigh\.m2\repository\org\slf4j\log4j-over-slf4j\1.7.13\log4j-over-slf4j-1.7.13.jar;C:\Users\knigh\.m2\repository\org\yaml\snakeyaml\1.16\snakeyaml-1.16.jar;C:\Users\knigh\.m2\repository\org\springframework\boot\spring-boot-starter-tomcat\1.3.2.RELEASE\spring-boot-starter-tomcat-1.3.2.RELEASE.jar;C:\Users\knigh\.m2\repository\org\apache\tomcat\embed\tomcat-embed-core\8.0.30\tomcat-embed-core-8.0.30.jar;C:\Users\knigh\.m2\repository\org\apache\tomcat\embed\tomcat-embed-el\8.0.30\tomcat-embed-el-8.0.30.jar;C:\Users\knigh\.m2\repository\org\apache\tomcat\embed\tomcat-embed-logging-juli\8.0.30\tomcat-embed-logging-juli-8.0.30.jar;C:\Users\knigh\.m2\repository\org\apache\tomcat\embed\tomcat-embed-websocket\8.0.30\tomcat-embed-websocket-8.0.30.jar;C:\Users\knigh\.m2\repository\org\springframework\boot\spring-boot-starter-validation\1.3.2.RELEASE\spring-boot-starter-validation-1.3.2.RELEASE.jar;C:\Users\knigh\.m2\repository\org\hibernate\hibernate-validator\5.2.2.Final\hibernate-validator-5.2.2.Final.jar;C:\Users\knigh\.m2\repository\javax\validation\validation-api\1.1.0.Final\validation-api-1.1.0.Final.jar;C:\Users\knigh\.m2\repository\org\jboss\logging\jboss-logging\3.2.1.Final\jboss-logging-3.2.1.Final.jar;C:\Users\knigh\.m2\repository\com\fasterxml\classmate\1.1.0\classmate-1.1.0.jar;C:\Users\knigh\.m2\repository\org\springframework\spring-webmvc\4.2.4.RELEASE\spring-webmvc-4.2.4.RELEASE.jar;C:\Users\knigh\.m2\repository\org\springframework\spring-expression\4.2.4.RELEASE\spring-expression-4.2.4.RELEASE.jar;C:\Users\knigh\.m2\repository\org\springframework\spring-web\4.2.4.RELEASE\spring-web-4.2.4.RELEASE.jar;C:\Users\knigh\.m2\repository\org\springframework\spring-aop\4.2.4.RELEASE\spring-aop-4.2.4.RELEASE.jar;C:\Users\knigh\.m2\repository\aopalliance\aopalliance\1.0\aopalliance-1.0.jar;C:\Users\knigh\.m2\repository\org\springframework\spring-beans\4.2.4.RELEASE\spring-beans-4.2.4.RELEASE.jar;C:\Users\knigh\.m2\repository\org\springframework\spring-context\4.2.4.RELEASE\spring-context-4.2.4.RELEASE.jar;C:\Users\knigh\.m2\repository\org\springframework\spring-core\4.2.4.RELEASE\spring-core-4.2.4.RELEASE.jar;C:\Users\knigh\.m2\repository\org\antlr\stringtemplate\4.0.2\stringtemplate-4.0.2.jar;C:\Users\knigh\.m2\repository\org\antlr\antlr-runtime\3.3\antlr-runtime-3.3.jar;"/>
    <property name="java.vm.vendor" value="Azul Systems, Inc."/>
    <property name="sun.arch.data.model" value="64"/>
    <property name="user.variant" value=""/>
    <property name="java.vendor.url" value="http://www.azulsystems.com/"/>
    <property name="user.timezone" value="Europe/Berlin"/>
    <property name="user.country.format" value="DE"/>
    <property name="os.name" value="Windows 10"/>
    <property name="java.vm.specification.version" value="13"/>
    <property name="sun.java.launcher" value="SUN_STANDARD"/>
    <property name="user.country" value="GB"/>
    <property name="sun.boot.library.path" value="C:\Users\knigh\.jdks\azul-13.0.5.1\bin"/>
    <property name="sun.java.command" value="C:\Users\knigh\AppData\Local\Temp\surefire17093415511895411639\surefirebooter795824806389631082.jar C:\Users\knigh\AppData\Local\Temp\surefire17093415511895411639 2021-02-07T22-09-22_303-jvmRun1 surefire15456227541210713200tmp surefire_08515954073527023664tmp"/>
    <property name="jdk.debug" value="release"/>
    <property name="surefire.test.class.path" value="C:\Users\knigh\IdeaProjects\Yieldlab\target\test-classes;C:\Users\knigh\IdeaProjects\Yieldlab\target\classes;C:\Users\knigh\.m2\repository\io\cucumber\cucumber-java\6.9.0\cucumber-java-6.9.0.jar;C:\Users\knigh\.m2\repository\io\cucumber\cucumber-core\6.9.0\cucumber-core-6.9.0.jar;C:\Users\knigh\.m2\repository\io\cucumber\cucumber-gherkin\6.9.0\cucumber-gherkin-6.9.0.jar;C:\Users\knigh\.m2\repository\io\cucumber\cucumber-gherkin-messages\6.9.0\cucumber-gherkin-messages-6.9.0.jar;C:\Users\knigh\.m2\repository\io\cucumber\messages\13.2.0\messages-13.2.0.jar;C:\Users\knigh\.m2\repository\io\cucumber\tag-expressions\3.0.0\tag-expressions-3.0.0.jar;C:\Users\knigh\.m2\repository\io\cucumber\cucumber-expressions\10.3.0\cucumber-expressions-10.3.0.jar;C:\Users\knigh\.m2\repository\io\cucumber\datatable\3.5.0\datatable-3.5.0.jar;C:\Users\knigh\.m2\repository\io\cucumber\cucumber-plugin\6.9.0\cucumber-plugin-6.9.0.jar;C:\Users\knigh\.m2\repository\io\cucumber\docstring\6.9.0\docstring-6.9.0.jar;C:\Users\knigh\.m2\repository\io\cucumber\html-formatter\9.0.0\html-formatter-9.0.0.jar;C:\Users\knigh\.m2\repository\io\cucumber\create-meta\2.0.4\create-meta-2.0.4.jar;C:\Users\knigh\.m2\repository\org\apiguardian\apiguardian-api\1.1.0\apiguardian-api-1.1.0.jar;C:\Users\knigh\.m2\repository\io\cucumber\cucumber-junit\6.9.0\cucumber-junit-6.9.0.jar;C:\Users\knigh\.m2\repository\junit\junit\4.13.1\junit-4.13.1.jar;C:\Users\knigh\.m2\repository\org\hamcrest\hamcrest-core\1.3\hamcrest-core-1.3.jar;C:\Users\knigh\.m2\repository\io\rest-assured\rest-assured\4.3.0\rest-assured-4.3.0.jar;C:\Users\knigh\.m2\repository\org\codehaus\groovy\groovy\3.0.2\groovy-3.0.2.jar;C:\Users\knigh\.m2\repository\org\codehaus\groovy\groovy-xml\3.0.2\groovy-xml-3.0.2.jar;C:\Users\knigh\.m2\repository\org\apache\httpcomponents\httpclient\4.5.3\httpclient-4.5.3.jar;C:\Users\knigh\.m2\repository\org\apache\httpcomponents\httpcore\4.4.6\httpcore-4.4.6.jar;C:\Users\knigh\.m2\repository\commons-logging\commons-logging\1.2\commons-logging-1.2.jar;C:\Users\knigh\.m2\repository\commons-codec\commons-codec\1.9\commons-codec-1.9.jar;C:\Users\knigh\.m2\repository\org\apache\httpcomponents\httpmime\4.5.3\httpmime-4.5.3.jar;C:\Users\knigh\.m2\repository\org\hamcrest\hamcrest\2.1\hamcrest-2.1.jar;C:\Users\knigh\.m2\repository\org\ccil\cowan\tagsoup\tagsoup\1.2.1\tagsoup-1.2.1.jar;C:\Users\knigh\.m2\repository\io\rest-assured\json-path\4.3.0\json-path-4.3.0.jar;C:\Users\knigh\.m2\repository\org\codehaus\groovy\groovy-json\3.0.2\groovy-json-3.0.2.jar;C:\Users\knigh\.m2\repository\io\rest-assured\rest-assured-common\4.3.0\rest-assured-common-4.3.0.jar;C:\Users\knigh\.m2\repository\io\rest-assured\xml-path\4.3.0\xml-path-4.3.0.jar;C:\Users\knigh\.m2\repository\org\apache\commons\commons-lang3\3.4\commons-lang3-3.4.jar;C:\Users\knigh\.m2\repository\jakarta\xml\bind\jakarta.xml.bind-api\2.3.2\jakarta.xml.bind-api-2.3.2.jar;C:\Users\knigh\.m2\repository\jakarta\activation\jakarta.activation-api\1.2.1\jakarta.activation-api-1.2.1.jar;C:\Users\knigh\.m2\repository\com\sun\xml\bind\jaxb-osgi\2.3.0.1\jaxb-osgi-2.3.0.1.jar;C:\Users\knigh\.m2\repository\org\apache\sling\org.apache.sling.javax.activation\0.1.0\org.apache.sling.javax.activation-0.1.0.jar;C:\Users\knigh\.m2\repository\javax\activation\activation\1.1.1\activation-1.1.1.jar;C:\Users\knigh\.m2\repository\io\rest-assured\json-schema-validator\4.3.1\json-schema-validator-4.3.1.jar;C:\Users\knigh\.m2\repository\com\github\java-json-tools\json-schema-validator\2.2.10\json-schema-validator-2.2.10.jar;C:\Users\knigh\.m2\repository\com\github\java-json-tools\json-schema-core\1.2.10\json-schema-core-1.2.10.jar;C:\Users\knigh\.m2\repository\com\github\java-json-tools\jackson-coreutils\1.9\jackson-coreutils-1.9.jar;C:\Users\knigh\.m2\repository\com\github\fge\msg-simple\1.1\msg-simple-1.1.jar;C:\Users\knigh\.m2\repository\com\github\fge\btf\1.2\btf-1.2.jar;C:\Users\knigh\.m2\repository\com\github\fge\uri-template\0.9\uri-template-0.9.jar;C:\Users\knigh\.m2\repository\org\mozilla\rhino\1.7.7.1\rhino-1.7.7.1.jar;C:\Users\knigh\.m2\repository\javax\mail\mailapi\1.4.3\mailapi-1.4.3.jar;C:\Users\knigh\.m2\repository\joda-time\joda-time\2.9.7\joda-time-2.9.7.jar;C:\Users\knigh\.m2\repository\com\googlecode\libphonenumber\libphonenumber\8.0.0\libphonenumber-8.0.0.jar;C:\Users\knigh\.m2\repository\com\google\code\findbugs\jsr305\3.0.1\jsr305-3.0.1.jar;C:\Users\knigh\.m2\repository\net\sf\jopt-simple\jopt-simple\5.0.3\jopt-simple-5.0.3.jar;C:\Users\knigh\.m2\repository\com\fasterxml\jackson\core\jackson-databind\2.7.3\jackson-databind-2.7.3.jar;C:\Users\knigh\.m2\repository\com\fasterxml\jackson\core\jackson-annotations\2.7.0\jackson-annotations-2.7.0.jar;C:\Users\knigh\.m2\repository\com\fasterxml\jackson\core\jackson-core\2.7.3\jackson-core-2.7.3.jar;C:\Users\knigh\.m2\repository\com\google\guava\guava\19.0\guava-19.0.jar;C:\Users\knigh\.m2\repository\org\springframework\boot\spring-boot-starter-web\1.3.2.RELEASE\spring-boot-starter-web-1.3.2.RELEASE.jar;C:\Users\knigh\.m2\repository\org\springframework\boot\spring-boot-starter\1.3.2.RELEASE\spring-boot-starter-1.3.2.RELEASE.jar;C:\Users\knigh\.m2\repository\org\springframework\boot\spring-boot\1.3.2.RELEASE\spring-boot-1.3.2.RELEASE.jar;C:\Users\knigh\.m2\repository\org\springframework\boot\spring-boot-autoconfigure\1.3.2.RELEASE\spring-boot-autoconfigure-1.3.2.RELEASE.jar;C:\Users\knigh\.m2\repository\org\springframework\boot\spring-boot-starter-logging\1.3.2.RELEASE\spring-boot-starter-logging-1.3.2.RELEASE.jar;C:\Users\knigh\.m2\repository\ch\qos\logback\logback-classic\1.1.3\logback-classic-1.1.3.jar;C:\Users\knigh\.m2\repository\ch\qos\logback\logback-core\1.1.3\logback-core-1.1.3.jar;C:\Users\knigh\.m2\repository\org\slf4j\slf4j-api\1.7.7\slf4j-api-1.7.7.jar;C:\Users\knigh\.m2\repository\org\slf4j\jcl-over-slf4j\1.7.13\jcl-over-slf4j-1.7.13.jar;C:\Users\knigh\.m2\repository\org\slf4j\jul-to-slf4j\1.7.13\jul-to-slf4j-1.7.13.jar;C:\Users\knigh\.m2\repository\org\slf4j\log4j-over-slf4j\1.7.13\log4j-over-slf4j-1.7.13.jar;C:\Users\knigh\.m2\repository\org\yaml\snakeyaml\1.16\snakeyaml-1.16.jar;C:\Users\knigh\.m2\repository\org\springframework\boot\spring-boot-starter-tomcat\1.3.2.RELEASE\spring-boot-starter-tomcat-1.3.2.RELEASE.jar;C:\Users\knigh\.m2\repository\org\apache\tomcat\embed\tomcat-embed-core\8.0.30\tomcat-embed-core-8.0.30.jar;C:\Users\knigh\.m2\repository\org\apache\tomcat\embed\tomcat-embed-el\8.0.30\tomcat-embed-el-8.0.30.jar;C:\Users\knigh\.m2\repository\org\apache\tomcat\embed\tomcat-embed-logging-juli\8.0.30\tomcat-embed-logging-juli-8.0.30.jar;C:\Users\knigh\.m2\repository\org\apache\tomcat\embed\tomcat-embed-websocket\8.0.30\tomcat-embed-websocket-8.0.30.jar;C:\Users\knigh\.m2\repository\org\springframework\boot\spring-boot-starter-validation\1.3.2.RELEASE\spring-boot-starter-validation-1.3.2.RELEASE.jar;C:\Users\knigh\.m2\repository\org\hibernate\hibernate-validator\5.2.2.Final\hibernate-validator-5.2.2.Final.jar;C:\Users\knigh\.m2\repository\javax\validation\validation-api\1.1.0.Final\validation-api-1.1.0.Final.jar;C:\Users\knigh\.m2\repository\org\jboss\logging\jboss-logging\3.2.1.Final\jboss-logging-3.2.1.Final.jar;C:\Users\knigh\.m2\repository\com\fasterxml\classmate\1.1.0\classmate-1.1.0.jar;C:\Users\knigh\.m2\repository\org\springframework\spring-webmvc\4.2.4.RELEASE\spring-webmvc-4.2.4.RELEASE.jar;C:\Users\knigh\.m2\repository\org\springframework\spring-expression\4.2.4.RELEASE\spring-expression-4.2.4.RELEASE.jar;C:\Users\knigh\.m2\repository\org\springframework\spring-web\4.2.4.RELEASE\spring-web-4.2.4.RELEASE.jar;C:\Users\knigh\.m2\repository\org\springframework\spring-aop\4.2.4.RELEASE\spring-aop-4.2.4.RELEASE.jar;C:\Users\knigh\.m2\repository\aopalliance\aopalliance\1.0\aopalliance-1.0.jar;C:\Users\knigh\.m2\repository\org\springframework\spring-beans\4.2.4.RELEASE\spring-beans-4.2.4.RELEASE.jar;C:\Users\knigh\.m2\repository\org\springframework\spring-context\4.2.4.RELEASE\spring-context-4.2.4.RELEASE.jar;C:\Users\knigh\.m2\repository\org\springframework\spring-core\4.2.4.RELEASE\spring-core-4.2.4.RELEASE.jar;C:\Users\knigh\.m2\repository\org\antlr\stringtemplate\4.0.2\stringtemplate-4.0.2.jar;C:\Users\knigh\.m2\repository\org\antlr\antlr-runtime\3.3\antlr-runtime-3.3.jar;"/>
    <property name="sun.cpu.endian" value="little"/>
    <property name="user.home" value="C:\Users\knigh"/>
    <property name="user.language" value="en"/>
    <property name="java.specification.vendor" value="Oracle Corporation"/>
    <property name="java.version.date" value="2020-11-06"/>
    <property name="java.home" value="C:\Users\knigh\.jdks\azul-13.0.5.1"/>
    <property name="file.separator" value="\"/>
    <property name="basedir" value="C:\Users\knigh\IdeaProjects\Yieldlab"/>
    <property name="java.vm.compressedOopsMode" value="Zero based"/>
    <property name="line.separator" value="&#10;"/>
    <property name="java.vm.specification.vendor" value="Oracle Corporation"/>
    <property name="jdk.vendor.version" value="Zulu13.35+51-CA"/>
    <property name="java.specification.name" value="Java Platform API Specification"/>
    <property name="surefire.real.class.path" value="C:\Users\knigh\AppData\Local\Temp\surefire17093415511895411639\surefirebooter795824806389631082.jar"/>
    <property name="user.script" value=""/>
    <property name="sun.management.compiler" value="HotSpot 64-Bit Tiered Compilers"/>
    <property name="java.runtime.version" value="13.0.5.1+1-MTS"/>
    <property name="user.name" value="knigh"/>
    <property name="path.separator" value=";"/>
    <property name="os.version" value="10.0"/>
    <property name="java.runtime.name" value="OpenJDK Runtime Environment"/>
    <property name="file.encoding" value="UTF-8"/>
    <property name="java.vm.name" value="OpenJDK 64-Bit Server VM"/>
    <property name="java.vendor.version" value="Zulu13.35+51-CA"/>
    <property name="localRepository" value="C:\Users\knigh\.m2\repository"/>
    <property name="java.vendor.url.bug" value="http://www.azulsystems.com/support/"/>
    <property name="java.io.tmpdir" value="C:\Users\knigh\AppData\Local\Temp\"/>
    <property name="idea.version" value="2020.3.2"/>
    <property name="java.version" value="13.0.5.1"/>
    <property name="user.dir" value="C:\Users\knigh\IdeaProjects\Yieldlab"/>
    <property name="os.arch" value="amd64"/>
    <property name="java.vm.specification.name" value="Java Virtual Machine Specification"/>
    <property name="sun.os.patch.level" value=""/>
    <property name="java.library.path" value="C:\Users\knigh\.jdks\azul-13.0.5.1\bin;C:\Windows\Sun\Java\bin;C:\Windows\system32;C:\Windows;C:\Program Files (x86)\Common Files\Oracle\Java\javapath;C:\Windows\system32;C:\Windows;C:\Windows\System32\Wbem;C:\Windows\System32\WindowsPowerShell\v1.0\;C:\Windows\System32\OpenSSH\;C:\Program Files (x86)\NVIDIA Corporation\PhysX\Common;C:\Program Files\NVIDIA Corporation\NVIDIA NvDLISR;C:\Program Files\Git\cmd;C:\Program Files\Java\jdk1.8.0_271\bin;C:\Program Files\nodejs\;C:\Program Files\Docker\Docker\resources\bin;C:\ProgramData\DockerDesktop\version-bin;C:\Program Files\Git\mingw64\bin\;C:\Program Files\apache-maven-3.6.3-bin\apache-maven-3.6.3\bin;C:\Program Files\Java\jdk1.8.0_271\bin;C:\Users\knigh\AppData\Local\Microsoft\WindowsApps;C:\Users\knigh\AppData\Roaming\npm;C:\Program Files\Git\mingw64\bin\;;."/>
    <property name="java.vm.info" value="mixed mode, sharing"/>
    <property name="java.vendor" value="Azul Systems, Inc."/>
    <property name="java.vm.version" value="13.0.5.1+1-MTS"/>
    <property name="sun.io.unicode.encoding" value="UnicodeLittle"/>
    <property name="java.class.version" value="57.0"/>
  </properties>
  <testcase name="GET the winner and verify - 2 Same Highest Bids - 2 Query Parameters - Verify Random Selection #1" classname="User should be able to get the winner" time="1.298">
    <failure message="Verify that bidder is chosen randomly as a or b" type="java.lang.AssertionError">java.lang.AssertionError: Verify that bidder is chosen randomly as a or b
</failure>
    <system-out><![CDATA[22:09:37.993 [main] DEBUG o.a.h.i.c.BasicClientConnectionManager - Get connection for route {}->http://localhost:8080
22:09:37.993 [main] DEBUG o.a.h.i.c.DefaultClientConnectionOperator - Connecting to localhost:8080
22:09:37.994 [main] DEBUG o.a.h.c.protocol.RequestAddCookies - CookieSpec selected: ignoreCookies
22:09:37.994 [main] DEBUG o.a.h.c.protocol.RequestAuthCache - Auth cache not set in the context
22:09:37.994 [main] DEBUG o.a.h.c.p.RequestTargetAuthentication - Target auth state: UNCHALLENGED
22:09:37.994 [main] DEBUG o.a.h.c.p.RequestProxyAuthentication - Proxy auth state: UNCHALLENGED
22:09:37.995 [main] DEBUG o.a.h.impl.client.DefaultHttpClient - Attempt 1 to execute request
22:09:37.995 [main] DEBUG o.a.h.i.conn.DefaultClientConnection - Sending request: GET /1?a=10&b=6 HTTP/1.1
22:09:37.995 [main] DEBUG org.apache.http.wire -  >> "GET /1?a=10&b=6 HTTP/1.1[\r][\n]"
22:09:37.995 [main] DEBUG org.apache.http.wire -  >> "Accept: */*[\r][\n]"
22:09:37.995 [main] DEBUG org.apache.http.wire -  >> "Host: localhost:8080[\r][\n]"
22:09:37.995 [main] DEBUG org.apache.http.wire -  >> "Connection: Keep-Alive[\r][\n]"
22:09:37.995 [main] DEBUG org.apache.http.wire -  >> "User-Agent: Apache-HttpClient/4.5.3 (Java/13.0.5.1)[\r][\n]"
22:09:37.995 [main] DEBUG org.apache.http.wire -  >> "Accept-Encoding: gzip,deflate[\r][\n]"
22:09:37.995 [main] DEBUG org.apache.http.wire -  >> "[\r][\n]"
22:09:37.995 [main] DEBUG org.apache.http.headers - >> GET /1?a=10&b=6 HTTP/1.1
22:09:37.995 [main] DEBUG org.apache.http.headers - >> Accept: */*
22:09:37.995 [main] DEBUG org.apache.http.headers - >> Host: localhost:8080
22:09:37.995 [main] DEBUG org.apache.http.headers - >> Connection: Keep-Alive
22:09:37.995 [main] DEBUG org.apache.http.headers - >> User-Agent: Apache-HttpClient/4.5.3 (Java/13.0.5.1)
22:09:37.995 [main] DEBUG org.apache.http.headers - >> Accept-Encoding: gzip,deflate
22:09:38.020 [main] DEBUG org.apache.http.wire -  << "HTTP/1.1 200 OK[\r][\n]"
22:09:38.020 [main] DEBUG org.apache.http.wire -  << "Server: Apache-Coyote/1.1[\r][\n]"
22:09:38.021 [main] DEBUG org.apache.http.wire -  << "Content-Type: text/plain;charset=UTF-8[\r][\n]"
22:09:38.021 [main] DEBUG org.apache.http.wire -  << "Content-Length: 6[\r][\n]"
22:09:38.021 [main] DEBUG org.apache.http.wire -  << "Date: Sun, 07 Feb 2021 21:09:38 GMT[\r][\n]"
22:09:38.021 [main] DEBUG org.apache.http.wire -  << "[\r][\n]"
22:09:38.021 [main] DEBUG o.a.h.i.conn.DefaultClientConnection - Receiving response: HTTP/1.1 200 OK
22:09:38.021 [main] DEBUG org.apache.http.headers - << HTTP/1.1 200 OK
22:09:38.021 [main] DEBUG org.apache.http.headers - << Server: Apache-Coyote/1.1
22:09:38.021 [main] DEBUG org.apache.http.headers - << Content-Type: text/plain;charset=UTF-8
22:09:38.021 [main] DEBUG org.apache.http.headers - << Content-Length: 6
22:09:38.021 [main] DEBUG org.apache.http.headers - << Date: Sun, 07 Feb 2021 21:09:38 GMT
22:09:38.021 [main] DEBUG o.a.h.impl.client.DefaultHttpClient - Connection can be kept alive indefinitely
22:09:38.021 [main] DEBUG i.r.i.RequestSpecificationImpl$RestAssuredHttpBuilder - Parsing response as: text/plain;charset=UTF-8
22:09:38.021 [main] DEBUG i.r.i.RequestSpecificationImpl$RestAssuredHttpBuilder - Parsed data to instance of: class org.apache.http.conn.EofSensorInputStream
22:09:38.021 [main] DEBUG org.apache.http.wire -  << "a:1500"
22:09:38.021 [main] DEBUG o.a.h.i.c.BasicClientConnectionManager - Releasing connection org.apache.http.impl.conn.ManagedClientConnectionImpl@78bad03b
22:09:38.021 [main] DEBUG o.a.h.i.c.BasicClientConnectionManager - Connection can be kept alive indefinitely
22:09:38.025 [main] DEBUG o.a.h.i.c.BasicClientConnectionManager - Get connection for route {}->http://localhost:8080
22:09:38.025 [main] DEBUG o.a.h.i.c.DefaultClientConnectionOperator - Connecting to localhost:8080
22:09:38.026 [main] DEBUG o.a.h.c.protocol.RequestAddCookies - CookieSpec selected: ignoreCookies
22:09:38.026 [main] DEBUG o.a.h.c.protocol.RequestAuthCache - Auth cache not set in the context
22:09:38.026 [main] DEBUG o.a.h.c.p.RequestTargetAuthentication - Target auth state: UNCHALLENGED
22:09:38.026 [main] DEBUG o.a.h.c.p.RequestProxyAuthentication - Proxy auth state: UNCHALLENGED
22:09:38.026 [main] DEBUG o.a.h.impl.client.DefaultHttpClient - Attempt 1 to execute request
22:09:38.026 [main] DEBUG o.a.h.i.conn.DefaultClientConnection - Sending request: GET /1?a=10&b=6 HTTP/1.1
22:09:38.026 [main] DEBUG org.apache.http.wire -  >> "GET /1?a=10&b=6 HTTP/1.1[\r][\n]"
22:09:38.026 [main] DEBUG org.apache.http.wire -  >> "Accept: */*[\r][\n]"
22:09:38.026 [main] DEBUG org.apache.http.wire -  >> "Host: localhost:8080[\r][\n]"
22:09:38.026 [main] DEBUG org.apache.http.wire -  >> "Connection: Keep-Alive[\r][\n]"
22:09:38.026 [main] DEBUG org.apache.http.wire -  >> "User-Agent: Apache-HttpClient/4.5.3 (Java/13.0.5.1)[\r][\n]"
22:09:38.026 [main] DEBUG org.apache.http.wire -  >> "Accept-Encoding: gzip,deflate[\r][\n]"
22:09:38.026 [main] DEBUG org.apache.http.wire -  >> "[\r][\n]"
22:09:38.026 [main] DEBUG org.apache.http.headers - >> GET /1?a=10&b=6 HTTP/1.1
22:09:38.026 [main] DEBUG org.apache.http.headers - >> Accept: */*
22:09:38.026 [main] DEBUG org.apache.http.headers - >> Host: localhost:8080
22:09:38.026 [main] DEBUG org.apache.http.headers - >> Connection: Keep-Alive
22:09:38.026 [main] DEBUG org.apache.http.headers - >> User-Agent: Apache-HttpClient/4.5.3 (Java/13.0.5.1)
22:09:38.026 [main] DEBUG org.apache.http.headers - >> Accept-Encoding: gzip,deflate
22:09:38.060 [main] DEBUG org.apache.http.wire -  << "HTTP/1.1 200 OK[\r][\n]"
22:09:38.060 [main] DEBUG org.apache.http.wire -  << "Server: Apache-Coyote/1.1[\r][\n]"
22:09:38.060 [main] DEBUG org.apache.http.wire -  << "Content-Type: text/plain;charset=UTF-8[\r][\n]"
22:09:38.060 [main] DEBUG org.apache.http.wire -  << "Content-Length: 6[\r][\n]"
22:09:38.060 [main] DEBUG org.apache.http.wire -  << "Date: Sun, 07 Feb 2021 21:09:38 GMT[\r][\n]"
22:09:38.060 [main] DEBUG org.apache.http.wire -  << "[\r][\n]"
22:09:38.060 [main] DEBUG o.a.h.i.conn.DefaultClientConnection - Receiving response: HTTP/1.1 200 OK
22:09:38.060 [main] DEBUG org.apache.http.headers - << HTTP/1.1 200 OK
22:09:38.060 [main] DEBUG org.apache.http.headers - << Server: Apache-Coyote/1.1
22:09:38.060 [main] DEBUG org.apache.http.headers - << Content-Type: text/plain;charset=UTF-8
22:09:38.060 [main] DEBUG org.apache.http.headers - << Content-Length: 6
22:09:38.060 [main] DEBUG org.apache.http.headers - << Date: Sun, 07 Feb 2021 21:09:38 GMT
22:09:38.060 [main] DEBUG o.a.h.impl.client.DefaultHttpClient - Connection can be kept alive indefinitely
22:09:38.060 [main] DEBUG i.r.i.RequestSpecificationImpl$RestAssuredHttpBuilder - Parsing response as: text/plain;charset=UTF-8
22:09:38.060 [main] DEBUG i.r.i.RequestSpecificationImpl$RestAssuredHttpBuilder - Parsed data to instance of: class org.apache.http.conn.EofSensorInputStream
22:09:38.061 [main] DEBUG org.apache.http.wire -  << "a:1500"
22:09:38.061 [main] DEBUG o.a.h.i.c.BasicClientConnectionManager - Releasing connection org.apache.http.impl.conn.ManagedClientConnectionImpl@18dac12f
22:09:38.061 [main] DEBUG o.a.h.i.c.BasicClientConnectionManager - Connection can be kept alive indefinitely
22:09:38.069 [main] DEBUG o.a.h.i.c.BasicClientConnectionManager - Get connection for route {}->http://localhost:8080
22:09:38.069 [main] DEBUG o.a.h.i.c.DefaultClientConnectionOperator - Connecting to localhost:8080
22:09:38.070 [main] DEBUG o.a.h.c.protocol.RequestAddCookies - CookieSpec selected: ignoreCookies
22:09:38.070 [main] DEBUG o.a.h.c.protocol.RequestAuthCache - Auth cache not set in the context
22:09:38.070 [main] DEBUG o.a.h.c.p.RequestTargetAuthentication - Target auth state: UNCHALLENGED
22:09:38.070 [main] DEBUG o.a.h.c.p.RequestProxyAuthentication - Proxy auth state: UNCHALLENGED
22:09:38.070 [main] DEBUG o.a.h.impl.client.DefaultHttpClient - Attempt 1 to execute request
22:09:38.070 [main] DEBUG o.a.h.i.conn.DefaultClientConnection - Sending request: GET /1?a=10&b=6 HTTP/1.1
22:09:38.070 [main] DEBUG org.apache.http.wire -  >> "GET /1?a=10&b=6 HTTP/1.1[\r][\n]"
22:09:38.070 [main] DEBUG org.apache.http.wire -  >> "Accept: */*[\r][\n]"
22:09:38.070 [main] DEBUG org.apache.http.wire -  >> "Host: localhost:8080[\r][\n]"
22:09:38.070 [main] DEBUG org.apache.http.wire -  >> "Connection: Keep-Alive[\r][\n]"
22:09:38.070 [main] DEBUG org.apache.http.wire -  >> "User-Agent: Apache-HttpClient/4.5.3 (Java/13.0.5.1)[\r][\n]"
22:09:38.070 [main] DEBUG org.apache.http.wire -  >> "Accept-Encoding: gzip,deflate[\r][\n]"
22:09:38.070 [main] DEBUG org.apache.http.wire -  >> "[\r][\n]"
22:09:38.070 [main] DEBUG org.apache.http.headers - >> GET /1?a=10&b=6 HTTP/1.1
22:09:38.070 [main] DEBUG org.apache.http.headers - >> Accept: */*
22:09:38.070 [main] DEBUG org.apache.http.headers - >> Host: localhost:8080
22:09:38.070 [main] DEBUG org.apache.http.headers - >> Connection: Keep-Alive
22:09:38.070 [main] DEBUG org.apache.http.headers - >> User-Agent: Apache-HttpClient/4.5.3 (Java/13.0.5.1)
22:09:38.070 [main] DEBUG org.apache.http.headers - >> Accept-Encoding: gzip,deflate
22:09:38.098 [main] DEBUG org.apache.http.wire -  << "HTTP/1.1 200 OK[\r][\n]"
22:09:38.098 [main] DEBUG org.apache.http.wire -  << "Server: Apache-Coyote/1.1[\r][\n]"
22:09:38.098 [main] DEBUG org.apache.http.wire -  << "Content-Type: text/plain;charset=UTF-8[\r][\n]"
22:09:38.098 [main] DEBUG org.apache.http.wire -  << "Content-Length: 6[\r][\n]"
22:09:38.098 [main] DEBUG org.apache.http.wire -  << "Date: Sun, 07 Feb 2021 21:09:38 GMT[\r][\n]"
22:09:38.098 [main] DEBUG org.apache.http.wire -  << "[\r][\n]"
22:09:38.098 [main] DEBUG o.a.h.i.conn.DefaultClientConnection - Receiving response: HTTP/1.1 200 OK
22:09:38.098 [main] DEBUG org.apache.http.headers - << HTTP/1.1 200 OK
22:09:38.098 [main] DEBUG org.apache.http.headers - << Server: Apache-Coyote/1.1
22:09:38.098 [main] DEBUG org.apache.http.headers - << Content-Type: text/plain;charset=UTF-8
22:09:38.098 [main] DEBUG org.apache.http.headers - << Content-Length: 6
22:09:38.098 [main] DEBUG org.apache.http.headers - << Date: Sun, 07 Feb 2021 21:09:38 GMT
22:09:38.098 [main] DEBUG o.a.h.impl.client.DefaultHttpClient - Connection can be kept alive indefinitely
22:09:38.098 [main] DEBUG i.r.i.RequestSpecificationImpl$RestAssuredHttpBuilder - Parsing response as: text/plain;charset=UTF-8
22:09:38.098 [main] DEBUG i.r.i.RequestSpecificationImpl$RestAssuredHttpBuilder - Parsed data to instance of: class org.apache.http.conn.EofSensorInputStream
22:09:38.098 [main] DEBUG org.apache.http.wire -  << "a:1500"
22:09:38.098 [main] DEBUG o.a.h.i.c.BasicClientConnectionManager - Releasing connection org.apache.http.impl.conn.ManagedClientConnectionImpl@56266bda
22:09:38.098 [main] DEBUG o.a.h.i.c.BasicClientConnectionManager - Connection can be kept alive indefinitely
22:09:38.101 [main] DEBUG o.a.h.i.c.BasicClientConnectionManager - Get connection for route {}->http://localhost:8080
22:09:38.101 [main] DEBUG o.a.h.i.c.DefaultClientConnectionOperator - Connecting to localhost:8080
22:09:38.102 [main] DEBUG o.a.h.c.protocol.RequestAddCookies - CookieSpec selected: ignoreCookies
22:09:38.102 [main] DEBUG o.a.h.c.protocol.RequestAuthCache - Auth cache not set in the context
22:09:38.102 [main] DEBUG o.a.h.c.p.RequestTargetAuthentication - Target auth state: UNCHALLENGED
22:09:38.102 [main] DEBUG o.a.h.c.p.RequestProxyAuthentication - Proxy auth state: UNCHALLENGED
22:09:38.102 [main] DEBUG o.a.h.impl.client.DefaultHttpClient - Attempt 1 to execute request
22:09:38.102 [main] DEBUG o.a.h.i.conn.DefaultClientConnection - Sending request: GET /1?a=10&b=6 HTTP/1.1
22:09:38.102 [main] DEBUG org.apache.http.wire -  >> "GET /1?a=10&b=6 HTTP/1.1[\r][\n]"
22:09:38.102 [main] DEBUG org.apache.http.wire -  >> "Accept: */*[\r][\n]"
22:09:38.102 [main] DEBUG org.apache.http.wire -  >> "Host: localhost:8080[\r][\n]"
22:09:38.102 [main] DEBUG org.apache.http.wire -  >> "Connection: Keep-Alive[\r][\n]"
22:09:38.102 [main] DEBUG org.apache.http.wire -  >> "User-Agent: Apache-HttpClient/4.5.3 (Java/13.0.5.1)[\r][\n]"
22:09:38.102 [main] DEBUG org.apache.http.wire -  >> "Accept-Encoding: gzip,deflate[\r][\n]"
22:09:38.102 [main] DEBUG org.apache.http.wire -  >> "[\r][\n]"
22:09:38.102 [main] DEBUG org.apache.http.headers - >> GET /1?a=10&b=6 HTTP/1.1
22:09:38.102 [main] DEBUG org.apache.http.headers - >> Accept: */*
22:09:38.102 [main] DEBUG org.apache.http.headers - >> Host: localhost:8080
22:09:38.102 [main] DEBUG org.apache.http.headers - >> Connection: Keep-Alive
22:09:38.102 [main] DEBUG org.apache.http.headers - >> User-Agent: Apache-HttpClient/4.5.3 (Java/13.0.5.1)
22:09:38.102 [main] DEBUG org.apache.http.headers - >> Accept-Encoding: gzip,deflate
22:09:38.121 [main] DEBUG org.apache.http.wire -  << "HTTP/1.1 200 OK[\r][\n]"
22:09:38.121 [main] DEBUG org.apache.http.wire -  << "Server: Apache-Coyote/1.1[\r][\n]"
22:09:38.121 [main] DEBUG org.apache.http.wire -  << "Content-Type: text/plain;charset=UTF-8[\r][\n]"
22:09:38.121 [main] DEBUG org.apache.http.wire -  << "Content-Length: 6[\r][\n]"
22:09:38.121 [main] DEBUG org.apache.http.wire -  << "Date: Sun, 07 Feb 2021 21:09:38 GMT[\r][\n]"
22:09:38.121 [main] DEBUG org.apache.http.wire -  << "[\r][\n]"
22:09:38.121 [main] DEBUG o.a.h.i.conn.DefaultClientConnection - Receiving response: HTTP/1.1 200 OK
22:09:38.121 [main] DEBUG org.apache.http.headers - << HTTP/1.1 200 OK
22:09:38.121 [main] DEBUG org.apache.http.headers - << Server: Apache-Coyote/1.1
22:09:38.121 [main] DEBUG org.apache.http.headers - << Content-Type: text/plain;charset=UTF-8
22:09:38.121 [main] DEBUG org.apache.http.headers - << Content-Length: 6
22:09:38.121 [main] DEBUG org.apache.http.headers - << Date: Sun, 07 Feb 2021 21:09:38 GMT
22:09:38.121 [main] DEBUG o.a.h.impl.client.DefaultHttpClient - Connection can be kept alive indefinitely
22:09:38.121 [main] DEBUG i.r.i.RequestSpecificationImpl$RestAssuredHttpBuilder - Parsing response as: text/plain;charset=UTF-8
22:09:38.121 [main] DEBUG i.r.i.RequestSpecificationImpl$RestAssuredHttpBuilder - Parsed data to instance of: class org.apache.http.conn.EofSensorInputStream
22:09:38.122 [main] DEBUG org.apache.http.wire -  << "a:1500"
22:09:38.122 [main] DEBUG o.a.h.i.c.BasicClientConnectionManager - Releasing connection org.apache.http.impl.conn.ManagedClientConnectionImpl@362a6aa5
22:09:38.122 [main] DEBUG o.a.h.i.c.BasicClientConnectionManager - Connection can be kept alive indefinitely
22:09:38.125 [main] DEBUG o.a.h.i.c.BasicClientConnectionManager - Get connection for route {}->http://localhost:8080
22:09:38.125 [main] DEBUG o.a.h.i.c.DefaultClientConnectionOperator - Connecting to localhost:8080
22:09:38.126 [main] DEBUG o.a.h.c.protocol.RequestAddCookies - CookieSpec selected: ignoreCookies
22:09:38.126 [main] DEBUG o.a.h.c.protocol.RequestAuthCache - Auth cache not set in the context
22:09:38.126 [main] DEBUG o.a.h.c.p.RequestTargetAuthentication - Target auth state: UNCHALLENGED
22:09:38.126 [main] DEBUG o.a.h.c.p.RequestProxyAuthentication - Proxy auth state: UNCHALLENGED
22:09:38.126 [main] DEBUG o.a.h.impl.client.DefaultHttpClient - Attempt 1 to execute request
22:09:38.126 [main] DEBUG o.a.h.i.conn.DefaultClientConnection - Sending request: GET /1?a=10&b=6 HTTP/1.1
22:09:38.126 [main] DEBUG org.apache.http.wire -  >> "GET /1?a=10&b=6 HTTP/1.1[\r][\n]"
22:09:38.126 [main] DEBUG org.apache.http.wire -  >> "Accept: */*[\r][\n]"
22:09:38.126 [main] DEBUG org.apache.http.wire -  >> "Host: localhost:8080[\r][\n]"
22:09:38.126 [main] DEBUG org.apache.http.wire -  >> "Connection: Keep-Alive[\r][\n]"
22:09:38.126 [main] DEBUG org.apache.http.wire -  >> "User-Agent: Apache-HttpClient/4.5.3 (Java/13.0.5.1)[\r][\n]"
22:09:38.126 [main] DEBUG org.apache.http.wire -  >> "Accept-Encoding: gzip,deflate[\r][\n]"
22:09:38.126 [main] DEBUG org.apache.http.wire -  >> "[\r][\n]"
22:09:38.126 [main] DEBUG org.apache.http.headers - >> GET /1?a=10&b=6 HTTP/1.1
22:09:38.126 [main] DEBUG org.apache.http.headers - >> Accept: */*
22:09:38.126 [main] DEBUG org.apache.http.headers - >> Host: localhost:8080
22:09:38.126 [main] DEBUG org.apache.http.headers - >> Connection: Keep-Alive
22:09:38.126 [main] DEBUG org.apache.http.headers - >> User-Agent: Apache-HttpClient/4.5.3 (Java/13.0.5.1)
22:09:38.126 [main] DEBUG org.apache.http.headers - >> Accept-Encoding: gzip,deflate
22:09:38.149 [main] DEBUG org.apache.http.wire -  << "HTTP/1.1 200 OK[\r][\n]"
22:09:38.149 [main] DEBUG org.apache.http.wire -  << "Server: Apache-Coyote/1.1[\r][\n]"
22:09:38.149 [main] DEBUG org.apache.http.wire -  << "Content-Type: text/plain;charset=UTF-8[\r][\n]"
22:09:38.149 [main] DEBUG org.apache.http.wire -  << "Content-Length: 6[\r][\n]"
22:09:38.149 [main] DEBUG org.apache.http.wire -  << "Date: Sun, 07 Feb 2021 21:09:38 GMT[\r][\n]"
22:09:38.149 [main] DEBUG org.apache.http.wire -  << "[\r][\n]"
22:09:38.149 [main] DEBUG o.a.h.i.conn.DefaultClientConnection - Receiving response: HTTP/1.1 200 OK
22:09:38.149 [main] DEBUG org.apache.http.headers - << HTTP/1.1 200 OK
22:09:38.149 [main] DEBUG org.apache.http.headers - << Server: Apache-Coyote/1.1
22:09:38.149 [main] DEBUG org.apache.http.headers - << Content-Type: text/plain;charset=UTF-8
22:09:38.149 [main] DEBUG org.apache.http.headers - << Content-Length: 6
22:09:38.149 [main] DEBUG org.apache.http.headers - << Date: Sun, 07 Feb 2021 21:09:38 GMT
22:09:38.150 [main] DEBUG o.a.h.impl.client.DefaultHttpClient - Connection can be kept alive indefinitely
22:09:38.150 [main] DEBUG i.r.i.RequestSpecificationImpl$RestAssuredHttpBuilder - Parsing response as: text/plain;charset=UTF-8
22:09:38.150 [main] DEBUG i.r.i.RequestSpecificationImpl$RestAssuredHttpBuilder - Parsed data to instance of: class org.apache.http.conn.EofSensorInputStream
22:09:38.150 [main] DEBUG org.apache.http.wire -  << "a:1500"
22:09:38.150 [main] DEBUG o.a.h.i.c.BasicClientConnectionManager - Releasing connection org.apache.http.impl.conn.ManagedClientConnectionImpl@6a6e9289
22:09:38.150 [main] DEBUG o.a.h.i.c.BasicClientConnectionManager - Connection can be kept alive indefinitely
22:09:38.156 [main] DEBUG o.a.h.i.c.BasicClientConnectionManager - Get connection for route {}->http://localhost:8080
22:09:38.156 [main] DEBUG o.a.h.i.c.DefaultClientConnectionOperator - Connecting to localhost:8080
22:09:38.157 [main] DEBUG o.a.h.c.protocol.RequestAddCookies - CookieSpec selected: ignoreCookies
22:09:38.157 [main] DEBUG o.a.h.c.protocol.RequestAuthCache - Auth cache not set in the context
22:09:38.157 [main] DEBUG o.a.h.c.p.RequestTargetAuthentication - Target auth state: UNCHALLENGED
22:09:38.157 [main] DEBUG o.a.h.c.p.RequestProxyAuthentication - Proxy auth state: UNCHALLENGED
22:09:38.157 [main] DEBUG o.a.h.impl.client.DefaultHttpClient - Attempt 1 to execute request
22:09:38.157 [main] DEBUG o.a.h.i.conn.DefaultClientConnection - Sending request: GET /1?a=10&b=6 HTTP/1.1
22:09:38.157 [main] DEBUG org.apache.http.wire -  >> "GET /1?a=10&b=6 HTTP/1.1[\r][\n]"
22:09:38.157 [main] DEBUG org.apache.http.wire -  >> "Accept: */*[\r][\n]"
22:09:38.157 [main] DEBUG org.apache.http.wire -  >> "Host: localhost:8080[\r][\n]"
22:09:38.157 [main] DEBUG org.apache.http.wire -  >> "Connection: Keep-Alive[\r][\n]"
22:09:38.157 [main] DEBUG org.apache.http.wire -  >> "User-Agent: Apache-HttpClient/4.5.3 (Java/13.0.5.1)[\r][\n]"
22:09:38.157 [main] DEBUG org.apache.http.wire -  >> "Accept-Encoding: gzip,deflate[\r][\n]"
22:09:38.157 [main] DEBUG org.apache.http.wire -  >> "[\r][\n]"
22:09:38.157 [main] DEBUG org.apache.http.headers - >> GET /1?a=10&b=6 HTTP/1.1
22:09:38.157 [main] DEBUG org.apache.http.headers - >> Accept: */*
22:09:38.157 [main] DEBUG org.apache.http.headers - >> Host: localhost:8080
22:09:38.157 [main] DEBUG org.apache.http.headers - >> Connection: Keep-Alive
22:09:38.157 [main] DEBUG org.apache.http.headers - >> User-Agent: Apache-HttpClient/4.5.3 (Java/13.0.5.1)
22:09:38.157 [main] DEBUG org.apache.http.headers - >> Accept-Encoding: gzip,deflate
22:09:38.181 [main] DEBUG org.apache.http.wire -  << "HTTP/1.1 200 OK[\r][\n]"
22:09:38.181 [main] DEBUG org.apache.http.wire -  << "Server: Apache-Coyote/1.1[\r][\n]"
22:09:38.181 [main] DEBUG org.apache.http.wire -  << "Content-Type: text/plain;charset=UTF-8[\r][\n]"
22:09:38.181 [main] DEBUG org.apache.http.wire -  << "Content-Length: 6[\r][\n]"
22:09:38.181 [main] DEBUG org.apache.http.wire -  << "Date: Sun, 07 Feb 2021 21:09:38 GMT[\r][\n]"
22:09:38.181 [main] DEBUG org.apache.http.wire -  << "[\r][\n]"
22:09:38.181 [main] DEBUG o.a.h.i.conn.DefaultClientConnection - Receiving response: HTTP/1.1 200 OK
22:09:38.181 [main] DEBUG org.apache.http.headers - << HTTP/1.1 200 OK
22:09:38.181 [main] DEBUG org.apache.http.headers - << Server: Apache-Coyote/1.1
22:09:38.181 [main] DEBUG org.apache.http.headers - << Content-Type: text/plain;charset=UTF-8
22:09:38.181 [main] DEBUG org.apache.http.headers - << Content-Length: 6
22:09:38.181 [main] DEBUG org.apache.http.headers - << Date: Sun, 07 Feb 2021 21:09:38 GMT
22:09:38.181 [main] DEBUG o.a.h.impl.client.DefaultHttpClient - Connection can be kept alive indefinitely
22:09:38.181 [main] DEBUG i.r.i.RequestSpecificationImpl$RestAssuredHttpBuilder - Parsing response as: text/plain;charset=UTF-8
22:09:38.181 [main] DEBUG i.r.i.RequestSpecificationImpl$RestAssuredHttpBuilder - Parsed data to instance of: class org.apache.http.conn.EofSensorInputStream
22:09:38.181 [main] DEBUG org.apache.http.wire -  << "a:1500"
22:09:38.182 [main] DEBUG o.a.h.i.c.BasicClientConnectionManager - Releasing connection org.apache.http.impl.conn.ManagedClientConnectionImpl@761f234c
22:09:38.182 [main] DEBUG o.a.h.i.c.BasicClientConnectionManager - Connection can be kept alive indefinitely
22:09:38.184 [main] DEBUG o.a.h.i.c.BasicClientConnectionManager - Get connection for route {}->http://localhost:8080
22:09:38.184 [main] DEBUG o.a.h.i.c.DefaultClientConnectionOperator - Connecting to localhost:8080
22:09:38.185 [main] DEBUG o.a.h.c.protocol.RequestAddCookies - CookieSpec selected: ignoreCookies
22:09:38.185 [main] DEBUG o.a.h.c.protocol.RequestAuthCache - Auth cache not set in the context
22:09:38.185 [main] DEBUG o.a.h.c.p.RequestTargetAuthentication - Target auth state: UNCHALLENGED
22:09:38.185 [main] DEBUG o.a.h.c.p.RequestProxyAuthentication - Proxy auth state: UNCHALLENGED
22:09:38.185 [main] DEBUG o.a.h.impl.client.DefaultHttpClient - Attempt 1 to execute request
22:09:38.185 [main] DEBUG o.a.h.i.conn.DefaultClientConnection - Sending request: GET /1?a=10&b=6 HTTP/1.1
22:09:38.185 [main] DEBUG org.apache.http.wire -  >> "GET /1?a=10&b=6 HTTP/1.1[\r][\n]"
22:09:38.185 [main] DEBUG org.apache.http.wire -  >> "Accept: */*[\r][\n]"
22:09:38.185 [main] DEBUG org.apache.http.wire -  >> "Host: localhost:8080[\r][\n]"
22:09:38.185 [main] DEBUG org.apache.http.wire -  >> "Connection: Keep-Alive[\r][\n]"
22:09:38.185 [main] DEBUG org.apache.http.wire -  >> "User-Agent: Apache-HttpClient/4.5.3 (Java/13.0.5.1)[\r][\n]"
22:09:38.185 [main] DEBUG org.apache.http.wire -  >> "Accept-Encoding: gzip,deflate[\r][\n]"
22:09:38.185 [main] DEBUG org.apache.http.wire -  >> "[\r][\n]"
22:09:38.185 [main] DEBUG org.apache.http.headers - >> GET /1?a=10&b=6 HTTP/1.1
22:09:38.185 [main] DEBUG org.apache.http.headers - >> Accept: */*
22:09:38.185 [main] DEBUG org.apache.http.headers - >> Host: localhost:8080
22:09:38.185 [main] DEBUG org.apache.http.headers - >> Connection: Keep-Alive
22:09:38.185 [main] DEBUG org.apache.http.headers - >> User-Agent: Apache-HttpClient/4.5.3 (Java/13.0.5.1)
22:09:38.185 [main] DEBUG org.apache.http.headers - >> Accept-Encoding: gzip,deflate
22:09:38.203 [main] DEBUG org.apache.http.wire -  << "HTTP/1.1 200 OK[\r][\n]"
22:09:38.203 [main] DEBUG org.apache.http.wire -  << "Server: Apache-Coyote/1.1[\r][\n]"
22:09:38.203 [main] DEBUG org.apache.http.wire -  << "Content-Type: text/plain;charset=UTF-8[\r][\n]"
22:09:38.203 [main] DEBUG org.apache.http.wire -  << "Content-Length: 6[\r][\n]"
22:09:38.203 [main] DEBUG org.apache.http.wire -  << "Date: Sun, 07 Feb 2021 21:09:38 GMT[\r][\n]"
22:09:38.203 [main] DEBUG org.apache.http.wire -  << "[\r][\n]"
22:09:38.203 [main] DEBUG o.a.h.i.conn.DefaultClientConnection - Receiving response: HTTP/1.1 200 OK
22:09:38.203 [main] DEBUG org.apache.http.headers - << HTTP/1.1 200 OK
22:09:38.203 [main] DEBUG org.apache.http.headers - << Server: Apache-Coyote/1.1
22:09:38.203 [main] DEBUG org.apache.http.headers - << Content-Type: text/plain;charset=UTF-8
22:09:38.203 [main] DEBUG org.apache.http.headers - << Content-Length: 6
22:09:38.203 [main] DEBUG org.apache.http.headers - << Date: Sun, 07 Feb 2021 21:09:38 GMT
22:09:38.204 [main] DEBUG o.a.h.impl.client.DefaultHttpClient - Connection can be kept alive indefinitely
22:09:38.204 [main] DEBUG i.r.i.RequestSpecificationImpl$RestAssuredHttpBuilder - Parsing response as: text/plain;charset=UTF-8
22:09:38.204 [main] DEBUG i.r.i.RequestSpecificationImpl$RestAssuredHttpBuilder - Parsed data to instance of: class org.apache.http.conn.EofSensorInputStream
22:09:38.204 [main] DEBUG org.apache.http.wire -  << "a:1500"
22:09:38.204 [main] DEBUG o.a.h.i.c.BasicClientConnectionManager - Releasing connection org.apache.http.impl.conn.ManagedClientConnectionImpl@9f1ca74
22:09:38.204 [main] DEBUG o.a.h.i.c.BasicClientConnectionManager - Connection can be kept alive indefinitely
22:09:38.208 [main] DEBUG o.a.h.i.c.BasicClientConnectionManager - Get connection for route {}->http://localhost:8080
22:09:38.208 [main] DEBUG o.a.h.i.c.DefaultClientConnectionOperator - Connecting to localhost:8080
22:09:38.209 [main] DEBUG o.a.h.c.protocol.RequestAddCookies - CookieSpec selected: ignoreCookies
22:09:38.209 [main] DEBUG o.a.h.c.protocol.RequestAuthCache - Auth cache not set in the context
22:09:38.209 [main] DEBUG o.a.h.c.p.RequestTargetAuthentication - Target auth state: UNCHALLENGED
22:09:38.209 [main] DEBUG o.a.h.c.p.RequestProxyAuthentication - Proxy auth state: UNCHALLENGED
22:09:38.209 [main] DEBUG o.a.h.impl.client.DefaultHttpClient - Attempt 1 to execute request
22:09:38.209 [main] DEBUG o.a.h.i.conn.DefaultClientConnection - Sending request: GET /1?a=10&b=6 HTTP/1.1
22:09:38.209 [main] DEBUG org.apache.http.wire -  >> "GET /1?a=10&b=6 HTTP/1.1[\r][\n]"
22:09:38.209 [main] DEBUG org.apache.http.wire -  >> "Accept: */*[\r][\n]"
22:09:38.209 [main] DEBUG org.apache.http.wire -  >> "Host: localhost:8080[\r][\n]"
22:09:38.209 [main] DEBUG org.apache.http.wire -  >> "Connection: Keep-Alive[\r][\n]"
22:09:38.209 [main] DEBUG org.apache.http.wire -  >> "User-Agent: Apache-HttpClient/4.5.3 (Java/13.0.5.1)[\r][\n]"
22:09:38.209 [main] DEBUG org.apache.http.wire -  >> "Accept-Encoding: gzip,deflate[\r][\n]"
22:09:38.209 [main] DEBUG org.apache.http.wire -  >> "[\r][\n]"
22:09:38.209 [main] DEBUG org.apache.http.headers - >> GET /1?a=10&b=6 HTTP/1.1
22:09:38.209 [main] DEBUG org.apache.http.headers - >> Accept: */*
22:09:38.209 [main] DEBUG org.apache.http.headers - >> Host: localhost:8080
22:09:38.209 [main] DEBUG org.apache.http.headers - >> Connection: Keep-Alive
22:09:38.209 [main] DEBUG org.apache.http.headers - >> User-Agent: Apache-HttpClient/4.5.3 (Java/13.0.5.1)
22:09:38.209 [main] DEBUG org.apache.http.headers - >> Accept-Encoding: gzip,deflate
22:09:38.226 [main] DEBUG org.apache.http.wire -  << "HTTP/1.1 200 OK[\r][\n]"
22:09:38.226 [main] DEBUG org.apache.http.wire -  << "Server: Apache-Coyote/1.1[\r][\n]"
22:09:38.226 [main] DEBUG org.apache.http.wire -  << "Content-Type: text/plain;charset=UTF-8[\r][\n]"
22:09:38.226 [main] DEBUG org.apache.http.wire -  << "Content-Length: 6[\r][\n]"
22:09:38.226 [main] DEBUG org.apache.http.wire -  << "Date: Sun, 07 Feb 2021 21:09:38 GMT[\r][\n]"
22:09:38.226 [main] DEBUG org.apache.http.wire -  << "[\r][\n]"
22:09:38.226 [main] DEBUG o.a.h.i.conn.DefaultClientConnection - Receiving response: HTTP/1.1 200 OK
22:09:38.226 [main] DEBUG org.apache.http.headers - << HTTP/1.1 200 OK
22:09:38.226 [main] DEBUG org.apache.http.headers - << Server: Apache-Coyote/1.1
22:09:38.226 [main] DEBUG org.apache.http.headers - << Content-Type: text/plain;charset=UTF-8
22:09:38.226 [main] DEBUG org.apache.http.headers - << Content-Length: 6
22:09:38.226 [main] DEBUG org.apache.http.headers - << Date: Sun, 07 Feb 2021 21:09:38 GMT
22:09:38.227 [main] DEBUG o.a.h.impl.client.DefaultHttpClient - Connection can be kept alive indefinitely
22:09:38.227 [main] DEBUG i.r.i.RequestSpecificationImpl$RestAssuredHttpBuilder - Parsing response as: text/plain;charset=UTF-8
22:09:38.227 [main] DEBUG i.r.i.RequestSpecificationImpl$RestAssuredHttpBuilder - Parsed data to instance of: class org.apache.http.conn.EofSensorInputStream
22:09:38.227 [main] DEBUG org.apache.http.wire -  << "a:1500"
22:09:38.227 [main] DEBUG o.a.h.i.c.BasicClientConnectionManager - Releasing connection org.apache.http.impl.conn.ManagedClientConnectionImpl@52f43225
22:09:38.227 [main] DEBUG o.a.h.i.c.BasicClientConnectionManager - Connection can be kept alive indefinitely
22:09:38.230 [main] DEBUG o.a.h.i.c.BasicClientConnectionManager - Get connection for route {}->http://localhost:8080
22:09:38.230 [main] DEBUG o.a.h.i.c.DefaultClientConnectionOperator - Connecting to localhost:8080
22:09:38.230 [main] DEBUG o.a.h.c.protocol.RequestAddCookies - CookieSpec selected: ignoreCookies
22:09:38.230 [main] DEBUG o.a.h.c.protocol.RequestAuthCache - Auth cache not set in the context
22:09:38.230 [main] DEBUG o.a.h.c.p.RequestTargetAuthentication - Target auth state: UNCHALLENGED
22:09:38.230 [main] DEBUG o.a.h.c.p.RequestProxyAuthentication - Proxy auth state: UNCHALLENGED
22:09:38.230 [main] DEBUG o.a.h.impl.client.DefaultHttpClient - Attempt 1 to execute request
22:09:38.230 [main] DEBUG o.a.h.i.conn.DefaultClientConnection - Sending request: GET /1?a=10&b=6 HTTP/1.1
22:09:38.230 [main] DEBUG org.apache.http.wire -  >> "GET /1?a=10&b=6 HTTP/1.1[\r][\n]"
22:09:38.230 [main] DEBUG org.apache.http.wire -  >> "Accept: */*[\r][\n]"
22:09:38.230 [main] DEBUG org.apache.http.wire -  >> "Host: localhost:8080[\r][\n]"
22:09:38.230 [main] DEBUG org.apache.http.wire -  >> "Connection: Keep-Alive[\r][\n]"
22:09:38.230 [main] DEBUG org.apache.http.wire -  >> "User-Agent: Apache-HttpClient/4.5.3 (Java/13.0.5.1)[\r][\n]"
22:09:38.230 [main] DEBUG org.apache.http.wire -  >> "Accept-Encoding: gzip,deflate[\r][\n]"
22:09:38.230 [main] DEBUG org.apache.http.wire -  >> "[\r][\n]"
22:09:38.230 [main] DEBUG org.apache.http.headers - >> GET /1?a=10&b=6 HTTP/1.1
22:09:38.230 [main] DEBUG org.apache.http.headers - >> Accept: */*
22:09:38.230 [main] DEBUG org.apache.http.headers - >> Host: localhost:8080
22:09:38.230 [main] DEBUG org.apache.http.headers - >> Connection: Keep-Alive
22:09:38.230 [main] DEBUG org.apache.http.headers - >> User-Agent: Apache-HttpClient/4.5.3 (Java/13.0.5.1)
22:09:38.230 [main] DEBUG org.apache.http.headers - >> Accept-Encoding: gzip,deflate
22:09:38.246 [main] DEBUG org.apache.http.wire -  << "HTTP/1.1 200 OK[\r][\n]"
22:09:38.246 [main] DEBUG org.apache.http.wire -  << "Server: Apache-Coyote/1.1[\r][\n]"
22:09:38.246 [main] DEBUG org.apache.http.wire -  << "Content-Type: text/plain;charset=UTF-8[\r][\n]"
22:09:38.246 [main] DEBUG org.apache.http.wire -  << "Content-Length: 6[\r][\n]"
22:09:38.246 [main] DEBUG org.apache.http.wire -  << "Date: Sun, 07 Feb 2021 21:09:38 GMT[\r][\n]"
22:09:38.246 [main] DEBUG org.apache.http.wire -  << "[\r][\n]"
22:09:38.246 [main] DEBUG o.a.h.i.conn.DefaultClientConnection - Receiving response: HTTP/1.1 200 OK
22:09:38.246 [main] DEBUG org.apache.http.headers - << HTTP/1.1 200 OK
22:09:38.246 [main] DEBUG org.apache.http.headers - << Server: Apache-Coyote/1.1
22:09:38.246 [main] DEBUG org.apache.http.headers - << Content-Type: text/plain;charset=UTF-8
22:09:38.246 [main] DEBUG org.apache.http.headers - << Content-Length: 6
22:09:38.246 [main] DEBUG org.apache.http.headers - << Date: Sun, 07 Feb 2021 21:09:38 GMT
22:09:38.247 [main] DEBUG o.a.h.impl.client.DefaultHttpClient - Connection can be kept alive indefinitely
22:09:38.247 [main] DEBUG i.r.i.RequestSpecificationImpl$RestAssuredHttpBuilder - Parsing response as: text/plain;charset=UTF-8
22:09:38.247 [main] DEBUG i.r.i.RequestSpecificationImpl$RestAssuredHttpBuilder - Parsed data to instance of: class org.apache.http.conn.EofSensorInputStream
22:09:38.247 [main] DEBUG org.apache.http.wire -  << "a:1500"
22:09:38.247 [main] DEBUG o.a.h.i.c.BasicClientConnectionManager - Releasing connection org.apache.http.impl.conn.ManagedClientConnectionImpl@4aac81ca
22:09:38.247 [main] DEBUG o.a.h.i.c.BasicClientConnectionManager - Connection can be kept alive indefinitely
22:09:38.252 [main] DEBUG o.a.h.i.c.BasicClientConnectionManager - Get connection for route {}->http://localhost:8080
22:09:38.252 [main] DEBUG o.a.h.i.c.DefaultClientConnectionOperator - Connecting to localhost:8080
22:09:38.253 [main] DEBUG o.a.h.c.protocol.RequestAddCookies - CookieSpec selected: ignoreCookies
22:09:38.253 [main] DEBUG o.a.h.c.protocol.RequestAuthCache - Auth cache not set in the context
22:09:38.253 [main] DEBUG o.a.h.c.p.RequestTargetAuthentication - Target auth state: UNCHALLENGED
22:09:38.253 [main] DEBUG o.a.h.c.p.RequestProxyAuthentication - Proxy auth state: UNCHALLENGED
22:09:38.253 [main] DEBUG o.a.h.impl.client.DefaultHttpClient - Attempt 1 to execute request
22:09:38.253 [main] DEBUG o.a.h.i.conn.DefaultClientConnection - Sending request: GET /1?a=10&b=6 HTTP/1.1
22:09:38.253 [main] DEBUG org.apache.http.wire -  >> "GET /1?a=10&b=6 HTTP/1.1[\r][\n]"
22:09:38.253 [main] DEBUG org.apache.http.wire -  >> "Accept: */*[\r][\n]"
22:09:38.253 [main] DEBUG org.apache.http.wire -  >> "Host: localhost:8080[\r][\n]"
22:09:38.253 [main] DEBUG org.apache.http.wire -  >> "Connection: Keep-Alive[\r][\n]"
22:09:38.253 [main] DEBUG org.apache.http.wire -  >> "User-Agent: Apache-HttpClient/4.5.3 (Java/13.0.5.1)[\r][\n]"
22:09:38.253 [main] DEBUG org.apache.http.wire -  >> "Accept-Encoding: gzip,deflate[\r][\n]"
22:09:38.253 [main] DEBUG org.apache.http.wire -  >> "[\r][\n]"
22:09:38.253 [main] DEBUG org.apache.http.headers - >> GET /1?a=10&b=6 HTTP/1.1
22:09:38.253 [main] DEBUG org.apache.http.headers - >> Accept: */*
22:09:38.253 [main] DEBUG org.apache.http.headers - >> Host: localhost:8080
22:09:38.253 [main] DEBUG org.apache.http.headers - >> Connection: Keep-Alive
22:09:38.253 [main] DEBUG org.apache.http.headers - >> User-Agent: Apache-HttpClient/4.5.3 (Java/13.0.5.1)
22:09:38.253 [main] DEBUG org.apache.http.headers - >> Accept-Encoding: gzip,deflate
22:09:38.271 [main] DEBUG org.apache.http.wire -  << "HTTP/1.1 200 OK[\r][\n]"
22:09:38.271 [main] DEBUG org.apache.http.wire -  << "Server: Apache-Coyote/1.1[\r][\n]"
22:09:38.271 [main] DEBUG org.apache.http.wire -  << "Content-Type: text/plain;charset=UTF-8[\r][\n]"
22:09:38.271 [main] DEBUG org.apache.http.wire -  << "Content-Length: 6[\r][\n]"
22:09:38.271 [main] DEBUG org.apache.http.wire -  << "Date: Sun, 07 Feb 2021 21:09:38 GMT[\r][\n]"
22:09:38.271 [main] DEBUG org.apache.http.wire -  << "[\r][\n]"
22:09:38.271 [main] DEBUG o.a.h.i.conn.DefaultClientConnection - Receiving response: HTTP/1.1 200 OK
22:09:38.271 [main] DEBUG org.apache.http.headers - << HTTP/1.1 200 OK
22:09:38.271 [main] DEBUG org.apache.http.headers - << Server: Apache-Coyote/1.1
22:09:38.271 [main] DEBUG org.apache.http.headers - << Content-Type: text/plain;charset=UTF-8
22:09:38.271 [main] DEBUG org.apache.http.headers - << Content-Length: 6
22:09:38.271 [main] DEBUG org.apache.http.headers - << Date: Sun, 07 Feb 2021 21:09:38 GMT
22:09:38.271 [main] DEBUG o.a.h.impl.client.DefaultHttpClient - Connection can be kept alive indefinitely
22:09:38.271 [main] DEBUG i.r.i.RequestSpecificationImpl$RestAssuredHttpBuilder - Parsing response as: text/plain;charset=UTF-8
22:09:38.271 [main] DEBUG i.r.i.RequestSpecificationImpl$RestAssuredHttpBuilder - Parsed data to instance of: class org.apache.http.conn.EofSensorInputStream
22:09:38.272 [main] DEBUG org.apache.http.wire -  << "a:1500"
22:09:38.272 [main] DEBUG o.a.h.i.c.BasicClientConnectionManager - Releasing connection org.apache.http.impl.conn.ManagedClientConnectionImpl@3e04abc5
22:09:38.272 [main] DEBUG o.a.h.i.c.BasicClientConnectionManager - Connection can be kept alive indefinitely
22:09:38.275 [main] DEBUG o.a.h.i.c.BasicClientConnectionManager - Get connection for route {}->http://localhost:8080
22:09:38.275 [main] DEBUG o.a.h.i.c.DefaultClientConnectionOperator - Connecting to localhost:8080
22:09:38.275 [main] DEBUG o.a.h.c.protocol.RequestAddCookies - CookieSpec selected: ignoreCookies
22:09:38.275 [main] DEBUG o.a.h.c.protocol.RequestAuthCache - Auth cache not set in the context
22:09:38.275 [main] DEBUG o.a.h.c.p.RequestTargetAuthentication - Target auth state: UNCHALLENGED
22:09:38.275 [main] DEBUG o.a.h.c.p.RequestProxyAuthentication - Proxy auth state: UNCHALLENGED
22:09:38.275 [main] DEBUG o.a.h.impl.client.DefaultHttpClient - Attempt 1 to execute request
22:09:38.275 [main] DEBUG o.a.h.i.conn.DefaultClientConnection - Sending request: GET /1?a=10&b=6 HTTP/1.1
22:09:38.275 [main] DEBUG org.apache.http.wire -  >> "GET /1?a=10&b=6 HTTP/1.1[\r][\n]"
22:09:38.275 [main] DEBUG org.apache.http.wire -  >> "Accept: */*[\r][\n]"
22:09:38.275 [main] DEBUG org.apache.http.wire -  >> "Host: localhost:8080[\r][\n]"
22:09:38.275 [main] DEBUG org.apache.http.wire -  >> "Connection: Keep-Alive[\r][\n]"
22:09:38.275 [main] DEBUG org.apache.http.wire -  >> "User-Agent: Apache-HttpClient/4.5.3 (Java/13.0.5.1)[\r][\n]"
22:09:38.275 [main] DEBUG org.apache.http.wire -  >> "Accept-Encoding: gzip,deflate[\r][\n]"
22:09:38.275 [main] DEBUG org.apache.http.wire -  >> "[\r][\n]"
22:09:38.276 [main] DEBUG org.apache.http.headers - >> GET /1?a=10&b=6 HTTP/1.1
22:09:38.276 [main] DEBUG org.apache.http.headers - >> Accept: */*
22:09:38.276 [main] DEBUG org.apache.http.headers - >> Host: localhost:8080
22:09:38.276 [main] DEBUG org.apache.http.headers - >> Connection: Keep-Alive
22:09:38.276 [main] DEBUG org.apache.http.headers - >> User-Agent: Apache-HttpClient/4.5.3 (Java/13.0.5.1)
22:09:38.276 [main] DEBUG org.apache.http.headers - >> Accept-Encoding: gzip,deflate
22:09:38.297 [main] DEBUG org.apache.http.wire -  << "HTTP/1.1 200 OK[\r][\n]"
22:09:38.297 [main] DEBUG org.apache.http.wire -  << "Server: Apache-Coyote/1.1[\r][\n]"
22:09:38.297 [main] DEBUG org.apache.http.wire -  << "Content-Type: text/plain;charset=UTF-8[\r][\n]"
22:09:38.297 [main] DEBUG org.apache.http.wire -  << "Content-Length: 6[\r][\n]"
22:09:38.297 [main] DEBUG org.apache.http.wire -  << "Date: Sun, 07 Feb 2021 21:09:38 GMT[\r][\n]"
22:09:38.297 [main] DEBUG org.apache.http.wire -  << "[\r][\n]"
22:09:38.298 [main] DEBUG o.a.h.i.conn.DefaultClientConnection - Receiving response: HTTP/1.1 200 OK
22:09:38.298 [main] DEBUG org.apache.http.headers - << HTTP/1.1 200 OK
22:09:38.298 [main] DEBUG org.apache.http.headers - << Server: Apache-Coyote/1.1
22:09:38.298 [main] DEBUG org.apache.http.headers - << Content-Type: text/plain;charset=UTF-8
22:09:38.298 [main] DEBUG org.apache.http.headers - << Content-Length: 6
22:09:38.298 [main] DEBUG org.apache.http.headers - << Date: Sun, 07 Feb 2021 21:09:38 GMT
22:09:38.298 [main] DEBUG o.a.h.impl.client.DefaultHttpClient - Connection can be kept alive indefinitely
22:09:38.299 [main] DEBUG i.r.i.RequestSpecificationImpl$RestAssuredHttpBuilder - Parsing response as: text/plain;charset=UTF-8
22:09:38.299 [main] DEBUG i.r.i.RequestSpecificationImpl$RestAssuredHttpBuilder - Parsed data to instance of: class org.apache.http.conn.EofSensorInputStream
22:09:38.300 [main] DEBUG org.apache.http.wire -  << "a:1500"
22:09:38.300 [main] DEBUG o.a.h.i.c.BasicClientConnectionManager - Releasing connection org.apache.http.impl.conn.ManagedClientConnectionImpl@e72fb04
22:09:38.300 [main] DEBUG o.a.h.i.c.BasicClientConnectionManager - Connection can be kept alive indefinitely
22:09:38.305 [main] DEBUG o.a.h.i.c.BasicClientConnectionManager - Get connection for route {}->http://localhost:8080
22:09:38.305 [main] DEBUG o.a.h.i.c.DefaultClientConnectionOperator - Connecting to localhost:8080
22:09:38.306 [main] DEBUG o.a.h.c.protocol.RequestAddCookies - CookieSpec selected: ignoreCookies
22:09:38.306 [main] DEBUG o.a.h.c.protocol.RequestAuthCache - Auth cache not set in the context
22:09:38.306 [main] DEBUG o.a.h.c.p.RequestTargetAuthentication - Target auth state: UNCHALLENGED
22:09:38.306 [main] DEBUG o.a.h.c.p.RequestProxyAuthentication - Proxy auth state: UNCHALLENGED
22:09:38.306 [main] DEBUG o.a.h.impl.client.DefaultHttpClient - Attempt 1 to execute request
22:09:38.306 [main] DEBUG o.a.h.i.conn.DefaultClientConnection - Sending request: GET /1?a=10&b=6 HTTP/1.1
22:09:38.306 [main] DEBUG org.apache.http.wire -  >> "GET /1?a=10&b=6 HTTP/1.1[\r][\n]"
22:09:38.306 [main] DEBUG org.apache.http.wire -  >> "Accept: */*[\r][\n]"
22:09:38.306 [main] DEBUG org.apache.http.wire -  >> "Host: localhost:8080[\r][\n]"
22:09:38.306 [main] DEBUG org.apache.http.wire -  >> "Connection: Keep-Alive[\r][\n]"
22:09:38.306 [main] DEBUG org.apache.http.wire -  >> "User-Agent: Apache-HttpClient/4.5.3 (Java/13.0.5.1)[\r][\n]"
22:09:38.306 [main] DEBUG org.apache.http.wire -  >> "Accept-Encoding: gzip,deflate[\r][\n]"
22:09:38.306 [main] DEBUG org.apache.http.wire -  >> "[\r][\n]"
22:09:38.306 [main] DEBUG org.apache.http.headers - >> GET /1?a=10&b=6 HTTP/1.1
22:09:38.306 [main] DEBUG org.apache.http.headers - >> Accept: */*
22:09:38.306 [main] DEBUG org.apache.http.headers - >> Host: localhost:8080
22:09:38.306 [main] DEBUG org.apache.http.headers - >> Connection: Keep-Alive
22:09:38.306 [main] DEBUG org.apache.http.headers - >> User-Agent: Apache-HttpClient/4.5.3 (Java/13.0.5.1)
22:09:38.306 [main] DEBUG org.apache.http.headers - >> Accept-Encoding: gzip,deflate
22:09:38.324 [main] DEBUG org.apache.http.wire -  << "HTTP/1.1 200 OK[\r][\n]"
22:09:38.324 [main] DEBUG org.apache.http.wire -  << "Server: Apache-Coyote/1.1[\r][\n]"
22:09:38.324 [main] DEBUG org.apache.http.wire -  << "Content-Type: text/plain;charset=UTF-8[\r][\n]"
22:09:38.324 [main] DEBUG org.apache.http.wire -  << "Content-Length: 6[\r][\n]"
22:09:38.324 [main] DEBUG org.apache.http.wire -  << "Date: Sun, 07 Feb 2021 21:09:38 GMT[\r][\n]"
22:09:38.324 [main] DEBUG org.apache.http.wire -  << "[\r][\n]"
22:09:38.324 [main] DEBUG o.a.h.i.conn.DefaultClientConnection - Receiving response: HTTP/1.1 200 OK
22:09:38.324 [main] DEBUG org.apache.http.headers - << HTTP/1.1 200 OK
22:09:38.324 [main] DEBUG org.apache.http.headers - << Server: Apache-Coyote/1.1
22:09:38.324 [main] DEBUG org.apache.http.headers - << Content-Type: text/plain;charset=UTF-8
22:09:38.324 [main] DEBUG org.apache.http.headers - << Content-Length: 6
22:09:38.324 [main] DEBUG org.apache.http.headers - << Date: Sun, 07 Feb 2021 21:09:38 GMT
22:09:38.324 [main] DEBUG o.a.h.impl.client.DefaultHttpClient - Connection can be kept alive indefinitely
22:09:38.325 [main] DEBUG i.r.i.RequestSpecificationImpl$RestAssuredHttpBuilder - Parsing response as: text/plain;charset=UTF-8
22:09:38.325 [main] DEBUG i.r.i.RequestSpecificationImpl$RestAssuredHttpBuilder - Parsed data to instance of: class org.apache.http.conn.EofSensorInputStream
22:09:38.325 [main] DEBUG org.apache.http.wire -  << "a:1500"
22:09:38.325 [main] DEBUG o.a.h.i.c.BasicClientConnectionManager - Releasing connection org.apache.http.impl.conn.ManagedClientConnectionImpl@34e990cc
22:09:38.325 [main] DEBUG o.a.h.i.c.BasicClientConnectionManager - Connection can be kept alive indefinitely
22:09:38.329 [main] DEBUG o.a.h.i.c.BasicClientConnectionManager - Get connection for route {}->http://localhost:8080
22:09:38.329 [main] DEBUG o.a.h.i.c.DefaultClientConnectionOperator - Connecting to localhost:8080
22:09:38.329 [main] DEBUG o.a.h.c.protocol.RequestAddCookies - CookieSpec selected: ignoreCookies
22:09:38.329 [main] DEBUG o.a.h.c.protocol.RequestAuthCache - Auth cache not set in the context
22:09:38.329 [main] DEBUG o.a.h.c.p.RequestTargetAuthentication - Target auth state: UNCHALLENGED
22:09:38.329 [main] DEBUG o.a.h.c.p.RequestProxyAuthentication - Proxy auth state: UNCHALLENGED
22:09:38.329 [main] DEBUG o.a.h.impl.client.DefaultHttpClient - Attempt 1 to execute request
22:09:38.330 [main] DEBUG o.a.h.i.conn.DefaultClientConnection - Sending request: GET /1?a=10&b=6 HTTP/1.1
22:09:38.330 [main] DEBUG org.apache.http.wire -  >> "GET /1?a=10&b=6 HTTP/1.1[\r][\n]"
22:09:38.330 [main] DEBUG org.apache.http.wire -  >> "Accept: */*[\r][\n]"
22:09:38.330 [main] DEBUG org.apache.http.wire -  >> "Host: localhost:8080[\r][\n]"
22:09:38.330 [main] DEBUG org.apache.http.wire -  >> "Connection: Keep-Alive[\r][\n]"
22:09:38.330 [main] DEBUG org.apache.http.wire -  >> "User-Agent: Apache-HttpClient/4.5.3 (Java/13.0.5.1)[\r][\n]"
22:09:38.330 [main] DEBUG org.apache.http.wire -  >> "Accept-Encoding: gzip,deflate[\r][\n]"
22:09:38.330 [main] DEBUG org.apache.http.wire -  >> "[\r][\n]"
22:09:38.330 [main] DEBUG org.apache.http.headers - >> GET /1?a=10&b=6 HTTP/1.1
22:09:38.330 [main] DEBUG org.apache.http.headers - >> Accept: */*
22:09:38.330 [main] DEBUG org.apache.http.headers - >> Host: localhost:8080
22:09:38.330 [main] DEBUG org.apache.http.headers - >> Connection: Keep-Alive
22:09:38.330 [main] DEBUG org.apache.http.headers - >> User-Agent: Apache-HttpClient/4.5.3 (Java/13.0.5.1)
22:09:38.330 [main] DEBUG org.apache.http.headers - >> Accept-Encoding: gzip,deflate
22:09:38.347 [main] DEBUG org.apache.http.wire -  << "HTTP/1.1 200 OK[\r][\n]"
22:09:38.347 [main] DEBUG org.apache.http.wire -  << "Server: Apache-Coyote/1.1[\r][\n]"
22:09:38.347 [main] DEBUG org.apache.http.wire -  << "Content-Type: text/plain;charset=UTF-8[\r][\n]"
22:09:38.347 [main] DEBUG org.apache.http.wire -  << "Content-Length: 6[\r][\n]"
22:09:38.347 [main] DEBUG org.apache.http.wire -  << "Date: Sun, 07 Feb 2021 21:09:38 GMT[\r][\n]"
22:09:38.347 [main] DEBUG org.apache.http.wire -  << "[\r][\n]"
22:09:38.347 [main] DEBUG o.a.h.i.conn.DefaultClientConnection - Receiving response: HTTP/1.1 200 OK
22:09:38.347 [main] DEBUG org.apache.http.headers - << HTTP/1.1 200 OK
22:09:38.347 [main] DEBUG org.apache.http.headers - << Server: Apache-Coyote/1.1
22:09:38.357 [main] DEBUG org.apache.http.headers - << Content-Type: text/plain;charset=UTF-8
22:09:38.358 [main] DEBUG org.apache.http.headers - << Content-Length: 6
22:09:38.358 [main] DEBUG org.apache.http.headers - << Date: Sun, 07 Feb 2021 21:09:38 GMT
22:09:38.358 [main] DEBUG o.a.h.impl.client.DefaultHttpClient - Connection can be kept alive indefinitely
22:09:38.358 [Finalizer] DEBUG o.a.h.i.conn.DefaultClientConnection - Connection 0.0.0.0:65111<->127.0.0.1:8083 closed
22:09:38.358 [main] DEBUG i.r.i.RequestSpecificationImpl$RestAssuredHttpBuilder - Parsing response as: text/plain;charset=UTF-8
22:09:38.358 [main] DEBUG i.r.i.RequestSpecificationImpl$RestAssuredHttpBuilder - Parsed data to instance of: class org.apache.http.conn.EofSensorInputStream
22:09:38.359 [Finalizer] DEBUG o.a.h.i.conn.DefaultClientConnection - Connection 0.0.0.0:65110<->127.0.0.1:8083 closed
22:09:38.359 [main] DEBUG org.apache.http.wire -  << "a:1500"
22:09:38.359 [Finalizer] DEBUG o.a.h.i.conn.DefaultClientConnection - Connection 0.0.0.0:65109<->127.0.0.1:8083 closed
22:09:38.359 [main] DEBUG o.a.h.i.c.BasicClientConnectionManager - Releasing connection org.apache.http.impl.conn.ManagedClientConnectionImpl@4df0d9f8
22:09:38.359 [main] DEBUG o.a.h.i.c.BasicClientConnectionManager - Connection can be kept alive indefinitely
22:09:38.359 [Finalizer] DEBUG o.a.h.i.conn.DefaultClientConnection - Connection 0.0.0.0:65108<->127.0.0.1:8083 closed
22:09:38.359 [Finalizer] DEBUG o.a.h.i.conn.DefaultClientConnection - Connection 0.0.0.0:65107<->127.0.0.1:8083 closed
22:09:38.359 [Finalizer] DEBUG o.a.h.i.conn.DefaultClientConnection - Connection 0.0.0.0:65106<->127.0.0.1:8083 closed
22:09:38.360 [Finalizer] DEBUG o.a.h.i.conn.DefaultClientConnection - Connection 0.0.0.0:65105<->127.0.0.1:8083 closed
22:09:38.360 [Finalizer] DEBUG o.a.h.i.conn.DefaultClientConnection - Connection 0.0.0.0:65104<->127.0.0.1:8083 closed
22:09:38.360 [Finalizer] DEBUG o.a.h.i.conn.DefaultClientConnection - Connection 0.0.0.0:65103<->127.0.0.1:8082 closed
22:09:38.360 [Finalizer] DEBUG o.a.h.i.conn.DefaultClientConnection - Connection 0.0.0.0:65102<->127.0.0.1:8082 closed
22:09:38.360 [Finalizer] DEBUG o.a.h.i.conn.DefaultClientConnection - Connection 0.0.0.0:65124<->127.0.0.1:8080 closed
22:09:38.360 [Finalizer] DEBUG o.a.h.i.conn.DefaultClientConnection - Connection 0.0.0.0:65123<->127.0.0.1:8080 closed
22:09:38.360 [Finalizer] DEBUG o.a.h.i.conn.DefaultClientConnection - Connection 0.0.0.0:65122<->127.0.0.1:8080 closed
22:09:38.360 [Finalizer] DEBUG o.a.h.i.conn.DefaultClientConnection - Connection 0.0.0.0:65121<->127.0.0.1:8080 closed
22:09:38.360 [Finalizer] DEBUG o.a.h.i.conn.DefaultClientConnection - Connection 0.0.0.0:65120<->127.0.0.1:8080 closed
22:09:38.360 [Finalizer] DEBUG o.a.h.i.conn.DefaultClientConnection - Connection 0.0.0.0:65119<->127.0.0.1:8080 closed
22:09:38.360 [Finalizer] DEBUG o.a.h.i.conn.DefaultClientConnection - Connection 0.0.0.0:65118<->127.0.0.1:8080 closed
22:09:38.360 [Finalizer] DEBUG o.a.h.i.conn.DefaultClientConnection - Connection 0.0.0.0:65117<->127.0.0.1:8080 closed
22:09:38.360 [Finalizer] DEBUG o.a.h.i.conn.DefaultClientConnection - Connection 0.0.0.0:65116<->127.0.0.1:8080 closed
22:09:38.360 [Finalizer] DEBUG o.a.h.i.conn.DefaultClientConnection - Connection 0.0.0.0:65115<->127.0.0.1:8080 closed
22:09:38.360 [Finalizer] DEBUG o.a.h.i.conn.DefaultClientConnection - Connection 0.0.0.0:65114<->127.0.0.1:8080 closed
22:09:38.364 [main] DEBUG o.a.h.i.c.BasicClientConnectionManager - Get connection for route {}->http://localhost:8080
22:09:38.364 [main] DEBUG o.a.h.i.c.DefaultClientConnectionOperator - Connecting to localhost:8080
22:09:38.365 [main] DEBUG o.a.h.c.protocol.RequestAddCookies - CookieSpec selected: ignoreCookies
22:09:38.365 [main] DEBUG o.a.h.c.protocol.RequestAuthCache - Auth cache not set in the context
22:09:38.365 [main] DEBUG o.a.h.c.p.RequestTargetAuthentication - Target auth state: UNCHALLENGED
22:09:38.365 [main] DEBUG o.a.h.c.p.RequestProxyAuthentication - Proxy auth state: UNCHALLENGED
22:09:38.365 [main] DEBUG o.a.h.impl.client.DefaultHttpClient - Attempt 1 to execute request
22:09:38.365 [main] DEBUG o.a.h.i.conn.DefaultClientConnection - Sending request: GET /1?a=10&b=6 HTTP/1.1
22:09:38.365 [main] DEBUG org.apache.http.wire -  >> "GET /1?a=10&b=6 HTTP/1.1[\r][\n]"
22:09:38.365 [main] DEBUG org.apache.http.wire -  >> "Accept: */*[\r][\n]"
22:09:38.365 [main] DEBUG org.apache.http.wire -  >> "Host: localhost:8080[\r][\n]"
22:09:38.365 [main] DEBUG org.apache.http.wire -  >> "Connection: Keep-Alive[\r][\n]"
22:09:38.365 [main] DEBUG org.apache.http.wire -  >> "User-Agent: Apache-HttpClient/4.5.3 (Java/13.0.5.1)[\r][\n]"
22:09:38.365 [main] DEBUG org.apache.http.wire -  >> "Accept-Encoding: gzip,deflate[\r][\n]"
22:09:38.365 [main] DEBUG org.apache.http.wire -  >> "[\r][\n]"
22:09:38.365 [main] DEBUG org.apache.http.headers - >> GET /1?a=10&b=6 HTTP/1.1
22:09:38.365 [main] DEBUG org.apache.http.headers - >> Accept: */*
22:09:38.365 [main] DEBUG org.apache.http.headers - >> Host: localhost:8080
22:09:38.365 [main] DEBUG org.apache.http.headers - >> Connection: Keep-Alive
22:09:38.365 [main] DEBUG org.apache.http.headers - >> User-Agent: Apache-HttpClient/4.5.3 (Java/13.0.5.1)
22:09:38.365 [main] DEBUG org.apache.http.headers - >> Accept-Encoding: gzip,deflate
22:09:38.386 [main] DEBUG org.apache.http.wire -  << "HTTP/1.1 200 OK[\r][\n]"
22:09:38.386 [main] DEBUG org.apache.http.wire -  << "Server: Apache-Coyote/1.1[\r][\n]"
22:09:38.386 [main] DEBUG org.apache.http.wire -  << "Content-Type: text/plain;charset=UTF-8[\r][\n]"
22:09:38.386 [main] DEBUG org.apache.http.wire -  << "Content-Length: 6[\r][\n]"
22:09:38.386 [main] DEBUG org.apache.http.wire -  << "Date: Sun, 07 Feb 2021 21:09:38 GMT[\r][\n]"
22:09:38.386 [main] DEBUG org.apache.http.wire -  << "[\r][\n]"
22:09:38.386 [main] DEBUG o.a.h.i.conn.DefaultClientConnection - Receiving response: HTTP/1.1 200 OK
22:09:38.386 [main] DEBUG org.apache.http.headers - << HTTP/1.1 200 OK
22:09:38.386 [main] DEBUG org.apache.http.headers - << Server: Apache-Coyote/1.1
22:09:38.386 [main] DEBUG org.apache.http.headers - << Content-Type: text/plain;charset=UTF-8
22:09:38.386 [main] DEBUG org.apache.http.headers - << Content-Length: 6
22:09:38.386 [main] DEBUG org.apache.http.headers - << Date: Sun, 07 Feb 2021 21:09:38 GMT
22:09:38.386 [main] DEBUG o.a.h.impl.client.DefaultHttpClient - Connection can be kept alive indefinitely
22:09:38.386 [main] DEBUG i.r.i.RequestSpecificationImpl$RestAssuredHttpBuilder - Parsing response as: text/plain;charset=UTF-8
22:09:38.386 [main] DEBUG i.r.i.RequestSpecificationImpl$RestAssuredHttpBuilder - Parsed data to instance of: class org.apache.http.conn.EofSensorInputStream
22:09:38.386 [main] DEBUG org.apache.http.wire -  << "a:1500"
22:09:38.387 [main] DEBUG o.a.h.i.c.BasicClientConnectionManager - Releasing connection org.apache.http.impl.conn.ManagedClientConnectionImpl@269c7104
22:09:38.387 [main] DEBUG o.a.h.i.c.BasicClientConnectionManager - Connection can be kept alive indefinitely
22:09:38.389 [main] DEBUG o.a.h.i.c.BasicClientConnectionManager - Get connection for route {}->http://localhost:8080
22:09:38.389 [main] DEBUG o.a.h.i.c.DefaultClientConnectionOperator - Connecting to localhost:8080
22:09:38.390 [main] DEBUG o.a.h.c.protocol.RequestAddCookies - CookieSpec selected: ignoreCookies
22:09:38.390 [main] DEBUG o.a.h.c.protocol.RequestAuthCache - Auth cache not set in the context
22:09:38.390 [main] DEBUG o.a.h.c.p.RequestTargetAuthentication - Target auth state: UNCHALLENGED
22:09:38.390 [main] DEBUG o.a.h.c.p.RequestProxyAuthentication - Proxy auth state: UNCHALLENGED
22:09:38.390 [main] DEBUG o.a.h.impl.client.DefaultHttpClient - Attempt 1 to execute request
22:09:38.390 [main] DEBUG o.a.h.i.conn.DefaultClientConnection - Sending request: GET /1?a=10&b=6 HTTP/1.1
22:09:38.390 [main] DEBUG org.apache.http.wire -  >> "GET /1?a=10&b=6 HTTP/1.1[\r][\n]"
22:09:38.390 [main] DEBUG org.apache.http.wire -  >> "Accept: */*[\r][\n]"
22:09:38.390 [main] DEBUG org.apache.http.wire -  >> "Host: localhost:8080[\r][\n]"
22:09:38.390 [main] DEBUG org.apache.http.wire -  >> "Connection: Keep-Alive[\r][\n]"
22:09:38.390 [main] DEBUG org.apache.http.wire -  >> "User-Agent: Apache-HttpClient/4.5.3 (Java/13.0.5.1)[\r][\n]"
22:09:38.390 [main] DEBUG org.apache.http.wire -  >> "Accept-Encoding: gzip,deflate[\r][\n]"
22:09:38.390 [main] DEBUG org.apache.http.wire -  >> "[\r][\n]"
22:09:38.390 [main] DEBUG org.apache.http.headers - >> GET /1?a=10&b=6 HTTP/1.1
22:09:38.390 [main] DEBUG org.apache.http.headers - >> Accept: */*
22:09:38.390 [main] DEBUG org.apache.http.headers - >> Host: localhost:8080
22:09:38.390 [main] DEBUG org.apache.http.headers - >> Connection: Keep-Alive
22:09:38.390 [main] DEBUG org.apache.http.headers - >> User-Agent: Apache-HttpClient/4.5.3 (Java/13.0.5.1)
22:09:38.390 [main] DEBUG org.apache.http.headers - >> Accept-Encoding: gzip,deflate
22:09:38.411 [main] DEBUG org.apache.http.wire -  << "HTTP/1.1 200 OK[\r][\n]"
22:09:38.411 [main] DEBUG org.apache.http.wire -  << "Server: Apache-Coyote/1.1[\r][\n]"
22:09:38.411 [main] DEBUG org.apache.http.wire -  << "Content-Type: text/plain;charset=UTF-8[\r][\n]"
22:09:38.411 [main] DEBUG org.apache.http.wire -  << "Content-Length: 6[\r][\n]"
22:09:38.411 [main] DEBUG org.apache.http.wire -  << "Date: Sun, 07 Feb 2021 21:09:38 GMT[\r][\n]"
22:09:38.411 [main] DEBUG org.apache.http.wire -  << "[\r][\n]"
22:09:38.411 [main] DEBUG o.a.h.i.conn.DefaultClientConnection - Receiving response: HTTP/1.1 200 OK
22:09:38.411 [main] DEBUG org.apache.http.headers - << HTTP/1.1 200 OK
22:09:38.411 [main] DEBUG org.apache.http.headers - << Server: Apache-Coyote/1.1
22:09:38.411 [main] DEBUG org.apache.http.headers - << Content-Type: text/plain;charset=UTF-8
22:09:38.411 [main] DEBUG org.apache.http.headers - << Content-Length: 6
22:09:38.411 [main] DEBUG org.apache.http.headers - << Date: Sun, 07 Feb 2021 21:09:38 GMT
22:09:38.411 [main] DEBUG o.a.h.impl.client.DefaultHttpClient - Connection can be kept alive indefinitely
22:09:38.411 [main] DEBUG i.r.i.RequestSpecificationImpl$RestAssuredHttpBuilder - Parsing response as: text/plain;charset=UTF-8
22:09:38.411 [main] DEBUG i.r.i.RequestSpecificationImpl$RestAssuredHttpBuilder - Parsed data to instance of: class org.apache.http.conn.EofSensorInputStream
22:09:38.412 [main] DEBUG org.apache.http.wire -  << "a:1500"
22:09:38.412 [main] DEBUG o.a.h.i.c.BasicClientConnectionManager - Releasing connection org.apache.http.impl.conn.ManagedClientConnectionImpl@70543cae
22:09:38.412 [main] DEBUG o.a.h.i.c.BasicClientConnectionManager - Connection can be kept alive indefinitely
22:09:38.414 [main] DEBUG o.a.h.i.c.BasicClientConnectionManager - Get connection for route {}->http://localhost:8080
22:09:38.415 [main] DEBUG o.a.h.i.c.DefaultClientConnectionOperator - Connecting to localhost:8080
22:09:38.415 [main] DEBUG o.a.h.c.protocol.RequestAddCookies - CookieSpec selected: ignoreCookies
22:09:38.415 [main] DEBUG o.a.h.c.protocol.RequestAuthCache - Auth cache not set in the context
22:09:38.415 [main] DEBUG o.a.h.c.p.RequestTargetAuthentication - Target auth state: UNCHALLENGED
22:09:38.415 [main] DEBUG o.a.h.c.p.RequestProxyAuthentication - Proxy auth state: UNCHALLENGED
22:09:38.415 [main] DEBUG o.a.h.impl.client.DefaultHttpClient - Attempt 1 to execute request
22:09:38.415 [main] DEBUG o.a.h.i.conn.DefaultClientConnection - Sending request: GET /1?a=10&b=6 HTTP/1.1
22:09:38.415 [main] DEBUG org.apache.http.wire -  >> "GET /1?a=10&b=6 HTTP/1.1[\r][\n]"
22:09:38.415 [main] DEBUG org.apache.http.wire -  >> "Accept: */*[\r][\n]"
22:09:38.415 [main] DEBUG org.apache.http.wire -  >> "Host: localhost:8080[\r][\n]"
22:09:38.415 [main] DEBUG org.apache.http.wire -  >> "Connection: Keep-Alive[\r][\n]"
22:09:38.415 [main] DEBUG org.apache.http.wire -  >> "User-Agent: Apache-HttpClient/4.5.3 (Java/13.0.5.1)[\r][\n]"
22:09:38.415 [main] DEBUG org.apache.http.wire -  >> "Accept-Encoding: gzip,deflate[\r][\n]"
22:09:38.415 [main] DEBUG org.apache.http.wire -  >> "[\r][\n]"
22:09:38.415 [main] DEBUG org.apache.http.headers - >> GET /1?a=10&b=6 HTTP/1.1
22:09:38.415 [main] DEBUG org.apache.http.headers - >> Accept: */*
22:09:38.415 [main] DEBUG org.apache.http.headers - >> Host: localhost:8080
22:09:38.415 [main] DEBUG org.apache.http.headers - >> Connection: Keep-Alive
22:09:38.415 [main] DEBUG org.apache.http.headers - >> User-Agent: Apache-HttpClient/4.5.3 (Java/13.0.5.1)
22:09:38.415 [main] DEBUG org.apache.http.headers - >> Accept-Encoding: gzip,deflate
22:09:38.434 [main] DEBUG org.apache.http.wire -  << "HTTP/1.1 200 OK[\r][\n]"
22:09:38.434 [main] DEBUG org.apache.http.wire -  << "Server: Apache-Coyote/1.1[\r][\n]"
22:09:38.434 [main] DEBUG org.apache.http.wire -  << "Content-Type: text/plain;charset=UTF-8[\r][\n]"
22:09:38.434 [main] DEBUG org.apache.http.wire -  << "Content-Length: 6[\r][\n]"
22:09:38.434 [main] DEBUG org.apache.http.wire -  << "Date: Sun, 07 Feb 2021 21:09:38 GMT[\r][\n]"
22:09:38.434 [main] DEBUG org.apache.http.wire -  << "[\r][\n]"
22:09:38.434 [main] DEBUG o.a.h.i.conn.DefaultClientConnection - Receiving response: HTTP/1.1 200 OK
22:09:38.434 [main] DEBUG org.apache.http.headers - << HTTP/1.1 200 OK
22:09:38.434 [main] DEBUG org.apache.http.headers - << Server: Apache-Coyote/1.1
22:09:38.434 [main] DEBUG org.apache.http.headers - << Content-Type: text/plain;charset=UTF-8
22:09:38.434 [main] DEBUG org.apache.http.headers - << Content-Length: 6
22:09:38.434 [main] DEBUG org.apache.http.headers - << Date: Sun, 07 Feb 2021 21:09:38 GMT
22:09:38.434 [main] DEBUG o.a.h.impl.client.DefaultHttpClient - Connection can be kept alive indefinitely
22:09:38.435 [main] DEBUG i.r.i.RequestSpecificationImpl$RestAssuredHttpBuilder - Parsing response as: text/plain;charset=UTF-8
22:09:38.435 [main] DEBUG i.r.i.RequestSpecificationImpl$RestAssuredHttpBuilder - Parsed data to instance of: class org.apache.http.conn.EofSensorInputStream
22:09:38.435 [main] DEBUG org.apache.http.wire -  << "a:1500"
22:09:38.435 [main] DEBUG o.a.h.i.c.BasicClientConnectionManager - Releasing connection org.apache.http.impl.conn.ManagedClientConnectionImpl@26f75d9c
22:09:38.435 [main] DEBUG o.a.h.i.c.BasicClientConnectionManager - Connection can be kept alive indefinitely
22:09:38.438 [main] DEBUG o.a.h.i.c.BasicClientConnectionManager - Get connection for route {}->http://localhost:8080
22:09:38.438 [main] DEBUG o.a.h.i.c.DefaultClientConnectionOperator - Connecting to localhost:8080
22:09:38.439 [main] DEBUG o.a.h.c.protocol.RequestAddCookies - CookieSpec selected: ignoreCookies
22:09:38.439 [main] DEBUG o.a.h.c.protocol.RequestAuthCache - Auth cache not set in the context
22:09:38.439 [main] DEBUG o.a.h.c.p.RequestTargetAuthentication - Target auth state: UNCHALLENGED
22:09:38.439 [main] DEBUG o.a.h.c.p.RequestProxyAuthentication - Proxy auth state: UNCHALLENGED
22:09:38.439 [main] DEBUG o.a.h.impl.client.DefaultHttpClient - Attempt 1 to execute request
22:09:38.439 [main] DEBUG o.a.h.i.conn.DefaultClientConnection - Sending request: GET /1?a=10&b=6 HTTP/1.1
22:09:38.439 [main] DEBUG org.apache.http.wire -  >> "GET /1?a=10&b=6 HTTP/1.1[\r][\n]"
22:09:38.439 [main] DEBUG org.apache.http.wire -  >> "Accept: */*[\r][\n]"
22:09:38.439 [main] DEBUG org.apache.http.wire -  >> "Host: localhost:8080[\r][\n]"
22:09:38.439 [main] DEBUG org.apache.http.wire -  >> "Connection: Keep-Alive[\r][\n]"
22:09:38.439 [main] DEBUG org.apache.http.wire -  >> "User-Agent: Apache-HttpClient/4.5.3 (Java/13.0.5.1)[\r][\n]"
22:09:38.439 [main] DEBUG org.apache.http.wire -  >> "Accept-Encoding: gzip,deflate[\r][\n]"
22:09:38.439 [main] DEBUG org.apache.http.wire -  >> "[\r][\n]"
22:09:38.439 [main] DEBUG org.apache.http.headers - >> GET /1?a=10&b=6 HTTP/1.1
22:09:38.439 [main] DEBUG org.apache.http.headers - >> Accept: */*
22:09:38.439 [main] DEBUG org.apache.http.headers - >> Host: localhost:8080
22:09:38.439 [main] DEBUG org.apache.http.headers - >> Connection: Keep-Alive
22:09:38.439 [main] DEBUG org.apache.http.headers - >> User-Agent: Apache-HttpClient/4.5.3 (Java/13.0.5.1)
22:09:38.439 [main] DEBUG org.apache.http.headers - >> Accept-Encoding: gzip,deflate
22:09:38.464 [main] DEBUG org.apache.http.wire -  << "HTTP/1.1 200 OK[\r][\n]"
22:09:38.464 [main] DEBUG org.apache.http.wire -  << "Server: Apache-Coyote/1.1[\r][\n]"
22:09:38.464 [main] DEBUG org.apache.http.wire -  << "Content-Type: text/plain;charset=UTF-8[\r][\n]"
22:09:38.464 [main] DEBUG org.apache.http.wire -  << "Content-Length: 6[\r][\n]"
22:09:38.464 [main] DEBUG org.apache.http.wire -  << "Date: Sun, 07 Feb 2021 21:09:38 GMT[\r][\n]"
22:09:38.464 [main] DEBUG org.apache.http.wire -  << "[\r][\n]"
22:09:38.464 [main] DEBUG o.a.h.i.conn.DefaultClientConnection - Receiving response: HTTP/1.1 200 OK
22:09:38.464 [main] DEBUG org.apache.http.headers - << HTTP/1.1 200 OK
22:09:38.464 [main] DEBUG org.apache.http.headers - << Server: Apache-Coyote/1.1
22:09:38.464 [main] DEBUG org.apache.http.headers - << Content-Type: text/plain;charset=UTF-8
22:09:38.464 [main] DEBUG org.apache.http.headers - << Content-Length: 6
22:09:38.464 [main] DEBUG org.apache.http.headers - << Date: Sun, 07 Feb 2021 21:09:38 GMT
22:09:38.464 [main] DEBUG o.a.h.impl.client.DefaultHttpClient - Connection can be kept alive indefinitely
22:09:38.465 [main] DEBUG i.r.i.RequestSpecificationImpl$RestAssuredHttpBuilder - Parsing response as: text/plain;charset=UTF-8
22:09:38.465 [main] DEBUG i.r.i.RequestSpecificationImpl$RestAssuredHttpBuilder - Parsed data to instance of: class org.apache.http.conn.EofSensorInputStream
22:09:38.465 [main] DEBUG org.apache.http.wire -  << "a:1500"
22:09:38.465 [main] DEBUG o.a.h.i.c.BasicClientConnectionManager - Releasing connection org.apache.http.impl.conn.ManagedClientConnectionImpl@28b5662d
22:09:38.465 [main] DEBUG o.a.h.i.c.BasicClientConnectionManager - Connection can be kept alive indefinitely
22:09:38.468 [main] DEBUG o.a.h.i.c.BasicClientConnectionManager - Get connection for route {}->http://localhost:8080
22:09:38.468 [main] DEBUG o.a.h.i.c.DefaultClientConnectionOperator - Connecting to localhost:8080
22:09:38.468 [main] DEBUG o.a.h.c.protocol.RequestAddCookies - CookieSpec selected: ignoreCookies
22:09:38.468 [main] DEBUG o.a.h.c.protocol.RequestAuthCache - Auth cache not set in the context
22:09:38.468 [main] DEBUG o.a.h.c.p.RequestTargetAuthentication - Target auth state: UNCHALLENGED
22:09:38.468 [main] DEBUG o.a.h.c.p.RequestProxyAuthentication - Proxy auth state: UNCHALLENGED
22:09:38.468 [main] DEBUG o.a.h.impl.client.DefaultHttpClient - Attempt 1 to execute request
22:09:38.468 [main] DEBUG o.a.h.i.conn.DefaultClientConnection - Sending request: GET /1?a=10&b=6 HTTP/1.1
22:09:38.468 [main] DEBUG org.apache.http.wire -  >> "GET /1?a=10&b=6 HTTP/1.1[\r][\n]"
22:09:38.468 [main] DEBUG org.apache.http.wire -  >> "Accept: */*[\r][\n]"
22:09:38.468 [main] DEBUG org.apache.http.wire -  >> "Host: localhost:8080[\r][\n]"
22:09:38.468 [main] DEBUG org.apache.http.wire -  >> "Connection: Keep-Alive[\r][\n]"
22:09:38.468 [main] DEBUG org.apache.http.wire -  >> "User-Agent: Apache-HttpClient/4.5.3 (Java/13.0.5.1)[\r][\n]"
22:09:38.468 [main] DEBUG org.apache.http.wire -  >> "Accept-Encoding: gzip,deflate[\r][\n]"
22:09:38.468 [main] DEBUG org.apache.http.wire -  >> "[\r][\n]"
22:09:38.468 [main] DEBUG org.apache.http.headers - >> GET /1?a=10&b=6 HTTP/1.1
22:09:38.469 [main] DEBUG org.apache.http.headers - >> Accept: */*
22:09:38.469 [main] DEBUG org.apache.http.headers - >> Host: localhost:8080
22:09:38.469 [main] DEBUG org.apache.http.headers - >> Connection: Keep-Alive
22:09:38.469 [main] DEBUG org.apache.http.headers - >> User-Agent: Apache-HttpClient/4.5.3 (Java/13.0.5.1)
22:09:38.469 [main] DEBUG org.apache.http.headers - >> Accept-Encoding: gzip,deflate
22:09:38.483 [main] DEBUG org.apache.http.wire -  << "HTTP/1.1 200 OK[\r][\n]"
22:09:38.483 [main] DEBUG org.apache.http.wire -  << "Server: Apache-Coyote/1.1[\r][\n]"
22:09:38.483 [main] DEBUG org.apache.http.wire -  << "Content-Type: text/plain;charset=UTF-8[\r][\n]"
22:09:38.483 [main] DEBUG org.apache.http.wire -  << "Content-Length: 6[\r][\n]"
22:09:38.483 [main] DEBUG org.apache.http.wire -  << "Date: Sun, 07 Feb 2021 21:09:38 GMT[\r][\n]"
22:09:38.483 [main] DEBUG org.apache.http.wire -  << "[\r][\n]"
22:09:38.483 [main] DEBUG o.a.h.i.conn.DefaultClientConnection - Receiving response: HTTP/1.1 200 OK
22:09:38.483 [main] DEBUG org.apache.http.headers - << HTTP/1.1 200 OK
22:09:38.483 [main] DEBUG org.apache.http.headers - << Server: Apache-Coyote/1.1
22:09:38.483 [main] DEBUG org.apache.http.headers - << Content-Type: text/plain;charset=UTF-8
22:09:38.483 [main] DEBUG org.apache.http.headers - << Content-Length: 6
22:09:38.483 [main] DEBUG org.apache.http.headers - << Date: Sun, 07 Feb 2021 21:09:38 GMT
22:09:38.483 [main] DEBUG o.a.h.impl.client.DefaultHttpClient - Connection can be kept alive indefinitely
22:09:38.483 [main] DEBUG i.r.i.RequestSpecificationImpl$RestAssuredHttpBuilder - Parsing response as: text/plain;charset=UTF-8
22:09:38.483 [main] DEBUG i.r.i.RequestSpecificationImpl$RestAssuredHttpBuilder - Parsed data to instance of: class org.apache.http.conn.EofSensorInputStream
22:09:38.483 [main] DEBUG org.apache.http.wire -  << "a:1500"
22:09:38.484 [main] DEBUG o.a.h.i.c.BasicClientConnectionManager - Releasing connection org.apache.http.impl.conn.ManagedClientConnectionImpl@cf10c92
22:09:38.484 [main] DEBUG o.a.h.i.c.BasicClientConnectionManager - Connection can be kept alive indefinitely
22:09:38.486 [main] DEBUG o.a.h.i.c.BasicClientConnectionManager - Get connection for route {}->http://localhost:8080
22:09:38.486 [main] DEBUG o.a.h.i.c.DefaultClientConnectionOperator - Connecting to localhost:8080
22:09:38.487 [main] DEBUG o.a.h.c.protocol.RequestAddCookies - CookieSpec selected: ignoreCookies
22:09:38.487 [main] DEBUG o.a.h.c.protocol.RequestAuthCache - Auth cache not set in the context
22:09:38.487 [main] DEBUG o.a.h.c.p.RequestTargetAuthentication - Target auth state: UNCHALLENGED
22:09:38.487 [main] DEBUG o.a.h.c.p.RequestProxyAuthentication - Proxy auth state: UNCHALLENGED
22:09:38.487 [main] DEBUG o.a.h.impl.client.DefaultHttpClient - Attempt 1 to execute request
22:09:38.487 [main] DEBUG o.a.h.i.conn.DefaultClientConnection - Sending request: GET /1?a=10&b=6 HTTP/1.1
22:09:38.487 [main] DEBUG org.apache.http.wire -  >> "GET /1?a=10&b=6 HTTP/1.1[\r][\n]"
22:09:38.487 [main] DEBUG org.apache.http.wire -  >> "Accept: */*[\r][\n]"
22:09:38.487 [main] DEBUG org.apache.http.wire -  >> "Host: localhost:8080[\r][\n]"
22:09:38.487 [main] DEBUG org.apache.http.wire -  >> "Connection: Keep-Alive[\r][\n]"
22:09:38.487 [main] DEBUG org.apache.http.wire -  >> "User-Agent: Apache-HttpClient/4.5.3 (Java/13.0.5.1)[\r][\n]"
22:09:38.487 [main] DEBUG org.apache.http.wire -  >> "Accept-Encoding: gzip,deflate[\r][\n]"
22:09:38.487 [main] DEBUG org.apache.http.wire -  >> "[\r][\n]"
22:09:38.487 [main] DEBUG org.apache.http.headers - >> GET /1?a=10&b=6 HTTP/1.1
22:09:38.487 [main] DEBUG org.apache.http.headers - >> Accept: */*
22:09:38.487 [main] DEBUG org.apache.http.headers - >> Host: localhost:8080
22:09:38.487 [main] DEBUG org.apache.http.headers - >> Connection: Keep-Alive
22:09:38.487 [main] DEBUG org.apache.http.headers - >> User-Agent: Apache-HttpClient/4.5.3 (Java/13.0.5.1)
22:09:38.487 [main] DEBUG org.apache.http.headers - >> Accept-Encoding: gzip,deflate
22:09:38.511 [main] DEBUG org.apache.http.wire -  << "HTTP/1.1 200 OK[\r][\n]"
22:09:38.511 [main] DEBUG org.apache.http.wire -  << "Server: Apache-Coyote/1.1[\r][\n]"
22:09:38.511 [main] DEBUG org.apache.http.wire -  << "Content-Type: text/plain;charset=UTF-8[\r][\n]"
22:09:38.511 [main] DEBUG org.apache.http.wire -  << "Content-Length: 6[\r][\n]"
22:09:38.511 [main] DEBUG org.apache.http.wire -  << "Date: Sun, 07 Feb 2021 21:09:38 GMT[\r][\n]"
22:09:38.511 [main] DEBUG org.apache.http.wire -  << "[\r][\n]"
22:09:38.511 [main] DEBUG o.a.h.i.conn.DefaultClientConnection - Receiving response: HTTP/1.1 200 OK
22:09:38.511 [main] DEBUG org.apache.http.headers - << HTTP/1.1 200 OK
22:09:38.511 [main] DEBUG org.apache.http.headers - << Server: Apache-Coyote/1.1
22:09:38.511 [main] DEBUG org.apache.http.headers - << Content-Type: text/plain;charset=UTF-8
22:09:38.511 [main] DEBUG org.apache.http.headers - << Content-Length: 6
22:09:38.511 [main] DEBUG org.apache.http.headers - << Date: Sun, 07 Feb 2021 21:09:38 GMT
22:09:38.511 [main] DEBUG o.a.h.impl.client.DefaultHttpClient - Connection can be kept alive indefinitely
22:09:38.512 [main] DEBUG i.r.i.RequestSpecificationImpl$RestAssuredHttpBuilder - Parsing response as: text/plain;charset=UTF-8
22:09:38.512 [main] DEBUG i.r.i.RequestSpecificationImpl$RestAssuredHttpBuilder - Parsed data to instance of: class org.apache.http.conn.EofSensorInputStream
22:09:38.512 [main] DEBUG org.apache.http.wire -  << "a:1500"
22:09:38.512 [main] DEBUG o.a.h.i.c.BasicClientConnectionManager - Releasing connection org.apache.http.impl.conn.ManagedClientConnectionImpl@580ffea
22:09:38.512 [main] DEBUG o.a.h.i.c.BasicClientConnectionManager - Connection can be kept alive indefinitely
22:09:38.515 [main] DEBUG o.a.h.i.c.BasicClientConnectionManager - Get connection for route {}->http://localhost:8080
22:09:38.515 [main] DEBUG o.a.h.i.c.DefaultClientConnectionOperator - Connecting to localhost:8080
22:09:38.515 [main] DEBUG o.a.h.c.protocol.RequestAddCookies - CookieSpec selected: ignoreCookies
22:09:38.515 [main] DEBUG o.a.h.c.protocol.RequestAuthCache - Auth cache not set in the context
22:09:38.515 [main] DEBUG o.a.h.c.p.RequestTargetAuthentication - Target auth state: UNCHALLENGED
22:09:38.515 [main] DEBUG o.a.h.c.p.RequestProxyAuthentication - Proxy auth state: UNCHALLENGED
22:09:38.515 [main] DEBUG o.a.h.impl.client.DefaultHttpClient - Attempt 1 to execute request
22:09:38.515 [main] DEBUG o.a.h.i.conn.DefaultClientConnection - Sending request: GET /1?a=10&b=6 HTTP/1.1
22:09:38.515 [main] DEBUG org.apache.http.wire -  >> "GET /1?a=10&b=6 HTTP/1.1[\r][\n]"
22:09:38.515 [main] DEBUG org.apache.http.wire -  >> "Accept: */*[\r][\n]"
22:09:38.515 [main] DEBUG org.apache.http.wire -  >> "Host: localhost:8080[\r][\n]"
22:09:38.515 [main] DEBUG org.apache.http.wire -  >> "Connection: Keep-Alive[\r][\n]"
22:09:38.515 [main] DEBUG org.apache.http.wire -  >> "User-Agent: Apache-HttpClient/4.5.3 (Java/13.0.5.1)[\r][\n]"
22:09:38.515 [main] DEBUG org.apache.http.wire -  >> "Accept-Encoding: gzip,deflate[\r][\n]"
22:09:38.515 [main] DEBUG org.apache.http.wire -  >> "[\r][\n]"
22:09:38.515 [main] DEBUG org.apache.http.headers - >> GET /1?a=10&b=6 HTTP/1.1
22:09:38.515 [main] DEBUG org.apache.http.headers - >> Accept: */*
22:09:38.515 [main] DEBUG org.apache.http.headers - >> Host: localhost:8080
22:09:38.515 [main] DEBUG org.apache.http.headers - >> Connection: Keep-Alive
22:09:38.515 [main] DEBUG org.apache.http.headers - >> User-Agent: Apache-HttpClient/4.5.3 (Java/13.0.5.1)
22:09:38.515 [main] DEBUG org.apache.http.headers - >> Accept-Encoding: gzip,deflate
22:09:38.532 [main] DEBUG org.apache.http.wire -  << "HTTP/1.1 200 OK[\r][\n]"
22:09:38.532 [main] DEBUG org.apache.http.wire -  << "Server: Apache-Coyote/1.1[\r][\n]"
22:09:38.532 [main] DEBUG org.apache.http.wire -  << "Content-Type: text/plain;charset=UTF-8[\r][\n]"
22:09:38.532 [main] DEBUG org.apache.http.wire -  << "Content-Length: 6[\r][\n]"
22:09:38.532 [main] DEBUG org.apache.http.wire -  << "Date: Sun, 07 Feb 2021 21:09:38 GMT[\r][\n]"
22:09:38.532 [main] DEBUG org.apache.http.wire -  << "[\r][\n]"
22:09:38.532 [main] DEBUG o.a.h.i.conn.DefaultClientConnection - Receiving response: HTTP/1.1 200 OK
22:09:38.533 [main] DEBUG org.apache.http.headers - << HTTP/1.1 200 OK
22:09:38.533 [main] DEBUG org.apache.http.headers - << Server: Apache-Coyote/1.1
22:09:38.533 [main] DEBUG org.apache.http.headers - << Content-Type: text/plain;charset=UTF-8
22:09:38.533 [main] DEBUG org.apache.http.headers - << Content-Length: 6
22:09:38.533 [main] DEBUG org.apache.http.headers - << Date: Sun, 07 Feb 2021 21:09:38 GMT
22:09:38.533 [main] DEBUG o.a.h.impl.client.DefaultHttpClient - Connection can be kept alive indefinitely
22:09:38.533 [main] DEBUG i.r.i.RequestSpecificationImpl$RestAssuredHttpBuilder - Parsing response as: text/plain;charset=UTF-8
22:09:38.534 [main] DEBUG i.r.i.RequestSpecificationImpl$RestAssuredHttpBuilder - Parsed data to instance of: class org.apache.http.conn.EofSensorInputStream
22:09:38.534 [main] DEBUG org.apache.http.wire -  << "a:1500"
22:09:38.534 [main] DEBUG o.a.h.i.c.BasicClientConnectionManager - Releasing connection org.apache.http.impl.conn.ManagedClientConnectionImpl@63bca84d
22:09:38.534 [main] DEBUG o.a.h.i.c.BasicClientConnectionManager - Connection can be kept alive indefinitely
22:09:38.538 [main] DEBUG o.a.h.i.c.BasicClientConnectionManager - Get connection for route {}->http://localhost:8080
22:09:38.538 [main] DEBUG o.a.h.i.c.DefaultClientConnectionOperator - Connecting to localhost:8080
22:09:38.539 [main] DEBUG o.a.h.c.protocol.RequestAddCookies - CookieSpec selected: ignoreCookies
22:09:38.539 [main] DEBUG o.a.h.c.protocol.RequestAuthCache - Auth cache not set in the context
22:09:38.539 [main] DEBUG o.a.h.c.p.RequestTargetAuthentication - Target auth state: UNCHALLENGED
22:09:38.539 [main] DEBUG o.a.h.c.p.RequestProxyAuthentication - Proxy auth state: UNCHALLENGED
22:09:38.539 [main] DEBUG o.a.h.impl.client.DefaultHttpClient - Attempt 1 to execute request
22:09:38.539 [main] DEBUG o.a.h.i.conn.DefaultClientConnection - Sending request: GET /1?a=10&b=6 HTTP/1.1
22:09:38.539 [main] DEBUG org.apache.http.wire -  >> "GET /1?a=10&b=6 HTTP/1.1[\r][\n]"
22:09:38.539 [main] DEBUG org.apache.http.wire -  >> "Accept: */*[\r][\n]"
22:09:38.539 [main] DEBUG org.apache.http.wire -  >> "Host: localhost:8080[\r][\n]"
22:09:38.539 [main] DEBUG org.apache.http.wire -  >> "Connection: Keep-Alive[\r][\n]"
22:09:38.539 [main] DEBUG org.apache.http.wire -  >> "User-Agent: Apache-HttpClient/4.5.3 (Java/13.0.5.1)[\r][\n]"
22:09:38.539 [main] DEBUG org.apache.http.wire -  >> "Accept-Encoding: gzip,deflate[\r][\n]"
22:09:38.539 [main] DEBUG org.apache.http.wire -  >> "[\r][\n]"
22:09:38.539 [main] DEBUG org.apache.http.headers - >> GET /1?a=10&b=6 HTTP/1.1
22:09:38.539 [main] DEBUG org.apache.http.headers - >> Accept: */*
22:09:38.539 [main] DEBUG org.apache.http.headers - >> Host: localhost:8080
22:09:38.539 [main] DEBUG org.apache.http.headers - >> Connection: Keep-Alive
22:09:38.539 [main] DEBUG org.apache.http.headers - >> User-Agent: Apache-HttpClient/4.5.3 (Java/13.0.5.1)
22:09:38.539 [main] DEBUG org.apache.http.headers - >> Accept-Encoding: gzip,deflate
22:09:38.555 [main] DEBUG org.apache.http.wire -  << "HTTP/1.1 200 OK[\r][\n]"
22:09:38.555 [main] DEBUG org.apache.http.wire -  << "Server: Apache-Coyote/1.1[\r][\n]"
22:09:38.555 [main] DEBUG org.apache.http.wire -  << "Content-Type: text/plain;charset=UTF-8[\r][\n]"
22:09:38.555 [main] DEBUG org.apache.http.wire -  << "Content-Length: 6[\r][\n]"
22:09:38.555 [main] DEBUG org.apache.http.wire -  << "Date: Sun, 07 Feb 2021 21:09:38 GMT[\r][\n]"
22:09:38.555 [main] DEBUG org.apache.http.wire -  << "[\r][\n]"
22:09:38.555 [main] DEBUG o.a.h.i.conn.DefaultClientConnection - Receiving response: HTTP/1.1 200 OK
22:09:38.555 [main] DEBUG org.apache.http.headers - << HTTP/1.1 200 OK
22:09:38.555 [main] DEBUG org.apache.http.headers - << Server: Apache-Coyote/1.1
22:09:38.555 [main] DEBUG org.apache.http.headers - << Content-Type: text/plain;charset=UTF-8
22:09:38.555 [main] DEBUG org.apache.http.headers - << Content-Length: 6
22:09:38.555 [main] DEBUG org.apache.http.headers - << Date: Sun, 07 Feb 2021 21:09:38 GMT
22:09:38.555 [main] DEBUG o.a.h.impl.client.DefaultHttpClient - Connection can be kept alive indefinitely
22:09:38.555 [main] DEBUG i.r.i.RequestSpecificationImpl$RestAssuredHttpBuilder - Parsing response as: text/plain;charset=UTF-8
22:09:38.555 [main] DEBUG i.r.i.RequestSpecificationImpl$RestAssuredHttpBuilder - Parsed data to instance of: class org.apache.http.conn.EofSensorInputStream
22:09:38.555 [main] DEBUG org.apache.http.wire -  << "a:1500"
22:09:38.555 [main] DEBUG o.a.h.i.c.BasicClientConnectionManager - Releasing connection org.apache.http.impl.conn.ManagedClientConnectionImpl@7f2ca6f8
22:09:38.555 [main] DEBUG o.a.h.i.c.BasicClientConnectionManager - Connection can be kept alive indefinitely
22:09:38.557 [main] DEBUG o.a.h.i.c.BasicClientConnectionManager - Get connection for route {}->http://localhost:8080
22:09:38.557 [main] DEBUG o.a.h.i.c.DefaultClientConnectionOperator - Connecting to localhost:8080
22:09:38.558 [main] DEBUG o.a.h.c.protocol.RequestAddCookies - CookieSpec selected: ignoreCookies
22:09:38.558 [main] DEBUG o.a.h.c.protocol.RequestAuthCache - Auth cache not set in the context
22:09:38.558 [main] DEBUG o.a.h.c.p.RequestTargetAuthentication - Target auth state: UNCHALLENGED
22:09:38.558 [main] DEBUG o.a.h.c.p.RequestProxyAuthentication - Proxy auth state: UNCHALLENGED
22:09:38.558 [main] DEBUG o.a.h.impl.client.DefaultHttpClient - Attempt 1 to execute request
22:09:38.558 [main] DEBUG o.a.h.i.conn.DefaultClientConnection - Sending request: GET /1?a=10&b=6 HTTP/1.1
22:09:38.558 [main] DEBUG org.apache.http.wire -  >> "GET /1?a=10&b=6 HTTP/1.1[\r][\n]"
22:09:38.558 [main] DEBUG org.apache.http.wire -  >> "Accept: */*[\r][\n]"
22:09:38.558 [main] DEBUG org.apache.http.wire -  >> "Host: localhost:8080[\r][\n]"
22:09:38.558 [main] DEBUG org.apache.http.wire -  >> "Connection: Keep-Alive[\r][\n]"
22:09:38.558 [main] DEBUG org.apache.http.wire -  >> "User-Agent: Apache-HttpClient/4.5.3 (Java/13.0.5.1)[\r][\n]"
22:09:38.558 [main] DEBUG org.apache.http.wire -  >> "Accept-Encoding: gzip,deflate[\r][\n]"
22:09:38.558 [main] DEBUG org.apache.http.wire -  >> "[\r][\n]"
22:09:38.558 [main] DEBUG org.apache.http.headers - >> GET /1?a=10&b=6 HTTP/1.1
22:09:38.558 [main] DEBUG org.apache.http.headers - >> Accept: */*
22:09:38.558 [main] DEBUG org.apache.http.headers - >> Host: localhost:8080
22:09:38.558 [main] DEBUG org.apache.http.headers - >> Connection: Keep-Alive
22:09:38.558 [main] DEBUG org.apache.http.headers - >> User-Agent: Apache-HttpClient/4.5.3 (Java/13.0.5.1)
22:09:38.558 [main] DEBUG org.apache.http.headers - >> Accept-Encoding: gzip,deflate
22:09:38.577 [main] DEBUG org.apache.http.wire -  << "HTTP/1.1 200 OK[\r][\n]"
22:09:38.577 [main] DEBUG org.apache.http.wire -  << "Server: Apache-Coyote/1.1[\r][\n]"
22:09:38.577 [main] DEBUG org.apache.http.wire -  << "Content-Type: text/plain;charset=UTF-8[\r][\n]"
22:09:38.577 [main] DEBUG org.apache.http.wire -  << "Content-Length: 6[\r][\n]"
22:09:38.577 [main] DEBUG org.apache.http.wire -  << "Date: Sun, 07 Feb 2021 21:09:38 GMT[\r][\n]"
22:09:38.577 [main] DEBUG org.apache.http.wire -  << "[\r][\n]"
22:09:38.577 [main] DEBUG o.a.h.i.conn.DefaultClientConnection - Receiving response: HTTP/1.1 200 OK
22:09:38.577 [main] DEBUG org.apache.http.headers - << HTTP/1.1 200 OK
22:09:38.577 [main] DEBUG org.apache.http.headers - << Server: Apache-Coyote/1.1
22:09:38.577 [main] DEBUG org.apache.http.headers - << Content-Type: text/plain;charset=UTF-8
22:09:38.577 [main] DEBUG org.apache.http.headers - << Content-Length: 6
22:09:38.577 [main] DEBUG org.apache.http.headers - << Date: Sun, 07 Feb 2021 21:09:38 GMT
22:09:38.577 [main] DEBUG o.a.h.impl.client.DefaultHttpClient - Connection can be kept alive indefinitely
22:09:38.577 [main] DEBUG i.r.i.RequestSpecificationImpl$RestAssuredHttpBuilder - Parsing response as: text/plain;charset=UTF-8
22:09:38.577 [main] DEBUG i.r.i.RequestSpecificationImpl$RestAssuredHttpBuilder - Parsed data to instance of: class org.apache.http.conn.EofSensorInputStream
22:09:38.577 [main] DEBUG org.apache.http.wire -  << "a:1500"
22:09:38.577 [main] DEBUG o.a.h.i.c.BasicClientConnectionManager - Releasing connection org.apache.http.impl.conn.ManagedClientConnectionImpl@1851c7d2
22:09:38.577 [main] DEBUG o.a.h.i.c.BasicClientConnectionManager - Connection can be kept alive indefinitely
22:09:38.582 [main] DEBUG o.a.h.i.c.BasicClientConnectionManager - Get connection for route {}->http://localhost:8080
22:09:38.583 [main] DEBUG o.a.h.i.c.DefaultClientConnectionOperator - Connecting to localhost:8080
22:09:38.584 [main] DEBUG o.a.h.c.protocol.RequestAddCookies - CookieSpec selected: ignoreCookies
22:09:38.584 [main] DEBUG o.a.h.c.protocol.RequestAuthCache - Auth cache not set in the context
22:09:38.584 [main] DEBUG o.a.h.c.p.RequestTargetAuthentication - Target auth state: UNCHALLENGED
22:09:38.584 [main] DEBUG o.a.h.c.p.RequestProxyAuthentication - Proxy auth state: UNCHALLENGED
22:09:38.584 [main] DEBUG o.a.h.impl.client.DefaultHttpClient - Attempt 1 to execute request
22:09:38.584 [main] DEBUG o.a.h.i.conn.DefaultClientConnection - Sending request: GET /1?a=10&b=6 HTTP/1.1
22:09:38.584 [main] DEBUG org.apache.http.wire -  >> "GET /1?a=10&b=6 HTTP/1.1[\r][\n]"
22:09:38.584 [main] DEBUG org.apache.http.wire -  >> "Accept: */*[\r][\n]"
22:09:38.584 [main] DEBUG org.apache.http.wire -  >> "Host: localhost:8080[\r][\n]"
22:09:38.584 [main] DEBUG org.apache.http.wire -  >> "Connection: Keep-Alive[\r][\n]"
22:09:38.584 [main] DEBUG org.apache.http.wire -  >> "User-Agent: Apache-HttpClient/4.5.3 (Java/13.0.5.1)[\r][\n]"
22:09:38.584 [main] DEBUG org.apache.http.wire -  >> "Accept-Encoding: gzip,deflate[\r][\n]"
22:09:38.584 [main] DEBUG org.apache.http.wire -  >> "[\r][\n]"
22:09:38.584 [main] DEBUG org.apache.http.headers - >> GET /1?a=10&b=6 HTTP/1.1
22:09:38.584 [main] DEBUG org.apache.http.headers - >> Accept: */*
22:09:38.584 [main] DEBUG org.apache.http.headers - >> Host: localhost:8080
22:09:38.584 [main] DEBUG org.apache.http.headers - >> Connection: Keep-Alive
22:09:38.584 [main] DEBUG org.apache.http.headers - >> User-Agent: Apache-HttpClient/4.5.3 (Java/13.0.5.1)
22:09:38.584 [main] DEBUG org.apache.http.headers - >> Accept-Encoding: gzip,deflate
22:09:38.603 [main] DEBUG org.apache.http.wire -  << "HTTP/1.1 200 OK[\r][\n]"
22:09:38.603 [main] DEBUG org.apache.http.wire -  << "Server: Apache-Coyote/1.1[\r][\n]"
22:09:38.603 [main] DEBUG org.apache.http.wire -  << "Content-Type: text/plain;charset=UTF-8[\r][\n]"
22:09:38.603 [main] DEBUG org.apache.http.wire -  << "Content-Length: 6[\r][\n]"
22:09:38.603 [main] DEBUG org.apache.http.wire -  << "Date: Sun, 07 Feb 2021 21:09:38 GMT[\r][\n]"
22:09:38.603 [main] DEBUG org.apache.http.wire -  << "[\r][\n]"
22:09:38.603 [main] DEBUG o.a.h.i.conn.DefaultClientConnection - Receiving response: HTTP/1.1 200 OK
22:09:38.603 [main] DEBUG org.apache.http.headers - << HTTP/1.1 200 OK
22:09:38.603 [main] DEBUG org.apache.http.headers - << Server: Apache-Coyote/1.1
22:09:38.603 [main] DEBUG org.apache.http.headers - << Content-Type: text/plain;charset=UTF-8
22:09:38.603 [main] DEBUG org.apache.http.headers - << Content-Length: 6
22:09:38.603 [main] DEBUG org.apache.http.headers - << Date: Sun, 07 Feb 2021 21:09:38 GMT
22:09:38.603 [main] DEBUG o.a.h.impl.client.DefaultHttpClient - Connection can be kept alive indefinitely
22:09:38.603 [main] DEBUG i.r.i.RequestSpecificationImpl$RestAssuredHttpBuilder - Parsing response as: text/plain;charset=UTF-8
22:09:38.603 [main] DEBUG i.r.i.RequestSpecificationImpl$RestAssuredHttpBuilder - Parsed data to instance of: class org.apache.http.conn.EofSensorInputStream
22:09:38.604 [main] DEBUG org.apache.http.wire -  << "a:1500"
22:09:38.604 [main] DEBUG o.a.h.i.c.BasicClientConnectionManager - Releasing connection org.apache.http.impl.conn.ManagedClientConnectionImpl@2ffb0d10
22:09:38.604 [main] DEBUG o.a.h.i.c.BasicClientConnectionManager - Connection can be kept alive indefinitely
22:09:38.607 [main] DEBUG o.a.h.i.c.BasicClientConnectionManager - Get connection for route {}->http://localhost:8080
22:09:38.607 [main] DEBUG o.a.h.i.c.DefaultClientConnectionOperator - Connecting to localhost:8080
22:09:38.607 [main] DEBUG o.a.h.c.protocol.RequestAddCookies - CookieSpec selected: ignoreCookies
22:09:38.607 [main] DEBUG o.a.h.c.protocol.RequestAuthCache - Auth cache not set in the context
22:09:38.607 [main] DEBUG o.a.h.c.p.RequestTargetAuthentication - Target auth state: UNCHALLENGED
22:09:38.607 [main] DEBUG o.a.h.c.p.RequestProxyAuthentication - Proxy auth state: UNCHALLENGED
22:09:38.607 [main] DEBUG o.a.h.impl.client.DefaultHttpClient - Attempt 1 to execute request
22:09:38.607 [main] DEBUG o.a.h.i.conn.DefaultClientConnection - Sending request: GET /1?a=10&b=6 HTTP/1.1
22:09:38.607 [main] DEBUG org.apache.http.wire -  >> "GET /1?a=10&b=6 HTTP/1.1[\r][\n]"
22:09:38.607 [main] DEBUG org.apache.http.wire -  >> "Accept: */*[\r][\n]"
22:09:38.607 [main] DEBUG org.apache.http.wire -  >> "Host: localhost:8080[\r][\n]"
22:09:38.607 [main] DEBUG org.apache.http.wire -  >> "Connection: Keep-Alive[\r][\n]"
22:09:38.607 [main] DEBUG org.apache.http.wire -  >> "User-Agent: Apache-HttpClient/4.5.3 (Java/13.0.5.1)[\r][\n]"
22:09:38.607 [main] DEBUG org.apache.http.wire -  >> "Accept-Encoding: gzip,deflate[\r][\n]"
22:09:38.607 [main] DEBUG org.apache.http.wire -  >> "[\r][\n]"
22:09:38.607 [main] DEBUG org.apache.http.headers - >> GET /1?a=10&b=6 HTTP/1.1
22:09:38.607 [main] DEBUG org.apache.http.headers - >> Accept: */*
22:09:38.607 [main] DEBUG org.apache.http.headers - >> Host: localhost:8080
22:09:38.607 [main] DEBUG org.apache.http.headers - >> Connection: Keep-Alive
22:09:38.607 [main] DEBUG org.apache.http.headers - >> User-Agent: Apache-HttpClient/4.5.3 (Java/13.0.5.1)
22:09:38.607 [main] DEBUG org.apache.http.headers - >> Accept-Encoding: gzip,deflate
22:09:38.633 [main] DEBUG org.apache.http.wire -  << "HTTP/1.1 200 OK[\r][\n]"
22:09:38.634 [main] DEBUG org.apache.http.wire -  << "Server: Apache-Coyote/1.1[\r][\n]"
22:09:38.634 [main] DEBUG org.apache.http.wire -  << "Content-Type: text/plain;charset=UTF-8[\r][\n]"
22:09:38.634 [main] DEBUG org.apache.http.wire -  << "Content-Length: 6[\r][\n]"
22:09:38.634 [main] DEBUG org.apache.http.wire -  << "Date: Sun, 07 Feb 2021 21:09:38 GMT[\r][\n]"
22:09:38.634 [main] DEBUG org.apache.http.wire -  << "[\r][\n]"
22:09:38.634 [main] DEBUG o.a.h.i.conn.DefaultClientConnection - Receiving response: HTTP/1.1 200 OK
22:09:38.634 [main] DEBUG org.apache.http.headers - << HTTP/1.1 200 OK
22:09:38.634 [main] DEBUG org.apache.http.headers - << Server: Apache-Coyote/1.1
22:09:38.634 [main] DEBUG org.apache.http.headers - << Content-Type: text/plain;charset=UTF-8
22:09:38.634 [main] DEBUG org.apache.http.headers - << Content-Length: 6
22:09:38.634 [main] DEBUG org.apache.http.headers - << Date: Sun, 07 Feb 2021 21:09:38 GMT
22:09:38.634 [main] DEBUG o.a.h.impl.client.DefaultHttpClient - Connection can be kept alive indefinitely
22:09:38.634 [main] DEBUG i.r.i.RequestSpecificationImpl$RestAssuredHttpBuilder - Parsing response as: text/plain;charset=UTF-8
22:09:38.634 [main] DEBUG i.r.i.RequestSpecificationImpl$RestAssuredHttpBuilder - Parsed data to instance of: class org.apache.http.conn.EofSensorInputStream
22:09:38.634 [main] DEBUG org.apache.http.wire -  << "a:1500"
22:09:38.634 [main] DEBUG o.a.h.i.c.BasicClientConnectionManager - Releasing connection org.apache.http.impl.conn.ManagedClientConnectionImpl@4f3fec43
22:09:38.634 [main] DEBUG o.a.h.i.c.BasicClientConnectionManager - Connection can be kept alive indefinitely
22:09:38.637 [main] DEBUG o.a.h.i.c.BasicClientConnectionManager - Get connection for route {}->http://localhost:8080
22:09:38.638 [main] DEBUG o.a.h.i.c.DefaultClientConnectionOperator - Connecting to localhost:8080
22:09:38.638 [main] DEBUG o.a.h.c.protocol.RequestAddCookies - CookieSpec selected: ignoreCookies
22:09:38.638 [main] DEBUG o.a.h.c.protocol.RequestAuthCache - Auth cache not set in the context
22:09:38.638 [main] DEBUG o.a.h.c.p.RequestTargetAuthentication - Target auth state: UNCHALLENGED
22:09:38.638 [main] DEBUG o.a.h.c.p.RequestProxyAuthentication - Proxy auth state: UNCHALLENGED
22:09:38.638 [main] DEBUG o.a.h.impl.client.DefaultHttpClient - Attempt 1 to execute request
22:09:38.638 [main] DEBUG o.a.h.i.conn.DefaultClientConnection - Sending request: GET /1?a=10&b=6 HTTP/1.1
22:09:38.638 [main] DEBUG org.apache.http.wire -  >> "GET /1?a=10&b=6 HTTP/1.1[\r][\n]"
22:09:38.638 [main] DEBUG org.apache.http.wire -  >> "Accept: */*[\r][\n]"
22:09:38.638 [main] DEBUG org.apache.http.wire -  >> "Host: localhost:8080[\r][\n]"
22:09:38.638 [main] DEBUG org.apache.http.wire -  >> "Connection: Keep-Alive[\r][\n]"
22:09:38.638 [main] DEBUG org.apache.http.wire -  >> "User-Agent: Apache-HttpClient/4.5.3 (Java/13.0.5.1)[\r][\n]"
22:09:38.638 [main] DEBUG org.apache.http.wire -  >> "Accept-Encoding: gzip,deflate[\r][\n]"
22:09:38.638 [main] DEBUG org.apache.http.wire -  >> "[\r][\n]"
22:09:38.638 [main] DEBUG org.apache.http.headers - >> GET /1?a=10&b=6 HTTP/1.1
22:09:38.638 [main] DEBUG org.apache.http.headers - >> Accept: */*
22:09:38.638 [main] DEBUG org.apache.http.headers - >> Host: localhost:8080
22:09:38.638 [main] DEBUG org.apache.http.headers - >> Connection: Keep-Alive
22:09:38.638 [main] DEBUG org.apache.http.headers - >> User-Agent: Apache-HttpClient/4.5.3 (Java/13.0.5.1)
22:09:38.638 [main] DEBUG org.apache.http.headers - >> Accept-Encoding: gzip,deflate
22:09:38.659 [main] DEBUG org.apache.http.wire -  << "HTTP/1.1 200 OK[\r][\n]"
22:09:38.659 [main] DEBUG org.apache.http.wire -  << "Server: Apache-Coyote/1.1[\r][\n]"
22:09:38.659 [main] DEBUG org.apache.http.wire -  << "Content-Type: text/plain;charset=UTF-8[\r][\n]"
22:09:38.659 [main] DEBUG org.apache.http.wire -  << "Content-Length: 6[\r][\n]"
22:09:38.659 [main] DEBUG org.apache.http.wire -  << "Date: Sun, 07 Feb 2021 21:09:38 GMT[\r][\n]"
22:09:38.659 [main] DEBUG org.apache.http.wire -  << "[\r][\n]"
22:09:38.659 [main] DEBUG o.a.h.i.conn.DefaultClientConnection - Receiving response: HTTP/1.1 200 OK
22:09:38.659 [main] DEBUG org.apache.http.headers - << HTTP/1.1 200 OK
22:09:38.659 [main] DEBUG org.apache.http.headers - << Server: Apache-Coyote/1.1
22:09:38.659 [main] DEBUG org.apache.http.headers - << Content-Type: text/plain;charset=UTF-8
22:09:38.659 [main] DEBUG org.apache.http.headers - << Content-Length: 6
22:09:38.659 [main] DEBUG org.apache.http.headers - << Date: Sun, 07 Feb 2021 21:09:38 GMT
22:09:38.659 [main] DEBUG o.a.h.impl.client.DefaultHttpClient - Connection can be kept alive indefinitely
22:09:38.659 [main] DEBUG i.r.i.RequestSpecificationImpl$RestAssuredHttpBuilder - Parsing response as: text/plain;charset=UTF-8
22:09:38.659 [main] DEBUG i.r.i.RequestSpecificationImpl$RestAssuredHttpBuilder - Parsed data to instance of: class org.apache.http.conn.EofSensorInputStream
22:09:38.660 [main] DEBUG org.apache.http.wire -  << "a:1500"
22:09:38.660 [main] DEBUG o.a.h.i.c.BasicClientConnectionManager - Releasing connection org.apache.http.impl.conn.ManagedClientConnectionImpl@538aa83f
22:09:38.660 [main] DEBUG o.a.h.i.c.BasicClientConnectionManager - Connection can be kept alive indefinitely
22:09:38.663 [main] DEBUG o.a.h.i.c.BasicClientConnectionManager - Get connection for route {}->http://localhost:8080
22:09:38.663 [main] DEBUG o.a.h.i.c.DefaultClientConnectionOperator - Connecting to localhost:8080
22:09:38.663 [main] DEBUG o.a.h.c.protocol.RequestAddCookies - CookieSpec selected: ignoreCookies
22:09:38.663 [main] DEBUG o.a.h.c.protocol.RequestAuthCache - Auth cache not set in the context
22:09:38.663 [main] DEBUG o.a.h.c.p.RequestTargetAuthentication - Target auth state: UNCHALLENGED
22:09:38.663 [main] DEBUG o.a.h.c.p.RequestProxyAuthentication - Proxy auth state: UNCHALLENGED
22:09:38.663 [main] DEBUG o.a.h.impl.client.DefaultHttpClient - Attempt 1 to execute request
22:09:38.663 [main] DEBUG o.a.h.i.conn.DefaultClientConnection - Sending request: GET /1?a=10&b=6 HTTP/1.1
22:09:38.663 [main] DEBUG org.apache.http.wire -  >> "GET /1?a=10&b=6 HTTP/1.1[\r][\n]"
22:09:38.663 [main] DEBUG org.apache.http.wire -  >> "Accept: */*[\r][\n]"
22:09:38.663 [main] DEBUG org.apache.http.wire -  >> "Host: localhost:8080[\r][\n]"
22:09:38.663 [main] DEBUG org.apache.http.wire -  >> "Connection: Keep-Alive[\r][\n]"
22:09:38.663 [main] DEBUG org.apache.http.wire -  >> "User-Agent: Apache-HttpClient/4.5.3 (Java/13.0.5.1)[\r][\n]"
22:09:38.663 [main] DEBUG org.apache.http.wire -  >> "Accept-Encoding: gzip,deflate[\r][\n]"
22:09:38.663 [main] DEBUG org.apache.http.wire -  >> "[\r][\n]"
22:09:38.664 [main] DEBUG org.apache.http.headers - >> GET /1?a=10&b=6 HTTP/1.1
22:09:38.664 [main] DEBUG org.apache.http.headers - >> Accept: */*
22:09:38.664 [main] DEBUG org.apache.http.headers - >> Host: localhost:8080
22:09:38.664 [main] DEBUG org.apache.http.headers - >> Connection: Keep-Alive
22:09:38.664 [main] DEBUG org.apache.http.headers - >> User-Agent: Apache-HttpClient/4.5.3 (Java/13.0.5.1)
22:09:38.664 [main] DEBUG org.apache.http.headers - >> Accept-Encoding: gzip,deflate
22:09:38.680 [main] DEBUG org.apache.http.wire -  << "HTTP/1.1 200 OK[\r][\n]"
22:09:38.680 [main] DEBUG org.apache.http.wire -  << "Server: Apache-Coyote/1.1[\r][\n]"
22:09:38.680 [main] DEBUG org.apache.http.wire -  << "Content-Type: text/plain;charset=UTF-8[\r][\n]"
22:09:38.680 [main] DEBUG org.apache.http.wire -  << "Content-Length: 6[\r][\n]"
22:09:38.680 [main] DEBUG org.apache.http.wire -  << "Date: Sun, 07 Feb 2021 21:09:38 GMT[\r][\n]"
22:09:38.680 [main] DEBUG org.apache.http.wire -  << "[\r][\n]"
22:09:38.680 [main] DEBUG o.a.h.i.conn.DefaultClientConnection - Receiving response: HTTP/1.1 200 OK
22:09:38.680 [main] DEBUG org.apache.http.headers - << HTTP/1.1 200 OK
22:09:38.680 [main] DEBUG org.apache.http.headers - << Server: Apache-Coyote/1.1
22:09:38.680 [main] DEBUG org.apache.http.headers - << Content-Type: text/plain;charset=UTF-8
22:09:38.680 [main] DEBUG org.apache.http.headers - << Content-Length: 6
22:09:38.680 [main] DEBUG org.apache.http.headers - << Date: Sun, 07 Feb 2021 21:09:38 GMT
22:09:38.680 [main] DEBUG o.a.h.impl.client.DefaultHttpClient - Connection can be kept alive indefinitely
22:09:38.680 [main] DEBUG i.r.i.RequestSpecificationImpl$RestAssuredHttpBuilder - Parsing response as: text/plain;charset=UTF-8
22:09:38.680 [main] DEBUG i.r.i.RequestSpecificationImpl$RestAssuredHttpBuilder - Parsed data to instance of: class org.apache.http.conn.EofSensorInputStream
22:09:38.681 [main] DEBUG org.apache.http.wire -  << "a:1500"
22:09:38.681 [main] DEBUG o.a.h.i.c.BasicClientConnectionManager - Releasing connection org.apache.http.impl.conn.ManagedClientConnectionImpl@419f0ea
22:09:38.681 [main] DEBUG o.a.h.i.c.BasicClientConnectionManager - Connection can be kept alive indefinitely
22:09:38.685 [main] DEBUG o.a.h.i.c.BasicClientConnectionManager - Get connection for route {}->http://localhost:8080
22:09:38.685 [main] DEBUG o.a.h.i.c.DefaultClientConnectionOperator - Connecting to localhost:8080
22:09:38.686 [main] DEBUG o.a.h.c.protocol.RequestAddCookies - CookieSpec selected: ignoreCookies
22:09:38.686 [main] DEBUG o.a.h.c.protocol.RequestAuthCache - Auth cache not set in the context
22:09:38.686 [main] DEBUG o.a.h.c.p.RequestTargetAuthentication - Target auth state: UNCHALLENGED
22:09:38.686 [main] DEBUG o.a.h.c.p.RequestProxyAuthentication - Proxy auth state: UNCHALLENGED
22:09:38.686 [main] DEBUG o.a.h.impl.client.DefaultHttpClient - Attempt 1 to execute request
22:09:38.686 [main] DEBUG o.a.h.i.conn.DefaultClientConnection - Sending request: GET /1?a=10&b=6 HTTP/1.1
22:09:38.686 [main] DEBUG org.apache.http.wire -  >> "GET /1?a=10&b=6 HTTP/1.1[\r][\n]"
22:09:38.686 [main] DEBUG org.apache.http.wire -  >> "Accept: */*[\r][\n]"
22:09:38.686 [main] DEBUG org.apache.http.wire -  >> "Host: localhost:8080[\r][\n]"
22:09:38.686 [main] DEBUG org.apache.http.wire -  >> "Connection: Keep-Alive[\r][\n]"
22:09:38.686 [main] DEBUG org.apache.http.wire -  >> "User-Agent: Apache-HttpClient/4.5.3 (Java/13.0.5.1)[\r][\n]"
22:09:38.686 [main] DEBUG org.apache.http.wire -  >> "Accept-Encoding: gzip,deflate[\r][\n]"
22:09:38.686 [main] DEBUG org.apache.http.wire -  >> "[\r][\n]"
22:09:38.686 [main] DEBUG org.apache.http.headers - >> GET /1?a=10&b=6 HTTP/1.1
22:09:38.686 [main] DEBUG org.apache.http.headers - >> Accept: */*
22:09:38.686 [main] DEBUG org.apache.http.headers - >> Host: localhost:8080
22:09:38.686 [main] DEBUG org.apache.http.headers - >> Connection: Keep-Alive
22:09:38.686 [main] DEBUG org.apache.http.headers - >> User-Agent: Apache-HttpClient/4.5.3 (Java/13.0.5.1)
22:09:38.686 [main] DEBUG org.apache.http.headers - >> Accept-Encoding: gzip,deflate
22:09:38.705 [main] DEBUG org.apache.http.wire -  << "HTTP/1.1 200 OK[\r][\n]"
22:09:38.705 [main] DEBUG org.apache.http.wire -  << "Server: Apache-Coyote/1.1[\r][\n]"
22:09:38.705 [main] DEBUG org.apache.http.wire -  << "Content-Type: text/plain;charset=UTF-8[\r][\n]"
22:09:38.705 [main] DEBUG org.apache.http.wire -  << "Content-Length: 6[\r][\n]"
22:09:38.705 [main] DEBUG org.apache.http.wire -  << "Date: Sun, 07 Feb 2021 21:09:38 GMT[\r][\n]"
22:09:38.705 [main] DEBUG org.apache.http.wire -  << "[\r][\n]"
22:09:38.705 [main] DEBUG o.a.h.i.conn.DefaultClientConnection - Receiving response: HTTP/1.1 200 OK
22:09:38.705 [main] DEBUG org.apache.http.headers - << HTTP/1.1 200 OK
22:09:38.705 [main] DEBUG org.apache.http.headers - << Server: Apache-Coyote/1.1
22:09:38.705 [main] DEBUG org.apache.http.headers - << Content-Type: text/plain;charset=UTF-8
22:09:38.705 [main] DEBUG org.apache.http.headers - << Content-Length: 6
22:09:38.705 [main] DEBUG org.apache.http.headers - << Date: Sun, 07 Feb 2021 21:09:38 GMT
22:09:38.706 [main] DEBUG o.a.h.impl.client.DefaultHttpClient - Connection can be kept alive indefinitely
22:09:38.706 [main] DEBUG i.r.i.RequestSpecificationImpl$RestAssuredHttpBuilder - Parsing response as: text/plain;charset=UTF-8
22:09:38.706 [main] DEBUG i.r.i.RequestSpecificationImpl$RestAssuredHttpBuilder - Parsed data to instance of: class org.apache.http.conn.EofSensorInputStream
22:09:38.706 [main] DEBUG org.apache.http.wire -  << "a:1500"
22:09:38.706 [main] DEBUG o.a.h.i.c.BasicClientConnectionManager - Releasing connection org.apache.http.impl.conn.ManagedClientConnectionImpl@48106381
22:09:38.706 [main] DEBUG o.a.h.i.c.BasicClientConnectionManager - Connection can be kept alive indefinitely
22:09:38.709 [main] DEBUG o.a.h.i.c.BasicClientConnectionManager - Get connection for route {}->http://localhost:8080
22:09:38.709 [main] DEBUG o.a.h.i.c.DefaultClientConnectionOperator - Connecting to localhost:8080
22:09:38.710 [main] DEBUG o.a.h.c.protocol.RequestAddCookies - CookieSpec selected: ignoreCookies
22:09:38.710 [main] DEBUG o.a.h.c.protocol.RequestAuthCache - Auth cache not set in the context
22:09:38.710 [main] DEBUG o.a.h.c.p.RequestTargetAuthentication - Target auth state: UNCHALLENGED
22:09:38.710 [main] DEBUG o.a.h.c.p.RequestProxyAuthentication - Proxy auth state: UNCHALLENGED
22:09:38.710 [main] DEBUG o.a.h.impl.client.DefaultHttpClient - Attempt 1 to execute request
22:09:38.710 [main] DEBUG o.a.h.i.conn.DefaultClientConnection - Sending request: GET /1?a=10&b=6 HTTP/1.1
22:09:38.710 [main] DEBUG org.apache.http.wire -  >> "GET /1?a=10&b=6 HTTP/1.1[\r][\n]"
22:09:38.710 [main] DEBUG org.apache.http.wire -  >> "Accept: */*[\r][\n]"
22:09:38.710 [main] DEBUG org.apache.http.wire -  >> "Host: localhost:8080[\r][\n]"
22:09:38.710 [main] DEBUG org.apache.http.wire -  >> "Connection: Keep-Alive[\r][\n]"
22:09:38.710 [main] DEBUG org.apache.http.wire -  >> "User-Agent: Apache-HttpClient/4.5.3 (Java/13.0.5.1)[\r][\n]"
22:09:38.710 [main] DEBUG org.apache.http.wire -  >> "Accept-Encoding: gzip,deflate[\r][\n]"
22:09:38.710 [main] DEBUG org.apache.http.wire -  >> "[\r][\n]"
22:09:38.710 [main] DEBUG org.apache.http.headers - >> GET /1?a=10&b=6 HTTP/1.1
22:09:38.710 [main] DEBUG org.apache.http.headers - >> Accept: */*
22:09:38.710 [main] DEBUG org.apache.http.headers - >> Host: localhost:8080
22:09:38.710 [main] DEBUG org.apache.http.headers - >> Connection: Keep-Alive
22:09:38.710 [main] DEBUG org.apache.http.headers - >> User-Agent: Apache-HttpClient/4.5.3 (Java/13.0.5.1)
22:09:38.710 [main] DEBUG org.apache.http.headers - >> Accept-Encoding: gzip,deflate
22:09:38.735 [main] DEBUG org.apache.http.wire -  << "HTTP/1.1 200 OK[\r][\n]"
22:09:38.735 [main] DEBUG org.apache.http.wire -  << "Server: Apache-Coyote/1.1[\r][\n]"
22:09:38.735 [main] DEBUG org.apache.http.wire -  << "Content-Type: text/plain;charset=UTF-8[\r][\n]"
22:09:38.735 [main] DEBUG org.apache.http.wire -  << "Content-Length: 6[\r][\n]"
22:09:38.735 [main] DEBUG org.apache.http.wire -  << "Date: Sun, 07 Feb 2021 21:09:38 GMT[\r][\n]"
22:09:38.735 [main] DEBUG org.apache.http.wire -  << "[\r][\n]"
22:09:38.735 [main] DEBUG o.a.h.i.conn.DefaultClientConnection - Receiving response: HTTP/1.1 200 OK
22:09:38.735 [main] DEBUG org.apache.http.headers - << HTTP/1.1 200 OK
22:09:38.735 [main] DEBUG org.apache.http.headers - << Server: Apache-Coyote/1.1
22:09:38.735 [main] DEBUG org.apache.http.headers - << Content-Type: text/plain;charset=UTF-8
22:09:38.735 [main] DEBUG org.apache.http.headers - << Content-Length: 6
22:09:38.735 [main] DEBUG org.apache.http.headers - << Date: Sun, 07 Feb 2021 21:09:38 GMT
22:09:38.735 [main] DEBUG o.a.h.impl.client.DefaultHttpClient - Connection can be kept alive indefinitely
22:09:38.735 [main] DEBUG i.r.i.RequestSpecificationImpl$RestAssuredHttpBuilder - Parsing response as: text/plain;charset=UTF-8
22:09:38.735 [main] DEBUG i.r.i.RequestSpecificationImpl$RestAssuredHttpBuilder - Parsed data to instance of: class org.apache.http.conn.EofSensorInputStream
22:09:38.735 [main] DEBUG org.apache.http.wire -  << "a:1500"
22:09:38.735 [main] DEBUG o.a.h.i.c.BasicClientConnectionManager - Releasing connection org.apache.http.impl.conn.ManagedClientConnectionImpl@433d93e7
22:09:38.735 [main] DEBUG o.a.h.i.c.BasicClientConnectionManager - Connection can be kept alive indefinitely
22:09:38.738 [main] DEBUG o.a.h.i.c.BasicClientConnectionManager - Get connection for route {}->http://localhost:8080
22:09:38.739 [main] DEBUG o.a.h.i.c.DefaultClientConnectionOperator - Connecting to localhost:8080
22:09:38.739 [main] DEBUG o.a.h.c.protocol.RequestAddCookies - CookieSpec selected: ignoreCookies
22:09:38.739 [main] DEBUG o.a.h.c.protocol.RequestAuthCache - Auth cache not set in the context
22:09:38.739 [main] DEBUG o.a.h.c.p.RequestTargetAuthentication - Target auth state: UNCHALLENGED
22:09:38.739 [main] DEBUG o.a.h.c.p.RequestProxyAuthentication - Proxy auth state: UNCHALLENGED
22:09:38.739 [main] DEBUG o.a.h.impl.client.DefaultHttpClient - Attempt 1 to execute request
22:09:38.739 [main] DEBUG o.a.h.i.conn.DefaultClientConnection - Sending request: GET /1?a=10&b=6 HTTP/1.1
22:09:38.739 [main] DEBUG org.apache.http.wire -  >> "GET /1?a=10&b=6 HTTP/1.1[\r][\n]"
22:09:38.739 [main] DEBUG org.apache.http.wire -  >> "Accept: */*[\r][\n]"
22:09:38.739 [main] DEBUG org.apache.http.wire -  >> "Host: localhost:8080[\r][\n]"
22:09:38.739 [main] DEBUG org.apache.http.wire -  >> "Connection: Keep-Alive[\r][\n]"
22:09:38.739 [main] DEBUG org.apache.http.wire -  >> "User-Agent: Apache-HttpClient/4.5.3 (Java/13.0.5.1)[\r][\n]"
22:09:38.739 [main] DEBUG org.apache.http.wire -  >> "Accept-Encoding: gzip,deflate[\r][\n]"
22:09:38.739 [main] DEBUG org.apache.http.wire -  >> "[\r][\n]"
22:09:38.739 [main] DEBUG org.apache.http.headers - >> GET /1?a=10&b=6 HTTP/1.1
22:09:38.739 [main] DEBUG org.apache.http.headers - >> Accept: */*
22:09:38.739 [main] DEBUG org.apache.http.headers - >> Host: localhost:8080
22:09:38.739 [main] DEBUG org.apache.http.headers - >> Connection: Keep-Alive
22:09:38.739 [main] DEBUG org.apache.http.headers - >> User-Agent: Apache-HttpClient/4.5.3 (Java/13.0.5.1)
22:09:38.739 [main] DEBUG org.apache.http.headers - >> Accept-Encoding: gzip,deflate
22:09:38.756 [main] DEBUG org.apache.http.wire -  << "HTTP/1.1 200 OK[\r][\n]"
22:09:38.756 [main] DEBUG org.apache.http.wire -  << "Server: Apache-Coyote/1.1[\r][\n]"
22:09:38.756 [main] DEBUG org.apache.http.wire -  << "Content-Type: text/plain;charset=UTF-8[\r][\n]"
22:09:38.756 [main] DEBUG org.apache.http.wire -  << "Content-Length: 6[\r][\n]"
22:09:38.756 [main] DEBUG org.apache.http.wire -  << "Date: Sun, 07 Feb 2021 21:09:38 GMT[\r][\n]"
22:09:38.756 [main] DEBUG org.apache.http.wire -  << "[\r][\n]"
22:09:38.756 [main] DEBUG o.a.h.i.conn.DefaultClientConnection - Receiving response: HTTP/1.1 200 OK
22:09:38.756 [main] DEBUG org.apache.http.headers - << HTTP/1.1 200 OK
22:09:38.756 [main] DEBUG org.apache.http.headers - << Server: Apache-Coyote/1.1
22:09:38.756 [main] DEBUG org.apache.http.headers - << Content-Type: text/plain;charset=UTF-8
22:09:38.756 [main] DEBUG org.apache.http.headers - << Content-Length: 6
22:09:38.756 [main] DEBUG org.apache.http.headers - << Date: Sun, 07 Feb 2021 21:09:38 GMT
22:09:38.756 [main] DEBUG o.a.h.impl.client.DefaultHttpClient - Connection can be kept alive indefinitely
22:09:38.756 [main] DEBUG i.r.i.RequestSpecificationImpl$RestAssuredHttpBuilder - Parsing response as: text/plain;charset=UTF-8
22:09:38.756 [main] DEBUG i.r.i.RequestSpecificationImpl$RestAssuredHttpBuilder - Parsed data to instance of: class org.apache.http.conn.EofSensorInputStream
22:09:38.757 [main] DEBUG org.apache.http.wire -  << "a:1500"
22:09:38.757 [main] DEBUG o.a.h.i.c.BasicClientConnectionManager - Releasing connection org.apache.http.impl.conn.ManagedClientConnectionImpl@43a59289
22:09:38.757 [main] DEBUG o.a.h.i.c.BasicClientConnectionManager - Connection can be kept alive indefinitely
22:09:38.759 [main] DEBUG o.a.h.i.c.BasicClientConnectionManager - Get connection for route {}->http://localhost:8080
22:09:38.759 [main] DEBUG o.a.h.i.c.DefaultClientConnectionOperator - Connecting to localhost:8080
22:09:38.759 [main] DEBUG o.a.h.c.protocol.RequestAddCookies - CookieSpec selected: ignoreCookies
22:09:38.759 [main] DEBUG o.a.h.c.protocol.RequestAuthCache - Auth cache not set in the context
22:09:38.759 [main] DEBUG o.a.h.c.p.RequestTargetAuthentication - Target auth state: UNCHALLENGED
22:09:38.759 [main] DEBUG o.a.h.c.p.RequestProxyAuthentication - Proxy auth state: UNCHALLENGED
22:09:38.759 [main] DEBUG o.a.h.impl.client.DefaultHttpClient - Attempt 1 to execute request
22:09:38.759 [main] DEBUG o.a.h.i.conn.DefaultClientConnection - Sending request: GET /1?a=10&b=6 HTTP/1.1
22:09:38.759 [main] DEBUG org.apache.http.wire -  >> "GET /1?a=10&b=6 HTTP/1.1[\r][\n]"
22:09:38.759 [main] DEBUG org.apache.http.wire -  >> "Accept: */*[\r][\n]"
22:09:38.759 [main] DEBUG org.apache.http.wire -  >> "Host: localhost:8080[\r][\n]"
22:09:38.759 [main] DEBUG org.apache.http.wire -  >> "Connection: Keep-Alive[\r][\n]"
22:09:38.759 [main] DEBUG org.apache.http.wire -  >> "User-Agent: Apache-HttpClient/4.5.3 (Java/13.0.5.1)[\r][\n]"
22:09:38.759 [main] DEBUG org.apache.http.wire -  >> "Accept-Encoding: gzip,deflate[\r][\n]"
22:09:38.759 [main] DEBUG org.apache.http.wire -  >> "[\r][\n]"
22:09:38.759 [main] DEBUG org.apache.http.headers - >> GET /1?a=10&b=6 HTTP/1.1
22:09:38.759 [main] DEBUG org.apache.http.headers - >> Accept: */*
22:09:38.759 [main] DEBUG org.apache.http.headers - >> Host: localhost:8080
22:09:38.759 [main] DEBUG org.apache.http.headers - >> Connection: Keep-Alive
22:09:38.759 [main] DEBUG org.apache.http.headers - >> User-Agent: Apache-HttpClient/4.5.3 (Java/13.0.5.1)
22:09:38.759 [main] DEBUG org.apache.http.headers - >> Accept-Encoding: gzip,deflate
22:09:38.781 [main] DEBUG org.apache.http.wire -  << "HTTP/1.1 200 OK[\r][\n]"
22:09:38.781 [main] DEBUG org.apache.http.wire -  << "Server: Apache-Coyote/1.1[\r][\n]"
22:09:38.781 [main] DEBUG org.apache.http.wire -  << "Content-Type: text/plain;charset=UTF-8[\r][\n]"
22:09:38.781 [main] DEBUG org.apache.http.wire -  << "Content-Length: 6[\r][\n]"
22:09:38.781 [main] DEBUG org.apache.http.wire -  << "Date: Sun, 07 Feb 2021 21:09:38 GMT[\r][\n]"
22:09:38.781 [main] DEBUG org.apache.http.wire -  << "[\r][\n]"
22:09:38.781 [main] DEBUG o.a.h.i.conn.DefaultClientConnection - Receiving response: HTTP/1.1 200 OK
22:09:38.781 [main] DEBUG org.apache.http.headers - << HTTP/1.1 200 OK
22:09:38.781 [main] DEBUG org.apache.http.headers - << Server: Apache-Coyote/1.1
22:09:38.781 [main] DEBUG org.apache.http.headers - << Content-Type: text/plain;charset=UTF-8
22:09:38.781 [main] DEBUG org.apache.http.headers - << Content-Length: 6
22:09:38.781 [main] DEBUG org.apache.http.headers - << Date: Sun, 07 Feb 2021 21:09:38 GMT
22:09:38.781 [main] DEBUG o.a.h.impl.client.DefaultHttpClient - Connection can be kept alive indefinitely
22:09:38.781 [main] DEBUG i.r.i.RequestSpecificationImpl$RestAssuredHttpBuilder - Parsing response as: text/plain;charset=UTF-8
22:09:38.781 [main] DEBUG i.r.i.RequestSpecificationImpl$RestAssuredHttpBuilder - Parsed data to instance of: class org.apache.http.conn.EofSensorInputStream
22:09:38.782 [main] DEBUG org.apache.http.wire -  << "a:1500"
22:09:38.782 [main] DEBUG o.a.h.i.c.BasicClientConnectionManager - Releasing connection org.apache.http.impl.conn.ManagedClientConnectionImpl@126a9a3d
22:09:38.782 [main] DEBUG o.a.h.i.c.BasicClientConnectionManager - Connection can be kept alive indefinitely
22:09:38.784 [main] DEBUG o.a.h.i.c.BasicClientConnectionManager - Get connection for route {}->http://localhost:8080
22:09:38.784 [main] DEBUG o.a.h.i.c.DefaultClientConnectionOperator - Connecting to localhost:8080
22:09:38.785 [main] DEBUG o.a.h.c.protocol.RequestAddCookies - CookieSpec selected: ignoreCookies
22:09:38.785 [main] DEBUG o.a.h.c.protocol.RequestAuthCache - Auth cache not set in the context
22:09:38.785 [main] DEBUG o.a.h.c.p.RequestTargetAuthentication - Target auth state: UNCHALLENGED
22:09:38.785 [main] DEBUG o.a.h.c.p.RequestProxyAuthentication - Proxy auth state: UNCHALLENGED
22:09:38.785 [main] DEBUG o.a.h.impl.client.DefaultHttpClient - Attempt 1 to execute request
22:09:38.785 [main] DEBUG o.a.h.i.conn.DefaultClientConnection - Sending request: GET /1?a=10&b=6 HTTP/1.1
22:09:38.785 [main] DEBUG org.apache.http.wire -  >> "GET /1?a=10&b=6 HTTP/1.1[\r][\n]"
22:09:38.785 [main] DEBUG org.apache.http.wire -  >> "Accept: */*[\r][\n]"
22:09:38.785 [main] DEBUG org.apache.http.wire -  >> "Host: localhost:8080[\r][\n]"
22:09:38.785 [main] DEBUG org.apache.http.wire -  >> "Connection: Keep-Alive[\r][\n]"
22:09:38.785 [main] DEBUG org.apache.http.wire -  >> "User-Agent: Apache-HttpClient/4.5.3 (Java/13.0.5.1)[\r][\n]"
22:09:38.785 [main] DEBUG org.apache.http.wire -  >> "Accept-Encoding: gzip,deflate[\r][\n]"
22:09:38.785 [main] DEBUG org.apache.http.wire -  >> "[\r][\n]"
22:09:38.785 [main] DEBUG org.apache.http.headers - >> GET /1?a=10&b=6 HTTP/1.1
22:09:38.785 [main] DEBUG org.apache.http.headers - >> Accept: */*
22:09:38.785 [main] DEBUG org.apache.http.headers - >> Host: localhost:8080
22:09:38.785 [main] DEBUG org.apache.http.headers - >> Connection: Keep-Alive
22:09:38.785 [main] DEBUG org.apache.http.headers - >> User-Agent: Apache-HttpClient/4.5.3 (Java/13.0.5.1)
22:09:38.785 [main] DEBUG org.apache.http.headers - >> Accept-Encoding: gzip,deflate
22:09:38.803 [main] DEBUG org.apache.http.wire -  << "HTTP/1.1 200 OK[\r][\n]"
22:09:38.803 [main] DEBUG org.apache.http.wire -  << "Server: Apache-Coyote/1.1[\r][\n]"
22:09:38.803 [main] DEBUG org.apache.http.wire -  << "Content-Type: text/plain;charset=UTF-8[\r][\n]"
22:09:38.803 [main] DEBUG org.apache.http.wire -  << "Content-Length: 6[\r][\n]"
22:09:38.803 [main] DEBUG org.apache.http.wire -  << "Date: Sun, 07 Feb 2021 21:09:38 GMT[\r][\n]"
22:09:38.803 [main] DEBUG org.apache.http.wire -  << "[\r][\n]"
22:09:38.803 [main] DEBUG o.a.h.i.conn.DefaultClientConnection - Receiving response: HTTP/1.1 200 OK
22:09:38.803 [main] DEBUG org.apache.http.headers - << HTTP/1.1 200 OK
22:09:38.803 [main] DEBUG org.apache.http.headers - << Server: Apache-Coyote/1.1
22:09:38.803 [main] DEBUG org.apache.http.headers - << Content-Type: text/plain;charset=UTF-8
22:09:38.803 [main] DEBUG org.apache.http.headers - << Content-Length: 6
22:09:38.803 [main] DEBUG org.apache.http.headers - << Date: Sun, 07 Feb 2021 21:09:38 GMT
22:09:38.803 [main] DEBUG o.a.h.impl.client.DefaultHttpClient - Connection can be kept alive indefinitely
22:09:38.803 [main] DEBUG i.r.i.RequestSpecificationImpl$RestAssuredHttpBuilder - Parsing response as: text/plain;charset=UTF-8
22:09:38.803 [main] DEBUG i.r.i.RequestSpecificationImpl$RestAssuredHttpBuilder - Parsed data to instance of: class org.apache.http.conn.EofSensorInputStream
22:09:38.803 [main] DEBUG org.apache.http.wire -  << "a:1500"
22:09:38.803 [main] DEBUG o.a.h.i.c.BasicClientConnectionManager - Releasing connection org.apache.http.impl.conn.ManagedClientConnectionImpl@175ac243
22:09:38.803 [main] DEBUG o.a.h.i.c.BasicClientConnectionManager - Connection can be kept alive indefinitely
22:09:38.806 [main] DEBUG o.a.h.i.c.BasicClientConnectionManager - Get connection for route {}->http://localhost:8080
22:09:38.806 [main] DEBUG o.a.h.i.c.DefaultClientConnectionOperator - Connecting to localhost:8080
22:09:38.806 [main] DEBUG o.a.h.c.protocol.RequestAddCookies - CookieSpec selected: ignoreCookies
22:09:38.806 [main] DEBUG o.a.h.c.protocol.RequestAuthCache - Auth cache not set in the context
22:09:38.806 [main] DEBUG o.a.h.c.p.RequestTargetAuthentication - Target auth state: UNCHALLENGED
22:09:38.806 [main] DEBUG o.a.h.c.p.RequestProxyAuthentication - Proxy auth state: UNCHALLENGED
22:09:38.806 [main] DEBUG o.a.h.impl.client.DefaultHttpClient - Attempt 1 to execute request
22:09:38.806 [main] DEBUG o.a.h.i.conn.DefaultClientConnection - Sending request: GET /1?a=10&b=6 HTTP/1.1
22:09:38.806 [main] DEBUG org.apache.http.wire -  >> "GET /1?a=10&b=6 HTTP/1.1[\r][\n]"
22:09:38.806 [main] DEBUG org.apache.http.wire -  >> "Accept: */*[\r][\n]"
22:09:38.806 [main] DEBUG org.apache.http.wire -  >> "Host: localhost:8080[\r][\n]"
22:09:38.806 [main] DEBUG org.apache.http.wire -  >> "Connection: Keep-Alive[\r][\n]"
22:09:38.806 [main] DEBUG org.apache.http.wire -  >> "User-Agent: Apache-HttpClient/4.5.3 (Java/13.0.5.1)[\r][\n]"
22:09:38.806 [main] DEBUG org.apache.http.wire -  >> "Accept-Encoding: gzip,deflate[\r][\n]"
22:09:38.806 [main] DEBUG org.apache.http.wire -  >> "[\r][\n]"
22:09:38.806 [main] DEBUG org.apache.http.headers - >> GET /1?a=10&b=6 HTTP/1.1
22:09:38.806 [main] DEBUG org.apache.http.headers - >> Accept: */*
22:09:38.806 [main] DEBUG org.apache.http.headers - >> Host: localhost:8080
22:09:38.806 [main] DEBUG org.apache.http.headers - >> Connection: Keep-Alive
22:09:38.806 [main] DEBUG org.apache.http.headers - >> User-Agent: Apache-HttpClient/4.5.3 (Java/13.0.5.1)
22:09:38.806 [main] DEBUG org.apache.http.headers - >> Accept-Encoding: gzip,deflate
22:09:38.829 [main] DEBUG org.apache.http.wire -  << "HTTP/1.1 200 OK[\r][\n]"
22:09:38.829 [main] DEBUG org.apache.http.wire -  << "Server: Apache-Coyote/1.1[\r][\n]"
22:09:38.829 [main] DEBUG org.apache.http.wire -  << "Content-Type: text/plain;charset=UTF-8[\r][\n]"
22:09:38.829 [main] DEBUG org.apache.http.wire -  << "Content-Length: 6[\r][\n]"
22:09:38.829 [main] DEBUG org.apache.http.wire -  << "Date: Sun, 07 Feb 2021 21:09:38 GMT[\r][\n]"
22:09:38.829 [main] DEBUG org.apache.http.wire -  << "[\r][\n]"
22:09:38.829 [main] DEBUG o.a.h.i.conn.DefaultClientConnection - Receiving response: HTTP/1.1 200 OK
22:09:38.829 [main] DEBUG org.apache.http.headers - << HTTP/1.1 200 OK
22:09:38.829 [main] DEBUG org.apache.http.headers - << Server: Apache-Coyote/1.1
22:09:38.829 [main] DEBUG org.apache.http.headers - << Content-Type: text/plain;charset=UTF-8
22:09:38.829 [main] DEBUG org.apache.http.headers - << Content-Length: 6
22:09:38.829 [main] DEBUG org.apache.http.headers - << Date: Sun, 07 Feb 2021 21:09:38 GMT
22:09:38.829 [main] DEBUG o.a.h.impl.client.DefaultHttpClient - Connection can be kept alive indefinitely
22:09:38.829 [main] DEBUG i.r.i.RequestSpecificationImpl$RestAssuredHttpBuilder - Parsing response as: text/plain;charset=UTF-8
22:09:38.829 [main] DEBUG i.r.i.RequestSpecificationImpl$RestAssuredHttpBuilder - Parsed data to instance of: class org.apache.http.conn.EofSensorInputStream
22:09:38.829 [main] DEBUG org.apache.http.wire -  << "a:1500"
22:09:38.829 [main] DEBUG o.a.h.i.c.BasicClientConnectionManager - Releasing connection org.apache.http.impl.conn.ManagedClientConnectionImpl@1073c664
22:09:38.829 [main] DEBUG o.a.h.i.c.BasicClientConnectionManager - Connection can be kept alive indefinitely
22:09:38.833 [main] DEBUG o.a.h.i.c.BasicClientConnectionManager - Get connection for route {}->http://localhost:8080
22:09:38.833 [main] DEBUG o.a.h.i.c.DefaultClientConnectionOperator - Connecting to localhost:8080
22:09:38.833 [main] DEBUG o.a.h.c.protocol.RequestAddCookies - CookieSpec selected: ignoreCookies
22:09:38.833 [main] DEBUG o.a.h.c.protocol.RequestAuthCache - Auth cache not set in the context
22:09:38.833 [main] DEBUG o.a.h.c.p.RequestTargetAuthentication - Target auth state: UNCHALLENGED
22:09:38.833 [main] DEBUG o.a.h.c.p.RequestProxyAuthentication - Proxy auth state: UNCHALLENGED
22:09:38.833 [main] DEBUG o.a.h.impl.client.DefaultHttpClient - Attempt 1 to execute request
22:09:38.833 [main] DEBUG o.a.h.i.conn.DefaultClientConnection - Sending request: GET /1?a=10&b=6 HTTP/1.1
22:09:38.833 [main] DEBUG org.apache.http.wire -  >> "GET /1?a=10&b=6 HTTP/1.1[\r][\n]"
22:09:38.833 [main] DEBUG org.apache.http.wire -  >> "Accept: */*[\r][\n]"
22:09:38.833 [main] DEBUG org.apache.http.wire -  >> "Host: localhost:8080[\r][\n]"
22:09:38.833 [main] DEBUG org.apache.http.wire -  >> "Connection: Keep-Alive[\r][\n]"
22:09:38.833 [main] DEBUG org.apache.http.wire -  >> "User-Agent: Apache-HttpClient/4.5.3 (Java/13.0.5.1)[\r][\n]"
22:09:38.833 [main] DEBUG org.apache.http.wire -  >> "Accept-Encoding: gzip,deflate[\r][\n]"
22:09:38.833 [main] DEBUG org.apache.http.wire -  >> "[\r][\n]"
22:09:38.833 [main] DEBUG org.apache.http.headers - >> GET /1?a=10&b=6 HTTP/1.1
22:09:38.833 [main] DEBUG org.apache.http.headers - >> Accept: */*
22:09:38.833 [main] DEBUG org.apache.http.headers - >> Host: localhost:8080
22:09:38.833 [main] DEBUG org.apache.http.headers - >> Connection: Keep-Alive
22:09:38.833 [main] DEBUG org.apache.http.headers - >> User-Agent: Apache-HttpClient/4.5.3 (Java/13.0.5.1)
22:09:38.833 [main] DEBUG org.apache.http.headers - >> Accept-Encoding: gzip,deflate
22:09:38.852 [main] DEBUG org.apache.http.wire -  << "HTTP/1.1 200 OK[\r][\n]"
22:09:38.852 [main] DEBUG org.apache.http.wire -  << "Server: Apache-Coyote/1.1[\r][\n]"
22:09:38.852 [main] DEBUG org.apache.http.wire -  << "Content-Type: text/plain;charset=UTF-8[\r][\n]"
22:09:38.852 [main] DEBUG org.apache.http.wire -  << "Content-Length: 6[\r][\n]"
22:09:38.852 [main] DEBUG org.apache.http.wire -  << "Date: Sun, 07 Feb 2021 21:09:38 GMT[\r][\n]"
22:09:38.852 [main] DEBUG org.apache.http.wire -  << "[\r][\n]"
22:09:38.852 [main] DEBUG o.a.h.i.conn.DefaultClientConnection - Receiving response: HTTP/1.1 200 OK
22:09:38.852 [main] DEBUG org.apache.http.headers - << HTTP/1.1 200 OK
22:09:38.852 [main] DEBUG org.apache.http.headers - << Server: Apache-Coyote/1.1
22:09:38.852 [main] DEBUG org.apache.http.headers - << Content-Type: text/plain;charset=UTF-8
22:09:38.852 [main] DEBUG org.apache.http.headers - << Content-Length: 6
22:09:38.852 [main] DEBUG org.apache.http.headers - << Date: Sun, 07 Feb 2021 21:09:38 GMT
22:09:38.852 [main] DEBUG o.a.h.impl.client.DefaultHttpClient - Connection can be kept alive indefinitely
22:09:38.852 [main] DEBUG i.r.i.RequestSpecificationImpl$RestAssuredHttpBuilder - Parsing response as: text/plain;charset=UTF-8
22:09:38.852 [main] DEBUG i.r.i.RequestSpecificationImpl$RestAssuredHttpBuilder - Parsed data to instance of: class org.apache.http.conn.EofSensorInputStream
22:09:38.852 [main] DEBUG org.apache.http.wire -  << "a:1500"
22:09:38.852 [main] DEBUG o.a.h.i.c.BasicClientConnectionManager - Releasing connection org.apache.http.impl.conn.ManagedClientConnectionImpl@152e7703
22:09:38.852 [main] DEBUG o.a.h.i.c.BasicClientConnectionManager - Connection can be kept alive indefinitely
22:09:38.855 [main] DEBUG o.a.h.i.c.BasicClientConnectionManager - Get connection for route {}->http://localhost:8080
22:09:38.855 [main] DEBUG o.a.h.i.c.DefaultClientConnectionOperator - Connecting to localhost:8080
22:09:38.856 [main] DEBUG o.a.h.c.protocol.RequestAddCookies - CookieSpec selected: ignoreCookies
22:09:38.856 [main] DEBUG o.a.h.c.protocol.RequestAuthCache - Auth cache not set in the context
22:09:38.856 [main] DEBUG o.a.h.c.p.RequestTargetAuthentication - Target auth state: UNCHALLENGED
22:09:38.856 [main] DEBUG o.a.h.c.p.RequestProxyAuthentication - Proxy auth state: UNCHALLENGED
22:09:38.856 [main] DEBUG o.a.h.impl.client.DefaultHttpClient - Attempt 1 to execute request
22:09:38.856 [main] DEBUG o.a.h.i.conn.DefaultClientConnection - Sending request: GET /1?a=10&b=6 HTTP/1.1
22:09:38.856 [main] DEBUG org.apache.http.wire -  >> "GET /1?a=10&b=6 HTTP/1.1[\r][\n]"
22:09:38.856 [main] DEBUG org.apache.http.wire -  >> "Accept: */*[\r][\n]"
22:09:38.856 [main] DEBUG org.apache.http.wire -  >> "Host: localhost:8080[\r][\n]"
22:09:38.856 [main] DEBUG org.apache.http.wire -  >> "Connection: Keep-Alive[\r][\n]"
22:09:38.856 [main] DEBUG org.apache.http.wire -  >> "User-Agent: Apache-HttpClient/4.5.3 (Java/13.0.5.1)[\r][\n]"
22:09:38.856 [main] DEBUG org.apache.http.wire -  >> "Accept-Encoding: gzip,deflate[\r][\n]"
22:09:38.856 [main] DEBUG org.apache.http.wire -  >> "[\r][\n]"
22:09:38.856 [main] DEBUG org.apache.http.headers - >> GET /1?a=10&b=6 HTTP/1.1
22:09:38.856 [main] DEBUG org.apache.http.headers - >> Accept: */*
22:09:38.856 [main] DEBUG org.apache.http.headers - >> Host: localhost:8080
22:09:38.856 [main] DEBUG org.apache.http.headers - >> Connection: Keep-Alive
22:09:38.856 [main] DEBUG org.apache.http.headers - >> User-Agent: Apache-HttpClient/4.5.3 (Java/13.0.5.1)
22:09:38.856 [main] DEBUG org.apache.http.headers - >> Accept-Encoding: gzip,deflate
22:09:38.874 [main] DEBUG org.apache.http.wire -  << "HTTP/1.1 200 OK[\r][\n]"
22:09:38.874 [main] DEBUG org.apache.http.wire -  << "Server: Apache-Coyote/1.1[\r][\n]"
22:09:38.874 [main] DEBUG org.apache.http.wire -  << "Content-Type: text/plain;charset=UTF-8[\r][\n]"
22:09:38.874 [main] DEBUG org.apache.http.wire -  << "Content-Length: 6[\r][\n]"
22:09:38.874 [main] DEBUG org.apache.http.wire -  << "Date: Sun, 07 Feb 2021 21:09:38 GMT[\r][\n]"
22:09:38.874 [main] DEBUG org.apache.http.wire -  << "[\r][\n]"
22:09:38.874 [main] DEBUG o.a.h.i.conn.DefaultClientConnection - Receiving response: HTTP/1.1 200 OK
22:09:38.874 [main] DEBUG org.apache.http.headers - << HTTP/1.1 200 OK
22:09:38.874 [main] DEBUG org.apache.http.headers - << Server: Apache-Coyote/1.1
22:09:38.874 [main] DEBUG org.apache.http.headers - << Content-Type: text/plain;charset=UTF-8
22:09:38.874 [main] DEBUG org.apache.http.headers - << Content-Length: 6
22:09:38.874 [main] DEBUG org.apache.http.headers - << Date: Sun, 07 Feb 2021 21:09:38 GMT
22:09:38.874 [main] DEBUG o.a.h.impl.client.DefaultHttpClient - Connection can be kept alive indefinitely
22:09:38.875 [main] DEBUG i.r.i.RequestSpecificationImpl$RestAssuredHttpBuilder - Parsing response as: text/plain;charset=UTF-8
22:09:38.875 [main] DEBUG i.r.i.RequestSpecificationImpl$RestAssuredHttpBuilder - Parsed data to instance of: class org.apache.http.conn.EofSensorInputStream
22:09:38.875 [main] DEBUG org.apache.http.wire -  << "a:1500"
22:09:38.875 [main] DEBUG o.a.h.i.c.BasicClientConnectionManager - Releasing connection org.apache.http.impl.conn.ManagedClientConnectionImpl@789dd6bf
22:09:38.875 [main] DEBUG o.a.h.i.c.BasicClientConnectionManager - Connection can be kept alive indefinitely
22:09:38.878 [main] DEBUG o.a.h.i.c.BasicClientConnectionManager - Get connection for route {}->http://localhost:8080
22:09:38.878 [main] DEBUG o.a.h.i.c.DefaultClientConnectionOperator - Connecting to localhost:8080
22:09:38.878 [main] DEBUG o.a.h.c.protocol.RequestAddCookies - CookieSpec selected: ignoreCookies
22:09:38.879 [main] DEBUG o.a.h.c.protocol.RequestAuthCache - Auth cache not set in the context
22:09:38.879 [main] DEBUG o.a.h.c.p.RequestTargetAuthentication - Target auth state: UNCHALLENGED
22:09:38.879 [main] DEBUG o.a.h.c.p.RequestProxyAuthentication - Proxy auth state: UNCHALLENGED
22:09:38.879 [main] DEBUG o.a.h.impl.client.DefaultHttpClient - Attempt 1 to execute request
22:09:38.879 [main] DEBUG o.a.h.i.conn.DefaultClientConnection - Sending request: GET /1?a=10&b=6 HTTP/1.1
22:09:38.879 [main] DEBUG org.apache.http.wire -  >> "GET /1?a=10&b=6 HTTP/1.1[\r][\n]"
22:09:38.879 [main] DEBUG org.apache.http.wire -  >> "Accept: */*[\r][\n]"
22:09:38.879 [main] DEBUG org.apache.http.wire -  >> "Host: localhost:8080[\r][\n]"
22:09:38.879 [main] DEBUG org.apache.http.wire -  >> "Connection: Keep-Alive[\r][\n]"
22:09:38.879 [main] DEBUG org.apache.http.wire -  >> "User-Agent: Apache-HttpClient/4.5.3 (Java/13.0.5.1)[\r][\n]"
22:09:38.879 [main] DEBUG org.apache.http.wire -  >> "Accept-Encoding: gzip,deflate[\r][\n]"
22:09:38.879 [main] DEBUG org.apache.http.wire -  >> "[\r][\n]"
22:09:38.879 [main] DEBUG org.apache.http.headers - >> GET /1?a=10&b=6 HTTP/1.1
22:09:38.879 [main] DEBUG org.apache.http.headers - >> Accept: */*
22:09:38.879 [main] DEBUG org.apache.http.headers - >> Host: localhost:8080
22:09:38.879 [main] DEBUG org.apache.http.headers - >> Connection: Keep-Alive
22:09:38.879 [main] DEBUG org.apache.http.headers - >> User-Agent: Apache-HttpClient/4.5.3 (Java/13.0.5.1)
22:09:38.879 [main] DEBUG org.apache.http.headers - >> Accept-Encoding: gzip,deflate
22:09:38.896 [main] DEBUG org.apache.http.wire -  << "HTTP/1.1 200 OK[\r][\n]"
22:09:38.896 [main] DEBUG org.apache.http.wire -  << "Server: Apache-Coyote/1.1[\r][\n]"
22:09:38.896 [main] DEBUG org.apache.http.wire -  << "Content-Type: text/plain;charset=UTF-8[\r][\n]"
22:09:38.896 [main] DEBUG org.apache.http.wire -  << "Content-Length: 6[\r][\n]"
22:09:38.896 [main] DEBUG org.apache.http.wire -  << "Date: Sun, 07 Feb 2021 21:09:38 GMT[\r][\n]"
22:09:38.896 [main] DEBUG org.apache.http.wire -  << "[\r][\n]"
22:09:38.896 [main] DEBUG o.a.h.i.conn.DefaultClientConnection - Receiving response: HTTP/1.1 200 OK
22:09:38.896 [main] DEBUG org.apache.http.headers - << HTTP/1.1 200 OK
22:09:38.896 [main] DEBUG org.apache.http.headers - << Server: Apache-Coyote/1.1
22:09:38.896 [main] DEBUG org.apache.http.headers - << Content-Type: text/plain;charset=UTF-8
22:09:38.896 [main] DEBUG org.apache.http.headers - << Content-Length: 6
22:09:38.896 [main] DEBUG org.apache.http.headers - << Date: Sun, 07 Feb 2021 21:09:38 GMT
22:09:38.896 [main] DEBUG o.a.h.impl.client.DefaultHttpClient - Connection can be kept alive indefinitely
22:09:38.896 [main] DEBUG i.r.i.RequestSpecificationImpl$RestAssuredHttpBuilder - Parsing response as: text/plain;charset=UTF-8
22:09:38.896 [main] DEBUG i.r.i.RequestSpecificationImpl$RestAssuredHttpBuilder - Parsed data to instance of: class org.apache.http.conn.EofSensorInputStream
22:09:38.896 [main] DEBUG org.apache.http.wire -  << "a:1500"
22:09:38.896 [main] DEBUG o.a.h.i.c.BasicClientConnectionManager - Releasing connection org.apache.http.impl.conn.ManagedClientConnectionImpl@69d667a5
22:09:38.896 [main] DEBUG o.a.h.i.c.BasicClientConnectionManager - Connection can be kept alive indefinitely
22:09:38.899 [main] DEBUG o.a.h.i.c.BasicClientConnectionManager - Get connection for route {}->http://localhost:8080
22:09:38.899 [main] DEBUG o.a.h.i.c.DefaultClientConnectionOperator - Connecting to localhost:8080
22:09:38.899 [main] DEBUG o.a.h.c.protocol.RequestAddCookies - CookieSpec selected: ignoreCookies
22:09:38.899 [main] DEBUG o.a.h.c.protocol.RequestAuthCache - Auth cache not set in the context
22:09:38.899 [main] DEBUG o.a.h.c.p.RequestTargetAuthentication - Target auth state: UNCHALLENGED
22:09:38.899 [main] DEBUG o.a.h.c.p.RequestProxyAuthentication - Proxy auth state: UNCHALLENGED
22:09:38.899 [main] DEBUG o.a.h.impl.client.DefaultHttpClient - Attempt 1 to execute request
22:09:38.899 [main] DEBUG o.a.h.i.conn.DefaultClientConnection - Sending request: GET /1?a=10&b=6 HTTP/1.1
22:09:38.899 [main] DEBUG org.apache.http.wire -  >> "GET /1?a=10&b=6 HTTP/1.1[\r][\n]"
22:09:38.899 [main] DEBUG org.apache.http.wire -  >> "Accept: */*[\r][\n]"
22:09:38.899 [main] DEBUG org.apache.http.wire -  >> "Host: localhost:8080[\r][\n]"
22:09:38.899 [main] DEBUG org.apache.http.wire -  >> "Connection: Keep-Alive[\r][\n]"
22:09:38.899 [main] DEBUG org.apache.http.wire -  >> "User-Agent: Apache-HttpClient/4.5.3 (Java/13.0.5.1)[\r][\n]"
22:09:38.899 [main] DEBUG org.apache.http.wire -  >> "Accept-Encoding: gzip,deflate[\r][\n]"
22:09:38.899 [main] DEBUG org.apache.http.wire -  >> "[\r][\n]"
22:09:38.899 [main] DEBUG org.apache.http.headers - >> GET /1?a=10&b=6 HTTP/1.1
22:09:38.899 [main] DEBUG org.apache.http.headers - >> Accept: */*
22:09:38.899 [main] DEBUG org.apache.http.headers - >> Host: localhost:8080
22:09:38.899 [main] DEBUG org.apache.http.headers - >> Connection: Keep-Alive
22:09:38.899 [main] DEBUG org.apache.http.headers - >> User-Agent: Apache-HttpClient/4.5.3 (Java/13.0.5.1)
22:09:38.899 [main] DEBUG org.apache.http.headers - >> Accept-Encoding: gzip,deflate
22:09:38.917 [main] DEBUG org.apache.http.wire -  << "HTTP/1.1 200 OK[\r][\n]"
22:09:38.917 [main] DEBUG org.apache.http.wire -  << "Server: Apache-Coyote/1.1[\r][\n]"
22:09:38.917 [main] DEBUG org.apache.http.wire -  << "Content-Type: text/plain;charset=UTF-8[\r][\n]"
22:09:38.917 [main] DEBUG org.apache.http.wire -  << "Content-Length: 6[\r][\n]"
22:09:38.917 [main] DEBUG org.apache.http.wire -  << "Date: Sun, 07 Feb 2021 21:09:38 GMT[\r][\n]"
22:09:38.917 [main] DEBUG org.apache.http.wire -  << "[\r][\n]"
22:09:38.917 [main] DEBUG o.a.h.i.conn.DefaultClientConnection - Receiving response: HTTP/1.1 200 OK
22:09:38.917 [main] DEBUG org.apache.http.headers - << HTTP/1.1 200 OK
22:09:38.917 [main] DEBUG org.apache.http.headers - << Server: Apache-Coyote/1.1
22:09:38.917 [main] DEBUG org.apache.http.headers - << Content-Type: text/plain;charset=UTF-8
22:09:38.917 [main] DEBUG org.apache.http.headers - << Content-Length: 6
22:09:38.917 [main] DEBUG org.apache.http.headers - << Date: Sun, 07 Feb 2021 21:09:38 GMT
22:09:38.918 [main] DEBUG o.a.h.impl.client.DefaultHttpClient - Connection can be kept alive indefinitely
22:09:38.918 [main] DEBUG i.r.i.RequestSpecificationImpl$RestAssuredHttpBuilder - Parsing response as: text/plain;charset=UTF-8
22:09:38.918 [main] DEBUG i.r.i.RequestSpecificationImpl$RestAssuredHttpBuilder - Parsed data to instance of: class org.apache.http.conn.EofSensorInputStream
22:09:38.918 [main] DEBUG org.apache.http.wire -  << "a:1500"
22:09:38.918 [main] DEBUG o.a.h.i.c.BasicClientConnectionManager - Releasing connection org.apache.http.impl.conn.ManagedClientConnectionImpl@42f9873e
22:09:38.918 [main] DEBUG o.a.h.i.c.BasicClientConnectionManager - Connection can be kept alive indefinitely
22:09:38.921 [main] DEBUG o.a.h.i.c.BasicClientConnectionManager - Get connection for route {}->http://localhost:8080
22:09:38.921 [main] DEBUG o.a.h.i.c.DefaultClientConnectionOperator - Connecting to localhost:8080
22:09:38.922 [main] DEBUG o.a.h.c.protocol.RequestAddCookies - CookieSpec selected: ignoreCookies
22:09:38.922 [main] DEBUG o.a.h.c.protocol.RequestAuthCache - Auth cache not set in the context
22:09:38.922 [main] DEBUG o.a.h.c.p.RequestTargetAuthentication - Target auth state: UNCHALLENGED
22:09:38.922 [main] DEBUG o.a.h.c.p.RequestProxyAuthentication - Proxy auth state: UNCHALLENGED
22:09:38.922 [main] DEBUG o.a.h.impl.client.DefaultHttpClient - Attempt 1 to execute request
22:09:38.922 [main] DEBUG o.a.h.i.conn.DefaultClientConnection - Sending request: GET /1?a=10&b=6 HTTP/1.1
22:09:38.922 [main] DEBUG org.apache.http.wire -  >> "GET /1?a=10&b=6 HTTP/1.1[\r][\n]"
22:09:38.922 [main] DEBUG org.apache.http.wire -  >> "Accept: */*[\r][\n]"
22:09:38.922 [main] DEBUG org.apache.http.wire -  >> "Host: localhost:8080[\r][\n]"
22:09:38.922 [main] DEBUG org.apache.http.wire -  >> "Connection: Keep-Alive[\r][\n]"
22:09:38.922 [main] DEBUG org.apache.http.wire -  >> "User-Agent: Apache-HttpClient/4.5.3 (Java/13.0.5.1)[\r][\n]"
22:09:38.922 [main] DEBUG org.apache.http.wire -  >> "Accept-Encoding: gzip,deflate[\r][\n]"
22:09:38.922 [main] DEBUG org.apache.http.wire -  >> "[\r][\n]"
22:09:38.922 [main] DEBUG org.apache.http.headers - >> GET /1?a=10&b=6 HTTP/1.1
22:09:38.922 [main] DEBUG org.apache.http.headers - >> Accept: */*
22:09:38.922 [main] DEBUG org.apache.http.headers - >> Host: localhost:8080
22:09:38.922 [main] DEBUG org.apache.http.headers - >> Connection: Keep-Alive
22:09:38.922 [main] DEBUG org.apache.http.headers - >> User-Agent: Apache-HttpClient/4.5.3 (Java/13.0.5.1)
22:09:38.922 [main] DEBUG org.apache.http.headers - >> Accept-Encoding: gzip,deflate
22:09:38.942 [main] DEBUG org.apache.http.wire -  << "HTTP/1.1 200 OK[\r][\n]"
22:09:38.942 [main] DEBUG org.apache.http.wire -  << "Server: Apache-Coyote/1.1[\r][\n]"
22:09:38.942 [main] DEBUG org.apache.http.wire -  << "Content-Type: text/plain;charset=UTF-8[\r][\n]"
22:09:38.942 [main] DEBUG org.apache.http.wire -  << "Content-Length: 6[\r][\n]"
22:09:38.942 [main] DEBUG org.apache.http.wire -  << "Date: Sun, 07 Feb 2021 21:09:38 GMT[\r][\n]"
22:09:38.942 [main] DEBUG org.apache.http.wire -  << "[\r][\n]"
22:09:38.942 [main] DEBUG o.a.h.i.conn.DefaultClientConnection - Receiving response: HTTP/1.1 200 OK
22:09:38.942 [main] DEBUG org.apache.http.headers - << HTTP/1.1 200 OK
22:09:38.942 [main] DEBUG org.apache.http.headers - << Server: Apache-Coyote/1.1
22:09:38.942 [main] DEBUG org.apache.http.headers - << Content-Type: text/plain;charset=UTF-8
22:09:38.942 [main] DEBUG org.apache.http.headers - << Content-Length: 6
22:09:38.942 [main] DEBUG org.apache.http.headers - << Date: Sun, 07 Feb 2021 21:09:38 GMT
22:09:38.942 [main] DEBUG o.a.h.impl.client.DefaultHttpClient - Connection can be kept alive indefinitely
22:09:38.942 [main] DEBUG i.r.i.RequestSpecificationImpl$RestAssuredHttpBuilder - Parsing response as: text/plain;charset=UTF-8
22:09:38.942 [main] DEBUG i.r.i.RequestSpecificationImpl$RestAssuredHttpBuilder - Parsed data to instance of: class org.apache.http.conn.EofSensorInputStream
22:09:38.943 [main] DEBUG org.apache.http.wire -  << "a:1500"
22:09:38.943 [main] DEBUG o.a.h.i.c.BasicClientConnectionManager - Releasing connection org.apache.http.impl.conn.ManagedClientConnectionImpl@965bcbc
22:09:38.943 [main] DEBUG o.a.h.i.c.BasicClientConnectionManager - Connection can be kept alive indefinitely
22:09:38.948 [main] DEBUG o.a.h.i.c.BasicClientConnectionManager - Get connection for route {}->http://localhost:8080
22:09:38.949 [main] DEBUG o.a.h.i.c.DefaultClientConnectionOperator - Connecting to localhost:8080
22:09:38.950 [main] DEBUG o.a.h.c.protocol.RequestAddCookies - CookieSpec selected: ignoreCookies
22:09:38.950 [main] DEBUG o.a.h.c.protocol.RequestAuthCache - Auth cache not set in the context
22:09:38.950 [main] DEBUG o.a.h.c.p.RequestTargetAuthentication - Target auth state: UNCHALLENGED
22:09:38.950 [main] DEBUG o.a.h.c.p.RequestProxyAuthentication - Proxy auth state: UNCHALLENGED
22:09:38.950 [main] DEBUG o.a.h.impl.client.DefaultHttpClient - Attempt 1 to execute request
22:09:38.950 [main] DEBUG o.a.h.i.conn.DefaultClientConnection - Sending request: GET /1?a=10&b=6 HTTP/1.1
22:09:38.950 [main] DEBUG org.apache.http.wire -  >> "GET /1?a=10&b=6 HTTP/1.1[\r][\n]"
22:09:38.950 [main] DEBUG org.apache.http.wire -  >> "Accept: */*[\r][\n]"
22:09:38.950 [main] DEBUG org.apache.http.wire -  >> "Host: localhost:8080[\r][\n]"
22:09:38.950 [main] DEBUG org.apache.http.wire -  >> "Connection: Keep-Alive[\r][\n]"
22:09:38.950 [main] DEBUG org.apache.http.wire -  >> "User-Agent: Apache-HttpClient/4.5.3 (Java/13.0.5.1)[\r][\n]"
22:09:38.950 [main] DEBUG org.apache.http.wire -  >> "Accept-Encoding: gzip,deflate[\r][\n]"
22:09:38.950 [main] DEBUG org.apache.http.wire -  >> "[\r][\n]"
22:09:38.950 [main] DEBUG org.apache.http.headers - >> GET /1?a=10&b=6 HTTP/1.1
22:09:38.950 [main] DEBUG org.apache.http.headers - >> Accept: */*
22:09:38.950 [main] DEBUG org.apache.http.headers - >> Host: localhost:8080
22:09:38.950 [main] DEBUG org.apache.http.headers - >> Connection: Keep-Alive
22:09:38.950 [main] DEBUG org.apache.http.headers - >> User-Agent: Apache-HttpClient/4.5.3 (Java/13.0.5.1)
22:09:38.950 [main] DEBUG org.apache.http.headers - >> Accept-Encoding: gzip,deflate
22:09:38.973 [main] DEBUG org.apache.http.wire -  << "HTTP/1.1 200 OK[\r][\n]"
22:09:38.973 [main] DEBUG org.apache.http.wire -  << "Server: Apache-Coyote/1.1[\r][\n]"
22:09:38.973 [main] DEBUG org.apache.http.wire -  << "Content-Type: text/plain;charset=UTF-8[\r][\n]"
22:09:38.973 [main] DEBUG org.apache.http.wire -  << "Content-Length: 6[\r][\n]"
22:09:38.973 [main] DEBUG org.apache.http.wire -  << "Date: Sun, 07 Feb 2021 21:09:38 GMT[\r][\n]"
22:09:38.973 [main] DEBUG org.apache.http.wire -  << "[\r][\n]"
22:09:38.973 [main] DEBUG o.a.h.i.conn.DefaultClientConnection - Receiving response: HTTP/1.1 200 OK
22:09:38.973 [main] DEBUG org.apache.http.headers - << HTTP/1.1 200 OK
22:09:38.973 [main] DEBUG org.apache.http.headers - << Server: Apache-Coyote/1.1
22:09:38.973 [main] DEBUG org.apache.http.headers - << Content-Type: text/plain;charset=UTF-8
22:09:38.973 [main] DEBUG org.apache.http.headers - << Content-Length: 6
22:09:38.973 [main] DEBUG org.apache.http.headers - << Date: Sun, 07 Feb 2021 21:09:38 GMT
22:09:38.973 [main] DEBUG o.a.h.impl.client.DefaultHttpClient - Connection can be kept alive indefinitely
22:09:38.973 [main] DEBUG i.r.i.RequestSpecificationImpl$RestAssuredHttpBuilder - Parsing response as: text/plain;charset=UTF-8
22:09:38.973 [main] DEBUG i.r.i.RequestSpecificationImpl$RestAssuredHttpBuilder - Parsed data to instance of: class org.apache.http.conn.EofSensorInputStream
22:09:38.974 [main] DEBUG org.apache.http.wire -  << "a:1500"
22:09:38.974 [main] DEBUG o.a.h.i.c.BasicClientConnectionManager - Releasing connection org.apache.http.impl.conn.ManagedClientConnectionImpl@1bbb42b4
22:09:38.974 [main] DEBUG o.a.h.i.c.BasicClientConnectionManager - Connection can be kept alive indefinitely
22:09:38.976 [main] DEBUG o.a.h.i.c.BasicClientConnectionManager - Get connection for route {}->http://localhost:8080
22:09:38.976 [main] DEBUG o.a.h.i.c.DefaultClientConnectionOperator - Connecting to localhost:8080
22:09:38.977 [main] DEBUG o.a.h.c.protocol.RequestAddCookies - CookieSpec selected: ignoreCookies
22:09:38.977 [main] DEBUG o.a.h.c.protocol.RequestAuthCache - Auth cache not set in the context
22:09:38.977 [main] DEBUG o.a.h.c.p.RequestTargetAuthentication - Target auth state: UNCHALLENGED
22:09:38.977 [main] DEBUG o.a.h.c.p.RequestProxyAuthentication - Proxy auth state: UNCHALLENGED
22:09:38.977 [main] DEBUG o.a.h.impl.client.DefaultHttpClient - Attempt 1 to execute request
22:09:38.977 [main] DEBUG o.a.h.i.conn.DefaultClientConnection - Sending request: GET /1?a=10&b=6 HTTP/1.1
22:09:38.977 [main] DEBUG org.apache.http.wire -  >> "GET /1?a=10&b=6 HTTP/1.1[\r][\n]"
22:09:38.977 [main] DEBUG org.apache.http.wire -  >> "Accept: */*[\r][\n]"
22:09:38.977 [main] DEBUG org.apache.http.wire -  >> "Host: localhost:8080[\r][\n]"
22:09:38.977 [main] DEBUG org.apache.http.wire -  >> "Connection: Keep-Alive[\r][\n]"
22:09:38.977 [main] DEBUG org.apache.http.wire -  >> "User-Agent: Apache-HttpClient/4.5.3 (Java/13.0.5.1)[\r][\n]"
22:09:38.977 [main] DEBUG org.apache.http.wire -  >> "Accept-Encoding: gzip,deflate[\r][\n]"
22:09:38.977 [main] DEBUG org.apache.http.wire -  >> "[\r][\n]"
22:09:38.977 [main] DEBUG org.apache.http.headers - >> GET /1?a=10&b=6 HTTP/1.1
22:09:38.977 [main] DEBUG org.apache.http.headers - >> Accept: */*
22:09:38.977 [main] DEBUG org.apache.http.headers - >> Host: localhost:8080
22:09:38.977 [main] DEBUG org.apache.http.headers - >> Connection: Keep-Alive
22:09:38.977 [main] DEBUG org.apache.http.headers - >> User-Agent: Apache-HttpClient/4.5.3 (Java/13.0.5.1)
22:09:38.977 [main] DEBUG org.apache.http.headers - >> Accept-Encoding: gzip,deflate
22:09:38.996 [main] DEBUG org.apache.http.wire -  << "HTTP/1.1 200 OK[\r][\n]"
22:09:38.996 [main] DEBUG org.apache.http.wire -  << "Server: Apache-Coyote/1.1[\r][\n]"
22:09:38.996 [main] DEBUG org.apache.http.wire -  << "Content-Type: text/plain;charset=UTF-8[\r][\n]"
22:09:38.996 [main] DEBUG org.apache.http.wire -  << "Content-Length: 6[\r][\n]"
22:09:38.996 [main] DEBUG org.apache.http.wire -  << "Date: Sun, 07 Feb 2021 21:09:38 GMT[\r][\n]"
22:09:38.996 [main] DEBUG org.apache.http.wire -  << "[\r][\n]"
22:09:38.996 [main] DEBUG o.a.h.i.conn.DefaultClientConnection - Receiving response: HTTP/1.1 200 OK
22:09:38.996 [main] DEBUG org.apache.http.headers - << HTTP/1.1 200 OK
22:09:38.996 [main] DEBUG org.apache.http.headers - << Server: Apache-Coyote/1.1
22:09:38.996 [main] DEBUG org.apache.http.headers - << Content-Type: text/plain;charset=UTF-8
22:09:38.996 [main] DEBUG org.apache.http.headers - << Content-Length: 6
22:09:38.996 [main] DEBUG org.apache.http.headers - << Date: Sun, 07 Feb 2021 21:09:38 GMT
22:09:38.997 [main] DEBUG o.a.h.impl.client.DefaultHttpClient - Connection can be kept alive indefinitely
22:09:38.997 [main] DEBUG i.r.i.RequestSpecificationImpl$RestAssuredHttpBuilder - Parsing response as: text/plain;charset=UTF-8
22:09:38.997 [main] DEBUG i.r.i.RequestSpecificationImpl$RestAssuredHttpBuilder - Parsed data to instance of: class org.apache.http.conn.EofSensorInputStream
22:09:38.997 [main] DEBUG org.apache.http.wire -  << "a:1500"
22:09:38.997 [main] DEBUG o.a.h.i.c.BasicClientConnectionManager - Releasing connection org.apache.http.impl.conn.ManagedClientConnectionImpl@95cecc5
22:09:38.997 [main] DEBUG o.a.h.i.c.BasicClientConnectionManager - Connection can be kept alive indefinitely
22:09:38.999 [main] DEBUG o.a.h.i.c.BasicClientConnectionManager - Get connection for route {}->http://localhost:8080
22:09:38.999 [main] DEBUG o.a.h.i.c.DefaultClientConnectionOperator - Connecting to localhost:8080
22:09:39.000 [main] DEBUG o.a.h.c.protocol.RequestAddCookies - CookieSpec selected: ignoreCookies
22:09:39.000 [main] DEBUG o.a.h.c.protocol.RequestAuthCache - Auth cache not set in the context
22:09:39.000 [main] DEBUG o.a.h.c.p.RequestTargetAuthentication - Target auth state: UNCHALLENGED
22:09:39.000 [main] DEBUG o.a.h.c.p.RequestProxyAuthentication - Proxy auth state: UNCHALLENGED
22:09:39.000 [main] DEBUG o.a.h.impl.client.DefaultHttpClient - Attempt 1 to execute request
22:09:39.000 [main] DEBUG o.a.h.i.conn.DefaultClientConnection - Sending request: GET /1?a=10&b=6 HTTP/1.1
22:09:39.000 [main] DEBUG org.apache.http.wire -  >> "GET /1?a=10&b=6 HTTP/1.1[\r][\n]"
22:09:39.000 [main] DEBUG org.apache.http.wire -  >> "Accept: */*[\r][\n]"
22:09:39.000 [main] DEBUG org.apache.http.wire -  >> "Host: localhost:8080[\r][\n]"
22:09:39.000 [main] DEBUG org.apache.http.wire -  >> "Connection: Keep-Alive[\r][\n]"
22:09:39.000 [main] DEBUG org.apache.http.wire -  >> "User-Agent: Apache-HttpClient/4.5.3 (Java/13.0.5.1)[\r][\n]"
22:09:39.000 [main] DEBUG org.apache.http.wire -  >> "Accept-Encoding: gzip,deflate[\r][\n]"
22:09:39.000 [main] DEBUG org.apache.http.wire -  >> "[\r][\n]"
22:09:39.000 [main] DEBUG org.apache.http.headers - >> GET /1?a=10&b=6 HTTP/1.1
22:09:39.000 [main] DEBUG org.apache.http.headers - >> Accept: */*
22:09:39.000 [main] DEBUG org.apache.http.headers - >> Host: localhost:8080
22:09:39.000 [main] DEBUG org.apache.http.headers - >> Connection: Keep-Alive
22:09:39.000 [main] DEBUG org.apache.http.headers - >> User-Agent: Apache-HttpClient/4.5.3 (Java/13.0.5.1)
22:09:39.000 [main] DEBUG org.apache.http.headers - >> Accept-Encoding: gzip,deflate
22:09:39.017 [main] DEBUG org.apache.http.wire -  << "HTTP/1.1 200 OK[\r][\n]"
22:09:39.018 [main] DEBUG org.apache.http.wire -  << "Server: Apache-Coyote/1.1[\r][\n]"
22:09:39.018 [main] DEBUG org.apache.http.wire -  << "Content-Type: text/plain;charset=UTF-8[\r][\n]"
22:09:39.018 [main] DEBUG org.apache.http.wire -  << "Content-Length: 6[\r][\n]"
22:09:39.018 [main] DEBUG org.apache.http.wire -  << "Date: Sun, 07 Feb 2021 21:09:38 GMT[\r][\n]"
22:09:39.018 [main] DEBUG org.apache.http.wire -  << "[\r][\n]"
22:09:39.018 [main] DEBUG o.a.h.i.conn.DefaultClientConnection - Receiving response: HTTP/1.1 200 OK
22:09:39.018 [main] DEBUG org.apache.http.headers - << HTTP/1.1 200 OK
22:09:39.018 [main] DEBUG org.apache.http.headers - << Server: Apache-Coyote/1.1
22:09:39.018 [main] DEBUG org.apache.http.headers - << Content-Type: text/plain;charset=UTF-8
22:09:39.018 [main] DEBUG org.apache.http.headers - << Content-Length: 6
22:09:39.018 [main] DEBUG org.apache.http.headers - << Date: Sun, 07 Feb 2021 21:09:38 GMT
22:09:39.018 [main] DEBUG o.a.h.impl.client.DefaultHttpClient - Connection can be kept alive indefinitely
22:09:39.018 [main] DEBUG i.r.i.RequestSpecificationImpl$RestAssuredHttpBuilder - Parsing response as: text/plain;charset=UTF-8
22:09:39.018 [main] DEBUG i.r.i.RequestSpecificationImpl$RestAssuredHttpBuilder - Parsed data to instance of: class org.apache.http.conn.EofSensorInputStream
22:09:39.018 [main] DEBUG org.apache.http.wire -  << "a:1500"
22:09:39.018 [main] DEBUG o.a.h.i.c.BasicClientConnectionManager - Releasing connection org.apache.http.impl.conn.ManagedClientConnectionImpl@29c244e
22:09:39.018 [main] DEBUG o.a.h.i.c.BasicClientConnectionManager - Connection can be kept alive indefinitely
22:09:39.021 [main] DEBUG o.a.h.i.c.BasicClientConnectionManager - Get connection for route {}->http://localhost:8080
22:09:39.021 [main] DEBUG o.a.h.i.c.DefaultClientConnectionOperator - Connecting to localhost:8080
22:09:39.021 [main] DEBUG o.a.h.c.protocol.RequestAddCookies - CookieSpec selected: ignoreCookies
22:09:39.022 [main] DEBUG o.a.h.c.protocol.RequestAuthCache - Auth cache not set in the context
22:09:39.022 [main] DEBUG o.a.h.c.p.RequestTargetAuthentication - Target auth state: UNCHALLENGED
22:09:39.022 [main] DEBUG o.a.h.c.p.RequestProxyAuthentication - Proxy auth state: UNCHALLENGED
22:09:39.022 [main] DEBUG o.a.h.impl.client.DefaultHttpClient - Attempt 1 to execute request
22:09:39.022 [main] DEBUG o.a.h.i.conn.DefaultClientConnection - Sending request: GET /1?a=10&b=6 HTTP/1.1
22:09:39.022 [main] DEBUG org.apache.http.wire -  >> "GET /1?a=10&b=6 HTTP/1.1[\r][\n]"
22:09:39.022 [main] DEBUG org.apache.http.wire -  >> "Accept: */*[\r][\n]"
22:09:39.022 [main] DEBUG org.apache.http.wire -  >> "Host: localhost:8080[\r][\n]"
22:09:39.022 [main] DEBUG org.apache.http.wire -  >> "Connection: Keep-Alive[\r][\n]"
22:09:39.022 [main] DEBUG org.apache.http.wire -  >> "User-Agent: Apache-HttpClient/4.5.3 (Java/13.0.5.1)[\r][\n]"
22:09:39.022 [main] DEBUG org.apache.http.wire -  >> "Accept-Encoding: gzip,deflate[\r][\n]"
22:09:39.022 [main] DEBUG org.apache.http.wire -  >> "[\r][\n]"
22:09:39.022 [main] DEBUG org.apache.http.headers - >> GET /1?a=10&b=6 HTTP/1.1
22:09:39.022 [main] DEBUG org.apache.http.headers - >> Accept: */*
22:09:39.022 [main] DEBUG org.apache.http.headers - >> Host: localhost:8080
22:09:39.022 [main] DEBUG org.apache.http.headers - >> Connection: Keep-Alive
22:09:39.022 [main] DEBUG org.apache.http.headers - >> User-Agent: Apache-HttpClient/4.5.3 (Java/13.0.5.1)
22:09:39.022 [main] DEBUG org.apache.http.headers - >> Accept-Encoding: gzip,deflate
22:09:39.044 [main] DEBUG org.apache.http.wire -  << "HTTP/1.1 200 OK[\r][\n]"
22:09:39.044 [main] DEBUG org.apache.http.wire -  << "Server: Apache-Coyote/1.1[\r][\n]"
22:09:39.044 [main] DEBUG org.apache.http.wire -  << "Content-Type: text/plain;charset=UTF-8[\r][\n]"
22:09:39.044 [main] DEBUG org.apache.http.wire -  << "Content-Length: 6[\r][\n]"
22:09:39.044 [main] DEBUG org.apache.http.wire -  << "Date: Sun, 07 Feb 2021 21:09:39 GMT[\r][\n]"
22:09:39.044 [main] DEBUG org.apache.http.wire -  << "[\r][\n]"
22:09:39.044 [main] DEBUG o.a.h.i.conn.DefaultClientConnection - Receiving response: HTTP/1.1 200 OK
22:09:39.044 [main] DEBUG org.apache.http.headers - << HTTP/1.1 200 OK
22:09:39.044 [main] DEBUG org.apache.http.headers - << Server: Apache-Coyote/1.1
22:09:39.044 [main] DEBUG org.apache.http.headers - << Content-Type: text/plain;charset=UTF-8
22:09:39.044 [main] DEBUG org.apache.http.headers - << Content-Length: 6
22:09:39.044 [main] DEBUG org.apache.http.headers - << Date: Sun, 07 Feb 2021 21:09:39 GMT
22:09:39.044 [main] DEBUG o.a.h.impl.client.DefaultHttpClient - Connection can be kept alive indefinitely
22:09:39.045 [main] DEBUG i.r.i.RequestSpecificationImpl$RestAssuredHttpBuilder - Parsing response as: text/plain;charset=UTF-8
22:09:39.045 [main] DEBUG i.r.i.RequestSpecificationImpl$RestAssuredHttpBuilder - Parsed data to instance of: class org.apache.http.conn.EofSensorInputStream
22:09:39.045 [main] DEBUG org.apache.http.wire -  << "a:1500"
22:09:39.045 [main] DEBUG o.a.h.i.c.BasicClientConnectionManager - Releasing connection org.apache.http.impl.conn.ManagedClientConnectionImpl@4404a6b
22:09:39.045 [main] DEBUG o.a.h.i.c.BasicClientConnectionManager - Connection can be kept alive indefinitely
22:09:39.047 [main] DEBUG o.a.h.i.c.BasicClientConnectionManager - Get connection for route {}->http://localhost:8080
22:09:39.047 [main] DEBUG o.a.h.i.c.DefaultClientConnectionOperator - Connecting to localhost:8080
22:09:39.048 [main] DEBUG o.a.h.c.protocol.RequestAddCookies - CookieSpec selected: ignoreCookies
22:09:39.048 [main] DEBUG o.a.h.c.protocol.RequestAuthCache - Auth cache not set in the context
22:09:39.048 [main] DEBUG o.a.h.c.p.RequestTargetAuthentication - Target auth state: UNCHALLENGED
22:09:39.048 [main] DEBUG o.a.h.c.p.RequestProxyAuthentication - Proxy auth state: UNCHALLENGED
22:09:39.048 [main] DEBUG o.a.h.impl.client.DefaultHttpClient - Attempt 1 to execute request
22:09:39.048 [main] DEBUG o.a.h.i.conn.DefaultClientConnection - Sending request: GET /1?a=10&b=6 HTTP/1.1
22:09:39.048 [main] DEBUG org.apache.http.wire -  >> "GET /1?a=10&b=6 HTTP/1.1[\r][\n]"
22:09:39.048 [main] DEBUG org.apache.http.wire -  >> "Accept: */*[\r][\n]"
22:09:39.048 [main] DEBUG org.apache.http.wire -  >> "Host: localhost:8080[\r][\n]"
22:09:39.048 [main] DEBUG org.apache.http.wire -  >> "Connection: Keep-Alive[\r][\n]"
22:09:39.048 [main] DEBUG org.apache.http.wire -  >> "User-Agent: Apache-HttpClient/4.5.3 (Java/13.0.5.1)[\r][\n]"
22:09:39.048 [main] DEBUG org.apache.http.wire -  >> "Accept-Encoding: gzip,deflate[\r][\n]"
22:09:39.048 [main] DEBUG org.apache.http.wire -  >> "[\r][\n]"
22:09:39.048 [main] DEBUG org.apache.http.headers - >> GET /1?a=10&b=6 HTTP/1.1
22:09:39.048 [main] DEBUG org.apache.http.headers - >> Accept: */*
22:09:39.048 [main] DEBUG org.apache.http.headers - >> Host: localhost:8080
22:09:39.048 [main] DEBUG org.apache.http.headers - >> Connection: Keep-Alive
22:09:39.048 [main] DEBUG org.apache.http.headers - >> User-Agent: Apache-HttpClient/4.5.3 (Java/13.0.5.1)
22:09:39.048 [main] DEBUG org.apache.http.headers - >> Accept-Encoding: gzip,deflate
22:09:39.073 [main] DEBUG org.apache.http.wire -  << "HTTP/1.1 200 OK[\r][\n]"
22:09:39.073 [main] DEBUG org.apache.http.wire -  << "Server: Apache-Coyote/1.1[\r][\n]"
22:09:39.073 [main] DEBUG org.apache.http.wire -  << "Content-Type: text/plain;charset=UTF-8[\r][\n]"
22:09:39.073 [main] DEBUG org.apache.http.wire -  << "Content-Length: 6[\r][\n]"
22:09:39.073 [main] DEBUG org.apache.http.wire -  << "Date: Sun, 07 Feb 2021 21:09:39 GMT[\r][\n]"
22:09:39.073 [main] DEBUG org.apache.http.wire -  << "[\r][\n]"
22:09:39.073 [main] DEBUG o.a.h.i.conn.DefaultClientConnection - Receiving response: HTTP/1.1 200 OK
22:09:39.073 [main] DEBUG org.apache.http.headers - << HTTP/1.1 200 OK
22:09:39.073 [main] DEBUG org.apache.http.headers - << Server: Apache-Coyote/1.1
22:09:39.073 [main] DEBUG org.apache.http.headers - << Content-Type: text/plain;charset=UTF-8
22:09:39.073 [main] DEBUG org.apache.http.headers - << Content-Length: 6
22:09:39.073 [main] DEBUG org.apache.http.headers - << Date: Sun, 07 Feb 2021 21:09:39 GMT
22:09:39.074 [main] DEBUG o.a.h.impl.client.DefaultHttpClient - Connection can be kept alive indefinitely
22:09:39.074 [main] DEBUG i.r.i.RequestSpecificationImpl$RestAssuredHttpBuilder - Parsing response as: text/plain;charset=UTF-8
22:09:39.074 [main] DEBUG i.r.i.RequestSpecificationImpl$RestAssuredHttpBuilder - Parsed data to instance of: class org.apache.http.conn.EofSensorInputStream
22:09:39.074 [main] DEBUG org.apache.http.wire -  << "a:1500"
22:09:39.074 [main] DEBUG o.a.h.i.c.BasicClientConnectionManager - Releasing connection org.apache.http.impl.conn.ManagedClientConnectionImpl@686b1e2d
22:09:39.074 [main] DEBUG o.a.h.i.c.BasicClientConnectionManager - Connection can be kept alive indefinitely
22:09:39.078 [main] DEBUG o.a.h.i.c.BasicClientConnectionManager - Get connection for route {}->http://localhost:8080
22:09:39.078 [main] DEBUG o.a.h.i.c.DefaultClientConnectionOperator - Connecting to localhost:8080
22:09:39.079 [main] DEBUG o.a.h.c.protocol.RequestAddCookies - CookieSpec selected: ignoreCookies
22:09:39.079 [main] DEBUG o.a.h.c.protocol.RequestAuthCache - Auth cache not set in the context
22:09:39.079 [main] DEBUG o.a.h.c.p.RequestTargetAuthentication - Target auth state: UNCHALLENGED
22:09:39.079 [main] DEBUG o.a.h.c.p.RequestProxyAuthentication - Proxy auth state: UNCHALLENGED
22:09:39.079 [main] DEBUG o.a.h.impl.client.DefaultHttpClient - Attempt 1 to execute request
22:09:39.079 [main] DEBUG o.a.h.i.conn.DefaultClientConnection - Sending request: GET /1?a=10&b=6 HTTP/1.1
22:09:39.079 [main] DEBUG org.apache.http.wire -  >> "GET /1?a=10&b=6 HTTP/1.1[\r][\n]"
22:09:39.079 [main] DEBUG org.apache.http.wire -  >> "Accept: */*[\r][\n]"
22:09:39.079 [main] DEBUG org.apache.http.wire -  >> "Host: localhost:8080[\r][\n]"
22:09:39.079 [main] DEBUG org.apache.http.wire -  >> "Connection: Keep-Alive[\r][\n]"
22:09:39.079 [main] DEBUG org.apache.http.wire -  >> "User-Agent: Apache-HttpClient/4.5.3 (Java/13.0.5.1)[\r][\n]"
22:09:39.079 [main] DEBUG org.apache.http.wire -  >> "Accept-Encoding: gzip,deflate[\r][\n]"
22:09:39.079 [main] DEBUG org.apache.http.wire -  >> "[\r][\n]"
22:09:39.079 [main] DEBUG org.apache.http.headers - >> GET /1?a=10&b=6 HTTP/1.1
22:09:39.079 [main] DEBUG org.apache.http.headers - >> Accept: */*
22:09:39.079 [main] DEBUG org.apache.http.headers - >> Host: localhost:8080
22:09:39.079 [main] DEBUG org.apache.http.headers - >> Connection: Keep-Alive
22:09:39.079 [main] DEBUG org.apache.http.headers - >> User-Agent: Apache-HttpClient/4.5.3 (Java/13.0.5.1)
22:09:39.079 [main] DEBUG org.apache.http.headers - >> Accept-Encoding: gzip,deflate
22:09:39.099 [main] DEBUG org.apache.http.wire -  << "HTTP/1.1 200 OK[\r][\n]"
22:09:39.099 [main] DEBUG org.apache.http.wire -  << "Server: Apache-Coyote/1.1[\r][\n]"
22:09:39.099 [main] DEBUG org.apache.http.wire -  << "Content-Type: text/plain;charset=UTF-8[\r][\n]"
22:09:39.099 [main] DEBUG org.apache.http.wire -  << "Content-Length: 6[\r][\n]"
22:09:39.099 [main] DEBUG org.apache.http.wire -  << "Date: Sun, 07 Feb 2021 21:09:39 GMT[\r][\n]"
22:09:39.099 [main] DEBUG org.apache.http.wire -  << "[\r][\n]"
22:09:39.099 [main] DEBUG o.a.h.i.conn.DefaultClientConnection - Receiving response: HTTP/1.1 200 OK
22:09:39.099 [main] DEBUG org.apache.http.headers - << HTTP/1.1 200 OK
22:09:39.099 [main] DEBUG org.apache.http.headers - << Server: Apache-Coyote/1.1
22:09:39.100 [main] DEBUG org.apache.http.headers - << Content-Type: text/plain;charset=UTF-8
22:09:39.100 [main] DEBUG org.apache.http.headers - << Content-Length: 6
22:09:39.100 [main] DEBUG org.apache.http.headers - << Date: Sun, 07 Feb 2021 21:09:39 GMT
22:09:39.100 [main] DEBUG o.a.h.impl.client.DefaultHttpClient - Connection can be kept alive indefinitely
22:09:39.100 [main] DEBUG i.r.i.RequestSpecificationImpl$RestAssuredHttpBuilder - Parsing response as: text/plain;charset=UTF-8
22:09:39.100 [main] DEBUG i.r.i.RequestSpecificationImpl$RestAssuredHttpBuilder - Parsed data to instance of: class org.apache.http.conn.EofSensorInputStream
22:09:39.100 [main] DEBUG org.apache.http.wire -  << "a:1500"
22:09:39.100 [main] DEBUG o.a.h.i.c.BasicClientConnectionManager - Releasing connection org.apache.http.impl.conn.ManagedClientConnectionImpl@5501d1c8
22:09:39.100 [main] DEBUG o.a.h.i.c.BasicClientConnectionManager - Connection can be kept alive indefinitely
22:09:39.103 [main] DEBUG o.a.h.i.c.BasicClientConnectionManager - Get connection for route {}->http://localhost:8080
22:09:39.103 [main] DEBUG o.a.h.i.c.DefaultClientConnectionOperator - Connecting to localhost:8080
22:09:39.104 [main] DEBUG o.a.h.c.protocol.RequestAddCookies - CookieSpec selected: ignoreCookies
22:09:39.104 [main] DEBUG o.a.h.c.protocol.RequestAuthCache - Auth cache not set in the context
22:09:39.104 [main] DEBUG o.a.h.c.p.RequestTargetAuthentication - Target auth state: UNCHALLENGED
22:09:39.104 [main] DEBUG o.a.h.c.p.RequestProxyAuthentication - Proxy auth state: UNCHALLENGED
22:09:39.104 [main] DEBUG o.a.h.impl.client.DefaultHttpClient - Attempt 1 to execute request
22:09:39.104 [main] DEBUG o.a.h.i.conn.DefaultClientConnection - Sending request: GET /1?a=10&b=6 HTTP/1.1
22:09:39.104 [main] DEBUG org.apache.http.wire -  >> "GET /1?a=10&b=6 HTTP/1.1[\r][\n]"
22:09:39.104 [main] DEBUG org.apache.http.wire -  >> "Accept: */*[\r][\n]"
22:09:39.104 [main] DEBUG org.apache.http.wire -  >> "Host: localhost:8080[\r][\n]"
22:09:39.104 [main] DEBUG org.apache.http.wire -  >> "Connection: Keep-Alive[\r][\n]"
22:09:39.104 [main] DEBUG org.apache.http.wire -  >> "User-Agent: Apache-HttpClient/4.5.3 (Java/13.0.5.1)[\r][\n]"
22:09:39.104 [main] DEBUG org.apache.http.wire -  >> "Accept-Encoding: gzip,deflate[\r][\n]"
22:09:39.104 [main] DEBUG org.apache.http.wire -  >> "[\r][\n]"
22:09:39.104 [main] DEBUG org.apache.http.headers - >> GET /1?a=10&b=6 HTTP/1.1
22:09:39.104 [main] DEBUG org.apache.http.headers - >> Accept: */*
22:09:39.104 [main] DEBUG org.apache.http.headers - >> Host: localhost:8080
22:09:39.104 [main] DEBUG org.apache.http.headers - >> Connection: Keep-Alive
22:09:39.104 [main] DEBUG org.apache.http.headers - >> User-Agent: Apache-HttpClient/4.5.3 (Java/13.0.5.1)
22:09:39.104 [main] DEBUG org.apache.http.headers - >> Accept-Encoding: gzip,deflate
22:09:39.129 [main] DEBUG org.apache.http.wire -  << "HTTP/1.1 200 OK[\r][\n]"
22:09:39.129 [main] DEBUG org.apache.http.wire -  << "Server: Apache-Coyote/1.1[\r][\n]"
22:09:39.129 [main] DEBUG org.apache.http.wire -  << "Content-Type: text/plain;charset=UTF-8[\r][\n]"
22:09:39.129 [main] DEBUG org.apache.http.wire -  << "Content-Length: 6[\r][\n]"
22:09:39.129 [main] DEBUG org.apache.http.wire -  << "Date: Sun, 07 Feb 2021 21:09:39 GMT[\r][\n]"
22:09:39.129 [main] DEBUG org.apache.http.wire -  << "[\r][\n]"
22:09:39.129 [main] DEBUG o.a.h.i.conn.DefaultClientConnection - Receiving response: HTTP/1.1 200 OK
22:09:39.129 [main] DEBUG org.apache.http.headers - << HTTP/1.1 200 OK
22:09:39.129 [main] DEBUG org.apache.http.headers - << Server: Apache-Coyote/1.1
22:09:39.129 [main] DEBUG org.apache.http.headers - << Content-Type: text/plain;charset=UTF-8
22:09:39.129 [main] DEBUG org.apache.http.headers - << Content-Length: 6
22:09:39.129 [main] DEBUG org.apache.http.headers - << Date: Sun, 07 Feb 2021 21:09:39 GMT
22:09:39.130 [main] DEBUG o.a.h.impl.client.DefaultHttpClient - Connection can be kept alive indefinitely
22:09:39.130 [main] DEBUG i.r.i.RequestSpecificationImpl$RestAssuredHttpBuilder - Parsing response as: text/plain;charset=UTF-8
22:09:39.130 [main] DEBUG i.r.i.RequestSpecificationImpl$RestAssuredHttpBuilder - Parsed data to instance of: class org.apache.http.conn.EofSensorInputStream
22:09:39.130 [main] DEBUG org.apache.http.wire -  << "a:1500"
22:09:39.130 [main] DEBUG o.a.h.i.c.BasicClientConnectionManager - Releasing connection org.apache.http.impl.conn.ManagedClientConnectionImpl@6cc8c13c
22:09:39.130 [main] DEBUG o.a.h.i.c.BasicClientConnectionManager - Connection can be kept alive indefinitely
22:09:39.133 [main] DEBUG o.a.h.i.c.BasicClientConnectionManager - Get connection for route {}->http://localhost:8080
22:09:39.133 [main] DEBUG o.a.h.i.c.DefaultClientConnectionOperator - Connecting to localhost:8080
22:09:39.134 [main] DEBUG o.a.h.c.protocol.RequestAddCookies - CookieSpec selected: ignoreCookies
22:09:39.134 [main] DEBUG o.a.h.c.protocol.RequestAuthCache - Auth cache not set in the context
22:09:39.134 [main] DEBUG o.a.h.c.p.RequestTargetAuthentication - Target auth state: UNCHALLENGED
22:09:39.134 [main] DEBUG o.a.h.c.p.RequestProxyAuthentication - Proxy auth state: UNCHALLENGED
22:09:39.134 [main] DEBUG o.a.h.impl.client.DefaultHttpClient - Attempt 1 to execute request
22:09:39.134 [main] DEBUG o.a.h.i.conn.DefaultClientConnection - Sending request: GET /1?a=10&b=6 HTTP/1.1
22:09:39.134 [main] DEBUG org.apache.http.wire -  >> "GET /1?a=10&b=6 HTTP/1.1[\r][\n]"
22:09:39.134 [main] DEBUG org.apache.http.wire -  >> "Accept: */*[\r][\n]"
22:09:39.134 [main] DEBUG org.apache.http.wire -  >> "Host: localhost:8080[\r][\n]"
22:09:39.134 [main] DEBUG org.apache.http.wire -  >> "Connection: Keep-Alive[\r][\n]"
22:09:39.134 [main] DEBUG org.apache.http.wire -  >> "User-Agent: Apache-HttpClient/4.5.3 (Java/13.0.5.1)[\r][\n]"
22:09:39.134 [main] DEBUG org.apache.http.wire -  >> "Accept-Encoding: gzip,deflate[\r][\n]"
22:09:39.134 [main] DEBUG org.apache.http.wire -  >> "[\r][\n]"
22:09:39.134 [main] DEBUG org.apache.http.headers - >> GET /1?a=10&b=6 HTTP/1.1
22:09:39.134 [main] DEBUG org.apache.http.headers - >> Accept: */*
22:09:39.134 [main] DEBUG org.apache.http.headers - >> Host: localhost:8080
22:09:39.134 [main] DEBUG org.apache.http.headers - >> Connection: Keep-Alive
22:09:39.134 [main] DEBUG org.apache.http.headers - >> User-Agent: Apache-HttpClient/4.5.3 (Java/13.0.5.1)
22:09:39.134 [main] DEBUG org.apache.http.headers - >> Accept-Encoding: gzip,deflate
22:09:39.153 [main] DEBUG org.apache.http.wire -  << "HTTP/1.1 200 OK[\r][\n]"
22:09:39.153 [main] DEBUG org.apache.http.wire -  << "Server: Apache-Coyote/1.1[\r][\n]"
22:09:39.153 [main] DEBUG org.apache.http.wire -  << "Content-Type: text/plain;charset=UTF-8[\r][\n]"
22:09:39.153 [main] DEBUG org.apache.http.wire -  << "Content-Length: 6[\r][\n]"
22:09:39.153 [main] DEBUG org.apache.http.wire -  << "Date: Sun, 07 Feb 2021 21:09:39 GMT[\r][\n]"
22:09:39.153 [main] DEBUG org.apache.http.wire -  << "[\r][\n]"
22:09:39.153 [main] DEBUG o.a.h.i.conn.DefaultClientConnection - Receiving response: HTTP/1.1 200 OK
22:09:39.153 [main] DEBUG org.apache.http.headers - << HTTP/1.1 200 OK
22:09:39.153 [main] DEBUG org.apache.http.headers - << Server: Apache-Coyote/1.1
22:09:39.153 [main] DEBUG org.apache.http.headers - << Content-Type: text/plain;charset=UTF-8
22:09:39.153 [main] DEBUG org.apache.http.headers - << Content-Length: 6
22:09:39.153 [main] DEBUG org.apache.http.headers - << Date: Sun, 07 Feb 2021 21:09:39 GMT
22:09:39.153 [main] DEBUG o.a.h.impl.client.DefaultHttpClient - Connection can be kept alive indefinitely
22:09:39.153 [main] DEBUG i.r.i.RequestSpecificationImpl$RestAssuredHttpBuilder - Parsing response as: text/plain;charset=UTF-8
22:09:39.153 [main] DEBUG i.r.i.RequestSpecificationImpl$RestAssuredHttpBuilder - Parsed data to instance of: class org.apache.http.conn.EofSensorInputStream
22:09:39.154 [main] DEBUG org.apache.http.wire -  << "a:1500"
22:09:39.154 [main] DEBUG o.a.h.i.c.BasicClientConnectionManager - Releasing connection org.apache.http.impl.conn.ManagedClientConnectionImpl@3c346c45
22:09:39.154 [main] DEBUG o.a.h.i.c.BasicClientConnectionManager - Connection can be kept alive indefinitely
22:09:39.156 [main] DEBUG o.a.h.i.c.BasicClientConnectionManager - Get connection for route {}->http://localhost:8080
22:09:39.156 [main] DEBUG o.a.h.i.c.DefaultClientConnectionOperator - Connecting to localhost:8080
22:09:39.157 [main] DEBUG o.a.h.c.protocol.RequestAddCookies - CookieSpec selected: ignoreCookies
22:09:39.157 [main] DEBUG o.a.h.c.protocol.RequestAuthCache - Auth cache not set in the context
22:09:39.157 [main] DEBUG o.a.h.c.p.RequestTargetAuthentication - Target auth state: UNCHALLENGED
22:09:39.157 [main] DEBUG o.a.h.c.p.RequestProxyAuthentication - Proxy auth state: UNCHALLENGED
22:09:39.157 [main] DEBUG o.a.h.impl.client.DefaultHttpClient - Attempt 1 to execute request
22:09:39.157 [main] DEBUG o.a.h.i.conn.DefaultClientConnection - Sending request: GET /1?a=10&b=6 HTTP/1.1
22:09:39.157 [main] DEBUG org.apache.http.wire -  >> "GET /1?a=10&b=6 HTTP/1.1[\r][\n]"
22:09:39.157 [main] DEBUG org.apache.http.wire -  >> "Accept: */*[\r][\n]"
22:09:39.157 [main] DEBUG org.apache.http.wire -  >> "Host: localhost:8080[\r][\n]"
22:09:39.157 [main] DEBUG org.apache.http.wire -  >> "Connection: Keep-Alive[\r][\n]"
22:09:39.157 [main] DEBUG org.apache.http.wire -  >> "User-Agent: Apache-HttpClient/4.5.3 (Java/13.0.5.1)[\r][\n]"
22:09:39.157 [main] DEBUG org.apache.http.wire -  >> "Accept-Encoding: gzip,deflate[\r][\n]"
22:09:39.157 [main] DEBUG org.apache.http.wire -  >> "[\r][\n]"
22:09:39.157 [main] DEBUG org.apache.http.headers - >> GET /1?a=10&b=6 HTTP/1.1
22:09:39.157 [main] DEBUG org.apache.http.headers - >> Accept: */*
22:09:39.157 [main] DEBUG org.apache.http.headers - >> Host: localhost:8080
22:09:39.157 [main] DEBUG org.apache.http.headers - >> Connection: Keep-Alive
22:09:39.157 [main] DEBUG org.apache.http.headers - >> User-Agent: Apache-HttpClient/4.5.3 (Java/13.0.5.1)
22:09:39.157 [main] DEBUG org.apache.http.headers - >> Accept-Encoding: gzip,deflate
22:09:39.184 [main] DEBUG org.apache.http.wire -  << "HTTP/1.1 200 OK[\r][\n]"
22:09:39.185 [main] DEBUG org.apache.http.wire -  << "Server: Apache-Coyote/1.1[\r][\n]"
22:09:39.185 [main] DEBUG org.apache.http.wire -  << "Content-Type: text/plain;charset=UTF-8[\r][\n]"
22:09:39.185 [main] DEBUG org.apache.http.wire -  << "Content-Length: 6[\r][\n]"
22:09:39.185 [main] DEBUG org.apache.http.wire -  << "Date: Sun, 07 Feb 2021 21:09:39 GMT[\r][\n]"
22:09:39.185 [main] DEBUG org.apache.http.wire -  << "[\r][\n]"
22:09:39.185 [main] DEBUG o.a.h.i.conn.DefaultClientConnection - Receiving response: HTTP/1.1 200 OK
22:09:39.185 [main] DEBUG org.apache.http.headers - << HTTP/1.1 200 OK
22:09:39.185 [main] DEBUG org.apache.http.headers - << Server: Apache-Coyote/1.1
22:09:39.185 [main] DEBUG org.apache.http.headers - << Content-Type: text/plain;charset=UTF-8
22:09:39.185 [main] DEBUG org.apache.http.headers - << Content-Length: 6
22:09:39.185 [main] DEBUG org.apache.http.headers - << Date: Sun, 07 Feb 2021 21:09:39 GMT
22:09:39.185 [main] DEBUG o.a.h.impl.client.DefaultHttpClient - Connection can be kept alive indefinitely
22:09:39.185 [main] DEBUG i.r.i.RequestSpecificationImpl$RestAssuredHttpBuilder - Parsing response as: text/plain;charset=UTF-8
22:09:39.185 [main] DEBUG i.r.i.RequestSpecificationImpl$RestAssuredHttpBuilder - Parsed data to instance of: class org.apache.http.conn.EofSensorInputStream
22:09:39.185 [main] DEBUG org.apache.http.wire -  << "a:1500"
22:09:39.185 [main] DEBUG o.a.h.i.c.BasicClientConnectionManager - Releasing connection org.apache.http.impl.conn.ManagedClientConnectionImpl@5be7b749
22:09:39.185 [main] DEBUG o.a.h.i.c.BasicClientConnectionManager - Connection can be kept alive indefinitely
22:09:39.188 [main] DEBUG o.a.h.i.c.BasicClientConnectionManager - Get connection for route {}->http://localhost:8080
22:09:39.188 [main] DEBUG o.a.h.i.c.DefaultClientConnectionOperator - Connecting to localhost:8080
22:09:39.189 [main] DEBUG o.a.h.c.protocol.RequestAddCookies - CookieSpec selected: ignoreCookies
22:09:39.189 [main] DEBUG o.a.h.c.protocol.RequestAuthCache - Auth cache not set in the context
22:09:39.189 [main] DEBUG o.a.h.c.p.RequestTargetAuthentication - Target auth state: UNCHALLENGED
22:09:39.189 [main] DEBUG o.a.h.c.p.RequestProxyAuthentication - Proxy auth state: UNCHALLENGED
22:09:39.189 [main] DEBUG o.a.h.impl.client.DefaultHttpClient - Attempt 1 to execute request
22:09:39.189 [main] DEBUG o.a.h.i.conn.DefaultClientConnection - Sending request: GET /1?a=10&b=6 HTTP/1.1
22:09:39.189 [main] DEBUG org.apache.http.wire -  >> "GET /1?a=10&b=6 HTTP/1.1[\r][\n]"
22:09:39.189 [main] DEBUG org.apache.http.wire -  >> "Accept: */*[\r][\n]"
22:09:39.189 [main] DEBUG org.apache.http.wire -  >> "Host: localhost:8080[\r][\n]"
22:09:39.189 [main] DEBUG org.apache.http.wire -  >> "Connection: Keep-Alive[\r][\n]"
22:09:39.189 [main] DEBUG org.apache.http.wire -  >> "User-Agent: Apache-HttpClient/4.5.3 (Java/13.0.5.1)[\r][\n]"
22:09:39.189 [main] DEBUG org.apache.http.wire -  >> "Accept-Encoding: gzip,deflate[\r][\n]"
22:09:39.189 [main] DEBUG org.apache.http.wire -  >> "[\r][\n]"
22:09:39.189 [main] DEBUG org.apache.http.headers - >> GET /1?a=10&b=6 HTTP/1.1
22:09:39.189 [main] DEBUG org.apache.http.headers - >> Accept: */*
22:09:39.189 [main] DEBUG org.apache.http.headers - >> Host: localhost:8080
22:09:39.189 [main] DEBUG org.apache.http.headers - >> Connection: Keep-Alive
22:09:39.189 [main] DEBUG org.apache.http.headers - >> User-Agent: Apache-HttpClient/4.5.3 (Java/13.0.5.1)
22:09:39.189 [main] DEBUG org.apache.http.headers - >> Accept-Encoding: gzip,deflate
22:09:39.220 [main] DEBUG org.apache.http.wire -  << "HTTP/1.1 200 OK[\r][\n]"
22:09:39.220 [main] DEBUG org.apache.http.wire -  << "Server: Apache-Coyote/1.1[\r][\n]"
22:09:39.220 [main] DEBUG org.apache.http.wire -  << "Content-Type: text/plain;charset=UTF-8[\r][\n]"
22:09:39.220 [main] DEBUG org.apache.http.wire -  << "Content-Length: 6[\r][\n]"
22:09:39.220 [main] DEBUG org.apache.http.wire -  << "Date: Sun, 07 Feb 2021 21:09:39 GMT[\r][\n]"
22:09:39.220 [main] DEBUG org.apache.http.wire -  << "[\r][\n]"
22:09:39.220 [main] DEBUG o.a.h.i.conn.DefaultClientConnection - Receiving response: HTTP/1.1 200 OK
22:09:39.221 [main] DEBUG org.apache.http.headers - << HTTP/1.1 200 OK
22:09:39.221 [main] DEBUG org.apache.http.headers - << Server: Apache-Coyote/1.1
22:09:39.221 [main] DEBUG org.apache.http.headers - << Content-Type: text/plain;charset=UTF-8
22:09:39.221 [main] DEBUG org.apache.http.headers - << Content-Length: 6
22:09:39.221 [main] DEBUG org.apache.http.headers - << Date: Sun, 07 Feb 2021 21:09:39 GMT
22:09:39.221 [main] DEBUG o.a.h.impl.client.DefaultHttpClient - Connection can be kept alive indefinitely
22:09:39.221 [main] DEBUG i.r.i.RequestSpecificationImpl$RestAssuredHttpBuilder - Parsing response as: text/plain;charset=UTF-8
22:09:39.221 [main] DEBUG i.r.i.RequestSpecificationImpl$RestAssuredHttpBuilder - Parsed data to instance of: class org.apache.http.conn.EofSensorInputStream
22:09:39.222 [main] DEBUG org.apache.http.wire -  << "a:1500"
22:09:39.222 [main] DEBUG o.a.h.i.c.BasicClientConnectionManager - Releasing connection org.apache.http.impl.conn.ManagedClientConnectionImpl@40a8a26f
22:09:39.222 [main] DEBUG o.a.h.i.c.BasicClientConnectionManager - Connection can be kept alive indefinitely
22:09:39.226 [main] DEBUG o.a.h.i.c.BasicClientConnectionManager - Get connection for route {}->http://localhost:8080
22:09:39.227 [main] DEBUG o.a.h.i.c.DefaultClientConnectionOperator - Connecting to localhost:8080
22:09:39.228 [main] DEBUG o.a.h.c.protocol.RequestAddCookies - CookieSpec selected: ignoreCookies
22:09:39.228 [main] DEBUG o.a.h.c.protocol.RequestAuthCache - Auth cache not set in the context
22:09:39.228 [main] DEBUG o.a.h.c.p.RequestTargetAuthentication - Target auth state: UNCHALLENGED
22:09:39.228 [main] DEBUG o.a.h.c.p.RequestProxyAuthentication - Proxy auth state: UNCHALLENGED
22:09:39.228 [main] DEBUG o.a.h.impl.client.DefaultHttpClient - Attempt 1 to execute request
22:09:39.228 [main] DEBUG o.a.h.i.conn.DefaultClientConnection - Sending request: GET /1?a=10&b=6 HTTP/1.1
22:09:39.228 [main] DEBUG org.apache.http.wire -  >> "GET /1?a=10&b=6 HTTP/1.1[\r][\n]"
22:09:39.228 [main] DEBUG org.apache.http.wire -  >> "Accept: */*[\r][\n]"
22:09:39.228 [main] DEBUG org.apache.http.wire -  >> "Host: localhost:8080[\r][\n]"
22:09:39.228 [main] DEBUG org.apache.http.wire -  >> "Connection: Keep-Alive[\r][\n]"
22:09:39.228 [main] DEBUG org.apache.http.wire -  >> "User-Agent: Apache-HttpClient/4.5.3 (Java/13.0.5.1)[\r][\n]"
22:09:39.228 [main] DEBUG org.apache.http.wire -  >> "Accept-Encoding: gzip,deflate[\r][\n]"
22:09:39.228 [main] DEBUG org.apache.http.wire -  >> "[\r][\n]"
22:09:39.228 [main] DEBUG org.apache.http.headers - >> GET /1?a=10&b=6 HTTP/1.1
22:09:39.228 [main] DEBUG org.apache.http.headers - >> Accept: */*
22:09:39.228 [main] DEBUG org.apache.http.headers - >> Host: localhost:8080
22:09:39.228 [main] DEBUG org.apache.http.headers - >> Connection: Keep-Alive
22:09:39.228 [main] DEBUG org.apache.http.headers - >> User-Agent: Apache-HttpClient/4.5.3 (Java/13.0.5.1)
22:09:39.228 [main] DEBUG org.apache.http.headers - >> Accept-Encoding: gzip,deflate
22:09:39.257 [main] DEBUG org.apache.http.wire -  << "HTTP/1.1 200 OK[\r][\n]"
22:09:39.257 [main] DEBUG org.apache.http.wire -  << "Server: Apache-Coyote/1.1[\r][\n]"
22:09:39.257 [main] DEBUG org.apache.http.wire -  << "Content-Type: text/plain;charset=UTF-8[\r][\n]"
22:09:39.257 [main] DEBUG org.apache.http.wire -  << "Content-Length: 6[\r][\n]"
22:09:39.257 [main] DEBUG org.apache.http.wire -  << "Date: Sun, 07 Feb 2021 21:09:39 GMT[\r][\n]"
22:09:39.257 [main] DEBUG org.apache.http.wire -  << "[\r][\n]"
22:09:39.257 [main] DEBUG o.a.h.i.conn.DefaultClientConnection - Receiving response: HTTP/1.1 200 OK
22:09:39.257 [main] DEBUG org.apache.http.headers - << HTTP/1.1 200 OK
22:09:39.257 [main] DEBUG org.apache.http.headers - << Server: Apache-Coyote/1.1
22:09:39.257 [main] DEBUG org.apache.http.headers - << Content-Type: text/plain;charset=UTF-8
22:09:39.257 [main] DEBUG org.apache.http.headers - << Content-Length: 6
22:09:39.257 [main] DEBUG org.apache.http.headers - << Date: Sun, 07 Feb 2021 21:09:39 GMT
22:09:39.257 [main] DEBUG o.a.h.impl.client.DefaultHttpClient - Connection can be kept alive indefinitely
22:09:39.257 [main] DEBUG i.r.i.RequestSpecificationImpl$RestAssuredHttpBuilder - Parsing response as: text/plain;charset=UTF-8
22:09:39.257 [main] DEBUG i.r.i.RequestSpecificationImpl$RestAssuredHttpBuilder - Parsed data to instance of: class org.apache.http.conn.EofSensorInputStream
22:09:39.258 [main] DEBUG org.apache.http.wire -  << "a:1500"
22:09:39.258 [main] DEBUG o.a.h.i.c.BasicClientConnectionManager - Releasing connection org.apache.http.impl.conn.ManagedClientConnectionImpl@17d816b3
22:09:39.258 [main] DEBUG o.a.h.i.c.BasicClientConnectionManager - Connection can be kept alive indefinitely
22:09:39.262 [main] DEBUG o.a.h.i.c.BasicClientConnectionManager - Get connection for route {}->http://localhost:8080
22:09:39.262 [main] DEBUG o.a.h.i.c.DefaultClientConnectionOperator - Connecting to localhost:8080
22:09:39.264 [main] DEBUG o.a.h.c.protocol.RequestAddCookies - CookieSpec selected: ignoreCookies
22:09:39.264 [main] DEBUG o.a.h.c.protocol.RequestAuthCache - Auth cache not set in the context
22:09:39.264 [main] DEBUG o.a.h.c.p.RequestTargetAuthentication - Target auth state: UNCHALLENGED
22:09:39.264 [main] DEBUG o.a.h.c.p.RequestProxyAuthentication - Proxy auth state: UNCHALLENGED
22:09:39.264 [main] DEBUG o.a.h.impl.client.DefaultHttpClient - Attempt 1 to execute request
22:09:39.264 [main] DEBUG o.a.h.i.conn.DefaultClientConnection - Sending request: GET /1?a=10&b=6 HTTP/1.1
22:09:39.264 [main] DEBUG org.apache.http.wire -  >> "GET /1?a=10&b=6 HTTP/1.1[\r][\n]"
22:09:39.264 [main] DEBUG org.apache.http.wire -  >> "Accept: */*[\r][\n]"
22:09:39.264 [main] DEBUG org.apache.http.wire -  >> "Host: localhost:8080[\r][\n]"
22:09:39.264 [main] DEBUG org.apache.http.wire -  >> "Connection: Keep-Alive[\r][\n]"
22:09:39.264 [main] DEBUG org.apache.http.wire -  >> "User-Agent: Apache-HttpClient/4.5.3 (Java/13.0.5.1)[\r][\n]"
22:09:39.264 [main] DEBUG org.apache.http.wire -  >> "Accept-Encoding: gzip,deflate[\r][\n]"
22:09:39.264 [main] DEBUG org.apache.http.wire -  >> "[\r][\n]"
22:09:39.264 [main] DEBUG org.apache.http.headers - >> GET /1?a=10&b=6 HTTP/1.1
22:09:39.264 [main] DEBUG org.apache.http.headers - >> Accept: */*
22:09:39.264 [main] DEBUG org.apache.http.headers - >> Host: localhost:8080
22:09:39.264 [main] DEBUG org.apache.http.headers - >> Connection: Keep-Alive
22:09:39.264 [main] DEBUG org.apache.http.headers - >> User-Agent: Apache-HttpClient/4.5.3 (Java/13.0.5.1)
22:09:39.264 [main] DEBUG org.apache.http.headers - >> Accept-Encoding: gzip,deflate
22:09:39.295 [main] DEBUG org.apache.http.wire -  << "HTTP/1.1 200 OK[\r][\n]"
22:09:39.295 [main] DEBUG org.apache.http.wire -  << "Server: Apache-Coyote/1.1[\r][\n]"
22:09:39.295 [main] DEBUG org.apache.http.wire -  << "Content-Type: text/plain;charset=UTF-8[\r][\n]"
22:09:39.295 [main] DEBUG org.apache.http.wire -  << "Content-Length: 6[\r][\n]"
22:09:39.295 [main] DEBUG org.apache.http.wire -  << "Date: Sun, 07 Feb 2021 21:09:39 GMT[\r][\n]"
22:09:39.295 [main] DEBUG org.apache.http.wire -  << "[\r][\n]"
22:09:39.296 [main] DEBUG o.a.h.i.conn.DefaultClientConnection - Receiving response: HTTP/1.1 200 OK
22:09:39.296 [main] DEBUG org.apache.http.headers - << HTTP/1.1 200 OK
22:09:39.296 [main] DEBUG org.apache.http.headers - << Server: Apache-Coyote/1.1
22:09:39.296 [main] DEBUG org.apache.http.headers - << Content-Type: text/plain;charset=UTF-8
22:09:39.296 [main] DEBUG org.apache.http.headers - << Content-Length: 6
22:09:39.296 [main] DEBUG org.apache.http.headers - << Date: Sun, 07 Feb 2021 21:09:39 GMT
22:09:39.296 [main] DEBUG o.a.h.impl.client.DefaultHttpClient - Connection can be kept alive indefinitely
22:09:39.296 [main] DEBUG i.r.i.RequestSpecificationImpl$RestAssuredHttpBuilder - Parsing response as: text/plain;charset=UTF-8
22:09:39.296 [main] DEBUG i.r.i.RequestSpecificationImpl$RestAssuredHttpBuilder - Parsed data to instance of: class org.apache.http.conn.EofSensorInputStream
22:09:39.296 [main] DEBUG org.apache.http.wire -  << "a:1500"
22:09:39.296 [main] DEBUG o.a.h.i.c.BasicClientConnectionManager - Releasing connection org.apache.http.impl.conn.ManagedClientConnectionImpl@5560b64d
22:09:39.296 [main] DEBUG o.a.h.i.c.BasicClientConnectionManager - Connection can be kept alive indefinitely
22:09:39.299 [main] DEBUG o.a.h.i.c.BasicClientConnectionManager - Get connection for route {}->http://localhost:8080
22:09:39.300 [main] DEBUG o.a.h.i.c.DefaultClientConnectionOperator - Connecting to localhost:8080
22:09:39.300 [main] DEBUG o.a.h.c.protocol.RequestAddCookies - CookieSpec selected: ignoreCookies
22:09:39.300 [main] DEBUG o.a.h.c.protocol.RequestAuthCache - Auth cache not set in the context
22:09:39.300 [main] DEBUG o.a.h.c.p.RequestTargetAuthentication - Target auth state: UNCHALLENGED
22:09:39.300 [main] DEBUG o.a.h.c.p.RequestProxyAuthentication - Proxy auth state: UNCHALLENGED
22:09:39.300 [main] DEBUG o.a.h.impl.client.DefaultHttpClient - Attempt 1 to execute request
22:09:39.300 [main] DEBUG o.a.h.i.conn.DefaultClientConnection - Sending request: GET /1?a=10&b=6 HTTP/1.1
22:09:39.300 [main] DEBUG org.apache.http.wire -  >> "GET /1?a=10&b=6 HTTP/1.1[\r][\n]"
22:09:39.300 [main] DEBUG org.apache.http.wire -  >> "Accept: */*[\r][\n]"
22:09:39.301 [main] DEBUG org.apache.http.wire -  >> "Host: localhost:8080[\r][\n]"
22:09:39.301 [main] DEBUG org.apache.http.wire -  >> "Connection: Keep-Alive[\r][\n]"
22:09:39.301 [main] DEBUG org.apache.http.wire -  >> "User-Agent: Apache-HttpClient/4.5.3 (Java/13.0.5.1)[\r][\n]"
22:09:39.301 [main] DEBUG org.apache.http.wire -  >> "Accept-Encoding: gzip,deflate[\r][\n]"
22:09:39.301 [main] DEBUG org.apache.http.wire -  >> "[\r][\n]"
22:09:39.301 [main] DEBUG org.apache.http.headers - >> GET /1?a=10&b=6 HTTP/1.1
22:09:39.301 [main] DEBUG org.apache.http.headers - >> Accept: */*
22:09:39.301 [main] DEBUG org.apache.http.headers - >> Host: localhost:8080
22:09:39.301 [main] DEBUG org.apache.http.headers - >> Connection: Keep-Alive
22:09:39.301 [main] DEBUG org.apache.http.headers - >> User-Agent: Apache-HttpClient/4.5.3 (Java/13.0.5.1)
22:09:39.301 [main] DEBUG org.apache.http.headers - >> Accept-Encoding: gzip,deflate
22:09:39.326 [main] DEBUG org.apache.http.wire -  << "HTTP/1.1 200 OK[\r][\n]"
22:09:39.326 [main] DEBUG org.apache.http.wire -  << "Server: Apache-Coyote/1.1[\r][\n]"
22:09:39.326 [main] DEBUG org.apache.http.wire -  << "Content-Type: text/plain;charset=UTF-8[\r][\n]"
22:09:39.326 [main] DEBUG org.apache.http.wire -  << "Content-Length: 6[\r][\n]"
22:09:39.326 [main] DEBUG org.apache.http.wire -  << "Date: Sun, 07 Feb 2021 21:09:39 GMT[\r][\n]"
22:09:39.326 [main] DEBUG org.apache.http.wire -  << "[\r][\n]"
22:09:39.326 [main] DEBUG o.a.h.i.conn.DefaultClientConnection - Receiving response: HTTP/1.1 200 OK
22:09:39.326 [main] DEBUG org.apache.http.headers - << HTTP/1.1 200 OK
22:09:39.326 [main] DEBUG org.apache.http.headers - << Server: Apache-Coyote/1.1
22:09:39.326 [main] DEBUG org.apache.http.headers - << Content-Type: text/plain;charset=UTF-8
22:09:39.326 [main] DEBUG org.apache.http.headers - << Content-Length: 6
22:09:39.326 [main] DEBUG org.apache.http.headers - << Date: Sun, 07 Feb 2021 21:09:39 GMT
22:09:39.326 [main] DEBUG o.a.h.impl.client.DefaultHttpClient - Connection can be kept alive indefinitely
22:09:39.326 [main] DEBUG i.r.i.RequestSpecificationImpl$RestAssuredHttpBuilder - Parsing response as: text/plain;charset=UTF-8
22:09:39.326 [main] DEBUG i.r.i.RequestSpecificationImpl$RestAssuredHttpBuilder - Parsed data to instance of: class org.apache.http.conn.EofSensorInputStream
22:09:39.326 [main] DEBUG org.apache.http.wire -  << "a:1500"
22:09:39.326 [main] DEBUG o.a.h.i.c.BasicClientConnectionManager - Releasing connection org.apache.http.impl.conn.ManagedClientConnectionImpl@61ad30f6
22:09:39.326 [main] DEBUG o.a.h.i.c.BasicClientConnectionManager - Connection can be kept alive indefinitely
str = aaaaaaaaaaaaaaaaaaaaaaaaaaaaaaaaaaaaaaaaaaaaaaaaaa
]]></system-out>
  </testcase>
  <testcase name="GET the winner and verify - 2 Same Highest Bids - 2 Query Parameters - Verify Random Selection #2" classname="User should be able to get the winner" time="1.206">
    <failure message="Verify that bidder is chosen randomly as b or c" type="java.lang.AssertionError">java.lang.AssertionError: Verify that bidder is chosen randomly as b or c
</failure>
    <system-out><![CDATA[22:09:39.335 [main] DEBUG o.a.h.i.c.BasicClientConnectionManager - Get connection for route {}->http://localhost:8080
22:09:39.336 [main] DEBUG o.a.h.i.c.DefaultClientConnectionOperator - Connecting to localhost:8080
22:09:39.336 [main] DEBUG o.a.h.c.protocol.RequestAddCookies - CookieSpec selected: ignoreCookies
22:09:39.336 [main] DEBUG o.a.h.c.protocol.RequestAuthCache - Auth cache not set in the context
22:09:39.336 [main] DEBUG o.a.h.c.p.RequestTargetAuthentication - Target auth state: UNCHALLENGED
22:09:39.336 [main] DEBUG o.a.h.c.p.RequestProxyAuthentication - Proxy auth state: UNCHALLENGED
22:09:39.336 [main] DEBUG o.a.h.impl.client.DefaultHttpClient - Attempt 1 to execute request
22:09:39.336 [main] DEBUG o.a.h.i.conn.DefaultClientConnection - Sending request: GET /2?b=6&c=3 HTTP/1.1
22:09:39.336 [main] DEBUG org.apache.http.wire -  >> "GET /2?b=6&c=3 HTTP/1.1[\r][\n]"
22:09:39.336 [main] DEBUG org.apache.http.wire -  >> "Accept: */*[\r][\n]"
22:09:39.336 [main] DEBUG org.apache.http.wire -  >> "Host: localhost:8080[\r][\n]"
22:09:39.336 [main] DEBUG org.apache.http.wire -  >> "Connection: Keep-Alive[\r][\n]"
22:09:39.336 [main] DEBUG org.apache.http.wire -  >> "User-Agent: Apache-HttpClient/4.5.3 (Java/13.0.5.1)[\r][\n]"
22:09:39.336 [main] DEBUG org.apache.http.wire -  >> "Accept-Encoding: gzip,deflate[\r][\n]"
22:09:39.336 [main] DEBUG org.apache.http.wire -  >> "[\r][\n]"
22:09:39.336 [main] DEBUG org.apache.http.headers - >> GET /2?b=6&c=3 HTTP/1.1
22:09:39.336 [main] DEBUG org.apache.http.headers - >> Accept: */*
22:09:39.336 [main] DEBUG org.apache.http.headers - >> Host: localhost:8080
22:09:39.336 [main] DEBUG org.apache.http.headers - >> Connection: Keep-Alive
22:09:39.336 [main] DEBUG org.apache.http.headers - >> User-Agent: Apache-HttpClient/4.5.3 (Java/13.0.5.1)
22:09:39.336 [main] DEBUG org.apache.http.headers - >> Accept-Encoding: gzip,deflate
22:09:39.358 [main] DEBUG org.apache.http.wire -  << "HTTP/1.1 200 OK[\r][\n]"
22:09:39.358 [main] DEBUG org.apache.http.wire -  << "Server: Apache-Coyote/1.1[\r][\n]"
22:09:39.358 [main] DEBUG org.apache.http.wire -  << "Content-Type: text/plain;charset=UTF-8[\r][\n]"
22:09:39.358 [main] DEBUG org.apache.http.wire -  << "Content-Length: 6[\r][\n]"
22:09:39.358 [main] DEBUG org.apache.http.wire -  << "Date: Sun, 07 Feb 2021 21:09:39 GMT[\r][\n]"
22:09:39.358 [main] DEBUG org.apache.http.wire -  << "[\r][\n]"
22:09:39.358 [main] DEBUG o.a.h.i.conn.DefaultClientConnection - Receiving response: HTTP/1.1 200 OK
22:09:39.358 [main] DEBUG org.apache.http.headers - << HTTP/1.1 200 OK
22:09:39.358 [main] DEBUG org.apache.http.headers - << Server: Apache-Coyote/1.1
22:09:39.358 [main] DEBUG org.apache.http.headers - << Content-Type: text/plain;charset=UTF-8
22:09:39.358 [main] DEBUG org.apache.http.headers - << Content-Length: 6
22:09:39.358 [main] DEBUG org.apache.http.headers - << Date: Sun, 07 Feb 2021 21:09:39 GMT
22:09:39.358 [main] DEBUG o.a.h.impl.client.DefaultHttpClient - Connection can be kept alive indefinitely
22:09:39.358 [main] DEBUG i.r.i.RequestSpecificationImpl$RestAssuredHttpBuilder - Parsing response as: text/plain;charset=UTF-8
22:09:39.358 [main] DEBUG i.r.i.RequestSpecificationImpl$RestAssuredHttpBuilder - Parsed data to instance of: class org.apache.http.conn.EofSensorInputStream
22:09:39.358 [main] DEBUG org.apache.http.wire -  << "b:1500"
22:09:39.358 [main] DEBUG o.a.h.i.c.BasicClientConnectionManager - Releasing connection org.apache.http.impl.conn.ManagedClientConnectionImpl@2ecdf528
22:09:39.358 [main] DEBUG o.a.h.i.c.BasicClientConnectionManager - Connection can be kept alive indefinitely
22:09:39.361 [main] DEBUG o.a.h.i.c.BasicClientConnectionManager - Get connection for route {}->http://localhost:8080
22:09:39.361 [main] DEBUG o.a.h.i.c.DefaultClientConnectionOperator - Connecting to localhost:8080
22:09:39.363 [main] DEBUG o.a.h.c.protocol.RequestAddCookies - CookieSpec selected: ignoreCookies
22:09:39.363 [main] DEBUG o.a.h.c.protocol.RequestAuthCache - Auth cache not set in the context
22:09:39.363 [main] DEBUG o.a.h.c.p.RequestTargetAuthentication - Target auth state: UNCHALLENGED
22:09:39.363 [main] DEBUG o.a.h.c.p.RequestProxyAuthentication - Proxy auth state: UNCHALLENGED
22:09:39.363 [main] DEBUG o.a.h.impl.client.DefaultHttpClient - Attempt 1 to execute request
22:09:39.363 [main] DEBUG o.a.h.i.conn.DefaultClientConnection - Sending request: GET /2?b=6&c=3 HTTP/1.1
22:09:39.363 [main] DEBUG org.apache.http.wire -  >> "GET /2?b=6&c=3 HTTP/1.1[\r][\n]"
22:09:39.363 [main] DEBUG org.apache.http.wire -  >> "Accept: */*[\r][\n]"
22:09:39.363 [main] DEBUG org.apache.http.wire -  >> "Host: localhost:8080[\r][\n]"
22:09:39.363 [main] DEBUG org.apache.http.wire -  >> "Connection: Keep-Alive[\r][\n]"
22:09:39.363 [main] DEBUG org.apache.http.wire -  >> "User-Agent: Apache-HttpClient/4.5.3 (Java/13.0.5.1)[\r][\n]"
22:09:39.363 [main] DEBUG org.apache.http.wire -  >> "Accept-Encoding: gzip,deflate[\r][\n]"
22:09:39.363 [main] DEBUG org.apache.http.wire -  >> "[\r][\n]"
22:09:39.363 [main] DEBUG org.apache.http.headers - >> GET /2?b=6&c=3 HTTP/1.1
22:09:39.363 [main] DEBUG org.apache.http.headers - >> Accept: */*
22:09:39.363 [main] DEBUG org.apache.http.headers - >> Host: localhost:8080
22:09:39.363 [main] DEBUG org.apache.http.headers - >> Connection: Keep-Alive
22:09:39.363 [main] DEBUG org.apache.http.headers - >> User-Agent: Apache-HttpClient/4.5.3 (Java/13.0.5.1)
22:09:39.363 [main] DEBUG org.apache.http.headers - >> Accept-Encoding: gzip,deflate
22:09:39.386 [main] DEBUG org.apache.http.wire -  << "HTTP/1.1 200 OK[\r][\n]"
22:09:39.386 [main] DEBUG org.apache.http.wire -  << "Server: Apache-Coyote/1.1[\r][\n]"
22:09:39.386 [main] DEBUG org.apache.http.wire -  << "Content-Type: text/plain;charset=UTF-8[\r][\n]"
22:09:39.386 [main] DEBUG org.apache.http.wire -  << "Content-Length: 6[\r][\n]"
22:09:39.386 [main] DEBUG org.apache.http.wire -  << "Date: Sun, 07 Feb 2021 21:09:39 GMT[\r][\n]"
22:09:39.386 [main] DEBUG org.apache.http.wire -  << "[\r][\n]"
22:09:39.386 [main] DEBUG o.a.h.i.conn.DefaultClientConnection - Receiving response: HTTP/1.1 200 OK
22:09:39.386 [main] DEBUG org.apache.http.headers - << HTTP/1.1 200 OK
22:09:39.386 [main] DEBUG org.apache.http.headers - << Server: Apache-Coyote/1.1
22:09:39.386 [main] DEBUG org.apache.http.headers - << Content-Type: text/plain;charset=UTF-8
22:09:39.386 [main] DEBUG org.apache.http.headers - << Content-Length: 6
22:09:39.386 [main] DEBUG org.apache.http.headers - << Date: Sun, 07 Feb 2021 21:09:39 GMT
22:09:39.386 [main] DEBUG o.a.h.impl.client.DefaultHttpClient - Connection can be kept alive indefinitely
22:09:39.386 [main] DEBUG i.r.i.RequestSpecificationImpl$RestAssuredHttpBuilder - Parsing response as: text/plain;charset=UTF-8
22:09:39.386 [main] DEBUG i.r.i.RequestSpecificationImpl$RestAssuredHttpBuilder - Parsed data to instance of: class org.apache.http.conn.EofSensorInputStream
22:09:39.386 [main] DEBUG org.apache.http.wire -  << "b:1500"
22:09:39.386 [main] DEBUG o.a.h.i.c.BasicClientConnectionManager - Releasing connection org.apache.http.impl.conn.ManagedClientConnectionImpl@377e573a
22:09:39.386 [main] DEBUG o.a.h.i.c.BasicClientConnectionManager - Connection can be kept alive indefinitely
22:09:39.389 [main] DEBUG o.a.h.i.c.BasicClientConnectionManager - Get connection for route {}->http://localhost:8080
22:09:39.389 [main] DEBUG o.a.h.i.c.DefaultClientConnectionOperator - Connecting to localhost:8080
22:09:39.390 [main] DEBUG o.a.h.c.protocol.RequestAddCookies - CookieSpec selected: ignoreCookies
22:09:39.390 [main] DEBUG o.a.h.c.protocol.RequestAuthCache - Auth cache not set in the context
22:09:39.390 [main] DEBUG o.a.h.c.p.RequestTargetAuthentication - Target auth state: UNCHALLENGED
22:09:39.390 [main] DEBUG o.a.h.c.p.RequestProxyAuthentication - Proxy auth state: UNCHALLENGED
22:09:39.390 [main] DEBUG o.a.h.impl.client.DefaultHttpClient - Attempt 1 to execute request
22:09:39.390 [main] DEBUG o.a.h.i.conn.DefaultClientConnection - Sending request: GET /2?b=6&c=3 HTTP/1.1
22:09:39.390 [main] DEBUG org.apache.http.wire -  >> "GET /2?b=6&c=3 HTTP/1.1[\r][\n]"
22:09:39.390 [main] DEBUG org.apache.http.wire -  >> "Accept: */*[\r][\n]"
22:09:39.390 [main] DEBUG org.apache.http.wire -  >> "Host: localhost:8080[\r][\n]"
22:09:39.390 [main] DEBUG org.apache.http.wire -  >> "Connection: Keep-Alive[\r][\n]"
22:09:39.390 [main] DEBUG org.apache.http.wire -  >> "User-Agent: Apache-HttpClient/4.5.3 (Java/13.0.5.1)[\r][\n]"
22:09:39.390 [main] DEBUG org.apache.http.wire -  >> "Accept-Encoding: gzip,deflate[\r][\n]"
22:09:39.390 [main] DEBUG org.apache.http.wire -  >> "[\r][\n]"
22:09:39.390 [main] DEBUG org.apache.http.headers - >> GET /2?b=6&c=3 HTTP/1.1
22:09:39.390 [main] DEBUG org.apache.http.headers - >> Accept: */*
22:09:39.390 [main] DEBUG org.apache.http.headers - >> Host: localhost:8080
22:09:39.390 [main] DEBUG org.apache.http.headers - >> Connection: Keep-Alive
22:09:39.390 [main] DEBUG org.apache.http.headers - >> User-Agent: Apache-HttpClient/4.5.3 (Java/13.0.5.1)
22:09:39.390 [main] DEBUG org.apache.http.headers - >> Accept-Encoding: gzip,deflate
22:09:39.417 [main] DEBUG org.apache.http.wire -  << "HTTP/1.1 200 OK[\r][\n]"
22:09:39.417 [main] DEBUG org.apache.http.wire -  << "Server: Apache-Coyote/1.1[\r][\n]"
22:09:39.417 [main] DEBUG org.apache.http.wire -  << "Content-Type: text/plain;charset=UTF-8[\r][\n]"
22:09:39.417 [main] DEBUG org.apache.http.wire -  << "Content-Length: 6[\r][\n]"
22:09:39.417 [main] DEBUG org.apache.http.wire -  << "Date: Sun, 07 Feb 2021 21:09:39 GMT[\r][\n]"
22:09:39.417 [main] DEBUG org.apache.http.wire -  << "[\r][\n]"
22:09:39.417 [main] DEBUG o.a.h.i.conn.DefaultClientConnection - Receiving response: HTTP/1.1 200 OK
22:09:39.417 [main] DEBUG org.apache.http.headers - << HTTP/1.1 200 OK
22:09:39.417 [main] DEBUG org.apache.http.headers - << Server: Apache-Coyote/1.1
22:09:39.417 [main] DEBUG org.apache.http.headers - << Content-Type: text/plain;charset=UTF-8
22:09:39.417 [main] DEBUG org.apache.http.headers - << Content-Length: 6
22:09:39.417 [main] DEBUG org.apache.http.headers - << Date: Sun, 07 Feb 2021 21:09:39 GMT
22:09:39.417 [main] DEBUG o.a.h.impl.client.DefaultHttpClient - Connection can be kept alive indefinitely
22:09:39.418 [main] DEBUG i.r.i.RequestSpecificationImpl$RestAssuredHttpBuilder - Parsing response as: text/plain;charset=UTF-8
22:09:39.418 [main] DEBUG i.r.i.RequestSpecificationImpl$RestAssuredHttpBuilder - Parsed data to instance of: class org.apache.http.conn.EofSensorInputStream
22:09:39.418 [main] DEBUG org.apache.http.wire -  << "b:1500"
22:09:39.418 [main] DEBUG o.a.h.i.c.BasicClientConnectionManager - Releasing connection org.apache.http.impl.conn.ManagedClientConnectionImpl@7d4d65f5
22:09:39.418 [main] DEBUG o.a.h.i.c.BasicClientConnectionManager - Connection can be kept alive indefinitely
22:09:39.422 [main] DEBUG o.a.h.i.c.BasicClientConnectionManager - Get connection for route {}->http://localhost:8080
22:09:39.422 [main] DEBUG o.a.h.i.c.DefaultClientConnectionOperator - Connecting to localhost:8080
22:09:39.422 [main] DEBUG o.a.h.c.protocol.RequestAddCookies - CookieSpec selected: ignoreCookies
22:09:39.423 [main] DEBUG o.a.h.c.protocol.RequestAuthCache - Auth cache not set in the context
22:09:39.423 [main] DEBUG o.a.h.c.p.RequestTargetAuthentication - Target auth state: UNCHALLENGED
22:09:39.423 [main] DEBUG o.a.h.c.p.RequestProxyAuthentication - Proxy auth state: UNCHALLENGED
22:09:39.423 [main] DEBUG o.a.h.impl.client.DefaultHttpClient - Attempt 1 to execute request
22:09:39.423 [main] DEBUG o.a.h.i.conn.DefaultClientConnection - Sending request: GET /2?b=6&c=3 HTTP/1.1
22:09:39.423 [main] DEBUG org.apache.http.wire -  >> "GET /2?b=6&c=3 HTTP/1.1[\r][\n]"
22:09:39.423 [main] DEBUG org.apache.http.wire -  >> "Accept: */*[\r][\n]"
22:09:39.423 [main] DEBUG org.apache.http.wire -  >> "Host: localhost:8080[\r][\n]"
22:09:39.423 [main] DEBUG org.apache.http.wire -  >> "Connection: Keep-Alive[\r][\n]"
22:09:39.423 [main] DEBUG org.apache.http.wire -  >> "User-Agent: Apache-HttpClient/4.5.3 (Java/13.0.5.1)[\r][\n]"
22:09:39.423 [main] DEBUG org.apache.http.wire -  >> "Accept-Encoding: gzip,deflate[\r][\n]"
22:09:39.423 [main] DEBUG org.apache.http.wire -  >> "[\r][\n]"
22:09:39.423 [main] DEBUG org.apache.http.headers - >> GET /2?b=6&c=3 HTTP/1.1
22:09:39.423 [main] DEBUG org.apache.http.headers - >> Accept: */*
22:09:39.423 [main] DEBUG org.apache.http.headers - >> Host: localhost:8080
22:09:39.423 [main] DEBUG org.apache.http.headers - >> Connection: Keep-Alive
22:09:39.423 [main] DEBUG org.apache.http.headers - >> User-Agent: Apache-HttpClient/4.5.3 (Java/13.0.5.1)
22:09:39.423 [main] DEBUG org.apache.http.headers - >> Accept-Encoding: gzip,deflate
22:09:39.443 [main] DEBUG org.apache.http.wire -  << "HTTP/1.1 200 OK[\r][\n]"
22:09:39.443 [main] DEBUG org.apache.http.wire -  << "Server: Apache-Coyote/1.1[\r][\n]"
22:09:39.443 [main] DEBUG org.apache.http.wire -  << "Content-Type: text/plain;charset=UTF-8[\r][\n]"
22:09:39.443 [main] DEBUG org.apache.http.wire -  << "Content-Length: 6[\r][\n]"
22:09:39.443 [main] DEBUG org.apache.http.wire -  << "Date: Sun, 07 Feb 2021 21:09:39 GMT[\r][\n]"
22:09:39.443 [main] DEBUG org.apache.http.wire -  << "[\r][\n]"
22:09:39.443 [main] DEBUG o.a.h.i.conn.DefaultClientConnection - Receiving response: HTTP/1.1 200 OK
22:09:39.443 [main] DEBUG org.apache.http.headers - << HTTP/1.1 200 OK
22:09:39.443 [main] DEBUG org.apache.http.headers - << Server: Apache-Coyote/1.1
22:09:39.443 [main] DEBUG org.apache.http.headers - << Content-Type: text/plain;charset=UTF-8
22:09:39.443 [main] DEBUG org.apache.http.headers - << Content-Length: 6
22:09:39.443 [main] DEBUG org.apache.http.headers - << Date: Sun, 07 Feb 2021 21:09:39 GMT
22:09:39.443 [main] DEBUG o.a.h.impl.client.DefaultHttpClient - Connection can be kept alive indefinitely
22:09:39.443 [main] DEBUG i.r.i.RequestSpecificationImpl$RestAssuredHttpBuilder - Parsing response as: text/plain;charset=UTF-8
22:09:39.443 [main] DEBUG i.r.i.RequestSpecificationImpl$RestAssuredHttpBuilder - Parsed data to instance of: class org.apache.http.conn.EofSensorInputStream
22:09:39.444 [main] DEBUG org.apache.http.wire -  << "b:1500"
22:09:39.444 [main] DEBUG o.a.h.i.c.BasicClientConnectionManager - Releasing connection org.apache.http.impl.conn.ManagedClientConnectionImpl@11228bee
22:09:39.444 [main] DEBUG o.a.h.i.c.BasicClientConnectionManager - Connection can be kept alive indefinitely
22:09:39.446 [main] DEBUG o.a.h.i.c.BasicClientConnectionManager - Get connection for route {}->http://localhost:8080
22:09:39.446 [main] DEBUG o.a.h.i.c.DefaultClientConnectionOperator - Connecting to localhost:8080
22:09:39.447 [main] DEBUG o.a.h.c.protocol.RequestAddCookies - CookieSpec selected: ignoreCookies
22:09:39.447 [main] DEBUG o.a.h.c.protocol.RequestAuthCache - Auth cache not set in the context
22:09:39.447 [main] DEBUG o.a.h.c.p.RequestTargetAuthentication - Target auth state: UNCHALLENGED
22:09:39.447 [main] DEBUG o.a.h.c.p.RequestProxyAuthentication - Proxy auth state: UNCHALLENGED
22:09:39.447 [main] DEBUG o.a.h.impl.client.DefaultHttpClient - Attempt 1 to execute request
22:09:39.447 [main] DEBUG o.a.h.i.conn.DefaultClientConnection - Sending request: GET /2?b=6&c=3 HTTP/1.1
22:09:39.447 [main] DEBUG org.apache.http.wire -  >> "GET /2?b=6&c=3 HTTP/1.1[\r][\n]"
22:09:39.447 [main] DEBUG org.apache.http.wire -  >> "Accept: */*[\r][\n]"
22:09:39.447 [main] DEBUG org.apache.http.wire -  >> "Host: localhost:8080[\r][\n]"
22:09:39.447 [main] DEBUG org.apache.http.wire -  >> "Connection: Keep-Alive[\r][\n]"
22:09:39.447 [main] DEBUG org.apache.http.wire -  >> "User-Agent: Apache-HttpClient/4.5.3 (Java/13.0.5.1)[\r][\n]"
22:09:39.447 [main] DEBUG org.apache.http.wire -  >> "Accept-Encoding: gzip,deflate[\r][\n]"
22:09:39.447 [main] DEBUG org.apache.http.wire -  >> "[\r][\n]"
22:09:39.447 [main] DEBUG org.apache.http.headers - >> GET /2?b=6&c=3 HTTP/1.1
22:09:39.447 [main] DEBUG org.apache.http.headers - >> Accept: */*
22:09:39.447 [main] DEBUG org.apache.http.headers - >> Host: localhost:8080
22:09:39.447 [main] DEBUG org.apache.http.headers - >> Connection: Keep-Alive
22:09:39.447 [main] DEBUG org.apache.http.headers - >> User-Agent: Apache-HttpClient/4.5.3 (Java/13.0.5.1)
22:09:39.447 [main] DEBUG org.apache.http.headers - >> Accept-Encoding: gzip,deflate
22:09:39.469 [main] DEBUG org.apache.http.wire -  << "HTTP/1.1 200 OK[\r][\n]"
22:09:39.469 [main] DEBUG org.apache.http.wire -  << "Server: Apache-Coyote/1.1[\r][\n]"
22:09:39.469 [main] DEBUG org.apache.http.wire -  << "Content-Type: text/plain;charset=UTF-8[\r][\n]"
22:09:39.469 [main] DEBUG org.apache.http.wire -  << "Content-Length: 6[\r][\n]"
22:09:39.469 [main] DEBUG org.apache.http.wire -  << "Date: Sun, 07 Feb 2021 21:09:39 GMT[\r][\n]"
22:09:39.469 [main] DEBUG org.apache.http.wire -  << "[\r][\n]"
22:09:39.469 [main] DEBUG o.a.h.i.conn.DefaultClientConnection - Receiving response: HTTP/1.1 200 OK
22:09:39.469 [main] DEBUG org.apache.http.headers - << HTTP/1.1 200 OK
22:09:39.469 [main] DEBUG org.apache.http.headers - << Server: Apache-Coyote/1.1
22:09:39.469 [main] DEBUG org.apache.http.headers - << Content-Type: text/plain;charset=UTF-8
22:09:39.469 [main] DEBUG org.apache.http.headers - << Content-Length: 6
22:09:39.469 [main] DEBUG org.apache.http.headers - << Date: Sun, 07 Feb 2021 21:09:39 GMT
22:09:39.469 [main] DEBUG o.a.h.impl.client.DefaultHttpClient - Connection can be kept alive indefinitely
22:09:39.470 [main] DEBUG i.r.i.RequestSpecificationImpl$RestAssuredHttpBuilder - Parsing response as: text/plain;charset=UTF-8
22:09:39.470 [main] DEBUG i.r.i.RequestSpecificationImpl$RestAssuredHttpBuilder - Parsed data to instance of: class org.apache.http.conn.EofSensorInputStream
22:09:39.470 [main] DEBUG org.apache.http.wire -  << "b:1500"
22:09:39.470 [main] DEBUG o.a.h.i.c.BasicClientConnectionManager - Releasing connection org.apache.http.impl.conn.ManagedClientConnectionImpl@31e7afde
22:09:39.470 [main] DEBUG o.a.h.i.c.BasicClientConnectionManager - Connection can be kept alive indefinitely
22:09:39.473 [main] DEBUG o.a.h.i.c.BasicClientConnectionManager - Get connection for route {}->http://localhost:8080
22:09:39.473 [main] DEBUG o.a.h.i.c.DefaultClientConnectionOperator - Connecting to localhost:8080
22:09:39.473 [main] DEBUG o.a.h.c.protocol.RequestAddCookies - CookieSpec selected: ignoreCookies
22:09:39.474 [main] DEBUG o.a.h.c.protocol.RequestAuthCache - Auth cache not set in the context
22:09:39.474 [main] DEBUG o.a.h.c.p.RequestTargetAuthentication - Target auth state: UNCHALLENGED
22:09:39.474 [main] DEBUG o.a.h.c.p.RequestProxyAuthentication - Proxy auth state: UNCHALLENGED
22:09:39.474 [main] DEBUG o.a.h.impl.client.DefaultHttpClient - Attempt 1 to execute request
22:09:39.474 [main] DEBUG o.a.h.i.conn.DefaultClientConnection - Sending request: GET /2?b=6&c=3 HTTP/1.1
22:09:39.474 [main] DEBUG org.apache.http.wire -  >> "GET /2?b=6&c=3 HTTP/1.1[\r][\n]"
22:09:39.474 [main] DEBUG org.apache.http.wire -  >> "Accept: */*[\r][\n]"
22:09:39.474 [main] DEBUG org.apache.http.wire -  >> "Host: localhost:8080[\r][\n]"
22:09:39.474 [main] DEBUG org.apache.http.wire -  >> "Connection: Keep-Alive[\r][\n]"
22:09:39.474 [main] DEBUG org.apache.http.wire -  >> "User-Agent: Apache-HttpClient/4.5.3 (Java/13.0.5.1)[\r][\n]"
22:09:39.474 [main] DEBUG org.apache.http.wire -  >> "Accept-Encoding: gzip,deflate[\r][\n]"
22:09:39.474 [main] DEBUG org.apache.http.wire -  >> "[\r][\n]"
22:09:39.474 [main] DEBUG org.apache.http.headers - >> GET /2?b=6&c=3 HTTP/1.1
22:09:39.474 [main] DEBUG org.apache.http.headers - >> Accept: */*
22:09:39.474 [main] DEBUG org.apache.http.headers - >> Host: localhost:8080
22:09:39.474 [main] DEBUG org.apache.http.headers - >> Connection: Keep-Alive
22:09:39.474 [main] DEBUG org.apache.http.headers - >> User-Agent: Apache-HttpClient/4.5.3 (Java/13.0.5.1)
22:09:39.474 [main] DEBUG org.apache.http.headers - >> Accept-Encoding: gzip,deflate
22:09:39.496 [main] DEBUG org.apache.http.wire -  << "HTTP/1.1 200 OK[\r][\n]"
22:09:39.496 [main] DEBUG org.apache.http.wire -  << "Server: Apache-Coyote/1.1[\r][\n]"
22:09:39.496 [main] DEBUG org.apache.http.wire -  << "Content-Type: text/plain;charset=UTF-8[\r][\n]"
22:09:39.496 [main] DEBUG org.apache.http.wire -  << "Content-Length: 6[\r][\n]"
22:09:39.496 [main] DEBUG org.apache.http.wire -  << "Date: Sun, 07 Feb 2021 21:09:39 GMT[\r][\n]"
22:09:39.496 [main] DEBUG org.apache.http.wire -  << "[\r][\n]"
22:09:39.496 [main] DEBUG o.a.h.i.conn.DefaultClientConnection - Receiving response: HTTP/1.1 200 OK
22:09:39.496 [main] DEBUG org.apache.http.headers - << HTTP/1.1 200 OK
22:09:39.496 [main] DEBUG org.apache.http.headers - << Server: Apache-Coyote/1.1
22:09:39.496 [main] DEBUG org.apache.http.headers - << Content-Type: text/plain;charset=UTF-8
22:09:39.496 [main] DEBUG org.apache.http.headers - << Content-Length: 6
22:09:39.496 [main] DEBUG org.apache.http.headers - << Date: Sun, 07 Feb 2021 21:09:39 GMT
22:09:39.496 [main] DEBUG o.a.h.impl.client.DefaultHttpClient - Connection can be kept alive indefinitely
22:09:39.496 [main] DEBUG i.r.i.RequestSpecificationImpl$RestAssuredHttpBuilder - Parsing response as: text/plain;charset=UTF-8
22:09:39.496 [main] DEBUG i.r.i.RequestSpecificationImpl$RestAssuredHttpBuilder - Parsed data to instance of: class org.apache.http.conn.EofSensorInputStream
22:09:39.497 [main] DEBUG org.apache.http.wire -  << "b:1500"
22:09:39.497 [main] DEBUG o.a.h.i.c.BasicClientConnectionManager - Releasing connection org.apache.http.impl.conn.ManagedClientConnectionImpl@3c9f4376
22:09:39.497 [main] DEBUG o.a.h.i.c.BasicClientConnectionManager - Connection can be kept alive indefinitely
22:09:39.500 [main] DEBUG o.a.h.i.c.BasicClientConnectionManager - Get connection for route {}->http://localhost:8080
22:09:39.500 [main] DEBUG o.a.h.i.c.DefaultClientConnectionOperator - Connecting to localhost:8080
22:09:39.500 [main] DEBUG o.a.h.c.protocol.RequestAddCookies - CookieSpec selected: ignoreCookies
22:09:39.500 [main] DEBUG o.a.h.c.protocol.RequestAuthCache - Auth cache not set in the context
22:09:39.500 [main] DEBUG o.a.h.c.p.RequestTargetAuthentication - Target auth state: UNCHALLENGED
22:09:39.500 [main] DEBUG o.a.h.c.p.RequestProxyAuthentication - Proxy auth state: UNCHALLENGED
22:09:39.500 [main] DEBUG o.a.h.impl.client.DefaultHttpClient - Attempt 1 to execute request
22:09:39.500 [main] DEBUG o.a.h.i.conn.DefaultClientConnection - Sending request: GET /2?b=6&c=3 HTTP/1.1
22:09:39.500 [main] DEBUG org.apache.http.wire -  >> "GET /2?b=6&c=3 HTTP/1.1[\r][\n]"
22:09:39.500 [main] DEBUG org.apache.http.wire -  >> "Accept: */*[\r][\n]"
22:09:39.500 [main] DEBUG org.apache.http.wire -  >> "Host: localhost:8080[\r][\n]"
22:09:39.500 [main] DEBUG org.apache.http.wire -  >> "Connection: Keep-Alive[\r][\n]"
22:09:39.500 [main] DEBUG org.apache.http.wire -  >> "User-Agent: Apache-HttpClient/4.5.3 (Java/13.0.5.1)[\r][\n]"
22:09:39.500 [main] DEBUG org.apache.http.wire -  >> "Accept-Encoding: gzip,deflate[\r][\n]"
22:09:39.500 [main] DEBUG org.apache.http.wire -  >> "[\r][\n]"
22:09:39.500 [main] DEBUG org.apache.http.headers - >> GET /2?b=6&c=3 HTTP/1.1
22:09:39.500 [main] DEBUG org.apache.http.headers - >> Accept: */*
22:09:39.500 [main] DEBUG org.apache.http.headers - >> Host: localhost:8080
22:09:39.500 [main] DEBUG org.apache.http.headers - >> Connection: Keep-Alive
22:09:39.500 [main] DEBUG org.apache.http.headers - >> User-Agent: Apache-HttpClient/4.5.3 (Java/13.0.5.1)
22:09:39.500 [main] DEBUG org.apache.http.headers - >> Accept-Encoding: gzip,deflate
22:09:39.521 [main] DEBUG org.apache.http.wire -  << "HTTP/1.1 200 OK[\r][\n]"
22:09:39.521 [main] DEBUG org.apache.http.wire -  << "Server: Apache-Coyote/1.1[\r][\n]"
22:09:39.521 [main] DEBUG org.apache.http.wire -  << "Content-Type: text/plain;charset=UTF-8[\r][\n]"
22:09:39.521 [main] DEBUG org.apache.http.wire -  << "Content-Length: 6[\r][\n]"
22:09:39.521 [main] DEBUG org.apache.http.wire -  << "Date: Sun, 07 Feb 2021 21:09:39 GMT[\r][\n]"
22:09:39.521 [main] DEBUG org.apache.http.wire -  << "[\r][\n]"
22:09:39.521 [main] DEBUG o.a.h.i.conn.DefaultClientConnection - Receiving response: HTTP/1.1 200 OK
22:09:39.521 [main] DEBUG org.apache.http.headers - << HTTP/1.1 200 OK
22:09:39.521 [main] DEBUG org.apache.http.headers - << Server: Apache-Coyote/1.1
22:09:39.521 [main] DEBUG org.apache.http.headers - << Content-Type: text/plain;charset=UTF-8
22:09:39.521 [main] DEBUG org.apache.http.headers - << Content-Length: 6
22:09:39.521 [main] DEBUG org.apache.http.headers - << Date: Sun, 07 Feb 2021 21:09:39 GMT
22:09:39.521 [main] DEBUG o.a.h.impl.client.DefaultHttpClient - Connection can be kept alive indefinitely
22:09:39.521 [main] DEBUG i.r.i.RequestSpecificationImpl$RestAssuredHttpBuilder - Parsing response as: text/plain;charset=UTF-8
22:09:39.521 [main] DEBUG i.r.i.RequestSpecificationImpl$RestAssuredHttpBuilder - Parsed data to instance of: class org.apache.http.conn.EofSensorInputStream
22:09:39.522 [main] DEBUG org.apache.http.wire -  << "b:1500"
22:09:39.522 [main] DEBUG o.a.h.i.c.BasicClientConnectionManager - Releasing connection org.apache.http.impl.conn.ManagedClientConnectionImpl@3cdfbbef
22:09:39.522 [main] DEBUG o.a.h.i.c.BasicClientConnectionManager - Connection can be kept alive indefinitely
22:09:39.524 [main] DEBUG o.a.h.i.c.BasicClientConnectionManager - Get connection for route {}->http://localhost:8080
22:09:39.524 [main] DEBUG o.a.h.i.c.DefaultClientConnectionOperator - Connecting to localhost:8080
22:09:39.525 [main] DEBUG o.a.h.c.protocol.RequestAddCookies - CookieSpec selected: ignoreCookies
22:09:39.525 [main] DEBUG o.a.h.c.protocol.RequestAuthCache - Auth cache not set in the context
22:09:39.525 [main] DEBUG o.a.h.c.p.RequestTargetAuthentication - Target auth state: UNCHALLENGED
22:09:39.525 [main] DEBUG o.a.h.c.p.RequestProxyAuthentication - Proxy auth state: UNCHALLENGED
22:09:39.525 [main] DEBUG o.a.h.impl.client.DefaultHttpClient - Attempt 1 to execute request
22:09:39.525 [main] DEBUG o.a.h.i.conn.DefaultClientConnection - Sending request: GET /2?b=6&c=3 HTTP/1.1
22:09:39.525 [main] DEBUG org.apache.http.wire -  >> "GET /2?b=6&c=3 HTTP/1.1[\r][\n]"
22:09:39.525 [main] DEBUG org.apache.http.wire -  >> "Accept: */*[\r][\n]"
22:09:39.525 [main] DEBUG org.apache.http.wire -  >> "Host: localhost:8080[\r][\n]"
22:09:39.525 [main] DEBUG org.apache.http.wire -  >> "Connection: Keep-Alive[\r][\n]"
22:09:39.525 [main] DEBUG org.apache.http.wire -  >> "User-Agent: Apache-HttpClient/4.5.3 (Java/13.0.5.1)[\r][\n]"
22:09:39.525 [main] DEBUG org.apache.http.wire -  >> "Accept-Encoding: gzip,deflate[\r][\n]"
22:09:39.525 [main] DEBUG org.apache.http.wire -  >> "[\r][\n]"
22:09:39.525 [main] DEBUG org.apache.http.headers - >> GET /2?b=6&c=3 HTTP/1.1
22:09:39.525 [main] DEBUG org.apache.http.headers - >> Accept: */*
22:09:39.525 [main] DEBUG org.apache.http.headers - >> Host: localhost:8080
22:09:39.525 [main] DEBUG org.apache.http.headers - >> Connection: Keep-Alive
22:09:39.525 [main] DEBUG org.apache.http.headers - >> User-Agent: Apache-HttpClient/4.5.3 (Java/13.0.5.1)
22:09:39.525 [main] DEBUG org.apache.http.headers - >> Accept-Encoding: gzip,deflate
22:09:39.542 [main] DEBUG org.apache.http.wire -  << "HTTP/1.1 200 OK[\r][\n]"
22:09:39.542 [main] DEBUG org.apache.http.wire -  << "Server: Apache-Coyote/1.1[\r][\n]"
22:09:39.542 [main] DEBUG org.apache.http.wire -  << "Content-Type: text/plain;charset=UTF-8[\r][\n]"
22:09:39.542 [main] DEBUG org.apache.http.wire -  << "Content-Length: 6[\r][\n]"
22:09:39.542 [main] DEBUG org.apache.http.wire -  << "Date: Sun, 07 Feb 2021 21:09:39 GMT[\r][\n]"
22:09:39.542 [main] DEBUG org.apache.http.wire -  << "[\r][\n]"
22:09:39.542 [main] DEBUG o.a.h.i.conn.DefaultClientConnection - Receiving response: HTTP/1.1 200 OK
22:09:39.542 [main] DEBUG org.apache.http.headers - << HTTP/1.1 200 OK
22:09:39.542 [main] DEBUG org.apache.http.headers - << Server: Apache-Coyote/1.1
22:09:39.542 [main] DEBUG org.apache.http.headers - << Content-Type: text/plain;charset=UTF-8
22:09:39.542 [main] DEBUG org.apache.http.headers - << Content-Length: 6
22:09:39.542 [main] DEBUG org.apache.http.headers - << Date: Sun, 07 Feb 2021 21:09:39 GMT
22:09:39.542 [main] DEBUG o.a.h.impl.client.DefaultHttpClient - Connection can be kept alive indefinitely
22:09:39.542 [main] DEBUG i.r.i.RequestSpecificationImpl$RestAssuredHttpBuilder - Parsing response as: text/plain;charset=UTF-8
22:09:39.542 [main] DEBUG i.r.i.RequestSpecificationImpl$RestAssuredHttpBuilder - Parsed data to instance of: class org.apache.http.conn.EofSensorInputStream
22:09:39.543 [main] DEBUG org.apache.http.wire -  << "b:1500"
22:09:39.543 [main] DEBUG o.a.h.i.c.BasicClientConnectionManager - Releasing connection org.apache.http.impl.conn.ManagedClientConnectionImpl@581918f6
22:09:39.543 [main] DEBUG o.a.h.i.c.BasicClientConnectionManager - Connection can be kept alive indefinitely
22:09:39.545 [main] DEBUG o.a.h.i.c.BasicClientConnectionManager - Get connection for route {}->http://localhost:8080
22:09:39.545 [main] DEBUG o.a.h.i.c.DefaultClientConnectionOperator - Connecting to localhost:8080
22:09:39.546 [main] DEBUG o.a.h.c.protocol.RequestAddCookies - CookieSpec selected: ignoreCookies
22:09:39.546 [main] DEBUG o.a.h.c.protocol.RequestAuthCache - Auth cache not set in the context
22:09:39.546 [main] DEBUG o.a.h.c.p.RequestTargetAuthentication - Target auth state: UNCHALLENGED
22:09:39.546 [main] DEBUG o.a.h.c.p.RequestProxyAuthentication - Proxy auth state: UNCHALLENGED
22:09:39.546 [main] DEBUG o.a.h.impl.client.DefaultHttpClient - Attempt 1 to execute request
22:09:39.546 [main] DEBUG o.a.h.i.conn.DefaultClientConnection - Sending request: GET /2?b=6&c=3 HTTP/1.1
22:09:39.546 [main] DEBUG org.apache.http.wire -  >> "GET /2?b=6&c=3 HTTP/1.1[\r][\n]"
22:09:39.546 [main] DEBUG org.apache.http.wire -  >> "Accept: */*[\r][\n]"
22:09:39.546 [main] DEBUG org.apache.http.wire -  >> "Host: localhost:8080[\r][\n]"
22:09:39.546 [main] DEBUG org.apache.http.wire -  >> "Connection: Keep-Alive[\r][\n]"
22:09:39.546 [main] DEBUG org.apache.http.wire -  >> "User-Agent: Apache-HttpClient/4.5.3 (Java/13.0.5.1)[\r][\n]"
22:09:39.546 [main] DEBUG org.apache.http.wire -  >> "Accept-Encoding: gzip,deflate[\r][\n]"
22:09:39.546 [main] DEBUG org.apache.http.wire -  >> "[\r][\n]"
22:09:39.546 [main] DEBUG org.apache.http.headers - >> GET /2?b=6&c=3 HTTP/1.1
22:09:39.546 [main] DEBUG org.apache.http.headers - >> Accept: */*
22:09:39.546 [main] DEBUG org.apache.http.headers - >> Host: localhost:8080
22:09:39.546 [main] DEBUG org.apache.http.headers - >> Connection: Keep-Alive
22:09:39.546 [main] DEBUG org.apache.http.headers - >> User-Agent: Apache-HttpClient/4.5.3 (Java/13.0.5.1)
22:09:39.546 [main] DEBUG org.apache.http.headers - >> Accept-Encoding: gzip,deflate
22:09:39.563 [main] DEBUG org.apache.http.wire -  << "HTTP/1.1 200 OK[\r][\n]"
22:09:39.563 [main] DEBUG org.apache.http.wire -  << "Server: Apache-Coyote/1.1[\r][\n]"
22:09:39.563 [main] DEBUG org.apache.http.wire -  << "Content-Type: text/plain;charset=UTF-8[\r][\n]"
22:09:39.563 [main] DEBUG org.apache.http.wire -  << "Content-Length: 6[\r][\n]"
22:09:39.563 [main] DEBUG org.apache.http.wire -  << "Date: Sun, 07 Feb 2021 21:09:39 GMT[\r][\n]"
22:09:39.563 [main] DEBUG org.apache.http.wire -  << "[\r][\n]"
22:09:39.563 [main] DEBUG o.a.h.i.conn.DefaultClientConnection - Receiving response: HTTP/1.1 200 OK
22:09:39.563 [main] DEBUG org.apache.http.headers - << HTTP/1.1 200 OK
22:09:39.563 [main] DEBUG org.apache.http.headers - << Server: Apache-Coyote/1.1
22:09:39.563 [main] DEBUG org.apache.http.headers - << Content-Type: text/plain;charset=UTF-8
22:09:39.563 [main] DEBUG org.apache.http.headers - << Content-Length: 6
22:09:39.563 [main] DEBUG org.apache.http.headers - << Date: Sun, 07 Feb 2021 21:09:39 GMT
22:09:39.563 [main] DEBUG o.a.h.impl.client.DefaultHttpClient - Connection can be kept alive indefinitely
22:09:39.563 [main] DEBUG i.r.i.RequestSpecificationImpl$RestAssuredHttpBuilder - Parsing response as: text/plain;charset=UTF-8
22:09:39.563 [main] DEBUG i.r.i.RequestSpecificationImpl$RestAssuredHttpBuilder - Parsed data to instance of: class org.apache.http.conn.EofSensorInputStream
22:09:39.564 [main] DEBUG org.apache.http.wire -  << "b:1500"
22:09:39.564 [main] DEBUG o.a.h.i.c.BasicClientConnectionManager - Releasing connection org.apache.http.impl.conn.ManagedClientConnectionImpl@100807ca
22:09:39.564 [main] DEBUG o.a.h.i.c.BasicClientConnectionManager - Connection can be kept alive indefinitely
22:09:39.569 [main] DEBUG o.a.h.i.c.BasicClientConnectionManager - Get connection for route {}->http://localhost:8080
22:09:39.569 [main] DEBUG o.a.h.i.c.DefaultClientConnectionOperator - Connecting to localhost:8080
22:09:39.569 [main] DEBUG o.a.h.c.protocol.RequestAddCookies - CookieSpec selected: ignoreCookies
22:09:39.569 [main] DEBUG o.a.h.c.protocol.RequestAuthCache - Auth cache not set in the context
22:09:39.569 [main] DEBUG o.a.h.c.p.RequestTargetAuthentication - Target auth state: UNCHALLENGED
22:09:39.569 [main] DEBUG o.a.h.c.p.RequestProxyAuthentication - Proxy auth state: UNCHALLENGED
22:09:39.569 [main] DEBUG o.a.h.impl.client.DefaultHttpClient - Attempt 1 to execute request
22:09:39.569 [main] DEBUG o.a.h.i.conn.DefaultClientConnection - Sending request: GET /2?b=6&c=3 HTTP/1.1
22:09:39.569 [main] DEBUG org.apache.http.wire -  >> "GET /2?b=6&c=3 HTTP/1.1[\r][\n]"
22:09:39.569 [main] DEBUG org.apache.http.wire -  >> "Accept: */*[\r][\n]"
22:09:39.569 [main] DEBUG org.apache.http.wire -  >> "Host: localhost:8080[\r][\n]"
22:09:39.569 [main] DEBUG org.apache.http.wire -  >> "Connection: Keep-Alive[\r][\n]"
22:09:39.569 [main] DEBUG org.apache.http.wire -  >> "User-Agent: Apache-HttpClient/4.5.3 (Java/13.0.5.1)[\r][\n]"
22:09:39.569 [main] DEBUG org.apache.http.wire -  >> "Accept-Encoding: gzip,deflate[\r][\n]"
22:09:39.569 [main] DEBUG org.apache.http.wire -  >> "[\r][\n]"
22:09:39.569 [main] DEBUG org.apache.http.headers - >> GET /2?b=6&c=3 HTTP/1.1
22:09:39.569 [main] DEBUG org.apache.http.headers - >> Accept: */*
22:09:39.569 [main] DEBUG org.apache.http.headers - >> Host: localhost:8080
22:09:39.569 [main] DEBUG org.apache.http.headers - >> Connection: Keep-Alive
22:09:39.569 [main] DEBUG org.apache.http.headers - >> User-Agent: Apache-HttpClient/4.5.3 (Java/13.0.5.1)
22:09:39.569 [main] DEBUG org.apache.http.headers - >> Accept-Encoding: gzip,deflate
22:09:39.587 [main] DEBUG org.apache.http.wire -  << "HTTP/1.1 200 OK[\r][\n]"
22:09:39.587 [main] DEBUG org.apache.http.wire -  << "Server: Apache-Coyote/1.1[\r][\n]"
22:09:39.587 [main] DEBUG org.apache.http.wire -  << "Content-Type: text/plain;charset=UTF-8[\r][\n]"
22:09:39.587 [main] DEBUG org.apache.http.wire -  << "Content-Length: 6[\r][\n]"
22:09:39.587 [main] DEBUG org.apache.http.wire -  << "Date: Sun, 07 Feb 2021 21:09:39 GMT[\r][\n]"
22:09:39.587 [main] DEBUG org.apache.http.wire -  << "[\r][\n]"
22:09:39.587 [main] DEBUG o.a.h.i.conn.DefaultClientConnection - Receiving response: HTTP/1.1 200 OK
22:09:39.587 [main] DEBUG org.apache.http.headers - << HTTP/1.1 200 OK
22:09:39.587 [main] DEBUG org.apache.http.headers - << Server: Apache-Coyote/1.1
22:09:39.587 [main] DEBUG org.apache.http.headers - << Content-Type: text/plain;charset=UTF-8
22:09:39.587 [main] DEBUG org.apache.http.headers - << Content-Length: 6
22:09:39.587 [main] DEBUG org.apache.http.headers - << Date: Sun, 07 Feb 2021 21:09:39 GMT
22:09:39.587 [main] DEBUG o.a.h.impl.client.DefaultHttpClient - Connection can be kept alive indefinitely
22:09:39.588 [main] DEBUG i.r.i.RequestSpecificationImpl$RestAssuredHttpBuilder - Parsing response as: text/plain;charset=UTF-8
22:09:39.588 [main] DEBUG i.r.i.RequestSpecificationImpl$RestAssuredHttpBuilder - Parsed data to instance of: class org.apache.http.conn.EofSensorInputStream
22:09:39.588 [main] DEBUG org.apache.http.wire -  << "b:1500"
22:09:39.588 [main] DEBUG o.a.h.i.c.BasicClientConnectionManager - Releasing connection org.apache.http.impl.conn.ManagedClientConnectionImpl@20a47036
22:09:39.588 [main] DEBUG o.a.h.i.c.BasicClientConnectionManager - Connection can be kept alive indefinitely
22:09:39.590 [main] DEBUG o.a.h.i.c.BasicClientConnectionManager - Get connection for route {}->http://localhost:8080
22:09:39.590 [main] DEBUG o.a.h.i.c.DefaultClientConnectionOperator - Connecting to localhost:8080
22:09:39.591 [main] DEBUG o.a.h.c.protocol.RequestAddCookies - CookieSpec selected: ignoreCookies
22:09:39.591 [main] DEBUG o.a.h.c.protocol.RequestAuthCache - Auth cache not set in the context
22:09:39.591 [main] DEBUG o.a.h.c.p.RequestTargetAuthentication - Target auth state: UNCHALLENGED
22:09:39.591 [main] DEBUG o.a.h.c.p.RequestProxyAuthentication - Proxy auth state: UNCHALLENGED
22:09:39.591 [main] DEBUG o.a.h.impl.client.DefaultHttpClient - Attempt 1 to execute request
22:09:39.591 [main] DEBUG o.a.h.i.conn.DefaultClientConnection - Sending request: GET /2?b=6&c=3 HTTP/1.1
22:09:39.591 [main] DEBUG org.apache.http.wire -  >> "GET /2?b=6&c=3 HTTP/1.1[\r][\n]"
22:09:39.591 [main] DEBUG org.apache.http.wire -  >> "Accept: */*[\r][\n]"
22:09:39.591 [main] DEBUG org.apache.http.wire -  >> "Host: localhost:8080[\r][\n]"
22:09:39.591 [main] DEBUG org.apache.http.wire -  >> "Connection: Keep-Alive[\r][\n]"
22:09:39.591 [main] DEBUG org.apache.http.wire -  >> "User-Agent: Apache-HttpClient/4.5.3 (Java/13.0.5.1)[\r][\n]"
22:09:39.591 [main] DEBUG org.apache.http.wire -  >> "Accept-Encoding: gzip,deflate[\r][\n]"
22:09:39.591 [main] DEBUG org.apache.http.wire -  >> "[\r][\n]"
22:09:39.591 [main] DEBUG org.apache.http.headers - >> GET /2?b=6&c=3 HTTP/1.1
22:09:39.591 [main] DEBUG org.apache.http.headers - >> Accept: */*
22:09:39.591 [main] DEBUG org.apache.http.headers - >> Host: localhost:8080
22:09:39.591 [main] DEBUG org.apache.http.headers - >> Connection: Keep-Alive
22:09:39.591 [main] DEBUG org.apache.http.headers - >> User-Agent: Apache-HttpClient/4.5.3 (Java/13.0.5.1)
22:09:39.591 [main] DEBUG org.apache.http.headers - >> Accept-Encoding: gzip,deflate
22:09:39.618 [main] DEBUG org.apache.http.wire -  << "HTTP/1.1 200 OK[\r][\n]"
22:09:39.618 [main] DEBUG org.apache.http.wire -  << "Server: Apache-Coyote/1.1[\r][\n]"
22:09:39.618 [main] DEBUG org.apache.http.wire -  << "Content-Type: text/plain;charset=UTF-8[\r][\n]"
22:09:39.618 [main] DEBUG org.apache.http.wire -  << "Content-Length: 6[\r][\n]"
22:09:39.618 [main] DEBUG org.apache.http.wire -  << "Date: Sun, 07 Feb 2021 21:09:39 GMT[\r][\n]"
22:09:39.618 [main] DEBUG org.apache.http.wire -  << "[\r][\n]"
22:09:39.618 [main] DEBUG o.a.h.i.conn.DefaultClientConnection - Receiving response: HTTP/1.1 200 OK
22:09:39.618 [main] DEBUG org.apache.http.headers - << HTTP/1.1 200 OK
22:09:39.618 [main] DEBUG org.apache.http.headers - << Server: Apache-Coyote/1.1
22:09:39.618 [main] DEBUG org.apache.http.headers - << Content-Type: text/plain;charset=UTF-8
22:09:39.618 [main] DEBUG org.apache.http.headers - << Content-Length: 6
22:09:39.618 [main] DEBUG org.apache.http.headers - << Date: Sun, 07 Feb 2021 21:09:39 GMT
22:09:39.618 [main] DEBUG o.a.h.impl.client.DefaultHttpClient - Connection can be kept alive indefinitely
22:09:39.618 [main] DEBUG i.r.i.RequestSpecificationImpl$RestAssuredHttpBuilder - Parsing response as: text/plain;charset=UTF-8
22:09:39.618 [main] DEBUG i.r.i.RequestSpecificationImpl$RestAssuredHttpBuilder - Parsed data to instance of: class org.apache.http.conn.EofSensorInputStream
22:09:39.619 [main] DEBUG org.apache.http.wire -  << "b:1500"
22:09:39.619 [main] DEBUG o.a.h.i.c.BasicClientConnectionManager - Releasing connection org.apache.http.impl.conn.ManagedClientConnectionImpl@2520aa05
22:09:39.619 [main] DEBUG o.a.h.i.c.BasicClientConnectionManager - Connection can be kept alive indefinitely
22:09:39.621 [main] DEBUG o.a.h.i.c.BasicClientConnectionManager - Get connection for route {}->http://localhost:8080
22:09:39.621 [main] DEBUG o.a.h.i.c.DefaultClientConnectionOperator - Connecting to localhost:8080
22:09:39.622 [main] DEBUG o.a.h.c.protocol.RequestAddCookies - CookieSpec selected: ignoreCookies
22:09:39.622 [main] DEBUG o.a.h.c.protocol.RequestAuthCache - Auth cache not set in the context
22:09:39.622 [main] DEBUG o.a.h.c.p.RequestTargetAuthentication - Target auth state: UNCHALLENGED
22:09:39.622 [main] DEBUG o.a.h.c.p.RequestProxyAuthentication - Proxy auth state: UNCHALLENGED
22:09:39.622 [main] DEBUG o.a.h.impl.client.DefaultHttpClient - Attempt 1 to execute request
22:09:39.622 [main] DEBUG o.a.h.i.conn.DefaultClientConnection - Sending request: GET /2?b=6&c=3 HTTP/1.1
22:09:39.622 [main] DEBUG org.apache.http.wire -  >> "GET /2?b=6&c=3 HTTP/1.1[\r][\n]"
22:09:39.622 [main] DEBUG org.apache.http.wire -  >> "Accept: */*[\r][\n]"
22:09:39.622 [main] DEBUG org.apache.http.wire -  >> "Host: localhost:8080[\r][\n]"
22:09:39.622 [main] DEBUG org.apache.http.wire -  >> "Connection: Keep-Alive[\r][\n]"
22:09:39.622 [main] DEBUG org.apache.http.wire -  >> "User-Agent: Apache-HttpClient/4.5.3 (Java/13.0.5.1)[\r][\n]"
22:09:39.622 [main] DEBUG org.apache.http.wire -  >> "Accept-Encoding: gzip,deflate[\r][\n]"
22:09:39.622 [main] DEBUG org.apache.http.wire -  >> "[\r][\n]"
22:09:39.622 [main] DEBUG org.apache.http.headers - >> GET /2?b=6&c=3 HTTP/1.1
22:09:39.622 [main] DEBUG org.apache.http.headers - >> Accept: */*
22:09:39.622 [main] DEBUG org.apache.http.headers - >> Host: localhost:8080
22:09:39.622 [main] DEBUG org.apache.http.headers - >> Connection: Keep-Alive
22:09:39.622 [main] DEBUG org.apache.http.headers - >> User-Agent: Apache-HttpClient/4.5.3 (Java/13.0.5.1)
22:09:39.622 [main] DEBUG org.apache.http.headers - >> Accept-Encoding: gzip,deflate
22:09:39.642 [main] DEBUG org.apache.http.wire -  << "HTTP/1.1 200 OK[\r][\n]"
22:09:39.642 [main] DEBUG org.apache.http.wire -  << "Server: Apache-Coyote/1.1[\r][\n]"
22:09:39.642 [main] DEBUG org.apache.http.wire -  << "Content-Type: text/plain;charset=UTF-8[\r][\n]"
22:09:39.642 [main] DEBUG org.apache.http.wire -  << "Content-Length: 6[\r][\n]"
22:09:39.642 [main] DEBUG org.apache.http.wire -  << "Date: Sun, 07 Feb 2021 21:09:39 GMT[\r][\n]"
22:09:39.642 [main] DEBUG org.apache.http.wire -  << "[\r][\n]"
22:09:39.642 [main] DEBUG o.a.h.i.conn.DefaultClientConnection - Receiving response: HTTP/1.1 200 OK
22:09:39.642 [main] DEBUG org.apache.http.headers - << HTTP/1.1 200 OK
22:09:39.642 [main] DEBUG org.apache.http.headers - << Server: Apache-Coyote/1.1
22:09:39.642 [main] DEBUG org.apache.http.headers - << Content-Type: text/plain;charset=UTF-8
22:09:39.642 [main] DEBUG org.apache.http.headers - << Content-Length: 6
22:09:39.642 [main] DEBUG org.apache.http.headers - << Date: Sun, 07 Feb 2021 21:09:39 GMT
22:09:39.642 [main] DEBUG o.a.h.impl.client.DefaultHttpClient - Connection can be kept alive indefinitely
22:09:39.642 [main] DEBUG i.r.i.RequestSpecificationImpl$RestAssuredHttpBuilder - Parsing response as: text/plain;charset=UTF-8
22:09:39.642 [main] DEBUG i.r.i.RequestSpecificationImpl$RestAssuredHttpBuilder - Parsed data to instance of: class org.apache.http.conn.EofSensorInputStream
22:09:39.643 [main] DEBUG org.apache.http.wire -  << "b:1500"
22:09:39.643 [main] DEBUG o.a.h.i.c.BasicClientConnectionManager - Releasing connection org.apache.http.impl.conn.ManagedClientConnectionImpl@596afb2f
22:09:39.643 [main] DEBUG o.a.h.i.c.BasicClientConnectionManager - Connection can be kept alive indefinitely
22:09:39.647 [main] DEBUG o.a.h.i.c.BasicClientConnectionManager - Get connection for route {}->http://localhost:8080
22:09:39.648 [main] DEBUG o.a.h.i.c.DefaultClientConnectionOperator - Connecting to localhost:8080
22:09:39.648 [main] DEBUG o.a.h.c.protocol.RequestAddCookies - CookieSpec selected: ignoreCookies
22:09:39.649 [main] DEBUG o.a.h.c.protocol.RequestAuthCache - Auth cache not set in the context
22:09:39.649 [main] DEBUG o.a.h.c.p.RequestTargetAuthentication - Target auth state: UNCHALLENGED
22:09:39.649 [main] DEBUG o.a.h.c.p.RequestProxyAuthentication - Proxy auth state: UNCHALLENGED
22:09:39.649 [main] DEBUG o.a.h.impl.client.DefaultHttpClient - Attempt 1 to execute request
22:09:39.649 [main] DEBUG o.a.h.i.conn.DefaultClientConnection - Sending request: GET /2?b=6&c=3 HTTP/1.1
22:09:39.649 [main] DEBUG org.apache.http.wire -  >> "GET /2?b=6&c=3 HTTP/1.1[\r][\n]"
22:09:39.649 [main] DEBUG org.apache.http.wire -  >> "Accept: */*[\r][\n]"
22:09:39.649 [main] DEBUG org.apache.http.wire -  >> "Host: localhost:8080[\r][\n]"
22:09:39.649 [main] DEBUG org.apache.http.wire -  >> "Connection: Keep-Alive[\r][\n]"
22:09:39.649 [main] DEBUG org.apache.http.wire -  >> "User-Agent: Apache-HttpClient/4.5.3 (Java/13.0.5.1)[\r][\n]"
22:09:39.649 [main] DEBUG org.apache.http.wire -  >> "Accept-Encoding: gzip,deflate[\r][\n]"
22:09:39.649 [main] DEBUG org.apache.http.wire -  >> "[\r][\n]"
22:09:39.649 [main] DEBUG org.apache.http.headers - >> GET /2?b=6&c=3 HTTP/1.1
22:09:39.649 [main] DEBUG org.apache.http.headers - >> Accept: */*
22:09:39.649 [main] DEBUG org.apache.http.headers - >> Host: localhost:8080
22:09:39.649 [main] DEBUG org.apache.http.headers - >> Connection: Keep-Alive
22:09:39.649 [main] DEBUG org.apache.http.headers - >> User-Agent: Apache-HttpClient/4.5.3 (Java/13.0.5.1)
22:09:39.649 [main] DEBUG org.apache.http.headers - >> Accept-Encoding: gzip,deflate
22:09:39.669 [main] DEBUG org.apache.http.wire -  << "HTTP/1.1 200 OK[\r][\n]"
22:09:39.669 [main] DEBUG org.apache.http.wire -  << "Server: Apache-Coyote/1.1[\r][\n]"
22:09:39.669 [main] DEBUG org.apache.http.wire -  << "Content-Type: text/plain;charset=UTF-8[\r][\n]"
22:09:39.669 [main] DEBUG org.apache.http.wire -  << "Content-Length: 6[\r][\n]"
22:09:39.669 [main] DEBUG org.apache.http.wire -  << "Date: Sun, 07 Feb 2021 21:09:39 GMT[\r][\n]"
22:09:39.669 [main] DEBUG org.apache.http.wire -  << "[\r][\n]"
22:09:39.669 [main] DEBUG o.a.h.i.conn.DefaultClientConnection - Receiving response: HTTP/1.1 200 OK
22:09:39.669 [main] DEBUG org.apache.http.headers - << HTTP/1.1 200 OK
22:09:39.669 [main] DEBUG org.apache.http.headers - << Server: Apache-Coyote/1.1
22:09:39.669 [main] DEBUG org.apache.http.headers - << Content-Type: text/plain;charset=UTF-8
22:09:39.669 [main] DEBUG org.apache.http.headers - << Content-Length: 6
22:09:39.669 [main] DEBUG org.apache.http.headers - << Date: Sun, 07 Feb 2021 21:09:39 GMT
22:09:39.669 [main] DEBUG o.a.h.impl.client.DefaultHttpClient - Connection can be kept alive indefinitely
22:09:39.669 [main] DEBUG i.r.i.RequestSpecificationImpl$RestAssuredHttpBuilder - Parsing response as: text/plain;charset=UTF-8
22:09:39.669 [main] DEBUG i.r.i.RequestSpecificationImpl$RestAssuredHttpBuilder - Parsed data to instance of: class org.apache.http.conn.EofSensorInputStream
22:09:39.669 [main] DEBUG org.apache.http.wire -  << "b:1500"
22:09:39.669 [main] DEBUG o.a.h.i.c.BasicClientConnectionManager - Releasing connection org.apache.http.impl.conn.ManagedClientConnectionImpl@61993d18
22:09:39.669 [main] DEBUG o.a.h.i.c.BasicClientConnectionManager - Connection can be kept alive indefinitely
22:09:39.671 [main] DEBUG o.a.h.i.c.BasicClientConnectionManager - Get connection for route {}->http://localhost:8080
22:09:39.671 [main] DEBUG o.a.h.i.c.DefaultClientConnectionOperator - Connecting to localhost:8080
22:09:39.671 [main] DEBUG o.a.h.c.protocol.RequestAddCookies - CookieSpec selected: ignoreCookies
22:09:39.671 [main] DEBUG o.a.h.c.protocol.RequestAuthCache - Auth cache not set in the context
22:09:39.671 [main] DEBUG o.a.h.c.p.RequestTargetAuthentication - Target auth state: UNCHALLENGED
22:09:39.671 [main] DEBUG o.a.h.c.p.RequestProxyAuthentication - Proxy auth state: UNCHALLENGED
22:09:39.671 [main] DEBUG o.a.h.impl.client.DefaultHttpClient - Attempt 1 to execute request
22:09:39.671 [main] DEBUG o.a.h.i.conn.DefaultClientConnection - Sending request: GET /2?b=6&c=3 HTTP/1.1
22:09:39.671 [main] DEBUG org.apache.http.wire -  >> "GET /2?b=6&c=3 HTTP/1.1[\r][\n]"
22:09:39.671 [main] DEBUG org.apache.http.wire -  >> "Accept: */*[\r][\n]"
22:09:39.671 [main] DEBUG org.apache.http.wire -  >> "Host: localhost:8080[\r][\n]"
22:09:39.671 [main] DEBUG org.apache.http.wire -  >> "Connection: Keep-Alive[\r][\n]"
22:09:39.671 [main] DEBUG org.apache.http.wire -  >> "User-Agent: Apache-HttpClient/4.5.3 (Java/13.0.5.1)[\r][\n]"
22:09:39.671 [main] DEBUG org.apache.http.wire -  >> "Accept-Encoding: gzip,deflate[\r][\n]"
22:09:39.672 [main] DEBUG org.apache.http.wire -  >> "[\r][\n]"
22:09:39.672 [main] DEBUG org.apache.http.headers - >> GET /2?b=6&c=3 HTTP/1.1
22:09:39.672 [main] DEBUG org.apache.http.headers - >> Accept: */*
22:09:39.672 [main] DEBUG org.apache.http.headers - >> Host: localhost:8080
22:09:39.672 [main] DEBUG org.apache.http.headers - >> Connection: Keep-Alive
22:09:39.672 [main] DEBUG org.apache.http.headers - >> User-Agent: Apache-HttpClient/4.5.3 (Java/13.0.5.1)
22:09:39.672 [main] DEBUG org.apache.http.headers - >> Accept-Encoding: gzip,deflate
22:09:39.686 [main] DEBUG org.apache.http.wire -  << "HTTP/1.1 200 OK[\r][\n]"
22:09:39.686 [main] DEBUG org.apache.http.wire -  << "Server: Apache-Coyote/1.1[\r][\n]"
22:09:39.686 [main] DEBUG org.apache.http.wire -  << "Content-Type: text/plain;charset=UTF-8[\r][\n]"
22:09:39.686 [main] DEBUG org.apache.http.wire -  << "Content-Length: 6[\r][\n]"
22:09:39.686 [main] DEBUG org.apache.http.wire -  << "Date: Sun, 07 Feb 2021 21:09:39 GMT[\r][\n]"
22:09:39.686 [main] DEBUG org.apache.http.wire -  << "[\r][\n]"
22:09:39.686 [main] DEBUG o.a.h.i.conn.DefaultClientConnection - Receiving response: HTTP/1.1 200 OK
22:09:39.686 [main] DEBUG org.apache.http.headers - << HTTP/1.1 200 OK
22:09:39.686 [main] DEBUG org.apache.http.headers - << Server: Apache-Coyote/1.1
22:09:39.686 [main] DEBUG org.apache.http.headers - << Content-Type: text/plain;charset=UTF-8
22:09:39.686 [main] DEBUG org.apache.http.headers - << Content-Length: 6
22:09:39.686 [main] DEBUG org.apache.http.headers - << Date: Sun, 07 Feb 2021 21:09:39 GMT
22:09:39.686 [main] DEBUG o.a.h.impl.client.DefaultHttpClient - Connection can be kept alive indefinitely
22:09:39.686 [main] DEBUG i.r.i.RequestSpecificationImpl$RestAssuredHttpBuilder - Parsing response as: text/plain;charset=UTF-8
22:09:39.686 [main] DEBUG i.r.i.RequestSpecificationImpl$RestAssuredHttpBuilder - Parsed data to instance of: class org.apache.http.conn.EofSensorInputStream
22:09:39.686 [main] DEBUG org.apache.http.wire -  << "b:1500"
22:09:39.686 [main] DEBUG o.a.h.i.c.BasicClientConnectionManager - Releasing connection org.apache.http.impl.conn.ManagedClientConnectionImpl@3e39f08c
22:09:39.686 [main] DEBUG o.a.h.i.c.BasicClientConnectionManager - Connection can be kept alive indefinitely
22:09:39.689 [main] DEBUG o.a.h.i.c.BasicClientConnectionManager - Get connection for route {}->http://localhost:8080
22:09:39.689 [main] DEBUG o.a.h.i.c.DefaultClientConnectionOperator - Connecting to localhost:8080
22:09:39.689 [main] DEBUG o.a.h.c.protocol.RequestAddCookies - CookieSpec selected: ignoreCookies
22:09:39.689 [main] DEBUG o.a.h.c.protocol.RequestAuthCache - Auth cache not set in the context
22:09:39.689 [main] DEBUG o.a.h.c.p.RequestTargetAuthentication - Target auth state: UNCHALLENGED
22:09:39.689 [main] DEBUG o.a.h.c.p.RequestProxyAuthentication - Proxy auth state: UNCHALLENGED
22:09:39.689 [main] DEBUG o.a.h.impl.client.DefaultHttpClient - Attempt 1 to execute request
22:09:39.689 [main] DEBUG o.a.h.i.conn.DefaultClientConnection - Sending request: GET /2?b=6&c=3 HTTP/1.1
22:09:39.689 [main] DEBUG org.apache.http.wire -  >> "GET /2?b=6&c=3 HTTP/1.1[\r][\n]"
22:09:39.689 [main] DEBUG org.apache.http.wire -  >> "Accept: */*[\r][\n]"
22:09:39.689 [main] DEBUG org.apache.http.wire -  >> "Host: localhost:8080[\r][\n]"
22:09:39.689 [main] DEBUG org.apache.http.wire -  >> "Connection: Keep-Alive[\r][\n]"
22:09:39.689 [main] DEBUG org.apache.http.wire -  >> "User-Agent: Apache-HttpClient/4.5.3 (Java/13.0.5.1)[\r][\n]"
22:09:39.689 [main] DEBUG org.apache.http.wire -  >> "Accept-Encoding: gzip,deflate[\r][\n]"
22:09:39.689 [main] DEBUG org.apache.http.wire -  >> "[\r][\n]"
22:09:39.689 [main] DEBUG org.apache.http.headers - >> GET /2?b=6&c=3 HTTP/1.1
22:09:39.689 [main] DEBUG org.apache.http.headers - >> Accept: */*
22:09:39.689 [main] DEBUG org.apache.http.headers - >> Host: localhost:8080
22:09:39.689 [main] DEBUG org.apache.http.headers - >> Connection: Keep-Alive
22:09:39.689 [main] DEBUG org.apache.http.headers - >> User-Agent: Apache-HttpClient/4.5.3 (Java/13.0.5.1)
22:09:39.689 [main] DEBUG org.apache.http.headers - >> Accept-Encoding: gzip,deflate
22:09:39.707 [main] DEBUG org.apache.http.wire -  << "HTTP/1.1 200 OK[\r][\n]"
22:09:39.707 [main] DEBUG org.apache.http.wire -  << "Server: Apache-Coyote/1.1[\r][\n]"
22:09:39.707 [main] DEBUG org.apache.http.wire -  << "Content-Type: text/plain;charset=UTF-8[\r][\n]"
22:09:39.707 [main] DEBUG org.apache.http.wire -  << "Content-Length: 6[\r][\n]"
22:09:39.707 [main] DEBUG org.apache.http.wire -  << "Date: Sun, 07 Feb 2021 21:09:39 GMT[\r][\n]"
22:09:39.707 [main] DEBUG org.apache.http.wire -  << "[\r][\n]"
22:09:39.707 [main] DEBUG o.a.h.i.conn.DefaultClientConnection - Receiving response: HTTP/1.1 200 OK
22:09:39.707 [main] DEBUG org.apache.http.headers - << HTTP/1.1 200 OK
22:09:39.707 [main] DEBUG org.apache.http.headers - << Server: Apache-Coyote/1.1
22:09:39.707 [main] DEBUG org.apache.http.headers - << Content-Type: text/plain;charset=UTF-8
22:09:39.707 [main] DEBUG org.apache.http.headers - << Content-Length: 6
22:09:39.707 [main] DEBUG org.apache.http.headers - << Date: Sun, 07 Feb 2021 21:09:39 GMT
22:09:39.707 [main] DEBUG o.a.h.impl.client.DefaultHttpClient - Connection can be kept alive indefinitely
22:09:39.707 [main] DEBUG i.r.i.RequestSpecificationImpl$RestAssuredHttpBuilder - Parsing response as: text/plain;charset=UTF-8
22:09:39.708 [main] DEBUG i.r.i.RequestSpecificationImpl$RestAssuredHttpBuilder - Parsed data to instance of: class org.apache.http.conn.EofSensorInputStream
22:09:39.708 [main] DEBUG org.apache.http.wire -  << "b:1500"
22:09:39.708 [main] DEBUG o.a.h.i.c.BasicClientConnectionManager - Releasing connection org.apache.http.impl.conn.ManagedClientConnectionImpl@3386ed8
22:09:39.708 [main] DEBUG o.a.h.i.c.BasicClientConnectionManager - Connection can be kept alive indefinitely
22:09:39.710 [main] DEBUG o.a.h.i.c.BasicClientConnectionManager - Get connection for route {}->http://localhost:8080
22:09:39.710 [main] DEBUG o.a.h.i.c.DefaultClientConnectionOperator - Connecting to localhost:8080
22:09:39.711 [main] DEBUG o.a.h.c.protocol.RequestAddCookies - CookieSpec selected: ignoreCookies
22:09:39.711 [main] DEBUG o.a.h.c.protocol.RequestAuthCache - Auth cache not set in the context
22:09:39.711 [main] DEBUG o.a.h.c.p.RequestTargetAuthentication - Target auth state: UNCHALLENGED
22:09:39.711 [main] DEBUG o.a.h.c.p.RequestProxyAuthentication - Proxy auth state: UNCHALLENGED
22:09:39.711 [main] DEBUG o.a.h.impl.client.DefaultHttpClient - Attempt 1 to execute request
22:09:39.711 [main] DEBUG o.a.h.i.conn.DefaultClientConnection - Sending request: GET /2?b=6&c=3 HTTP/1.1
22:09:39.711 [main] DEBUG org.apache.http.wire -  >> "GET /2?b=6&c=3 HTTP/1.1[\r][\n]"
22:09:39.711 [main] DEBUG org.apache.http.wire -  >> "Accept: */*[\r][\n]"
22:09:39.711 [main] DEBUG org.apache.http.wire -  >> "Host: localhost:8080[\r][\n]"
22:09:39.711 [main] DEBUG org.apache.http.wire -  >> "Connection: Keep-Alive[\r][\n]"
22:09:39.711 [main] DEBUG org.apache.http.wire -  >> "User-Agent: Apache-HttpClient/4.5.3 (Java/13.0.5.1)[\r][\n]"
22:09:39.711 [main] DEBUG org.apache.http.wire -  >> "Accept-Encoding: gzip,deflate[\r][\n]"
22:09:39.711 [main] DEBUG org.apache.http.wire -  >> "[\r][\n]"
22:09:39.711 [main] DEBUG org.apache.http.headers - >> GET /2?b=6&c=3 HTTP/1.1
22:09:39.711 [main] DEBUG org.apache.http.headers - >> Accept: */*
22:09:39.711 [main] DEBUG org.apache.http.headers - >> Host: localhost:8080
22:09:39.711 [main] DEBUG org.apache.http.headers - >> Connection: Keep-Alive
22:09:39.711 [main] DEBUG org.apache.http.headers - >> User-Agent: Apache-HttpClient/4.5.3 (Java/13.0.5.1)
22:09:39.711 [main] DEBUG org.apache.http.headers - >> Accept-Encoding: gzip,deflate
22:09:39.724 [main] DEBUG org.apache.http.wire -  << "HTTP/1.1 200 OK[\r][\n]"
22:09:39.725 [main] DEBUG org.apache.http.wire -  << "Server: Apache-Coyote/1.1[\r][\n]"
22:09:39.725 [main] DEBUG org.apache.http.wire -  << "Content-Type: text/plain;charset=UTF-8[\r][\n]"
22:09:39.725 [main] DEBUG org.apache.http.wire -  << "Content-Length: 6[\r][\n]"
22:09:39.725 [main] DEBUG org.apache.http.wire -  << "Date: Sun, 07 Feb 2021 21:09:39 GMT[\r][\n]"
22:09:39.725 [main] DEBUG org.apache.http.wire -  << "[\r][\n]"
22:09:39.725 [main] DEBUG o.a.h.i.conn.DefaultClientConnection - Receiving response: HTTP/1.1 200 OK
22:09:39.725 [main] DEBUG org.apache.http.headers - << HTTP/1.1 200 OK
22:09:39.725 [main] DEBUG org.apache.http.headers - << Server: Apache-Coyote/1.1
22:09:39.725 [main] DEBUG org.apache.http.headers - << Content-Type: text/plain;charset=UTF-8
22:09:39.725 [main] DEBUG org.apache.http.headers - << Content-Length: 6
22:09:39.725 [main] DEBUG org.apache.http.headers - << Date: Sun, 07 Feb 2021 21:09:39 GMT
22:09:39.725 [main] DEBUG o.a.h.impl.client.DefaultHttpClient - Connection can be kept alive indefinitely
22:09:39.725 [main] DEBUG i.r.i.RequestSpecificationImpl$RestAssuredHttpBuilder - Parsing response as: text/plain;charset=UTF-8
22:09:39.725 [main] DEBUG i.r.i.RequestSpecificationImpl$RestAssuredHttpBuilder - Parsed data to instance of: class org.apache.http.conn.EofSensorInputStream
22:09:39.725 [main] DEBUG org.apache.http.wire -  << "b:1500"
22:09:39.725 [main] DEBUG o.a.h.i.c.BasicClientConnectionManager - Releasing connection org.apache.http.impl.conn.ManagedClientConnectionImpl@57f2e67
22:09:39.725 [main] DEBUG o.a.h.i.c.BasicClientConnectionManager - Connection can be kept alive indefinitely
22:09:39.728 [main] DEBUG o.a.h.i.c.BasicClientConnectionManager - Get connection for route {}->http://localhost:8080
22:09:39.728 [main] DEBUG o.a.h.i.c.DefaultClientConnectionOperator - Connecting to localhost:8080
22:09:39.730 [main] DEBUG o.a.h.c.protocol.RequestAddCookies - CookieSpec selected: ignoreCookies
22:09:39.730 [main] DEBUG o.a.h.c.protocol.RequestAuthCache - Auth cache not set in the context
22:09:39.730 [main] DEBUG o.a.h.c.p.RequestTargetAuthentication - Target auth state: UNCHALLENGED
22:09:39.730 [main] DEBUG o.a.h.c.p.RequestProxyAuthentication - Proxy auth state: UNCHALLENGED
22:09:39.730 [main] DEBUG o.a.h.impl.client.DefaultHttpClient - Attempt 1 to execute request
22:09:39.730 [main] DEBUG o.a.h.i.conn.DefaultClientConnection - Sending request: GET /2?b=6&c=3 HTTP/1.1
22:09:39.730 [main] DEBUG org.apache.http.wire -  >> "GET /2?b=6&c=3 HTTP/1.1[\r][\n]"
22:09:39.730 [main] DEBUG org.apache.http.wire -  >> "Accept: */*[\r][\n]"
22:09:39.730 [main] DEBUG org.apache.http.wire -  >> "Host: localhost:8080[\r][\n]"
22:09:39.730 [main] DEBUG org.apache.http.wire -  >> "Connection: Keep-Alive[\r][\n]"
22:09:39.730 [main] DEBUG org.apache.http.wire -  >> "User-Agent: Apache-HttpClient/4.5.3 (Java/13.0.5.1)[\r][\n]"
22:09:39.730 [main] DEBUG org.apache.http.wire -  >> "Accept-Encoding: gzip,deflate[\r][\n]"
22:09:39.730 [main] DEBUG org.apache.http.wire -  >> "[\r][\n]"
22:09:39.730 [main] DEBUG org.apache.http.headers - >> GET /2?b=6&c=3 HTTP/1.1
22:09:39.730 [main] DEBUG org.apache.http.headers - >> Accept: */*
22:09:39.730 [main] DEBUG org.apache.http.headers - >> Host: localhost:8080
22:09:39.730 [main] DEBUG org.apache.http.headers - >> Connection: Keep-Alive
22:09:39.730 [main] DEBUG org.apache.http.headers - >> User-Agent: Apache-HttpClient/4.5.3 (Java/13.0.5.1)
22:09:39.730 [main] DEBUG org.apache.http.headers - >> Accept-Encoding: gzip,deflate
22:09:39.752 [main] DEBUG org.apache.http.wire -  << "HTTP/1.1 200 OK[\r][\n]"
22:09:39.752 [main] DEBUG org.apache.http.wire -  << "Server: Apache-Coyote/1.1[\r][\n]"
22:09:39.752 [main] DEBUG org.apache.http.wire -  << "Content-Type: text/plain;charset=UTF-8[\r][\n]"
22:09:39.752 [main] DEBUG org.apache.http.wire -  << "Content-Length: 6[\r][\n]"
22:09:39.752 [main] DEBUG org.apache.http.wire -  << "Date: Sun, 07 Feb 2021 21:09:39 GMT[\r][\n]"
22:09:39.752 [main] DEBUG org.apache.http.wire -  << "[\r][\n]"
22:09:39.752 [main] DEBUG o.a.h.i.conn.DefaultClientConnection - Receiving response: HTTP/1.1 200 OK
22:09:39.752 [main] DEBUG org.apache.http.headers - << HTTP/1.1 200 OK
22:09:39.752 [main] DEBUG org.apache.http.headers - << Server: Apache-Coyote/1.1
22:09:39.752 [main] DEBUG org.apache.http.headers - << Content-Type: text/plain;charset=UTF-8
22:09:39.752 [main] DEBUG org.apache.http.headers - << Content-Length: 6
22:09:39.752 [main] DEBUG org.apache.http.headers - << Date: Sun, 07 Feb 2021 21:09:39 GMT
22:09:39.752 [main] DEBUG o.a.h.impl.client.DefaultHttpClient - Connection can be kept alive indefinitely
22:09:39.752 [main] DEBUG i.r.i.RequestSpecificationImpl$RestAssuredHttpBuilder - Parsing response as: text/plain;charset=UTF-8
22:09:39.752 [main] DEBUG i.r.i.RequestSpecificationImpl$RestAssuredHttpBuilder - Parsed data to instance of: class org.apache.http.conn.EofSensorInputStream
22:09:39.752 [main] DEBUG org.apache.http.wire -  << "b:1500"
22:09:39.752 [main] DEBUG o.a.h.i.c.BasicClientConnectionManager - Releasing connection org.apache.http.impl.conn.ManagedClientConnectionImpl@11cadb32
22:09:39.752 [main] DEBUG o.a.h.i.c.BasicClientConnectionManager - Connection can be kept alive indefinitely
22:09:39.754 [main] DEBUG o.a.h.i.c.BasicClientConnectionManager - Get connection for route {}->http://localhost:8080
22:09:39.754 [main] DEBUG o.a.h.i.c.DefaultClientConnectionOperator - Connecting to localhost:8080
22:09:39.755 [main] DEBUG o.a.h.c.protocol.RequestAddCookies - CookieSpec selected: ignoreCookies
22:09:39.755 [main] DEBUG o.a.h.c.protocol.RequestAuthCache - Auth cache not set in the context
22:09:39.755 [main] DEBUG o.a.h.c.p.RequestTargetAuthentication - Target auth state: UNCHALLENGED
22:09:39.755 [main] DEBUG o.a.h.c.p.RequestProxyAuthentication - Proxy auth state: UNCHALLENGED
22:09:39.755 [main] DEBUG o.a.h.impl.client.DefaultHttpClient - Attempt 1 to execute request
22:09:39.755 [main] DEBUG o.a.h.i.conn.DefaultClientConnection - Sending request: GET /2?b=6&c=3 HTTP/1.1
22:09:39.755 [main] DEBUG org.apache.http.wire -  >> "GET /2?b=6&c=3 HTTP/1.1[\r][\n]"
22:09:39.755 [main] DEBUG org.apache.http.wire -  >> "Accept: */*[\r][\n]"
22:09:39.755 [main] DEBUG org.apache.http.wire -  >> "Host: localhost:8080[\r][\n]"
22:09:39.755 [main] DEBUG org.apache.http.wire -  >> "Connection: Keep-Alive[\r][\n]"
22:09:39.755 [main] DEBUG org.apache.http.wire -  >> "User-Agent: Apache-HttpClient/4.5.3 (Java/13.0.5.1)[\r][\n]"
22:09:39.755 [main] DEBUG org.apache.http.wire -  >> "Accept-Encoding: gzip,deflate[\r][\n]"
22:09:39.755 [main] DEBUG org.apache.http.wire -  >> "[\r][\n]"
22:09:39.755 [main] DEBUG org.apache.http.headers - >> GET /2?b=6&c=3 HTTP/1.1
22:09:39.755 [main] DEBUG org.apache.http.headers - >> Accept: */*
22:09:39.755 [main] DEBUG org.apache.http.headers - >> Host: localhost:8080
22:09:39.755 [main] DEBUG org.apache.http.headers - >> Connection: Keep-Alive
22:09:39.755 [main] DEBUG org.apache.http.headers - >> User-Agent: Apache-HttpClient/4.5.3 (Java/13.0.5.1)
22:09:39.755 [main] DEBUG org.apache.http.headers - >> Accept-Encoding: gzip,deflate
22:09:39.771 [main] DEBUG org.apache.http.wire -  << "HTTP/1.1 200 OK[\r][\n]"
22:09:39.771 [main] DEBUG org.apache.http.wire -  << "Server: Apache-Coyote/1.1[\r][\n]"
22:09:39.771 [main] DEBUG org.apache.http.wire -  << "Content-Type: text/plain;charset=UTF-8[\r][\n]"
22:09:39.771 [main] DEBUG org.apache.http.wire -  << "Content-Length: 6[\r][\n]"
22:09:39.771 [main] DEBUG org.apache.http.wire -  << "Date: Sun, 07 Feb 2021 21:09:39 GMT[\r][\n]"
22:09:39.771 [main] DEBUG org.apache.http.wire -  << "[\r][\n]"
22:09:39.771 [main] DEBUG o.a.h.i.conn.DefaultClientConnection - Receiving response: HTTP/1.1 200 OK
22:09:39.771 [main] DEBUG org.apache.http.headers - << HTTP/1.1 200 OK
22:09:39.771 [main] DEBUG org.apache.http.headers - << Server: Apache-Coyote/1.1
22:09:39.771 [main] DEBUG org.apache.http.headers - << Content-Type: text/plain;charset=UTF-8
22:09:39.771 [main] DEBUG org.apache.http.headers - << Content-Length: 6
22:09:39.771 [main] DEBUG org.apache.http.headers - << Date: Sun, 07 Feb 2021 21:09:39 GMT
22:09:39.771 [main] DEBUG o.a.h.impl.client.DefaultHttpClient - Connection can be kept alive indefinitely
22:09:39.771 [main] DEBUG i.r.i.RequestSpecificationImpl$RestAssuredHttpBuilder - Parsing response as: text/plain;charset=UTF-8
22:09:39.771 [main] DEBUG i.r.i.RequestSpecificationImpl$RestAssuredHttpBuilder - Parsed data to instance of: class org.apache.http.conn.EofSensorInputStream
22:09:39.772 [main] DEBUG org.apache.http.wire -  << "b:1500"
22:09:39.772 [main] DEBUG o.a.h.i.c.BasicClientConnectionManager - Releasing connection org.apache.http.impl.conn.ManagedClientConnectionImpl@704c3bdf
22:09:39.772 [main] DEBUG o.a.h.i.c.BasicClientConnectionManager - Connection can be kept alive indefinitely
22:09:39.774 [main] DEBUG o.a.h.i.c.BasicClientConnectionManager - Get connection for route {}->http://localhost:8080
22:09:39.774 [main] DEBUG o.a.h.i.c.DefaultClientConnectionOperator - Connecting to localhost:8080
22:09:39.774 [main] DEBUG o.a.h.c.protocol.RequestAddCookies - CookieSpec selected: ignoreCookies
22:09:39.774 [main] DEBUG o.a.h.c.protocol.RequestAuthCache - Auth cache not set in the context
22:09:39.774 [main] DEBUG o.a.h.c.p.RequestTargetAuthentication - Target auth state: UNCHALLENGED
22:09:39.774 [main] DEBUG o.a.h.c.p.RequestProxyAuthentication - Proxy auth state: UNCHALLENGED
22:09:39.774 [main] DEBUG o.a.h.impl.client.DefaultHttpClient - Attempt 1 to execute request
22:09:39.774 [main] DEBUG o.a.h.i.conn.DefaultClientConnection - Sending request: GET /2?b=6&c=3 HTTP/1.1
22:09:39.774 [main] DEBUG org.apache.http.wire -  >> "GET /2?b=6&c=3 HTTP/1.1[\r][\n]"
22:09:39.774 [main] DEBUG org.apache.http.wire -  >> "Accept: */*[\r][\n]"
22:09:39.774 [main] DEBUG org.apache.http.wire -  >> "Host: localhost:8080[\r][\n]"
22:09:39.774 [main] DEBUG org.apache.http.wire -  >> "Connection: Keep-Alive[\r][\n]"
22:09:39.774 [main] DEBUG org.apache.http.wire -  >> "User-Agent: Apache-HttpClient/4.5.3 (Java/13.0.5.1)[\r][\n]"
22:09:39.774 [main] DEBUG org.apache.http.wire -  >> "Accept-Encoding: gzip,deflate[\r][\n]"
22:09:39.774 [main] DEBUG org.apache.http.wire -  >> "[\r][\n]"
22:09:39.774 [main] DEBUG org.apache.http.headers - >> GET /2?b=6&c=3 HTTP/1.1
22:09:39.774 [main] DEBUG org.apache.http.headers - >> Accept: */*
22:09:39.774 [main] DEBUG org.apache.http.headers - >> Host: localhost:8080
22:09:39.774 [main] DEBUG org.apache.http.headers - >> Connection: Keep-Alive
22:09:39.774 [main] DEBUG org.apache.http.headers - >> User-Agent: Apache-HttpClient/4.5.3 (Java/13.0.5.1)
22:09:39.774 [main] DEBUG org.apache.http.headers - >> Accept-Encoding: gzip,deflate
22:09:39.795 [main] DEBUG org.apache.http.wire -  << "HTTP/1.1 200 OK[\r][\n]"
22:09:39.795 [main] DEBUG org.apache.http.wire -  << "Server: Apache-Coyote/1.1[\r][\n]"
22:09:39.795 [main] DEBUG org.apache.http.wire -  << "Content-Type: text/plain;charset=UTF-8[\r][\n]"
22:09:39.795 [main] DEBUG org.apache.http.wire -  << "Content-Length: 6[\r][\n]"
22:09:39.795 [main] DEBUG org.apache.http.wire -  << "Date: Sun, 07 Feb 2021 21:09:39 GMT[\r][\n]"
22:09:39.795 [main] DEBUG org.apache.http.wire -  << "[\r][\n]"
22:09:39.795 [main] DEBUG o.a.h.i.conn.DefaultClientConnection - Receiving response: HTTP/1.1 200 OK
22:09:39.795 [main] DEBUG org.apache.http.headers - << HTTP/1.1 200 OK
22:09:39.795 [main] DEBUG org.apache.http.headers - << Server: Apache-Coyote/1.1
22:09:39.795 [main] DEBUG org.apache.http.headers - << Content-Type: text/plain;charset=UTF-8
22:09:39.795 [main] DEBUG org.apache.http.headers - << Content-Length: 6
22:09:39.795 [main] DEBUG org.apache.http.headers - << Date: Sun, 07 Feb 2021 21:09:39 GMT
22:09:39.795 [main] DEBUG o.a.h.impl.client.DefaultHttpClient - Connection can be kept alive indefinitely
22:09:39.795 [main] DEBUG i.r.i.RequestSpecificationImpl$RestAssuredHttpBuilder - Parsing response as: text/plain;charset=UTF-8
22:09:39.795 [main] DEBUG i.r.i.RequestSpecificationImpl$RestAssuredHttpBuilder - Parsed data to instance of: class org.apache.http.conn.EofSensorInputStream
22:09:39.796 [main] DEBUG org.apache.http.wire -  << "b:1500"
22:09:39.796 [main] DEBUG o.a.h.i.c.BasicClientConnectionManager - Releasing connection org.apache.http.impl.conn.ManagedClientConnectionImpl@55c03e4
22:09:39.796 [main] DEBUG o.a.h.i.c.BasicClientConnectionManager - Connection can be kept alive indefinitely
22:09:39.797 [main] DEBUG o.a.h.i.c.BasicClientConnectionManager - Get connection for route {}->http://localhost:8080
22:09:39.797 [main] DEBUG o.a.h.i.c.DefaultClientConnectionOperator - Connecting to localhost:8080
22:09:39.798 [main] DEBUG o.a.h.c.protocol.RequestAddCookies - CookieSpec selected: ignoreCookies
22:09:39.798 [main] DEBUG o.a.h.c.protocol.RequestAuthCache - Auth cache not set in the context
22:09:39.798 [main] DEBUG o.a.h.c.p.RequestTargetAuthentication - Target auth state: UNCHALLENGED
22:09:39.798 [main] DEBUG o.a.h.c.p.RequestProxyAuthentication - Proxy auth state: UNCHALLENGED
22:09:39.798 [main] DEBUG o.a.h.impl.client.DefaultHttpClient - Attempt 1 to execute request
22:09:39.798 [main] DEBUG o.a.h.i.conn.DefaultClientConnection - Sending request: GET /2?b=6&c=3 HTTP/1.1
22:09:39.798 [main] DEBUG org.apache.http.wire -  >> "GET /2?b=6&c=3 HTTP/1.1[\r][\n]"
22:09:39.798 [main] DEBUG org.apache.http.wire -  >> "Accept: */*[\r][\n]"
22:09:39.798 [main] DEBUG org.apache.http.wire -  >> "Host: localhost:8080[\r][\n]"
22:09:39.798 [main] DEBUG org.apache.http.wire -  >> "Connection: Keep-Alive[\r][\n]"
22:09:39.798 [main] DEBUG org.apache.http.wire -  >> "User-Agent: Apache-HttpClient/4.5.3 (Java/13.0.5.1)[\r][\n]"
22:09:39.798 [main] DEBUG org.apache.http.wire -  >> "Accept-Encoding: gzip,deflate[\r][\n]"
22:09:39.798 [main] DEBUG org.apache.http.wire -  >> "[\r][\n]"
22:09:39.798 [main] DEBUG org.apache.http.headers - >> GET /2?b=6&c=3 HTTP/1.1
22:09:39.798 [main] DEBUG org.apache.http.headers - >> Accept: */*
22:09:39.798 [main] DEBUG org.apache.http.headers - >> Host: localhost:8080
22:09:39.798 [main] DEBUG org.apache.http.headers - >> Connection: Keep-Alive
22:09:39.798 [main] DEBUG org.apache.http.headers - >> User-Agent: Apache-HttpClient/4.5.3 (Java/13.0.5.1)
22:09:39.798 [main] DEBUG org.apache.http.headers - >> Accept-Encoding: gzip,deflate
22:09:39.814 [main] DEBUG org.apache.http.wire -  << "HTTP/1.1 200 OK[\r][\n]"
22:09:39.814 [main] DEBUG org.apache.http.wire -  << "Server: Apache-Coyote/1.1[\r][\n]"
22:09:39.814 [main] DEBUG org.apache.http.wire -  << "Content-Type: text/plain;charset=UTF-8[\r][\n]"
22:09:39.814 [main] DEBUG org.apache.http.wire -  << "Content-Length: 6[\r][\n]"
22:09:39.814 [main] DEBUG org.apache.http.wire -  << "Date: Sun, 07 Feb 2021 21:09:39 GMT[\r][\n]"
22:09:39.814 [main] DEBUG org.apache.http.wire -  << "[\r][\n]"
22:09:39.814 [main] DEBUG o.a.h.i.conn.DefaultClientConnection - Receiving response: HTTP/1.1 200 OK
22:09:39.814 [main] DEBUG org.apache.http.headers - << HTTP/1.1 200 OK
22:09:39.814 [main] DEBUG org.apache.http.headers - << Server: Apache-Coyote/1.1
22:09:39.814 [main] DEBUG org.apache.http.headers - << Content-Type: text/plain;charset=UTF-8
22:09:39.814 [main] DEBUG org.apache.http.headers - << Content-Length: 6
22:09:39.814 [main] DEBUG org.apache.http.headers - << Date: Sun, 07 Feb 2021 21:09:39 GMT
22:09:39.814 [main] DEBUG o.a.h.impl.client.DefaultHttpClient - Connection can be kept alive indefinitely
22:09:39.814 [main] DEBUG i.r.i.RequestSpecificationImpl$RestAssuredHttpBuilder - Parsing response as: text/plain;charset=UTF-8
22:09:39.814 [main] DEBUG i.r.i.RequestSpecificationImpl$RestAssuredHttpBuilder - Parsed data to instance of: class org.apache.http.conn.EofSensorInputStream
22:09:39.815 [main] DEBUG org.apache.http.wire -  << "b:1500"
22:09:39.815 [main] DEBUG o.a.h.i.c.BasicClientConnectionManager - Releasing connection org.apache.http.impl.conn.ManagedClientConnectionImpl@7a0f06ad
22:09:39.815 [main] DEBUG o.a.h.i.c.BasicClientConnectionManager - Connection can be kept alive indefinitely
22:09:39.817 [main] DEBUG o.a.h.i.c.BasicClientConnectionManager - Get connection for route {}->http://localhost:8080
22:09:39.817 [main] DEBUG o.a.h.i.c.DefaultClientConnectionOperator - Connecting to localhost:8080
22:09:39.817 [main] DEBUG o.a.h.c.protocol.RequestAddCookies - CookieSpec selected: ignoreCookies
22:09:39.817 [main] DEBUG o.a.h.c.protocol.RequestAuthCache - Auth cache not set in the context
22:09:39.817 [main] DEBUG o.a.h.c.p.RequestTargetAuthentication - Target auth state: UNCHALLENGED
22:09:39.817 [main] DEBUG o.a.h.c.p.RequestProxyAuthentication - Proxy auth state: UNCHALLENGED
22:09:39.817 [main] DEBUG o.a.h.impl.client.DefaultHttpClient - Attempt 1 to execute request
22:09:39.817 [main] DEBUG o.a.h.i.conn.DefaultClientConnection - Sending request: GET /2?b=6&c=3 HTTP/1.1
22:09:39.817 [main] DEBUG org.apache.http.wire -  >> "GET /2?b=6&c=3 HTTP/1.1[\r][\n]"
22:09:39.817 [main] DEBUG org.apache.http.wire -  >> "Accept: */*[\r][\n]"
22:09:39.817 [main] DEBUG org.apache.http.wire -  >> "Host: localhost:8080[\r][\n]"
22:09:39.817 [main] DEBUG org.apache.http.wire -  >> "Connection: Keep-Alive[\r][\n]"
22:09:39.817 [main] DEBUG org.apache.http.wire -  >> "User-Agent: Apache-HttpClient/4.5.3 (Java/13.0.5.1)[\r][\n]"
22:09:39.817 [main] DEBUG org.apache.http.wire -  >> "Accept-Encoding: gzip,deflate[\r][\n]"
22:09:39.817 [main] DEBUG org.apache.http.wire -  >> "[\r][\n]"
22:09:39.817 [main] DEBUG org.apache.http.headers - >> GET /2?b=6&c=3 HTTP/1.1
22:09:39.817 [main] DEBUG org.apache.http.headers - >> Accept: */*
22:09:39.817 [main] DEBUG org.apache.http.headers - >> Host: localhost:8080
22:09:39.817 [main] DEBUG org.apache.http.headers - >> Connection: Keep-Alive
22:09:39.817 [main] DEBUG org.apache.http.headers - >> User-Agent: Apache-HttpClient/4.5.3 (Java/13.0.5.1)
22:09:39.817 [main] DEBUG org.apache.http.headers - >> Accept-Encoding: gzip,deflate
22:09:39.835 [main] DEBUG org.apache.http.wire -  << "HTTP/1.1 200 OK[\r][\n]"
22:09:39.835 [main] DEBUG org.apache.http.wire -  << "Server: Apache-Coyote/1.1[\r][\n]"
22:09:39.835 [main] DEBUG org.apache.http.wire -  << "Content-Type: text/plain;charset=UTF-8[\r][\n]"
22:09:39.835 [main] DEBUG org.apache.http.wire -  << "Content-Length: 6[\r][\n]"
22:09:39.835 [main] DEBUG org.apache.http.wire -  << "Date: Sun, 07 Feb 2021 21:09:39 GMT[\r][\n]"
22:09:39.835 [main] DEBUG org.apache.http.wire -  << "[\r][\n]"
22:09:39.835 [main] DEBUG o.a.h.i.conn.DefaultClientConnection - Receiving response: HTTP/1.1 200 OK
22:09:39.835 [main] DEBUG org.apache.http.headers - << HTTP/1.1 200 OK
22:09:39.835 [main] DEBUG org.apache.http.headers - << Server: Apache-Coyote/1.1
22:09:39.835 [main] DEBUG org.apache.http.headers - << Content-Type: text/plain;charset=UTF-8
22:09:39.835 [main] DEBUG org.apache.http.headers - << Content-Length: 6
22:09:39.835 [main] DEBUG org.apache.http.headers - << Date: Sun, 07 Feb 2021 21:09:39 GMT
22:09:39.835 [main] DEBUG o.a.h.impl.client.DefaultHttpClient - Connection can be kept alive indefinitely
22:09:39.835 [main] DEBUG i.r.i.RequestSpecificationImpl$RestAssuredHttpBuilder - Parsing response as: text/plain;charset=UTF-8
22:09:39.836 [main] DEBUG i.r.i.RequestSpecificationImpl$RestAssuredHttpBuilder - Parsed data to instance of: class org.apache.http.conn.EofSensorInputStream
22:09:39.836 [main] DEBUG org.apache.http.wire -  << "b:1500"
22:09:39.836 [main] DEBUG o.a.h.i.c.BasicClientConnectionManager - Releasing connection org.apache.http.impl.conn.ManagedClientConnectionImpl@64420e34
22:09:39.836 [main] DEBUG o.a.h.i.c.BasicClientConnectionManager - Connection can be kept alive indefinitely
22:09:39.839 [main] DEBUG o.a.h.i.c.BasicClientConnectionManager - Get connection for route {}->http://localhost:8080
22:09:39.839 [main] DEBUG o.a.h.i.c.DefaultClientConnectionOperator - Connecting to localhost:8080
22:09:39.839 [main] DEBUG o.a.h.c.protocol.RequestAddCookies - CookieSpec selected: ignoreCookies
22:09:39.840 [main] DEBUG o.a.h.c.protocol.RequestAuthCache - Auth cache not set in the context
22:09:39.840 [main] DEBUG o.a.h.c.p.RequestTargetAuthentication - Target auth state: UNCHALLENGED
22:09:39.840 [main] DEBUG o.a.h.c.p.RequestProxyAuthentication - Proxy auth state: UNCHALLENGED
22:09:39.840 [main] DEBUG o.a.h.impl.client.DefaultHttpClient - Attempt 1 to execute request
22:09:39.840 [main] DEBUG o.a.h.i.conn.DefaultClientConnection - Sending request: GET /2?b=6&c=3 HTTP/1.1
22:09:39.840 [main] DEBUG org.apache.http.wire -  >> "GET /2?b=6&c=3 HTTP/1.1[\r][\n]"
22:09:39.840 [main] DEBUG org.apache.http.wire -  >> "Accept: */*[\r][\n]"
22:09:39.840 [main] DEBUG org.apache.http.wire -  >> "Host: localhost:8080[\r][\n]"
22:09:39.840 [main] DEBUG org.apache.http.wire -  >> "Connection: Keep-Alive[\r][\n]"
22:09:39.840 [main] DEBUG org.apache.http.wire -  >> "User-Agent: Apache-HttpClient/4.5.3 (Java/13.0.5.1)[\r][\n]"
22:09:39.840 [main] DEBUG org.apache.http.wire -  >> "Accept-Encoding: gzip,deflate[\r][\n]"
22:09:39.840 [main] DEBUG org.apache.http.wire -  >> "[\r][\n]"
22:09:39.840 [main] DEBUG org.apache.http.headers - >> GET /2?b=6&c=3 HTTP/1.1
22:09:39.840 [main] DEBUG org.apache.http.headers - >> Accept: */*
22:09:39.840 [main] DEBUG org.apache.http.headers - >> Host: localhost:8080
22:09:39.840 [main] DEBUG org.apache.http.headers - >> Connection: Keep-Alive
22:09:39.840 [main] DEBUG org.apache.http.headers - >> User-Agent: Apache-HttpClient/4.5.3 (Java/13.0.5.1)
22:09:39.840 [main] DEBUG org.apache.http.headers - >> Accept-Encoding: gzip,deflate
22:09:39.855 [main] DEBUG org.apache.http.wire -  << "HTTP/1.1 200 OK[\r][\n]"
22:09:39.855 [main] DEBUG org.apache.http.wire -  << "Server: Apache-Coyote/1.1[\r][\n]"
22:09:39.855 [main] DEBUG org.apache.http.wire -  << "Content-Type: text/plain;charset=UTF-8[\r][\n]"
22:09:39.855 [main] DEBUG org.apache.http.wire -  << "Content-Length: 6[\r][\n]"
22:09:39.855 [main] DEBUG org.apache.http.wire -  << "Date: Sun, 07 Feb 2021 21:09:39 GMT[\r][\n]"
22:09:39.855 [main] DEBUG org.apache.http.wire -  << "[\r][\n]"
22:09:39.855 [main] DEBUG o.a.h.i.conn.DefaultClientConnection - Receiving response: HTTP/1.1 200 OK
22:09:39.855 [main] DEBUG org.apache.http.headers - << HTTP/1.1 200 OK
22:09:39.855 [main] DEBUG org.apache.http.headers - << Server: Apache-Coyote/1.1
22:09:39.855 [main] DEBUG org.apache.http.headers - << Content-Type: text/plain;charset=UTF-8
22:09:39.855 [main] DEBUG org.apache.http.headers - << Content-Length: 6
22:09:39.855 [main] DEBUG org.apache.http.headers - << Date: Sun, 07 Feb 2021 21:09:39 GMT
22:09:39.855 [main] DEBUG o.a.h.impl.client.DefaultHttpClient - Connection can be kept alive indefinitely
22:09:39.855 [main] DEBUG i.r.i.RequestSpecificationImpl$RestAssuredHttpBuilder - Parsing response as: text/plain;charset=UTF-8
22:09:39.855 [main] DEBUG i.r.i.RequestSpecificationImpl$RestAssuredHttpBuilder - Parsed data to instance of: class org.apache.http.conn.EofSensorInputStream
22:09:39.855 [main] DEBUG org.apache.http.wire -  << "b:1500"
22:09:39.855 [main] DEBUG o.a.h.i.c.BasicClientConnectionManager - Releasing connection org.apache.http.impl.conn.ManagedClientConnectionImpl@1488a861
22:09:39.855 [main] DEBUG o.a.h.i.c.BasicClientConnectionManager - Connection can be kept alive indefinitely
22:09:39.857 [main] DEBUG o.a.h.i.c.BasicClientConnectionManager - Get connection for route {}->http://localhost:8080
22:09:39.857 [main] DEBUG o.a.h.i.c.DefaultClientConnectionOperator - Connecting to localhost:8080
22:09:39.858 [main] DEBUG o.a.h.c.protocol.RequestAddCookies - CookieSpec selected: ignoreCookies
22:09:39.858 [main] DEBUG o.a.h.c.protocol.RequestAuthCache - Auth cache not set in the context
22:09:39.858 [main] DEBUG o.a.h.c.p.RequestTargetAuthentication - Target auth state: UNCHALLENGED
22:09:39.858 [main] DEBUG o.a.h.c.p.RequestProxyAuthentication - Proxy auth state: UNCHALLENGED
22:09:39.858 [main] DEBUG o.a.h.impl.client.DefaultHttpClient - Attempt 1 to execute request
22:09:39.858 [main] DEBUG o.a.h.i.conn.DefaultClientConnection - Sending request: GET /2?b=6&c=3 HTTP/1.1
22:09:39.858 [main] DEBUG org.apache.http.wire -  >> "GET /2?b=6&c=3 HTTP/1.1[\r][\n]"
22:09:39.858 [main] DEBUG org.apache.http.wire -  >> "Accept: */*[\r][\n]"
22:09:39.858 [main] DEBUG org.apache.http.wire -  >> "Host: localhost:8080[\r][\n]"
22:09:39.858 [main] DEBUG org.apache.http.wire -  >> "Connection: Keep-Alive[\r][\n]"
22:09:39.858 [main] DEBUG org.apache.http.wire -  >> "User-Agent: Apache-HttpClient/4.5.3 (Java/13.0.5.1)[\r][\n]"
22:09:39.858 [main] DEBUG org.apache.http.wire -  >> "Accept-Encoding: gzip,deflate[\r][\n]"
22:09:39.858 [main] DEBUG org.apache.http.wire -  >> "[\r][\n]"
22:09:39.858 [main] DEBUG org.apache.http.headers - >> GET /2?b=6&c=3 HTTP/1.1
22:09:39.858 [main] DEBUG org.apache.http.headers - >> Accept: */*
22:09:39.858 [main] DEBUG org.apache.http.headers - >> Host: localhost:8080
22:09:39.858 [main] DEBUG org.apache.http.headers - >> Connection: Keep-Alive
22:09:39.858 [main] DEBUG org.apache.http.headers - >> User-Agent: Apache-HttpClient/4.5.3 (Java/13.0.5.1)
22:09:39.858 [main] DEBUG org.apache.http.headers - >> Accept-Encoding: gzip,deflate
22:09:39.877 [main] DEBUG org.apache.http.wire -  << "HTTP/1.1 200 OK[\r][\n]"
22:09:39.877 [main] DEBUG org.apache.http.wire -  << "Server: Apache-Coyote/1.1[\r][\n]"
22:09:39.877 [main] DEBUG org.apache.http.wire -  << "Content-Type: text/plain;charset=UTF-8[\r][\n]"
22:09:39.877 [main] DEBUG org.apache.http.wire -  << "Content-Length: 6[\r][\n]"
22:09:39.877 [main] DEBUG org.apache.http.wire -  << "Date: Sun, 07 Feb 2021 21:09:39 GMT[\r][\n]"
22:09:39.877 [main] DEBUG org.apache.http.wire -  << "[\r][\n]"
22:09:39.877 [main] DEBUG o.a.h.i.conn.DefaultClientConnection - Receiving response: HTTP/1.1 200 OK
22:09:39.877 [main] DEBUG org.apache.http.headers - << HTTP/1.1 200 OK
22:09:39.878 [main] DEBUG org.apache.http.headers - << Server: Apache-Coyote/1.1
22:09:39.878 [main] DEBUG org.apache.http.headers - << Content-Type: text/plain;charset=UTF-8
22:09:39.878 [main] DEBUG org.apache.http.headers - << Content-Length: 6
22:09:39.878 [main] DEBUG org.apache.http.headers - << Date: Sun, 07 Feb 2021 21:09:39 GMT
22:09:39.878 [main] DEBUG o.a.h.impl.client.DefaultHttpClient - Connection can be kept alive indefinitely
22:09:39.878 [main] DEBUG i.r.i.RequestSpecificationImpl$RestAssuredHttpBuilder - Parsing response as: text/plain;charset=UTF-8
22:09:39.878 [main] DEBUG i.r.i.RequestSpecificationImpl$RestAssuredHttpBuilder - Parsed data to instance of: class org.apache.http.conn.EofSensorInputStream
22:09:39.878 [main] DEBUG org.apache.http.wire -  << "b:1500"
22:09:39.878 [main] DEBUG o.a.h.i.c.BasicClientConnectionManager - Releasing connection org.apache.http.impl.conn.ManagedClientConnectionImpl@12670e55
22:09:39.878 [main] DEBUG o.a.h.i.c.BasicClientConnectionManager - Connection can be kept alive indefinitely
22:09:39.880 [main] DEBUG o.a.h.i.c.BasicClientConnectionManager - Get connection for route {}->http://localhost:8080
22:09:39.880 [main] DEBUG o.a.h.i.c.DefaultClientConnectionOperator - Connecting to localhost:8080
22:09:39.880 [main] DEBUG o.a.h.c.protocol.RequestAddCookies - CookieSpec selected: ignoreCookies
22:09:39.880 [main] DEBUG o.a.h.c.protocol.RequestAuthCache - Auth cache not set in the context
22:09:39.880 [main] DEBUG o.a.h.c.p.RequestTargetAuthentication - Target auth state: UNCHALLENGED
22:09:39.880 [main] DEBUG o.a.h.c.p.RequestProxyAuthentication - Proxy auth state: UNCHALLENGED
22:09:39.880 [main] DEBUG o.a.h.impl.client.DefaultHttpClient - Attempt 1 to execute request
22:09:39.880 [main] DEBUG o.a.h.i.conn.DefaultClientConnection - Sending request: GET /2?b=6&c=3 HTTP/1.1
22:09:39.880 [main] DEBUG org.apache.http.wire -  >> "GET /2?b=6&c=3 HTTP/1.1[\r][\n]"
22:09:39.880 [main] DEBUG org.apache.http.wire -  >> "Accept: */*[\r][\n]"
22:09:39.880 [main] DEBUG org.apache.http.wire -  >> "Host: localhost:8080[\r][\n]"
22:09:39.880 [main] DEBUG org.apache.http.wire -  >> "Connection: Keep-Alive[\r][\n]"
22:09:39.880 [main] DEBUG org.apache.http.wire -  >> "User-Agent: Apache-HttpClient/4.5.3 (Java/13.0.5.1)[\r][\n]"
22:09:39.880 [main] DEBUG org.apache.http.wire -  >> "Accept-Encoding: gzip,deflate[\r][\n]"
22:09:39.880 [main] DEBUG org.apache.http.wire -  >> "[\r][\n]"
22:09:39.880 [main] DEBUG org.apache.http.headers - >> GET /2?b=6&c=3 HTTP/1.1
22:09:39.880 [main] DEBUG org.apache.http.headers - >> Accept: */*
22:09:39.880 [main] DEBUG org.apache.http.headers - >> Host: localhost:8080
22:09:39.880 [main] DEBUG org.apache.http.headers - >> Connection: Keep-Alive
22:09:39.880 [main] DEBUG org.apache.http.headers - >> User-Agent: Apache-HttpClient/4.5.3 (Java/13.0.5.1)
22:09:39.880 [main] DEBUG org.apache.http.headers - >> Accept-Encoding: gzip,deflate
22:09:39.897 [main] DEBUG org.apache.http.wire -  << "HTTP/1.1 200 OK[\r][\n]"
22:09:39.897 [main] DEBUG org.apache.http.wire -  << "Server: Apache-Coyote/1.1[\r][\n]"
22:09:39.897 [main] DEBUG org.apache.http.wire -  << "Content-Type: text/plain;charset=UTF-8[\r][\n]"
22:09:39.897 [main] DEBUG org.apache.http.wire -  << "Content-Length: 6[\r][\n]"
22:09:39.897 [main] DEBUG org.apache.http.wire -  << "Date: Sun, 07 Feb 2021 21:09:39 GMT[\r][\n]"
22:09:39.897 [main] DEBUG org.apache.http.wire -  << "[\r][\n]"
22:09:39.897 [main] DEBUG o.a.h.i.conn.DefaultClientConnection - Receiving response: HTTP/1.1 200 OK
22:09:39.897 [main] DEBUG org.apache.http.headers - << HTTP/1.1 200 OK
22:09:39.897 [main] DEBUG org.apache.http.headers - << Server: Apache-Coyote/1.1
22:09:39.897 [main] DEBUG org.apache.http.headers - << Content-Type: text/plain;charset=UTF-8
22:09:39.897 [main] DEBUG org.apache.http.headers - << Content-Length: 6
22:09:39.897 [main] DEBUG org.apache.http.headers - << Date: Sun, 07 Feb 2021 21:09:39 GMT
22:09:39.897 [main] DEBUG o.a.h.impl.client.DefaultHttpClient - Connection can be kept alive indefinitely
22:09:39.897 [main] DEBUG i.r.i.RequestSpecificationImpl$RestAssuredHttpBuilder - Parsing response as: text/plain;charset=UTF-8
22:09:39.897 [main] DEBUG i.r.i.RequestSpecificationImpl$RestAssuredHttpBuilder - Parsed data to instance of: class org.apache.http.conn.EofSensorInputStream
22:09:39.897 [main] DEBUG org.apache.http.wire -  << "b:1500"
22:09:39.898 [main] DEBUG o.a.h.i.c.BasicClientConnectionManager - Releasing connection org.apache.http.impl.conn.ManagedClientConnectionImpl@1805ec96
22:09:39.898 [main] DEBUG o.a.h.i.c.BasicClientConnectionManager - Connection can be kept alive indefinitely
22:09:39.902 [main] DEBUG o.a.h.i.c.BasicClientConnectionManager - Get connection for route {}->http://localhost:8080
22:09:39.903 [main] DEBUG o.a.h.i.c.DefaultClientConnectionOperator - Connecting to localhost:8080
22:09:39.903 [main] DEBUG o.a.h.c.protocol.RequestAddCookies - CookieSpec selected: ignoreCookies
22:09:39.903 [main] DEBUG o.a.h.c.protocol.RequestAuthCache - Auth cache not set in the context
22:09:39.903 [main] DEBUG o.a.h.c.p.RequestTargetAuthentication - Target auth state: UNCHALLENGED
22:09:39.903 [main] DEBUG o.a.h.c.p.RequestProxyAuthentication - Proxy auth state: UNCHALLENGED
22:09:39.903 [main] DEBUG o.a.h.impl.client.DefaultHttpClient - Attempt 1 to execute request
22:09:39.903 [main] DEBUG o.a.h.i.conn.DefaultClientConnection - Sending request: GET /2?b=6&c=3 HTTP/1.1
22:09:39.903 [main] DEBUG org.apache.http.wire -  >> "GET /2?b=6&c=3 HTTP/1.1[\r][\n]"
22:09:39.903 [main] DEBUG org.apache.http.wire -  >> "Accept: */*[\r][\n]"
22:09:39.903 [main] DEBUG org.apache.http.wire -  >> "Host: localhost:8080[\r][\n]"
22:09:39.903 [main] DEBUG org.apache.http.wire -  >> "Connection: Keep-Alive[\r][\n]"
22:09:39.903 [main] DEBUG org.apache.http.wire -  >> "User-Agent: Apache-HttpClient/4.5.3 (Java/13.0.5.1)[\r][\n]"
22:09:39.903 [main] DEBUG org.apache.http.wire -  >> "Accept-Encoding: gzip,deflate[\r][\n]"
22:09:39.903 [main] DEBUG org.apache.http.wire -  >> "[\r][\n]"
22:09:39.903 [main] DEBUG org.apache.http.headers - >> GET /2?b=6&c=3 HTTP/1.1
22:09:39.903 [main] DEBUG org.apache.http.headers - >> Accept: */*
22:09:39.903 [main] DEBUG org.apache.http.headers - >> Host: localhost:8080
22:09:39.903 [main] DEBUG org.apache.http.headers - >> Connection: Keep-Alive
22:09:39.903 [main] DEBUG org.apache.http.headers - >> User-Agent: Apache-HttpClient/4.5.3 (Java/13.0.5.1)
22:09:39.903 [main] DEBUG org.apache.http.headers - >> Accept-Encoding: gzip,deflate
22:09:39.922 [main] DEBUG org.apache.http.wire -  << "HTTP/1.1 200 OK[\r][\n]"
22:09:39.922 [main] DEBUG org.apache.http.wire -  << "Server: Apache-Coyote/1.1[\r][\n]"
22:09:39.922 [main] DEBUG org.apache.http.wire -  << "Content-Type: text/plain;charset=UTF-8[\r][\n]"
22:09:39.922 [main] DEBUG org.apache.http.wire -  << "Content-Length: 6[\r][\n]"
22:09:39.922 [main] DEBUG org.apache.http.wire -  << "Date: Sun, 07 Feb 2021 21:09:39 GMT[\r][\n]"
22:09:39.922 [main] DEBUG org.apache.http.wire -  << "[\r][\n]"
22:09:39.922 [main] DEBUG o.a.h.i.conn.DefaultClientConnection - Receiving response: HTTP/1.1 200 OK
22:09:39.922 [main] DEBUG org.apache.http.headers - << HTTP/1.1 200 OK
22:09:39.922 [main] DEBUG org.apache.http.headers - << Server: Apache-Coyote/1.1
22:09:39.922 [main] DEBUG org.apache.http.headers - << Content-Type: text/plain;charset=UTF-8
22:09:39.922 [main] DEBUG org.apache.http.headers - << Content-Length: 6
22:09:39.922 [main] DEBUG org.apache.http.headers - << Date: Sun, 07 Feb 2021 21:09:39 GMT
22:09:39.922 [main] DEBUG o.a.h.impl.client.DefaultHttpClient - Connection can be kept alive indefinitely
22:09:39.922 [main] DEBUG i.r.i.RequestSpecificationImpl$RestAssuredHttpBuilder - Parsing response as: text/plain;charset=UTF-8
22:09:39.922 [main] DEBUG i.r.i.RequestSpecificationImpl$RestAssuredHttpBuilder - Parsed data to instance of: class org.apache.http.conn.EofSensorInputStream
22:09:39.923 [main] DEBUG org.apache.http.wire -  << "b:1500"
22:09:39.923 [main] DEBUG o.a.h.i.c.BasicClientConnectionManager - Releasing connection org.apache.http.impl.conn.ManagedClientConnectionImpl@47797401
22:09:39.923 [main] DEBUG o.a.h.i.c.BasicClientConnectionManager - Connection can be kept alive indefinitely
22:09:39.925 [main] DEBUG o.a.h.i.c.BasicClientConnectionManager - Get connection for route {}->http://localhost:8080
22:09:39.925 [main] DEBUG o.a.h.i.c.DefaultClientConnectionOperator - Connecting to localhost:8080
22:09:39.925 [main] DEBUG o.a.h.c.protocol.RequestAddCookies - CookieSpec selected: ignoreCookies
22:09:39.925 [main] DEBUG o.a.h.c.protocol.RequestAuthCache - Auth cache not set in the context
22:09:39.925 [main] DEBUG o.a.h.c.p.RequestTargetAuthentication - Target auth state: UNCHALLENGED
22:09:39.925 [main] DEBUG o.a.h.c.p.RequestProxyAuthentication - Proxy auth state: UNCHALLENGED
22:09:39.925 [main] DEBUG o.a.h.impl.client.DefaultHttpClient - Attempt 1 to execute request
22:09:39.925 [main] DEBUG o.a.h.i.conn.DefaultClientConnection - Sending request: GET /2?b=6&c=3 HTTP/1.1
22:09:39.925 [main] DEBUG org.apache.http.wire -  >> "GET /2?b=6&c=3 HTTP/1.1[\r][\n]"
22:09:39.925 [main] DEBUG org.apache.http.wire -  >> "Accept: */*[\r][\n]"
22:09:39.925 [main] DEBUG org.apache.http.wire -  >> "Host: localhost:8080[\r][\n]"
22:09:39.925 [main] DEBUG org.apache.http.wire -  >> "Connection: Keep-Alive[\r][\n]"
22:09:39.925 [main] DEBUG org.apache.http.wire -  >> "User-Agent: Apache-HttpClient/4.5.3 (Java/13.0.5.1)[\r][\n]"
22:09:39.925 [main] DEBUG org.apache.http.wire -  >> "Accept-Encoding: gzip,deflate[\r][\n]"
22:09:39.925 [main] DEBUG org.apache.http.wire -  >> "[\r][\n]"
22:09:39.925 [main] DEBUG org.apache.http.headers - >> GET /2?b=6&c=3 HTTP/1.1
22:09:39.925 [main] DEBUG org.apache.http.headers - >> Accept: */*
22:09:39.925 [main] DEBUG org.apache.http.headers - >> Host: localhost:8080
22:09:39.925 [main] DEBUG org.apache.http.headers - >> Connection: Keep-Alive
22:09:39.925 [main] DEBUG org.apache.http.headers - >> User-Agent: Apache-HttpClient/4.5.3 (Java/13.0.5.1)
22:09:39.925 [main] DEBUG org.apache.http.headers - >> Accept-Encoding: gzip,deflate
22:09:39.943 [main] DEBUG org.apache.http.wire -  << "HTTP/1.1 200 OK[\r][\n]"
22:09:39.943 [main] DEBUG org.apache.http.wire -  << "Server: Apache-Coyote/1.1[\r][\n]"
22:09:39.943 [main] DEBUG org.apache.http.wire -  << "Content-Type: text/plain;charset=UTF-8[\r][\n]"
22:09:39.943 [main] DEBUG org.apache.http.wire -  << "Content-Length: 6[\r][\n]"
22:09:39.943 [main] DEBUG org.apache.http.wire -  << "Date: Sun, 07 Feb 2021 21:09:39 GMT[\r][\n]"
22:09:39.943 [main] DEBUG org.apache.http.wire -  << "[\r][\n]"
22:09:39.943 [main] DEBUG o.a.h.i.conn.DefaultClientConnection - Receiving response: HTTP/1.1 200 OK
22:09:39.943 [main] DEBUG org.apache.http.headers - << HTTP/1.1 200 OK
22:09:39.943 [main] DEBUG org.apache.http.headers - << Server: Apache-Coyote/1.1
22:09:39.943 [main] DEBUG org.apache.http.headers - << Content-Type: text/plain;charset=UTF-8
22:09:39.943 [main] DEBUG org.apache.http.headers - << Content-Length: 6
22:09:39.943 [main] DEBUG org.apache.http.headers - << Date: Sun, 07 Feb 2021 21:09:39 GMT
22:09:39.943 [main] DEBUG o.a.h.impl.client.DefaultHttpClient - Connection can be kept alive indefinitely
22:09:39.943 [main] DEBUG i.r.i.RequestSpecificationImpl$RestAssuredHttpBuilder - Parsing response as: text/plain;charset=UTF-8
22:09:39.943 [main] DEBUG i.r.i.RequestSpecificationImpl$RestAssuredHttpBuilder - Parsed data to instance of: class org.apache.http.conn.EofSensorInputStream
22:09:39.943 [main] DEBUG org.apache.http.wire -  << "b:1500"
22:09:39.943 [main] DEBUG o.a.h.i.c.BasicClientConnectionManager - Releasing connection org.apache.http.impl.conn.ManagedClientConnectionImpl@7221539
22:09:39.943 [main] DEBUG o.a.h.i.c.BasicClientConnectionManager - Connection can be kept alive indefinitely
22:09:39.947 [main] DEBUG o.a.h.i.c.BasicClientConnectionManager - Get connection for route {}->http://localhost:8080
22:09:39.947 [main] DEBUG o.a.h.i.c.DefaultClientConnectionOperator - Connecting to localhost:8080
22:09:39.948 [main] DEBUG o.a.h.c.protocol.RequestAddCookies - CookieSpec selected: ignoreCookies
22:09:39.948 [main] DEBUG o.a.h.c.protocol.RequestAuthCache - Auth cache not set in the context
22:09:39.948 [main] DEBUG o.a.h.c.p.RequestTargetAuthentication - Target auth state: UNCHALLENGED
22:09:39.948 [main] DEBUG o.a.h.c.p.RequestProxyAuthentication - Proxy auth state: UNCHALLENGED
22:09:39.948 [main] DEBUG o.a.h.impl.client.DefaultHttpClient - Attempt 1 to execute request
22:09:39.948 [main] DEBUG o.a.h.i.conn.DefaultClientConnection - Sending request: GET /2?b=6&c=3 HTTP/1.1
22:09:39.948 [main] DEBUG org.apache.http.wire -  >> "GET /2?b=6&c=3 HTTP/1.1[\r][\n]"
22:09:39.948 [main] DEBUG org.apache.http.wire -  >> "Accept: */*[\r][\n]"
22:09:39.948 [main] DEBUG org.apache.http.wire -  >> "Host: localhost:8080[\r][\n]"
22:09:39.948 [main] DEBUG org.apache.http.wire -  >> "Connection: Keep-Alive[\r][\n]"
22:09:39.948 [main] DEBUG org.apache.http.wire -  >> "User-Agent: Apache-HttpClient/4.5.3 (Java/13.0.5.1)[\r][\n]"
22:09:39.948 [main] DEBUG org.apache.http.wire -  >> "Accept-Encoding: gzip,deflate[\r][\n]"
22:09:39.948 [main] DEBUG org.apache.http.wire -  >> "[\r][\n]"
22:09:39.948 [main] DEBUG org.apache.http.headers - >> GET /2?b=6&c=3 HTTP/1.1
22:09:39.948 [main] DEBUG org.apache.http.headers - >> Accept: */*
22:09:39.948 [main] DEBUG org.apache.http.headers - >> Host: localhost:8080
22:09:39.948 [main] DEBUG org.apache.http.headers - >> Connection: Keep-Alive
22:09:39.948 [main] DEBUG org.apache.http.headers - >> User-Agent: Apache-HttpClient/4.5.3 (Java/13.0.5.1)
22:09:39.948 [main] DEBUG org.apache.http.headers - >> Accept-Encoding: gzip,deflate
22:09:39.965 [main] DEBUG org.apache.http.wire -  << "HTTP/1.1 200 OK[\r][\n]"
22:09:39.965 [main] DEBUG org.apache.http.wire -  << "Server: Apache-Coyote/1.1[\r][\n]"
22:09:39.965 [main] DEBUG org.apache.http.wire -  << "Content-Type: text/plain;charset=UTF-8[\r][\n]"
22:09:39.965 [main] DEBUG org.apache.http.wire -  << "Content-Length: 6[\r][\n]"
22:09:39.965 [main] DEBUG org.apache.http.wire -  << "Date: Sun, 07 Feb 2021 21:09:39 GMT[\r][\n]"
22:09:39.965 [main] DEBUG org.apache.http.wire -  << "[\r][\n]"
22:09:39.965 [main] DEBUG o.a.h.i.conn.DefaultClientConnection - Receiving response: HTTP/1.1 200 OK
22:09:39.965 [main] DEBUG org.apache.http.headers - << HTTP/1.1 200 OK
22:09:39.965 [main] DEBUG org.apache.http.headers - << Server: Apache-Coyote/1.1
22:09:39.965 [main] DEBUG org.apache.http.headers - << Content-Type: text/plain;charset=UTF-8
22:09:39.965 [main] DEBUG org.apache.http.headers - << Content-Length: 6
22:09:39.965 [main] DEBUG org.apache.http.headers - << Date: Sun, 07 Feb 2021 21:09:39 GMT
22:09:39.965 [main] DEBUG o.a.h.impl.client.DefaultHttpClient - Connection can be kept alive indefinitely
22:09:39.965 [main] DEBUG i.r.i.RequestSpecificationImpl$RestAssuredHttpBuilder - Parsing response as: text/plain;charset=UTF-8
22:09:39.965 [main] DEBUG i.r.i.RequestSpecificationImpl$RestAssuredHttpBuilder - Parsed data to instance of: class org.apache.http.conn.EofSensorInputStream
22:09:39.965 [main] DEBUG org.apache.http.wire -  << "b:1500"
22:09:39.965 [main] DEBUG o.a.h.i.c.BasicClientConnectionManager - Releasing connection org.apache.http.impl.conn.ManagedClientConnectionImpl@22ff1372
22:09:39.965 [main] DEBUG o.a.h.i.c.BasicClientConnectionManager - Connection can be kept alive indefinitely
22:09:39.967 [main] DEBUG o.a.h.i.c.BasicClientConnectionManager - Get connection for route {}->http://localhost:8080
22:09:39.967 [main] DEBUG o.a.h.i.c.DefaultClientConnectionOperator - Connecting to localhost:8080
22:09:39.968 [main] DEBUG o.a.h.c.protocol.RequestAddCookies - CookieSpec selected: ignoreCookies
22:09:39.968 [main] DEBUG o.a.h.c.protocol.RequestAuthCache - Auth cache not set in the context
22:09:39.968 [main] DEBUG o.a.h.c.p.RequestTargetAuthentication - Target auth state: UNCHALLENGED
22:09:39.968 [main] DEBUG o.a.h.c.p.RequestProxyAuthentication - Proxy auth state: UNCHALLENGED
22:09:39.968 [main] DEBUG o.a.h.impl.client.DefaultHttpClient - Attempt 1 to execute request
22:09:39.968 [main] DEBUG o.a.h.i.conn.DefaultClientConnection - Sending request: GET /2?b=6&c=3 HTTP/1.1
22:09:39.968 [main] DEBUG org.apache.http.wire -  >> "GET /2?b=6&c=3 HTTP/1.1[\r][\n]"
22:09:39.968 [main] DEBUG org.apache.http.wire -  >> "Accept: */*[\r][\n]"
22:09:39.968 [main] DEBUG org.apache.http.wire -  >> "Host: localhost:8080[\r][\n]"
22:09:39.968 [main] DEBUG org.apache.http.wire -  >> "Connection: Keep-Alive[\r][\n]"
22:09:39.968 [main] DEBUG org.apache.http.wire -  >> "User-Agent: Apache-HttpClient/4.5.3 (Java/13.0.5.1)[\r][\n]"
22:09:39.968 [main] DEBUG org.apache.http.wire -  >> "Accept-Encoding: gzip,deflate[\r][\n]"
22:09:39.968 [main] DEBUG org.apache.http.wire -  >> "[\r][\n]"
22:09:39.968 [main] DEBUG org.apache.http.headers - >> GET /2?b=6&c=3 HTTP/1.1
22:09:39.968 [main] DEBUG org.apache.http.headers - >> Accept: */*
22:09:39.968 [main] DEBUG org.apache.http.headers - >> Host: localhost:8080
22:09:39.968 [main] DEBUG org.apache.http.headers - >> Connection: Keep-Alive
22:09:39.968 [main] DEBUG org.apache.http.headers - >> User-Agent: Apache-HttpClient/4.5.3 (Java/13.0.5.1)
22:09:39.968 [main] DEBUG org.apache.http.headers - >> Accept-Encoding: gzip,deflate
22:09:39.988 [main] DEBUG org.apache.http.wire -  << "HTTP/1.1 200 OK[\r][\n]"
22:09:39.988 [main] DEBUG org.apache.http.wire -  << "Server: Apache-Coyote/1.1[\r][\n]"
22:09:39.988 [main] DEBUG org.apache.http.wire -  << "Content-Type: text/plain;charset=UTF-8[\r][\n]"
22:09:39.988 [main] DEBUG org.apache.http.wire -  << "Content-Length: 6[\r][\n]"
22:09:39.988 [main] DEBUG org.apache.http.wire -  << "Date: Sun, 07 Feb 2021 21:09:39 GMT[\r][\n]"
22:09:39.988 [main] DEBUG org.apache.http.wire -  << "[\r][\n]"
22:09:39.988 [main] DEBUG o.a.h.i.conn.DefaultClientConnection - Receiving response: HTTP/1.1 200 OK
22:09:39.988 [main] DEBUG org.apache.http.headers - << HTTP/1.1 200 OK
22:09:39.988 [main] DEBUG org.apache.http.headers - << Server: Apache-Coyote/1.1
22:09:39.988 [main] DEBUG org.apache.http.headers - << Content-Type: text/plain;charset=UTF-8
22:09:39.988 [main] DEBUG org.apache.http.headers - << Content-Length: 6
22:09:39.988 [main] DEBUG org.apache.http.headers - << Date: Sun, 07 Feb 2021 21:09:39 GMT
22:09:39.989 [main] DEBUG o.a.h.impl.client.DefaultHttpClient - Connection can be kept alive indefinitely
22:09:39.989 [main] DEBUG i.r.i.RequestSpecificationImpl$RestAssuredHttpBuilder - Parsing response as: text/plain;charset=UTF-8
22:09:39.989 [main] DEBUG i.r.i.RequestSpecificationImpl$RestAssuredHttpBuilder - Parsed data to instance of: class org.apache.http.conn.EofSensorInputStream
22:09:39.989 [main] DEBUG org.apache.http.wire -  << "b:1500"
22:09:39.989 [main] DEBUG o.a.h.i.c.BasicClientConnectionManager - Releasing connection org.apache.http.impl.conn.ManagedClientConnectionImpl@5d96d434
22:09:39.989 [main] DEBUG o.a.h.i.c.BasicClientConnectionManager - Connection can be kept alive indefinitely
22:09:39.992 [main] DEBUG o.a.h.i.c.BasicClientConnectionManager - Get connection for route {}->http://localhost:8080
22:09:39.992 [main] DEBUG o.a.h.i.c.DefaultClientConnectionOperator - Connecting to localhost:8080
22:09:39.992 [main] DEBUG o.a.h.c.protocol.RequestAddCookies - CookieSpec selected: ignoreCookies
22:09:39.992 [main] DEBUG o.a.h.c.protocol.RequestAuthCache - Auth cache not set in the context
22:09:39.992 [main] DEBUG o.a.h.c.p.RequestTargetAuthentication - Target auth state: UNCHALLENGED
22:09:39.992 [main] DEBUG o.a.h.c.p.RequestProxyAuthentication - Proxy auth state: UNCHALLENGED
22:09:39.992 [main] DEBUG o.a.h.impl.client.DefaultHttpClient - Attempt 1 to execute request
22:09:39.992 [main] DEBUG o.a.h.i.conn.DefaultClientConnection - Sending request: GET /2?b=6&c=3 HTTP/1.1
22:09:39.992 [main] DEBUG org.apache.http.wire -  >> "GET /2?b=6&c=3 HTTP/1.1[\r][\n]"
22:09:39.992 [main] DEBUG org.apache.http.wire -  >> "Accept: */*[\r][\n]"
22:09:39.992 [main] DEBUG org.apache.http.wire -  >> "Host: localhost:8080[\r][\n]"
22:09:39.992 [main] DEBUG org.apache.http.wire -  >> "Connection: Keep-Alive[\r][\n]"
22:09:39.992 [main] DEBUG org.apache.http.wire -  >> "User-Agent: Apache-HttpClient/4.5.3 (Java/13.0.5.1)[\r][\n]"
22:09:39.992 [main] DEBUG org.apache.http.wire -  >> "Accept-Encoding: gzip,deflate[\r][\n]"
22:09:39.992 [main] DEBUG org.apache.http.wire -  >> "[\r][\n]"
22:09:39.992 [main] DEBUG org.apache.http.headers - >> GET /2?b=6&c=3 HTTP/1.1
22:09:39.992 [main] DEBUG org.apache.http.headers - >> Accept: */*
22:09:39.992 [main] DEBUG org.apache.http.headers - >> Host: localhost:8080
22:09:39.992 [main] DEBUG org.apache.http.headers - >> Connection: Keep-Alive
22:09:39.992 [main] DEBUG org.apache.http.headers - >> User-Agent: Apache-HttpClient/4.5.3 (Java/13.0.5.1)
22:09:39.992 [main] DEBUG org.apache.http.headers - >> Accept-Encoding: gzip,deflate
22:09:40.015 [main] DEBUG org.apache.http.wire -  << "HTTP/1.1 200 OK[\r][\n]"
22:09:40.015 [main] DEBUG org.apache.http.wire -  << "Server: Apache-Coyote/1.1[\r][\n]"
22:09:40.015 [main] DEBUG org.apache.http.wire -  << "Content-Type: text/plain;charset=UTF-8[\r][\n]"
22:09:40.015 [main] DEBUG org.apache.http.wire -  << "Content-Length: 6[\r][\n]"
22:09:40.015 [main] DEBUG org.apache.http.wire -  << "Date: Sun, 07 Feb 2021 21:09:39 GMT[\r][\n]"
22:09:40.015 [main] DEBUG org.apache.http.wire -  << "[\r][\n]"
22:09:40.015 [main] DEBUG o.a.h.i.conn.DefaultClientConnection - Receiving response: HTTP/1.1 200 OK
22:09:40.015 [main] DEBUG org.apache.http.headers - << HTTP/1.1 200 OK
22:09:40.015 [main] DEBUG org.apache.http.headers - << Server: Apache-Coyote/1.1
22:09:40.015 [main] DEBUG org.apache.http.headers - << Content-Type: text/plain;charset=UTF-8
22:09:40.015 [main] DEBUG org.apache.http.headers - << Content-Length: 6
22:09:40.015 [main] DEBUG org.apache.http.headers - << Date: Sun, 07 Feb 2021 21:09:39 GMT
22:09:40.015 [main] DEBUG o.a.h.impl.client.DefaultHttpClient - Connection can be kept alive indefinitely
22:09:40.016 [main] DEBUG i.r.i.RequestSpecificationImpl$RestAssuredHttpBuilder - Parsing response as: text/plain;charset=UTF-8
22:09:40.016 [main] DEBUG i.r.i.RequestSpecificationImpl$RestAssuredHttpBuilder - Parsed data to instance of: class org.apache.http.conn.EofSensorInputStream
22:09:40.017 [main] DEBUG org.apache.http.wire -  << "b:1500"
22:09:40.017 [main] DEBUG o.a.h.i.c.BasicClientConnectionManager - Releasing connection org.apache.http.impl.conn.ManagedClientConnectionImpl@13dd7887
22:09:40.017 [main] DEBUG o.a.h.i.c.BasicClientConnectionManager - Connection can be kept alive indefinitely
22:09:40.020 [main] DEBUG o.a.h.i.c.BasicClientConnectionManager - Get connection for route {}->http://localhost:8080
22:09:40.020 [main] DEBUG o.a.h.i.c.DefaultClientConnectionOperator - Connecting to localhost:8080
22:09:40.021 [main] DEBUG o.a.h.c.protocol.RequestAddCookies - CookieSpec selected: ignoreCookies
22:09:40.021 [main] DEBUG o.a.h.c.protocol.RequestAuthCache - Auth cache not set in the context
22:09:40.021 [main] DEBUG o.a.h.c.p.RequestTargetAuthentication - Target auth state: UNCHALLENGED
22:09:40.021 [main] DEBUG o.a.h.c.p.RequestProxyAuthentication - Proxy auth state: UNCHALLENGED
22:09:40.021 [main] DEBUG o.a.h.impl.client.DefaultHttpClient - Attempt 1 to execute request
22:09:40.021 [main] DEBUG o.a.h.i.conn.DefaultClientConnection - Sending request: GET /2?b=6&c=3 HTTP/1.1
22:09:40.021 [main] DEBUG org.apache.http.wire -  >> "GET /2?b=6&c=3 HTTP/1.1[\r][\n]"
22:09:40.021 [main] DEBUG org.apache.http.wire -  >> "Accept: */*[\r][\n]"
22:09:40.021 [main] DEBUG org.apache.http.wire -  >> "Host: localhost:8080[\r][\n]"
22:09:40.021 [main] DEBUG org.apache.http.wire -  >> "Connection: Keep-Alive[\r][\n]"
22:09:40.021 [main] DEBUG org.apache.http.wire -  >> "User-Agent: Apache-HttpClient/4.5.3 (Java/13.0.5.1)[\r][\n]"
22:09:40.021 [main] DEBUG org.apache.http.wire -  >> "Accept-Encoding: gzip,deflate[\r][\n]"
22:09:40.021 [main] DEBUG org.apache.http.wire -  >> "[\r][\n]"
22:09:40.021 [main] DEBUG org.apache.http.headers - >> GET /2?b=6&c=3 HTTP/1.1
22:09:40.021 [main] DEBUG org.apache.http.headers - >> Accept: */*
22:09:40.021 [main] DEBUG org.apache.http.headers - >> Host: localhost:8080
22:09:40.021 [main] DEBUG org.apache.http.headers - >> Connection: Keep-Alive
22:09:40.021 [main] DEBUG org.apache.http.headers - >> User-Agent: Apache-HttpClient/4.5.3 (Java/13.0.5.1)
22:09:40.021 [main] DEBUG org.apache.http.headers - >> Accept-Encoding: gzip,deflate
22:09:40.044 [main] DEBUG org.apache.http.wire -  << "HTTP/1.1 200 OK[\r][\n]"
22:09:40.044 [main] DEBUG org.apache.http.wire -  << "Server: Apache-Coyote/1.1[\r][\n]"
22:09:40.044 [main] DEBUG org.apache.http.wire -  << "Content-Type: text/plain;charset=UTF-8[\r][\n]"
22:09:40.044 [main] DEBUG org.apache.http.wire -  << "Content-Length: 6[\r][\n]"
22:09:40.044 [main] DEBUG org.apache.http.wire -  << "Date: Sun, 07 Feb 2021 21:09:39 GMT[\r][\n]"
22:09:40.044 [main] DEBUG org.apache.http.wire -  << "[\r][\n]"
22:09:40.044 [main] DEBUG o.a.h.i.conn.DefaultClientConnection - Receiving response: HTTP/1.1 200 OK
22:09:40.045 [main] DEBUG org.apache.http.headers - << HTTP/1.1 200 OK
22:09:40.045 [main] DEBUG org.apache.http.headers - << Server: Apache-Coyote/1.1
22:09:40.045 [main] DEBUG org.apache.http.headers - << Content-Type: text/plain;charset=UTF-8
22:09:40.045 [main] DEBUG org.apache.http.headers - << Content-Length: 6
22:09:40.045 [main] DEBUG org.apache.http.headers - << Date: Sun, 07 Feb 2021 21:09:39 GMT
22:09:40.045 [main] DEBUG o.a.h.impl.client.DefaultHttpClient - Connection can be kept alive indefinitely
22:09:40.045 [main] DEBUG i.r.i.RequestSpecificationImpl$RestAssuredHttpBuilder - Parsing response as: text/plain;charset=UTF-8
22:09:40.045 [main] DEBUG i.r.i.RequestSpecificationImpl$RestAssuredHttpBuilder - Parsed data to instance of: class org.apache.http.conn.EofSensorInputStream
22:09:40.045 [main] DEBUG org.apache.http.wire -  << "b:1500"
22:09:40.045 [main] DEBUG o.a.h.i.c.BasicClientConnectionManager - Releasing connection org.apache.http.impl.conn.ManagedClientConnectionImpl@44de8e00
22:09:40.045 [main] DEBUG o.a.h.i.c.BasicClientConnectionManager - Connection can be kept alive indefinitely
22:09:40.048 [main] DEBUG o.a.h.i.c.BasicClientConnectionManager - Get connection for route {}->http://localhost:8080
22:09:40.048 [main] DEBUG o.a.h.i.c.DefaultClientConnectionOperator - Connecting to localhost:8080
22:09:40.049 [main] DEBUG o.a.h.c.protocol.RequestAddCookies - CookieSpec selected: ignoreCookies
22:09:40.049 [main] DEBUG o.a.h.c.protocol.RequestAuthCache - Auth cache not set in the context
22:09:40.049 [main] DEBUG o.a.h.c.p.RequestTargetAuthentication - Target auth state: UNCHALLENGED
22:09:40.049 [main] DEBUG o.a.h.c.p.RequestProxyAuthentication - Proxy auth state: UNCHALLENGED
22:09:40.049 [main] DEBUG o.a.h.impl.client.DefaultHttpClient - Attempt 1 to execute request
22:09:40.049 [main] DEBUG o.a.h.i.conn.DefaultClientConnection - Sending request: GET /2?b=6&c=3 HTTP/1.1
22:09:40.049 [main] DEBUG org.apache.http.wire -  >> "GET /2?b=6&c=3 HTTP/1.1[\r][\n]"
22:09:40.049 [main] DEBUG org.apache.http.wire -  >> "Accept: */*[\r][\n]"
22:09:40.049 [main] DEBUG org.apache.http.wire -  >> "Host: localhost:8080[\r][\n]"
22:09:40.049 [main] DEBUG org.apache.http.wire -  >> "Connection: Keep-Alive[\r][\n]"
22:09:40.049 [main] DEBUG org.apache.http.wire -  >> "User-Agent: Apache-HttpClient/4.5.3 (Java/13.0.5.1)[\r][\n]"
22:09:40.049 [main] DEBUG org.apache.http.wire -  >> "Accept-Encoding: gzip,deflate[\r][\n]"
22:09:40.049 [main] DEBUG org.apache.http.wire -  >> "[\r][\n]"
22:09:40.049 [main] DEBUG org.apache.http.headers - >> GET /2?b=6&c=3 HTTP/1.1
22:09:40.049 [main] DEBUG org.apache.http.headers - >> Accept: */*
22:09:40.049 [main] DEBUG org.apache.http.headers - >> Host: localhost:8080
22:09:40.049 [main] DEBUG org.apache.http.headers - >> Connection: Keep-Alive
22:09:40.049 [main] DEBUG org.apache.http.headers - >> User-Agent: Apache-HttpClient/4.5.3 (Java/13.0.5.1)
22:09:40.049 [main] DEBUG org.apache.http.headers - >> Accept-Encoding: gzip,deflate
22:09:40.069 [main] DEBUG org.apache.http.wire -  << "HTTP/1.1 200 OK[\r][\n]"
22:09:40.069 [main] DEBUG org.apache.http.wire -  << "Server: Apache-Coyote/1.1[\r][\n]"
22:09:40.069 [main] DEBUG org.apache.http.wire -  << "Content-Type: text/plain;charset=UTF-8[\r][\n]"
22:09:40.069 [main] DEBUG org.apache.http.wire -  << "Content-Length: 6[\r][\n]"
22:09:40.069 [main] DEBUG org.apache.http.wire -  << "Date: Sun, 07 Feb 2021 21:09:40 GMT[\r][\n]"
22:09:40.069 [main] DEBUG org.apache.http.wire -  << "[\r][\n]"
22:09:40.069 [main] DEBUG o.a.h.i.conn.DefaultClientConnection - Receiving response: HTTP/1.1 200 OK
22:09:40.070 [main] DEBUG org.apache.http.headers - << HTTP/1.1 200 OK
22:09:40.070 [main] DEBUG org.apache.http.headers - << Server: Apache-Coyote/1.1
22:09:40.070 [main] DEBUG org.apache.http.headers - << Content-Type: text/plain;charset=UTF-8
22:09:40.070 [main] DEBUG org.apache.http.headers - << Content-Length: 6
22:09:40.070 [main] DEBUG org.apache.http.headers - << Date: Sun, 07 Feb 2021 21:09:40 GMT
22:09:40.070 [main] DEBUG o.a.h.impl.client.DefaultHttpClient - Connection can be kept alive indefinitely
22:09:40.070 [main] DEBUG i.r.i.RequestSpecificationImpl$RestAssuredHttpBuilder - Parsing response as: text/plain;charset=UTF-8
22:09:40.070 [main] DEBUG i.r.i.RequestSpecificationImpl$RestAssuredHttpBuilder - Parsed data to instance of: class org.apache.http.conn.EofSensorInputStream
22:09:40.070 [main] DEBUG org.apache.http.wire -  << "b:1500"
22:09:40.070 [main] DEBUG o.a.h.i.c.BasicClientConnectionManager - Releasing connection org.apache.http.impl.conn.ManagedClientConnectionImpl@11180750
22:09:40.070 [main] DEBUG o.a.h.i.c.BasicClientConnectionManager - Connection can be kept alive indefinitely
22:09:40.074 [main] DEBUG o.a.h.i.c.BasicClientConnectionManager - Get connection for route {}->http://localhost:8080
22:09:40.074 [main] DEBUG o.a.h.i.c.DefaultClientConnectionOperator - Connecting to localhost:8080
22:09:40.075 [main] DEBUG o.a.h.c.protocol.RequestAddCookies - CookieSpec selected: ignoreCookies
22:09:40.075 [main] DEBUG o.a.h.c.protocol.RequestAuthCache - Auth cache not set in the context
22:09:40.075 [main] DEBUG o.a.h.c.p.RequestTargetAuthentication - Target auth state: UNCHALLENGED
22:09:40.075 [main] DEBUG o.a.h.c.p.RequestProxyAuthentication - Proxy auth state: UNCHALLENGED
22:09:40.075 [main] DEBUG o.a.h.impl.client.DefaultHttpClient - Attempt 1 to execute request
22:09:40.075 [main] DEBUG o.a.h.i.conn.DefaultClientConnection - Sending request: GET /2?b=6&c=3 HTTP/1.1
22:09:40.075 [main] DEBUG org.apache.http.wire -  >> "GET /2?b=6&c=3 HTTP/1.1[\r][\n]"
22:09:40.075 [main] DEBUG org.apache.http.wire -  >> "Accept: */*[\r][\n]"
22:09:40.075 [main] DEBUG org.apache.http.wire -  >> "Host: localhost:8080[\r][\n]"
22:09:40.075 [main] DEBUG org.apache.http.wire -  >> "Connection: Keep-Alive[\r][\n]"
22:09:40.075 [main] DEBUG org.apache.http.wire -  >> "User-Agent: Apache-HttpClient/4.5.3 (Java/13.0.5.1)[\r][\n]"
22:09:40.075 [main] DEBUG org.apache.http.wire -  >> "Accept-Encoding: gzip,deflate[\r][\n]"
22:09:40.075 [main] DEBUG org.apache.http.wire -  >> "[\r][\n]"
22:09:40.075 [main] DEBUG org.apache.http.headers - >> GET /2?b=6&c=3 HTTP/1.1
22:09:40.075 [main] DEBUG org.apache.http.headers - >> Accept: */*
22:09:40.075 [main] DEBUG org.apache.http.headers - >> Host: localhost:8080
22:09:40.075 [main] DEBUG org.apache.http.headers - >> Connection: Keep-Alive
22:09:40.075 [main] DEBUG org.apache.http.headers - >> User-Agent: Apache-HttpClient/4.5.3 (Java/13.0.5.1)
22:09:40.075 [main] DEBUG org.apache.http.headers - >> Accept-Encoding: gzip,deflate
22:09:40.090 [main] DEBUG org.apache.http.wire -  << "HTTP/1.1 200 OK[\r][\n]"
22:09:40.090 [main] DEBUG org.apache.http.wire -  << "Server: Apache-Coyote/1.1[\r][\n]"
22:09:40.090 [main] DEBUG org.apache.http.wire -  << "Content-Type: text/plain;charset=UTF-8[\r][\n]"
22:09:40.090 [main] DEBUG org.apache.http.wire -  << "Content-Length: 6[\r][\n]"
22:09:40.090 [main] DEBUG org.apache.http.wire -  << "Date: Sun, 07 Feb 2021 21:09:40 GMT[\r][\n]"
22:09:40.090 [main] DEBUG org.apache.http.wire -  << "[\r][\n]"
22:09:40.090 [main] DEBUG o.a.h.i.conn.DefaultClientConnection - Receiving response: HTTP/1.1 200 OK
22:09:40.090 [main] DEBUG org.apache.http.headers - << HTTP/1.1 200 OK
22:09:40.090 [main] DEBUG org.apache.http.headers - << Server: Apache-Coyote/1.1
22:09:40.090 [main] DEBUG org.apache.http.headers - << Content-Type: text/plain;charset=UTF-8
22:09:40.090 [main] DEBUG org.apache.http.headers - << Content-Length: 6
22:09:40.090 [main] DEBUG org.apache.http.headers - << Date: Sun, 07 Feb 2021 21:09:40 GMT
22:09:40.090 [main] DEBUG o.a.h.impl.client.DefaultHttpClient - Connection can be kept alive indefinitely
22:09:40.090 [main] DEBUG i.r.i.RequestSpecificationImpl$RestAssuredHttpBuilder - Parsing response as: text/plain;charset=UTF-8
22:09:40.090 [main] DEBUG i.r.i.RequestSpecificationImpl$RestAssuredHttpBuilder - Parsed data to instance of: class org.apache.http.conn.EofSensorInputStream
22:09:40.090 [main] DEBUG org.apache.http.wire -  << "b:1500"
22:09:40.090 [main] DEBUG o.a.h.i.c.BasicClientConnectionManager - Releasing connection org.apache.http.impl.conn.ManagedClientConnectionImpl@3cb195dd
22:09:40.090 [main] DEBUG o.a.h.i.c.BasicClientConnectionManager - Connection can be kept alive indefinitely
22:09:40.093 [main] DEBUG o.a.h.i.c.BasicClientConnectionManager - Get connection for route {}->http://localhost:8080
22:09:40.094 [main] DEBUG o.a.h.i.c.DefaultClientConnectionOperator - Connecting to localhost:8080
22:09:40.094 [main] DEBUG o.a.h.c.protocol.RequestAddCookies - CookieSpec selected: ignoreCookies
22:09:40.094 [main] DEBUG o.a.h.c.protocol.RequestAuthCache - Auth cache not set in the context
22:09:40.094 [main] DEBUG o.a.h.c.p.RequestTargetAuthentication - Target auth state: UNCHALLENGED
22:09:40.094 [main] DEBUG o.a.h.c.p.RequestProxyAuthentication - Proxy auth state: UNCHALLENGED
22:09:40.094 [main] DEBUG o.a.h.impl.client.DefaultHttpClient - Attempt 1 to execute request
22:09:40.094 [main] DEBUG o.a.h.i.conn.DefaultClientConnection - Sending request: GET /2?b=6&c=3 HTTP/1.1
22:09:40.094 [main] DEBUG org.apache.http.wire -  >> "GET /2?b=6&c=3 HTTP/1.1[\r][\n]"
22:09:40.094 [main] DEBUG org.apache.http.wire -  >> "Accept: */*[\r][\n]"
22:09:40.094 [main] DEBUG org.apache.http.wire -  >> "Host: localhost:8080[\r][\n]"
22:09:40.094 [main] DEBUG org.apache.http.wire -  >> "Connection: Keep-Alive[\r][\n]"
22:09:40.094 [main] DEBUG org.apache.http.wire -  >> "User-Agent: Apache-HttpClient/4.5.3 (Java/13.0.5.1)[\r][\n]"
22:09:40.094 [main] DEBUG org.apache.http.wire -  >> "Accept-Encoding: gzip,deflate[\r][\n]"
22:09:40.094 [main] DEBUG org.apache.http.wire -  >> "[\r][\n]"
22:09:40.094 [main] DEBUG org.apache.http.headers - >> GET /2?b=6&c=3 HTTP/1.1
22:09:40.094 [main] DEBUG org.apache.http.headers - >> Accept: */*
22:09:40.094 [main] DEBUG org.apache.http.headers - >> Host: localhost:8080
22:09:40.094 [main] DEBUG org.apache.http.headers - >> Connection: Keep-Alive
22:09:40.094 [main] DEBUG org.apache.http.headers - >> User-Agent: Apache-HttpClient/4.5.3 (Java/13.0.5.1)
22:09:40.094 [main] DEBUG org.apache.http.headers - >> Accept-Encoding: gzip,deflate
22:09:40.114 [main] DEBUG org.apache.http.wire -  << "HTTP/1.1 200 OK[\r][\n]"
22:09:40.114 [main] DEBUG org.apache.http.wire -  << "Server: Apache-Coyote/1.1[\r][\n]"
22:09:40.114 [main] DEBUG org.apache.http.wire -  << "Content-Type: text/plain;charset=UTF-8[\r][\n]"
22:09:40.114 [main] DEBUG org.apache.http.wire -  << "Content-Length: 6[\r][\n]"
22:09:40.114 [main] DEBUG org.apache.http.wire -  << "Date: Sun, 07 Feb 2021 21:09:40 GMT[\r][\n]"
22:09:40.114 [main] DEBUG org.apache.http.wire -  << "[\r][\n]"
22:09:40.114 [main] DEBUG o.a.h.i.conn.DefaultClientConnection - Receiving response: HTTP/1.1 200 OK
22:09:40.114 [main] DEBUG org.apache.http.headers - << HTTP/1.1 200 OK
22:09:40.114 [main] DEBUG org.apache.http.headers - << Server: Apache-Coyote/1.1
22:09:40.114 [main] DEBUG org.apache.http.headers - << Content-Type: text/plain;charset=UTF-8
22:09:40.114 [main] DEBUG org.apache.http.headers - << Content-Length: 6
22:09:40.114 [main] DEBUG org.apache.http.headers - << Date: Sun, 07 Feb 2021 21:09:40 GMT
22:09:40.114 [main] DEBUG o.a.h.impl.client.DefaultHttpClient - Connection can be kept alive indefinitely
22:09:40.114 [main] DEBUG i.r.i.RequestSpecificationImpl$RestAssuredHttpBuilder - Parsing response as: text/plain;charset=UTF-8
22:09:40.114 [main] DEBUG i.r.i.RequestSpecificationImpl$RestAssuredHttpBuilder - Parsed data to instance of: class org.apache.http.conn.EofSensorInputStream
22:09:40.115 [main] DEBUG org.apache.http.wire -  << "b:1500"
22:09:40.115 [main] DEBUG o.a.h.i.c.BasicClientConnectionManager - Releasing connection org.apache.http.impl.conn.ManagedClientConnectionImpl@144e36ae
22:09:40.115 [main] DEBUG o.a.h.i.c.BasicClientConnectionManager - Connection can be kept alive indefinitely
22:09:40.119 [main] DEBUG o.a.h.i.c.BasicClientConnectionManager - Get connection for route {}->http://localhost:8080
22:09:40.120 [main] DEBUG o.a.h.i.c.DefaultClientConnectionOperator - Connecting to localhost:8080
22:09:40.120 [main] DEBUG o.a.h.c.protocol.RequestAddCookies - CookieSpec selected: ignoreCookies
22:09:40.121 [main] DEBUG o.a.h.c.protocol.RequestAuthCache - Auth cache not set in the context
22:09:40.121 [main] DEBUG o.a.h.c.p.RequestTargetAuthentication - Target auth state: UNCHALLENGED
22:09:40.121 [main] DEBUG o.a.h.c.p.RequestProxyAuthentication - Proxy auth state: UNCHALLENGED
22:09:40.121 [main] DEBUG o.a.h.impl.client.DefaultHttpClient - Attempt 1 to execute request
22:09:40.121 [main] DEBUG o.a.h.i.conn.DefaultClientConnection - Sending request: GET /2?b=6&c=3 HTTP/1.1
22:09:40.121 [main] DEBUG org.apache.http.wire -  >> "GET /2?b=6&c=3 HTTP/1.1[\r][\n]"
22:09:40.121 [main] DEBUG org.apache.http.wire -  >> "Accept: */*[\r][\n]"
22:09:40.121 [main] DEBUG org.apache.http.wire -  >> "Host: localhost:8080[\r][\n]"
22:09:40.121 [main] DEBUG org.apache.http.wire -  >> "Connection: Keep-Alive[\r][\n]"
22:09:40.121 [main] DEBUG org.apache.http.wire -  >> "User-Agent: Apache-HttpClient/4.5.3 (Java/13.0.5.1)[\r][\n]"
22:09:40.121 [main] DEBUG org.apache.http.wire -  >> "Accept-Encoding: gzip,deflate[\r][\n]"
22:09:40.121 [main] DEBUG org.apache.http.wire -  >> "[\r][\n]"
22:09:40.121 [main] DEBUG org.apache.http.headers - >> GET /2?b=6&c=3 HTTP/1.1
22:09:40.121 [main] DEBUG org.apache.http.headers - >> Accept: */*
22:09:40.121 [main] DEBUG org.apache.http.headers - >> Host: localhost:8080
22:09:40.121 [main] DEBUG org.apache.http.headers - >> Connection: Keep-Alive
22:09:40.121 [main] DEBUG org.apache.http.headers - >> User-Agent: Apache-HttpClient/4.5.3 (Java/13.0.5.1)
22:09:40.121 [main] DEBUG org.apache.http.headers - >> Accept-Encoding: gzip,deflate
22:09:40.141 [main] DEBUG org.apache.http.wire -  << "HTTP/1.1 200 OK[\r][\n]"
22:09:40.141 [main] DEBUG org.apache.http.wire -  << "Server: Apache-Coyote/1.1[\r][\n]"
22:09:40.141 [main] DEBUG org.apache.http.wire -  << "Content-Type: text/plain;charset=UTF-8[\r][\n]"
22:09:40.141 [main] DEBUG org.apache.http.wire -  << "Content-Length: 6[\r][\n]"
22:09:40.141 [main] DEBUG org.apache.http.wire -  << "Date: Sun, 07 Feb 2021 21:09:40 GMT[\r][\n]"
22:09:40.141 [main] DEBUG org.apache.http.wire -  << "[\r][\n]"
22:09:40.141 [main] DEBUG o.a.h.i.conn.DefaultClientConnection - Receiving response: HTTP/1.1 200 OK
22:09:40.141 [main] DEBUG org.apache.http.headers - << HTTP/1.1 200 OK
22:09:40.141 [main] DEBUG org.apache.http.headers - << Server: Apache-Coyote/1.1
22:09:40.141 [main] DEBUG org.apache.http.headers - << Content-Type: text/plain;charset=UTF-8
22:09:40.141 [main] DEBUG org.apache.http.headers - << Content-Length: 6
22:09:40.141 [main] DEBUG org.apache.http.headers - << Date: Sun, 07 Feb 2021 21:09:40 GMT
22:09:40.141 [main] DEBUG o.a.h.impl.client.DefaultHttpClient - Connection can be kept alive indefinitely
22:09:40.142 [main] DEBUG i.r.i.RequestSpecificationImpl$RestAssuredHttpBuilder - Parsing response as: text/plain;charset=UTF-8
22:09:40.142 [main] DEBUG i.r.i.RequestSpecificationImpl$RestAssuredHttpBuilder - Parsed data to instance of: class org.apache.http.conn.EofSensorInputStream
22:09:40.142 [main] DEBUG org.apache.http.wire -  << "b:1500"
22:09:40.142 [main] DEBUG o.a.h.i.c.BasicClientConnectionManager - Releasing connection org.apache.http.impl.conn.ManagedClientConnectionImpl@7f4f1536
22:09:40.142 [main] DEBUG o.a.h.i.c.BasicClientConnectionManager - Connection can be kept alive indefinitely
22:09:40.146 [main] DEBUG o.a.h.i.c.BasicClientConnectionManager - Get connection for route {}->http://localhost:8080
22:09:40.146 [main] DEBUG o.a.h.i.c.DefaultClientConnectionOperator - Connecting to localhost:8080
22:09:40.147 [main] DEBUG o.a.h.c.protocol.RequestAddCookies - CookieSpec selected: ignoreCookies
22:09:40.147 [main] DEBUG o.a.h.c.protocol.RequestAuthCache - Auth cache not set in the context
22:09:40.147 [main] DEBUG o.a.h.c.p.RequestTargetAuthentication - Target auth state: UNCHALLENGED
22:09:40.147 [main] DEBUG o.a.h.c.p.RequestProxyAuthentication - Proxy auth state: UNCHALLENGED
22:09:40.147 [main] DEBUG o.a.h.impl.client.DefaultHttpClient - Attempt 1 to execute request
22:09:40.147 [main] DEBUG o.a.h.i.conn.DefaultClientConnection - Sending request: GET /2?b=6&c=3 HTTP/1.1
22:09:40.147 [main] DEBUG org.apache.http.wire -  >> "GET /2?b=6&c=3 HTTP/1.1[\r][\n]"
22:09:40.147 [main] DEBUG org.apache.http.wire -  >> "Accept: */*[\r][\n]"
22:09:40.147 [main] DEBUG org.apache.http.wire -  >> "Host: localhost:8080[\r][\n]"
22:09:40.147 [main] DEBUG org.apache.http.wire -  >> "Connection: Keep-Alive[\r][\n]"
22:09:40.147 [main] DEBUG org.apache.http.wire -  >> "User-Agent: Apache-HttpClient/4.5.3 (Java/13.0.5.1)[\r][\n]"
22:09:40.147 [main] DEBUG org.apache.http.wire -  >> "Accept-Encoding: gzip,deflate[\r][\n]"
22:09:40.147 [main] DEBUG org.apache.http.wire -  >> "[\r][\n]"
22:09:40.147 [main] DEBUG org.apache.http.headers - >> GET /2?b=6&c=3 HTTP/1.1
22:09:40.147 [main] DEBUG org.apache.http.headers - >> Accept: */*
22:09:40.147 [main] DEBUG org.apache.http.headers - >> Host: localhost:8080
22:09:40.147 [main] DEBUG org.apache.http.headers - >> Connection: Keep-Alive
22:09:40.147 [main] DEBUG org.apache.http.headers - >> User-Agent: Apache-HttpClient/4.5.3 (Java/13.0.5.1)
22:09:40.147 [main] DEBUG org.apache.http.headers - >> Accept-Encoding: gzip,deflate
22:09:40.172 [main] DEBUG org.apache.http.wire -  << "HTTP/1.1 200 OK[\r][\n]"
22:09:40.172 [main] DEBUG org.apache.http.wire -  << "Server: Apache-Coyote/1.1[\r][\n]"
22:09:40.172 [main] DEBUG org.apache.http.wire -  << "Content-Type: text/plain;charset=UTF-8[\r][\n]"
22:09:40.172 [main] DEBUG org.apache.http.wire -  << "Content-Length: 6[\r][\n]"
22:09:40.172 [main] DEBUG org.apache.http.wire -  << "Date: Sun, 07 Feb 2021 21:09:40 GMT[\r][\n]"
22:09:40.172 [main] DEBUG org.apache.http.wire -  << "[\r][\n]"
22:09:40.172 [main] DEBUG o.a.h.i.conn.DefaultClientConnection - Receiving response: HTTP/1.1 200 OK
22:09:40.172 [main] DEBUG org.apache.http.headers - << HTTP/1.1 200 OK
22:09:40.172 [main] DEBUG org.apache.http.headers - << Server: Apache-Coyote/1.1
22:09:40.172 [main] DEBUG org.apache.http.headers - << Content-Type: text/plain;charset=UTF-8
22:09:40.172 [main] DEBUG org.apache.http.headers - << Content-Length: 6
22:09:40.172 [main] DEBUG org.apache.http.headers - << Date: Sun, 07 Feb 2021 21:09:40 GMT
22:09:40.172 [main] DEBUG o.a.h.impl.client.DefaultHttpClient - Connection can be kept alive indefinitely
22:09:40.172 [main] DEBUG i.r.i.RequestSpecificationImpl$RestAssuredHttpBuilder - Parsing response as: text/plain;charset=UTF-8
22:09:40.172 [main] DEBUG i.r.i.RequestSpecificationImpl$RestAssuredHttpBuilder - Parsed data to instance of: class org.apache.http.conn.EofSensorInputStream
22:09:40.172 [main] DEBUG org.apache.http.wire -  << "b:1500"
22:09:40.172 [main] DEBUG o.a.h.i.c.BasicClientConnectionManager - Releasing connection org.apache.http.impl.conn.ManagedClientConnectionImpl@77d0dbba
22:09:40.172 [main] DEBUG o.a.h.i.c.BasicClientConnectionManager - Connection can be kept alive indefinitely
22:09:40.175 [main] DEBUG o.a.h.i.c.BasicClientConnectionManager - Get connection for route {}->http://localhost:8080
22:09:40.175 [main] DEBUG o.a.h.i.c.DefaultClientConnectionOperator - Connecting to localhost:8080
22:09:40.176 [main] DEBUG o.a.h.c.protocol.RequestAddCookies - CookieSpec selected: ignoreCookies
22:09:40.176 [main] DEBUG o.a.h.c.protocol.RequestAuthCache - Auth cache not set in the context
22:09:40.176 [main] DEBUG o.a.h.c.p.RequestTargetAuthentication - Target auth state: UNCHALLENGED
22:09:40.176 [main] DEBUG o.a.h.c.p.RequestProxyAuthentication - Proxy auth state: UNCHALLENGED
22:09:40.176 [main] DEBUG o.a.h.impl.client.DefaultHttpClient - Attempt 1 to execute request
22:09:40.176 [main] DEBUG o.a.h.i.conn.DefaultClientConnection - Sending request: GET /2?b=6&c=3 HTTP/1.1
22:09:40.176 [main] DEBUG org.apache.http.wire -  >> "GET /2?b=6&c=3 HTTP/1.1[\r][\n]"
22:09:40.176 [main] DEBUG org.apache.http.wire -  >> "Accept: */*[\r][\n]"
22:09:40.176 [main] DEBUG org.apache.http.wire -  >> "Host: localhost:8080[\r][\n]"
22:09:40.176 [main] DEBUG org.apache.http.wire -  >> "Connection: Keep-Alive[\r][\n]"
22:09:40.176 [main] DEBUG org.apache.http.wire -  >> "User-Agent: Apache-HttpClient/4.5.3 (Java/13.0.5.1)[\r][\n]"
22:09:40.176 [main] DEBUG org.apache.http.wire -  >> "Accept-Encoding: gzip,deflate[\r][\n]"
22:09:40.176 [main] DEBUG org.apache.http.wire -  >> "[\r][\n]"
22:09:40.176 [main] DEBUG org.apache.http.headers - >> GET /2?b=6&c=3 HTTP/1.1
22:09:40.176 [main] DEBUG org.apache.http.headers - >> Accept: */*
22:09:40.176 [main] DEBUG org.apache.http.headers - >> Host: localhost:8080
22:09:40.176 [main] DEBUG org.apache.http.headers - >> Connection: Keep-Alive
22:09:40.176 [main] DEBUG org.apache.http.headers - >> User-Agent: Apache-HttpClient/4.5.3 (Java/13.0.5.1)
22:09:40.176 [main] DEBUG org.apache.http.headers - >> Accept-Encoding: gzip,deflate
22:09:40.205 [main] DEBUG org.apache.http.wire -  << "HTTP/1.1 200 OK[\r][\n]"
22:09:40.205 [main] DEBUG org.apache.http.wire -  << "Server: Apache-Coyote/1.1[\r][\n]"
22:09:40.205 [main] DEBUG org.apache.http.wire -  << "Content-Type: text/plain;charset=UTF-8[\r][\n]"
22:09:40.205 [main] DEBUG org.apache.http.wire -  << "Content-Length: 6[\r][\n]"
22:09:40.205 [main] DEBUG org.apache.http.wire -  << "Date: Sun, 07 Feb 2021 21:09:40 GMT[\r][\n]"
22:09:40.205 [main] DEBUG org.apache.http.wire -  << "[\r][\n]"
22:09:40.205 [main] DEBUG o.a.h.i.conn.DefaultClientConnection - Receiving response: HTTP/1.1 200 OK
22:09:40.205 [main] DEBUG org.apache.http.headers - << HTTP/1.1 200 OK
22:09:40.205 [main] DEBUG org.apache.http.headers - << Server: Apache-Coyote/1.1
22:09:40.205 [main] DEBUG org.apache.http.headers - << Content-Type: text/plain;charset=UTF-8
22:09:40.205 [main] DEBUG org.apache.http.headers - << Content-Length: 6
22:09:40.205 [main] DEBUG org.apache.http.headers - << Date: Sun, 07 Feb 2021 21:09:40 GMT
22:09:40.205 [main] DEBUG o.a.h.impl.client.DefaultHttpClient - Connection can be kept alive indefinitely
22:09:40.206 [main] DEBUG i.r.i.RequestSpecificationImpl$RestAssuredHttpBuilder - Parsing response as: text/plain;charset=UTF-8
22:09:40.206 [main] DEBUG i.r.i.RequestSpecificationImpl$RestAssuredHttpBuilder - Parsed data to instance of: class org.apache.http.conn.EofSensorInputStream
22:09:40.206 [main] DEBUG org.apache.http.wire -  << "b:1500"
22:09:40.206 [main] DEBUG o.a.h.i.c.BasicClientConnectionManager - Releasing connection org.apache.http.impl.conn.ManagedClientConnectionImpl@3fc1abf
22:09:40.206 [main] DEBUG o.a.h.i.c.BasicClientConnectionManager - Connection can be kept alive indefinitely
22:09:40.209 [main] DEBUG o.a.h.i.c.BasicClientConnectionManager - Get connection for route {}->http://localhost:8080
22:09:40.209 [main] DEBUG o.a.h.i.c.DefaultClientConnectionOperator - Connecting to localhost:8080
22:09:40.210 [main] DEBUG o.a.h.c.protocol.RequestAddCookies - CookieSpec selected: ignoreCookies
22:09:40.210 [main] DEBUG o.a.h.c.protocol.RequestAuthCache - Auth cache not set in the context
22:09:40.210 [main] DEBUG o.a.h.c.p.RequestTargetAuthentication - Target auth state: UNCHALLENGED
22:09:40.210 [main] DEBUG o.a.h.c.p.RequestProxyAuthentication - Proxy auth state: UNCHALLENGED
22:09:40.210 [main] DEBUG o.a.h.impl.client.DefaultHttpClient - Attempt 1 to execute request
22:09:40.210 [main] DEBUG o.a.h.i.conn.DefaultClientConnection - Sending request: GET /2?b=6&c=3 HTTP/1.1
22:09:40.210 [main] DEBUG org.apache.http.wire -  >> "GET /2?b=6&c=3 HTTP/1.1[\r][\n]"
22:09:40.210 [main] DEBUG org.apache.http.wire -  >> "Accept: */*[\r][\n]"
22:09:40.210 [main] DEBUG org.apache.http.wire -  >> "Host: localhost:8080[\r][\n]"
22:09:40.210 [main] DEBUG org.apache.http.wire -  >> "Connection: Keep-Alive[\r][\n]"
22:09:40.210 [main] DEBUG org.apache.http.wire -  >> "User-Agent: Apache-HttpClient/4.5.3 (Java/13.0.5.1)[\r][\n]"
22:09:40.210 [main] DEBUG org.apache.http.wire -  >> "Accept-Encoding: gzip,deflate[\r][\n]"
22:09:40.210 [main] DEBUG org.apache.http.wire -  >> "[\r][\n]"
22:09:40.210 [main] DEBUG org.apache.http.headers - >> GET /2?b=6&c=3 HTTP/1.1
22:09:40.210 [main] DEBUG org.apache.http.headers - >> Accept: */*
22:09:40.210 [main] DEBUG org.apache.http.headers - >> Host: localhost:8080
22:09:40.210 [main] DEBUG org.apache.http.headers - >> Connection: Keep-Alive
22:09:40.210 [main] DEBUG org.apache.http.headers - >> User-Agent: Apache-HttpClient/4.5.3 (Java/13.0.5.1)
22:09:40.210 [main] DEBUG org.apache.http.headers - >> Accept-Encoding: gzip,deflate
22:09:40.225 [main] DEBUG org.apache.http.wire -  << "HTTP/1.1 200 OK[\r][\n]"
22:09:40.225 [main] DEBUG org.apache.http.wire -  << "Server: Apache-Coyote/1.1[\r][\n]"
22:09:40.225 [main] DEBUG org.apache.http.wire -  << "Content-Type: text/plain;charset=UTF-8[\r][\n]"
22:09:40.225 [main] DEBUG org.apache.http.wire -  << "Content-Length: 6[\r][\n]"
22:09:40.225 [main] DEBUG org.apache.http.wire -  << "Date: Sun, 07 Feb 2021 21:09:40 GMT[\r][\n]"
22:09:40.225 [main] DEBUG org.apache.http.wire -  << "[\r][\n]"
22:09:40.225 [main] DEBUG o.a.h.i.conn.DefaultClientConnection - Receiving response: HTTP/1.1 200 OK
22:09:40.225 [main] DEBUG org.apache.http.headers - << HTTP/1.1 200 OK
22:09:40.225 [main] DEBUG org.apache.http.headers - << Server: Apache-Coyote/1.1
22:09:40.225 [main] DEBUG org.apache.http.headers - << Content-Type: text/plain;charset=UTF-8
22:09:40.225 [main] DEBUG org.apache.http.headers - << Content-Length: 6
22:09:40.225 [main] DEBUG org.apache.http.headers - << Date: Sun, 07 Feb 2021 21:09:40 GMT
22:09:40.225 [main] DEBUG o.a.h.impl.client.DefaultHttpClient - Connection can be kept alive indefinitely
22:09:40.225 [main] DEBUG i.r.i.RequestSpecificationImpl$RestAssuredHttpBuilder - Parsing response as: text/plain;charset=UTF-8
22:09:40.225 [main] DEBUG i.r.i.RequestSpecificationImpl$RestAssuredHttpBuilder - Parsed data to instance of: class org.apache.http.conn.EofSensorInputStream
22:09:40.225 [main] DEBUG org.apache.http.wire -  << "b:1500"
22:09:40.225 [main] DEBUG o.a.h.i.c.BasicClientConnectionManager - Releasing connection org.apache.http.impl.conn.ManagedClientConnectionImpl@1e5aacd9
22:09:40.225 [main] DEBUG o.a.h.i.c.BasicClientConnectionManager - Connection can be kept alive indefinitely
22:09:40.230 [main] DEBUG o.a.h.i.c.BasicClientConnectionManager - Get connection for route {}->http://localhost:8080
22:09:40.230 [main] DEBUG o.a.h.i.c.DefaultClientConnectionOperator - Connecting to localhost:8080
22:09:40.230 [main] DEBUG o.a.h.c.protocol.RequestAddCookies - CookieSpec selected: ignoreCookies
22:09:40.231 [main] DEBUG o.a.h.c.protocol.RequestAuthCache - Auth cache not set in the context
22:09:40.231 [main] DEBUG o.a.h.c.p.RequestTargetAuthentication - Target auth state: UNCHALLENGED
22:09:40.231 [main] DEBUG o.a.h.c.p.RequestProxyAuthentication - Proxy auth state: UNCHALLENGED
22:09:40.231 [main] DEBUG o.a.h.impl.client.DefaultHttpClient - Attempt 1 to execute request
22:09:40.231 [main] DEBUG o.a.h.i.conn.DefaultClientConnection - Sending request: GET /2?b=6&c=3 HTTP/1.1
22:09:40.231 [main] DEBUG org.apache.http.wire -  >> "GET /2?b=6&c=3 HTTP/1.1[\r][\n]"
22:09:40.231 [main] DEBUG org.apache.http.wire -  >> "Accept: */*[\r][\n]"
22:09:40.231 [main] DEBUG org.apache.http.wire -  >> "Host: localhost:8080[\r][\n]"
22:09:40.231 [main] DEBUG org.apache.http.wire -  >> "Connection: Keep-Alive[\r][\n]"
22:09:40.231 [main] DEBUG org.apache.http.wire -  >> "User-Agent: Apache-HttpClient/4.5.3 (Java/13.0.5.1)[\r][\n]"
22:09:40.231 [main] DEBUG org.apache.http.wire -  >> "Accept-Encoding: gzip,deflate[\r][\n]"
22:09:40.231 [main] DEBUG org.apache.http.wire -  >> "[\r][\n]"
22:09:40.231 [main] DEBUG org.apache.http.headers - >> GET /2?b=6&c=3 HTTP/1.1
22:09:40.231 [main] DEBUG org.apache.http.headers - >> Accept: */*
22:09:40.231 [main] DEBUG org.apache.http.headers - >> Host: localhost:8080
22:09:40.231 [main] DEBUG org.apache.http.headers - >> Connection: Keep-Alive
22:09:40.231 [main] DEBUG org.apache.http.headers - >> User-Agent: Apache-HttpClient/4.5.3 (Java/13.0.5.1)
22:09:40.231 [main] DEBUG org.apache.http.headers - >> Accept-Encoding: gzip,deflate
22:09:40.251 [main] DEBUG org.apache.http.wire -  << "HTTP/1.1 200 OK[\r][\n]"
22:09:40.251 [main] DEBUG org.apache.http.wire -  << "Server: Apache-Coyote/1.1[\r][\n]"
22:09:40.251 [main] DEBUG org.apache.http.wire -  << "Content-Type: text/plain;charset=UTF-8[\r][\n]"
22:09:40.251 [main] DEBUG org.apache.http.wire -  << "Content-Length: 6[\r][\n]"
22:09:40.251 [main] DEBUG org.apache.http.wire -  << "Date: Sun, 07 Feb 2021 21:09:40 GMT[\r][\n]"
22:09:40.251 [main] DEBUG org.apache.http.wire -  << "[\r][\n]"
22:09:40.251 [main] DEBUG o.a.h.i.conn.DefaultClientConnection - Receiving response: HTTP/1.1 200 OK
22:09:40.251 [main] DEBUG org.apache.http.headers - << HTTP/1.1 200 OK
22:09:40.251 [main] DEBUG org.apache.http.headers - << Server: Apache-Coyote/1.1
22:09:40.251 [main] DEBUG org.apache.http.headers - << Content-Type: text/plain;charset=UTF-8
22:09:40.251 [main] DEBUG org.apache.http.headers - << Content-Length: 6
22:09:40.251 [main] DEBUG org.apache.http.headers - << Date: Sun, 07 Feb 2021 21:09:40 GMT
22:09:40.252 [main] DEBUG o.a.h.impl.client.DefaultHttpClient - Connection can be kept alive indefinitely
22:09:40.252 [main] DEBUG i.r.i.RequestSpecificationImpl$RestAssuredHttpBuilder - Parsing response as: text/plain;charset=UTF-8
22:09:40.252 [main] DEBUG i.r.i.RequestSpecificationImpl$RestAssuredHttpBuilder - Parsed data to instance of: class org.apache.http.conn.EofSensorInputStream
22:09:40.252 [main] DEBUG org.apache.http.wire -  << "b:1500"
22:09:40.252 [main] DEBUG o.a.h.i.c.BasicClientConnectionManager - Releasing connection org.apache.http.impl.conn.ManagedClientConnectionImpl@59f3426f
22:09:40.252 [main] DEBUG o.a.h.i.c.BasicClientConnectionManager - Connection can be kept alive indefinitely
22:09:40.254 [main] DEBUG o.a.h.i.c.BasicClientConnectionManager - Get connection for route {}->http://localhost:8080
22:09:40.254 [main] DEBUG o.a.h.i.c.DefaultClientConnectionOperator - Connecting to localhost:8080
22:09:40.255 [main] DEBUG o.a.h.c.protocol.RequestAddCookies - CookieSpec selected: ignoreCookies
22:09:40.255 [main] DEBUG o.a.h.c.protocol.RequestAuthCache - Auth cache not set in the context
22:09:40.255 [main] DEBUG o.a.h.c.p.RequestTargetAuthentication - Target auth state: UNCHALLENGED
22:09:40.255 [main] DEBUG o.a.h.c.p.RequestProxyAuthentication - Proxy auth state: UNCHALLENGED
22:09:40.255 [main] DEBUG o.a.h.impl.client.DefaultHttpClient - Attempt 1 to execute request
22:09:40.255 [main] DEBUG o.a.h.i.conn.DefaultClientConnection - Sending request: GET /2?b=6&c=3 HTTP/1.1
22:09:40.255 [main] DEBUG org.apache.http.wire -  >> "GET /2?b=6&c=3 HTTP/1.1[\r][\n]"
22:09:40.255 [main] DEBUG org.apache.http.wire -  >> "Accept: */*[\r][\n]"
22:09:40.255 [main] DEBUG org.apache.http.wire -  >> "Host: localhost:8080[\r][\n]"
22:09:40.255 [main] DEBUG org.apache.http.wire -  >> "Connection: Keep-Alive[\r][\n]"
22:09:40.255 [main] DEBUG org.apache.http.wire -  >> "User-Agent: Apache-HttpClient/4.5.3 (Java/13.0.5.1)[\r][\n]"
22:09:40.255 [main] DEBUG org.apache.http.wire -  >> "Accept-Encoding: gzip,deflate[\r][\n]"
22:09:40.255 [main] DEBUG org.apache.http.wire -  >> "[\r][\n]"
22:09:40.255 [main] DEBUG org.apache.http.headers - >> GET /2?b=6&c=3 HTTP/1.1
22:09:40.255 [main] DEBUG org.apache.http.headers - >> Accept: */*
22:09:40.255 [main] DEBUG org.apache.http.headers - >> Host: localhost:8080
22:09:40.255 [main] DEBUG org.apache.http.headers - >> Connection: Keep-Alive
22:09:40.255 [main] DEBUG org.apache.http.headers - >> User-Agent: Apache-HttpClient/4.5.3 (Java/13.0.5.1)
22:09:40.255 [main] DEBUG org.apache.http.headers - >> Accept-Encoding: gzip,deflate
22:09:40.271 [main] DEBUG org.apache.http.wire -  << "HTTP/1.1 200 OK[\r][\n]"
22:09:40.271 [main] DEBUG org.apache.http.wire -  << "Server: Apache-Coyote/1.1[\r][\n]"
22:09:40.271 [main] DEBUG org.apache.http.wire -  << "Content-Type: text/plain;charset=UTF-8[\r][\n]"
22:09:40.271 [main] DEBUG org.apache.http.wire -  << "Content-Length: 6[\r][\n]"
22:09:40.271 [main] DEBUG org.apache.http.wire -  << "Date: Sun, 07 Feb 2021 21:09:40 GMT[\r][\n]"
22:09:40.271 [main] DEBUG org.apache.http.wire -  << "[\r][\n]"
22:09:40.271 [main] DEBUG o.a.h.i.conn.DefaultClientConnection - Receiving response: HTTP/1.1 200 OK
22:09:40.271 [main] DEBUG org.apache.http.headers - << HTTP/1.1 200 OK
22:09:40.271 [main] DEBUG org.apache.http.headers - << Server: Apache-Coyote/1.1
22:09:40.271 [main] DEBUG org.apache.http.headers - << Content-Type: text/plain;charset=UTF-8
22:09:40.271 [main] DEBUG org.apache.http.headers - << Content-Length: 6
22:09:40.271 [main] DEBUG org.apache.http.headers - << Date: Sun, 07 Feb 2021 21:09:40 GMT
22:09:40.271 [main] DEBUG o.a.h.impl.client.DefaultHttpClient - Connection can be kept alive indefinitely
22:09:40.271 [main] DEBUG i.r.i.RequestSpecificationImpl$RestAssuredHttpBuilder - Parsing response as: text/plain;charset=UTF-8
22:09:40.271 [main] DEBUG i.r.i.RequestSpecificationImpl$RestAssuredHttpBuilder - Parsed data to instance of: class org.apache.http.conn.EofSensorInputStream
22:09:40.271 [main] DEBUG org.apache.http.wire -  << "b:1500"
22:09:40.271 [main] DEBUG o.a.h.i.c.BasicClientConnectionManager - Releasing connection org.apache.http.impl.conn.ManagedClientConnectionImpl@6b2e9db2
22:09:40.271 [main] DEBUG o.a.h.i.c.BasicClientConnectionManager - Connection can be kept alive indefinitely
22:09:40.273 [main] DEBUG o.a.h.i.c.BasicClientConnectionManager - Get connection for route {}->http://localhost:8080
22:09:40.273 [main] DEBUG o.a.h.i.c.DefaultClientConnectionOperator - Connecting to localhost:8080
22:09:40.274 [main] DEBUG o.a.h.c.protocol.RequestAddCookies - CookieSpec selected: ignoreCookies
22:09:40.274 [main] DEBUG o.a.h.c.protocol.RequestAuthCache - Auth cache not set in the context
22:09:40.274 [main] DEBUG o.a.h.c.p.RequestTargetAuthentication - Target auth state: UNCHALLENGED
22:09:40.274 [main] DEBUG o.a.h.c.p.RequestProxyAuthentication - Proxy auth state: UNCHALLENGED
22:09:40.274 [main] DEBUG o.a.h.impl.client.DefaultHttpClient - Attempt 1 to execute request
22:09:40.274 [main] DEBUG o.a.h.i.conn.DefaultClientConnection - Sending request: GET /2?b=6&c=3 HTTP/1.1
22:09:40.274 [main] DEBUG org.apache.http.wire -  >> "GET /2?b=6&c=3 HTTP/1.1[\r][\n]"
22:09:40.274 [main] DEBUG org.apache.http.wire -  >> "Accept: */*[\r][\n]"
22:09:40.274 [main] DEBUG org.apache.http.wire -  >> "Host: localhost:8080[\r][\n]"
22:09:40.274 [main] DEBUG org.apache.http.wire -  >> "Connection: Keep-Alive[\r][\n]"
22:09:40.274 [main] DEBUG org.apache.http.wire -  >> "User-Agent: Apache-HttpClient/4.5.3 (Java/13.0.5.1)[\r][\n]"
22:09:40.274 [main] DEBUG org.apache.http.wire -  >> "Accept-Encoding: gzip,deflate[\r][\n]"
22:09:40.274 [main] DEBUG org.apache.http.wire -  >> "[\r][\n]"
22:09:40.274 [main] DEBUG org.apache.http.headers - >> GET /2?b=6&c=3 HTTP/1.1
22:09:40.274 [main] DEBUG org.apache.http.headers - >> Accept: */*
22:09:40.274 [main] DEBUG org.apache.http.headers - >> Host: localhost:8080
22:09:40.274 [main] DEBUG org.apache.http.headers - >> Connection: Keep-Alive
22:09:40.274 [main] DEBUG org.apache.http.headers - >> User-Agent: Apache-HttpClient/4.5.3 (Java/13.0.5.1)
22:09:40.274 [main] DEBUG org.apache.http.headers - >> Accept-Encoding: gzip,deflate
22:09:40.295 [main] DEBUG org.apache.http.wire -  << "HTTP/1.1 200 OK[\r][\n]"
22:09:40.295 [main] DEBUG org.apache.http.wire -  << "Server: Apache-Coyote/1.1[\r][\n]"
22:09:40.295 [main] DEBUG org.apache.http.wire -  << "Content-Type: text/plain;charset=UTF-8[\r][\n]"
22:09:40.295 [main] DEBUG org.apache.http.wire -  << "Content-Length: 6[\r][\n]"
22:09:40.295 [main] DEBUG org.apache.http.wire -  << "Date: Sun, 07 Feb 2021 21:09:40 GMT[\r][\n]"
22:09:40.295 [main] DEBUG org.apache.http.wire -  << "[\r][\n]"
22:09:40.295 [main] DEBUG o.a.h.i.conn.DefaultClientConnection - Receiving response: HTTP/1.1 200 OK
22:09:40.295 [main] DEBUG org.apache.http.headers - << HTTP/1.1 200 OK
22:09:40.295 [main] DEBUG org.apache.http.headers - << Server: Apache-Coyote/1.1
22:09:40.295 [main] DEBUG org.apache.http.headers - << Content-Type: text/plain;charset=UTF-8
22:09:40.295 [main] DEBUG org.apache.http.headers - << Content-Length: 6
22:09:40.295 [main] DEBUG org.apache.http.headers - << Date: Sun, 07 Feb 2021 21:09:40 GMT
22:09:40.295 [main] DEBUG o.a.h.impl.client.DefaultHttpClient - Connection can be kept alive indefinitely
22:09:40.295 [main] DEBUG i.r.i.RequestSpecificationImpl$RestAssuredHttpBuilder - Parsing response as: text/plain;charset=UTF-8
22:09:40.295 [main] DEBUG i.r.i.RequestSpecificationImpl$RestAssuredHttpBuilder - Parsed data to instance of: class org.apache.http.conn.EofSensorInputStream
22:09:40.295 [main] DEBUG org.apache.http.wire -  << "b:1500"
22:09:40.295 [main] DEBUG o.a.h.i.c.BasicClientConnectionManager - Releasing connection org.apache.http.impl.conn.ManagedClientConnectionImpl@333a44f2
22:09:40.295 [main] DEBUG o.a.h.i.c.BasicClientConnectionManager - Connection can be kept alive indefinitely
22:09:40.297 [main] DEBUG o.a.h.i.c.BasicClientConnectionManager - Get connection for route {}->http://localhost:8080
22:09:40.297 [main] DEBUG o.a.h.i.c.DefaultClientConnectionOperator - Connecting to localhost:8080
22:09:40.298 [main] DEBUG o.a.h.c.protocol.RequestAddCookies - CookieSpec selected: ignoreCookies
22:09:40.298 [main] DEBUG o.a.h.c.protocol.RequestAuthCache - Auth cache not set in the context
22:09:40.298 [main] DEBUG o.a.h.c.p.RequestTargetAuthentication - Target auth state: UNCHALLENGED
22:09:40.298 [main] DEBUG o.a.h.c.p.RequestProxyAuthentication - Proxy auth state: UNCHALLENGED
22:09:40.298 [main] DEBUG o.a.h.impl.client.DefaultHttpClient - Attempt 1 to execute request
22:09:40.298 [main] DEBUG o.a.h.i.conn.DefaultClientConnection - Sending request: GET /2?b=6&c=3 HTTP/1.1
22:09:40.298 [main] DEBUG org.apache.http.wire -  >> "GET /2?b=6&c=3 HTTP/1.1[\r][\n]"
22:09:40.298 [main] DEBUG org.apache.http.wire -  >> "Accept: */*[\r][\n]"
22:09:40.298 [main] DEBUG org.apache.http.wire -  >> "Host: localhost:8080[\r][\n]"
22:09:40.298 [main] DEBUG org.apache.http.wire -  >> "Connection: Keep-Alive[\r][\n]"
22:09:40.298 [main] DEBUG org.apache.http.wire -  >> "User-Agent: Apache-HttpClient/4.5.3 (Java/13.0.5.1)[\r][\n]"
22:09:40.298 [main] DEBUG org.apache.http.wire -  >> "Accept-Encoding: gzip,deflate[\r][\n]"
22:09:40.298 [main] DEBUG org.apache.http.wire -  >> "[\r][\n]"
22:09:40.298 [main] DEBUG org.apache.http.headers - >> GET /2?b=6&c=3 HTTP/1.1
22:09:40.298 [main] DEBUG org.apache.http.headers - >> Accept: */*
22:09:40.298 [main] DEBUG org.apache.http.headers - >> Host: localhost:8080
22:09:40.298 [main] DEBUG org.apache.http.headers - >> Connection: Keep-Alive
22:09:40.298 [main] DEBUG org.apache.http.headers - >> User-Agent: Apache-HttpClient/4.5.3 (Java/13.0.5.1)
22:09:40.298 [main] DEBUG org.apache.http.headers - >> Accept-Encoding: gzip,deflate
22:09:40.317 [main] DEBUG org.apache.http.wire -  << "HTTP/1.1 200 OK[\r][\n]"
22:09:40.317 [main] DEBUG org.apache.http.wire -  << "Server: Apache-Coyote/1.1[\r][\n]"
22:09:40.317 [main] DEBUG org.apache.http.wire -  << "Content-Type: text/plain;charset=UTF-8[\r][\n]"
22:09:40.317 [main] DEBUG org.apache.http.wire -  << "Content-Length: 6[\r][\n]"
22:09:40.317 [main] DEBUG org.apache.http.wire -  << "Date: Sun, 07 Feb 2021 21:09:40 GMT[\r][\n]"
22:09:40.317 [main] DEBUG org.apache.http.wire -  << "[\r][\n]"
22:09:40.317 [main] DEBUG o.a.h.i.conn.DefaultClientConnection - Receiving response: HTTP/1.1 200 OK
22:09:40.317 [main] DEBUG org.apache.http.headers - << HTTP/1.1 200 OK
22:09:40.317 [main] DEBUG org.apache.http.headers - << Server: Apache-Coyote/1.1
22:09:40.318 [main] DEBUG org.apache.http.headers - << Content-Type: text/plain;charset=UTF-8
22:09:40.318 [main] DEBUG org.apache.http.headers - << Content-Length: 6
22:09:40.318 [main] DEBUG org.apache.http.headers - << Date: Sun, 07 Feb 2021 21:09:40 GMT
22:09:40.318 [main] DEBUG o.a.h.impl.client.DefaultHttpClient - Connection can be kept alive indefinitely
22:09:40.318 [main] DEBUG i.r.i.RequestSpecificationImpl$RestAssuredHttpBuilder - Parsing response as: text/plain;charset=UTF-8
22:09:40.318 [main] DEBUG i.r.i.RequestSpecificationImpl$RestAssuredHttpBuilder - Parsed data to instance of: class org.apache.http.conn.EofSensorInputStream
22:09:40.318 [main] DEBUG org.apache.http.wire -  << "b:1500"
22:09:40.318 [main] DEBUG o.a.h.i.c.BasicClientConnectionManager - Releasing connection org.apache.http.impl.conn.ManagedClientConnectionImpl@51de5efa
22:09:40.318 [main] DEBUG o.a.h.i.c.BasicClientConnectionManager - Connection can be kept alive indefinitely
22:09:40.324 [main] DEBUG o.a.h.i.c.BasicClientConnectionManager - Get connection for route {}->http://localhost:8080
22:09:40.324 [main] DEBUG o.a.h.i.c.DefaultClientConnectionOperator - Connecting to localhost:8080
22:09:40.325 [main] DEBUG o.a.h.c.protocol.RequestAddCookies - CookieSpec selected: ignoreCookies
22:09:40.325 [main] DEBUG o.a.h.c.protocol.RequestAuthCache - Auth cache not set in the context
22:09:40.325 [main] DEBUG o.a.h.c.p.RequestTargetAuthentication - Target auth state: UNCHALLENGED
22:09:40.325 [main] DEBUG o.a.h.c.p.RequestProxyAuthentication - Proxy auth state: UNCHALLENGED
22:09:40.325 [main] DEBUG o.a.h.impl.client.DefaultHttpClient - Attempt 1 to execute request
22:09:40.325 [main] DEBUG o.a.h.i.conn.DefaultClientConnection - Sending request: GET /2?b=6&c=3 HTTP/1.1
22:09:40.325 [main] DEBUG org.apache.http.wire -  >> "GET /2?b=6&c=3 HTTP/1.1[\r][\n]"
22:09:40.325 [main] DEBUG org.apache.http.wire -  >> "Accept: */*[\r][\n]"
22:09:40.325 [main] DEBUG org.apache.http.wire -  >> "Host: localhost:8080[\r][\n]"
22:09:40.325 [main] DEBUG org.apache.http.wire -  >> "Connection: Keep-Alive[\r][\n]"
22:09:40.325 [main] DEBUG org.apache.http.wire -  >> "User-Agent: Apache-HttpClient/4.5.3 (Java/13.0.5.1)[\r][\n]"
22:09:40.325 [main] DEBUG org.apache.http.wire -  >> "Accept-Encoding: gzip,deflate[\r][\n]"
22:09:40.325 [main] DEBUG org.apache.http.wire -  >> "[\r][\n]"
22:09:40.325 [main] DEBUG org.apache.http.headers - >> GET /2?b=6&c=3 HTTP/1.1
22:09:40.325 [main] DEBUG org.apache.http.headers - >> Accept: */*
22:09:40.325 [main] DEBUG org.apache.http.headers - >> Host: localhost:8080
22:09:40.325 [main] DEBUG org.apache.http.headers - >> Connection: Keep-Alive
22:09:40.325 [main] DEBUG org.apache.http.headers - >> User-Agent: Apache-HttpClient/4.5.3 (Java/13.0.5.1)
22:09:40.325 [main] DEBUG org.apache.http.headers - >> Accept-Encoding: gzip,deflate
22:09:40.344 [main] DEBUG org.apache.http.wire -  << "HTTP/1.1 200 OK[\r][\n]"
22:09:40.344 [main] DEBUG org.apache.http.wire -  << "Server: Apache-Coyote/1.1[\r][\n]"
22:09:40.344 [main] DEBUG org.apache.http.wire -  << "Content-Type: text/plain;charset=UTF-8[\r][\n]"
22:09:40.344 [main] DEBUG org.apache.http.wire -  << "Content-Length: 6[\r][\n]"
22:09:40.344 [main] DEBUG org.apache.http.wire -  << "Date: Sun, 07 Feb 2021 21:09:40 GMT[\r][\n]"
22:09:40.344 [main] DEBUG org.apache.http.wire -  << "[\r][\n]"
22:09:40.344 [main] DEBUG o.a.h.i.conn.DefaultClientConnection - Receiving response: HTTP/1.1 200 OK
22:09:40.344 [main] DEBUG org.apache.http.headers - << HTTP/1.1 200 OK
22:09:40.344 [main] DEBUG org.apache.http.headers - << Server: Apache-Coyote/1.1
22:09:40.344 [main] DEBUG org.apache.http.headers - << Content-Type: text/plain;charset=UTF-8
22:09:40.344 [main] DEBUG org.apache.http.headers - << Content-Length: 6
22:09:40.344 [main] DEBUG org.apache.http.headers - << Date: Sun, 07 Feb 2021 21:09:40 GMT
22:09:40.344 [main] DEBUG o.a.h.impl.client.DefaultHttpClient - Connection can be kept alive indefinitely
22:09:40.344 [main] DEBUG i.r.i.RequestSpecificationImpl$RestAssuredHttpBuilder - Parsing response as: text/plain;charset=UTF-8
22:09:40.344 [main] DEBUG i.r.i.RequestSpecificationImpl$RestAssuredHttpBuilder - Parsed data to instance of: class org.apache.http.conn.EofSensorInputStream
22:09:40.344 [main] DEBUG org.apache.http.wire -  << "b:1500"
22:09:40.344 [main] DEBUG o.a.h.i.c.BasicClientConnectionManager - Releasing connection org.apache.http.impl.conn.ManagedClientConnectionImpl@2e159116
22:09:40.344 [main] DEBUG o.a.h.i.c.BasicClientConnectionManager - Connection can be kept alive indefinitely
22:09:40.346 [main] DEBUG o.a.h.i.c.BasicClientConnectionManager - Get connection for route {}->http://localhost:8080
22:09:40.346 [main] DEBUG o.a.h.i.c.DefaultClientConnectionOperator - Connecting to localhost:8080
22:09:40.347 [main] DEBUG o.a.h.c.protocol.RequestAddCookies - CookieSpec selected: ignoreCookies
22:09:40.347 [main] DEBUG o.a.h.c.protocol.RequestAuthCache - Auth cache not set in the context
22:09:40.347 [main] DEBUG o.a.h.c.p.RequestTargetAuthentication - Target auth state: UNCHALLENGED
22:09:40.347 [main] DEBUG o.a.h.c.p.RequestProxyAuthentication - Proxy auth state: UNCHALLENGED
22:09:40.347 [main] DEBUG o.a.h.impl.client.DefaultHttpClient - Attempt 1 to execute request
22:09:40.347 [main] DEBUG o.a.h.i.conn.DefaultClientConnection - Sending request: GET /2?b=6&c=3 HTTP/1.1
22:09:40.347 [main] DEBUG org.apache.http.wire -  >> "GET /2?b=6&c=3 HTTP/1.1[\r][\n]"
22:09:40.347 [main] DEBUG org.apache.http.wire -  >> "Accept: */*[\r][\n]"
22:09:40.347 [main] DEBUG org.apache.http.wire -  >> "Host: localhost:8080[\r][\n]"
22:09:40.347 [main] DEBUG org.apache.http.wire -  >> "Connection: Keep-Alive[\r][\n]"
22:09:40.347 [main] DEBUG org.apache.http.wire -  >> "User-Agent: Apache-HttpClient/4.5.3 (Java/13.0.5.1)[\r][\n]"
22:09:40.347 [main] DEBUG org.apache.http.wire -  >> "Accept-Encoding: gzip,deflate[\r][\n]"
22:09:40.347 [main] DEBUG org.apache.http.wire -  >> "[\r][\n]"
22:09:40.347 [main] DEBUG org.apache.http.headers - >> GET /2?b=6&c=3 HTTP/1.1
22:09:40.347 [main] DEBUG org.apache.http.headers - >> Accept: */*
22:09:40.347 [main] DEBUG org.apache.http.headers - >> Host: localhost:8080
22:09:40.347 [main] DEBUG org.apache.http.headers - >> Connection: Keep-Alive
22:09:40.347 [main] DEBUG org.apache.http.headers - >> User-Agent: Apache-HttpClient/4.5.3 (Java/13.0.5.1)
22:09:40.347 [main] DEBUG org.apache.http.headers - >> Accept-Encoding: gzip,deflate
22:09:40.364 [main] DEBUG org.apache.http.wire -  << "HTTP/1.1 200 OK[\r][\n]"
22:09:40.364 [main] DEBUG org.apache.http.wire -  << "Server: Apache-Coyote/1.1[\r][\n]"
22:09:40.364 [main] DEBUG org.apache.http.wire -  << "Content-Type: text/plain;charset=UTF-8[\r][\n]"
22:09:40.364 [main] DEBUG org.apache.http.wire -  << "Content-Length: 6[\r][\n]"
22:09:40.364 [main] DEBUG org.apache.http.wire -  << "Date: Sun, 07 Feb 2021 21:09:40 GMT[\r][\n]"
22:09:40.364 [main] DEBUG org.apache.http.wire -  << "[\r][\n]"
22:09:40.364 [main] DEBUG o.a.h.i.conn.DefaultClientConnection - Receiving response: HTTP/1.1 200 OK
22:09:40.364 [main] DEBUG org.apache.http.headers - << HTTP/1.1 200 OK
22:09:40.364 [main] DEBUG org.apache.http.headers - << Server: Apache-Coyote/1.1
22:09:40.364 [main] DEBUG org.apache.http.headers - << Content-Type: text/plain;charset=UTF-8
22:09:40.364 [main] DEBUG org.apache.http.headers - << Content-Length: 6
22:09:40.364 [main] DEBUG org.apache.http.headers - << Date: Sun, 07 Feb 2021 21:09:40 GMT
22:09:40.364 [main] DEBUG o.a.h.impl.client.DefaultHttpClient - Connection can be kept alive indefinitely
22:09:40.365 [main] DEBUG i.r.i.RequestSpecificationImpl$RestAssuredHttpBuilder - Parsing response as: text/plain;charset=UTF-8
22:09:40.365 [main] DEBUG i.r.i.RequestSpecificationImpl$RestAssuredHttpBuilder - Parsed data to instance of: class org.apache.http.conn.EofSensorInputStream
22:09:40.366 [main] DEBUG org.apache.http.wire -  << "b:1500"
22:09:40.366 [main] DEBUG o.a.h.i.c.BasicClientConnectionManager - Releasing connection org.apache.http.impl.conn.ManagedClientConnectionImpl@6b091a92
22:09:40.366 [main] DEBUG o.a.h.i.c.BasicClientConnectionManager - Connection can be kept alive indefinitely
22:09:40.370 [main] DEBUG o.a.h.i.c.BasicClientConnectionManager - Get connection for route {}->http://localhost:8080
22:09:40.370 [main] DEBUG o.a.h.i.c.DefaultClientConnectionOperator - Connecting to localhost:8080
22:09:40.371 [main] DEBUG o.a.h.c.protocol.RequestAddCookies - CookieSpec selected: ignoreCookies
22:09:40.371 [main] DEBUG o.a.h.c.protocol.RequestAuthCache - Auth cache not set in the context
22:09:40.371 [main] DEBUG o.a.h.c.p.RequestTargetAuthentication - Target auth state: UNCHALLENGED
22:09:40.371 [main] DEBUG o.a.h.c.p.RequestProxyAuthentication - Proxy auth state: UNCHALLENGED
22:09:40.371 [main] DEBUG o.a.h.impl.client.DefaultHttpClient - Attempt 1 to execute request
22:09:40.371 [main] DEBUG o.a.h.i.conn.DefaultClientConnection - Sending request: GET /2?b=6&c=3 HTTP/1.1
22:09:40.371 [main] DEBUG org.apache.http.wire -  >> "GET /2?b=6&c=3 HTTP/1.1[\r][\n]"
22:09:40.371 [main] DEBUG org.apache.http.wire -  >> "Accept: */*[\r][\n]"
22:09:40.371 [main] DEBUG org.apache.http.wire -  >> "Host: localhost:8080[\r][\n]"
22:09:40.371 [main] DEBUG org.apache.http.wire -  >> "Connection: Keep-Alive[\r][\n]"
22:09:40.371 [main] DEBUG org.apache.http.wire -  >> "User-Agent: Apache-HttpClient/4.5.3 (Java/13.0.5.1)[\r][\n]"
22:09:40.371 [main] DEBUG org.apache.http.wire -  >> "Accept-Encoding: gzip,deflate[\r][\n]"
22:09:40.371 [main] DEBUG org.apache.http.wire -  >> "[\r][\n]"
22:09:40.371 [main] DEBUG org.apache.http.headers - >> GET /2?b=6&c=3 HTTP/1.1
22:09:40.371 [main] DEBUG org.apache.http.headers - >> Accept: */*
22:09:40.371 [main] DEBUG org.apache.http.headers - >> Host: localhost:8080
22:09:40.371 [main] DEBUG org.apache.http.headers - >> Connection: Keep-Alive
22:09:40.371 [main] DEBUG org.apache.http.headers - >> User-Agent: Apache-HttpClient/4.5.3 (Java/13.0.5.1)
22:09:40.371 [main] DEBUG org.apache.http.headers - >> Accept-Encoding: gzip,deflate
22:09:40.392 [main] DEBUG org.apache.http.wire -  << "HTTP/1.1 200 OK[\r][\n]"
22:09:40.392 [main] DEBUG org.apache.http.wire -  << "Server: Apache-Coyote/1.1[\r][\n]"
22:09:40.392 [main] DEBUG org.apache.http.wire -  << "Content-Type: text/plain;charset=UTF-8[\r][\n]"
22:09:40.393 [main] DEBUG org.apache.http.wire -  << "Content-Length: 6[\r][\n]"
22:09:40.393 [main] DEBUG org.apache.http.wire -  << "Date: Sun, 07 Feb 2021 21:09:40 GMT[\r][\n]"
22:09:40.393 [main] DEBUG org.apache.http.wire -  << "[\r][\n]"
22:09:40.393 [main] DEBUG o.a.h.i.conn.DefaultClientConnection - Receiving response: HTTP/1.1 200 OK
22:09:40.393 [main] DEBUG org.apache.http.headers - << HTTP/1.1 200 OK
22:09:40.393 [main] DEBUG org.apache.http.headers - << Server: Apache-Coyote/1.1
22:09:40.393 [main] DEBUG org.apache.http.headers - << Content-Type: text/plain;charset=UTF-8
22:09:40.393 [main] DEBUG org.apache.http.headers - << Content-Length: 6
22:09:40.393 [main] DEBUG org.apache.http.headers - << Date: Sun, 07 Feb 2021 21:09:40 GMT
22:09:40.393 [main] DEBUG o.a.h.impl.client.DefaultHttpClient - Connection can be kept alive indefinitely
22:09:40.393 [main] DEBUG i.r.i.RequestSpecificationImpl$RestAssuredHttpBuilder - Parsing response as: text/plain;charset=UTF-8
22:09:40.393 [main] DEBUG i.r.i.RequestSpecificationImpl$RestAssuredHttpBuilder - Parsed data to instance of: class org.apache.http.conn.EofSensorInputStream
22:09:40.393 [main] DEBUG org.apache.http.wire -  << "b:1500"
22:09:40.393 [main] DEBUG o.a.h.i.c.BasicClientConnectionManager - Releasing connection org.apache.http.impl.conn.ManagedClientConnectionImpl@2dbf2da
22:09:40.393 [main] DEBUG o.a.h.i.c.BasicClientConnectionManager - Connection can be kept alive indefinitely
22:09:40.396 [main] DEBUG o.a.h.i.c.BasicClientConnectionManager - Get connection for route {}->http://localhost:8080
22:09:40.396 [main] DEBUG o.a.h.i.c.DefaultClientConnectionOperator - Connecting to localhost:8080
22:09:40.397 [main] DEBUG o.a.h.c.protocol.RequestAddCookies - CookieSpec selected: ignoreCookies
22:09:40.397 [main] DEBUG o.a.h.c.protocol.RequestAuthCache - Auth cache not set in the context
22:09:40.397 [main] DEBUG o.a.h.c.p.RequestTargetAuthentication - Target auth state: UNCHALLENGED
22:09:40.397 [main] DEBUG o.a.h.c.p.RequestProxyAuthentication - Proxy auth state: UNCHALLENGED
22:09:40.397 [main] DEBUG o.a.h.impl.client.DefaultHttpClient - Attempt 1 to execute request
22:09:40.397 [main] DEBUG o.a.h.i.conn.DefaultClientConnection - Sending request: GET /2?b=6&c=3 HTTP/1.1
22:09:40.397 [main] DEBUG org.apache.http.wire -  >> "GET /2?b=6&c=3 HTTP/1.1[\r][\n]"
22:09:40.397 [main] DEBUG org.apache.http.wire -  >> "Accept: */*[\r][\n]"
22:09:40.397 [main] DEBUG org.apache.http.wire -  >> "Host: localhost:8080[\r][\n]"
22:09:40.397 [main] DEBUG org.apache.http.wire -  >> "Connection: Keep-Alive[\r][\n]"
22:09:40.397 [main] DEBUG org.apache.http.wire -  >> "User-Agent: Apache-HttpClient/4.5.3 (Java/13.0.5.1)[\r][\n]"
22:09:40.397 [main] DEBUG org.apache.http.wire -  >> "Accept-Encoding: gzip,deflate[\r][\n]"
22:09:40.397 [main] DEBUG org.apache.http.wire -  >> "[\r][\n]"
22:09:40.397 [main] DEBUG org.apache.http.headers - >> GET /2?b=6&c=3 HTTP/1.1
22:09:40.397 [main] DEBUG org.apache.http.headers - >> Accept: */*
22:09:40.397 [main] DEBUG org.apache.http.headers - >> Host: localhost:8080
22:09:40.397 [main] DEBUG org.apache.http.headers - >> Connection: Keep-Alive
22:09:40.397 [main] DEBUG org.apache.http.headers - >> User-Agent: Apache-HttpClient/4.5.3 (Java/13.0.5.1)
22:09:40.397 [main] DEBUG org.apache.http.headers - >> Accept-Encoding: gzip,deflate
22:09:40.417 [main] DEBUG org.apache.http.wire -  << "HTTP/1.1 200 OK[\r][\n]"
22:09:40.418 [main] DEBUG org.apache.http.wire -  << "Server: Apache-Coyote/1.1[\r][\n]"
22:09:40.418 [main] DEBUG org.apache.http.wire -  << "Content-Type: text/plain;charset=UTF-8[\r][\n]"
22:09:40.418 [main] DEBUG org.apache.http.wire -  << "Content-Length: 6[\r][\n]"
22:09:40.418 [main] DEBUG org.apache.http.wire -  << "Date: Sun, 07 Feb 2021 21:09:40 GMT[\r][\n]"
22:09:40.418 [main] DEBUG org.apache.http.wire -  << "[\r][\n]"
22:09:40.418 [main] DEBUG o.a.h.i.conn.DefaultClientConnection - Receiving response: HTTP/1.1 200 OK
22:09:40.418 [main] DEBUG org.apache.http.headers - << HTTP/1.1 200 OK
22:09:40.418 [main] DEBUG org.apache.http.headers - << Server: Apache-Coyote/1.1
22:09:40.418 [main] DEBUG org.apache.http.headers - << Content-Type: text/plain;charset=UTF-8
22:09:40.418 [main] DEBUG org.apache.http.headers - << Content-Length: 6
22:09:40.418 [main] DEBUG org.apache.http.headers - << Date: Sun, 07 Feb 2021 21:09:40 GMT
22:09:40.418 [main] DEBUG o.a.h.impl.client.DefaultHttpClient - Connection can be kept alive indefinitely
22:09:40.418 [main] DEBUG i.r.i.RequestSpecificationImpl$RestAssuredHttpBuilder - Parsing response as: text/plain;charset=UTF-8
22:09:40.418 [main] DEBUG i.r.i.RequestSpecificationImpl$RestAssuredHttpBuilder - Parsed data to instance of: class org.apache.http.conn.EofSensorInputStream
22:09:40.419 [main] DEBUG org.apache.http.wire -  << "b:1500"
22:09:40.419 [main] DEBUG o.a.h.i.c.BasicClientConnectionManager - Releasing connection org.apache.http.impl.conn.ManagedClientConnectionImpl@64f3991e
22:09:40.419 [main] DEBUG o.a.h.i.c.BasicClientConnectionManager - Connection can be kept alive indefinitely
22:09:40.422 [main] DEBUG o.a.h.i.c.BasicClientConnectionManager - Get connection for route {}->http://localhost:8080
22:09:40.422 [main] DEBUG o.a.h.i.c.DefaultClientConnectionOperator - Connecting to localhost:8080
22:09:40.423 [main] DEBUG o.a.h.c.protocol.RequestAddCookies - CookieSpec selected: ignoreCookies
22:09:40.423 [main] DEBUG o.a.h.c.protocol.RequestAuthCache - Auth cache not set in the context
22:09:40.423 [main] DEBUG o.a.h.c.p.RequestTargetAuthentication - Target auth state: UNCHALLENGED
22:09:40.423 [main] DEBUG o.a.h.c.p.RequestProxyAuthentication - Proxy auth state: UNCHALLENGED
22:09:40.423 [main] DEBUG o.a.h.impl.client.DefaultHttpClient - Attempt 1 to execute request
22:09:40.423 [main] DEBUG o.a.h.i.conn.DefaultClientConnection - Sending request: GET /2?b=6&c=3 HTTP/1.1
22:09:40.423 [main] DEBUG org.apache.http.wire -  >> "GET /2?b=6&c=3 HTTP/1.1[\r][\n]"
22:09:40.423 [main] DEBUG org.apache.http.wire -  >> "Accept: */*[\r][\n]"
22:09:40.423 [main] DEBUG org.apache.http.wire -  >> "Host: localhost:8080[\r][\n]"
22:09:40.423 [main] DEBUG org.apache.http.wire -  >> "Connection: Keep-Alive[\r][\n]"
22:09:40.423 [main] DEBUG org.apache.http.wire -  >> "User-Agent: Apache-HttpClient/4.5.3 (Java/13.0.5.1)[\r][\n]"
22:09:40.423 [main] DEBUG org.apache.http.wire -  >> "Accept-Encoding: gzip,deflate[\r][\n]"
22:09:40.423 [main] DEBUG org.apache.http.wire -  >> "[\r][\n]"
22:09:40.423 [main] DEBUG org.apache.http.headers - >> GET /2?b=6&c=3 HTTP/1.1
22:09:40.423 [main] DEBUG org.apache.http.headers - >> Accept: */*
22:09:40.423 [main] DEBUG org.apache.http.headers - >> Host: localhost:8080
22:09:40.423 [main] DEBUG org.apache.http.headers - >> Connection: Keep-Alive
22:09:40.423 [main] DEBUG org.apache.http.headers - >> User-Agent: Apache-HttpClient/4.5.3 (Java/13.0.5.1)
22:09:40.423 [main] DEBUG org.apache.http.headers - >> Accept-Encoding: gzip,deflate
22:09:40.446 [main] DEBUG org.apache.http.wire -  << "HTTP/1.1 200 OK[\r][\n]"
22:09:40.446 [main] DEBUG org.apache.http.wire -  << "Server: Apache-Coyote/1.1[\r][\n]"
22:09:40.446 [main] DEBUG org.apache.http.wire -  << "Content-Type: text/plain;charset=UTF-8[\r][\n]"
22:09:40.446 [main] DEBUG org.apache.http.wire -  << "Content-Length: 6[\r][\n]"
22:09:40.446 [main] DEBUG org.apache.http.wire -  << "Date: Sun, 07 Feb 2021 21:09:40 GMT[\r][\n]"
22:09:40.446 [main] DEBUG org.apache.http.wire -  << "[\r][\n]"
22:09:40.446 [main] DEBUG o.a.h.i.conn.DefaultClientConnection - Receiving response: HTTP/1.1 200 OK
22:09:40.446 [main] DEBUG org.apache.http.headers - << HTTP/1.1 200 OK
22:09:40.446 [main] DEBUG org.apache.http.headers - << Server: Apache-Coyote/1.1
22:09:40.446 [main] DEBUG org.apache.http.headers - << Content-Type: text/plain;charset=UTF-8
22:09:40.446 [main] DEBUG org.apache.http.headers - << Content-Length: 6
22:09:40.446 [main] DEBUG org.apache.http.headers - << Date: Sun, 07 Feb 2021 21:09:40 GMT
22:09:40.446 [main] DEBUG o.a.h.impl.client.DefaultHttpClient - Connection can be kept alive indefinitely
22:09:40.446 [main] DEBUG i.r.i.RequestSpecificationImpl$RestAssuredHttpBuilder - Parsing response as: text/plain;charset=UTF-8
22:09:40.446 [main] DEBUG i.r.i.RequestSpecificationImpl$RestAssuredHttpBuilder - Parsed data to instance of: class org.apache.http.conn.EofSensorInputStream
22:09:40.447 [main] DEBUG org.apache.http.wire -  << "b:1500"
22:09:40.447 [main] DEBUG o.a.h.i.c.BasicClientConnectionManager - Releasing connection org.apache.http.impl.conn.ManagedClientConnectionImpl@43b6cb1c
22:09:40.447 [main] DEBUG o.a.h.i.c.BasicClientConnectionManager - Connection can be kept alive indefinitely
22:09:40.449 [main] DEBUG o.a.h.i.c.BasicClientConnectionManager - Get connection for route {}->http://localhost:8080
22:09:40.449 [main] DEBUG o.a.h.i.c.DefaultClientConnectionOperator - Connecting to localhost:8080
22:09:40.450 [main] DEBUG o.a.h.c.protocol.RequestAddCookies - CookieSpec selected: ignoreCookies
22:09:40.450 [main] DEBUG o.a.h.c.protocol.RequestAuthCache - Auth cache not set in the context
22:09:40.450 [main] DEBUG o.a.h.c.p.RequestTargetAuthentication - Target auth state: UNCHALLENGED
22:09:40.450 [main] DEBUG o.a.h.c.p.RequestProxyAuthentication - Proxy auth state: UNCHALLENGED
22:09:40.450 [main] DEBUG o.a.h.impl.client.DefaultHttpClient - Attempt 1 to execute request
22:09:40.450 [main] DEBUG o.a.h.i.conn.DefaultClientConnection - Sending request: GET /2?b=6&c=3 HTTP/1.1
22:09:40.450 [main] DEBUG org.apache.http.wire -  >> "GET /2?b=6&c=3 HTTP/1.1[\r][\n]"
22:09:40.450 [main] DEBUG org.apache.http.wire -  >> "Accept: */*[\r][\n]"
22:09:40.450 [main] DEBUG org.apache.http.wire -  >> "Host: localhost:8080[\r][\n]"
22:09:40.450 [main] DEBUG org.apache.http.wire -  >> "Connection: Keep-Alive[\r][\n]"
22:09:40.450 [main] DEBUG org.apache.http.wire -  >> "User-Agent: Apache-HttpClient/4.5.3 (Java/13.0.5.1)[\r][\n]"
22:09:40.450 [main] DEBUG org.apache.http.wire -  >> "Accept-Encoding: gzip,deflate[\r][\n]"
22:09:40.450 [main] DEBUG org.apache.http.wire -  >> "[\r][\n]"
22:09:40.450 [main] DEBUG org.apache.http.headers - >> GET /2?b=6&c=3 HTTP/1.1
22:09:40.450 [main] DEBUG org.apache.http.headers - >> Accept: */*
22:09:40.450 [main] DEBUG org.apache.http.headers - >> Host: localhost:8080
22:09:40.450 [main] DEBUG org.apache.http.headers - >> Connection: Keep-Alive
22:09:40.450 [main] DEBUG org.apache.http.headers - >> User-Agent: Apache-HttpClient/4.5.3 (Java/13.0.5.1)
22:09:40.450 [main] DEBUG org.apache.http.headers - >> Accept-Encoding: gzip,deflate
22:09:40.472 [main] DEBUG org.apache.http.wire -  << "HTTP/1.1 200 OK[\r][\n]"
22:09:40.472 [main] DEBUG org.apache.http.wire -  << "Server: Apache-Coyote/1.1[\r][\n]"
22:09:40.472 [main] DEBUG org.apache.http.wire -  << "Content-Type: text/plain;charset=UTF-8[\r][\n]"
22:09:40.472 [main] DEBUG org.apache.http.wire -  << "Content-Length: 6[\r][\n]"
22:09:40.472 [main] DEBUG org.apache.http.wire -  << "Date: Sun, 07 Feb 2021 21:09:40 GMT[\r][\n]"
22:09:40.472 [main] DEBUG org.apache.http.wire -  << "[\r][\n]"
22:09:40.472 [main] DEBUG o.a.h.i.conn.DefaultClientConnection - Receiving response: HTTP/1.1 200 OK
22:09:40.472 [main] DEBUG org.apache.http.headers - << HTTP/1.1 200 OK
22:09:40.472 [main] DEBUG org.apache.http.headers - << Server: Apache-Coyote/1.1
22:09:40.472 [main] DEBUG org.apache.http.headers - << Content-Type: text/plain;charset=UTF-8
22:09:40.472 [main] DEBUG org.apache.http.headers - << Content-Length: 6
22:09:40.472 [main] DEBUG org.apache.http.headers - << Date: Sun, 07 Feb 2021 21:09:40 GMT
22:09:40.472 [main] DEBUG o.a.h.impl.client.DefaultHttpClient - Connection can be kept alive indefinitely
22:09:40.473 [main] DEBUG i.r.i.RequestSpecificationImpl$RestAssuredHttpBuilder - Parsing response as: text/plain;charset=UTF-8
22:09:40.473 [main] DEBUG i.r.i.RequestSpecificationImpl$RestAssuredHttpBuilder - Parsed data to instance of: class org.apache.http.conn.EofSensorInputStream
22:09:40.473 [main] DEBUG org.apache.http.wire -  << "b:1500"
22:09:40.473 [main] DEBUG o.a.h.i.c.BasicClientConnectionManager - Releasing connection org.apache.http.impl.conn.ManagedClientConnectionImpl@1cc93da4
22:09:40.473 [main] DEBUG o.a.h.i.c.BasicClientConnectionManager - Connection can be kept alive indefinitely
22:09:40.476 [main] DEBUG o.a.h.i.c.BasicClientConnectionManager - Get connection for route {}->http://localhost:8080
22:09:40.476 [main] DEBUG o.a.h.i.c.DefaultClientConnectionOperator - Connecting to localhost:8080
22:09:40.477 [main] DEBUG o.a.h.c.protocol.RequestAddCookies - CookieSpec selected: ignoreCookies
22:09:40.477 [main] DEBUG o.a.h.c.protocol.RequestAuthCache - Auth cache not set in the context
22:09:40.477 [main] DEBUG o.a.h.c.p.RequestTargetAuthentication - Target auth state: UNCHALLENGED
22:09:40.477 [main] DEBUG o.a.h.c.p.RequestProxyAuthentication - Proxy auth state: UNCHALLENGED
22:09:40.477 [main] DEBUG o.a.h.impl.client.DefaultHttpClient - Attempt 1 to execute request
22:09:40.477 [main] DEBUG o.a.h.i.conn.DefaultClientConnection - Sending request: GET /2?b=6&c=3 HTTP/1.1
22:09:40.477 [main] DEBUG org.apache.http.wire -  >> "GET /2?b=6&c=3 HTTP/1.1[\r][\n]"
22:09:40.477 [main] DEBUG org.apache.http.wire -  >> "Accept: */*[\r][\n]"
22:09:40.477 [main] DEBUG org.apache.http.wire -  >> "Host: localhost:8080[\r][\n]"
22:09:40.477 [main] DEBUG org.apache.http.wire -  >> "Connection: Keep-Alive[\r][\n]"
22:09:40.477 [main] DEBUG org.apache.http.wire -  >> "User-Agent: Apache-HttpClient/4.5.3 (Java/13.0.5.1)[\r][\n]"
22:09:40.477 [main] DEBUG org.apache.http.wire -  >> "Accept-Encoding: gzip,deflate[\r][\n]"
22:09:40.477 [main] DEBUG org.apache.http.wire -  >> "[\r][\n]"
22:09:40.477 [main] DEBUG org.apache.http.headers - >> GET /2?b=6&c=3 HTTP/1.1
22:09:40.477 [main] DEBUG org.apache.http.headers - >> Accept: */*
22:09:40.477 [main] DEBUG org.apache.http.headers - >> Host: localhost:8080
22:09:40.477 [main] DEBUG org.apache.http.headers - >> Connection: Keep-Alive
22:09:40.477 [main] DEBUG org.apache.http.headers - >> User-Agent: Apache-HttpClient/4.5.3 (Java/13.0.5.1)
22:09:40.477 [main] DEBUG org.apache.http.headers - >> Accept-Encoding: gzip,deflate
22:09:40.496 [main] DEBUG org.apache.http.wire -  << "HTTP/1.1 200 OK[\r][\n]"
22:09:40.496 [main] DEBUG org.apache.http.wire -  << "Server: Apache-Coyote/1.1[\r][\n]"
22:09:40.496 [main] DEBUG org.apache.http.wire -  << "Content-Type: text/plain;charset=UTF-8[\r][\n]"
22:09:40.496 [main] DEBUG org.apache.http.wire -  << "Content-Length: 6[\r][\n]"
22:09:40.496 [main] DEBUG org.apache.http.wire -  << "Date: Sun, 07 Feb 2021 21:09:40 GMT[\r][\n]"
22:09:40.496 [main] DEBUG org.apache.http.wire -  << "[\r][\n]"
22:09:40.496 [main] DEBUG o.a.h.i.conn.DefaultClientConnection - Receiving response: HTTP/1.1 200 OK
22:09:40.496 [main] DEBUG org.apache.http.headers - << HTTP/1.1 200 OK
22:09:40.496 [main] DEBUG org.apache.http.headers - << Server: Apache-Coyote/1.1
22:09:40.496 [main] DEBUG org.apache.http.headers - << Content-Type: text/plain;charset=UTF-8
22:09:40.496 [main] DEBUG org.apache.http.headers - << Content-Length: 6
22:09:40.496 [main] DEBUG org.apache.http.headers - << Date: Sun, 07 Feb 2021 21:09:40 GMT
22:09:40.496 [main] DEBUG o.a.h.impl.client.DefaultHttpClient - Connection can be kept alive indefinitely
22:09:40.496 [main] DEBUG i.r.i.RequestSpecificationImpl$RestAssuredHttpBuilder - Parsing response as: text/plain;charset=UTF-8
22:09:40.496 [main] DEBUG i.r.i.RequestSpecificationImpl$RestAssuredHttpBuilder - Parsed data to instance of: class org.apache.http.conn.EofSensorInputStream
22:09:40.496 [main] DEBUG org.apache.http.wire -  << "b:1500"
22:09:40.496 [main] DEBUG o.a.h.i.c.BasicClientConnectionManager - Releasing connection org.apache.http.impl.conn.ManagedClientConnectionImpl@7b3feb26
22:09:40.496 [main] DEBUG o.a.h.i.c.BasicClientConnectionManager - Connection can be kept alive indefinitely
22:09:40.498 [main] DEBUG o.a.h.i.c.BasicClientConnectionManager - Get connection for route {}->http://localhost:8080
22:09:40.498 [main] DEBUG o.a.h.i.c.DefaultClientConnectionOperator - Connecting to localhost:8080
22:09:40.499 [main] DEBUG o.a.h.c.protocol.RequestAddCookies - CookieSpec selected: ignoreCookies
22:09:40.499 [main] DEBUG o.a.h.c.protocol.RequestAuthCache - Auth cache not set in the context
22:09:40.499 [main] DEBUG o.a.h.c.p.RequestTargetAuthentication - Target auth state: UNCHALLENGED
22:09:40.499 [main] DEBUG o.a.h.c.p.RequestProxyAuthentication - Proxy auth state: UNCHALLENGED
22:09:40.499 [main] DEBUG o.a.h.impl.client.DefaultHttpClient - Attempt 1 to execute request
22:09:40.499 [main] DEBUG o.a.h.i.conn.DefaultClientConnection - Sending request: GET /2?b=6&c=3 HTTP/1.1
22:09:40.499 [main] DEBUG org.apache.http.wire -  >> "GET /2?b=6&c=3 HTTP/1.1[\r][\n]"
22:09:40.499 [main] DEBUG org.apache.http.wire -  >> "Accept: */*[\r][\n]"
22:09:40.499 [main] DEBUG org.apache.http.wire -  >> "Host: localhost:8080[\r][\n]"
22:09:40.499 [main] DEBUG org.apache.http.wire -  >> "Connection: Keep-Alive[\r][\n]"
22:09:40.499 [main] DEBUG org.apache.http.wire -  >> "User-Agent: Apache-HttpClient/4.5.3 (Java/13.0.5.1)[\r][\n]"
22:09:40.499 [main] DEBUG org.apache.http.wire -  >> "Accept-Encoding: gzip,deflate[\r][\n]"
22:09:40.499 [main] DEBUG org.apache.http.wire -  >> "[\r][\n]"
22:09:40.499 [main] DEBUG org.apache.http.headers - >> GET /2?b=6&c=3 HTTP/1.1
22:09:40.499 [main] DEBUG org.apache.http.headers - >> Accept: */*
22:09:40.499 [main] DEBUG org.apache.http.headers - >> Host: localhost:8080
22:09:40.499 [main] DEBUG org.apache.http.headers - >> Connection: Keep-Alive
22:09:40.499 [main] DEBUG org.apache.http.headers - >> User-Agent: Apache-HttpClient/4.5.3 (Java/13.0.5.1)
22:09:40.499 [main] DEBUG org.apache.http.headers - >> Accept-Encoding: gzip,deflate
22:09:40.517 [main] DEBUG org.apache.http.wire -  << "HTTP/1.1 200 OK[\r][\n]"
22:09:40.517 [main] DEBUG org.apache.http.wire -  << "Server: Apache-Coyote/1.1[\r][\n]"
22:09:40.517 [main] DEBUG org.apache.http.wire -  << "Content-Type: text/plain;charset=UTF-8[\r][\n]"
22:09:40.517 [main] DEBUG org.apache.http.wire -  << "Content-Length: 6[\r][\n]"
22:09:40.517 [main] DEBUG org.apache.http.wire -  << "Date: Sun, 07 Feb 2021 21:09:40 GMT[\r][\n]"
22:09:40.517 [main] DEBUG org.apache.http.wire -  << "[\r][\n]"
22:09:40.517 [main] DEBUG o.a.h.i.conn.DefaultClientConnection - Receiving response: HTTP/1.1 200 OK
22:09:40.517 [main] DEBUG org.apache.http.headers - << HTTP/1.1 200 OK
22:09:40.517 [main] DEBUG org.apache.http.headers - << Server: Apache-Coyote/1.1
22:09:40.517 [main] DEBUG org.apache.http.headers - << Content-Type: text/plain;charset=UTF-8
22:09:40.517 [main] DEBUG org.apache.http.headers - << Content-Length: 6
22:09:40.517 [main] DEBUG org.apache.http.headers - << Date: Sun, 07 Feb 2021 21:09:40 GMT
22:09:40.517 [main] DEBUG o.a.h.impl.client.DefaultHttpClient - Connection can be kept alive indefinitely
22:09:40.517 [main] DEBUG i.r.i.RequestSpecificationImpl$RestAssuredHttpBuilder - Parsing response as: text/plain;charset=UTF-8
22:09:40.517 [main] DEBUG i.r.i.RequestSpecificationImpl$RestAssuredHttpBuilder - Parsed data to instance of: class org.apache.http.conn.EofSensorInputStream
22:09:40.518 [main] DEBUG org.apache.http.wire -  << "b:1500"
22:09:40.518 [main] DEBUG o.a.h.i.c.BasicClientConnectionManager - Releasing connection org.apache.http.impl.conn.ManagedClientConnectionImpl@69a90b81
22:09:40.518 [main] DEBUG o.a.h.i.c.BasicClientConnectionManager - Connection can be kept alive indefinitely
22:09:40.520 [main] DEBUG o.a.h.i.c.BasicClientConnectionManager - Get connection for route {}->http://localhost:8080
22:09:40.521 [main] DEBUG o.a.h.i.c.DefaultClientConnectionOperator - Connecting to localhost:8080
22:09:40.521 [main] DEBUG o.a.h.c.protocol.RequestAddCookies - CookieSpec selected: ignoreCookies
22:09:40.521 [main] DEBUG o.a.h.c.protocol.RequestAuthCache - Auth cache not set in the context
22:09:40.522 [main] DEBUG o.a.h.c.p.RequestTargetAuthentication - Target auth state: UNCHALLENGED
22:09:40.522 [main] DEBUG o.a.h.c.p.RequestProxyAuthentication - Proxy auth state: UNCHALLENGED
22:09:40.522 [main] DEBUG o.a.h.impl.client.DefaultHttpClient - Attempt 1 to execute request
22:09:40.522 [main] DEBUG o.a.h.i.conn.DefaultClientConnection - Sending request: GET /2?b=6&c=3 HTTP/1.1
22:09:40.522 [main] DEBUG org.apache.http.wire -  >> "GET /2?b=6&c=3 HTTP/1.1[\r][\n]"
22:09:40.522 [main] DEBUG org.apache.http.wire -  >> "Accept: */*[\r][\n]"
22:09:40.522 [main] DEBUG org.apache.http.wire -  >> "Host: localhost:8080[\r][\n]"
22:09:40.522 [main] DEBUG org.apache.http.wire -  >> "Connection: Keep-Alive[\r][\n]"
22:09:40.522 [main] DEBUG org.apache.http.wire -  >> "User-Agent: Apache-HttpClient/4.5.3 (Java/13.0.5.1)[\r][\n]"
22:09:40.522 [main] DEBUG org.apache.http.wire -  >> "Accept-Encoding: gzip,deflate[\r][\n]"
22:09:40.522 [main] DEBUG org.apache.http.wire -  >> "[\r][\n]"
22:09:40.522 [main] DEBUG org.apache.http.headers - >> GET /2?b=6&c=3 HTTP/1.1
22:09:40.522 [main] DEBUG org.apache.http.headers - >> Accept: */*
22:09:40.522 [main] DEBUG org.apache.http.headers - >> Host: localhost:8080
22:09:40.522 [main] DEBUG org.apache.http.headers - >> Connection: Keep-Alive
22:09:40.522 [main] DEBUG org.apache.http.headers - >> User-Agent: Apache-HttpClient/4.5.3 (Java/13.0.5.1)
22:09:40.522 [main] DEBUG org.apache.http.headers - >> Accept-Encoding: gzip,deflate
22:09:40.540 [main] DEBUG org.apache.http.wire -  << "HTTP/1.1 200 OK[\r][\n]"
22:09:40.540 [main] DEBUG org.apache.http.wire -  << "Server: Apache-Coyote/1.1[\r][\n]"
22:09:40.540 [main] DEBUG org.apache.http.wire -  << "Content-Type: text/plain;charset=UTF-8[\r][\n]"
22:09:40.540 [main] DEBUG org.apache.http.wire -  << "Content-Length: 6[\r][\n]"
22:09:40.540 [main] DEBUG org.apache.http.wire -  << "Date: Sun, 07 Feb 2021 21:09:40 GMT[\r][\n]"
22:09:40.540 [main] DEBUG org.apache.http.wire -  << "[\r][\n]"
22:09:40.540 [main] DEBUG o.a.h.i.conn.DefaultClientConnection - Receiving response: HTTP/1.1 200 OK
22:09:40.540 [main] DEBUG org.apache.http.headers - << HTTP/1.1 200 OK
22:09:40.540 [main] DEBUG org.apache.http.headers - << Server: Apache-Coyote/1.1
22:09:40.540 [main] DEBUG org.apache.http.headers - << Content-Type: text/plain;charset=UTF-8
22:09:40.540 [main] DEBUG org.apache.http.headers - << Content-Length: 6
22:09:40.540 [main] DEBUG org.apache.http.headers - << Date: Sun, 07 Feb 2021 21:09:40 GMT
22:09:40.540 [main] DEBUG o.a.h.impl.client.DefaultHttpClient - Connection can be kept alive indefinitely
22:09:40.540 [main] DEBUG i.r.i.RequestSpecificationImpl$RestAssuredHttpBuilder - Parsing response as: text/plain;charset=UTF-8
22:09:40.540 [main] DEBUG i.r.i.RequestSpecificationImpl$RestAssuredHttpBuilder - Parsed data to instance of: class org.apache.http.conn.EofSensorInputStream
22:09:40.540 [main] DEBUG org.apache.http.wire -  << "b:1500"
22:09:40.540 [main] DEBUG o.a.h.i.c.BasicClientConnectionManager - Releasing connection org.apache.http.impl.conn.ManagedClientConnectionImpl@36c783ca
22:09:40.540 [main] DEBUG o.a.h.i.c.BasicClientConnectionManager - Connection can be kept alive indefinitely
str = bbbbbbbbbbbbbbbbbbbbbbbbbbbbbbbbbbbbbbbbbbbbbbbbbb
]]></system-out>
  </testcase>
  <testcase name="GET the winner and verify - 2 Same Highest Bids - 2 Query Parameters - Verify Random Selection #3" classname="User should be able to get the winner" time="1.172">
    <failure message="Verify that bidder is chosen randomly as c or b" type="java.lang.AssertionError">java.lang.AssertionError: Verify that bidder is chosen randomly as c or b
</failure>
    <system-out><![CDATA[22:09:40.547 [main] DEBUG o.a.h.i.c.BasicClientConnectionManager - Get connection for route {}->http://localhost:8080
22:09:40.548 [main] DEBUG o.a.h.i.c.DefaultClientConnectionOperator - Connecting to localhost:8080
22:09:40.549 [main] DEBUG o.a.h.c.protocol.RequestAddCookies - CookieSpec selected: ignoreCookies
22:09:40.549 [main] DEBUG o.a.h.c.protocol.RequestAuthCache - Auth cache not set in the context
22:09:40.549 [main] DEBUG o.a.h.c.p.RequestTargetAuthentication - Target auth state: UNCHALLENGED
22:09:40.549 [main] DEBUG o.a.h.c.p.RequestProxyAuthentication - Proxy auth state: UNCHALLENGED
22:09:40.549 [main] DEBUG o.a.h.impl.client.DefaultHttpClient - Attempt 1 to execute request
22:09:40.549 [main] DEBUG o.a.h.i.conn.DefaultClientConnection - Sending request: GET /3?c=2&b=4 HTTP/1.1
22:09:40.549 [main] DEBUG org.apache.http.wire -  >> "GET /3?c=2&b=4 HTTP/1.1[\r][\n]"
22:09:40.549 [main] DEBUG org.apache.http.wire -  >> "Accept: */*[\r][\n]"
22:09:40.549 [main] DEBUG org.apache.http.wire -  >> "Host: localhost:8080[\r][\n]"
22:09:40.549 [main] DEBUG org.apache.http.wire -  >> "Connection: Keep-Alive[\r][\n]"
22:09:40.549 [main] DEBUG org.apache.http.wire -  >> "User-Agent: Apache-HttpClient/4.5.3 (Java/13.0.5.1)[\r][\n]"
22:09:40.549 [main] DEBUG org.apache.http.wire -  >> "Accept-Encoding: gzip,deflate[\r][\n]"
22:09:40.549 [main] DEBUG org.apache.http.wire -  >> "[\r][\n]"
22:09:40.549 [main] DEBUG org.apache.http.headers - >> GET /3?c=2&b=4 HTTP/1.1
22:09:40.549 [main] DEBUG org.apache.http.headers - >> Accept: */*
22:09:40.549 [main] DEBUG org.apache.http.headers - >> Host: localhost:8080
22:09:40.549 [main] DEBUG org.apache.http.headers - >> Connection: Keep-Alive
22:09:40.549 [main] DEBUG org.apache.http.headers - >> User-Agent: Apache-HttpClient/4.5.3 (Java/13.0.5.1)
22:09:40.549 [main] DEBUG org.apache.http.headers - >> Accept-Encoding: gzip,deflate
22:09:40.568 [main] DEBUG org.apache.http.wire -  << "HTTP/1.1 200 OK[\r][\n]"
22:09:40.568 [main] DEBUG org.apache.http.wire -  << "Server: Apache-Coyote/1.1[\r][\n]"
22:09:40.568 [main] DEBUG org.apache.http.wire -  << "Content-Type: text/plain;charset=UTF-8[\r][\n]"
22:09:40.568 [main] DEBUG org.apache.http.wire -  << "Content-Length: 6[\r][\n]"
22:09:40.568 [main] DEBUG org.apache.http.wire -  << "Date: Sun, 07 Feb 2021 21:09:40 GMT[\r][\n]"
22:09:40.568 [main] DEBUG org.apache.http.wire -  << "[\r][\n]"
22:09:40.568 [main] DEBUG o.a.h.i.conn.DefaultClientConnection - Receiving response: HTTP/1.1 200 OK
22:09:40.568 [main] DEBUG org.apache.http.headers - << HTTP/1.1 200 OK
22:09:40.568 [main] DEBUG org.apache.http.headers - << Server: Apache-Coyote/1.1
22:09:40.568 [main] DEBUG org.apache.http.headers - << Content-Type: text/plain;charset=UTF-8
22:09:40.568 [main] DEBUG org.apache.http.headers - << Content-Length: 6
22:09:40.568 [main] DEBUG org.apache.http.headers - << Date: Sun, 07 Feb 2021 21:09:40 GMT
22:09:40.569 [main] DEBUG o.a.h.impl.client.DefaultHttpClient - Connection can be kept alive indefinitely
22:09:40.569 [main] DEBUG i.r.i.RequestSpecificationImpl$RestAssuredHttpBuilder - Parsing response as: text/plain;charset=UTF-8
22:09:40.569 [main] DEBUG i.r.i.RequestSpecificationImpl$RestAssuredHttpBuilder - Parsed data to instance of: class org.apache.http.conn.EofSensorInputStream
22:09:40.569 [main] DEBUG org.apache.http.wire -  << "b:1000"
22:09:40.569 [main] DEBUG o.a.h.i.c.BasicClientConnectionManager - Releasing connection org.apache.http.impl.conn.ManagedClientConnectionImpl@ca2cd5e
22:09:40.569 [main] DEBUG o.a.h.i.c.BasicClientConnectionManager - Connection can be kept alive indefinitely
22:09:40.572 [main] DEBUG o.a.h.i.c.BasicClientConnectionManager - Get connection for route {}->http://localhost:8080
22:09:40.572 [main] DEBUG o.a.h.i.c.DefaultClientConnectionOperator - Connecting to localhost:8080
22:09:40.573 [main] DEBUG o.a.h.c.protocol.RequestAddCookies - CookieSpec selected: ignoreCookies
22:09:40.573 [main] DEBUG o.a.h.c.protocol.RequestAuthCache - Auth cache not set in the context
22:09:40.573 [main] DEBUG o.a.h.c.p.RequestTargetAuthentication - Target auth state: UNCHALLENGED
22:09:40.573 [main] DEBUG o.a.h.c.p.RequestProxyAuthentication - Proxy auth state: UNCHALLENGED
22:09:40.573 [main] DEBUG o.a.h.impl.client.DefaultHttpClient - Attempt 1 to execute request
22:09:40.573 [main] DEBUG o.a.h.i.conn.DefaultClientConnection - Sending request: GET /3?c=2&b=4 HTTP/1.1
22:09:40.573 [main] DEBUG org.apache.http.wire -  >> "GET /3?c=2&b=4 HTTP/1.1[\r][\n]"
22:09:40.573 [main] DEBUG org.apache.http.wire -  >> "Accept: */*[\r][\n]"
22:09:40.573 [main] DEBUG org.apache.http.wire -  >> "Host: localhost:8080[\r][\n]"
22:09:40.573 [main] DEBUG org.apache.http.wire -  >> "Connection: Keep-Alive[\r][\n]"
22:09:40.573 [main] DEBUG org.apache.http.wire -  >> "User-Agent: Apache-HttpClient/4.5.3 (Java/13.0.5.1)[\r][\n]"
22:09:40.573 [main] DEBUG org.apache.http.wire -  >> "Accept-Encoding: gzip,deflate[\r][\n]"
22:09:40.573 [main] DEBUG org.apache.http.wire -  >> "[\r][\n]"
22:09:40.573 [main] DEBUG org.apache.http.headers - >> GET /3?c=2&b=4 HTTP/1.1
22:09:40.573 [main] DEBUG org.apache.http.headers - >> Accept: */*
22:09:40.573 [main] DEBUG org.apache.http.headers - >> Host: localhost:8080
22:09:40.573 [main] DEBUG org.apache.http.headers - >> Connection: Keep-Alive
22:09:40.573 [main] DEBUG org.apache.http.headers - >> User-Agent: Apache-HttpClient/4.5.3 (Java/13.0.5.1)
22:09:40.573 [main] DEBUG org.apache.http.headers - >> Accept-Encoding: gzip,deflate
22:09:40.597 [main] DEBUG org.apache.http.wire -  << "HTTP/1.1 200 OK[\r][\n]"
22:09:40.597 [main] DEBUG org.apache.http.wire -  << "Server: Apache-Coyote/1.1[\r][\n]"
22:09:40.597 [main] DEBUG org.apache.http.wire -  << "Content-Type: text/plain;charset=UTF-8[\r][\n]"
22:09:40.597 [main] DEBUG org.apache.http.wire -  << "Content-Length: 6[\r][\n]"
22:09:40.597 [main] DEBUG org.apache.http.wire -  << "Date: Sun, 07 Feb 2021 21:09:40 GMT[\r][\n]"
22:09:40.597 [main] DEBUG org.apache.http.wire -  << "[\r][\n]"
22:09:40.597 [main] DEBUG o.a.h.i.conn.DefaultClientConnection - Receiving response: HTTP/1.1 200 OK
22:09:40.597 [main] DEBUG org.apache.http.headers - << HTTP/1.1 200 OK
22:09:40.597 [main] DEBUG org.apache.http.headers - << Server: Apache-Coyote/1.1
22:09:40.597 [main] DEBUG org.apache.http.headers - << Content-Type: text/plain;charset=UTF-8
22:09:40.597 [main] DEBUG org.apache.http.headers - << Content-Length: 6
22:09:40.597 [main] DEBUG org.apache.http.headers - << Date: Sun, 07 Feb 2021 21:09:40 GMT
22:09:40.597 [main] DEBUG o.a.h.impl.client.DefaultHttpClient - Connection can be kept alive indefinitely
22:09:40.597 [main] DEBUG i.r.i.RequestSpecificationImpl$RestAssuredHttpBuilder - Parsing response as: text/plain;charset=UTF-8
22:09:40.597 [main] DEBUG i.r.i.RequestSpecificationImpl$RestAssuredHttpBuilder - Parsed data to instance of: class org.apache.http.conn.EofSensorInputStream
22:09:40.598 [main] DEBUG org.apache.http.wire -  << "b:1000"
22:09:40.598 [main] DEBUG o.a.h.i.c.BasicClientConnectionManager - Releasing connection org.apache.http.impl.conn.ManagedClientConnectionImpl@3b7b0b57
22:09:40.598 [main] DEBUG o.a.h.i.c.BasicClientConnectionManager - Connection can be kept alive indefinitely
22:09:40.599 [main] DEBUG o.a.h.i.c.BasicClientConnectionManager - Get connection for route {}->http://localhost:8080
22:09:40.599 [main] DEBUG o.a.h.i.c.DefaultClientConnectionOperator - Connecting to localhost:8080
22:09:40.599 [main] DEBUG o.a.h.c.protocol.RequestAddCookies - CookieSpec selected: ignoreCookies
22:09:40.600 [main] DEBUG o.a.h.c.protocol.RequestAuthCache - Auth cache not set in the context
22:09:40.600 [main] DEBUG o.a.h.c.p.RequestTargetAuthentication - Target auth state: UNCHALLENGED
22:09:40.600 [main] DEBUG o.a.h.c.p.RequestProxyAuthentication - Proxy auth state: UNCHALLENGED
22:09:40.600 [main] DEBUG o.a.h.impl.client.DefaultHttpClient - Attempt 1 to execute request
22:09:40.600 [main] DEBUG o.a.h.i.conn.DefaultClientConnection - Sending request: GET /3?c=2&b=4 HTTP/1.1
22:09:40.600 [main] DEBUG org.apache.http.wire -  >> "GET /3?c=2&b=4 HTTP/1.1[\r][\n]"
22:09:40.600 [main] DEBUG org.apache.http.wire -  >> "Accept: */*[\r][\n]"
22:09:40.600 [main] DEBUG org.apache.http.wire -  >> "Host: localhost:8080[\r][\n]"
22:09:40.600 [main] DEBUG org.apache.http.wire -  >> "Connection: Keep-Alive[\r][\n]"
22:09:40.600 [main] DEBUG org.apache.http.wire -  >> "User-Agent: Apache-HttpClient/4.5.3 (Java/13.0.5.1)[\r][\n]"
22:09:40.600 [main] DEBUG org.apache.http.wire -  >> "Accept-Encoding: gzip,deflate[\r][\n]"
22:09:40.600 [main] DEBUG org.apache.http.wire -  >> "[\r][\n]"
22:09:40.600 [main] DEBUG org.apache.http.headers - >> GET /3?c=2&b=4 HTTP/1.1
22:09:40.600 [main] DEBUG org.apache.http.headers - >> Accept: */*
22:09:40.600 [main] DEBUG org.apache.http.headers - >> Host: localhost:8080
22:09:40.600 [main] DEBUG org.apache.http.headers - >> Connection: Keep-Alive
22:09:40.600 [main] DEBUG org.apache.http.headers - >> User-Agent: Apache-HttpClient/4.5.3 (Java/13.0.5.1)
22:09:40.600 [main] DEBUG org.apache.http.headers - >> Accept-Encoding: gzip,deflate
22:09:40.612 [main] DEBUG org.apache.http.wire -  << "HTTP/1.1 200 OK[\r][\n]"
22:09:40.612 [main] DEBUG org.apache.http.wire -  << "Server: Apache-Coyote/1.1[\r][\n]"
22:09:40.612 [main] DEBUG org.apache.http.wire -  << "Content-Type: text/plain;charset=UTF-8[\r][\n]"
22:09:40.612 [main] DEBUG org.apache.http.wire -  << "Content-Length: 6[\r][\n]"
22:09:40.612 [main] DEBUG org.apache.http.wire -  << "Date: Sun, 07 Feb 2021 21:09:40 GMT[\r][\n]"
22:09:40.612 [main] DEBUG org.apache.http.wire -  << "[\r][\n]"
22:09:40.612 [main] DEBUG o.a.h.i.conn.DefaultClientConnection - Receiving response: HTTP/1.1 200 OK
22:09:40.612 [main] DEBUG org.apache.http.headers - << HTTP/1.1 200 OK
22:09:40.612 [main] DEBUG org.apache.http.headers - << Server: Apache-Coyote/1.1
22:09:40.612 [main] DEBUG org.apache.http.headers - << Content-Type: text/plain;charset=UTF-8
22:09:40.612 [main] DEBUG org.apache.http.headers - << Content-Length: 6
22:09:40.612 [main] DEBUG org.apache.http.headers - << Date: Sun, 07 Feb 2021 21:09:40 GMT
22:09:40.612 [main] DEBUG o.a.h.impl.client.DefaultHttpClient - Connection can be kept alive indefinitely
22:09:40.612 [main] DEBUG i.r.i.RequestSpecificationImpl$RestAssuredHttpBuilder - Parsing response as: text/plain;charset=UTF-8
22:09:40.612 [main] DEBUG i.r.i.RequestSpecificationImpl$RestAssuredHttpBuilder - Parsed data to instance of: class org.apache.http.conn.EofSensorInputStream
22:09:40.613 [main] DEBUG org.apache.http.wire -  << "b:1000"
22:09:40.613 [main] DEBUG o.a.h.i.c.BasicClientConnectionManager - Releasing connection org.apache.http.impl.conn.ManagedClientConnectionImpl@69069866
22:09:40.613 [main] DEBUG o.a.h.i.c.BasicClientConnectionManager - Connection can be kept alive indefinitely
22:09:40.614 [main] DEBUG o.a.h.i.c.BasicClientConnectionManager - Get connection for route {}->http://localhost:8080
22:09:40.615 [main] DEBUG o.a.h.i.c.DefaultClientConnectionOperator - Connecting to localhost:8080
22:09:40.615 [main] DEBUG o.a.h.c.protocol.RequestAddCookies - CookieSpec selected: ignoreCookies
22:09:40.615 [main] DEBUG o.a.h.c.protocol.RequestAuthCache - Auth cache not set in the context
22:09:40.615 [main] DEBUG o.a.h.c.p.RequestTargetAuthentication - Target auth state: UNCHALLENGED
22:09:40.615 [main] DEBUG o.a.h.c.p.RequestProxyAuthentication - Proxy auth state: UNCHALLENGED
22:09:40.615 [main] DEBUG o.a.h.impl.client.DefaultHttpClient - Attempt 1 to execute request
22:09:40.615 [main] DEBUG o.a.h.i.conn.DefaultClientConnection - Sending request: GET /3?c=2&b=4 HTTP/1.1
22:09:40.615 [main] DEBUG org.apache.http.wire -  >> "GET /3?c=2&b=4 HTTP/1.1[\r][\n]"
22:09:40.615 [main] DEBUG org.apache.http.wire -  >> "Accept: */*[\r][\n]"
22:09:40.615 [main] DEBUG org.apache.http.wire -  >> "Host: localhost:8080[\r][\n]"
22:09:40.615 [main] DEBUG org.apache.http.wire -  >> "Connection: Keep-Alive[\r][\n]"
22:09:40.615 [main] DEBUG org.apache.http.wire -  >> "User-Agent: Apache-HttpClient/4.5.3 (Java/13.0.5.1)[\r][\n]"
22:09:40.615 [main] DEBUG org.apache.http.wire -  >> "Accept-Encoding: gzip,deflate[\r][\n]"
22:09:40.615 [main] DEBUG org.apache.http.wire -  >> "[\r][\n]"
22:09:40.615 [main] DEBUG org.apache.http.headers - >> GET /3?c=2&b=4 HTTP/1.1
22:09:40.615 [main] DEBUG org.apache.http.headers - >> Accept: */*
22:09:40.615 [main] DEBUG org.apache.http.headers - >> Host: localhost:8080
22:09:40.615 [main] DEBUG org.apache.http.headers - >> Connection: Keep-Alive
22:09:40.615 [main] DEBUG org.apache.http.headers - >> User-Agent: Apache-HttpClient/4.5.3 (Java/13.0.5.1)
22:09:40.615 [main] DEBUG org.apache.http.headers - >> Accept-Encoding: gzip,deflate
22:09:40.631 [main] DEBUG org.apache.http.wire -  << "HTTP/1.1 200 OK[\r][\n]"
22:09:40.631 [main] DEBUG org.apache.http.wire -  << "Server: Apache-Coyote/1.1[\r][\n]"
22:09:40.631 [main] DEBUG org.apache.http.wire -  << "Content-Type: text/plain;charset=UTF-8[\r][\n]"
22:09:40.631 [main] DEBUG org.apache.http.wire -  << "Content-Length: 6[\r][\n]"
22:09:40.631 [main] DEBUG org.apache.http.wire -  << "Date: Sun, 07 Feb 2021 21:09:40 GMT[\r][\n]"
22:09:40.631 [main] DEBUG org.apache.http.wire -  << "[\r][\n]"
22:09:40.631 [main] DEBUG o.a.h.i.conn.DefaultClientConnection - Receiving response: HTTP/1.1 200 OK
22:09:40.631 [main] DEBUG org.apache.http.headers - << HTTP/1.1 200 OK
22:09:40.631 [main] DEBUG org.apache.http.headers - << Server: Apache-Coyote/1.1
22:09:40.631 [main] DEBUG org.apache.http.headers - << Content-Type: text/plain;charset=UTF-8
22:09:40.631 [main] DEBUG org.apache.http.headers - << Content-Length: 6
22:09:40.631 [main] DEBUG org.apache.http.headers - << Date: Sun, 07 Feb 2021 21:09:40 GMT
22:09:40.631 [main] DEBUG o.a.h.impl.client.DefaultHttpClient - Connection can be kept alive indefinitely
22:09:40.632 [main] DEBUG i.r.i.RequestSpecificationImpl$RestAssuredHttpBuilder - Parsing response as: text/plain;charset=UTF-8
22:09:40.632 [main] DEBUG i.r.i.RequestSpecificationImpl$RestAssuredHttpBuilder - Parsed data to instance of: class org.apache.http.conn.EofSensorInputStream
22:09:40.633 [main] DEBUG org.apache.http.wire -  << "b:1000"
22:09:40.633 [main] DEBUG o.a.h.i.c.BasicClientConnectionManager - Releasing connection org.apache.http.impl.conn.ManagedClientConnectionImpl@69499c6f
22:09:40.633 [main] DEBUG o.a.h.i.c.BasicClientConnectionManager - Connection can be kept alive indefinitely
22:09:40.635 [main] DEBUG o.a.h.i.c.BasicClientConnectionManager - Get connection for route {}->http://localhost:8080
22:09:40.635 [main] DEBUG o.a.h.i.c.DefaultClientConnectionOperator - Connecting to localhost:8080
22:09:40.636 [main] DEBUG o.a.h.c.protocol.RequestAddCookies - CookieSpec selected: ignoreCookies
22:09:40.636 [main] DEBUG o.a.h.c.protocol.RequestAuthCache - Auth cache not set in the context
22:09:40.636 [main] DEBUG o.a.h.c.p.RequestTargetAuthentication - Target auth state: UNCHALLENGED
22:09:40.636 [main] DEBUG o.a.h.c.p.RequestProxyAuthentication - Proxy auth state: UNCHALLENGED
22:09:40.636 [main] DEBUG o.a.h.impl.client.DefaultHttpClient - Attempt 1 to execute request
22:09:40.636 [main] DEBUG o.a.h.i.conn.DefaultClientConnection - Sending request: GET /3?c=2&b=4 HTTP/1.1
22:09:40.636 [main] DEBUG org.apache.http.wire -  >> "GET /3?c=2&b=4 HTTP/1.1[\r][\n]"
22:09:40.636 [main] DEBUG org.apache.http.wire -  >> "Accept: */*[\r][\n]"
22:09:40.636 [main] DEBUG org.apache.http.wire -  >> "Host: localhost:8080[\r][\n]"
22:09:40.636 [main] DEBUG org.apache.http.wire -  >> "Connection: Keep-Alive[\r][\n]"
22:09:40.636 [main] DEBUG org.apache.http.wire -  >> "User-Agent: Apache-HttpClient/4.5.3 (Java/13.0.5.1)[\r][\n]"
22:09:40.636 [main] DEBUG org.apache.http.wire -  >> "Accept-Encoding: gzip,deflate[\r][\n]"
22:09:40.636 [main] DEBUG org.apache.http.wire -  >> "[\r][\n]"
22:09:40.636 [main] DEBUG org.apache.http.headers - >> GET /3?c=2&b=4 HTTP/1.1
22:09:40.636 [main] DEBUG org.apache.http.headers - >> Accept: */*
22:09:40.636 [main] DEBUG org.apache.http.headers - >> Host: localhost:8080
22:09:40.636 [main] DEBUG org.apache.http.headers - >> Connection: Keep-Alive
22:09:40.636 [main] DEBUG org.apache.http.headers - >> User-Agent: Apache-HttpClient/4.5.3 (Java/13.0.5.1)
22:09:40.636 [main] DEBUG org.apache.http.headers - >> Accept-Encoding: gzip,deflate
22:09:40.653 [main] DEBUG org.apache.http.wire -  << "HTTP/1.1 200 OK[\r][\n]"
22:09:40.653 [main] DEBUG org.apache.http.wire -  << "Server: Apache-Coyote/1.1[\r][\n]"
22:09:40.653 [main] DEBUG org.apache.http.wire -  << "Content-Type: text/plain;charset=UTF-8[\r][\n]"
22:09:40.653 [main] DEBUG org.apache.http.wire -  << "Content-Length: 6[\r][\n]"
22:09:40.653 [main] DEBUG org.apache.http.wire -  << "Date: Sun, 07 Feb 2021 21:09:40 GMT[\r][\n]"
22:09:40.653 [main] DEBUG org.apache.http.wire -  << "[\r][\n]"
22:09:40.653 [main] DEBUG o.a.h.i.conn.DefaultClientConnection - Receiving response: HTTP/1.1 200 OK
22:09:40.653 [main] DEBUG org.apache.http.headers - << HTTP/1.1 200 OK
22:09:40.653 [main] DEBUG org.apache.http.headers - << Server: Apache-Coyote/1.1
22:09:40.653 [main] DEBUG org.apache.http.headers - << Content-Type: text/plain;charset=UTF-8
22:09:40.653 [main] DEBUG org.apache.http.headers - << Content-Length: 6
22:09:40.653 [main] DEBUG org.apache.http.headers - << Date: Sun, 07 Feb 2021 21:09:40 GMT
22:09:40.653 [main] DEBUG o.a.h.impl.client.DefaultHttpClient - Connection can be kept alive indefinitely
22:09:40.653 [main] DEBUG i.r.i.RequestSpecificationImpl$RestAssuredHttpBuilder - Parsing response as: text/plain;charset=UTF-8
22:09:40.653 [main] DEBUG i.r.i.RequestSpecificationImpl$RestAssuredHttpBuilder - Parsed data to instance of: class org.apache.http.conn.EofSensorInputStream
22:09:40.653 [main] DEBUG org.apache.http.wire -  << "b:1000"
22:09:40.653 [main] DEBUG o.a.h.i.c.BasicClientConnectionManager - Releasing connection org.apache.http.impl.conn.ManagedClientConnectionImpl@3041beb3
22:09:40.653 [main] DEBUG o.a.h.i.c.BasicClientConnectionManager - Connection can be kept alive indefinitely
22:09:40.655 [main] DEBUG o.a.h.i.c.BasicClientConnectionManager - Get connection for route {}->http://localhost:8080
22:09:40.655 [main] DEBUG o.a.h.i.c.DefaultClientConnectionOperator - Connecting to localhost:8080
22:09:40.656 [main] DEBUG o.a.h.c.protocol.RequestAddCookies - CookieSpec selected: ignoreCookies
22:09:40.656 [main] DEBUG o.a.h.c.protocol.RequestAuthCache - Auth cache not set in the context
22:09:40.656 [main] DEBUG o.a.h.c.p.RequestTargetAuthentication - Target auth state: UNCHALLENGED
22:09:40.656 [main] DEBUG o.a.h.c.p.RequestProxyAuthentication - Proxy auth state: UNCHALLENGED
22:09:40.656 [main] DEBUG o.a.h.impl.client.DefaultHttpClient - Attempt 1 to execute request
22:09:40.656 [main] DEBUG o.a.h.i.conn.DefaultClientConnection - Sending request: GET /3?c=2&b=4 HTTP/1.1
22:09:40.656 [main] DEBUG org.apache.http.wire -  >> "GET /3?c=2&b=4 HTTP/1.1[\r][\n]"
22:09:40.656 [main] DEBUG org.apache.http.wire -  >> "Accept: */*[\r][\n]"
22:09:40.656 [main] DEBUG org.apache.http.wire -  >> "Host: localhost:8080[\r][\n]"
22:09:40.656 [main] DEBUG org.apache.http.wire -  >> "Connection: Keep-Alive[\r][\n]"
22:09:40.656 [main] DEBUG org.apache.http.wire -  >> "User-Agent: Apache-HttpClient/4.5.3 (Java/13.0.5.1)[\r][\n]"
22:09:40.656 [main] DEBUG org.apache.http.wire -  >> "Accept-Encoding: gzip,deflate[\r][\n]"
22:09:40.656 [main] DEBUG org.apache.http.wire -  >> "[\r][\n]"
22:09:40.656 [main] DEBUG org.apache.http.headers - >> GET /3?c=2&b=4 HTTP/1.1
22:09:40.656 [main] DEBUG org.apache.http.headers - >> Accept: */*
22:09:40.656 [main] DEBUG org.apache.http.headers - >> Host: localhost:8080
22:09:40.656 [main] DEBUG org.apache.http.headers - >> Connection: Keep-Alive
22:09:40.656 [main] DEBUG org.apache.http.headers - >> User-Agent: Apache-HttpClient/4.5.3 (Java/13.0.5.1)
22:09:40.656 [main] DEBUG org.apache.http.headers - >> Accept-Encoding: gzip,deflate
22:09:40.674 [main] DEBUG org.apache.http.wire -  << "HTTP/1.1 200 OK[\r][\n]"
22:09:40.674 [main] DEBUG org.apache.http.wire -  << "Server: Apache-Coyote/1.1[\r][\n]"
22:09:40.674 [main] DEBUG org.apache.http.wire -  << "Content-Type: text/plain;charset=UTF-8[\r][\n]"
22:09:40.674 [main] DEBUG org.apache.http.wire -  << "Content-Length: 6[\r][\n]"
22:09:40.674 [main] DEBUG org.apache.http.wire -  << "Date: Sun, 07 Feb 2021 21:09:40 GMT[\r][\n]"
22:09:40.674 [main] DEBUG org.apache.http.wire -  << "[\r][\n]"
22:09:40.674 [main] DEBUG o.a.h.i.conn.DefaultClientConnection - Receiving response: HTTP/1.1 200 OK
22:09:40.674 [main] DEBUG org.apache.http.headers - << HTTP/1.1 200 OK
22:09:40.674 [main] DEBUG org.apache.http.headers - << Server: Apache-Coyote/1.1
22:09:40.674 [main] DEBUG org.apache.http.headers - << Content-Type: text/plain;charset=UTF-8
22:09:40.674 [main] DEBUG org.apache.http.headers - << Content-Length: 6
22:09:40.674 [main] DEBUG org.apache.http.headers - << Date: Sun, 07 Feb 2021 21:09:40 GMT
22:09:40.674 [main] DEBUG o.a.h.impl.client.DefaultHttpClient - Connection can be kept alive indefinitely
22:09:40.674 [main] DEBUG i.r.i.RequestSpecificationImpl$RestAssuredHttpBuilder - Parsing response as: text/plain;charset=UTF-8
22:09:40.674 [main] DEBUG i.r.i.RequestSpecificationImpl$RestAssuredHttpBuilder - Parsed data to instance of: class org.apache.http.conn.EofSensorInputStream
22:09:40.674 [main] DEBUG org.apache.http.wire -  << "b:1000"
22:09:40.674 [main] DEBUG o.a.h.i.c.BasicClientConnectionManager - Releasing connection org.apache.http.impl.conn.ManagedClientConnectionImpl@246de37e
22:09:40.674 [main] DEBUG o.a.h.i.c.BasicClientConnectionManager - Connection can be kept alive indefinitely
22:09:40.676 [main] DEBUG o.a.h.i.c.BasicClientConnectionManager - Get connection for route {}->http://localhost:8080
22:09:40.676 [main] DEBUG o.a.h.i.c.DefaultClientConnectionOperator - Connecting to localhost:8080
22:09:40.677 [main] DEBUG o.a.h.c.protocol.RequestAddCookies - CookieSpec selected: ignoreCookies
22:09:40.677 [main] DEBUG o.a.h.c.protocol.RequestAuthCache - Auth cache not set in the context
22:09:40.677 [main] DEBUG o.a.h.c.p.RequestTargetAuthentication - Target auth state: UNCHALLENGED
22:09:40.677 [main] DEBUG o.a.h.c.p.RequestProxyAuthentication - Proxy auth state: UNCHALLENGED
22:09:40.677 [main] DEBUG o.a.h.impl.client.DefaultHttpClient - Attempt 1 to execute request
22:09:40.677 [main] DEBUG o.a.h.i.conn.DefaultClientConnection - Sending request: GET /3?c=2&b=4 HTTP/1.1
22:09:40.677 [main] DEBUG org.apache.http.wire -  >> "GET /3?c=2&b=4 HTTP/1.1[\r][\n]"
22:09:40.677 [main] DEBUG org.apache.http.wire -  >> "Accept: */*[\r][\n]"
22:09:40.677 [main] DEBUG org.apache.http.wire -  >> "Host: localhost:8080[\r][\n]"
22:09:40.677 [main] DEBUG org.apache.http.wire -  >> "Connection: Keep-Alive[\r][\n]"
22:09:40.677 [main] DEBUG org.apache.http.wire -  >> "User-Agent: Apache-HttpClient/4.5.3 (Java/13.0.5.1)[\r][\n]"
22:09:40.677 [main] DEBUG org.apache.http.wire -  >> "Accept-Encoding: gzip,deflate[\r][\n]"
22:09:40.677 [main] DEBUG org.apache.http.wire -  >> "[\r][\n]"
22:09:40.677 [main] DEBUG org.apache.http.headers - >> GET /3?c=2&b=4 HTTP/1.1
22:09:40.677 [main] DEBUG org.apache.http.headers - >> Accept: */*
22:09:40.677 [main] DEBUG org.apache.http.headers - >> Host: localhost:8080
22:09:40.677 [main] DEBUG org.apache.http.headers - >> Connection: Keep-Alive
22:09:40.677 [main] DEBUG org.apache.http.headers - >> User-Agent: Apache-HttpClient/4.5.3 (Java/13.0.5.1)
22:09:40.677 [main] DEBUG org.apache.http.headers - >> Accept-Encoding: gzip,deflate
22:09:40.697 [main] DEBUG org.apache.http.wire -  << "HTTP/1.1 200 OK[\r][\n]"
22:09:40.697 [main] DEBUG org.apache.http.wire -  << "Server: Apache-Coyote/1.1[\r][\n]"
22:09:40.697 [main] DEBUG org.apache.http.wire -  << "Content-Type: text/plain;charset=UTF-8[\r][\n]"
22:09:40.697 [main] DEBUG org.apache.http.wire -  << "Content-Length: 6[\r][\n]"
22:09:40.697 [main] DEBUG org.apache.http.wire -  << "Date: Sun, 07 Feb 2021 21:09:40 GMT[\r][\n]"
22:09:40.697 [main] DEBUG org.apache.http.wire -  << "[\r][\n]"
22:09:40.697 [main] DEBUG o.a.h.i.conn.DefaultClientConnection - Receiving response: HTTP/1.1 200 OK
22:09:40.697 [main] DEBUG org.apache.http.headers - << HTTP/1.1 200 OK
22:09:40.697 [main] DEBUG org.apache.http.headers - << Server: Apache-Coyote/1.1
22:09:40.697 [main] DEBUG org.apache.http.headers - << Content-Type: text/plain;charset=UTF-8
22:09:40.697 [main] DEBUG org.apache.http.headers - << Content-Length: 6
22:09:40.697 [main] DEBUG org.apache.http.headers - << Date: Sun, 07 Feb 2021 21:09:40 GMT
22:09:40.697 [main] DEBUG o.a.h.impl.client.DefaultHttpClient - Connection can be kept alive indefinitely
22:09:40.697 [main] DEBUG i.r.i.RequestSpecificationImpl$RestAssuredHttpBuilder - Parsing response as: text/plain;charset=UTF-8
22:09:40.697 [main] DEBUG i.r.i.RequestSpecificationImpl$RestAssuredHttpBuilder - Parsed data to instance of: class org.apache.http.conn.EofSensorInputStream
22:09:40.698 [main] DEBUG org.apache.http.wire -  << "b:1000"
22:09:40.698 [main] DEBUG o.a.h.i.c.BasicClientConnectionManager - Releasing connection org.apache.http.impl.conn.ManagedClientConnectionImpl@527d48db
22:09:40.698 [main] DEBUG o.a.h.i.c.BasicClientConnectionManager - Connection can be kept alive indefinitely
22:09:40.699 [main] DEBUG o.a.h.i.c.BasicClientConnectionManager - Get connection for route {}->http://localhost:8080
22:09:40.699 [main] DEBUG o.a.h.i.c.DefaultClientConnectionOperator - Connecting to localhost:8080
22:09:40.700 [main] DEBUG o.a.h.c.protocol.RequestAddCookies - CookieSpec selected: ignoreCookies
22:09:40.700 [main] DEBUG o.a.h.c.protocol.RequestAuthCache - Auth cache not set in the context
22:09:40.700 [main] DEBUG o.a.h.c.p.RequestTargetAuthentication - Target auth state: UNCHALLENGED
22:09:40.700 [main] DEBUG o.a.h.c.p.RequestProxyAuthentication - Proxy auth state: UNCHALLENGED
22:09:40.700 [main] DEBUG o.a.h.impl.client.DefaultHttpClient - Attempt 1 to execute request
22:09:40.700 [main] DEBUG o.a.h.i.conn.DefaultClientConnection - Sending request: GET /3?c=2&b=4 HTTP/1.1
22:09:40.700 [main] DEBUG org.apache.http.wire -  >> "GET /3?c=2&b=4 HTTP/1.1[\r][\n]"
22:09:40.700 [main] DEBUG org.apache.http.wire -  >> "Accept: */*[\r][\n]"
22:09:40.700 [main] DEBUG org.apache.http.wire -  >> "Host: localhost:8080[\r][\n]"
22:09:40.700 [main] DEBUG org.apache.http.wire -  >> "Connection: Keep-Alive[\r][\n]"
22:09:40.700 [main] DEBUG org.apache.http.wire -  >> "User-Agent: Apache-HttpClient/4.5.3 (Java/13.0.5.1)[\r][\n]"
22:09:40.700 [main] DEBUG org.apache.http.wire -  >> "Accept-Encoding: gzip,deflate[\r][\n]"
22:09:40.700 [main] DEBUG org.apache.http.wire -  >> "[\r][\n]"
22:09:40.700 [main] DEBUG org.apache.http.headers - >> GET /3?c=2&b=4 HTTP/1.1
22:09:40.700 [main] DEBUG org.apache.http.headers - >> Accept: */*
22:09:40.700 [main] DEBUG org.apache.http.headers - >> Host: localhost:8080
22:09:40.700 [main] DEBUG org.apache.http.headers - >> Connection: Keep-Alive
22:09:40.700 [main] DEBUG org.apache.http.headers - >> User-Agent: Apache-HttpClient/4.5.3 (Java/13.0.5.1)
22:09:40.700 [main] DEBUG org.apache.http.headers - >> Accept-Encoding: gzip,deflate
22:09:40.719 [main] DEBUG org.apache.http.wire -  << "HTTP/1.1 200 OK[\r][\n]"
22:09:40.719 [main] DEBUG org.apache.http.wire -  << "Server: Apache-Coyote/1.1[\r][\n]"
22:09:40.719 [main] DEBUG org.apache.http.wire -  << "Content-Type: text/plain;charset=UTF-8[\r][\n]"
22:09:40.719 [main] DEBUG org.apache.http.wire -  << "Content-Length: 6[\r][\n]"
22:09:40.719 [main] DEBUG org.apache.http.wire -  << "Date: Sun, 07 Feb 2021 21:09:40 GMT[\r][\n]"
22:09:40.719 [main] DEBUG org.apache.http.wire -  << "[\r][\n]"
22:09:40.719 [main] DEBUG o.a.h.i.conn.DefaultClientConnection - Receiving response: HTTP/1.1 200 OK
22:09:40.719 [main] DEBUG org.apache.http.headers - << HTTP/1.1 200 OK
22:09:40.719 [main] DEBUG org.apache.http.headers - << Server: Apache-Coyote/1.1
22:09:40.719 [main] DEBUG org.apache.http.headers - << Content-Type: text/plain;charset=UTF-8
22:09:40.719 [main] DEBUG org.apache.http.headers - << Content-Length: 6
22:09:40.719 [main] DEBUG org.apache.http.headers - << Date: Sun, 07 Feb 2021 21:09:40 GMT
22:09:40.720 [main] DEBUG o.a.h.impl.client.DefaultHttpClient - Connection can be kept alive indefinitely
22:09:40.720 [main] DEBUG i.r.i.RequestSpecificationImpl$RestAssuredHttpBuilder - Parsing response as: text/plain;charset=UTF-8
22:09:40.720 [main] DEBUG i.r.i.RequestSpecificationImpl$RestAssuredHttpBuilder - Parsed data to instance of: class org.apache.http.conn.EofSensorInputStream
22:09:40.720 [main] DEBUG org.apache.http.wire -  << "b:1000"
22:09:40.720 [main] DEBUG o.a.h.i.c.BasicClientConnectionManager - Releasing connection org.apache.http.impl.conn.ManagedClientConnectionImpl@17003497
22:09:40.720 [main] DEBUG o.a.h.i.c.BasicClientConnectionManager - Connection can be kept alive indefinitely
22:09:40.723 [main] DEBUG o.a.h.i.c.BasicClientConnectionManager - Get connection for route {}->http://localhost:8080
22:09:40.723 [main] DEBUG o.a.h.i.c.DefaultClientConnectionOperator - Connecting to localhost:8080
22:09:40.724 [main] DEBUG o.a.h.c.protocol.RequestAddCookies - CookieSpec selected: ignoreCookies
22:09:40.724 [main] DEBUG o.a.h.c.protocol.RequestAuthCache - Auth cache not set in the context
22:09:40.724 [main] DEBUG o.a.h.c.p.RequestTargetAuthentication - Target auth state: UNCHALLENGED
22:09:40.724 [main] DEBUG o.a.h.c.p.RequestProxyAuthentication - Proxy auth state: UNCHALLENGED
22:09:40.724 [main] DEBUG o.a.h.impl.client.DefaultHttpClient - Attempt 1 to execute request
22:09:40.724 [main] DEBUG o.a.h.i.conn.DefaultClientConnection - Sending request: GET /3?c=2&b=4 HTTP/1.1
22:09:40.724 [main] DEBUG org.apache.http.wire -  >> "GET /3?c=2&b=4 HTTP/1.1[\r][\n]"
22:09:40.724 [main] DEBUG org.apache.http.wire -  >> "Accept: */*[\r][\n]"
22:09:40.724 [main] DEBUG org.apache.http.wire -  >> "Host: localhost:8080[\r][\n]"
22:09:40.724 [main] DEBUG org.apache.http.wire -  >> "Connection: Keep-Alive[\r][\n]"
22:09:40.724 [main] DEBUG org.apache.http.wire -  >> "User-Agent: Apache-HttpClient/4.5.3 (Java/13.0.5.1)[\r][\n]"
22:09:40.724 [main] DEBUG org.apache.http.wire -  >> "Accept-Encoding: gzip,deflate[\r][\n]"
22:09:40.724 [main] DEBUG org.apache.http.wire -  >> "[\r][\n]"
22:09:40.724 [main] DEBUG org.apache.http.headers - >> GET /3?c=2&b=4 HTTP/1.1
22:09:40.724 [main] DEBUG org.apache.http.headers - >> Accept: */*
22:09:40.724 [main] DEBUG org.apache.http.headers - >> Host: localhost:8080
22:09:40.724 [main] DEBUG org.apache.http.headers - >> Connection: Keep-Alive
22:09:40.724 [main] DEBUG org.apache.http.headers - >> User-Agent: Apache-HttpClient/4.5.3 (Java/13.0.5.1)
22:09:40.724 [main] DEBUG org.apache.http.headers - >> Accept-Encoding: gzip,deflate
22:09:40.740 [main] DEBUG org.apache.http.wire -  << "HTTP/1.1 200 OK[\r][\n]"
22:09:40.740 [main] DEBUG org.apache.http.wire -  << "Server: Apache-Coyote/1.1[\r][\n]"
22:09:40.740 [main] DEBUG org.apache.http.wire -  << "Content-Type: text/plain;charset=UTF-8[\r][\n]"
22:09:40.740 [main] DEBUG org.apache.http.wire -  << "Content-Length: 6[\r][\n]"
22:09:40.740 [main] DEBUG org.apache.http.wire -  << "Date: Sun, 07 Feb 2021 21:09:40 GMT[\r][\n]"
22:09:40.740 [main] DEBUG org.apache.http.wire -  << "[\r][\n]"
22:09:40.740 [main] DEBUG o.a.h.i.conn.DefaultClientConnection - Receiving response: HTTP/1.1 200 OK
22:09:40.740 [main] DEBUG org.apache.http.headers - << HTTP/1.1 200 OK
22:09:40.740 [main] DEBUG org.apache.http.headers - << Server: Apache-Coyote/1.1
22:09:40.740 [main] DEBUG org.apache.http.headers - << Content-Type: text/plain;charset=UTF-8
22:09:40.740 [main] DEBUG org.apache.http.headers - << Content-Length: 6
22:09:40.740 [main] DEBUG org.apache.http.headers - << Date: Sun, 07 Feb 2021 21:09:40 GMT
22:09:40.740 [main] DEBUG o.a.h.impl.client.DefaultHttpClient - Connection can be kept alive indefinitely
22:09:40.740 [main] DEBUG i.r.i.RequestSpecificationImpl$RestAssuredHttpBuilder - Parsing response as: text/plain;charset=UTF-8
22:09:40.740 [main] DEBUG i.r.i.RequestSpecificationImpl$RestAssuredHttpBuilder - Parsed data to instance of: class org.apache.http.conn.EofSensorInputStream
22:09:40.740 [main] DEBUG org.apache.http.wire -  << "b:1000"
22:09:40.740 [main] DEBUG o.a.h.i.c.BasicClientConnectionManager - Releasing connection org.apache.http.impl.conn.ManagedClientConnectionImpl@39a8e2fa
22:09:40.740 [main] DEBUG o.a.h.i.c.BasicClientConnectionManager - Connection can be kept alive indefinitely
22:09:40.742 [main] DEBUG o.a.h.i.c.BasicClientConnectionManager - Get connection for route {}->http://localhost:8080
22:09:40.742 [main] DEBUG o.a.h.i.c.DefaultClientConnectionOperator - Connecting to localhost:8080
22:09:40.742 [main] DEBUG o.a.h.c.protocol.RequestAddCookies - CookieSpec selected: ignoreCookies
22:09:40.743 [main] DEBUG o.a.h.c.protocol.RequestAuthCache - Auth cache not set in the context
22:09:40.743 [main] DEBUG o.a.h.c.p.RequestTargetAuthentication - Target auth state: UNCHALLENGED
22:09:40.743 [main] DEBUG o.a.h.c.p.RequestProxyAuthentication - Proxy auth state: UNCHALLENGED
22:09:40.743 [main] DEBUG o.a.h.impl.client.DefaultHttpClient - Attempt 1 to execute request
22:09:40.743 [main] DEBUG o.a.h.i.conn.DefaultClientConnection - Sending request: GET /3?c=2&b=4 HTTP/1.1
22:09:40.743 [main] DEBUG org.apache.http.wire -  >> "GET /3?c=2&b=4 HTTP/1.1[\r][\n]"
22:09:40.743 [main] DEBUG org.apache.http.wire -  >> "Accept: */*[\r][\n]"
22:09:40.743 [main] DEBUG org.apache.http.wire -  >> "Host: localhost:8080[\r][\n]"
22:09:40.743 [main] DEBUG org.apache.http.wire -  >> "Connection: Keep-Alive[\r][\n]"
22:09:40.743 [main] DEBUG org.apache.http.wire -  >> "User-Agent: Apache-HttpClient/4.5.3 (Java/13.0.5.1)[\r][\n]"
22:09:40.743 [main] DEBUG org.apache.http.wire -  >> "Accept-Encoding: gzip,deflate[\r][\n]"
22:09:40.743 [main] DEBUG org.apache.http.wire -  >> "[\r][\n]"
22:09:40.743 [main] DEBUG org.apache.http.headers - >> GET /3?c=2&b=4 HTTP/1.1
22:09:40.743 [main] DEBUG org.apache.http.headers - >> Accept: */*
22:09:40.743 [main] DEBUG org.apache.http.headers - >> Host: localhost:8080
22:09:40.743 [main] DEBUG org.apache.http.headers - >> Connection: Keep-Alive
22:09:40.743 [main] DEBUG org.apache.http.headers - >> User-Agent: Apache-HttpClient/4.5.3 (Java/13.0.5.1)
22:09:40.743 [main] DEBUG org.apache.http.headers - >> Accept-Encoding: gzip,deflate
22:09:40.784 [main] DEBUG org.apache.http.wire -  << "HTTP/1.1 200 OK[\r][\n]"
22:09:40.784 [main] DEBUG org.apache.http.wire -  << "Server: Apache-Coyote/1.1[\r][\n]"
22:09:40.784 [main] DEBUG org.apache.http.wire -  << "Content-Type: text/plain;charset=UTF-8[\r][\n]"
22:09:40.784 [main] DEBUG org.apache.http.wire -  << "Content-Length: 6[\r][\n]"
22:09:40.784 [main] DEBUG org.apache.http.wire -  << "Date: Sun, 07 Feb 2021 21:09:40 GMT[\r][\n]"
22:09:40.784 [main] DEBUG org.apache.http.wire -  << "[\r][\n]"
22:09:40.784 [main] DEBUG o.a.h.i.conn.DefaultClientConnection - Receiving response: HTTP/1.1 200 OK
22:09:40.784 [main] DEBUG org.apache.http.headers - << HTTP/1.1 200 OK
22:09:40.784 [main] DEBUG org.apache.http.headers - << Server: Apache-Coyote/1.1
22:09:40.784 [main] DEBUG org.apache.http.headers - << Content-Type: text/plain;charset=UTF-8
22:09:40.784 [main] DEBUG org.apache.http.headers - << Content-Length: 6
22:09:40.784 [main] DEBUG org.apache.http.headers - << Date: Sun, 07 Feb 2021 21:09:40 GMT
22:09:40.784 [main] DEBUG o.a.h.impl.client.DefaultHttpClient - Connection can be kept alive indefinitely
22:09:40.784 [main] DEBUG i.r.i.RequestSpecificationImpl$RestAssuredHttpBuilder - Parsing response as: text/plain;charset=UTF-8
22:09:40.784 [main] DEBUG i.r.i.RequestSpecificationImpl$RestAssuredHttpBuilder - Parsed data to instance of: class org.apache.http.conn.EofSensorInputStream
22:09:40.785 [main] DEBUG org.apache.http.wire -  << "b:1000"
22:09:40.785 [main] DEBUG o.a.h.i.c.BasicClientConnectionManager - Releasing connection org.apache.http.impl.conn.ManagedClientConnectionImpl@ff2266c
22:09:40.785 [main] DEBUG o.a.h.i.c.BasicClientConnectionManager - Connection can be kept alive indefinitely
22:09:40.787 [main] DEBUG o.a.h.i.c.BasicClientConnectionManager - Get connection for route {}->http://localhost:8080
22:09:40.787 [main] DEBUG o.a.h.i.c.DefaultClientConnectionOperator - Connecting to localhost:8080
22:09:40.787 [main] DEBUG o.a.h.c.protocol.RequestAddCookies - CookieSpec selected: ignoreCookies
22:09:40.787 [main] DEBUG o.a.h.c.protocol.RequestAuthCache - Auth cache not set in the context
22:09:40.787 [main] DEBUG o.a.h.c.p.RequestTargetAuthentication - Target auth state: UNCHALLENGED
22:09:40.787 [main] DEBUG o.a.h.c.p.RequestProxyAuthentication - Proxy auth state: UNCHALLENGED
22:09:40.787 [main] DEBUG o.a.h.impl.client.DefaultHttpClient - Attempt 1 to execute request
22:09:40.787 [main] DEBUG o.a.h.i.conn.DefaultClientConnection - Sending request: GET /3?c=2&b=4 HTTP/1.1
22:09:40.787 [main] DEBUG org.apache.http.wire -  >> "GET /3?c=2&b=4 HTTP/1.1[\r][\n]"
22:09:40.787 [main] DEBUG org.apache.http.wire -  >> "Accept: */*[\r][\n]"
22:09:40.787 [main] DEBUG org.apache.http.wire -  >> "Host: localhost:8080[\r][\n]"
22:09:40.787 [main] DEBUG org.apache.http.wire -  >> "Connection: Keep-Alive[\r][\n]"
22:09:40.787 [main] DEBUG org.apache.http.wire -  >> "User-Agent: Apache-HttpClient/4.5.3 (Java/13.0.5.1)[\r][\n]"
22:09:40.787 [main] DEBUG org.apache.http.wire -  >> "Accept-Encoding: gzip,deflate[\r][\n]"
22:09:40.788 [main] DEBUG org.apache.http.wire -  >> "[\r][\n]"
22:09:40.788 [main] DEBUG org.apache.http.headers - >> GET /3?c=2&b=4 HTTP/1.1
22:09:40.788 [main] DEBUG org.apache.http.headers - >> Accept: */*
22:09:40.788 [main] DEBUG org.apache.http.headers - >> Host: localhost:8080
22:09:40.788 [main] DEBUG org.apache.http.headers - >> Connection: Keep-Alive
22:09:40.788 [main] DEBUG org.apache.http.headers - >> User-Agent: Apache-HttpClient/4.5.3 (Java/13.0.5.1)
22:09:40.788 [main] DEBUG org.apache.http.headers - >> Accept-Encoding: gzip,deflate
22:09:40.802 [main] DEBUG org.apache.http.wire -  << "HTTP/1.1 200 OK[\r][\n]"
22:09:40.802 [main] DEBUG org.apache.http.wire -  << "Server: Apache-Coyote/1.1[\r][\n]"
22:09:40.802 [main] DEBUG org.apache.http.wire -  << "Content-Type: text/plain;charset=UTF-8[\r][\n]"
22:09:40.802 [main] DEBUG org.apache.http.wire -  << "Content-Length: 6[\r][\n]"
22:09:40.802 [main] DEBUG org.apache.http.wire -  << "Date: Sun, 07 Feb 2021 21:09:40 GMT[\r][\n]"
22:09:40.802 [main] DEBUG org.apache.http.wire -  << "[\r][\n]"
22:09:40.802 [main] DEBUG o.a.h.i.conn.DefaultClientConnection - Receiving response: HTTP/1.1 200 OK
22:09:40.802 [main] DEBUG org.apache.http.headers - << HTTP/1.1 200 OK
22:09:40.802 [main] DEBUG org.apache.http.headers - << Server: Apache-Coyote/1.1
22:09:40.802 [main] DEBUG org.apache.http.headers - << Content-Type: text/plain;charset=UTF-8
22:09:40.802 [main] DEBUG org.apache.http.headers - << Content-Length: 6
22:09:40.802 [main] DEBUG org.apache.http.headers - << Date: Sun, 07 Feb 2021 21:09:40 GMT
22:09:40.802 [main] DEBUG o.a.h.impl.client.DefaultHttpClient - Connection can be kept alive indefinitely
22:09:40.802 [main] DEBUG i.r.i.RequestSpecificationImpl$RestAssuredHttpBuilder - Parsing response as: text/plain;charset=UTF-8
22:09:40.802 [main] DEBUG i.r.i.RequestSpecificationImpl$RestAssuredHttpBuilder - Parsed data to instance of: class org.apache.http.conn.EofSensorInputStream
22:09:40.802 [main] DEBUG org.apache.http.wire -  << "b:1000"
22:09:40.802 [main] DEBUG o.a.h.i.c.BasicClientConnectionManager - Releasing connection org.apache.http.impl.conn.ManagedClientConnectionImpl@a047bdb
22:09:40.802 [main] DEBUG o.a.h.i.c.BasicClientConnectionManager - Connection can be kept alive indefinitely
22:09:40.805 [main] DEBUG o.a.h.i.c.BasicClientConnectionManager - Get connection for route {}->http://localhost:8080
22:09:40.805 [main] DEBUG o.a.h.i.c.DefaultClientConnectionOperator - Connecting to localhost:8080
22:09:40.805 [main] DEBUG o.a.h.c.protocol.RequestAddCookies - CookieSpec selected: ignoreCookies
22:09:40.805 [main] DEBUG o.a.h.c.protocol.RequestAuthCache - Auth cache not set in the context
22:09:40.805 [main] DEBUG o.a.h.c.p.RequestTargetAuthentication - Target auth state: UNCHALLENGED
22:09:40.805 [main] DEBUG o.a.h.c.p.RequestProxyAuthentication - Proxy auth state: UNCHALLENGED
22:09:40.805 [main] DEBUG o.a.h.impl.client.DefaultHttpClient - Attempt 1 to execute request
22:09:40.805 [main] DEBUG o.a.h.i.conn.DefaultClientConnection - Sending request: GET /3?c=2&b=4 HTTP/1.1
22:09:40.805 [main] DEBUG org.apache.http.wire -  >> "GET /3?c=2&b=4 HTTP/1.1[\r][\n]"
22:09:40.805 [main] DEBUG org.apache.http.wire -  >> "Accept: */*[\r][\n]"
22:09:40.805 [main] DEBUG org.apache.http.wire -  >> "Host: localhost:8080[\r][\n]"
22:09:40.805 [main] DEBUG org.apache.http.wire -  >> "Connection: Keep-Alive[\r][\n]"
22:09:40.805 [main] DEBUG org.apache.http.wire -  >> "User-Agent: Apache-HttpClient/4.5.3 (Java/13.0.5.1)[\r][\n]"
22:09:40.805 [main] DEBUG org.apache.http.wire -  >> "Accept-Encoding: gzip,deflate[\r][\n]"
22:09:40.805 [main] DEBUG org.apache.http.wire -  >> "[\r][\n]"
22:09:40.805 [main] DEBUG org.apache.http.headers - >> GET /3?c=2&b=4 HTTP/1.1
22:09:40.805 [main] DEBUG org.apache.http.headers - >> Accept: */*
22:09:40.805 [main] DEBUG org.apache.http.headers - >> Host: localhost:8080
22:09:40.805 [main] DEBUG org.apache.http.headers - >> Connection: Keep-Alive
22:09:40.805 [main] DEBUG org.apache.http.headers - >> User-Agent: Apache-HttpClient/4.5.3 (Java/13.0.5.1)
22:09:40.805 [main] DEBUG org.apache.http.headers - >> Accept-Encoding: gzip,deflate
22:09:40.825 [main] DEBUG org.apache.http.wire -  << "HTTP/1.1 200 OK[\r][\n]"
22:09:40.825 [main] DEBUG org.apache.http.wire -  << "Server: Apache-Coyote/1.1[\r][\n]"
22:09:40.825 [main] DEBUG org.apache.http.wire -  << "Content-Type: text/plain;charset=UTF-8[\r][\n]"
22:09:40.825 [main] DEBUG org.apache.http.wire -  << "Content-Length: 6[\r][\n]"
22:09:40.825 [main] DEBUG org.apache.http.wire -  << "Date: Sun, 07 Feb 2021 21:09:40 GMT[\r][\n]"
22:09:40.825 [main] DEBUG org.apache.http.wire -  << "[\r][\n]"
22:09:40.825 [main] DEBUG o.a.h.i.conn.DefaultClientConnection - Receiving response: HTTP/1.1 200 OK
22:09:40.825 [main] DEBUG org.apache.http.headers - << HTTP/1.1 200 OK
22:09:40.825 [main] DEBUG org.apache.http.headers - << Server: Apache-Coyote/1.1
22:09:40.825 [main] DEBUG org.apache.http.headers - << Content-Type: text/plain;charset=UTF-8
22:09:40.825 [main] DEBUG org.apache.http.headers - << Content-Length: 6
22:09:40.825 [main] DEBUG org.apache.http.headers - << Date: Sun, 07 Feb 2021 21:09:40 GMT
22:09:40.825 [main] DEBUG o.a.h.impl.client.DefaultHttpClient - Connection can be kept alive indefinitely
22:09:40.825 [main] DEBUG i.r.i.RequestSpecificationImpl$RestAssuredHttpBuilder - Parsing response as: text/plain;charset=UTF-8
22:09:40.825 [main] DEBUG i.r.i.RequestSpecificationImpl$RestAssuredHttpBuilder - Parsed data to instance of: class org.apache.http.conn.EofSensorInputStream
22:09:40.826 [main] DEBUG org.apache.http.wire -  << "b:1000"
22:09:40.826 [main] DEBUG o.a.h.i.c.BasicClientConnectionManager - Releasing connection org.apache.http.impl.conn.ManagedClientConnectionImpl@67f591c2
22:09:40.826 [main] DEBUG o.a.h.i.c.BasicClientConnectionManager - Connection can be kept alive indefinitely
22:09:40.828 [main] DEBUG o.a.h.i.c.BasicClientConnectionManager - Get connection for route {}->http://localhost:8080
22:09:40.828 [main] DEBUG o.a.h.i.c.DefaultClientConnectionOperator - Connecting to localhost:8080
22:09:40.828 [main] DEBUG o.a.h.c.protocol.RequestAddCookies - CookieSpec selected: ignoreCookies
22:09:40.828 [main] DEBUG o.a.h.c.protocol.RequestAuthCache - Auth cache not set in the context
22:09:40.828 [main] DEBUG o.a.h.c.p.RequestTargetAuthentication - Target auth state: UNCHALLENGED
22:09:40.828 [main] DEBUG o.a.h.c.p.RequestProxyAuthentication - Proxy auth state: UNCHALLENGED
22:09:40.828 [main] DEBUG o.a.h.impl.client.DefaultHttpClient - Attempt 1 to execute request
22:09:40.828 [main] DEBUG o.a.h.i.conn.DefaultClientConnection - Sending request: GET /3?c=2&b=4 HTTP/1.1
22:09:40.828 [main] DEBUG org.apache.http.wire -  >> "GET /3?c=2&b=4 HTTP/1.1[\r][\n]"
22:09:40.828 [main] DEBUG org.apache.http.wire -  >> "Accept: */*[\r][\n]"
22:09:40.828 [main] DEBUG org.apache.http.wire -  >> "Host: localhost:8080[\r][\n]"
22:09:40.828 [main] DEBUG org.apache.http.wire -  >> "Connection: Keep-Alive[\r][\n]"
22:09:40.828 [main] DEBUG org.apache.http.wire -  >> "User-Agent: Apache-HttpClient/4.5.3 (Java/13.0.5.1)[\r][\n]"
22:09:40.828 [main] DEBUG org.apache.http.wire -  >> "Accept-Encoding: gzip,deflate[\r][\n]"
22:09:40.828 [main] DEBUG org.apache.http.wire -  >> "[\r][\n]"
22:09:40.828 [main] DEBUG org.apache.http.headers - >> GET /3?c=2&b=4 HTTP/1.1
22:09:40.828 [main] DEBUG org.apache.http.headers - >> Accept: */*
22:09:40.828 [main] DEBUG org.apache.http.headers - >> Host: localhost:8080
22:09:40.828 [main] DEBUG org.apache.http.headers - >> Connection: Keep-Alive
22:09:40.828 [main] DEBUG org.apache.http.headers - >> User-Agent: Apache-HttpClient/4.5.3 (Java/13.0.5.1)
22:09:40.828 [main] DEBUG org.apache.http.headers - >> Accept-Encoding: gzip,deflate
22:09:40.852 [main] DEBUG org.apache.http.wire -  << "HTTP/1.1 200 OK[\r][\n]"
22:09:40.852 [main] DEBUG org.apache.http.wire -  << "Server: Apache-Coyote/1.1[\r][\n]"
22:09:40.852 [main] DEBUG org.apache.http.wire -  << "Content-Type: text/plain;charset=UTF-8[\r][\n]"
22:09:40.852 [main] DEBUG org.apache.http.wire -  << "Content-Length: 6[\r][\n]"
22:09:40.852 [main] DEBUG org.apache.http.wire -  << "Date: Sun, 07 Feb 2021 21:09:40 GMT[\r][\n]"
22:09:40.852 [main] DEBUG org.apache.http.wire -  << "[\r][\n]"
22:09:40.852 [main] DEBUG o.a.h.i.conn.DefaultClientConnection - Receiving response: HTTP/1.1 200 OK
22:09:40.852 [main] DEBUG org.apache.http.headers - << HTTP/1.1 200 OK
22:09:40.852 [main] DEBUG org.apache.http.headers - << Server: Apache-Coyote/1.1
22:09:40.852 [main] DEBUG org.apache.http.headers - << Content-Type: text/plain;charset=UTF-8
22:09:40.852 [main] DEBUG org.apache.http.headers - << Content-Length: 6
22:09:40.852 [main] DEBUG org.apache.http.headers - << Date: Sun, 07 Feb 2021 21:09:40 GMT
22:09:40.852 [main] DEBUG o.a.h.impl.client.DefaultHttpClient - Connection can be kept alive indefinitely
22:09:40.853 [main] DEBUG i.r.i.RequestSpecificationImpl$RestAssuredHttpBuilder - Parsing response as: text/plain;charset=UTF-8
22:09:40.853 [main] DEBUG i.r.i.RequestSpecificationImpl$RestAssuredHttpBuilder - Parsed data to instance of: class org.apache.http.conn.EofSensorInputStream
22:09:40.853 [main] DEBUG org.apache.http.wire -  << "b:1000"
22:09:40.853 [main] DEBUG o.a.h.i.c.BasicClientConnectionManager - Releasing connection org.apache.http.impl.conn.ManagedClientConnectionImpl@1a43a88e
22:09:40.853 [main] DEBUG o.a.h.i.c.BasicClientConnectionManager - Connection can be kept alive indefinitely
22:09:40.856 [main] DEBUG o.a.h.i.c.BasicClientConnectionManager - Get connection for route {}->http://localhost:8080
22:09:40.856 [main] DEBUG o.a.h.i.c.DefaultClientConnectionOperator - Connecting to localhost:8080
22:09:40.857 [main] DEBUG o.a.h.c.protocol.RequestAddCookies - CookieSpec selected: ignoreCookies
22:09:40.857 [main] DEBUG o.a.h.c.protocol.RequestAuthCache - Auth cache not set in the context
22:09:40.857 [main] DEBUG o.a.h.c.p.RequestTargetAuthentication - Target auth state: UNCHALLENGED
22:09:40.857 [main] DEBUG o.a.h.c.p.RequestProxyAuthentication - Proxy auth state: UNCHALLENGED
22:09:40.857 [main] DEBUG o.a.h.impl.client.DefaultHttpClient - Attempt 1 to execute request
22:09:40.857 [main] DEBUG o.a.h.i.conn.DefaultClientConnection - Sending request: GET /3?c=2&b=4 HTTP/1.1
22:09:40.857 [main] DEBUG org.apache.http.wire -  >> "GET /3?c=2&b=4 HTTP/1.1[\r][\n]"
22:09:40.857 [main] DEBUG org.apache.http.wire -  >> "Accept: */*[\r][\n]"
22:09:40.857 [main] DEBUG org.apache.http.wire -  >> "Host: localhost:8080[\r][\n]"
22:09:40.857 [main] DEBUG org.apache.http.wire -  >> "Connection: Keep-Alive[\r][\n]"
22:09:40.857 [main] DEBUG org.apache.http.wire -  >> "User-Agent: Apache-HttpClient/4.5.3 (Java/13.0.5.1)[\r][\n]"
22:09:40.857 [main] DEBUG org.apache.http.wire -  >> "Accept-Encoding: gzip,deflate[\r][\n]"
22:09:40.857 [main] DEBUG org.apache.http.wire -  >> "[\r][\n]"
22:09:40.857 [main] DEBUG org.apache.http.headers - >> GET /3?c=2&b=4 HTTP/1.1
22:09:40.857 [main] DEBUG org.apache.http.headers - >> Accept: */*
22:09:40.857 [main] DEBUG org.apache.http.headers - >> Host: localhost:8080
22:09:40.857 [main] DEBUG org.apache.http.headers - >> Connection: Keep-Alive
22:09:40.857 [main] DEBUG org.apache.http.headers - >> User-Agent: Apache-HttpClient/4.5.3 (Java/13.0.5.1)
22:09:40.857 [main] DEBUG org.apache.http.headers - >> Accept-Encoding: gzip,deflate
22:09:40.872 [main] DEBUG org.apache.http.wire -  << "HTTP/1.1 200 OK[\r][\n]"
22:09:40.872 [main] DEBUG org.apache.http.wire -  << "Server: Apache-Coyote/1.1[\r][\n]"
22:09:40.872 [main] DEBUG org.apache.http.wire -  << "Content-Type: text/plain;charset=UTF-8[\r][\n]"
22:09:40.872 [main] DEBUG org.apache.http.wire -  << "Content-Length: 6[\r][\n]"
22:09:40.872 [main] DEBUG org.apache.http.wire -  << "Date: Sun, 07 Feb 2021 21:09:40 GMT[\r][\n]"
22:09:40.872 [main] DEBUG org.apache.http.wire -  << "[\r][\n]"
22:09:40.872 [main] DEBUG o.a.h.i.conn.DefaultClientConnection - Receiving response: HTTP/1.1 200 OK
22:09:40.872 [main] DEBUG org.apache.http.headers - << HTTP/1.1 200 OK
22:09:40.872 [main] DEBUG org.apache.http.headers - << Server: Apache-Coyote/1.1
22:09:40.872 [main] DEBUG org.apache.http.headers - << Content-Type: text/plain;charset=UTF-8
22:09:40.872 [main] DEBUG org.apache.http.headers - << Content-Length: 6
22:09:40.872 [main] DEBUG org.apache.http.headers - << Date: Sun, 07 Feb 2021 21:09:40 GMT
22:09:40.872 [main] DEBUG o.a.h.impl.client.DefaultHttpClient - Connection can be kept alive indefinitely
22:09:40.872 [main] DEBUG i.r.i.RequestSpecificationImpl$RestAssuredHttpBuilder - Parsing response as: text/plain;charset=UTF-8
22:09:40.872 [main] DEBUG i.r.i.RequestSpecificationImpl$RestAssuredHttpBuilder - Parsed data to instance of: class org.apache.http.conn.EofSensorInputStream
22:09:40.872 [main] DEBUG org.apache.http.wire -  << "b:1000"
22:09:40.872 [main] DEBUG o.a.h.i.c.BasicClientConnectionManager - Releasing connection org.apache.http.impl.conn.ManagedClientConnectionImpl@e49437
22:09:40.872 [main] DEBUG o.a.h.i.c.BasicClientConnectionManager - Connection can be kept alive indefinitely
22:09:40.874 [main] DEBUG o.a.h.i.c.BasicClientConnectionManager - Get connection for route {}->http://localhost:8080
22:09:40.874 [main] DEBUG o.a.h.i.c.DefaultClientConnectionOperator - Connecting to localhost:8080
22:09:40.875 [main] DEBUG o.a.h.c.protocol.RequestAddCookies - CookieSpec selected: ignoreCookies
22:09:40.875 [main] DEBUG o.a.h.c.protocol.RequestAuthCache - Auth cache not set in the context
22:09:40.875 [main] DEBUG o.a.h.c.p.RequestTargetAuthentication - Target auth state: UNCHALLENGED
22:09:40.875 [main] DEBUG o.a.h.c.p.RequestProxyAuthentication - Proxy auth state: UNCHALLENGED
22:09:40.875 [main] DEBUG o.a.h.impl.client.DefaultHttpClient - Attempt 1 to execute request
22:09:40.875 [main] DEBUG o.a.h.i.conn.DefaultClientConnection - Sending request: GET /3?c=2&b=4 HTTP/1.1
22:09:40.875 [main] DEBUG org.apache.http.wire -  >> "GET /3?c=2&b=4 HTTP/1.1[\r][\n]"
22:09:40.875 [main] DEBUG org.apache.http.wire -  >> "Accept: */*[\r][\n]"
22:09:40.875 [main] DEBUG org.apache.http.wire -  >> "Host: localhost:8080[\r][\n]"
22:09:40.875 [main] DEBUG org.apache.http.wire -  >> "Connection: Keep-Alive[\r][\n]"
22:09:40.875 [main] DEBUG org.apache.http.wire -  >> "User-Agent: Apache-HttpClient/4.5.3 (Java/13.0.5.1)[\r][\n]"
22:09:40.875 [main] DEBUG org.apache.http.wire -  >> "Accept-Encoding: gzip,deflate[\r][\n]"
22:09:40.875 [main] DEBUG org.apache.http.wire -  >> "[\r][\n]"
22:09:40.875 [main] DEBUG org.apache.http.headers - >> GET /3?c=2&b=4 HTTP/1.1
22:09:40.875 [main] DEBUG org.apache.http.headers - >> Accept: */*
22:09:40.875 [main] DEBUG org.apache.http.headers - >> Host: localhost:8080
22:09:40.875 [main] DEBUG org.apache.http.headers - >> Connection: Keep-Alive
22:09:40.875 [main] DEBUG org.apache.http.headers - >> User-Agent: Apache-HttpClient/4.5.3 (Java/13.0.5.1)
22:09:40.875 [main] DEBUG org.apache.http.headers - >> Accept-Encoding: gzip,deflate
22:09:40.896 [main] DEBUG org.apache.http.wire -  << "HTTP/1.1 200 OK[\r][\n]"
22:09:40.896 [main] DEBUG org.apache.http.wire -  << "Server: Apache-Coyote/1.1[\r][\n]"
22:09:40.896 [main] DEBUG org.apache.http.wire -  << "Content-Type: text/plain;charset=UTF-8[\r][\n]"
22:09:40.896 [main] DEBUG org.apache.http.wire -  << "Content-Length: 6[\r][\n]"
22:09:40.896 [main] DEBUG org.apache.http.wire -  << "Date: Sun, 07 Feb 2021 21:09:40 GMT[\r][\n]"
22:09:40.896 [main] DEBUG org.apache.http.wire -  << "[\r][\n]"
22:09:40.896 [main] DEBUG o.a.h.i.conn.DefaultClientConnection - Receiving response: HTTP/1.1 200 OK
22:09:40.896 [main] DEBUG org.apache.http.headers - << HTTP/1.1 200 OK
22:09:40.896 [main] DEBUG org.apache.http.headers - << Server: Apache-Coyote/1.1
22:09:40.896 [main] DEBUG org.apache.http.headers - << Content-Type: text/plain;charset=UTF-8
22:09:40.896 [main] DEBUG org.apache.http.headers - << Content-Length: 6
22:09:40.896 [main] DEBUG org.apache.http.headers - << Date: Sun, 07 Feb 2021 21:09:40 GMT
22:09:40.896 [main] DEBUG o.a.h.impl.client.DefaultHttpClient - Connection can be kept alive indefinitely
22:09:40.896 [main] DEBUG i.r.i.RequestSpecificationImpl$RestAssuredHttpBuilder - Parsing response as: text/plain;charset=UTF-8
22:09:40.896 [main] DEBUG i.r.i.RequestSpecificationImpl$RestAssuredHttpBuilder - Parsed data to instance of: class org.apache.http.conn.EofSensorInputStream
22:09:40.896 [main] DEBUG org.apache.http.wire -  << "b:1000"
22:09:40.897 [main] DEBUG o.a.h.i.c.BasicClientConnectionManager - Releasing connection org.apache.http.impl.conn.ManagedClientConnectionImpl@3ea84e01
22:09:40.897 [main] DEBUG o.a.h.i.c.BasicClientConnectionManager - Connection can be kept alive indefinitely
22:09:40.900 [main] DEBUG o.a.h.i.c.BasicClientConnectionManager - Get connection for route {}->http://localhost:8080
22:09:40.900 [main] DEBUG o.a.h.i.c.DefaultClientConnectionOperator - Connecting to localhost:8080
22:09:40.900 [main] DEBUG o.a.h.c.protocol.RequestAddCookies - CookieSpec selected: ignoreCookies
22:09:40.900 [main] DEBUG o.a.h.c.protocol.RequestAuthCache - Auth cache not set in the context
22:09:40.900 [main] DEBUG o.a.h.c.p.RequestTargetAuthentication - Target auth state: UNCHALLENGED
22:09:40.900 [main] DEBUG o.a.h.c.p.RequestProxyAuthentication - Proxy auth state: UNCHALLENGED
22:09:40.900 [main] DEBUG o.a.h.impl.client.DefaultHttpClient - Attempt 1 to execute request
22:09:40.900 [main] DEBUG o.a.h.i.conn.DefaultClientConnection - Sending request: GET /3?c=2&b=4 HTTP/1.1
22:09:40.900 [main] DEBUG org.apache.http.wire -  >> "GET /3?c=2&b=4 HTTP/1.1[\r][\n]"
22:09:40.900 [main] DEBUG org.apache.http.wire -  >> "Accept: */*[\r][\n]"
22:09:40.900 [main] DEBUG org.apache.http.wire -  >> "Host: localhost:8080[\r][\n]"
22:09:40.900 [main] DEBUG org.apache.http.wire -  >> "Connection: Keep-Alive[\r][\n]"
22:09:40.900 [main] DEBUG org.apache.http.wire -  >> "User-Agent: Apache-HttpClient/4.5.3 (Java/13.0.5.1)[\r][\n]"
22:09:40.900 [main] DEBUG org.apache.http.wire -  >> "Accept-Encoding: gzip,deflate[\r][\n]"
22:09:40.900 [main] DEBUG org.apache.http.wire -  >> "[\r][\n]"
22:09:40.900 [main] DEBUG org.apache.http.headers - >> GET /3?c=2&b=4 HTTP/1.1
22:09:40.900 [main] DEBUG org.apache.http.headers - >> Accept: */*
22:09:40.900 [main] DEBUG org.apache.http.headers - >> Host: localhost:8080
22:09:40.900 [main] DEBUG org.apache.http.headers - >> Connection: Keep-Alive
22:09:40.900 [main] DEBUG org.apache.http.headers - >> User-Agent: Apache-HttpClient/4.5.3 (Java/13.0.5.1)
22:09:40.900 [main] DEBUG org.apache.http.headers - >> Accept-Encoding: gzip,deflate
22:09:40.916 [main] DEBUG org.apache.http.wire -  << "HTTP/1.1 200 OK[\r][\n]"
22:09:40.916 [main] DEBUG org.apache.http.wire -  << "Server: Apache-Coyote/1.1[\r][\n]"
22:09:40.916 [main] DEBUG org.apache.http.wire -  << "Content-Type: text/plain;charset=UTF-8[\r][\n]"
22:09:40.916 [main] DEBUG org.apache.http.wire -  << "Content-Length: 6[\r][\n]"
22:09:40.916 [main] DEBUG org.apache.http.wire -  << "Date: Sun, 07 Feb 2021 21:09:40 GMT[\r][\n]"
22:09:40.916 [main] DEBUG org.apache.http.wire -  << "[\r][\n]"
22:09:40.916 [main] DEBUG o.a.h.i.conn.DefaultClientConnection - Receiving response: HTTP/1.1 200 OK
22:09:40.916 [main] DEBUG org.apache.http.headers - << HTTP/1.1 200 OK
22:09:40.916 [main] DEBUG org.apache.http.headers - << Server: Apache-Coyote/1.1
22:09:40.916 [main] DEBUG org.apache.http.headers - << Content-Type: text/plain;charset=UTF-8
22:09:40.916 [main] DEBUG org.apache.http.headers - << Content-Length: 6
22:09:40.916 [main] DEBUG org.apache.http.headers - << Date: Sun, 07 Feb 2021 21:09:40 GMT
22:09:40.916 [main] DEBUG o.a.h.impl.client.DefaultHttpClient - Connection can be kept alive indefinitely
22:09:40.916 [main] DEBUG i.r.i.RequestSpecificationImpl$RestAssuredHttpBuilder - Parsing response as: text/plain;charset=UTF-8
22:09:40.916 [main] DEBUG i.r.i.RequestSpecificationImpl$RestAssuredHttpBuilder - Parsed data to instance of: class org.apache.http.conn.EofSensorInputStream
22:09:40.917 [main] DEBUG org.apache.http.wire -  << "b:1000"
22:09:40.917 [main] DEBUG o.a.h.i.c.BasicClientConnectionManager - Releasing connection org.apache.http.impl.conn.ManagedClientConnectionImpl@75a226ea
22:09:40.917 [main] DEBUG o.a.h.i.c.BasicClientConnectionManager - Connection can be kept alive indefinitely
22:09:40.919 [main] DEBUG o.a.h.i.c.BasicClientConnectionManager - Get connection for route {}->http://localhost:8080
22:09:40.919 [main] DEBUG o.a.h.i.c.DefaultClientConnectionOperator - Connecting to localhost:8080
22:09:40.919 [main] DEBUG o.a.h.c.protocol.RequestAddCookies - CookieSpec selected: ignoreCookies
22:09:40.919 [main] DEBUG o.a.h.c.protocol.RequestAuthCache - Auth cache not set in the context
22:09:40.919 [main] DEBUG o.a.h.c.p.RequestTargetAuthentication - Target auth state: UNCHALLENGED
22:09:40.919 [main] DEBUG o.a.h.c.p.RequestProxyAuthentication - Proxy auth state: UNCHALLENGED
22:09:40.919 [main] DEBUG o.a.h.impl.client.DefaultHttpClient - Attempt 1 to execute request
22:09:40.919 [main] DEBUG o.a.h.i.conn.DefaultClientConnection - Sending request: GET /3?c=2&b=4 HTTP/1.1
22:09:40.919 [main] DEBUG org.apache.http.wire -  >> "GET /3?c=2&b=4 HTTP/1.1[\r][\n]"
22:09:40.919 [main] DEBUG org.apache.http.wire -  >> "Accept: */*[\r][\n]"
22:09:40.919 [main] DEBUG org.apache.http.wire -  >> "Host: localhost:8080[\r][\n]"
22:09:40.919 [main] DEBUG org.apache.http.wire -  >> "Connection: Keep-Alive[\r][\n]"
22:09:40.919 [main] DEBUG org.apache.http.wire -  >> "User-Agent: Apache-HttpClient/4.5.3 (Java/13.0.5.1)[\r][\n]"
22:09:40.919 [main] DEBUG org.apache.http.wire -  >> "Accept-Encoding: gzip,deflate[\r][\n]"
22:09:40.919 [main] DEBUG org.apache.http.wire -  >> "[\r][\n]"
22:09:40.919 [main] DEBUG org.apache.http.headers - >> GET /3?c=2&b=4 HTTP/1.1
22:09:40.919 [main] DEBUG org.apache.http.headers - >> Accept: */*
22:09:40.919 [main] DEBUG org.apache.http.headers - >> Host: localhost:8080
22:09:40.919 [main] DEBUG org.apache.http.headers - >> Connection: Keep-Alive
22:09:40.919 [main] DEBUG org.apache.http.headers - >> User-Agent: Apache-HttpClient/4.5.3 (Java/13.0.5.1)
22:09:40.919 [main] DEBUG org.apache.http.headers - >> Accept-Encoding: gzip,deflate
22:09:40.940 [main] DEBUG org.apache.http.wire -  << "HTTP/1.1 200 OK[\r][\n]"
22:09:40.940 [main] DEBUG org.apache.http.wire -  << "Server: Apache-Coyote/1.1[\r][\n]"
22:09:40.940 [main] DEBUG org.apache.http.wire -  << "Content-Type: text/plain;charset=UTF-8[\r][\n]"
22:09:40.940 [main] DEBUG org.apache.http.wire -  << "Content-Length: 6[\r][\n]"
22:09:40.940 [main] DEBUG org.apache.http.wire -  << "Date: Sun, 07 Feb 2021 21:09:40 GMT[\r][\n]"
22:09:40.940 [main] DEBUG org.apache.http.wire -  << "[\r][\n]"
22:09:40.940 [main] DEBUG o.a.h.i.conn.DefaultClientConnection - Receiving response: HTTP/1.1 200 OK
22:09:40.940 [main] DEBUG org.apache.http.headers - << HTTP/1.1 200 OK
22:09:40.940 [main] DEBUG org.apache.http.headers - << Server: Apache-Coyote/1.1
22:09:40.940 [main] DEBUG org.apache.http.headers - << Content-Type: text/plain;charset=UTF-8
22:09:40.940 [main] DEBUG org.apache.http.headers - << Content-Length: 6
22:09:40.940 [main] DEBUG org.apache.http.headers - << Date: Sun, 07 Feb 2021 21:09:40 GMT
22:09:40.940 [main] DEBUG o.a.h.impl.client.DefaultHttpClient - Connection can be kept alive indefinitely
22:09:40.940 [main] DEBUG i.r.i.RequestSpecificationImpl$RestAssuredHttpBuilder - Parsing response as: text/plain;charset=UTF-8
22:09:40.940 [main] DEBUG i.r.i.RequestSpecificationImpl$RestAssuredHttpBuilder - Parsed data to instance of: class org.apache.http.conn.EofSensorInputStream
22:09:40.940 [main] DEBUG org.apache.http.wire -  << "b:1000"
22:09:40.940 [main] DEBUG o.a.h.i.c.BasicClientConnectionManager - Releasing connection org.apache.http.impl.conn.ManagedClientConnectionImpl@7c956dda
22:09:40.940 [main] DEBUG o.a.h.i.c.BasicClientConnectionManager - Connection can be kept alive indefinitely
22:09:40.943 [main] DEBUG o.a.h.i.c.BasicClientConnectionManager - Get connection for route {}->http://localhost:8080
22:09:40.943 [main] DEBUG o.a.h.i.c.DefaultClientConnectionOperator - Connecting to localhost:8080
22:09:40.944 [main] DEBUG o.a.h.c.protocol.RequestAddCookies - CookieSpec selected: ignoreCookies
22:09:40.944 [main] DEBUG o.a.h.c.protocol.RequestAuthCache - Auth cache not set in the context
22:09:40.944 [main] DEBUG o.a.h.c.p.RequestTargetAuthentication - Target auth state: UNCHALLENGED
22:09:40.944 [main] DEBUG o.a.h.c.p.RequestProxyAuthentication - Proxy auth state: UNCHALLENGED
22:09:40.944 [main] DEBUG o.a.h.impl.client.DefaultHttpClient - Attempt 1 to execute request
22:09:40.944 [main] DEBUG o.a.h.i.conn.DefaultClientConnection - Sending request: GET /3?c=2&b=4 HTTP/1.1
22:09:40.944 [main] DEBUG org.apache.http.wire -  >> "GET /3?c=2&b=4 HTTP/1.1[\r][\n]"
22:09:40.944 [main] DEBUG org.apache.http.wire -  >> "Accept: */*[\r][\n]"
22:09:40.944 [main] DEBUG org.apache.http.wire -  >> "Host: localhost:8080[\r][\n]"
22:09:40.944 [main] DEBUG org.apache.http.wire -  >> "Connection: Keep-Alive[\r][\n]"
22:09:40.944 [main] DEBUG org.apache.http.wire -  >> "User-Agent: Apache-HttpClient/4.5.3 (Java/13.0.5.1)[\r][\n]"
22:09:40.944 [main] DEBUG org.apache.http.wire -  >> "Accept-Encoding: gzip,deflate[\r][\n]"
22:09:40.944 [main] DEBUG org.apache.http.wire -  >> "[\r][\n]"
22:09:40.944 [main] DEBUG org.apache.http.headers - >> GET /3?c=2&b=4 HTTP/1.1
22:09:40.944 [main] DEBUG org.apache.http.headers - >> Accept: */*
22:09:40.944 [main] DEBUG org.apache.http.headers - >> Host: localhost:8080
22:09:40.944 [main] DEBUG org.apache.http.headers - >> Connection: Keep-Alive
22:09:40.944 [main] DEBUG org.apache.http.headers - >> User-Agent: Apache-HttpClient/4.5.3 (Java/13.0.5.1)
22:09:40.944 [main] DEBUG org.apache.http.headers - >> Accept-Encoding: gzip,deflate
22:09:40.962 [main] DEBUG org.apache.http.wire -  << "HTTP/1.1 200 OK[\r][\n]"
22:09:40.962 [main] DEBUG org.apache.http.wire -  << "Server: Apache-Coyote/1.1[\r][\n]"
22:09:40.962 [main] DEBUG org.apache.http.wire -  << "Content-Type: text/plain;charset=UTF-8[\r][\n]"
22:09:40.962 [main] DEBUG org.apache.http.wire -  << "Content-Length: 6[\r][\n]"
22:09:40.962 [main] DEBUG org.apache.http.wire -  << "Date: Sun, 07 Feb 2021 21:09:40 GMT[\r][\n]"
22:09:40.962 [main] DEBUG org.apache.http.wire -  << "[\r][\n]"
22:09:40.962 [main] DEBUG o.a.h.i.conn.DefaultClientConnection - Receiving response: HTTP/1.1 200 OK
22:09:40.962 [main] DEBUG org.apache.http.headers - << HTTP/1.1 200 OK
22:09:40.962 [main] DEBUG org.apache.http.headers - << Server: Apache-Coyote/1.1
22:09:40.962 [main] DEBUG org.apache.http.headers - << Content-Type: text/plain;charset=UTF-8
22:09:40.962 [main] DEBUG org.apache.http.headers - << Content-Length: 6
22:09:40.962 [main] DEBUG org.apache.http.headers - << Date: Sun, 07 Feb 2021 21:09:40 GMT
22:09:40.962 [main] DEBUG o.a.h.impl.client.DefaultHttpClient - Connection can be kept alive indefinitely
22:09:40.962 [main] DEBUG i.r.i.RequestSpecificationImpl$RestAssuredHttpBuilder - Parsing response as: text/plain;charset=UTF-8
22:09:40.962 [main] DEBUG i.r.i.RequestSpecificationImpl$RestAssuredHttpBuilder - Parsed data to instance of: class org.apache.http.conn.EofSensorInputStream
22:09:40.963 [main] DEBUG org.apache.http.wire -  << "b:1000"
22:09:40.963 [main] DEBUG o.a.h.i.c.BasicClientConnectionManager - Releasing connection org.apache.http.impl.conn.ManagedClientConnectionImpl@2ffa91dc
22:09:40.963 [main] DEBUG o.a.h.i.c.BasicClientConnectionManager - Connection can be kept alive indefinitely
22:09:40.965 [main] DEBUG o.a.h.i.c.BasicClientConnectionManager - Get connection for route {}->http://localhost:8080
22:09:40.965 [main] DEBUG o.a.h.i.c.DefaultClientConnectionOperator - Connecting to localhost:8080
22:09:40.965 [main] DEBUG o.a.h.c.protocol.RequestAddCookies - CookieSpec selected: ignoreCookies
22:09:40.965 [main] DEBUG o.a.h.c.protocol.RequestAuthCache - Auth cache not set in the context
22:09:40.965 [main] DEBUG o.a.h.c.p.RequestTargetAuthentication - Target auth state: UNCHALLENGED
22:09:40.965 [main] DEBUG o.a.h.c.p.RequestProxyAuthentication - Proxy auth state: UNCHALLENGED
22:09:40.965 [main] DEBUG o.a.h.impl.client.DefaultHttpClient - Attempt 1 to execute request
22:09:40.965 [main] DEBUG o.a.h.i.conn.DefaultClientConnection - Sending request: GET /3?c=2&b=4 HTTP/1.1
22:09:40.965 [main] DEBUG org.apache.http.wire -  >> "GET /3?c=2&b=4 HTTP/1.1[\r][\n]"
22:09:40.965 [main] DEBUG org.apache.http.wire -  >> "Accept: */*[\r][\n]"
22:09:40.965 [main] DEBUG org.apache.http.wire -  >> "Host: localhost:8080[\r][\n]"
22:09:40.965 [main] DEBUG org.apache.http.wire -  >> "Connection: Keep-Alive[\r][\n]"
22:09:40.965 [main] DEBUG org.apache.http.wire -  >> "User-Agent: Apache-HttpClient/4.5.3 (Java/13.0.5.1)[\r][\n]"
22:09:40.965 [main] DEBUG org.apache.http.wire -  >> "Accept-Encoding: gzip,deflate[\r][\n]"
22:09:40.965 [main] DEBUG org.apache.http.wire -  >> "[\r][\n]"
22:09:40.965 [main] DEBUG org.apache.http.headers - >> GET /3?c=2&b=4 HTTP/1.1
22:09:40.965 [main] DEBUG org.apache.http.headers - >> Accept: */*
22:09:40.965 [main] DEBUG org.apache.http.headers - >> Host: localhost:8080
22:09:40.965 [main] DEBUG org.apache.http.headers - >> Connection: Keep-Alive
22:09:40.965 [main] DEBUG org.apache.http.headers - >> User-Agent: Apache-HttpClient/4.5.3 (Java/13.0.5.1)
22:09:40.965 [main] DEBUG org.apache.http.headers - >> Accept-Encoding: gzip,deflate
22:09:40.988 [main] DEBUG org.apache.http.wire -  << "HTTP/1.1 200 OK[\r][\n]"
22:09:40.988 [main] DEBUG org.apache.http.wire -  << "Server: Apache-Coyote/1.1[\r][\n]"
22:09:40.988 [main] DEBUG org.apache.http.wire -  << "Content-Type: text/plain;charset=UTF-8[\r][\n]"
22:09:40.988 [main] DEBUG org.apache.http.wire -  << "Content-Length: 6[\r][\n]"
22:09:40.988 [main] DEBUG org.apache.http.wire -  << "Date: Sun, 07 Feb 2021 21:09:40 GMT[\r][\n]"
22:09:40.988 [main] DEBUG org.apache.http.wire -  << "[\r][\n]"
22:09:40.988 [main] DEBUG o.a.h.i.conn.DefaultClientConnection - Receiving response: HTTP/1.1 200 OK
22:09:40.988 [main] DEBUG org.apache.http.headers - << HTTP/1.1 200 OK
22:09:40.988 [main] DEBUG org.apache.http.headers - << Server: Apache-Coyote/1.1
22:09:40.989 [main] DEBUG org.apache.http.headers - << Content-Type: text/plain;charset=UTF-8
22:09:40.989 [main] DEBUG org.apache.http.headers - << Content-Length: 6
22:09:40.989 [main] DEBUG org.apache.http.headers - << Date: Sun, 07 Feb 2021 21:09:40 GMT
22:09:40.989 [main] DEBUG o.a.h.impl.client.DefaultHttpClient - Connection can be kept alive indefinitely
22:09:40.989 [main] DEBUG i.r.i.RequestSpecificationImpl$RestAssuredHttpBuilder - Parsing response as: text/plain;charset=UTF-8
22:09:40.989 [main] DEBUG i.r.i.RequestSpecificationImpl$RestAssuredHttpBuilder - Parsed data to instance of: class org.apache.http.conn.EofSensorInputStream
22:09:40.989 [main] DEBUG org.apache.http.wire -  << "b:1000"
22:09:40.989 [main] DEBUG o.a.h.i.c.BasicClientConnectionManager - Releasing connection org.apache.http.impl.conn.ManagedClientConnectionImpl@16e907b6
22:09:40.989 [main] DEBUG o.a.h.i.c.BasicClientConnectionManager - Connection can be kept alive indefinitely
22:09:40.993 [main] DEBUG o.a.h.i.c.BasicClientConnectionManager - Get connection for route {}->http://localhost:8080
22:09:40.993 [main] DEBUG o.a.h.i.c.DefaultClientConnectionOperator - Connecting to localhost:8080
22:09:40.993 [main] DEBUG o.a.h.c.protocol.RequestAddCookies - CookieSpec selected: ignoreCookies
22:09:40.993 [main] DEBUG o.a.h.c.protocol.RequestAuthCache - Auth cache not set in the context
22:09:40.993 [main] DEBUG o.a.h.c.p.RequestTargetAuthentication - Target auth state: UNCHALLENGED
22:09:40.994 [main] DEBUG o.a.h.c.p.RequestProxyAuthentication - Proxy auth state: UNCHALLENGED
22:09:40.994 [main] DEBUG o.a.h.impl.client.DefaultHttpClient - Attempt 1 to execute request
22:09:40.994 [main] DEBUG o.a.h.i.conn.DefaultClientConnection - Sending request: GET /3?c=2&b=4 HTTP/1.1
22:09:40.994 [main] DEBUG org.apache.http.wire -  >> "GET /3?c=2&b=4 HTTP/1.1[\r][\n]"
22:09:40.994 [main] DEBUG org.apache.http.wire -  >> "Accept: */*[\r][\n]"
22:09:40.994 [main] DEBUG org.apache.http.wire -  >> "Host: localhost:8080[\r][\n]"
22:09:40.994 [main] DEBUG org.apache.http.wire -  >> "Connection: Keep-Alive[\r][\n]"
22:09:40.994 [main] DEBUG org.apache.http.wire -  >> "User-Agent: Apache-HttpClient/4.5.3 (Java/13.0.5.1)[\r][\n]"
22:09:40.994 [main] DEBUG org.apache.http.wire -  >> "Accept-Encoding: gzip,deflate[\r][\n]"
22:09:40.994 [main] DEBUG org.apache.http.wire -  >> "[\r][\n]"
22:09:40.994 [main] DEBUG org.apache.http.headers - >> GET /3?c=2&b=4 HTTP/1.1
22:09:40.994 [main] DEBUG org.apache.http.headers - >> Accept: */*
22:09:40.994 [main] DEBUG org.apache.http.headers - >> Host: localhost:8080
22:09:40.994 [main] DEBUG org.apache.http.headers - >> Connection: Keep-Alive
22:09:40.994 [main] DEBUG org.apache.http.headers - >> User-Agent: Apache-HttpClient/4.5.3 (Java/13.0.5.1)
22:09:40.994 [main] DEBUG org.apache.http.headers - >> Accept-Encoding: gzip,deflate
22:09:41.007 [main] DEBUG org.apache.http.wire -  << "HTTP/1.1 200 OK[\r][\n]"
22:09:41.007 [main] DEBUG org.apache.http.wire -  << "Server: Apache-Coyote/1.1[\r][\n]"
22:09:41.007 [main] DEBUG org.apache.http.wire -  << "Content-Type: text/plain;charset=UTF-8[\r][\n]"
22:09:41.007 [main] DEBUG org.apache.http.wire -  << "Content-Length: 6[\r][\n]"
22:09:41.007 [main] DEBUG org.apache.http.wire -  << "Date: Sun, 07 Feb 2021 21:09:40 GMT[\r][\n]"
22:09:41.007 [main] DEBUG org.apache.http.wire -  << "[\r][\n]"
22:09:41.007 [main] DEBUG o.a.h.i.conn.DefaultClientConnection - Receiving response: HTTP/1.1 200 OK
22:09:41.007 [main] DEBUG org.apache.http.headers - << HTTP/1.1 200 OK
22:09:41.007 [main] DEBUG org.apache.http.headers - << Server: Apache-Coyote/1.1
22:09:41.007 [main] DEBUG org.apache.http.headers - << Content-Type: text/plain;charset=UTF-8
22:09:41.007 [main] DEBUG org.apache.http.headers - << Content-Length: 6
22:09:41.007 [main] DEBUG org.apache.http.headers - << Date: Sun, 07 Feb 2021 21:09:40 GMT
22:09:41.007 [main] DEBUG o.a.h.impl.client.DefaultHttpClient - Connection can be kept alive indefinitely
22:09:41.007 [main] DEBUG i.r.i.RequestSpecificationImpl$RestAssuredHttpBuilder - Parsing response as: text/plain;charset=UTF-8
22:09:41.007 [main] DEBUG i.r.i.RequestSpecificationImpl$RestAssuredHttpBuilder - Parsed data to instance of: class org.apache.http.conn.EofSensorInputStream
22:09:41.007 [main] DEBUG org.apache.http.wire -  << "b:1000"
22:09:41.007 [main] DEBUG o.a.h.i.c.BasicClientConnectionManager - Releasing connection org.apache.http.impl.conn.ManagedClientConnectionImpl@631944d4
22:09:41.007 [main] DEBUG o.a.h.i.c.BasicClientConnectionManager - Connection can be kept alive indefinitely
22:09:41.010 [main] DEBUG o.a.h.i.c.BasicClientConnectionManager - Get connection for route {}->http://localhost:8080
22:09:41.011 [main] DEBUG o.a.h.i.c.DefaultClientConnectionOperator - Connecting to localhost:8080
22:09:41.011 [main] DEBUG o.a.h.c.protocol.RequestAddCookies - CookieSpec selected: ignoreCookies
22:09:41.011 [main] DEBUG o.a.h.c.protocol.RequestAuthCache - Auth cache not set in the context
22:09:41.011 [main] DEBUG o.a.h.c.p.RequestTargetAuthentication - Target auth state: UNCHALLENGED
22:09:41.011 [main] DEBUG o.a.h.c.p.RequestProxyAuthentication - Proxy auth state: UNCHALLENGED
22:09:41.011 [main] DEBUG o.a.h.impl.client.DefaultHttpClient - Attempt 1 to execute request
22:09:41.011 [main] DEBUG o.a.h.i.conn.DefaultClientConnection - Sending request: GET /3?c=2&b=4 HTTP/1.1
22:09:41.011 [main] DEBUG org.apache.http.wire -  >> "GET /3?c=2&b=4 HTTP/1.1[\r][\n]"
22:09:41.011 [main] DEBUG org.apache.http.wire -  >> "Accept: */*[\r][\n]"
22:09:41.011 [main] DEBUG org.apache.http.wire -  >> "Host: localhost:8080[\r][\n]"
22:09:41.011 [main] DEBUG org.apache.http.wire -  >> "Connection: Keep-Alive[\r][\n]"
22:09:41.011 [main] DEBUG org.apache.http.wire -  >> "User-Agent: Apache-HttpClient/4.5.3 (Java/13.0.5.1)[\r][\n]"
22:09:41.011 [main] DEBUG org.apache.http.wire -  >> "Accept-Encoding: gzip,deflate[\r][\n]"
22:09:41.011 [main] DEBUG org.apache.http.wire -  >> "[\r][\n]"
22:09:41.011 [main] DEBUG org.apache.http.headers - >> GET /3?c=2&b=4 HTTP/1.1
22:09:41.011 [main] DEBUG org.apache.http.headers - >> Accept: */*
22:09:41.011 [main] DEBUG org.apache.http.headers - >> Host: localhost:8080
22:09:41.011 [main] DEBUG org.apache.http.headers - >> Connection: Keep-Alive
22:09:41.011 [main] DEBUG org.apache.http.headers - >> User-Agent: Apache-HttpClient/4.5.3 (Java/13.0.5.1)
22:09:41.011 [main] DEBUG org.apache.http.headers - >> Accept-Encoding: gzip,deflate
22:09:41.026 [main] DEBUG org.apache.http.wire -  << "HTTP/1.1 200 OK[\r][\n]"
22:09:41.026 [main] DEBUG org.apache.http.wire -  << "Server: Apache-Coyote/1.1[\r][\n]"
22:09:41.026 [main] DEBUG org.apache.http.wire -  << "Content-Type: text/plain;charset=UTF-8[\r][\n]"
22:09:41.026 [main] DEBUG org.apache.http.wire -  << "Content-Length: 6[\r][\n]"
22:09:41.026 [main] DEBUG org.apache.http.wire -  << "Date: Sun, 07 Feb 2021 21:09:40 GMT[\r][\n]"
22:09:41.026 [main] DEBUG org.apache.http.wire -  << "[\r][\n]"
22:09:41.026 [main] DEBUG o.a.h.i.conn.DefaultClientConnection - Receiving response: HTTP/1.1 200 OK
22:09:41.026 [main] DEBUG org.apache.http.headers - << HTTP/1.1 200 OK
22:09:41.026 [main] DEBUG org.apache.http.headers - << Server: Apache-Coyote/1.1
22:09:41.026 [main] DEBUG org.apache.http.headers - << Content-Type: text/plain;charset=UTF-8
22:09:41.026 [main] DEBUG org.apache.http.headers - << Content-Length: 6
22:09:41.026 [main] DEBUG org.apache.http.headers - << Date: Sun, 07 Feb 2021 21:09:40 GMT
22:09:41.026 [main] DEBUG o.a.h.impl.client.DefaultHttpClient - Connection can be kept alive indefinitely
22:09:41.027 [main] DEBUG i.r.i.RequestSpecificationImpl$RestAssuredHttpBuilder - Parsing response as: text/plain;charset=UTF-8
22:09:41.027 [main] DEBUG i.r.i.RequestSpecificationImpl$RestAssuredHttpBuilder - Parsed data to instance of: class org.apache.http.conn.EofSensorInputStream
22:09:41.027 [main] DEBUG org.apache.http.wire -  << "b:1000"
22:09:41.027 [main] DEBUG o.a.h.i.c.BasicClientConnectionManager - Releasing connection org.apache.http.impl.conn.ManagedClientConnectionImpl@225e09f0
22:09:41.027 [main] DEBUG o.a.h.i.c.BasicClientConnectionManager - Connection can be kept alive indefinitely
22:09:41.030 [main] DEBUG o.a.h.i.c.BasicClientConnectionManager - Get connection for route {}->http://localhost:8080
22:09:41.031 [main] DEBUG o.a.h.i.c.DefaultClientConnectionOperator - Connecting to localhost:8080
22:09:41.031 [main] DEBUG o.a.h.c.protocol.RequestAddCookies - CookieSpec selected: ignoreCookies
22:09:41.032 [main] DEBUG o.a.h.c.protocol.RequestAuthCache - Auth cache not set in the context
22:09:41.032 [main] DEBUG o.a.h.c.p.RequestTargetAuthentication - Target auth state: UNCHALLENGED
22:09:41.032 [main] DEBUG o.a.h.c.p.RequestProxyAuthentication - Proxy auth state: UNCHALLENGED
22:09:41.032 [main] DEBUG o.a.h.impl.client.DefaultHttpClient - Attempt 1 to execute request
22:09:41.032 [main] DEBUG o.a.h.i.conn.DefaultClientConnection - Sending request: GET /3?c=2&b=4 HTTP/1.1
22:09:41.032 [main] DEBUG org.apache.http.wire -  >> "GET /3?c=2&b=4 HTTP/1.1[\r][\n]"
22:09:41.032 [main] DEBUG org.apache.http.wire -  >> "Accept: */*[\r][\n]"
22:09:41.032 [main] DEBUG org.apache.http.wire -  >> "Host: localhost:8080[\r][\n]"
22:09:41.032 [main] DEBUG org.apache.http.wire -  >> "Connection: Keep-Alive[\r][\n]"
22:09:41.032 [main] DEBUG org.apache.http.wire -  >> "User-Agent: Apache-HttpClient/4.5.3 (Java/13.0.5.1)[\r][\n]"
22:09:41.032 [main] DEBUG org.apache.http.wire -  >> "Accept-Encoding: gzip,deflate[\r][\n]"
22:09:41.032 [main] DEBUG org.apache.http.wire -  >> "[\r][\n]"
22:09:41.032 [main] DEBUG org.apache.http.headers - >> GET /3?c=2&b=4 HTTP/1.1
22:09:41.032 [main] DEBUG org.apache.http.headers - >> Accept: */*
22:09:41.032 [main] DEBUG org.apache.http.headers - >> Host: localhost:8080
22:09:41.032 [main] DEBUG org.apache.http.headers - >> Connection: Keep-Alive
22:09:41.032 [main] DEBUG org.apache.http.headers - >> User-Agent: Apache-HttpClient/4.5.3 (Java/13.0.5.1)
22:09:41.032 [main] DEBUG org.apache.http.headers - >> Accept-Encoding: gzip,deflate
22:09:41.049 [main] DEBUG org.apache.http.wire -  << "HTTP/1.1 200 OK[\r][\n]"
22:09:41.049 [main] DEBUG org.apache.http.wire -  << "Server: Apache-Coyote/1.1[\r][\n]"
22:09:41.049 [main] DEBUG org.apache.http.wire -  << "Content-Type: text/plain;charset=UTF-8[\r][\n]"
22:09:41.049 [main] DEBUG org.apache.http.wire -  << "Content-Length: 6[\r][\n]"
22:09:41.049 [main] DEBUG org.apache.http.wire -  << "Date: Sun, 07 Feb 2021 21:09:40 GMT[\r][\n]"
22:09:41.049 [main] DEBUG org.apache.http.wire -  << "[\r][\n]"
22:09:41.049 [main] DEBUG o.a.h.i.conn.DefaultClientConnection - Receiving response: HTTP/1.1 200 OK
22:09:41.049 [main] DEBUG org.apache.http.headers - << HTTP/1.1 200 OK
22:09:41.049 [main] DEBUG org.apache.http.headers - << Server: Apache-Coyote/1.1
22:09:41.049 [main] DEBUG org.apache.http.headers - << Content-Type: text/plain;charset=UTF-8
22:09:41.049 [main] DEBUG org.apache.http.headers - << Content-Length: 6
22:09:41.049 [main] DEBUG org.apache.http.headers - << Date: Sun, 07 Feb 2021 21:09:40 GMT
22:09:41.050 [main] DEBUG o.a.h.impl.client.DefaultHttpClient - Connection can be kept alive indefinitely
22:09:41.050 [main] DEBUG i.r.i.RequestSpecificationImpl$RestAssuredHttpBuilder - Parsing response as: text/plain;charset=UTF-8
22:09:41.050 [main] DEBUG i.r.i.RequestSpecificationImpl$RestAssuredHttpBuilder - Parsed data to instance of: class org.apache.http.conn.EofSensorInputStream
22:09:41.050 [main] DEBUG org.apache.http.wire -  << "b:1000"
22:09:41.050 [main] DEBUG o.a.h.i.c.BasicClientConnectionManager - Releasing connection org.apache.http.impl.conn.ManagedClientConnectionImpl@3cf8a235
22:09:41.050 [main] DEBUG o.a.h.i.c.BasicClientConnectionManager - Connection can be kept alive indefinitely
22:09:41.052 [main] DEBUG o.a.h.i.c.BasicClientConnectionManager - Get connection for route {}->http://localhost:8080
22:09:41.052 [main] DEBUG o.a.h.i.c.DefaultClientConnectionOperator - Connecting to localhost:8080
22:09:41.053 [main] DEBUG o.a.h.c.protocol.RequestAddCookies - CookieSpec selected: ignoreCookies
22:09:41.053 [main] DEBUG o.a.h.c.protocol.RequestAuthCache - Auth cache not set in the context
22:09:41.053 [main] DEBUG o.a.h.c.p.RequestTargetAuthentication - Target auth state: UNCHALLENGED
22:09:41.053 [main] DEBUG o.a.h.c.p.RequestProxyAuthentication - Proxy auth state: UNCHALLENGED
22:09:41.053 [main] DEBUG o.a.h.impl.client.DefaultHttpClient - Attempt 1 to execute request
22:09:41.053 [main] DEBUG o.a.h.i.conn.DefaultClientConnection - Sending request: GET /3?c=2&b=4 HTTP/1.1
22:09:41.053 [main] DEBUG org.apache.http.wire -  >> "GET /3?c=2&b=4 HTTP/1.1[\r][\n]"
22:09:41.053 [main] DEBUG org.apache.http.wire -  >> "Accept: */*[\r][\n]"
22:09:41.053 [main] DEBUG org.apache.http.wire -  >> "Host: localhost:8080[\r][\n]"
22:09:41.053 [main] DEBUG org.apache.http.wire -  >> "Connection: Keep-Alive[\r][\n]"
22:09:41.053 [main] DEBUG org.apache.http.wire -  >> "User-Agent: Apache-HttpClient/4.5.3 (Java/13.0.5.1)[\r][\n]"
22:09:41.053 [main] DEBUG org.apache.http.wire -  >> "Accept-Encoding: gzip,deflate[\r][\n]"
22:09:41.053 [main] DEBUG org.apache.http.wire -  >> "[\r][\n]"
22:09:41.053 [main] DEBUG org.apache.http.headers - >> GET /3?c=2&b=4 HTTP/1.1
22:09:41.053 [main] DEBUG org.apache.http.headers - >> Accept: */*
22:09:41.053 [main] DEBUG org.apache.http.headers - >> Host: localhost:8080
22:09:41.053 [main] DEBUG org.apache.http.headers - >> Connection: Keep-Alive
22:09:41.053 [main] DEBUG org.apache.http.headers - >> User-Agent: Apache-HttpClient/4.5.3 (Java/13.0.5.1)
22:09:41.053 [main] DEBUG org.apache.http.headers - >> Accept-Encoding: gzip,deflate
22:09:41.073 [main] DEBUG org.apache.http.wire -  << "HTTP/1.1 200 OK[\r][\n]"
22:09:41.073 [main] DEBUG org.apache.http.wire -  << "Server: Apache-Coyote/1.1[\r][\n]"
22:09:41.073 [main] DEBUG org.apache.http.wire -  << "Content-Type: text/plain;charset=UTF-8[\r][\n]"
22:09:41.073 [main] DEBUG org.apache.http.wire -  << "Content-Length: 6[\r][\n]"
22:09:41.073 [main] DEBUG org.apache.http.wire -  << "Date: Sun, 07 Feb 2021 21:09:41 GMT[\r][\n]"
22:09:41.073 [main] DEBUG org.apache.http.wire -  << "[\r][\n]"
22:09:41.073 [main] DEBUG o.a.h.i.conn.DefaultClientConnection - Receiving response: HTTP/1.1 200 OK
22:09:41.073 [main] DEBUG org.apache.http.headers - << HTTP/1.1 200 OK
22:09:41.073 [main] DEBUG org.apache.http.headers - << Server: Apache-Coyote/1.1
22:09:41.073 [main] DEBUG org.apache.http.headers - << Content-Type: text/plain;charset=UTF-8
22:09:41.073 [main] DEBUG org.apache.http.headers - << Content-Length: 6
22:09:41.073 [main] DEBUG org.apache.http.headers - << Date: Sun, 07 Feb 2021 21:09:41 GMT
22:09:41.073 [main] DEBUG o.a.h.impl.client.DefaultHttpClient - Connection can be kept alive indefinitely
22:09:41.073 [main] DEBUG i.r.i.RequestSpecificationImpl$RestAssuredHttpBuilder - Parsing response as: text/plain;charset=UTF-8
22:09:41.073 [main] DEBUG i.r.i.RequestSpecificationImpl$RestAssuredHttpBuilder - Parsed data to instance of: class org.apache.http.conn.EofSensorInputStream
22:09:41.074 [main] DEBUG org.apache.http.wire -  << "b:1000"
22:09:41.074 [main] DEBUG o.a.h.i.c.BasicClientConnectionManager - Releasing connection org.apache.http.impl.conn.ManagedClientConnectionImpl@1c011855
22:09:41.074 [main] DEBUG o.a.h.i.c.BasicClientConnectionManager - Connection can be kept alive indefinitely
22:09:41.077 [main] DEBUG o.a.h.i.c.BasicClientConnectionManager - Get connection for route {}->http://localhost:8080
22:09:41.077 [main] DEBUG o.a.h.i.c.DefaultClientConnectionOperator - Connecting to localhost:8080
22:09:41.078 [main] DEBUG o.a.h.c.protocol.RequestAddCookies - CookieSpec selected: ignoreCookies
22:09:41.078 [main] DEBUG o.a.h.c.protocol.RequestAuthCache - Auth cache not set in the context
22:09:41.078 [main] DEBUG o.a.h.c.p.RequestTargetAuthentication - Target auth state: UNCHALLENGED
22:09:41.078 [main] DEBUG o.a.h.c.p.RequestProxyAuthentication - Proxy auth state: UNCHALLENGED
22:09:41.078 [main] DEBUG o.a.h.impl.client.DefaultHttpClient - Attempt 1 to execute request
22:09:41.078 [main] DEBUG o.a.h.i.conn.DefaultClientConnection - Sending request: GET /3?c=2&b=4 HTTP/1.1
22:09:41.078 [main] DEBUG org.apache.http.wire -  >> "GET /3?c=2&b=4 HTTP/1.1[\r][\n]"
22:09:41.078 [main] DEBUG org.apache.http.wire -  >> "Accept: */*[\r][\n]"
22:09:41.078 [main] DEBUG org.apache.http.wire -  >> "Host: localhost:8080[\r][\n]"
22:09:41.078 [main] DEBUG org.apache.http.wire -  >> "Connection: Keep-Alive[\r][\n]"
22:09:41.078 [main] DEBUG org.apache.http.wire -  >> "User-Agent: Apache-HttpClient/4.5.3 (Java/13.0.5.1)[\r][\n]"
22:09:41.078 [main] DEBUG org.apache.http.wire -  >> "Accept-Encoding: gzip,deflate[\r][\n]"
22:09:41.078 [main] DEBUG org.apache.http.wire -  >> "[\r][\n]"
22:09:41.078 [main] DEBUG org.apache.http.headers - >> GET /3?c=2&b=4 HTTP/1.1
22:09:41.078 [main] DEBUG org.apache.http.headers - >> Accept: */*
22:09:41.078 [main] DEBUG org.apache.http.headers - >> Host: localhost:8080
22:09:41.078 [main] DEBUG org.apache.http.headers - >> Connection: Keep-Alive
22:09:41.078 [main] DEBUG org.apache.http.headers - >> User-Agent: Apache-HttpClient/4.5.3 (Java/13.0.5.1)
22:09:41.078 [main] DEBUG org.apache.http.headers - >> Accept-Encoding: gzip,deflate
22:09:41.099 [main] DEBUG org.apache.http.wire -  << "HTTP/1.1 200 OK[\r][\n]"
22:09:41.099 [main] DEBUG org.apache.http.wire -  << "Server: Apache-Coyote/1.1[\r][\n]"
22:09:41.099 [main] DEBUG org.apache.http.wire -  << "Content-Type: text/plain;charset=UTF-8[\r][\n]"
22:09:41.099 [main] DEBUG org.apache.http.wire -  << "Content-Length: 6[\r][\n]"
22:09:41.099 [main] DEBUG org.apache.http.wire -  << "Date: Sun, 07 Feb 2021 21:09:41 GMT[\r][\n]"
22:09:41.099 [main] DEBUG org.apache.http.wire -  << "[\r][\n]"
22:09:41.099 [main] DEBUG o.a.h.i.conn.DefaultClientConnection - Receiving response: HTTP/1.1 200 OK
22:09:41.099 [main] DEBUG org.apache.http.headers - << HTTP/1.1 200 OK
22:09:41.099 [main] DEBUG org.apache.http.headers - << Server: Apache-Coyote/1.1
22:09:41.099 [main] DEBUG org.apache.http.headers - << Content-Type: text/plain;charset=UTF-8
22:09:41.099 [main] DEBUG org.apache.http.headers - << Content-Length: 6
22:09:41.099 [main] DEBUG org.apache.http.headers - << Date: Sun, 07 Feb 2021 21:09:41 GMT
22:09:41.099 [main] DEBUG o.a.h.impl.client.DefaultHttpClient - Connection can be kept alive indefinitely
22:09:41.099 [main] DEBUG i.r.i.RequestSpecificationImpl$RestAssuredHttpBuilder - Parsing response as: text/plain;charset=UTF-8
22:09:41.099 [main] DEBUG i.r.i.RequestSpecificationImpl$RestAssuredHttpBuilder - Parsed data to instance of: class org.apache.http.conn.EofSensorInputStream
22:09:41.100 [main] DEBUG org.apache.http.wire -  << "b:1000"
22:09:41.100 [main] DEBUG o.a.h.i.c.BasicClientConnectionManager - Releasing connection org.apache.http.impl.conn.ManagedClientConnectionImpl@279c4e3b
22:09:41.100 [main] DEBUG o.a.h.i.c.BasicClientConnectionManager - Connection can be kept alive indefinitely
22:09:41.101 [main] DEBUG o.a.h.i.c.BasicClientConnectionManager - Get connection for route {}->http://localhost:8080
22:09:41.101 [main] DEBUG o.a.h.i.c.DefaultClientConnectionOperator - Connecting to localhost:8080
22:09:41.102 [main] DEBUG o.a.h.c.protocol.RequestAddCookies - CookieSpec selected: ignoreCookies
22:09:41.102 [main] DEBUG o.a.h.c.protocol.RequestAuthCache - Auth cache not set in the context
22:09:41.102 [main] DEBUG o.a.h.c.p.RequestTargetAuthentication - Target auth state: UNCHALLENGED
22:09:41.102 [main] DEBUG o.a.h.c.p.RequestProxyAuthentication - Proxy auth state: UNCHALLENGED
22:09:41.102 [main] DEBUG o.a.h.impl.client.DefaultHttpClient - Attempt 1 to execute request
22:09:41.102 [main] DEBUG o.a.h.i.conn.DefaultClientConnection - Sending request: GET /3?c=2&b=4 HTTP/1.1
22:09:41.102 [main] DEBUG org.apache.http.wire -  >> "GET /3?c=2&b=4 HTTP/1.1[\r][\n]"
22:09:41.102 [main] DEBUG org.apache.http.wire -  >> "Accept: */*[\r][\n]"
22:09:41.102 [main] DEBUG org.apache.http.wire -  >> "Host: localhost:8080[\r][\n]"
22:09:41.102 [main] DEBUG org.apache.http.wire -  >> "Connection: Keep-Alive[\r][\n]"
22:09:41.102 [main] DEBUG org.apache.http.wire -  >> "User-Agent: Apache-HttpClient/4.5.3 (Java/13.0.5.1)[\r][\n]"
22:09:41.102 [main] DEBUG org.apache.http.wire -  >> "Accept-Encoding: gzip,deflate[\r][\n]"
22:09:41.102 [main] DEBUG org.apache.http.wire -  >> "[\r][\n]"
22:09:41.102 [main] DEBUG org.apache.http.headers - >> GET /3?c=2&b=4 HTTP/1.1
22:09:41.102 [main] DEBUG org.apache.http.headers - >> Accept: */*
22:09:41.102 [main] DEBUG org.apache.http.headers - >> Host: localhost:8080
22:09:41.102 [main] DEBUG org.apache.http.headers - >> Connection: Keep-Alive
22:09:41.102 [main] DEBUG org.apache.http.headers - >> User-Agent: Apache-HttpClient/4.5.3 (Java/13.0.5.1)
22:09:41.102 [main] DEBUG org.apache.http.headers - >> Accept-Encoding: gzip,deflate
22:09:41.126 [main] DEBUG org.apache.http.wire -  << "HTTP/1.1 200 OK[\r][\n]"
22:09:41.126 [main] DEBUG org.apache.http.wire -  << "Server: Apache-Coyote/1.1[\r][\n]"
22:09:41.126 [main] DEBUG org.apache.http.wire -  << "Content-Type: text/plain;charset=UTF-8[\r][\n]"
22:09:41.126 [main] DEBUG org.apache.http.wire -  << "Content-Length: 6[\r][\n]"
22:09:41.126 [main] DEBUG org.apache.http.wire -  << "Date: Sun, 07 Feb 2021 21:09:41 GMT[\r][\n]"
22:09:41.126 [main] DEBUG org.apache.http.wire -  << "[\r][\n]"
22:09:41.126 [main] DEBUG o.a.h.i.conn.DefaultClientConnection - Receiving response: HTTP/1.1 200 OK
22:09:41.126 [main] DEBUG org.apache.http.headers - << HTTP/1.1 200 OK
22:09:41.126 [main] DEBUG org.apache.http.headers - << Server: Apache-Coyote/1.1
22:09:41.126 [main] DEBUG org.apache.http.headers - << Content-Type: text/plain;charset=UTF-8
22:09:41.126 [main] DEBUG org.apache.http.headers - << Content-Length: 6
22:09:41.126 [main] DEBUG org.apache.http.headers - << Date: Sun, 07 Feb 2021 21:09:41 GMT
22:09:41.126 [main] DEBUG o.a.h.impl.client.DefaultHttpClient - Connection can be kept alive indefinitely
22:09:41.126 [main] DEBUG i.r.i.RequestSpecificationImpl$RestAssuredHttpBuilder - Parsing response as: text/plain;charset=UTF-8
22:09:41.126 [main] DEBUG i.r.i.RequestSpecificationImpl$RestAssuredHttpBuilder - Parsed data to instance of: class org.apache.http.conn.EofSensorInputStream
22:09:41.127 [main] DEBUG org.apache.http.wire -  << "b:1000"
22:09:41.127 [main] DEBUG o.a.h.i.c.BasicClientConnectionManager - Releasing connection org.apache.http.impl.conn.ManagedClientConnectionImpl@136fece2
22:09:41.127 [main] DEBUG o.a.h.i.c.BasicClientConnectionManager - Connection can be kept alive indefinitely
22:09:41.129 [main] DEBUG o.a.h.i.c.BasicClientConnectionManager - Get connection for route {}->http://localhost:8080
22:09:41.130 [main] DEBUG o.a.h.i.c.DefaultClientConnectionOperator - Connecting to localhost:8080
22:09:41.130 [main] DEBUG o.a.h.c.protocol.RequestAddCookies - CookieSpec selected: ignoreCookies
22:09:41.130 [main] DEBUG o.a.h.c.protocol.RequestAuthCache - Auth cache not set in the context
22:09:41.130 [main] DEBUG o.a.h.c.p.RequestTargetAuthentication - Target auth state: UNCHALLENGED
22:09:41.130 [main] DEBUG o.a.h.c.p.RequestProxyAuthentication - Proxy auth state: UNCHALLENGED
22:09:41.130 [main] DEBUG o.a.h.impl.client.DefaultHttpClient - Attempt 1 to execute request
22:09:41.130 [main] DEBUG o.a.h.i.conn.DefaultClientConnection - Sending request: GET /3?c=2&b=4 HTTP/1.1
22:09:41.130 [main] DEBUG org.apache.http.wire -  >> "GET /3?c=2&b=4 HTTP/1.1[\r][\n]"
22:09:41.130 [main] DEBUG org.apache.http.wire -  >> "Accept: */*[\r][\n]"
22:09:41.130 [main] DEBUG org.apache.http.wire -  >> "Host: localhost:8080[\r][\n]"
22:09:41.130 [main] DEBUG org.apache.http.wire -  >> "Connection: Keep-Alive[\r][\n]"
22:09:41.130 [main] DEBUG org.apache.http.wire -  >> "User-Agent: Apache-HttpClient/4.5.3 (Java/13.0.5.1)[\r][\n]"
22:09:41.130 [main] DEBUG org.apache.http.wire -  >> "Accept-Encoding: gzip,deflate[\r][\n]"
22:09:41.130 [main] DEBUG org.apache.http.wire -  >> "[\r][\n]"
22:09:41.130 [main] DEBUG org.apache.http.headers - >> GET /3?c=2&b=4 HTTP/1.1
22:09:41.130 [main] DEBUG org.apache.http.headers - >> Accept: */*
22:09:41.130 [main] DEBUG org.apache.http.headers - >> Host: localhost:8080
22:09:41.130 [main] DEBUG org.apache.http.headers - >> Connection: Keep-Alive
22:09:41.130 [main] DEBUG org.apache.http.headers - >> User-Agent: Apache-HttpClient/4.5.3 (Java/13.0.5.1)
22:09:41.130 [main] DEBUG org.apache.http.headers - >> Accept-Encoding: gzip,deflate
22:09:41.147 [main] DEBUG org.apache.http.wire -  << "HTTP/1.1 200 OK[\r][\n]"
22:09:41.147 [main] DEBUG org.apache.http.wire -  << "Server: Apache-Coyote/1.1[\r][\n]"
22:09:41.147 [main] DEBUG org.apache.http.wire -  << "Content-Type: text/plain;charset=UTF-8[\r][\n]"
22:09:41.147 [main] DEBUG org.apache.http.wire -  << "Content-Length: 6[\r][\n]"
22:09:41.147 [main] DEBUG org.apache.http.wire -  << "Date: Sun, 07 Feb 2021 21:09:41 GMT[\r][\n]"
22:09:41.147 [main] DEBUG org.apache.http.wire -  << "[\r][\n]"
22:09:41.147 [main] DEBUG o.a.h.i.conn.DefaultClientConnection - Receiving response: HTTP/1.1 200 OK
22:09:41.147 [main] DEBUG org.apache.http.headers - << HTTP/1.1 200 OK
22:09:41.147 [main] DEBUG org.apache.http.headers - << Server: Apache-Coyote/1.1
22:09:41.147 [main] DEBUG org.apache.http.headers - << Content-Type: text/plain;charset=UTF-8
22:09:41.147 [main] DEBUG org.apache.http.headers - << Content-Length: 6
22:09:41.147 [main] DEBUG org.apache.http.headers - << Date: Sun, 07 Feb 2021 21:09:41 GMT
22:09:41.147 [main] DEBUG o.a.h.impl.client.DefaultHttpClient - Connection can be kept alive indefinitely
22:09:41.147 [main] DEBUG i.r.i.RequestSpecificationImpl$RestAssuredHttpBuilder - Parsing response as: text/plain;charset=UTF-8
22:09:41.147 [main] DEBUG i.r.i.RequestSpecificationImpl$RestAssuredHttpBuilder - Parsed data to instance of: class org.apache.http.conn.EofSensorInputStream
22:09:41.147 [main] DEBUG org.apache.http.wire -  << "b:1000"
22:09:41.147 [main] DEBUG o.a.h.i.c.BasicClientConnectionManager - Releasing connection org.apache.http.impl.conn.ManagedClientConnectionImpl@5b3755f4
22:09:41.147 [main] DEBUG o.a.h.i.c.BasicClientConnectionManager - Connection can be kept alive indefinitely
22:09:41.149 [main] DEBUG o.a.h.i.c.BasicClientConnectionManager - Get connection for route {}->http://localhost:8080
22:09:41.149 [main] DEBUG o.a.h.i.c.DefaultClientConnectionOperator - Connecting to localhost:8080
22:09:41.149 [main] DEBUG o.a.h.c.protocol.RequestAddCookies - CookieSpec selected: ignoreCookies
22:09:41.149 [main] DEBUG o.a.h.c.protocol.RequestAuthCache - Auth cache not set in the context
22:09:41.149 [main] DEBUG o.a.h.c.p.RequestTargetAuthentication - Target auth state: UNCHALLENGED
22:09:41.149 [main] DEBUG o.a.h.c.p.RequestProxyAuthentication - Proxy auth state: UNCHALLENGED
22:09:41.149 [main] DEBUG o.a.h.impl.client.DefaultHttpClient - Attempt 1 to execute request
22:09:41.149 [main] DEBUG o.a.h.i.conn.DefaultClientConnection - Sending request: GET /3?c=2&b=4 HTTP/1.1
22:09:41.149 [main] DEBUG org.apache.http.wire -  >> "GET /3?c=2&b=4 HTTP/1.1[\r][\n]"
22:09:41.149 [main] DEBUG org.apache.http.wire -  >> "Accept: */*[\r][\n]"
22:09:41.149 [main] DEBUG org.apache.http.wire -  >> "Host: localhost:8080[\r][\n]"
22:09:41.149 [main] DEBUG org.apache.http.wire -  >> "Connection: Keep-Alive[\r][\n]"
22:09:41.149 [main] DEBUG org.apache.http.wire -  >> "User-Agent: Apache-HttpClient/4.5.3 (Java/13.0.5.1)[\r][\n]"
22:09:41.149 [main] DEBUG org.apache.http.wire -  >> "Accept-Encoding: gzip,deflate[\r][\n]"
22:09:41.149 [main] DEBUG org.apache.http.wire -  >> "[\r][\n]"
22:09:41.149 [main] DEBUG org.apache.http.headers - >> GET /3?c=2&b=4 HTTP/1.1
22:09:41.149 [main] DEBUG org.apache.http.headers - >> Accept: */*
22:09:41.149 [main] DEBUG org.apache.http.headers - >> Host: localhost:8080
22:09:41.149 [main] DEBUG org.apache.http.headers - >> Connection: Keep-Alive
22:09:41.149 [main] DEBUG org.apache.http.headers - >> User-Agent: Apache-HttpClient/4.5.3 (Java/13.0.5.1)
22:09:41.149 [main] DEBUG org.apache.http.headers - >> Accept-Encoding: gzip,deflate
22:09:41.167 [main] DEBUG org.apache.http.wire -  << "HTTP/1.1 200 OK[\r][\n]"
22:09:41.167 [main] DEBUG org.apache.http.wire -  << "Server: Apache-Coyote/1.1[\r][\n]"
22:09:41.167 [main] DEBUG org.apache.http.wire -  << "Content-Type: text/plain;charset=UTF-8[\r][\n]"
22:09:41.167 [main] DEBUG org.apache.http.wire -  << "Content-Length: 6[\r][\n]"
22:09:41.167 [main] DEBUG org.apache.http.wire -  << "Date: Sun, 07 Feb 2021 21:09:41 GMT[\r][\n]"
22:09:41.167 [main] DEBUG org.apache.http.wire -  << "[\r][\n]"
22:09:41.167 [main] DEBUG o.a.h.i.conn.DefaultClientConnection - Receiving response: HTTP/1.1 200 OK
22:09:41.167 [main] DEBUG org.apache.http.headers - << HTTP/1.1 200 OK
22:09:41.167 [main] DEBUG org.apache.http.headers - << Server: Apache-Coyote/1.1
22:09:41.167 [main] DEBUG org.apache.http.headers - << Content-Type: text/plain;charset=UTF-8
22:09:41.167 [main] DEBUG org.apache.http.headers - << Content-Length: 6
22:09:41.167 [main] DEBUG org.apache.http.headers - << Date: Sun, 07 Feb 2021 21:09:41 GMT
22:09:41.167 [main] DEBUG o.a.h.impl.client.DefaultHttpClient - Connection can be kept alive indefinitely
22:09:41.168 [main] DEBUG i.r.i.RequestSpecificationImpl$RestAssuredHttpBuilder - Parsing response as: text/plain;charset=UTF-8
22:09:41.168 [main] DEBUG i.r.i.RequestSpecificationImpl$RestAssuredHttpBuilder - Parsed data to instance of: class org.apache.http.conn.EofSensorInputStream
22:09:41.168 [main] DEBUG org.apache.http.wire -  << "b:1000"
22:09:41.168 [main] DEBUG o.a.h.i.c.BasicClientConnectionManager - Releasing connection org.apache.http.impl.conn.ManagedClientConnectionImpl@1bdafb01
22:09:41.168 [main] DEBUG o.a.h.i.c.BasicClientConnectionManager - Connection can be kept alive indefinitely
22:09:41.170 [main] DEBUG o.a.h.i.c.BasicClientConnectionManager - Get connection for route {}->http://localhost:8080
22:09:41.170 [main] DEBUG o.a.h.i.c.DefaultClientConnectionOperator - Connecting to localhost:8080
22:09:41.171 [main] DEBUG o.a.h.c.protocol.RequestAddCookies - CookieSpec selected: ignoreCookies
22:09:41.171 [main] DEBUG o.a.h.c.protocol.RequestAuthCache - Auth cache not set in the context
22:09:41.171 [main] DEBUG o.a.h.c.p.RequestTargetAuthentication - Target auth state: UNCHALLENGED
22:09:41.171 [main] DEBUG o.a.h.c.p.RequestProxyAuthentication - Proxy auth state: UNCHALLENGED
22:09:41.171 [main] DEBUG o.a.h.impl.client.DefaultHttpClient - Attempt 1 to execute request
22:09:41.171 [main] DEBUG o.a.h.i.conn.DefaultClientConnection - Sending request: GET /3?c=2&b=4 HTTP/1.1
22:09:41.171 [main] DEBUG org.apache.http.wire -  >> "GET /3?c=2&b=4 HTTP/1.1[\r][\n]"
22:09:41.171 [main] DEBUG org.apache.http.wire -  >> "Accept: */*[\r][\n]"
22:09:41.171 [main] DEBUG org.apache.http.wire -  >> "Host: localhost:8080[\r][\n]"
22:09:41.171 [main] DEBUG org.apache.http.wire -  >> "Connection: Keep-Alive[\r][\n]"
22:09:41.171 [main] DEBUG org.apache.http.wire -  >> "User-Agent: Apache-HttpClient/4.5.3 (Java/13.0.5.1)[\r][\n]"
22:09:41.171 [main] DEBUG org.apache.http.wire -  >> "Accept-Encoding: gzip,deflate[\r][\n]"
22:09:41.171 [main] DEBUG org.apache.http.wire -  >> "[\r][\n]"
22:09:41.171 [main] DEBUG org.apache.http.headers - >> GET /3?c=2&b=4 HTTP/1.1
22:09:41.171 [main] DEBUG org.apache.http.headers - >> Accept: */*
22:09:41.171 [main] DEBUG org.apache.http.headers - >> Host: localhost:8080
22:09:41.171 [main] DEBUG org.apache.http.headers - >> Connection: Keep-Alive
22:09:41.171 [main] DEBUG org.apache.http.headers - >> User-Agent: Apache-HttpClient/4.5.3 (Java/13.0.5.1)
22:09:41.171 [main] DEBUG org.apache.http.headers - >> Accept-Encoding: gzip,deflate
22:09:41.188 [main] DEBUG org.apache.http.wire -  << "HTTP/1.1 200 OK[\r][\n]"
22:09:41.188 [main] DEBUG org.apache.http.wire -  << "Server: Apache-Coyote/1.1[\r][\n]"
22:09:41.188 [main] DEBUG org.apache.http.wire -  << "Content-Type: text/plain;charset=UTF-8[\r][\n]"
22:09:41.188 [main] DEBUG org.apache.http.wire -  << "Content-Length: 6[\r][\n]"
22:09:41.188 [main] DEBUG org.apache.http.wire -  << "Date: Sun, 07 Feb 2021 21:09:41 GMT[\r][\n]"
22:09:41.188 [main] DEBUG org.apache.http.wire -  << "[\r][\n]"
22:09:41.188 [main] DEBUG o.a.h.i.conn.DefaultClientConnection - Receiving response: HTTP/1.1 200 OK
22:09:41.188 [main] DEBUG org.apache.http.headers - << HTTP/1.1 200 OK
22:09:41.188 [main] DEBUG org.apache.http.headers - << Server: Apache-Coyote/1.1
22:09:41.188 [main] DEBUG org.apache.http.headers - << Content-Type: text/plain;charset=UTF-8
22:09:41.188 [main] DEBUG org.apache.http.headers - << Content-Length: 6
22:09:41.188 [main] DEBUG org.apache.http.headers - << Date: Sun, 07 Feb 2021 21:09:41 GMT
22:09:41.188 [main] DEBUG o.a.h.impl.client.DefaultHttpClient - Connection can be kept alive indefinitely
22:09:41.188 [main] DEBUG i.r.i.RequestSpecificationImpl$RestAssuredHttpBuilder - Parsing response as: text/plain;charset=UTF-8
22:09:41.188 [main] DEBUG i.r.i.RequestSpecificationImpl$RestAssuredHttpBuilder - Parsed data to instance of: class org.apache.http.conn.EofSensorInputStream
22:09:41.188 [main] DEBUG org.apache.http.wire -  << "b:1000"
22:09:41.188 [main] DEBUG o.a.h.i.c.BasicClientConnectionManager - Releasing connection org.apache.http.impl.conn.ManagedClientConnectionImpl@37806be6
22:09:41.188 [main] DEBUG o.a.h.i.c.BasicClientConnectionManager - Connection can be kept alive indefinitely
22:09:41.190 [main] DEBUG o.a.h.i.c.BasicClientConnectionManager - Get connection for route {}->http://localhost:8080
22:09:41.190 [main] DEBUG o.a.h.i.c.DefaultClientConnectionOperator - Connecting to localhost:8080
22:09:41.190 [main] DEBUG o.a.h.c.protocol.RequestAddCookies - CookieSpec selected: ignoreCookies
22:09:41.190 [main] DEBUG o.a.h.c.protocol.RequestAuthCache - Auth cache not set in the context
22:09:41.190 [main] DEBUG o.a.h.c.p.RequestTargetAuthentication - Target auth state: UNCHALLENGED
22:09:41.190 [main] DEBUG o.a.h.c.p.RequestProxyAuthentication - Proxy auth state: UNCHALLENGED
22:09:41.190 [main] DEBUG o.a.h.impl.client.DefaultHttpClient - Attempt 1 to execute request
22:09:41.190 [main] DEBUG o.a.h.i.conn.DefaultClientConnection - Sending request: GET /3?c=2&b=4 HTTP/1.1
22:09:41.190 [main] DEBUG org.apache.http.wire -  >> "GET /3?c=2&b=4 HTTP/1.1[\r][\n]"
22:09:41.190 [main] DEBUG org.apache.http.wire -  >> "Accept: */*[\r][\n]"
22:09:41.190 [main] DEBUG org.apache.http.wire -  >> "Host: localhost:8080[\r][\n]"
22:09:41.190 [main] DEBUG org.apache.http.wire -  >> "Connection: Keep-Alive[\r][\n]"
22:09:41.190 [main] DEBUG org.apache.http.wire -  >> "User-Agent: Apache-HttpClient/4.5.3 (Java/13.0.5.1)[\r][\n]"
22:09:41.190 [main] DEBUG org.apache.http.wire -  >> "Accept-Encoding: gzip,deflate[\r][\n]"
22:09:41.190 [main] DEBUG org.apache.http.wire -  >> "[\r][\n]"
22:09:41.190 [main] DEBUG org.apache.http.headers - >> GET /3?c=2&b=4 HTTP/1.1
22:09:41.190 [main] DEBUG org.apache.http.headers - >> Accept: */*
22:09:41.190 [main] DEBUG org.apache.http.headers - >> Host: localhost:8080
22:09:41.190 [main] DEBUG org.apache.http.headers - >> Connection: Keep-Alive
22:09:41.190 [main] DEBUG org.apache.http.headers - >> User-Agent: Apache-HttpClient/4.5.3 (Java/13.0.5.1)
22:09:41.190 [main] DEBUG org.apache.http.headers - >> Accept-Encoding: gzip,deflate
22:09:41.208 [main] DEBUG org.apache.http.wire -  << "HTTP/1.1 200 OK[\r][\n]"
22:09:41.208 [main] DEBUG org.apache.http.wire -  << "Server: Apache-Coyote/1.1[\r][\n]"
22:09:41.208 [main] DEBUG org.apache.http.wire -  << "Content-Type: text/plain;charset=UTF-8[\r][\n]"
22:09:41.208 [main] DEBUG org.apache.http.wire -  << "Content-Length: 6[\r][\n]"
22:09:41.208 [main] DEBUG org.apache.http.wire -  << "Date: Sun, 07 Feb 2021 21:09:41 GMT[\r][\n]"
22:09:41.208 [main] DEBUG org.apache.http.wire -  << "[\r][\n]"
22:09:41.208 [main] DEBUG o.a.h.i.conn.DefaultClientConnection - Receiving response: HTTP/1.1 200 OK
22:09:41.208 [main] DEBUG org.apache.http.headers - << HTTP/1.1 200 OK
22:09:41.208 [main] DEBUG org.apache.http.headers - << Server: Apache-Coyote/1.1
22:09:41.208 [main] DEBUG org.apache.http.headers - << Content-Type: text/plain;charset=UTF-8
22:09:41.208 [main] DEBUG org.apache.http.headers - << Content-Length: 6
22:09:41.208 [main] DEBUG org.apache.http.headers - << Date: Sun, 07 Feb 2021 21:09:41 GMT
22:09:41.208 [main] DEBUG o.a.h.impl.client.DefaultHttpClient - Connection can be kept alive indefinitely
22:09:41.209 [main] DEBUG i.r.i.RequestSpecificationImpl$RestAssuredHttpBuilder - Parsing response as: text/plain;charset=UTF-8
22:09:41.209 [main] DEBUG i.r.i.RequestSpecificationImpl$RestAssuredHttpBuilder - Parsed data to instance of: class org.apache.http.conn.EofSensorInputStream
22:09:41.209 [main] DEBUG org.apache.http.wire -  << "b:1000"
22:09:41.209 [main] DEBUG o.a.h.i.c.BasicClientConnectionManager - Releasing connection org.apache.http.impl.conn.ManagedClientConnectionImpl@3b33fff9
22:09:41.209 [main] DEBUG o.a.h.i.c.BasicClientConnectionManager - Connection can be kept alive indefinitely
22:09:41.212 [main] DEBUG o.a.h.i.c.BasicClientConnectionManager - Get connection for route {}->http://localhost:8080
22:09:41.212 [main] DEBUG o.a.h.i.c.DefaultClientConnectionOperator - Connecting to localhost:8080
22:09:41.212 [main] DEBUG o.a.h.c.protocol.RequestAddCookies - CookieSpec selected: ignoreCookies
22:09:41.212 [main] DEBUG o.a.h.c.protocol.RequestAuthCache - Auth cache not set in the context
22:09:41.212 [main] DEBUG o.a.h.c.p.RequestTargetAuthentication - Target auth state: UNCHALLENGED
22:09:41.212 [main] DEBUG o.a.h.c.p.RequestProxyAuthentication - Proxy auth state: UNCHALLENGED
22:09:41.212 [main] DEBUG o.a.h.impl.client.DefaultHttpClient - Attempt 1 to execute request
22:09:41.212 [main] DEBUG o.a.h.i.conn.DefaultClientConnection - Sending request: GET /3?c=2&b=4 HTTP/1.1
22:09:41.212 [main] DEBUG org.apache.http.wire -  >> "GET /3?c=2&b=4 HTTP/1.1[\r][\n]"
22:09:41.212 [main] DEBUG org.apache.http.wire -  >> "Accept: */*[\r][\n]"
22:09:41.212 [main] DEBUG org.apache.http.wire -  >> "Host: localhost:8080[\r][\n]"
22:09:41.212 [main] DEBUG org.apache.http.wire -  >> "Connection: Keep-Alive[\r][\n]"
22:09:41.212 [main] DEBUG org.apache.http.wire -  >> "User-Agent: Apache-HttpClient/4.5.3 (Java/13.0.5.1)[\r][\n]"
22:09:41.212 [main] DEBUG org.apache.http.wire -  >> "Accept-Encoding: gzip,deflate[\r][\n]"
22:09:41.212 [main] DEBUG org.apache.http.wire -  >> "[\r][\n]"
22:09:41.212 [main] DEBUG org.apache.http.headers - >> GET /3?c=2&b=4 HTTP/1.1
22:09:41.212 [main] DEBUG org.apache.http.headers - >> Accept: */*
22:09:41.212 [main] DEBUG org.apache.http.headers - >> Host: localhost:8080
22:09:41.212 [main] DEBUG org.apache.http.headers - >> Connection: Keep-Alive
22:09:41.212 [main] DEBUG org.apache.http.headers - >> User-Agent: Apache-HttpClient/4.5.3 (Java/13.0.5.1)
22:09:41.212 [main] DEBUG org.apache.http.headers - >> Accept-Encoding: gzip,deflate
22:09:41.228 [main] DEBUG org.apache.http.wire -  << "HTTP/1.1 200 OK[\r][\n]"
22:09:41.228 [main] DEBUG org.apache.http.wire -  << "Server: Apache-Coyote/1.1[\r][\n]"
22:09:41.228 [main] DEBUG org.apache.http.wire -  << "Content-Type: text/plain;charset=UTF-8[\r][\n]"
22:09:41.228 [main] DEBUG org.apache.http.wire -  << "Content-Length: 6[\r][\n]"
22:09:41.228 [main] DEBUG org.apache.http.wire -  << "Date: Sun, 07 Feb 2021 21:09:41 GMT[\r][\n]"
22:09:41.228 [main] DEBUG org.apache.http.wire -  << "[\r][\n]"
22:09:41.228 [main] DEBUG o.a.h.i.conn.DefaultClientConnection - Receiving response: HTTP/1.1 200 OK
22:09:41.228 [main] DEBUG org.apache.http.headers - << HTTP/1.1 200 OK
22:09:41.228 [main] DEBUG org.apache.http.headers - << Server: Apache-Coyote/1.1
22:09:41.228 [main] DEBUG org.apache.http.headers - << Content-Type: text/plain;charset=UTF-8
22:09:41.228 [main] DEBUG org.apache.http.headers - << Content-Length: 6
22:09:41.228 [main] DEBUG org.apache.http.headers - << Date: Sun, 07 Feb 2021 21:09:41 GMT
22:09:41.228 [main] DEBUG o.a.h.impl.client.DefaultHttpClient - Connection can be kept alive indefinitely
22:09:41.228 [main] DEBUG i.r.i.RequestSpecificationImpl$RestAssuredHttpBuilder - Parsing response as: text/plain;charset=UTF-8
22:09:41.228 [main] DEBUG i.r.i.RequestSpecificationImpl$RestAssuredHttpBuilder - Parsed data to instance of: class org.apache.http.conn.EofSensorInputStream
22:09:41.229 [main] DEBUG org.apache.http.wire -  << "b:1000"
22:09:41.229 [main] DEBUG o.a.h.i.c.BasicClientConnectionManager - Releasing connection org.apache.http.impl.conn.ManagedClientConnectionImpl@1ff463bb
22:09:41.229 [main] DEBUG o.a.h.i.c.BasicClientConnectionManager - Connection can be kept alive indefinitely
22:09:41.233 [main] DEBUG o.a.h.i.c.BasicClientConnectionManager - Get connection for route {}->http://localhost:8080
22:09:41.233 [main] DEBUG o.a.h.i.c.DefaultClientConnectionOperator - Connecting to localhost:8080
22:09:41.234 [main] DEBUG o.a.h.c.protocol.RequestAddCookies - CookieSpec selected: ignoreCookies
22:09:41.234 [main] DEBUG o.a.h.c.protocol.RequestAuthCache - Auth cache not set in the context
22:09:41.234 [main] DEBUG o.a.h.c.p.RequestTargetAuthentication - Target auth state: UNCHALLENGED
22:09:41.234 [main] DEBUG o.a.h.c.p.RequestProxyAuthentication - Proxy auth state: UNCHALLENGED
22:09:41.234 [main] DEBUG o.a.h.impl.client.DefaultHttpClient - Attempt 1 to execute request
22:09:41.234 [main] DEBUG o.a.h.i.conn.DefaultClientConnection - Sending request: GET /3?c=2&b=4 HTTP/1.1
22:09:41.234 [main] DEBUG org.apache.http.wire -  >> "GET /3?c=2&b=4 HTTP/1.1[\r][\n]"
22:09:41.234 [main] DEBUG org.apache.http.wire -  >> "Accept: */*[\r][\n]"
22:09:41.234 [main] DEBUG org.apache.http.wire -  >> "Host: localhost:8080[\r][\n]"
22:09:41.234 [main] DEBUG org.apache.http.wire -  >> "Connection: Keep-Alive[\r][\n]"
22:09:41.234 [main] DEBUG org.apache.http.wire -  >> "User-Agent: Apache-HttpClient/4.5.3 (Java/13.0.5.1)[\r][\n]"
22:09:41.234 [main] DEBUG org.apache.http.wire -  >> "Accept-Encoding: gzip,deflate[\r][\n]"
22:09:41.234 [main] DEBUG org.apache.http.wire -  >> "[\r][\n]"
22:09:41.234 [main] DEBUG org.apache.http.headers - >> GET /3?c=2&b=4 HTTP/1.1
22:09:41.234 [main] DEBUG org.apache.http.headers - >> Accept: */*
22:09:41.234 [main] DEBUG org.apache.http.headers - >> Host: localhost:8080
22:09:41.234 [main] DEBUG org.apache.http.headers - >> Connection: Keep-Alive
22:09:41.234 [main] DEBUG org.apache.http.headers - >> User-Agent: Apache-HttpClient/4.5.3 (Java/13.0.5.1)
22:09:41.234 [main] DEBUG org.apache.http.headers - >> Accept-Encoding: gzip,deflate
22:09:41.255 [main] DEBUG org.apache.http.wire -  << "HTTP/1.1 200 OK[\r][\n]"
22:09:41.255 [main] DEBUG org.apache.http.wire -  << "Server: Apache-Coyote/1.1[\r][\n]"
22:09:41.255 [main] DEBUG org.apache.http.wire -  << "Content-Type: text/plain;charset=UTF-8[\r][\n]"
22:09:41.255 [main] DEBUG org.apache.http.wire -  << "Content-Length: 6[\r][\n]"
22:09:41.255 [main] DEBUG org.apache.http.wire -  << "Date: Sun, 07 Feb 2021 21:09:41 GMT[\r][\n]"
22:09:41.255 [main] DEBUG org.apache.http.wire -  << "[\r][\n]"
22:09:41.255 [main] DEBUG o.a.h.i.conn.DefaultClientConnection - Receiving response: HTTP/1.1 200 OK
22:09:41.255 [main] DEBUG org.apache.http.headers - << HTTP/1.1 200 OK
22:09:41.255 [main] DEBUG org.apache.http.headers - << Server: Apache-Coyote/1.1
22:09:41.255 [main] DEBUG org.apache.http.headers - << Content-Type: text/plain;charset=UTF-8
22:09:41.255 [main] DEBUG org.apache.http.headers - << Content-Length: 6
22:09:41.255 [main] DEBUG org.apache.http.headers - << Date: Sun, 07 Feb 2021 21:09:41 GMT
22:09:41.255 [main] DEBUG o.a.h.impl.client.DefaultHttpClient - Connection can be kept alive indefinitely
22:09:41.255 [main] DEBUG i.r.i.RequestSpecificationImpl$RestAssuredHttpBuilder - Parsing response as: text/plain;charset=UTF-8
22:09:41.255 [main] DEBUG i.r.i.RequestSpecificationImpl$RestAssuredHttpBuilder - Parsed data to instance of: class org.apache.http.conn.EofSensorInputStream
22:09:41.255 [main] DEBUG org.apache.http.wire -  << "b:1000"
22:09:41.256 [main] DEBUG o.a.h.i.c.BasicClientConnectionManager - Releasing connection org.apache.http.impl.conn.ManagedClientConnectionImpl@248d3a
22:09:41.256 [main] DEBUG o.a.h.i.c.BasicClientConnectionManager - Connection can be kept alive indefinitely
22:09:41.258 [main] DEBUG o.a.h.i.c.BasicClientConnectionManager - Get connection for route {}->http://localhost:8080
22:09:41.258 [main] DEBUG o.a.h.i.c.DefaultClientConnectionOperator - Connecting to localhost:8080
22:09:41.258 [main] DEBUG o.a.h.c.protocol.RequestAddCookies - CookieSpec selected: ignoreCookies
22:09:41.258 [main] DEBUG o.a.h.c.protocol.RequestAuthCache - Auth cache not set in the context
22:09:41.258 [main] DEBUG o.a.h.c.p.RequestTargetAuthentication - Target auth state: UNCHALLENGED
22:09:41.258 [main] DEBUG o.a.h.c.p.RequestProxyAuthentication - Proxy auth state: UNCHALLENGED
22:09:41.258 [main] DEBUG o.a.h.impl.client.DefaultHttpClient - Attempt 1 to execute request
22:09:41.258 [main] DEBUG o.a.h.i.conn.DefaultClientConnection - Sending request: GET /3?c=2&b=4 HTTP/1.1
22:09:41.258 [main] DEBUG org.apache.http.wire -  >> "GET /3?c=2&b=4 HTTP/1.1[\r][\n]"
22:09:41.258 [main] DEBUG org.apache.http.wire -  >> "Accept: */*[\r][\n]"
22:09:41.258 [main] DEBUG org.apache.http.wire -  >> "Host: localhost:8080[\r][\n]"
22:09:41.258 [main] DEBUG org.apache.http.wire -  >> "Connection: Keep-Alive[\r][\n]"
22:09:41.258 [main] DEBUG org.apache.http.wire -  >> "User-Agent: Apache-HttpClient/4.5.3 (Java/13.0.5.1)[\r][\n]"
22:09:41.259 [main] DEBUG org.apache.http.wire -  >> "Accept-Encoding: gzip,deflate[\r][\n]"
22:09:41.259 [main] DEBUG org.apache.http.wire -  >> "[\r][\n]"
22:09:41.259 [main] DEBUG org.apache.http.headers - >> GET /3?c=2&b=4 HTTP/1.1
22:09:41.259 [main] DEBUG org.apache.http.headers - >> Accept: */*
22:09:41.259 [main] DEBUG org.apache.http.headers - >> Host: localhost:8080
22:09:41.259 [main] DEBUG org.apache.http.headers - >> Connection: Keep-Alive
22:09:41.259 [main] DEBUG org.apache.http.headers - >> User-Agent: Apache-HttpClient/4.5.3 (Java/13.0.5.1)
22:09:41.259 [main] DEBUG org.apache.http.headers - >> Accept-Encoding: gzip,deflate
22:09:41.277 [main] DEBUG org.apache.http.wire -  << "HTTP/1.1 200 OK[\r][\n]"
22:09:41.277 [main] DEBUG org.apache.http.wire -  << "Server: Apache-Coyote/1.1[\r][\n]"
22:09:41.277 [main] DEBUG org.apache.http.wire -  << "Content-Type: text/plain;charset=UTF-8[\r][\n]"
22:09:41.277 [main] DEBUG org.apache.http.wire -  << "Content-Length: 6[\r][\n]"
22:09:41.277 [main] DEBUG org.apache.http.wire -  << "Date: Sun, 07 Feb 2021 21:09:41 GMT[\r][\n]"
22:09:41.277 [main] DEBUG org.apache.http.wire -  << "[\r][\n]"
22:09:41.277 [main] DEBUG o.a.h.i.conn.DefaultClientConnection - Receiving response: HTTP/1.1 200 OK
22:09:41.277 [main] DEBUG org.apache.http.headers - << HTTP/1.1 200 OK
22:09:41.277 [main] DEBUG org.apache.http.headers - << Server: Apache-Coyote/1.1
22:09:41.277 [main] DEBUG org.apache.http.headers - << Content-Type: text/plain;charset=UTF-8
22:09:41.277 [main] DEBUG org.apache.http.headers - << Content-Length: 6
22:09:41.277 [main] DEBUG org.apache.http.headers - << Date: Sun, 07 Feb 2021 21:09:41 GMT
22:09:41.277 [main] DEBUG o.a.h.impl.client.DefaultHttpClient - Connection can be kept alive indefinitely
22:09:41.277 [main] DEBUG i.r.i.RequestSpecificationImpl$RestAssuredHttpBuilder - Parsing response as: text/plain;charset=UTF-8
22:09:41.277 [main] DEBUG i.r.i.RequestSpecificationImpl$RestAssuredHttpBuilder - Parsed data to instance of: class org.apache.http.conn.EofSensorInputStream
22:09:41.278 [main] DEBUG org.apache.http.wire -  << "b:1000"
22:09:41.278 [main] DEBUG o.a.h.i.c.BasicClientConnectionManager - Releasing connection org.apache.http.impl.conn.ManagedClientConnectionImpl@5af38a4a
22:09:41.279 [main] DEBUG o.a.h.i.c.BasicClientConnectionManager - Connection can be kept alive indefinitely
22:09:41.283 [main] DEBUG o.a.h.i.c.BasicClientConnectionManager - Get connection for route {}->http://localhost:8080
22:09:41.283 [main] DEBUG o.a.h.i.c.DefaultClientConnectionOperator - Connecting to localhost:8080
22:09:41.284 [main] DEBUG o.a.h.c.protocol.RequestAddCookies - CookieSpec selected: ignoreCookies
22:09:41.284 [main] DEBUG o.a.h.c.protocol.RequestAuthCache - Auth cache not set in the context
22:09:41.284 [main] DEBUG o.a.h.c.p.RequestTargetAuthentication - Target auth state: UNCHALLENGED
22:09:41.284 [main] DEBUG o.a.h.c.p.RequestProxyAuthentication - Proxy auth state: UNCHALLENGED
22:09:41.284 [main] DEBUG o.a.h.impl.client.DefaultHttpClient - Attempt 1 to execute request
22:09:41.284 [main] DEBUG o.a.h.i.conn.DefaultClientConnection - Sending request: GET /3?c=2&b=4 HTTP/1.1
22:09:41.284 [main] DEBUG org.apache.http.wire -  >> "GET /3?c=2&b=4 HTTP/1.1[\r][\n]"
22:09:41.284 [main] DEBUG org.apache.http.wire -  >> "Accept: */*[\r][\n]"
22:09:41.284 [main] DEBUG org.apache.http.wire -  >> "Host: localhost:8080[\r][\n]"
22:09:41.284 [main] DEBUG org.apache.http.wire -  >> "Connection: Keep-Alive[\r][\n]"
22:09:41.284 [main] DEBUG org.apache.http.wire -  >> "User-Agent: Apache-HttpClient/4.5.3 (Java/13.0.5.1)[\r][\n]"
22:09:41.284 [main] DEBUG org.apache.http.wire -  >> "Accept-Encoding: gzip,deflate[\r][\n]"
22:09:41.284 [main] DEBUG org.apache.http.wire -  >> "[\r][\n]"
22:09:41.284 [main] DEBUG org.apache.http.headers - >> GET /3?c=2&b=4 HTTP/1.1
22:09:41.284 [main] DEBUG org.apache.http.headers - >> Accept: */*
22:09:41.284 [main] DEBUG org.apache.http.headers - >> Host: localhost:8080
22:09:41.284 [main] DEBUG org.apache.http.headers - >> Connection: Keep-Alive
22:09:41.284 [main] DEBUG org.apache.http.headers - >> User-Agent: Apache-HttpClient/4.5.3 (Java/13.0.5.1)
22:09:41.284 [main] DEBUG org.apache.http.headers - >> Accept-Encoding: gzip,deflate
22:09:41.301 [main] DEBUG org.apache.http.wire -  << "HTTP/1.1 200 OK[\r][\n]"
22:09:41.301 [main] DEBUG org.apache.http.wire -  << "Server: Apache-Coyote/1.1[\r][\n]"
22:09:41.301 [main] DEBUG org.apache.http.wire -  << "Content-Type: text/plain;charset=UTF-8[\r][\n]"
22:09:41.301 [main] DEBUG org.apache.http.wire -  << "Content-Length: 6[\r][\n]"
22:09:41.301 [main] DEBUG org.apache.http.wire -  << "Date: Sun, 07 Feb 2021 21:09:41 GMT[\r][\n]"
22:09:41.301 [main] DEBUG org.apache.http.wire -  << "[\r][\n]"
22:09:41.301 [main] DEBUG o.a.h.i.conn.DefaultClientConnection - Receiving response: HTTP/1.1 200 OK
22:09:41.301 [main] DEBUG org.apache.http.headers - << HTTP/1.1 200 OK
22:09:41.301 [main] DEBUG org.apache.http.headers - << Server: Apache-Coyote/1.1
22:09:41.301 [main] DEBUG org.apache.http.headers - << Content-Type: text/plain;charset=UTF-8
22:09:41.301 [main] DEBUG org.apache.http.headers - << Content-Length: 6
22:09:41.301 [main] DEBUG org.apache.http.headers - << Date: Sun, 07 Feb 2021 21:09:41 GMT
22:09:41.301 [main] DEBUG o.a.h.impl.client.DefaultHttpClient - Connection can be kept alive indefinitely
22:09:41.301 [main] DEBUG i.r.i.RequestSpecificationImpl$RestAssuredHttpBuilder - Parsing response as: text/plain;charset=UTF-8
22:09:41.301 [main] DEBUG i.r.i.RequestSpecificationImpl$RestAssuredHttpBuilder - Parsed data to instance of: class org.apache.http.conn.EofSensorInputStream
22:09:41.302 [main] DEBUG org.apache.http.wire -  << "b:1000"
22:09:41.302 [main] DEBUG o.a.h.i.c.BasicClientConnectionManager - Releasing connection org.apache.http.impl.conn.ManagedClientConnectionImpl@5d800a56
22:09:41.302 [main] DEBUG o.a.h.i.c.BasicClientConnectionManager - Connection can be kept alive indefinitely
22:09:41.304 [main] DEBUG o.a.h.i.c.BasicClientConnectionManager - Get connection for route {}->http://localhost:8080
22:09:41.304 [main] DEBUG o.a.h.i.c.DefaultClientConnectionOperator - Connecting to localhost:8080
22:09:41.304 [main] DEBUG o.a.h.c.protocol.RequestAddCookies - CookieSpec selected: ignoreCookies
22:09:41.304 [main] DEBUG o.a.h.c.protocol.RequestAuthCache - Auth cache not set in the context
22:09:41.304 [main] DEBUG o.a.h.c.p.RequestTargetAuthentication - Target auth state: UNCHALLENGED
22:09:41.304 [main] DEBUG o.a.h.c.p.RequestProxyAuthentication - Proxy auth state: UNCHALLENGED
22:09:41.304 [main] DEBUG o.a.h.impl.client.DefaultHttpClient - Attempt 1 to execute request
22:09:41.304 [main] DEBUG o.a.h.i.conn.DefaultClientConnection - Sending request: GET /3?c=2&b=4 HTTP/1.1
22:09:41.304 [main] DEBUG org.apache.http.wire -  >> "GET /3?c=2&b=4 HTTP/1.1[\r][\n]"
22:09:41.304 [main] DEBUG org.apache.http.wire -  >> "Accept: */*[\r][\n]"
22:09:41.304 [main] DEBUG org.apache.http.wire -  >> "Host: localhost:8080[\r][\n]"
22:09:41.304 [main] DEBUG org.apache.http.wire -  >> "Connection: Keep-Alive[\r][\n]"
22:09:41.304 [main] DEBUG org.apache.http.wire -  >> "User-Agent: Apache-HttpClient/4.5.3 (Java/13.0.5.1)[\r][\n]"
22:09:41.304 [main] DEBUG org.apache.http.wire -  >> "Accept-Encoding: gzip,deflate[\r][\n]"
22:09:41.304 [main] DEBUG org.apache.http.wire -  >> "[\r][\n]"
22:09:41.304 [main] DEBUG org.apache.http.headers - >> GET /3?c=2&b=4 HTTP/1.1
22:09:41.304 [main] DEBUG org.apache.http.headers - >> Accept: */*
22:09:41.304 [main] DEBUG org.apache.http.headers - >> Host: localhost:8080
22:09:41.304 [main] DEBUG org.apache.http.headers - >> Connection: Keep-Alive
22:09:41.304 [main] DEBUG org.apache.http.headers - >> User-Agent: Apache-HttpClient/4.5.3 (Java/13.0.5.1)
22:09:41.304 [main] DEBUG org.apache.http.headers - >> Accept-Encoding: gzip,deflate
22:09:41.324 [main] DEBUG org.apache.http.wire -  << "HTTP/1.1 200 OK[\r][\n]"
22:09:41.324 [main] DEBUG org.apache.http.wire -  << "Server: Apache-Coyote/1.1[\r][\n]"
22:09:41.324 [main] DEBUG org.apache.http.wire -  << "Content-Type: text/plain;charset=UTF-8[\r][\n]"
22:09:41.324 [main] DEBUG org.apache.http.wire -  << "Content-Length: 6[\r][\n]"
22:09:41.324 [main] DEBUG org.apache.http.wire -  << "Date: Sun, 07 Feb 2021 21:09:41 GMT[\r][\n]"
22:09:41.324 [main] DEBUG org.apache.http.wire -  << "[\r][\n]"
22:09:41.324 [main] DEBUG o.a.h.i.conn.DefaultClientConnection - Receiving response: HTTP/1.1 200 OK
22:09:41.324 [main] DEBUG org.apache.http.headers - << HTTP/1.1 200 OK
22:09:41.324 [main] DEBUG org.apache.http.headers - << Server: Apache-Coyote/1.1
22:09:41.324 [main] DEBUG org.apache.http.headers - << Content-Type: text/plain;charset=UTF-8
22:09:41.324 [main] DEBUG org.apache.http.headers - << Content-Length: 6
22:09:41.324 [main] DEBUG org.apache.http.headers - << Date: Sun, 07 Feb 2021 21:09:41 GMT
22:09:41.324 [main] DEBUG o.a.h.impl.client.DefaultHttpClient - Connection can be kept alive indefinitely
22:09:41.325 [main] DEBUG i.r.i.RequestSpecificationImpl$RestAssuredHttpBuilder - Parsing response as: text/plain;charset=UTF-8
22:09:41.325 [main] DEBUG i.r.i.RequestSpecificationImpl$RestAssuredHttpBuilder - Parsed data to instance of: class org.apache.http.conn.EofSensorInputStream
22:09:41.325 [main] DEBUG org.apache.http.wire -  << "b:1000"
22:09:41.325 [main] DEBUG o.a.h.i.c.BasicClientConnectionManager - Releasing connection org.apache.http.impl.conn.ManagedClientConnectionImpl@7878bbdb
22:09:41.325 [main] DEBUG o.a.h.i.c.BasicClientConnectionManager - Connection can be kept alive indefinitely
22:09:41.327 [main] DEBUG o.a.h.i.c.BasicClientConnectionManager - Get connection for route {}->http://localhost:8080
22:09:41.327 [main] DEBUG o.a.h.i.c.DefaultClientConnectionOperator - Connecting to localhost:8080
22:09:41.328 [main] DEBUG o.a.h.c.protocol.RequestAddCookies - CookieSpec selected: ignoreCookies
22:09:41.328 [main] DEBUG o.a.h.c.protocol.RequestAuthCache - Auth cache not set in the context
22:09:41.328 [main] DEBUG o.a.h.c.p.RequestTargetAuthentication - Target auth state: UNCHALLENGED
22:09:41.328 [main] DEBUG o.a.h.c.p.RequestProxyAuthentication - Proxy auth state: UNCHALLENGED
22:09:41.328 [main] DEBUG o.a.h.impl.client.DefaultHttpClient - Attempt 1 to execute request
22:09:41.328 [main] DEBUG o.a.h.i.conn.DefaultClientConnection - Sending request: GET /3?c=2&b=4 HTTP/1.1
22:09:41.328 [main] DEBUG org.apache.http.wire -  >> "GET /3?c=2&b=4 HTTP/1.1[\r][\n]"
22:09:41.328 [main] DEBUG org.apache.http.wire -  >> "Accept: */*[\r][\n]"
22:09:41.328 [main] DEBUG org.apache.http.wire -  >> "Host: localhost:8080[\r][\n]"
22:09:41.328 [main] DEBUG org.apache.http.wire -  >> "Connection: Keep-Alive[\r][\n]"
22:09:41.328 [main] DEBUG org.apache.http.wire -  >> "User-Agent: Apache-HttpClient/4.5.3 (Java/13.0.5.1)[\r][\n]"
22:09:41.328 [main] DEBUG org.apache.http.wire -  >> "Accept-Encoding: gzip,deflate[\r][\n]"
22:09:41.328 [main] DEBUG org.apache.http.wire -  >> "[\r][\n]"
22:09:41.328 [main] DEBUG org.apache.http.headers - >> GET /3?c=2&b=4 HTTP/1.1
22:09:41.328 [main] DEBUG org.apache.http.headers - >> Accept: */*
22:09:41.328 [main] DEBUG org.apache.http.headers - >> Host: localhost:8080
22:09:41.328 [main] DEBUG org.apache.http.headers - >> Connection: Keep-Alive
22:09:41.328 [main] DEBUG org.apache.http.headers - >> User-Agent: Apache-HttpClient/4.5.3 (Java/13.0.5.1)
22:09:41.328 [main] DEBUG org.apache.http.headers - >> Accept-Encoding: gzip,deflate
22:09:41.345 [main] DEBUG org.apache.http.wire -  << "HTTP/1.1 200 OK[\r][\n]"
22:09:41.345 [main] DEBUG org.apache.http.wire -  << "Server: Apache-Coyote/1.1[\r][\n]"
22:09:41.345 [main] DEBUG org.apache.http.wire -  << "Content-Type: text/plain;charset=UTF-8[\r][\n]"
22:09:41.345 [main] DEBUG org.apache.http.wire -  << "Content-Length: 6[\r][\n]"
22:09:41.345 [main] DEBUG org.apache.http.wire -  << "Date: Sun, 07 Feb 2021 21:09:41 GMT[\r][\n]"
22:09:41.345 [main] DEBUG org.apache.http.wire -  << "[\r][\n]"
22:09:41.345 [main] DEBUG o.a.h.i.conn.DefaultClientConnection - Receiving response: HTTP/1.1 200 OK
22:09:41.345 [main] DEBUG org.apache.http.headers - << HTTP/1.1 200 OK
22:09:41.345 [main] DEBUG org.apache.http.headers - << Server: Apache-Coyote/1.1
22:09:41.345 [main] DEBUG org.apache.http.headers - << Content-Type: text/plain;charset=UTF-8
22:09:41.345 [main] DEBUG org.apache.http.headers - << Content-Length: 6
22:09:41.345 [main] DEBUG org.apache.http.headers - << Date: Sun, 07 Feb 2021 21:09:41 GMT
22:09:41.345 [main] DEBUG o.a.h.impl.client.DefaultHttpClient - Connection can be kept alive indefinitely
22:09:41.345 [main] DEBUG i.r.i.RequestSpecificationImpl$RestAssuredHttpBuilder - Parsing response as: text/plain;charset=UTF-8
22:09:41.345 [main] DEBUG i.r.i.RequestSpecificationImpl$RestAssuredHttpBuilder - Parsed data to instance of: class org.apache.http.conn.EofSensorInputStream
22:09:41.346 [main] DEBUG org.apache.http.wire -  << "b:1000"
22:09:41.346 [main] DEBUG o.a.h.i.c.BasicClientConnectionManager - Releasing connection org.apache.http.impl.conn.ManagedClientConnectionImpl@53e28097
22:09:41.346 [main] DEBUG o.a.h.i.c.BasicClientConnectionManager - Connection can be kept alive indefinitely
22:09:41.347 [main] DEBUG o.a.h.i.c.BasicClientConnectionManager - Get connection for route {}->http://localhost:8080
22:09:41.347 [main] DEBUG o.a.h.i.c.DefaultClientConnectionOperator - Connecting to localhost:8080
22:09:41.348 [main] DEBUG o.a.h.c.protocol.RequestAddCookies - CookieSpec selected: ignoreCookies
22:09:41.348 [main] DEBUG o.a.h.c.protocol.RequestAuthCache - Auth cache not set in the context
22:09:41.348 [main] DEBUG o.a.h.c.p.RequestTargetAuthentication - Target auth state: UNCHALLENGED
22:09:41.348 [main] DEBUG o.a.h.c.p.RequestProxyAuthentication - Proxy auth state: UNCHALLENGED
22:09:41.348 [main] DEBUG o.a.h.impl.client.DefaultHttpClient - Attempt 1 to execute request
22:09:41.348 [main] DEBUG o.a.h.i.conn.DefaultClientConnection - Sending request: GET /3?c=2&b=4 HTTP/1.1
22:09:41.348 [main] DEBUG org.apache.http.wire -  >> "GET /3?c=2&b=4 HTTP/1.1[\r][\n]"
22:09:41.348 [main] DEBUG org.apache.http.wire -  >> "Accept: */*[\r][\n]"
22:09:41.348 [main] DEBUG org.apache.http.wire -  >> "Host: localhost:8080[\r][\n]"
22:09:41.348 [main] DEBUG org.apache.http.wire -  >> "Connection: Keep-Alive[\r][\n]"
22:09:41.348 [main] DEBUG org.apache.http.wire -  >> "User-Agent: Apache-HttpClient/4.5.3 (Java/13.0.5.1)[\r][\n]"
22:09:41.348 [main] DEBUG org.apache.http.wire -  >> "Accept-Encoding: gzip,deflate[\r][\n]"
22:09:41.348 [main] DEBUG org.apache.http.wire -  >> "[\r][\n]"
22:09:41.348 [main] DEBUG org.apache.http.headers - >> GET /3?c=2&b=4 HTTP/1.1
22:09:41.348 [main] DEBUG org.apache.http.headers - >> Accept: */*
22:09:41.348 [main] DEBUG org.apache.http.headers - >> Host: localhost:8080
22:09:41.348 [main] DEBUG org.apache.http.headers - >> Connection: Keep-Alive
22:09:41.348 [main] DEBUG org.apache.http.headers - >> User-Agent: Apache-HttpClient/4.5.3 (Java/13.0.5.1)
22:09:41.348 [main] DEBUG org.apache.http.headers - >> Accept-Encoding: gzip,deflate
22:09:41.363 [main] DEBUG org.apache.http.wire -  << "HTTP/1.1 200 OK[\r][\n]"
22:09:41.364 [main] DEBUG org.apache.http.wire -  << "Server: Apache-Coyote/1.1[\r][\n]"
22:09:41.364 [main] DEBUG org.apache.http.wire -  << "Content-Type: text/plain;charset=UTF-8[\r][\n]"
22:09:41.364 [main] DEBUG org.apache.http.wire -  << "Content-Length: 6[\r][\n]"
22:09:41.364 [main] DEBUG org.apache.http.wire -  << "Date: Sun, 07 Feb 2021 21:09:41 GMT[\r][\n]"
22:09:41.364 [main] DEBUG org.apache.http.wire -  << "[\r][\n]"
22:09:41.364 [main] DEBUG o.a.h.i.conn.DefaultClientConnection - Receiving response: HTTP/1.1 200 OK
22:09:41.364 [main] DEBUG org.apache.http.headers - << HTTP/1.1 200 OK
22:09:41.364 [main] DEBUG org.apache.http.headers - << Server: Apache-Coyote/1.1
22:09:41.364 [main] DEBUG org.apache.http.headers - << Content-Type: text/plain;charset=UTF-8
22:09:41.364 [main] DEBUG org.apache.http.headers - << Content-Length: 6
22:09:41.364 [main] DEBUG org.apache.http.headers - << Date: Sun, 07 Feb 2021 21:09:41 GMT
22:09:41.364 [main] DEBUG o.a.h.impl.client.DefaultHttpClient - Connection can be kept alive indefinitely
22:09:41.364 [main] DEBUG i.r.i.RequestSpecificationImpl$RestAssuredHttpBuilder - Parsing response as: text/plain;charset=UTF-8
22:09:41.364 [main] DEBUG i.r.i.RequestSpecificationImpl$RestAssuredHttpBuilder - Parsed data to instance of: class org.apache.http.conn.EofSensorInputStream
22:09:41.365 [main] DEBUG org.apache.http.wire -  << "b:1000"
22:09:41.365 [main] DEBUG o.a.h.i.c.BasicClientConnectionManager - Releasing connection org.apache.http.impl.conn.ManagedClientConnectionImpl@69ba72da
22:09:41.365 [main] DEBUG o.a.h.i.c.BasicClientConnectionManager - Connection can be kept alive indefinitely
22:09:41.369 [main] DEBUG o.a.h.i.c.BasicClientConnectionManager - Get connection for route {}->http://localhost:8080
22:09:41.369 [main] DEBUG o.a.h.i.c.DefaultClientConnectionOperator - Connecting to localhost:8080
22:09:41.369 [main] DEBUG o.a.h.c.protocol.RequestAddCookies - CookieSpec selected: ignoreCookies
22:09:41.370 [main] DEBUG o.a.h.c.protocol.RequestAuthCache - Auth cache not set in the context
22:09:41.370 [main] DEBUG o.a.h.c.p.RequestTargetAuthentication - Target auth state: UNCHALLENGED
22:09:41.370 [main] DEBUG o.a.h.c.p.RequestProxyAuthentication - Proxy auth state: UNCHALLENGED
22:09:41.370 [main] DEBUG o.a.h.impl.client.DefaultHttpClient - Attempt 1 to execute request
22:09:41.370 [main] DEBUG o.a.h.i.conn.DefaultClientConnection - Sending request: GET /3?c=2&b=4 HTTP/1.1
22:09:41.370 [main] DEBUG org.apache.http.wire -  >> "GET /3?c=2&b=4 HTTP/1.1[\r][\n]"
22:09:41.370 [main] DEBUG org.apache.http.wire -  >> "Accept: */*[\r][\n]"
22:09:41.370 [main] DEBUG org.apache.http.wire -  >> "Host: localhost:8080[\r][\n]"
22:09:41.370 [main] DEBUG org.apache.http.wire -  >> "Connection: Keep-Alive[\r][\n]"
22:09:41.370 [main] DEBUG org.apache.http.wire -  >> "User-Agent: Apache-HttpClient/4.5.3 (Java/13.0.5.1)[\r][\n]"
22:09:41.370 [main] DEBUG org.apache.http.wire -  >> "Accept-Encoding: gzip,deflate[\r][\n]"
22:09:41.370 [main] DEBUG org.apache.http.wire -  >> "[\r][\n]"
22:09:41.370 [main] DEBUG org.apache.http.headers - >> GET /3?c=2&b=4 HTTP/1.1
22:09:41.370 [main] DEBUG org.apache.http.headers - >> Accept: */*
22:09:41.370 [main] DEBUG org.apache.http.headers - >> Host: localhost:8080
22:09:41.370 [main] DEBUG org.apache.http.headers - >> Connection: Keep-Alive
22:09:41.370 [main] DEBUG org.apache.http.headers - >> User-Agent: Apache-HttpClient/4.5.3 (Java/13.0.5.1)
22:09:41.370 [main] DEBUG org.apache.http.headers - >> Accept-Encoding: gzip,deflate
22:09:41.387 [main] DEBUG org.apache.http.wire -  << "HTTP/1.1 200 OK[\r][\n]"
22:09:41.387 [main] DEBUG org.apache.http.wire -  << "Server: Apache-Coyote/1.1[\r][\n]"
22:09:41.387 [main] DEBUG org.apache.http.wire -  << "Content-Type: text/plain;charset=UTF-8[\r][\n]"
22:09:41.387 [main] DEBUG org.apache.http.wire -  << "Content-Length: 6[\r][\n]"
22:09:41.387 [main] DEBUG org.apache.http.wire -  << "Date: Sun, 07 Feb 2021 21:09:41 GMT[\r][\n]"
22:09:41.387 [main] DEBUG org.apache.http.wire -  << "[\r][\n]"
22:09:41.387 [main] DEBUG o.a.h.i.conn.DefaultClientConnection - Receiving response: HTTP/1.1 200 OK
22:09:41.387 [main] DEBUG org.apache.http.headers - << HTTP/1.1 200 OK
22:09:41.387 [main] DEBUG org.apache.http.headers - << Server: Apache-Coyote/1.1
22:09:41.387 [main] DEBUG org.apache.http.headers - << Content-Type: text/plain;charset=UTF-8
22:09:41.387 [main] DEBUG org.apache.http.headers - << Content-Length: 6
22:09:41.387 [main] DEBUG org.apache.http.headers - << Date: Sun, 07 Feb 2021 21:09:41 GMT
22:09:41.387 [main] DEBUG o.a.h.impl.client.DefaultHttpClient - Connection can be kept alive indefinitely
22:09:41.387 [main] DEBUG i.r.i.RequestSpecificationImpl$RestAssuredHttpBuilder - Parsing response as: text/plain;charset=UTF-8
22:09:41.387 [main] DEBUG i.r.i.RequestSpecificationImpl$RestAssuredHttpBuilder - Parsed data to instance of: class org.apache.http.conn.EofSensorInputStream
22:09:41.387 [main] DEBUG org.apache.http.wire -  << "b:1000"
22:09:41.387 [main] DEBUG o.a.h.i.c.BasicClientConnectionManager - Releasing connection org.apache.http.impl.conn.ManagedClientConnectionImpl@595ec862
22:09:41.387 [main] DEBUG o.a.h.i.c.BasicClientConnectionManager - Connection can be kept alive indefinitely
22:09:41.390 [main] DEBUG o.a.h.i.c.BasicClientConnectionManager - Get connection for route {}->http://localhost:8080
22:09:41.390 [main] DEBUG o.a.h.i.c.DefaultClientConnectionOperator - Connecting to localhost:8080
22:09:41.390 [main] DEBUG o.a.h.c.protocol.RequestAddCookies - CookieSpec selected: ignoreCookies
22:09:41.390 [main] DEBUG o.a.h.c.protocol.RequestAuthCache - Auth cache not set in the context
22:09:41.390 [main] DEBUG o.a.h.c.p.RequestTargetAuthentication - Target auth state: UNCHALLENGED
22:09:41.390 [main] DEBUG o.a.h.c.p.RequestProxyAuthentication - Proxy auth state: UNCHALLENGED
22:09:41.390 [main] DEBUG o.a.h.impl.client.DefaultHttpClient - Attempt 1 to execute request
22:09:41.390 [main] DEBUG o.a.h.i.conn.DefaultClientConnection - Sending request: GET /3?c=2&b=4 HTTP/1.1
22:09:41.390 [main] DEBUG org.apache.http.wire -  >> "GET /3?c=2&b=4 HTTP/1.1[\r][\n]"
22:09:41.390 [main] DEBUG org.apache.http.wire -  >> "Accept: */*[\r][\n]"
22:09:41.390 [main] DEBUG org.apache.http.wire -  >> "Host: localhost:8080[\r][\n]"
22:09:41.390 [main] DEBUG org.apache.http.wire -  >> "Connection: Keep-Alive[\r][\n]"
22:09:41.390 [main] DEBUG org.apache.http.wire -  >> "User-Agent: Apache-HttpClient/4.5.3 (Java/13.0.5.1)[\r][\n]"
22:09:41.390 [main] DEBUG org.apache.http.wire -  >> "Accept-Encoding: gzip,deflate[\r][\n]"
22:09:41.390 [main] DEBUG org.apache.http.wire -  >> "[\r][\n]"
22:09:41.390 [main] DEBUG org.apache.http.headers - >> GET /3?c=2&b=4 HTTP/1.1
22:09:41.390 [main] DEBUG org.apache.http.headers - >> Accept: */*
22:09:41.390 [main] DEBUG org.apache.http.headers - >> Host: localhost:8080
22:09:41.390 [main] DEBUG org.apache.http.headers - >> Connection: Keep-Alive
22:09:41.390 [main] DEBUG org.apache.http.headers - >> User-Agent: Apache-HttpClient/4.5.3 (Java/13.0.5.1)
22:09:41.390 [main] DEBUG org.apache.http.headers - >> Accept-Encoding: gzip,deflate
22:09:41.408 [main] DEBUG org.apache.http.wire -  << "HTTP/1.1 200 OK[\r][\n]"
22:09:41.408 [main] DEBUG org.apache.http.wire -  << "Server: Apache-Coyote/1.1[\r][\n]"
22:09:41.408 [main] DEBUG org.apache.http.wire -  << "Content-Type: text/plain;charset=UTF-8[\r][\n]"
22:09:41.408 [main] DEBUG org.apache.http.wire -  << "Content-Length: 6[\r][\n]"
22:09:41.408 [main] DEBUG org.apache.http.wire -  << "Date: Sun, 07 Feb 2021 21:09:41 GMT[\r][\n]"
22:09:41.408 [main] DEBUG org.apache.http.wire -  << "[\r][\n]"
22:09:41.408 [main] DEBUG o.a.h.i.conn.DefaultClientConnection - Receiving response: HTTP/1.1 200 OK
22:09:41.408 [main] DEBUG org.apache.http.headers - << HTTP/1.1 200 OK
22:09:41.408 [main] DEBUG org.apache.http.headers - << Server: Apache-Coyote/1.1
22:09:41.408 [main] DEBUG org.apache.http.headers - << Content-Type: text/plain;charset=UTF-8
22:09:41.408 [main] DEBUG org.apache.http.headers - << Content-Length: 6
22:09:41.408 [main] DEBUG org.apache.http.headers - << Date: Sun, 07 Feb 2021 21:09:41 GMT
22:09:41.408 [main] DEBUG o.a.h.impl.client.DefaultHttpClient - Connection can be kept alive indefinitely
22:09:41.408 [main] DEBUG i.r.i.RequestSpecificationImpl$RestAssuredHttpBuilder - Parsing response as: text/plain;charset=UTF-8
22:09:41.408 [main] DEBUG i.r.i.RequestSpecificationImpl$RestAssuredHttpBuilder - Parsed data to instance of: class org.apache.http.conn.EofSensorInputStream
22:09:41.409 [main] DEBUG org.apache.http.wire -  << "b:1000"
22:09:41.409 [main] DEBUG o.a.h.i.c.BasicClientConnectionManager - Releasing connection org.apache.http.impl.conn.ManagedClientConnectionImpl@797f97e3
22:09:41.409 [main] DEBUG o.a.h.i.c.BasicClientConnectionManager - Connection can be kept alive indefinitely
22:09:41.411 [main] DEBUG o.a.h.i.c.BasicClientConnectionManager - Get connection for route {}->http://localhost:8080
22:09:41.411 [main] DEBUG o.a.h.i.c.DefaultClientConnectionOperator - Connecting to localhost:8080
22:09:41.412 [main] DEBUG o.a.h.c.protocol.RequestAddCookies - CookieSpec selected: ignoreCookies
22:09:41.412 [main] DEBUG o.a.h.c.protocol.RequestAuthCache - Auth cache not set in the context
22:09:41.412 [main] DEBUG o.a.h.c.p.RequestTargetAuthentication - Target auth state: UNCHALLENGED
22:09:41.412 [main] DEBUG o.a.h.c.p.RequestProxyAuthentication - Proxy auth state: UNCHALLENGED
22:09:41.412 [main] DEBUG o.a.h.impl.client.DefaultHttpClient - Attempt 1 to execute request
22:09:41.412 [main] DEBUG o.a.h.i.conn.DefaultClientConnection - Sending request: GET /3?c=2&b=4 HTTP/1.1
22:09:41.412 [main] DEBUG org.apache.http.wire -  >> "GET /3?c=2&b=4 HTTP/1.1[\r][\n]"
22:09:41.412 [main] DEBUG org.apache.http.wire -  >> "Accept: */*[\r][\n]"
22:09:41.412 [main] DEBUG org.apache.http.wire -  >> "Host: localhost:8080[\r][\n]"
22:09:41.412 [main] DEBUG org.apache.http.wire -  >> "Connection: Keep-Alive[\r][\n]"
22:09:41.412 [main] DEBUG org.apache.http.wire -  >> "User-Agent: Apache-HttpClient/4.5.3 (Java/13.0.5.1)[\r][\n]"
22:09:41.412 [main] DEBUG org.apache.http.wire -  >> "Accept-Encoding: gzip,deflate[\r][\n]"
22:09:41.412 [main] DEBUG org.apache.http.wire -  >> "[\r][\n]"
22:09:41.412 [main] DEBUG org.apache.http.headers - >> GET /3?c=2&b=4 HTTP/1.1
22:09:41.412 [main] DEBUG org.apache.http.headers - >> Accept: */*
22:09:41.412 [main] DEBUG org.apache.http.headers - >> Host: localhost:8080
22:09:41.412 [main] DEBUG org.apache.http.headers - >> Connection: Keep-Alive
22:09:41.412 [main] DEBUG org.apache.http.headers - >> User-Agent: Apache-HttpClient/4.5.3 (Java/13.0.5.1)
22:09:41.412 [main] DEBUG org.apache.http.headers - >> Accept-Encoding: gzip,deflate
22:09:41.427 [main] DEBUG org.apache.http.wire -  << "HTTP/1.1 200 OK[\r][\n]"
22:09:41.428 [main] DEBUG org.apache.http.wire -  << "Server: Apache-Coyote/1.1[\r][\n]"
22:09:41.428 [main] DEBUG org.apache.http.wire -  << "Content-Type: text/plain;charset=UTF-8[\r][\n]"
22:09:41.428 [main] DEBUG org.apache.http.wire -  << "Content-Length: 6[\r][\n]"
22:09:41.428 [main] DEBUG org.apache.http.wire -  << "Date: Sun, 07 Feb 2021 21:09:41 GMT[\r][\n]"
22:09:41.428 [main] DEBUG org.apache.http.wire -  << "[\r][\n]"
22:09:41.428 [main] DEBUG o.a.h.i.conn.DefaultClientConnection - Receiving response: HTTP/1.1 200 OK
22:09:41.428 [main] DEBUG org.apache.http.headers - << HTTP/1.1 200 OK
22:09:41.428 [main] DEBUG org.apache.http.headers - << Server: Apache-Coyote/1.1
22:09:41.428 [main] DEBUG org.apache.http.headers - << Content-Type: text/plain;charset=UTF-8
22:09:41.428 [main] DEBUG org.apache.http.headers - << Content-Length: 6
22:09:41.428 [main] DEBUG org.apache.http.headers - << Date: Sun, 07 Feb 2021 21:09:41 GMT
22:09:41.428 [main] DEBUG o.a.h.impl.client.DefaultHttpClient - Connection can be kept alive indefinitely
22:09:41.428 [main] DEBUG i.r.i.RequestSpecificationImpl$RestAssuredHttpBuilder - Parsing response as: text/plain;charset=UTF-8
22:09:41.428 [main] DEBUG i.r.i.RequestSpecificationImpl$RestAssuredHttpBuilder - Parsed data to instance of: class org.apache.http.conn.EofSensorInputStream
22:09:41.429 [main] DEBUG org.apache.http.wire -  << "b:1000"
22:09:41.429 [main] DEBUG o.a.h.i.c.BasicClientConnectionManager - Releasing connection org.apache.http.impl.conn.ManagedClientConnectionImpl@302da330
22:09:41.429 [main] DEBUG o.a.h.i.c.BasicClientConnectionManager - Connection can be kept alive indefinitely
22:09:41.432 [main] DEBUG o.a.h.i.c.BasicClientConnectionManager - Get connection for route {}->http://localhost:8080
22:09:41.432 [main] DEBUG o.a.h.i.c.DefaultClientConnectionOperator - Connecting to localhost:8080
22:09:41.433 [main] DEBUG o.a.h.c.protocol.RequestAddCookies - CookieSpec selected: ignoreCookies
22:09:41.433 [main] DEBUG o.a.h.c.protocol.RequestAuthCache - Auth cache not set in the context
22:09:41.433 [main] DEBUG o.a.h.c.p.RequestTargetAuthentication - Target auth state: UNCHALLENGED
22:09:41.433 [main] DEBUG o.a.h.c.p.RequestProxyAuthentication - Proxy auth state: UNCHALLENGED
22:09:41.433 [main] DEBUG o.a.h.impl.client.DefaultHttpClient - Attempt 1 to execute request
22:09:41.433 [main] DEBUG o.a.h.i.conn.DefaultClientConnection - Sending request: GET /3?c=2&b=4 HTTP/1.1
22:09:41.433 [main] DEBUG org.apache.http.wire -  >> "GET /3?c=2&b=4 HTTP/1.1[\r][\n]"
22:09:41.433 [main] DEBUG org.apache.http.wire -  >> "Accept: */*[\r][\n]"
22:09:41.433 [main] DEBUG org.apache.http.wire -  >> "Host: localhost:8080[\r][\n]"
22:09:41.433 [main] DEBUG org.apache.http.wire -  >> "Connection: Keep-Alive[\r][\n]"
22:09:41.433 [main] DEBUG org.apache.http.wire -  >> "User-Agent: Apache-HttpClient/4.5.3 (Java/13.0.5.1)[\r][\n]"
22:09:41.433 [main] DEBUG org.apache.http.wire -  >> "Accept-Encoding: gzip,deflate[\r][\n]"
22:09:41.433 [main] DEBUG org.apache.http.wire -  >> "[\r][\n]"
22:09:41.433 [main] DEBUG org.apache.http.headers - >> GET /3?c=2&b=4 HTTP/1.1
22:09:41.433 [main] DEBUG org.apache.http.headers - >> Accept: */*
22:09:41.433 [main] DEBUG org.apache.http.headers - >> Host: localhost:8080
22:09:41.433 [main] DEBUG org.apache.http.headers - >> Connection: Keep-Alive
22:09:41.433 [main] DEBUG org.apache.http.headers - >> User-Agent: Apache-HttpClient/4.5.3 (Java/13.0.5.1)
22:09:41.433 [main] DEBUG org.apache.http.headers - >> Accept-Encoding: gzip,deflate
22:09:41.451 [main] DEBUG org.apache.http.wire -  << "HTTP/1.1 200 OK[\r][\n]"
22:09:41.451 [main] DEBUG org.apache.http.wire -  << "Server: Apache-Coyote/1.1[\r][\n]"
22:09:41.451 [main] DEBUG org.apache.http.wire -  << "Content-Type: text/plain;charset=UTF-8[\r][\n]"
22:09:41.451 [main] DEBUG org.apache.http.wire -  << "Content-Length: 6[\r][\n]"
22:09:41.451 [main] DEBUG org.apache.http.wire -  << "Date: Sun, 07 Feb 2021 21:09:41 GMT[\r][\n]"
22:09:41.451 [main] DEBUG org.apache.http.wire -  << "[\r][\n]"
22:09:41.451 [main] DEBUG o.a.h.i.conn.DefaultClientConnection - Receiving response: HTTP/1.1 200 OK
22:09:41.451 [main] DEBUG org.apache.http.headers - << HTTP/1.1 200 OK
22:09:41.451 [main] DEBUG org.apache.http.headers - << Server: Apache-Coyote/1.1
22:09:41.451 [main] DEBUG org.apache.http.headers - << Content-Type: text/plain;charset=UTF-8
22:09:41.451 [main] DEBUG org.apache.http.headers - << Content-Length: 6
22:09:41.451 [main] DEBUG org.apache.http.headers - << Date: Sun, 07 Feb 2021 21:09:41 GMT
22:09:41.451 [main] DEBUG o.a.h.impl.client.DefaultHttpClient - Connection can be kept alive indefinitely
22:09:41.451 [main] DEBUG i.r.i.RequestSpecificationImpl$RestAssuredHttpBuilder - Parsing response as: text/plain;charset=UTF-8
22:09:41.451 [main] DEBUG i.r.i.RequestSpecificationImpl$RestAssuredHttpBuilder - Parsed data to instance of: class org.apache.http.conn.EofSensorInputStream
22:09:41.451 [main] DEBUG org.apache.http.wire -  << "b:1000"
22:09:41.451 [main] DEBUG o.a.h.i.c.BasicClientConnectionManager - Releasing connection org.apache.http.impl.conn.ManagedClientConnectionImpl@173b1af1
22:09:41.451 [main] DEBUG o.a.h.i.c.BasicClientConnectionManager - Connection can be kept alive indefinitely
22:09:41.453 [main] DEBUG o.a.h.i.c.BasicClientConnectionManager - Get connection for route {}->http://localhost:8080
22:09:41.453 [main] DEBUG o.a.h.i.c.DefaultClientConnectionOperator - Connecting to localhost:8080
22:09:41.454 [main] DEBUG o.a.h.c.protocol.RequestAddCookies - CookieSpec selected: ignoreCookies
22:09:41.454 [main] DEBUG o.a.h.c.protocol.RequestAuthCache - Auth cache not set in the context
22:09:41.454 [main] DEBUG o.a.h.c.p.RequestTargetAuthentication - Target auth state: UNCHALLENGED
22:09:41.454 [main] DEBUG o.a.h.c.p.RequestProxyAuthentication - Proxy auth state: UNCHALLENGED
22:09:41.454 [main] DEBUG o.a.h.impl.client.DefaultHttpClient - Attempt 1 to execute request
22:09:41.454 [main] DEBUG o.a.h.i.conn.DefaultClientConnection - Sending request: GET /3?c=2&b=4 HTTP/1.1
22:09:41.454 [main] DEBUG org.apache.http.wire -  >> "GET /3?c=2&b=4 HTTP/1.1[\r][\n]"
22:09:41.454 [main] DEBUG org.apache.http.wire -  >> "Accept: */*[\r][\n]"
22:09:41.454 [main] DEBUG org.apache.http.wire -  >> "Host: localhost:8080[\r][\n]"
22:09:41.454 [main] DEBUG org.apache.http.wire -  >> "Connection: Keep-Alive[\r][\n]"
22:09:41.454 [main] DEBUG org.apache.http.wire -  >> "User-Agent: Apache-HttpClient/4.5.3 (Java/13.0.5.1)[\r][\n]"
22:09:41.454 [main] DEBUG org.apache.http.wire -  >> "Accept-Encoding: gzip,deflate[\r][\n]"
22:09:41.454 [main] DEBUG org.apache.http.wire -  >> "[\r][\n]"
22:09:41.454 [main] DEBUG org.apache.http.headers - >> GET /3?c=2&b=4 HTTP/1.1
22:09:41.454 [main] DEBUG org.apache.http.headers - >> Accept: */*
22:09:41.454 [main] DEBUG org.apache.http.headers - >> Host: localhost:8080
22:09:41.454 [main] DEBUG org.apache.http.headers - >> Connection: Keep-Alive
22:09:41.454 [main] DEBUG org.apache.http.headers - >> User-Agent: Apache-HttpClient/4.5.3 (Java/13.0.5.1)
22:09:41.454 [main] DEBUG org.apache.http.headers - >> Accept-Encoding: gzip,deflate
22:09:41.472 [main] DEBUG org.apache.http.wire -  << "HTTP/1.1 200 OK[\r][\n]"
22:09:41.472 [main] DEBUG org.apache.http.wire -  << "Server: Apache-Coyote/1.1[\r][\n]"
22:09:41.472 [main] DEBUG org.apache.http.wire -  << "Content-Type: text/plain;charset=UTF-8[\r][\n]"
22:09:41.472 [main] DEBUG org.apache.http.wire -  << "Content-Length: 6[\r][\n]"
22:09:41.472 [main] DEBUG org.apache.http.wire -  << "Date: Sun, 07 Feb 2021 21:09:41 GMT[\r][\n]"
22:09:41.472 [main] DEBUG org.apache.http.wire -  << "[\r][\n]"
22:09:41.472 [main] DEBUG o.a.h.i.conn.DefaultClientConnection - Receiving response: HTTP/1.1 200 OK
22:09:41.472 [main] DEBUG org.apache.http.headers - << HTTP/1.1 200 OK
22:09:41.472 [main] DEBUG org.apache.http.headers - << Server: Apache-Coyote/1.1
22:09:41.472 [main] DEBUG org.apache.http.headers - << Content-Type: text/plain;charset=UTF-8
22:09:41.472 [main] DEBUG org.apache.http.headers - << Content-Length: 6
22:09:41.472 [main] DEBUG org.apache.http.headers - << Date: Sun, 07 Feb 2021 21:09:41 GMT
22:09:41.472 [main] DEBUG o.a.h.impl.client.DefaultHttpClient - Connection can be kept alive indefinitely
22:09:41.473 [main] DEBUG i.r.i.RequestSpecificationImpl$RestAssuredHttpBuilder - Parsing response as: text/plain;charset=UTF-8
22:09:41.473 [main] DEBUG i.r.i.RequestSpecificationImpl$RestAssuredHttpBuilder - Parsed data to instance of: class org.apache.http.conn.EofSensorInputStream
22:09:41.473 [main] DEBUG org.apache.http.wire -  << "b:1000"
22:09:41.473 [main] DEBUG o.a.h.i.c.BasicClientConnectionManager - Releasing connection org.apache.http.impl.conn.ManagedClientConnectionImpl@204b0f07
22:09:41.473 [main] DEBUG o.a.h.i.c.BasicClientConnectionManager - Connection can be kept alive indefinitely
22:09:41.475 [main] DEBUG o.a.h.i.c.BasicClientConnectionManager - Get connection for route {}->http://localhost:8080
22:09:41.475 [main] DEBUG o.a.h.i.c.DefaultClientConnectionOperator - Connecting to localhost:8080
22:09:41.475 [main] DEBUG o.a.h.c.protocol.RequestAddCookies - CookieSpec selected: ignoreCookies
22:09:41.475 [main] DEBUG o.a.h.c.protocol.RequestAuthCache - Auth cache not set in the context
22:09:41.475 [main] DEBUG o.a.h.c.p.RequestTargetAuthentication - Target auth state: UNCHALLENGED
22:09:41.475 [main] DEBUG o.a.h.c.p.RequestProxyAuthentication - Proxy auth state: UNCHALLENGED
22:09:41.475 [main] DEBUG o.a.h.impl.client.DefaultHttpClient - Attempt 1 to execute request
22:09:41.475 [main] DEBUG o.a.h.i.conn.DefaultClientConnection - Sending request: GET /3?c=2&b=4 HTTP/1.1
22:09:41.475 [main] DEBUG org.apache.http.wire -  >> "GET /3?c=2&b=4 HTTP/1.1[\r][\n]"
22:09:41.475 [main] DEBUG org.apache.http.wire -  >> "Accept: */*[\r][\n]"
22:09:41.475 [main] DEBUG org.apache.http.wire -  >> "Host: localhost:8080[\r][\n]"
22:09:41.475 [main] DEBUG org.apache.http.wire -  >> "Connection: Keep-Alive[\r][\n]"
22:09:41.475 [main] DEBUG org.apache.http.wire -  >> "User-Agent: Apache-HttpClient/4.5.3 (Java/13.0.5.1)[\r][\n]"
22:09:41.475 [main] DEBUG org.apache.http.wire -  >> "Accept-Encoding: gzip,deflate[\r][\n]"
22:09:41.475 [main] DEBUG org.apache.http.wire -  >> "[\r][\n]"
22:09:41.475 [main] DEBUG org.apache.http.headers - >> GET /3?c=2&b=4 HTTP/1.1
22:09:41.476 [main] DEBUG org.apache.http.headers - >> Accept: */*
22:09:41.476 [main] DEBUG org.apache.http.headers - >> Host: localhost:8080
22:09:41.476 [main] DEBUG org.apache.http.headers - >> Connection: Keep-Alive
22:09:41.476 [main] DEBUG org.apache.http.headers - >> User-Agent: Apache-HttpClient/4.5.3 (Java/13.0.5.1)
22:09:41.476 [main] DEBUG org.apache.http.headers - >> Accept-Encoding: gzip,deflate
22:09:41.491 [main] DEBUG org.apache.http.wire -  << "HTTP/1.1 200 OK[\r][\n]"
22:09:41.491 [main] DEBUG org.apache.http.wire -  << "Server: Apache-Coyote/1.1[\r][\n]"
22:09:41.491 [main] DEBUG org.apache.http.wire -  << "Content-Type: text/plain;charset=UTF-8[\r][\n]"
22:09:41.491 [main] DEBUG org.apache.http.wire -  << "Content-Length: 6[\r][\n]"
22:09:41.491 [main] DEBUG org.apache.http.wire -  << "Date: Sun, 07 Feb 2021 21:09:41 GMT[\r][\n]"
22:09:41.491 [main] DEBUG org.apache.http.wire -  << "[\r][\n]"
22:09:41.491 [main] DEBUG o.a.h.i.conn.DefaultClientConnection - Receiving response: HTTP/1.1 200 OK
22:09:41.491 [main] DEBUG org.apache.http.headers - << HTTP/1.1 200 OK
22:09:41.491 [main] DEBUG org.apache.http.headers - << Server: Apache-Coyote/1.1
22:09:41.491 [main] DEBUG org.apache.http.headers - << Content-Type: text/plain;charset=UTF-8
22:09:41.491 [main] DEBUG org.apache.http.headers - << Content-Length: 6
22:09:41.491 [main] DEBUG org.apache.http.headers - << Date: Sun, 07 Feb 2021 21:09:41 GMT
22:09:41.492 [main] DEBUG o.a.h.impl.client.DefaultHttpClient - Connection can be kept alive indefinitely
22:09:41.492 [main] DEBUG i.r.i.RequestSpecificationImpl$RestAssuredHttpBuilder - Parsing response as: text/plain;charset=UTF-8
22:09:41.492 [main] DEBUG i.r.i.RequestSpecificationImpl$RestAssuredHttpBuilder - Parsed data to instance of: class org.apache.http.conn.EofSensorInputStream
22:09:41.492 [main] DEBUG org.apache.http.wire -  << "b:1000"
22:09:41.492 [main] DEBUG o.a.h.i.c.BasicClientConnectionManager - Releasing connection org.apache.http.impl.conn.ManagedClientConnectionImpl@5d9bb69b
22:09:41.492 [main] DEBUG o.a.h.i.c.BasicClientConnectionManager - Connection can be kept alive indefinitely
22:09:41.495 [main] DEBUG o.a.h.i.c.BasicClientConnectionManager - Get connection for route {}->http://localhost:8080
22:09:41.495 [main] DEBUG o.a.h.i.c.DefaultClientConnectionOperator - Connecting to localhost:8080
22:09:41.497 [main] DEBUG o.a.h.c.protocol.RequestAddCookies - CookieSpec selected: ignoreCookies
22:09:41.497 [main] DEBUG o.a.h.c.protocol.RequestAuthCache - Auth cache not set in the context
22:09:41.497 [main] DEBUG o.a.h.c.p.RequestTargetAuthentication - Target auth state: UNCHALLENGED
22:09:41.497 [main] DEBUG o.a.h.c.p.RequestProxyAuthentication - Proxy auth state: UNCHALLENGED
22:09:41.497 [main] DEBUG o.a.h.impl.client.DefaultHttpClient - Attempt 1 to execute request
22:09:41.497 [main] DEBUG o.a.h.i.conn.DefaultClientConnection - Sending request: GET /3?c=2&b=4 HTTP/1.1
22:09:41.497 [main] DEBUG org.apache.http.wire -  >> "GET /3?c=2&b=4 HTTP/1.1[\r][\n]"
22:09:41.497 [main] DEBUG org.apache.http.wire -  >> "Accept: */*[\r][\n]"
22:09:41.497 [main] DEBUG org.apache.http.wire -  >> "Host: localhost:8080[\r][\n]"
22:09:41.497 [main] DEBUG org.apache.http.wire -  >> "Connection: Keep-Alive[\r][\n]"
22:09:41.497 [main] DEBUG org.apache.http.wire -  >> "User-Agent: Apache-HttpClient/4.5.3 (Java/13.0.5.1)[\r][\n]"
22:09:41.497 [main] DEBUG org.apache.http.wire -  >> "Accept-Encoding: gzip,deflate[\r][\n]"
22:09:41.497 [main] DEBUG org.apache.http.wire -  >> "[\r][\n]"
22:09:41.497 [main] DEBUG org.apache.http.headers - >> GET /3?c=2&b=4 HTTP/1.1
22:09:41.497 [main] DEBUG org.apache.http.headers - >> Accept: */*
22:09:41.497 [main] DEBUG org.apache.http.headers - >> Host: localhost:8080
22:09:41.497 [main] DEBUG org.apache.http.headers - >> Connection: Keep-Alive
22:09:41.497 [main] DEBUG org.apache.http.headers - >> User-Agent: Apache-HttpClient/4.5.3 (Java/13.0.5.1)
22:09:41.497 [main] DEBUG org.apache.http.headers - >> Accept-Encoding: gzip,deflate
22:09:41.519 [main] DEBUG org.apache.http.wire -  << "HTTP/1.1 200 OK[\r][\n]"
22:09:41.519 [main] DEBUG org.apache.http.wire -  << "Server: Apache-Coyote/1.1[\r][\n]"
22:09:41.519 [main] DEBUG org.apache.http.wire -  << "Content-Type: text/plain;charset=UTF-8[\r][\n]"
22:09:41.519 [main] DEBUG org.apache.http.wire -  << "Content-Length: 6[\r][\n]"
22:09:41.519 [main] DEBUG org.apache.http.wire -  << "Date: Sun, 07 Feb 2021 21:09:41 GMT[\r][\n]"
22:09:41.519 [main] DEBUG org.apache.http.wire -  << "[\r][\n]"
22:09:41.519 [main] DEBUG o.a.h.i.conn.DefaultClientConnection - Receiving response: HTTP/1.1 200 OK
22:09:41.519 [main] DEBUG org.apache.http.headers - << HTTP/1.1 200 OK
22:09:41.519 [main] DEBUG org.apache.http.headers - << Server: Apache-Coyote/1.1
22:09:41.519 [main] DEBUG org.apache.http.headers - << Content-Type: text/plain;charset=UTF-8
22:09:41.519 [main] DEBUG org.apache.http.headers - << Content-Length: 6
22:09:41.519 [main] DEBUG org.apache.http.headers - << Date: Sun, 07 Feb 2021 21:09:41 GMT
22:09:41.519 [main] DEBUG o.a.h.impl.client.DefaultHttpClient - Connection can be kept alive indefinitely
22:09:41.519 [main] DEBUG i.r.i.RequestSpecificationImpl$RestAssuredHttpBuilder - Parsing response as: text/plain;charset=UTF-8
22:09:41.520 [main] DEBUG i.r.i.RequestSpecificationImpl$RestAssuredHttpBuilder - Parsed data to instance of: class org.apache.http.conn.EofSensorInputStream
22:09:41.520 [main] DEBUG org.apache.http.wire -  << "b:1000"
22:09:41.520 [main] DEBUG o.a.h.i.c.BasicClientConnectionManager - Releasing connection org.apache.http.impl.conn.ManagedClientConnectionImpl@7ffcb232
22:09:41.520 [main] DEBUG o.a.h.i.c.BasicClientConnectionManager - Connection can be kept alive indefinitely
22:09:41.522 [main] DEBUG o.a.h.i.c.BasicClientConnectionManager - Get connection for route {}->http://localhost:8080
22:09:41.522 [main] DEBUG o.a.h.i.c.DefaultClientConnectionOperator - Connecting to localhost:8080
22:09:41.522 [main] DEBUG o.a.h.c.protocol.RequestAddCookies - CookieSpec selected: ignoreCookies
22:09:41.522 [main] DEBUG o.a.h.c.protocol.RequestAuthCache - Auth cache not set in the context
22:09:41.522 [main] DEBUG o.a.h.c.p.RequestTargetAuthentication - Target auth state: UNCHALLENGED
22:09:41.522 [main] DEBUG o.a.h.c.p.RequestProxyAuthentication - Proxy auth state: UNCHALLENGED
22:09:41.522 [main] DEBUG o.a.h.impl.client.DefaultHttpClient - Attempt 1 to execute request
22:09:41.523 [main] DEBUG o.a.h.i.conn.DefaultClientConnection - Sending request: GET /3?c=2&b=4 HTTP/1.1
22:09:41.523 [main] DEBUG org.apache.http.wire -  >> "GET /3?c=2&b=4 HTTP/1.1[\r][\n]"
22:09:41.523 [main] DEBUG org.apache.http.wire -  >> "Accept: */*[\r][\n]"
22:09:41.523 [main] DEBUG org.apache.http.wire -  >> "Host: localhost:8080[\r][\n]"
22:09:41.523 [main] DEBUG org.apache.http.wire -  >> "Connection: Keep-Alive[\r][\n]"
22:09:41.523 [main] DEBUG org.apache.http.wire -  >> "User-Agent: Apache-HttpClient/4.5.3 (Java/13.0.5.1)[\r][\n]"
22:09:41.523 [main] DEBUG org.apache.http.wire -  >> "Accept-Encoding: gzip,deflate[\r][\n]"
22:09:41.523 [main] DEBUG org.apache.http.wire -  >> "[\r][\n]"
22:09:41.523 [main] DEBUG org.apache.http.headers - >> GET /3?c=2&b=4 HTTP/1.1
22:09:41.523 [main] DEBUG org.apache.http.headers - >> Accept: */*
22:09:41.523 [main] DEBUG org.apache.http.headers - >> Host: localhost:8080
22:09:41.523 [main] DEBUG org.apache.http.headers - >> Connection: Keep-Alive
22:09:41.523 [main] DEBUG org.apache.http.headers - >> User-Agent: Apache-HttpClient/4.5.3 (Java/13.0.5.1)
22:09:41.523 [main] DEBUG org.apache.http.headers - >> Accept-Encoding: gzip,deflate
22:09:41.546 [main] DEBUG org.apache.http.wire -  << "HTTP/1.1 200 OK[\r][\n]"
22:09:41.547 [main] DEBUG org.apache.http.wire -  << "Server: Apache-Coyote/1.1[\r][\n]"
22:09:41.547 [main] DEBUG org.apache.http.wire -  << "Content-Type: text/plain;charset=UTF-8[\r][\n]"
22:09:41.547 [main] DEBUG org.apache.http.wire -  << "Content-Length: 6[\r][\n]"
22:09:41.547 [main] DEBUG org.apache.http.wire -  << "Date: Sun, 07 Feb 2021 21:09:41 GMT[\r][\n]"
22:09:41.547 [main] DEBUG org.apache.http.wire -  << "[\r][\n]"
22:09:41.547 [main] DEBUG o.a.h.i.conn.DefaultClientConnection - Receiving response: HTTP/1.1 200 OK
22:09:41.547 [main] DEBUG org.apache.http.headers - << HTTP/1.1 200 OK
22:09:41.547 [main] DEBUG org.apache.http.headers - << Server: Apache-Coyote/1.1
22:09:41.547 [main] DEBUG org.apache.http.headers - << Content-Type: text/plain;charset=UTF-8
22:09:41.547 [main] DEBUG org.apache.http.headers - << Content-Length: 6
22:09:41.547 [main] DEBUG org.apache.http.headers - << Date: Sun, 07 Feb 2021 21:09:41 GMT
22:09:41.547 [main] DEBUG o.a.h.impl.client.DefaultHttpClient - Connection can be kept alive indefinitely
22:09:41.547 [main] DEBUG i.r.i.RequestSpecificationImpl$RestAssuredHttpBuilder - Parsing response as: text/plain;charset=UTF-8
22:09:41.547 [main] DEBUG i.r.i.RequestSpecificationImpl$RestAssuredHttpBuilder - Parsed data to instance of: class org.apache.http.conn.EofSensorInputStream
22:09:41.548 [main] DEBUG org.apache.http.wire -  << "b:1000"
22:09:41.548 [main] DEBUG o.a.h.i.c.BasicClientConnectionManager - Releasing connection org.apache.http.impl.conn.ManagedClientConnectionImpl@2d38db6f
22:09:41.548 [main] DEBUG o.a.h.i.c.BasicClientConnectionManager - Connection can be kept alive indefinitely
22:09:41.552 [main] DEBUG o.a.h.i.c.BasicClientConnectionManager - Get connection for route {}->http://localhost:8080
22:09:41.552 [main] DEBUG o.a.h.i.c.DefaultClientConnectionOperator - Connecting to localhost:8080
22:09:41.554 [main] DEBUG o.a.h.c.protocol.RequestAddCookies - CookieSpec selected: ignoreCookies
22:09:41.554 [main] DEBUG o.a.h.c.protocol.RequestAuthCache - Auth cache not set in the context
22:09:41.554 [main] DEBUG o.a.h.c.p.RequestTargetAuthentication - Target auth state: UNCHALLENGED
22:09:41.555 [main] DEBUG o.a.h.c.p.RequestProxyAuthentication - Proxy auth state: UNCHALLENGED
22:09:41.555 [main] DEBUG o.a.h.impl.client.DefaultHttpClient - Attempt 1 to execute request
22:09:41.555 [main] DEBUG o.a.h.i.conn.DefaultClientConnection - Sending request: GET /3?c=2&b=4 HTTP/1.1
22:09:41.555 [main] DEBUG org.apache.http.wire -  >> "GET /3?c=2&b=4 HTTP/1.1[\r][\n]"
22:09:41.555 [main] DEBUG org.apache.http.wire -  >> "Accept: */*[\r][\n]"
22:09:41.555 [main] DEBUG org.apache.http.wire -  >> "Host: localhost:8080[\r][\n]"
22:09:41.555 [main] DEBUG org.apache.http.wire -  >> "Connection: Keep-Alive[\r][\n]"
22:09:41.555 [main] DEBUG org.apache.http.wire -  >> "User-Agent: Apache-HttpClient/4.5.3 (Java/13.0.5.1)[\r][\n]"
22:09:41.555 [main] DEBUG org.apache.http.wire -  >> "Accept-Encoding: gzip,deflate[\r][\n]"
22:09:41.555 [main] DEBUG org.apache.http.wire -  >> "[\r][\n]"
22:09:41.555 [main] DEBUG org.apache.http.headers - >> GET /3?c=2&b=4 HTTP/1.1
22:09:41.555 [main] DEBUG org.apache.http.headers - >> Accept: */*
22:09:41.555 [main] DEBUG org.apache.http.headers - >> Host: localhost:8080
22:09:41.555 [main] DEBUG org.apache.http.headers - >> Connection: Keep-Alive
22:09:41.555 [main] DEBUG org.apache.http.headers - >> User-Agent: Apache-HttpClient/4.5.3 (Java/13.0.5.1)
22:09:41.555 [main] DEBUG org.apache.http.headers - >> Accept-Encoding: gzip,deflate
22:09:41.579 [main] DEBUG org.apache.http.wire -  << "HTTP/1.1 200 OK[\r][\n]"
22:09:41.579 [main] DEBUG org.apache.http.wire -  << "Server: Apache-Coyote/1.1[\r][\n]"
22:09:41.579 [main] DEBUG org.apache.http.wire -  << "Content-Type: text/plain;charset=UTF-8[\r][\n]"
22:09:41.579 [main] DEBUG org.apache.http.wire -  << "Content-Length: 6[\r][\n]"
22:09:41.579 [main] DEBUG org.apache.http.wire -  << "Date: Sun, 07 Feb 2021 21:09:41 GMT[\r][\n]"
22:09:41.579 [main] DEBUG org.apache.http.wire -  << "[\r][\n]"
22:09:41.579 [main] DEBUG o.a.h.i.conn.DefaultClientConnection - Receiving response: HTTP/1.1 200 OK
22:09:41.579 [main] DEBUG org.apache.http.headers - << HTTP/1.1 200 OK
22:09:41.579 [main] DEBUG org.apache.http.headers - << Server: Apache-Coyote/1.1
22:09:41.579 [main] DEBUG org.apache.http.headers - << Content-Type: text/plain;charset=UTF-8
22:09:41.579 [main] DEBUG org.apache.http.headers - << Content-Length: 6
22:09:41.579 [main] DEBUG org.apache.http.headers - << Date: Sun, 07 Feb 2021 21:09:41 GMT
22:09:41.579 [main] DEBUG o.a.h.impl.client.DefaultHttpClient - Connection can be kept alive indefinitely
22:09:41.579 [main] DEBUG i.r.i.RequestSpecificationImpl$RestAssuredHttpBuilder - Parsing response as: text/plain;charset=UTF-8
22:09:41.579 [main] DEBUG i.r.i.RequestSpecificationImpl$RestAssuredHttpBuilder - Parsed data to instance of: class org.apache.http.conn.EofSensorInputStream
22:09:41.579 [main] DEBUG org.apache.http.wire -  << "b:1000"
22:09:41.579 [main] DEBUG o.a.h.i.c.BasicClientConnectionManager - Releasing connection org.apache.http.impl.conn.ManagedClientConnectionImpl@54e0f76f
22:09:41.579 [main] DEBUG o.a.h.i.c.BasicClientConnectionManager - Connection can be kept alive indefinitely
22:09:41.581 [main] DEBUG o.a.h.i.c.BasicClientConnectionManager - Get connection for route {}->http://localhost:8080
22:09:41.582 [main] DEBUG o.a.h.i.c.DefaultClientConnectionOperator - Connecting to localhost:8080
22:09:41.582 [main] DEBUG o.a.h.c.protocol.RequestAddCookies - CookieSpec selected: ignoreCookies
22:09:41.582 [main] DEBUG o.a.h.c.protocol.RequestAuthCache - Auth cache not set in the context
22:09:41.582 [main] DEBUG o.a.h.c.p.RequestTargetAuthentication - Target auth state: UNCHALLENGED
22:09:41.582 [main] DEBUG o.a.h.c.p.RequestProxyAuthentication - Proxy auth state: UNCHALLENGED
22:09:41.582 [main] DEBUG o.a.h.impl.client.DefaultHttpClient - Attempt 1 to execute request
22:09:41.582 [main] DEBUG o.a.h.i.conn.DefaultClientConnection - Sending request: GET /3?c=2&b=4 HTTP/1.1
22:09:41.582 [main] DEBUG org.apache.http.wire -  >> "GET /3?c=2&b=4 HTTP/1.1[\r][\n]"
22:09:41.582 [main] DEBUG org.apache.http.wire -  >> "Accept: */*[\r][\n]"
22:09:41.582 [main] DEBUG org.apache.http.wire -  >> "Host: localhost:8080[\r][\n]"
22:09:41.582 [main] DEBUG org.apache.http.wire -  >> "Connection: Keep-Alive[\r][\n]"
22:09:41.582 [main] DEBUG org.apache.http.wire -  >> "User-Agent: Apache-HttpClient/4.5.3 (Java/13.0.5.1)[\r][\n]"
22:09:41.582 [main] DEBUG org.apache.http.wire -  >> "Accept-Encoding: gzip,deflate[\r][\n]"
22:09:41.582 [main] DEBUG org.apache.http.wire -  >> "[\r][\n]"
22:09:41.582 [main] DEBUG org.apache.http.headers - >> GET /3?c=2&b=4 HTTP/1.1
22:09:41.582 [main] DEBUG org.apache.http.headers - >> Accept: */*
22:09:41.582 [main] DEBUG org.apache.http.headers - >> Host: localhost:8080
22:09:41.582 [main] DEBUG org.apache.http.headers - >> Connection: Keep-Alive
22:09:41.582 [main] DEBUG org.apache.http.headers - >> User-Agent: Apache-HttpClient/4.5.3 (Java/13.0.5.1)
22:09:41.582 [main] DEBUG org.apache.http.headers - >> Accept-Encoding: gzip,deflate
22:09:41.602 [main] DEBUG org.apache.http.wire -  << "HTTP/1.1 200 OK[\r][\n]"
22:09:41.602 [main] DEBUG org.apache.http.wire -  << "Server: Apache-Coyote/1.1[\r][\n]"
22:09:41.602 [main] DEBUG org.apache.http.wire -  << "Content-Type: text/plain;charset=UTF-8[\r][\n]"
22:09:41.602 [main] DEBUG org.apache.http.wire -  << "Content-Length: 6[\r][\n]"
22:09:41.602 [main] DEBUG org.apache.http.wire -  << "Date: Sun, 07 Feb 2021 21:09:41 GMT[\r][\n]"
22:09:41.602 [main] DEBUG org.apache.http.wire -  << "[\r][\n]"
22:09:41.602 [main] DEBUG o.a.h.i.conn.DefaultClientConnection - Receiving response: HTTP/1.1 200 OK
22:09:41.602 [main] DEBUG org.apache.http.headers - << HTTP/1.1 200 OK
22:09:41.602 [main] DEBUG org.apache.http.headers - << Server: Apache-Coyote/1.1
22:09:41.602 [main] DEBUG org.apache.http.headers - << Content-Type: text/plain;charset=UTF-8
22:09:41.602 [main] DEBUG org.apache.http.headers - << Content-Length: 6
22:09:41.602 [main] DEBUG org.apache.http.headers - << Date: Sun, 07 Feb 2021 21:09:41 GMT
22:09:41.602 [main] DEBUG o.a.h.impl.client.DefaultHttpClient - Connection can be kept alive indefinitely
22:09:41.602 [main] DEBUG i.r.i.RequestSpecificationImpl$RestAssuredHttpBuilder - Parsing response as: text/plain;charset=UTF-8
22:09:41.602 [main] DEBUG i.r.i.RequestSpecificationImpl$RestAssuredHttpBuilder - Parsed data to instance of: class org.apache.http.conn.EofSensorInputStream
22:09:41.602 [main] DEBUG org.apache.http.wire -  << "b:1000"
22:09:41.602 [main] DEBUG o.a.h.i.c.BasicClientConnectionManager - Releasing connection org.apache.http.impl.conn.ManagedClientConnectionImpl@4b09d1c3
22:09:41.602 [main] DEBUG o.a.h.i.c.BasicClientConnectionManager - Connection can be kept alive indefinitely
22:09:41.606 [main] DEBUG o.a.h.i.c.BasicClientConnectionManager - Get connection for route {}->http://localhost:8080
22:09:41.606 [main] DEBUG o.a.h.i.c.DefaultClientConnectionOperator - Connecting to localhost:8080
22:09:41.607 [main] DEBUG o.a.h.c.protocol.RequestAddCookies - CookieSpec selected: ignoreCookies
22:09:41.607 [main] DEBUG o.a.h.c.protocol.RequestAuthCache - Auth cache not set in the context
22:09:41.607 [main] DEBUG o.a.h.c.p.RequestTargetAuthentication - Target auth state: UNCHALLENGED
22:09:41.607 [main] DEBUG o.a.h.c.p.RequestProxyAuthentication - Proxy auth state: UNCHALLENGED
22:09:41.607 [main] DEBUG o.a.h.impl.client.DefaultHttpClient - Attempt 1 to execute request
22:09:41.608 [main] DEBUG o.a.h.i.conn.DefaultClientConnection - Sending request: GET /3?c=2&b=4 HTTP/1.1
22:09:41.608 [main] DEBUG org.apache.http.wire -  >> "GET /3?c=2&b=4 HTTP/1.1[\r][\n]"
22:09:41.608 [main] DEBUG org.apache.http.wire -  >> "Accept: */*[\r][\n]"
22:09:41.608 [main] DEBUG org.apache.http.wire -  >> "Host: localhost:8080[\r][\n]"
22:09:41.608 [main] DEBUG org.apache.http.wire -  >> "Connection: Keep-Alive[\r][\n]"
22:09:41.608 [main] DEBUG org.apache.http.wire -  >> "User-Agent: Apache-HttpClient/4.5.3 (Java/13.0.5.1)[\r][\n]"
22:09:41.608 [main] DEBUG org.apache.http.wire -  >> "Accept-Encoding: gzip,deflate[\r][\n]"
22:09:41.608 [main] DEBUG org.apache.http.wire -  >> "[\r][\n]"
22:09:41.608 [main] DEBUG org.apache.http.headers - >> GET /3?c=2&b=4 HTTP/1.1
22:09:41.608 [main] DEBUG org.apache.http.headers - >> Accept: */*
22:09:41.608 [main] DEBUG org.apache.http.headers - >> Host: localhost:8080
22:09:41.608 [main] DEBUG org.apache.http.headers - >> Connection: Keep-Alive
22:09:41.608 [main] DEBUG org.apache.http.headers - >> User-Agent: Apache-HttpClient/4.5.3 (Java/13.0.5.1)
22:09:41.608 [main] DEBUG org.apache.http.headers - >> Accept-Encoding: gzip,deflate
22:09:41.631 [main] DEBUG org.apache.http.wire -  << "HTTP/1.1 200 OK[\r][\n]"
22:09:41.631 [main] DEBUG org.apache.http.wire -  << "Server: Apache-Coyote/1.1[\r][\n]"
22:09:41.631 [main] DEBUG org.apache.http.wire -  << "Content-Type: text/plain;charset=UTF-8[\r][\n]"
22:09:41.631 [main] DEBUG org.apache.http.wire -  << "Content-Length: 6[\r][\n]"
22:09:41.631 [main] DEBUG org.apache.http.wire -  << "Date: Sun, 07 Feb 2021 21:09:41 GMT[\r][\n]"
22:09:41.631 [main] DEBUG org.apache.http.wire -  << "[\r][\n]"
22:09:41.631 [main] DEBUG o.a.h.i.conn.DefaultClientConnection - Receiving response: HTTP/1.1 200 OK
22:09:41.631 [main] DEBUG org.apache.http.headers - << HTTP/1.1 200 OK
22:09:41.631 [main] DEBUG org.apache.http.headers - << Server: Apache-Coyote/1.1
22:09:41.631 [main] DEBUG org.apache.http.headers - << Content-Type: text/plain;charset=UTF-8
22:09:41.631 [main] DEBUG org.apache.http.headers - << Content-Length: 6
22:09:41.631 [main] DEBUG org.apache.http.headers - << Date: Sun, 07 Feb 2021 21:09:41 GMT
22:09:41.631 [main] DEBUG o.a.h.impl.client.DefaultHttpClient - Connection can be kept alive indefinitely
22:09:41.631 [main] DEBUG i.r.i.RequestSpecificationImpl$RestAssuredHttpBuilder - Parsing response as: text/plain;charset=UTF-8
22:09:41.631 [main] DEBUG i.r.i.RequestSpecificationImpl$RestAssuredHttpBuilder - Parsed data to instance of: class org.apache.http.conn.EofSensorInputStream
22:09:41.632 [main] DEBUG org.apache.http.wire -  << "b:1000"
22:09:41.632 [main] DEBUG o.a.h.i.c.BasicClientConnectionManager - Releasing connection org.apache.http.impl.conn.ManagedClientConnectionImpl@32b95de
22:09:41.632 [main] DEBUG o.a.h.i.c.BasicClientConnectionManager - Connection can be kept alive indefinitely
22:09:41.635 [main] DEBUG o.a.h.i.c.BasicClientConnectionManager - Get connection for route {}->http://localhost:8080
22:09:41.635 [main] DEBUG o.a.h.i.c.DefaultClientConnectionOperator - Connecting to localhost:8080
22:09:41.635 [main] DEBUG o.a.h.c.protocol.RequestAddCookies - CookieSpec selected: ignoreCookies
22:09:41.636 [main] DEBUG o.a.h.c.protocol.RequestAuthCache - Auth cache not set in the context
22:09:41.636 [main] DEBUG o.a.h.c.p.RequestTargetAuthentication - Target auth state: UNCHALLENGED
22:09:41.636 [main] DEBUG o.a.h.c.p.RequestProxyAuthentication - Proxy auth state: UNCHALLENGED
22:09:41.636 [main] DEBUG o.a.h.impl.client.DefaultHttpClient - Attempt 1 to execute request
22:09:41.636 [main] DEBUG o.a.h.i.conn.DefaultClientConnection - Sending request: GET /3?c=2&b=4 HTTP/1.1
22:09:41.636 [main] DEBUG org.apache.http.wire -  >> "GET /3?c=2&b=4 HTTP/1.1[\r][\n]"
22:09:41.636 [main] DEBUG org.apache.http.wire -  >> "Accept: */*[\r][\n]"
22:09:41.636 [main] DEBUG org.apache.http.wire -  >> "Host: localhost:8080[\r][\n]"
22:09:41.636 [main] DEBUG org.apache.http.wire -  >> "Connection: Keep-Alive[\r][\n]"
22:09:41.636 [main] DEBUG org.apache.http.wire -  >> "User-Agent: Apache-HttpClient/4.5.3 (Java/13.0.5.1)[\r][\n]"
22:09:41.636 [main] DEBUG org.apache.http.wire -  >> "Accept-Encoding: gzip,deflate[\r][\n]"
22:09:41.636 [main] DEBUG org.apache.http.wire -  >> "[\r][\n]"
22:09:41.636 [main] DEBUG org.apache.http.headers - >> GET /3?c=2&b=4 HTTP/1.1
22:09:41.636 [main] DEBUG org.apache.http.headers - >> Accept: */*
22:09:41.636 [main] DEBUG org.apache.http.headers - >> Host: localhost:8080
22:09:41.636 [main] DEBUG org.apache.http.headers - >> Connection: Keep-Alive
22:09:41.636 [main] DEBUG org.apache.http.headers - >> User-Agent: Apache-HttpClient/4.5.3 (Java/13.0.5.1)
22:09:41.636 [main] DEBUG org.apache.http.headers - >> Accept-Encoding: gzip,deflate
22:09:41.658 [main] DEBUG org.apache.http.wire -  << "HTTP/1.1 200 OK[\r][\n]"
22:09:41.658 [main] DEBUG org.apache.http.wire -  << "Server: Apache-Coyote/1.1[\r][\n]"
22:09:41.658 [main] DEBUG org.apache.http.wire -  << "Content-Type: text/plain;charset=UTF-8[\r][\n]"
22:09:41.658 [main] DEBUG org.apache.http.wire -  << "Content-Length: 6[\r][\n]"
22:09:41.658 [main] DEBUG org.apache.http.wire -  << "Date: Sun, 07 Feb 2021 21:09:41 GMT[\r][\n]"
22:09:41.658 [main] DEBUG org.apache.http.wire -  << "[\r][\n]"
22:09:41.658 [main] DEBUG o.a.h.i.conn.DefaultClientConnection - Receiving response: HTTP/1.1 200 OK
22:09:41.658 [main] DEBUG org.apache.http.headers - << HTTP/1.1 200 OK
22:09:41.658 [main] DEBUG org.apache.http.headers - << Server: Apache-Coyote/1.1
22:09:41.658 [main] DEBUG org.apache.http.headers - << Content-Type: text/plain;charset=UTF-8
22:09:41.658 [main] DEBUG org.apache.http.headers - << Content-Length: 6
22:09:41.658 [main] DEBUG org.apache.http.headers - << Date: Sun, 07 Feb 2021 21:09:41 GMT
22:09:41.658 [main] DEBUG o.a.h.impl.client.DefaultHttpClient - Connection can be kept alive indefinitely
22:09:41.659 [main] DEBUG i.r.i.RequestSpecificationImpl$RestAssuredHttpBuilder - Parsing response as: text/plain;charset=UTF-8
22:09:41.659 [main] DEBUG i.r.i.RequestSpecificationImpl$RestAssuredHttpBuilder - Parsed data to instance of: class org.apache.http.conn.EofSensorInputStream
22:09:41.659 [main] DEBUG org.apache.http.wire -  << "b:1000"
22:09:41.659 [main] DEBUG o.a.h.i.c.BasicClientConnectionManager - Releasing connection org.apache.http.impl.conn.ManagedClientConnectionImpl@22cd8ec2
22:09:41.659 [main] DEBUG o.a.h.i.c.BasicClientConnectionManager - Connection can be kept alive indefinitely
22:09:41.662 [main] DEBUG o.a.h.i.c.BasicClientConnectionManager - Get connection for route {}->http://localhost:8080
22:09:41.662 [main] DEBUG o.a.h.i.c.DefaultClientConnectionOperator - Connecting to localhost:8080
22:09:41.662 [main] DEBUG o.a.h.c.protocol.RequestAddCookies - CookieSpec selected: ignoreCookies
22:09:41.662 [main] DEBUG o.a.h.c.protocol.RequestAuthCache - Auth cache not set in the context
22:09:41.662 [main] DEBUG o.a.h.c.p.RequestTargetAuthentication - Target auth state: UNCHALLENGED
22:09:41.662 [main] DEBUG o.a.h.c.p.RequestProxyAuthentication - Proxy auth state: UNCHALLENGED
22:09:41.663 [main] DEBUG o.a.h.impl.client.DefaultHttpClient - Attempt 1 to execute request
22:09:41.663 [main] DEBUG o.a.h.i.conn.DefaultClientConnection - Sending request: GET /3?c=2&b=4 HTTP/1.1
22:09:41.663 [main] DEBUG org.apache.http.wire -  >> "GET /3?c=2&b=4 HTTP/1.1[\r][\n]"
22:09:41.663 [main] DEBUG org.apache.http.wire -  >> "Accept: */*[\r][\n]"
22:09:41.663 [main] DEBUG org.apache.http.wire -  >> "Host: localhost:8080[\r][\n]"
22:09:41.663 [main] DEBUG org.apache.http.wire -  >> "Connection: Keep-Alive[\r][\n]"
22:09:41.663 [main] DEBUG org.apache.http.wire -  >> "User-Agent: Apache-HttpClient/4.5.3 (Java/13.0.5.1)[\r][\n]"
22:09:41.663 [main] DEBUG org.apache.http.wire -  >> "Accept-Encoding: gzip,deflate[\r][\n]"
22:09:41.663 [main] DEBUG org.apache.http.wire -  >> "[\r][\n]"
22:09:41.663 [main] DEBUG org.apache.http.headers - >> GET /3?c=2&b=4 HTTP/1.1
22:09:41.663 [main] DEBUG org.apache.http.headers - >> Accept: */*
22:09:41.663 [main] DEBUG org.apache.http.headers - >> Host: localhost:8080
22:09:41.663 [main] DEBUG org.apache.http.headers - >> Connection: Keep-Alive
22:09:41.663 [main] DEBUG org.apache.http.headers - >> User-Agent: Apache-HttpClient/4.5.3 (Java/13.0.5.1)
22:09:41.663 [main] DEBUG org.apache.http.headers - >> Accept-Encoding: gzip,deflate
22:09:41.685 [main] DEBUG org.apache.http.wire -  << "HTTP/1.1 200 OK[\r][\n]"
22:09:41.685 [main] DEBUG org.apache.http.wire -  << "Server: Apache-Coyote/1.1[\r][\n]"
22:09:41.685 [main] DEBUG org.apache.http.wire -  << "Content-Type: text/plain;charset=UTF-8[\r][\n]"
22:09:41.685 [main] DEBUG org.apache.http.wire -  << "Content-Length: 6[\r][\n]"
22:09:41.685 [main] DEBUG org.apache.http.wire -  << "Date: Sun, 07 Feb 2021 21:09:41 GMT[\r][\n]"
22:09:41.685 [main] DEBUG org.apache.http.wire -  << "[\r][\n]"
22:09:41.685 [main] DEBUG o.a.h.i.conn.DefaultClientConnection - Receiving response: HTTP/1.1 200 OK
22:09:41.685 [main] DEBUG org.apache.http.headers - << HTTP/1.1 200 OK
22:09:41.685 [main] DEBUG org.apache.http.headers - << Server: Apache-Coyote/1.1
22:09:41.685 [main] DEBUG org.apache.http.headers - << Content-Type: text/plain;charset=UTF-8
22:09:41.685 [main] DEBUG org.apache.http.headers - << Content-Length: 6
22:09:41.685 [main] DEBUG org.apache.http.headers - << Date: Sun, 07 Feb 2021 21:09:41 GMT
22:09:41.685 [main] DEBUG o.a.h.impl.client.DefaultHttpClient - Connection can be kept alive indefinitely
22:09:41.686 [main] DEBUG i.r.i.RequestSpecificationImpl$RestAssuredHttpBuilder - Parsing response as: text/plain;charset=UTF-8
22:09:41.686 [main] DEBUG i.r.i.RequestSpecificationImpl$RestAssuredHttpBuilder - Parsed data to instance of: class org.apache.http.conn.EofSensorInputStream
22:09:41.686 [main] DEBUG org.apache.http.wire -  << "b:1000"
22:09:41.686 [main] DEBUG o.a.h.i.c.BasicClientConnectionManager - Releasing connection org.apache.http.impl.conn.ManagedClientConnectionImpl@76134b9b
22:09:41.686 [main] DEBUG o.a.h.i.c.BasicClientConnectionManager - Connection can be kept alive indefinitely
22:09:41.689 [main] DEBUG o.a.h.i.c.BasicClientConnectionManager - Get connection for route {}->http://localhost:8080
22:09:41.690 [main] DEBUG o.a.h.i.c.DefaultClientConnectionOperator - Connecting to localhost:8080
22:09:41.690 [main] DEBUG o.a.h.c.protocol.RequestAddCookies - CookieSpec selected: ignoreCookies
22:09:41.690 [main] DEBUG o.a.h.c.protocol.RequestAuthCache - Auth cache not set in the context
22:09:41.690 [main] DEBUG o.a.h.c.p.RequestTargetAuthentication - Target auth state: UNCHALLENGED
22:09:41.690 [main] DEBUG o.a.h.c.p.RequestProxyAuthentication - Proxy auth state: UNCHALLENGED
22:09:41.690 [main] DEBUG o.a.h.impl.client.DefaultHttpClient - Attempt 1 to execute request
22:09:41.690 [main] DEBUG o.a.h.i.conn.DefaultClientConnection - Sending request: GET /3?c=2&b=4 HTTP/1.1
22:09:41.690 [main] DEBUG org.apache.http.wire -  >> "GET /3?c=2&b=4 HTTP/1.1[\r][\n]"
22:09:41.690 [main] DEBUG org.apache.http.wire -  >> "Accept: */*[\r][\n]"
22:09:41.690 [main] DEBUG org.apache.http.wire -  >> "Host: localhost:8080[\r][\n]"
22:09:41.690 [main] DEBUG org.apache.http.wire -  >> "Connection: Keep-Alive[\r][\n]"
22:09:41.690 [main] DEBUG org.apache.http.wire -  >> "User-Agent: Apache-HttpClient/4.5.3 (Java/13.0.5.1)[\r][\n]"
22:09:41.690 [main] DEBUG org.apache.http.wire -  >> "Accept-Encoding: gzip,deflate[\r][\n]"
22:09:41.690 [main] DEBUG org.apache.http.wire -  >> "[\r][\n]"
22:09:41.690 [main] DEBUG org.apache.http.headers - >> GET /3?c=2&b=4 HTTP/1.1
22:09:41.690 [main] DEBUG org.apache.http.headers - >> Accept: */*
22:09:41.690 [main] DEBUG org.apache.http.headers - >> Host: localhost:8080
22:09:41.690 [main] DEBUG org.apache.http.headers - >> Connection: Keep-Alive
22:09:41.690 [main] DEBUG org.apache.http.headers - >> User-Agent: Apache-HttpClient/4.5.3 (Java/13.0.5.1)
22:09:41.690 [main] DEBUG org.apache.http.headers - >> Accept-Encoding: gzip,deflate
22:09:41.711 [main] DEBUG org.apache.http.wire -  << "HTTP/1.1 200 OK[\r][\n]"
22:09:41.711 [main] DEBUG org.apache.http.wire -  << "Server: Apache-Coyote/1.1[\r][\n]"
22:09:41.711 [main] DEBUG org.apache.http.wire -  << "Content-Type: text/plain;charset=UTF-8[\r][\n]"
22:09:41.711 [main] DEBUG org.apache.http.wire -  << "Content-Length: 6[\r][\n]"
22:09:41.711 [main] DEBUG org.apache.http.wire -  << "Date: Sun, 07 Feb 2021 21:09:41 GMT[\r][\n]"
22:09:41.711 [main] DEBUG org.apache.http.wire -  << "[\r][\n]"
22:09:41.711 [main] DEBUG o.a.h.i.conn.DefaultClientConnection - Receiving response: HTTP/1.1 200 OK
22:09:41.711 [main] DEBUG org.apache.http.headers - << HTTP/1.1 200 OK
22:09:41.711 [main] DEBUG org.apache.http.headers - << Server: Apache-Coyote/1.1
22:09:41.711 [main] DEBUG org.apache.http.headers - << Content-Type: text/plain;charset=UTF-8
22:09:41.711 [main] DEBUG org.apache.http.headers - << Content-Length: 6
22:09:41.711 [main] DEBUG org.apache.http.headers - << Date: Sun, 07 Feb 2021 21:09:41 GMT
22:09:41.712 [main] DEBUG o.a.h.impl.client.DefaultHttpClient - Connection can be kept alive indefinitely
22:09:41.712 [main] DEBUG i.r.i.RequestSpecificationImpl$RestAssuredHttpBuilder - Parsing response as: text/plain;charset=UTF-8
22:09:41.712 [main] DEBUG i.r.i.RequestSpecificationImpl$RestAssuredHttpBuilder - Parsed data to instance of: class org.apache.http.conn.EofSensorInputStream
22:09:41.712 [main] DEBUG org.apache.http.wire -  << "b:1000"
22:09:41.712 [main] DEBUG o.a.h.i.c.BasicClientConnectionManager - Releasing connection org.apache.http.impl.conn.ManagedClientConnectionImpl@1131aead
22:09:41.712 [main] DEBUG o.a.h.i.c.BasicClientConnectionManager - Connection can be kept alive indefinitely
str = bbbbbbbbbbbbbbbbbbbbbbbbbbbbbbbbbbbbbbbbbbbbbbbbbb
]]></system-out>
  </testcase>
  <testcase name="GET the winner and verify - 3 Same Highest Bids - 3 Query Parameters - Verify Random Selection #1" classname="User should be able to get the winner" time="1.097">
    <failure message="Verify that bidder is chosen randomly as a or b or c" type="java.lang.AssertionError">java.lang.AssertionError: Verify that bidder is chosen randomly as a or b or c
</failure>
    <system-out><![CDATA[22:09:41.717 [main] DEBUG o.a.h.i.c.BasicClientConnectionManager - Get connection for route {}->http://localhost:8080
22:09:41.717 [main] DEBUG o.a.h.i.c.DefaultClientConnectionOperator - Connecting to localhost:8080
22:09:41.718 [main] DEBUG o.a.h.c.protocol.RequestAddCookies - CookieSpec selected: ignoreCookies
22:09:41.718 [main] DEBUG o.a.h.c.protocol.RequestAuthCache - Auth cache not set in the context
22:09:41.718 [main] DEBUG o.a.h.c.p.RequestTargetAuthentication - Target auth state: UNCHALLENGED
22:09:41.718 [main] DEBUG o.a.h.c.p.RequestProxyAuthentication - Proxy auth state: UNCHALLENGED
22:09:41.718 [main] DEBUG o.a.h.impl.client.DefaultHttpClient - Attempt 1 to execute request
22:09:41.718 [main] DEBUG o.a.h.i.conn.DefaultClientConnection - Sending request: GET /1?a=10&b=6&c=3 HTTP/1.1
22:09:41.718 [main] DEBUG org.apache.http.wire -  >> "GET /1?a=10&b=6&c=3 HTTP/1.1[\r][\n]"
22:09:41.718 [main] DEBUG org.apache.http.wire -  >> "Accept: */*[\r][\n]"
22:09:41.718 [main] DEBUG org.apache.http.wire -  >> "Host: localhost:8080[\r][\n]"
22:09:41.718 [main] DEBUG org.apache.http.wire -  >> "Connection: Keep-Alive[\r][\n]"
22:09:41.718 [main] DEBUG org.apache.http.wire -  >> "User-Agent: Apache-HttpClient/4.5.3 (Java/13.0.5.1)[\r][\n]"
22:09:41.718 [main] DEBUG org.apache.http.wire -  >> "Accept-Encoding: gzip,deflate[\r][\n]"
22:09:41.718 [main] DEBUG org.apache.http.wire -  >> "[\r][\n]"
22:09:41.718 [main] DEBUG org.apache.http.headers - >> GET /1?a=10&b=6&c=3 HTTP/1.1
22:09:41.718 [main] DEBUG org.apache.http.headers - >> Accept: */*
22:09:41.718 [main] DEBUG org.apache.http.headers - >> Host: localhost:8080
22:09:41.718 [main] DEBUG org.apache.http.headers - >> Connection: Keep-Alive
22:09:41.718 [main] DEBUG org.apache.http.headers - >> User-Agent: Apache-HttpClient/4.5.3 (Java/13.0.5.1)
22:09:41.718 [main] DEBUG org.apache.http.headers - >> Accept-Encoding: gzip,deflate
22:09:41.741 [main] DEBUG org.apache.http.wire -  << "HTTP/1.1 200 OK[\r][\n]"
22:09:41.741 [main] DEBUG org.apache.http.wire -  << "Server: Apache-Coyote/1.1[\r][\n]"
22:09:41.741 [main] DEBUG org.apache.http.wire -  << "Content-Type: text/plain;charset=UTF-8[\r][\n]"
22:09:41.741 [main] DEBUG org.apache.http.wire -  << "Content-Length: 6[\r][\n]"
22:09:41.741 [main] DEBUG org.apache.http.wire -  << "Date: Sun, 07 Feb 2021 21:09:41 GMT[\r][\n]"
22:09:41.741 [main] DEBUG org.apache.http.wire -  << "[\r][\n]"
22:09:41.741 [main] DEBUG o.a.h.i.conn.DefaultClientConnection - Receiving response: HTTP/1.1 200 OK
22:09:41.741 [main] DEBUG org.apache.http.headers - << HTTP/1.1 200 OK
22:09:41.741 [main] DEBUG org.apache.http.headers - << Server: Apache-Coyote/1.1
22:09:41.741 [main] DEBUG org.apache.http.headers - << Content-Type: text/plain;charset=UTF-8
22:09:41.741 [main] DEBUG org.apache.http.headers - << Content-Length: 6
22:09:41.741 [main] DEBUG org.apache.http.headers - << Date: Sun, 07 Feb 2021 21:09:41 GMT
22:09:41.742 [main] DEBUG o.a.h.impl.client.DefaultHttpClient - Connection can be kept alive indefinitely
22:09:41.742 [main] DEBUG i.r.i.RequestSpecificationImpl$RestAssuredHttpBuilder - Parsing response as: text/plain;charset=UTF-8
22:09:41.742 [main] DEBUG i.r.i.RequestSpecificationImpl$RestAssuredHttpBuilder - Parsed data to instance of: class org.apache.http.conn.EofSensorInputStream
22:09:41.742 [main] DEBUG org.apache.http.wire -  << "a:1500"
22:09:41.742 [main] DEBUG o.a.h.i.c.BasicClientConnectionManager - Releasing connection org.apache.http.impl.conn.ManagedClientConnectionImpl@26d73519
22:09:41.742 [main] DEBUG o.a.h.i.c.BasicClientConnectionManager - Connection can be kept alive indefinitely
22:09:41.744 [main] DEBUG o.a.h.i.c.BasicClientConnectionManager - Get connection for route {}->http://localhost:8080
22:09:41.745 [main] DEBUG o.a.h.i.c.DefaultClientConnectionOperator - Connecting to localhost:8080
22:09:41.745 [main] DEBUG o.a.h.c.protocol.RequestAddCookies - CookieSpec selected: ignoreCookies
22:09:41.745 [main] DEBUG o.a.h.c.protocol.RequestAuthCache - Auth cache not set in the context
22:09:41.745 [main] DEBUG o.a.h.c.p.RequestTargetAuthentication - Target auth state: UNCHALLENGED
22:09:41.745 [main] DEBUG o.a.h.c.p.RequestProxyAuthentication - Proxy auth state: UNCHALLENGED
22:09:41.745 [main] DEBUG o.a.h.impl.client.DefaultHttpClient - Attempt 1 to execute request
22:09:41.745 [main] DEBUG o.a.h.i.conn.DefaultClientConnection - Sending request: GET /1?a=10&b=6&c=3 HTTP/1.1
22:09:41.745 [main] DEBUG org.apache.http.wire -  >> "GET /1?a=10&b=6&c=3 HTTP/1.1[\r][\n]"
22:09:41.745 [main] DEBUG org.apache.http.wire -  >> "Accept: */*[\r][\n]"
22:09:41.745 [main] DEBUG org.apache.http.wire -  >> "Host: localhost:8080[\r][\n]"
22:09:41.745 [main] DEBUG org.apache.http.wire -  >> "Connection: Keep-Alive[\r][\n]"
22:09:41.745 [main] DEBUG org.apache.http.wire -  >> "User-Agent: Apache-HttpClient/4.5.3 (Java/13.0.5.1)[\r][\n]"
22:09:41.745 [main] DEBUG org.apache.http.wire -  >> "Accept-Encoding: gzip,deflate[\r][\n]"
22:09:41.745 [main] DEBUG org.apache.http.wire -  >> "[\r][\n]"
22:09:41.745 [main] DEBUG org.apache.http.headers - >> GET /1?a=10&b=6&c=3 HTTP/1.1
22:09:41.745 [main] DEBUG org.apache.http.headers - >> Accept: */*
22:09:41.745 [main] DEBUG org.apache.http.headers - >> Host: localhost:8080
22:09:41.745 [main] DEBUG org.apache.http.headers - >> Connection: Keep-Alive
22:09:41.745 [main] DEBUG org.apache.http.headers - >> User-Agent: Apache-HttpClient/4.5.3 (Java/13.0.5.1)
22:09:41.745 [main] DEBUG org.apache.http.headers - >> Accept-Encoding: gzip,deflate
22:09:41.759 [main] DEBUG org.apache.http.wire -  << "HTTP/1.1 200 OK[\r][\n]"
22:09:41.759 [main] DEBUG org.apache.http.wire -  << "Server: Apache-Coyote/1.1[\r][\n]"
22:09:41.759 [main] DEBUG org.apache.http.wire -  << "Content-Type: text/plain;charset=UTF-8[\r][\n]"
22:09:41.759 [main] DEBUG org.apache.http.wire -  << "Content-Length: 6[\r][\n]"
22:09:41.759 [main] DEBUG org.apache.http.wire -  << "Date: Sun, 07 Feb 2021 21:09:41 GMT[\r][\n]"
22:09:41.759 [main] DEBUG org.apache.http.wire -  << "[\r][\n]"
22:09:41.759 [main] DEBUG o.a.h.i.conn.DefaultClientConnection - Receiving response: HTTP/1.1 200 OK
22:09:41.759 [main] DEBUG org.apache.http.headers - << HTTP/1.1 200 OK
22:09:41.759 [main] DEBUG org.apache.http.headers - << Server: Apache-Coyote/1.1
22:09:41.759 [main] DEBUG org.apache.http.headers - << Content-Type: text/plain;charset=UTF-8
22:09:41.759 [main] DEBUG org.apache.http.headers - << Content-Length: 6
22:09:41.759 [main] DEBUG org.apache.http.headers - << Date: Sun, 07 Feb 2021 21:09:41 GMT
22:09:41.759 [main] DEBUG o.a.h.impl.client.DefaultHttpClient - Connection can be kept alive indefinitely
22:09:41.759 [main] DEBUG i.r.i.RequestSpecificationImpl$RestAssuredHttpBuilder - Parsing response as: text/plain;charset=UTF-8
22:09:41.759 [main] DEBUG i.r.i.RequestSpecificationImpl$RestAssuredHttpBuilder - Parsed data to instance of: class org.apache.http.conn.EofSensorInputStream
22:09:41.759 [main] DEBUG org.apache.http.wire -  << "a:1500"
22:09:41.759 [main] DEBUG o.a.h.i.c.BasicClientConnectionManager - Releasing connection org.apache.http.impl.conn.ManagedClientConnectionImpl@71a2df1
22:09:41.759 [main] DEBUG o.a.h.i.c.BasicClientConnectionManager - Connection can be kept alive indefinitely
22:09:41.761 [main] DEBUG o.a.h.i.c.BasicClientConnectionManager - Get connection for route {}->http://localhost:8080
22:09:41.761 [main] DEBUG o.a.h.i.c.DefaultClientConnectionOperator - Connecting to localhost:8080
22:09:41.762 [main] DEBUG o.a.h.c.protocol.RequestAddCookies - CookieSpec selected: ignoreCookies
22:09:41.762 [main] DEBUG o.a.h.c.protocol.RequestAuthCache - Auth cache not set in the context
22:09:41.762 [main] DEBUG o.a.h.c.p.RequestTargetAuthentication - Target auth state: UNCHALLENGED
22:09:41.762 [main] DEBUG o.a.h.c.p.RequestProxyAuthentication - Proxy auth state: UNCHALLENGED
22:09:41.762 [main] DEBUG o.a.h.impl.client.DefaultHttpClient - Attempt 1 to execute request
22:09:41.762 [main] DEBUG o.a.h.i.conn.DefaultClientConnection - Sending request: GET /1?a=10&b=6&c=3 HTTP/1.1
22:09:41.762 [main] DEBUG org.apache.http.wire -  >> "GET /1?a=10&b=6&c=3 HTTP/1.1[\r][\n]"
22:09:41.762 [main] DEBUG org.apache.http.wire -  >> "Accept: */*[\r][\n]"
22:09:41.762 [main] DEBUG org.apache.http.wire -  >> "Host: localhost:8080[\r][\n]"
22:09:41.762 [main] DEBUG org.apache.http.wire -  >> "Connection: Keep-Alive[\r][\n]"
22:09:41.762 [main] DEBUG org.apache.http.wire -  >> "User-Agent: Apache-HttpClient/4.5.3 (Java/13.0.5.1)[\r][\n]"
22:09:41.762 [main] DEBUG org.apache.http.wire -  >> "Accept-Encoding: gzip,deflate[\r][\n]"
22:09:41.762 [main] DEBUG org.apache.http.wire -  >> "[\r][\n]"
22:09:41.762 [main] DEBUG org.apache.http.headers - >> GET /1?a=10&b=6&c=3 HTTP/1.1
22:09:41.762 [main] DEBUG org.apache.http.headers - >> Accept: */*
22:09:41.762 [main] DEBUG org.apache.http.headers - >> Host: localhost:8080
22:09:41.762 [main] DEBUG org.apache.http.headers - >> Connection: Keep-Alive
22:09:41.762 [main] DEBUG org.apache.http.headers - >> User-Agent: Apache-HttpClient/4.5.3 (Java/13.0.5.1)
22:09:41.762 [main] DEBUG org.apache.http.headers - >> Accept-Encoding: gzip,deflate
22:09:41.778 [main] DEBUG org.apache.http.wire -  << "HTTP/1.1 200 OK[\r][\n]"
22:09:41.778 [main] DEBUG org.apache.http.wire -  << "Server: Apache-Coyote/1.1[\r][\n]"
22:09:41.778 [main] DEBUG org.apache.http.wire -  << "Content-Type: text/plain;charset=UTF-8[\r][\n]"
22:09:41.778 [main] DEBUG org.apache.http.wire -  << "Content-Length: 6[\r][\n]"
22:09:41.778 [main] DEBUG org.apache.http.wire -  << "Date: Sun, 07 Feb 2021 21:09:41 GMT[\r][\n]"
22:09:41.778 [main] DEBUG org.apache.http.wire -  << "[\r][\n]"
22:09:41.778 [main] DEBUG o.a.h.i.conn.DefaultClientConnection - Receiving response: HTTP/1.1 200 OK
22:09:41.778 [main] DEBUG org.apache.http.headers - << HTTP/1.1 200 OK
22:09:41.778 [main] DEBUG org.apache.http.headers - << Server: Apache-Coyote/1.1
22:09:41.778 [main] DEBUG org.apache.http.headers - << Content-Type: text/plain;charset=UTF-8
22:09:41.778 [main] DEBUG org.apache.http.headers - << Content-Length: 6
22:09:41.778 [main] DEBUG org.apache.http.headers - << Date: Sun, 07 Feb 2021 21:09:41 GMT
22:09:41.778 [main] DEBUG o.a.h.impl.client.DefaultHttpClient - Connection can be kept alive indefinitely
22:09:41.779 [main] DEBUG i.r.i.RequestSpecificationImpl$RestAssuredHttpBuilder - Parsing response as: text/plain;charset=UTF-8
22:09:41.779 [main] DEBUG i.r.i.RequestSpecificationImpl$RestAssuredHttpBuilder - Parsed data to instance of: class org.apache.http.conn.EofSensorInputStream
22:09:41.780 [main] DEBUG org.apache.http.wire -  << "a:1500"
22:09:41.780 [main] DEBUG o.a.h.i.c.BasicClientConnectionManager - Releasing connection org.apache.http.impl.conn.ManagedClientConnectionImpl@760a2b6e
22:09:41.780 [main] DEBUG o.a.h.i.c.BasicClientConnectionManager - Connection can be kept alive indefinitely
22:09:41.784 [main] DEBUG o.a.h.i.c.BasicClientConnectionManager - Get connection for route {}->http://localhost:8080
22:09:41.784 [main] DEBUG o.a.h.i.c.DefaultClientConnectionOperator - Connecting to localhost:8080
22:09:41.785 [main] DEBUG o.a.h.c.protocol.RequestAddCookies - CookieSpec selected: ignoreCookies
22:09:41.785 [main] DEBUG o.a.h.c.protocol.RequestAuthCache - Auth cache not set in the context
22:09:41.785 [main] DEBUG o.a.h.c.p.RequestTargetAuthentication - Target auth state: UNCHALLENGED
22:09:41.785 [main] DEBUG o.a.h.c.p.RequestProxyAuthentication - Proxy auth state: UNCHALLENGED
22:09:41.785 [main] DEBUG o.a.h.impl.client.DefaultHttpClient - Attempt 1 to execute request
22:09:41.785 [main] DEBUG o.a.h.i.conn.DefaultClientConnection - Sending request: GET /1?a=10&b=6&c=3 HTTP/1.1
22:09:41.785 [main] DEBUG org.apache.http.wire -  >> "GET /1?a=10&b=6&c=3 HTTP/1.1[\r][\n]"
22:09:41.785 [main] DEBUG org.apache.http.wire -  >> "Accept: */*[\r][\n]"
22:09:41.785 [main] DEBUG org.apache.http.wire -  >> "Host: localhost:8080[\r][\n]"
22:09:41.785 [main] DEBUG org.apache.http.wire -  >> "Connection: Keep-Alive[\r][\n]"
22:09:41.785 [main] DEBUG org.apache.http.wire -  >> "User-Agent: Apache-HttpClient/4.5.3 (Java/13.0.5.1)[\r][\n]"
22:09:41.785 [main] DEBUG org.apache.http.wire -  >> "Accept-Encoding: gzip,deflate[\r][\n]"
22:09:41.785 [main] DEBUG org.apache.http.wire -  >> "[\r][\n]"
22:09:41.785 [main] DEBUG org.apache.http.headers - >> GET /1?a=10&b=6&c=3 HTTP/1.1
22:09:41.785 [main] DEBUG org.apache.http.headers - >> Accept: */*
22:09:41.785 [main] DEBUG org.apache.http.headers - >> Host: localhost:8080
22:09:41.785 [main] DEBUG org.apache.http.headers - >> Connection: Keep-Alive
22:09:41.785 [main] DEBUG org.apache.http.headers - >> User-Agent: Apache-HttpClient/4.5.3 (Java/13.0.5.1)
22:09:41.785 [main] DEBUG org.apache.http.headers - >> Accept-Encoding: gzip,deflate
22:09:41.806 [main] DEBUG org.apache.http.wire -  << "HTTP/1.1 200 OK[\r][\n]"
22:09:41.806 [main] DEBUG org.apache.http.wire -  << "Server: Apache-Coyote/1.1[\r][\n]"
22:09:41.806 [main] DEBUG org.apache.http.wire -  << "Content-Type: text/plain;charset=UTF-8[\r][\n]"
22:09:41.806 [main] DEBUG org.apache.http.wire -  << "Content-Length: 6[\r][\n]"
22:09:41.806 [main] DEBUG org.apache.http.wire -  << "Date: Sun, 07 Feb 2021 21:09:41 GMT[\r][\n]"
22:09:41.806 [main] DEBUG org.apache.http.wire -  << "[\r][\n]"
22:09:41.806 [main] DEBUG o.a.h.i.conn.DefaultClientConnection - Receiving response: HTTP/1.1 200 OK
22:09:41.806 [main] DEBUG org.apache.http.headers - << HTTP/1.1 200 OK
22:09:41.806 [main] DEBUG org.apache.http.headers - << Server: Apache-Coyote/1.1
22:09:41.806 [main] DEBUG org.apache.http.headers - << Content-Type: text/plain;charset=UTF-8
22:09:41.806 [main] DEBUG org.apache.http.headers - << Content-Length: 6
22:09:41.806 [main] DEBUG org.apache.http.headers - << Date: Sun, 07 Feb 2021 21:09:41 GMT
22:09:41.806 [main] DEBUG o.a.h.impl.client.DefaultHttpClient - Connection can be kept alive indefinitely
22:09:41.807 [main] DEBUG i.r.i.RequestSpecificationImpl$RestAssuredHttpBuilder - Parsing response as: text/plain;charset=UTF-8
22:09:41.807 [main] DEBUG i.r.i.RequestSpecificationImpl$RestAssuredHttpBuilder - Parsed data to instance of: class org.apache.http.conn.EofSensorInputStream
22:09:41.807 [main] DEBUG org.apache.http.wire -  << "a:1500"
22:09:41.807 [main] DEBUG o.a.h.i.c.BasicClientConnectionManager - Releasing connection org.apache.http.impl.conn.ManagedClientConnectionImpl@340c57e0
22:09:41.807 [main] DEBUG o.a.h.i.c.BasicClientConnectionManager - Connection can be kept alive indefinitely
22:09:41.810 [main] DEBUG o.a.h.i.c.BasicClientConnectionManager - Get connection for route {}->http://localhost:8080
22:09:41.810 [main] DEBUG o.a.h.i.c.DefaultClientConnectionOperator - Connecting to localhost:8080
22:09:41.811 [main] DEBUG o.a.h.c.protocol.RequestAddCookies - CookieSpec selected: ignoreCookies
22:09:41.811 [main] DEBUG o.a.h.c.protocol.RequestAuthCache - Auth cache not set in the context
22:09:41.811 [main] DEBUG o.a.h.c.p.RequestTargetAuthentication - Target auth state: UNCHALLENGED
22:09:41.811 [main] DEBUG o.a.h.c.p.RequestProxyAuthentication - Proxy auth state: UNCHALLENGED
22:09:41.811 [main] DEBUG o.a.h.impl.client.DefaultHttpClient - Attempt 1 to execute request
22:09:41.811 [main] DEBUG o.a.h.i.conn.DefaultClientConnection - Sending request: GET /1?a=10&b=6&c=3 HTTP/1.1
22:09:41.811 [main] DEBUG org.apache.http.wire -  >> "GET /1?a=10&b=6&c=3 HTTP/1.1[\r][\n]"
22:09:41.811 [main] DEBUG org.apache.http.wire -  >> "Accept: */*[\r][\n]"
22:09:41.811 [main] DEBUG org.apache.http.wire -  >> "Host: localhost:8080[\r][\n]"
22:09:41.811 [main] DEBUG org.apache.http.wire -  >> "Connection: Keep-Alive[\r][\n]"
22:09:41.811 [main] DEBUG org.apache.http.wire -  >> "User-Agent: Apache-HttpClient/4.5.3 (Java/13.0.5.1)[\r][\n]"
22:09:41.811 [main] DEBUG org.apache.http.wire -  >> "Accept-Encoding: gzip,deflate[\r][\n]"
22:09:41.811 [main] DEBUG org.apache.http.wire -  >> "[\r][\n]"
22:09:41.811 [main] DEBUG org.apache.http.headers - >> GET /1?a=10&b=6&c=3 HTTP/1.1
22:09:41.811 [main] DEBUG org.apache.http.headers - >> Accept: */*
22:09:41.811 [main] DEBUG org.apache.http.headers - >> Host: localhost:8080
22:09:41.811 [main] DEBUG org.apache.http.headers - >> Connection: Keep-Alive
22:09:41.811 [main] DEBUG org.apache.http.headers - >> User-Agent: Apache-HttpClient/4.5.3 (Java/13.0.5.1)
22:09:41.811 [main] DEBUG org.apache.http.headers - >> Accept-Encoding: gzip,deflate
22:09:41.829 [main] DEBUG org.apache.http.wire -  << "HTTP/1.1 200 OK[\r][\n]"
22:09:41.829 [main] DEBUG org.apache.http.wire -  << "Server: Apache-Coyote/1.1[\r][\n]"
22:09:41.829 [main] DEBUG org.apache.http.wire -  << "Content-Type: text/plain;charset=UTF-8[\r][\n]"
22:09:41.830 [main] DEBUG org.apache.http.wire -  << "Content-Length: 6[\r][\n]"
22:09:41.830 [main] DEBUG org.apache.http.wire -  << "Date: Sun, 07 Feb 2021 21:09:41 GMT[\r][\n]"
22:09:41.830 [main] DEBUG org.apache.http.wire -  << "[\r][\n]"
22:09:41.830 [main] DEBUG o.a.h.i.conn.DefaultClientConnection - Receiving response: HTTP/1.1 200 OK
22:09:41.830 [main] DEBUG org.apache.http.headers - << HTTP/1.1 200 OK
22:09:41.830 [main] DEBUG org.apache.http.headers - << Server: Apache-Coyote/1.1
22:09:41.830 [main] DEBUG org.apache.http.headers - << Content-Type: text/plain;charset=UTF-8
22:09:41.830 [main] DEBUG org.apache.http.headers - << Content-Length: 6
22:09:41.830 [main] DEBUG org.apache.http.headers - << Date: Sun, 07 Feb 2021 21:09:41 GMT
22:09:41.830 [main] DEBUG o.a.h.impl.client.DefaultHttpClient - Connection can be kept alive indefinitely
22:09:41.830 [main] DEBUG i.r.i.RequestSpecificationImpl$RestAssuredHttpBuilder - Parsing response as: text/plain;charset=UTF-8
22:09:41.830 [main] DEBUG i.r.i.RequestSpecificationImpl$RestAssuredHttpBuilder - Parsed data to instance of: class org.apache.http.conn.EofSensorInputStream
22:09:41.831 [main] DEBUG org.apache.http.wire -  << "a:1500"
22:09:41.831 [main] DEBUG o.a.h.i.c.BasicClientConnectionManager - Releasing connection org.apache.http.impl.conn.ManagedClientConnectionImpl@1acc873b
22:09:41.831 [main] DEBUG o.a.h.i.c.BasicClientConnectionManager - Connection can be kept alive indefinitely
22:09:41.834 [main] DEBUG o.a.h.i.c.BasicClientConnectionManager - Get connection for route {}->http://localhost:8080
22:09:41.834 [main] DEBUG o.a.h.i.c.DefaultClientConnectionOperator - Connecting to localhost:8080
22:09:41.835 [main] DEBUG o.a.h.c.protocol.RequestAddCookies - CookieSpec selected: ignoreCookies
22:09:41.835 [main] DEBUG o.a.h.c.protocol.RequestAuthCache - Auth cache not set in the context
22:09:41.835 [main] DEBUG o.a.h.c.p.RequestTargetAuthentication - Target auth state: UNCHALLENGED
22:09:41.835 [main] DEBUG o.a.h.c.p.RequestProxyAuthentication - Proxy auth state: UNCHALLENGED
22:09:41.835 [main] DEBUG o.a.h.impl.client.DefaultHttpClient - Attempt 1 to execute request
22:09:41.835 [main] DEBUG o.a.h.i.conn.DefaultClientConnection - Sending request: GET /1?a=10&b=6&c=3 HTTP/1.1
22:09:41.835 [main] DEBUG org.apache.http.wire -  >> "GET /1?a=10&b=6&c=3 HTTP/1.1[\r][\n]"
22:09:41.835 [main] DEBUG org.apache.http.wire -  >> "Accept: */*[\r][\n]"
22:09:41.835 [main] DEBUG org.apache.http.wire -  >> "Host: localhost:8080[\r][\n]"
22:09:41.835 [main] DEBUG org.apache.http.wire -  >> "Connection: Keep-Alive[\r][\n]"
22:09:41.835 [main] DEBUG org.apache.http.wire -  >> "User-Agent: Apache-HttpClient/4.5.3 (Java/13.0.5.1)[\r][\n]"
22:09:41.835 [main] DEBUG org.apache.http.wire -  >> "Accept-Encoding: gzip,deflate[\r][\n]"
22:09:41.835 [main] DEBUG org.apache.http.wire -  >> "[\r][\n]"
22:09:41.835 [main] DEBUG org.apache.http.headers - >> GET /1?a=10&b=6&c=3 HTTP/1.1
22:09:41.835 [main] DEBUG org.apache.http.headers - >> Accept: */*
22:09:41.835 [main] DEBUG org.apache.http.headers - >> Host: localhost:8080
22:09:41.835 [main] DEBUG org.apache.http.headers - >> Connection: Keep-Alive
22:09:41.835 [main] DEBUG org.apache.http.headers - >> User-Agent: Apache-HttpClient/4.5.3 (Java/13.0.5.1)
22:09:41.835 [main] DEBUG org.apache.http.headers - >> Accept-Encoding: gzip,deflate
22:09:41.853 [main] DEBUG org.apache.http.wire -  << "HTTP/1.1 200 OK[\r][\n]"
22:09:41.853 [main] DEBUG org.apache.http.wire -  << "Server: Apache-Coyote/1.1[\r][\n]"
22:09:41.853 [main] DEBUG org.apache.http.wire -  << "Content-Type: text/plain;charset=UTF-8[\r][\n]"
22:09:41.853 [main] DEBUG org.apache.http.wire -  << "Content-Length: 6[\r][\n]"
22:09:41.853 [main] DEBUG org.apache.http.wire -  << "Date: Sun, 07 Feb 2021 21:09:41 GMT[\r][\n]"
22:09:41.853 [main] DEBUG org.apache.http.wire -  << "[\r][\n]"
22:09:41.853 [main] DEBUG o.a.h.i.conn.DefaultClientConnection - Receiving response: HTTP/1.1 200 OK
22:09:41.853 [main] DEBUG org.apache.http.headers - << HTTP/1.1 200 OK
22:09:41.853 [main] DEBUG org.apache.http.headers - << Server: Apache-Coyote/1.1
22:09:41.853 [main] DEBUG org.apache.http.headers - << Content-Type: text/plain;charset=UTF-8
22:09:41.853 [main] DEBUG org.apache.http.headers - << Content-Length: 6
22:09:41.853 [main] DEBUG org.apache.http.headers - << Date: Sun, 07 Feb 2021 21:09:41 GMT
22:09:41.853 [main] DEBUG o.a.h.impl.client.DefaultHttpClient - Connection can be kept alive indefinitely
22:09:41.853 [main] DEBUG i.r.i.RequestSpecificationImpl$RestAssuredHttpBuilder - Parsing response as: text/plain;charset=UTF-8
22:09:41.853 [main] DEBUG i.r.i.RequestSpecificationImpl$RestAssuredHttpBuilder - Parsed data to instance of: class org.apache.http.conn.EofSensorInputStream
22:09:41.853 [main] DEBUG org.apache.http.wire -  << "a:1500"
22:09:41.853 [main] DEBUG o.a.h.i.c.BasicClientConnectionManager - Releasing connection org.apache.http.impl.conn.ManagedClientConnectionImpl@6a2badb1
22:09:41.853 [main] DEBUG o.a.h.i.c.BasicClientConnectionManager - Connection can be kept alive indefinitely
22:09:41.855 [main] DEBUG o.a.h.i.c.BasicClientConnectionManager - Get connection for route {}->http://localhost:8080
22:09:41.855 [main] DEBUG o.a.h.i.c.DefaultClientConnectionOperator - Connecting to localhost:8080
22:09:41.856 [main] DEBUG o.a.h.c.protocol.RequestAddCookies - CookieSpec selected: ignoreCookies
22:09:41.856 [main] DEBUG o.a.h.c.protocol.RequestAuthCache - Auth cache not set in the context
22:09:41.856 [main] DEBUG o.a.h.c.p.RequestTargetAuthentication - Target auth state: UNCHALLENGED
22:09:41.856 [main] DEBUG o.a.h.c.p.RequestProxyAuthentication - Proxy auth state: UNCHALLENGED
22:09:41.856 [main] DEBUG o.a.h.impl.client.DefaultHttpClient - Attempt 1 to execute request
22:09:41.856 [main] DEBUG o.a.h.i.conn.DefaultClientConnection - Sending request: GET /1?a=10&b=6&c=3 HTTP/1.1
22:09:41.856 [main] DEBUG org.apache.http.wire -  >> "GET /1?a=10&b=6&c=3 HTTP/1.1[\r][\n]"
22:09:41.856 [main] DEBUG org.apache.http.wire -  >> "Accept: */*[\r][\n]"
22:09:41.856 [main] DEBUG org.apache.http.wire -  >> "Host: localhost:8080[\r][\n]"
22:09:41.856 [main] DEBUG org.apache.http.wire -  >> "Connection: Keep-Alive[\r][\n]"
22:09:41.856 [main] DEBUG org.apache.http.wire -  >> "User-Agent: Apache-HttpClient/4.5.3 (Java/13.0.5.1)[\r][\n]"
22:09:41.856 [main] DEBUG org.apache.http.wire -  >> "Accept-Encoding: gzip,deflate[\r][\n]"
22:09:41.856 [main] DEBUG org.apache.http.wire -  >> "[\r][\n]"
22:09:41.856 [main] DEBUG org.apache.http.headers - >> GET /1?a=10&b=6&c=3 HTTP/1.1
22:09:41.856 [main] DEBUG org.apache.http.headers - >> Accept: */*
22:09:41.856 [main] DEBUG org.apache.http.headers - >> Host: localhost:8080
22:09:41.856 [main] DEBUG org.apache.http.headers - >> Connection: Keep-Alive
22:09:41.856 [main] DEBUG org.apache.http.headers - >> User-Agent: Apache-HttpClient/4.5.3 (Java/13.0.5.1)
22:09:41.856 [main] DEBUG org.apache.http.headers - >> Accept-Encoding: gzip,deflate
22:09:41.873 [main] DEBUG org.apache.http.wire -  << "HTTP/1.1 200 OK[\r][\n]"
22:09:41.873 [main] DEBUG org.apache.http.wire -  << "Server: Apache-Coyote/1.1[\r][\n]"
22:09:41.873 [main] DEBUG org.apache.http.wire -  << "Content-Type: text/plain;charset=UTF-8[\r][\n]"
22:09:41.873 [main] DEBUG org.apache.http.wire -  << "Content-Length: 6[\r][\n]"
22:09:41.873 [main] DEBUG org.apache.http.wire -  << "Date: Sun, 07 Feb 2021 21:09:41 GMT[\r][\n]"
22:09:41.873 [main] DEBUG org.apache.http.wire -  << "[\r][\n]"
22:09:41.873 [main] DEBUG o.a.h.i.conn.DefaultClientConnection - Receiving response: HTTP/1.1 200 OK
22:09:41.873 [main] DEBUG org.apache.http.headers - << HTTP/1.1 200 OK
22:09:41.873 [main] DEBUG org.apache.http.headers - << Server: Apache-Coyote/1.1
22:09:41.873 [main] DEBUG org.apache.http.headers - << Content-Type: text/plain;charset=UTF-8
22:09:41.873 [main] DEBUG org.apache.http.headers - << Content-Length: 6
22:09:41.873 [main] DEBUG org.apache.http.headers - << Date: Sun, 07 Feb 2021 21:09:41 GMT
22:09:41.873 [main] DEBUG o.a.h.impl.client.DefaultHttpClient - Connection can be kept alive indefinitely
22:09:41.874 [main] DEBUG i.r.i.RequestSpecificationImpl$RestAssuredHttpBuilder - Parsing response as: text/plain;charset=UTF-8
22:09:41.874 [main] DEBUG i.r.i.RequestSpecificationImpl$RestAssuredHttpBuilder - Parsed data to instance of: class org.apache.http.conn.EofSensorInputStream
22:09:41.874 [main] DEBUG org.apache.http.wire -  << "a:1500"
22:09:41.874 [main] DEBUG o.a.h.i.c.BasicClientConnectionManager - Releasing connection org.apache.http.impl.conn.ManagedClientConnectionImpl@5b1ff8cd
22:09:41.874 [main] DEBUG o.a.h.i.c.BasicClientConnectionManager - Connection can be kept alive indefinitely
22:09:41.876 [main] DEBUG o.a.h.i.c.BasicClientConnectionManager - Get connection for route {}->http://localhost:8080
22:09:41.876 [main] DEBUG o.a.h.i.c.DefaultClientConnectionOperator - Connecting to localhost:8080
22:09:41.876 [main] DEBUG o.a.h.c.protocol.RequestAddCookies - CookieSpec selected: ignoreCookies
22:09:41.877 [main] DEBUG o.a.h.c.protocol.RequestAuthCache - Auth cache not set in the context
22:09:41.877 [main] DEBUG o.a.h.c.p.RequestTargetAuthentication - Target auth state: UNCHALLENGED
22:09:41.877 [main] DEBUG o.a.h.c.p.RequestProxyAuthentication - Proxy auth state: UNCHALLENGED
22:09:41.877 [main] DEBUG o.a.h.impl.client.DefaultHttpClient - Attempt 1 to execute request
22:09:41.877 [main] DEBUG o.a.h.i.conn.DefaultClientConnection - Sending request: GET /1?a=10&b=6&c=3 HTTP/1.1
22:09:41.877 [main] DEBUG org.apache.http.wire -  >> "GET /1?a=10&b=6&c=3 HTTP/1.1[\r][\n]"
22:09:41.877 [main] DEBUG org.apache.http.wire -  >> "Accept: */*[\r][\n]"
22:09:41.877 [main] DEBUG org.apache.http.wire -  >> "Host: localhost:8080[\r][\n]"
22:09:41.877 [main] DEBUG org.apache.http.wire -  >> "Connection: Keep-Alive[\r][\n]"
22:09:41.877 [main] DEBUG org.apache.http.wire -  >> "User-Agent: Apache-HttpClient/4.5.3 (Java/13.0.5.1)[\r][\n]"
22:09:41.877 [main] DEBUG org.apache.http.wire -  >> "Accept-Encoding: gzip,deflate[\r][\n]"
22:09:41.877 [main] DEBUG org.apache.http.wire -  >> "[\r][\n]"
22:09:41.877 [main] DEBUG org.apache.http.headers - >> GET /1?a=10&b=6&c=3 HTTP/1.1
22:09:41.877 [main] DEBUG org.apache.http.headers - >> Accept: */*
22:09:41.877 [main] DEBUG org.apache.http.headers - >> Host: localhost:8080
22:09:41.877 [main] DEBUG org.apache.http.headers - >> Connection: Keep-Alive
22:09:41.877 [main] DEBUG org.apache.http.headers - >> User-Agent: Apache-HttpClient/4.5.3 (Java/13.0.5.1)
22:09:41.877 [main] DEBUG org.apache.http.headers - >> Accept-Encoding: gzip,deflate
22:09:41.889 [main] DEBUG org.apache.http.wire -  << "HTTP/1.1 200 OK[\r][\n]"
22:09:41.889 [main] DEBUG org.apache.http.wire -  << "Server: Apache-Coyote/1.1[\r][\n]"
22:09:41.889 [main] DEBUG org.apache.http.wire -  << "Content-Type: text/plain;charset=UTF-8[\r][\n]"
22:09:41.889 [main] DEBUG org.apache.http.wire -  << "Content-Length: 6[\r][\n]"
22:09:41.889 [main] DEBUG org.apache.http.wire -  << "Date: Sun, 07 Feb 2021 21:09:41 GMT[\r][\n]"
22:09:41.889 [main] DEBUG org.apache.http.wire -  << "[\r][\n]"
22:09:41.889 [main] DEBUG o.a.h.i.conn.DefaultClientConnection - Receiving response: HTTP/1.1 200 OK
22:09:41.889 [main] DEBUG org.apache.http.headers - << HTTP/1.1 200 OK
22:09:41.889 [main] DEBUG org.apache.http.headers - << Server: Apache-Coyote/1.1
22:09:41.889 [main] DEBUG org.apache.http.headers - << Content-Type: text/plain;charset=UTF-8
22:09:41.889 [main] DEBUG org.apache.http.headers - << Content-Length: 6
22:09:41.889 [main] DEBUG org.apache.http.headers - << Date: Sun, 07 Feb 2021 21:09:41 GMT
22:09:41.890 [main] DEBUG o.a.h.impl.client.DefaultHttpClient - Connection can be kept alive indefinitely
22:09:41.890 [main] DEBUG i.r.i.RequestSpecificationImpl$RestAssuredHttpBuilder - Parsing response as: text/plain;charset=UTF-8
22:09:41.890 [main] DEBUG i.r.i.RequestSpecificationImpl$RestAssuredHttpBuilder - Parsed data to instance of: class org.apache.http.conn.EofSensorInputStream
22:09:41.890 [main] DEBUG org.apache.http.wire -  << "a:1500"
22:09:41.890 [main] DEBUG o.a.h.i.c.BasicClientConnectionManager - Releasing connection org.apache.http.impl.conn.ManagedClientConnectionImpl@2c2aab92
22:09:41.890 [main] DEBUG o.a.h.i.c.BasicClientConnectionManager - Connection can be kept alive indefinitely
22:09:41.893 [main] DEBUG o.a.h.i.c.BasicClientConnectionManager - Get connection for route {}->http://localhost:8080
22:09:41.893 [main] DEBUG o.a.h.i.c.DefaultClientConnectionOperator - Connecting to localhost:8080
22:09:41.893 [main] DEBUG o.a.h.c.protocol.RequestAddCookies - CookieSpec selected: ignoreCookies
22:09:41.893 [main] DEBUG o.a.h.c.protocol.RequestAuthCache - Auth cache not set in the context
22:09:41.893 [main] DEBUG o.a.h.c.p.RequestTargetAuthentication - Target auth state: UNCHALLENGED
22:09:41.893 [main] DEBUG o.a.h.c.p.RequestProxyAuthentication - Proxy auth state: UNCHALLENGED
22:09:41.893 [main] DEBUG o.a.h.impl.client.DefaultHttpClient - Attempt 1 to execute request
22:09:41.893 [main] DEBUG o.a.h.i.conn.DefaultClientConnection - Sending request: GET /1?a=10&b=6&c=3 HTTP/1.1
22:09:41.893 [main] DEBUG org.apache.http.wire -  >> "GET /1?a=10&b=6&c=3 HTTP/1.1[\r][\n]"
22:09:41.893 [main] DEBUG org.apache.http.wire -  >> "Accept: */*[\r][\n]"
22:09:41.893 [main] DEBUG org.apache.http.wire -  >> "Host: localhost:8080[\r][\n]"
22:09:41.893 [main] DEBUG org.apache.http.wire -  >> "Connection: Keep-Alive[\r][\n]"
22:09:41.893 [main] DEBUG org.apache.http.wire -  >> "User-Agent: Apache-HttpClient/4.5.3 (Java/13.0.5.1)[\r][\n]"
22:09:41.893 [main] DEBUG org.apache.http.wire -  >> "Accept-Encoding: gzip,deflate[\r][\n]"
22:09:41.893 [main] DEBUG org.apache.http.wire -  >> "[\r][\n]"
22:09:41.893 [main] DEBUG org.apache.http.headers - >> GET /1?a=10&b=6&c=3 HTTP/1.1
22:09:41.893 [main] DEBUG org.apache.http.headers - >> Accept: */*
22:09:41.893 [main] DEBUG org.apache.http.headers - >> Host: localhost:8080
22:09:41.893 [main] DEBUG org.apache.http.headers - >> Connection: Keep-Alive
22:09:41.893 [main] DEBUG org.apache.http.headers - >> User-Agent: Apache-HttpClient/4.5.3 (Java/13.0.5.1)
22:09:41.893 [main] DEBUG org.apache.http.headers - >> Accept-Encoding: gzip,deflate
22:09:41.916 [main] DEBUG org.apache.http.wire -  << "HTTP/1.1 200 OK[\r][\n]"
22:09:41.916 [main] DEBUG org.apache.http.wire -  << "Server: Apache-Coyote/1.1[\r][\n]"
22:09:41.916 [main] DEBUG org.apache.http.wire -  << "Content-Type: text/plain;charset=UTF-8[\r][\n]"
22:09:41.916 [main] DEBUG org.apache.http.wire -  << "Content-Length: 6[\r][\n]"
22:09:41.916 [main] DEBUG org.apache.http.wire -  << "Date: Sun, 07 Feb 2021 21:09:41 GMT[\r][\n]"
22:09:41.916 [main] DEBUG org.apache.http.wire -  << "[\r][\n]"
22:09:41.916 [main] DEBUG o.a.h.i.conn.DefaultClientConnection - Receiving response: HTTP/1.1 200 OK
22:09:41.917 [main] DEBUG org.apache.http.headers - << HTTP/1.1 200 OK
22:09:41.917 [main] DEBUG org.apache.http.headers - << Server: Apache-Coyote/1.1
22:09:41.917 [main] DEBUG org.apache.http.headers - << Content-Type: text/plain;charset=UTF-8
22:09:41.917 [main] DEBUG org.apache.http.headers - << Content-Length: 6
22:09:41.917 [main] DEBUG org.apache.http.headers - << Date: Sun, 07 Feb 2021 21:09:41 GMT
22:09:41.917 [main] DEBUG o.a.h.impl.client.DefaultHttpClient - Connection can be kept alive indefinitely
22:09:41.917 [main] DEBUG i.r.i.RequestSpecificationImpl$RestAssuredHttpBuilder - Parsing response as: text/plain;charset=UTF-8
22:09:41.917 [main] DEBUG i.r.i.RequestSpecificationImpl$RestAssuredHttpBuilder - Parsed data to instance of: class org.apache.http.conn.EofSensorInputStream
22:09:41.917 [main] DEBUG org.apache.http.wire -  << "a:1500"
22:09:41.917 [main] DEBUG o.a.h.i.c.BasicClientConnectionManager - Releasing connection org.apache.http.impl.conn.ManagedClientConnectionImpl@1f3c5308
22:09:41.917 [main] DEBUG o.a.h.i.c.BasicClientConnectionManager - Connection can be kept alive indefinitely
22:09:41.919 [main] DEBUG o.a.h.i.c.BasicClientConnectionManager - Get connection for route {}->http://localhost:8080
22:09:41.920 [main] DEBUG o.a.h.i.c.DefaultClientConnectionOperator - Connecting to localhost:8080
22:09:41.920 [main] DEBUG o.a.h.c.protocol.RequestAddCookies - CookieSpec selected: ignoreCookies
22:09:41.920 [main] DEBUG o.a.h.c.protocol.RequestAuthCache - Auth cache not set in the context
22:09:41.920 [main] DEBUG o.a.h.c.p.RequestTargetAuthentication - Target auth state: UNCHALLENGED
22:09:41.920 [main] DEBUG o.a.h.c.p.RequestProxyAuthentication - Proxy auth state: UNCHALLENGED
22:09:41.920 [main] DEBUG o.a.h.impl.client.DefaultHttpClient - Attempt 1 to execute request
22:09:41.920 [main] DEBUG o.a.h.i.conn.DefaultClientConnection - Sending request: GET /1?a=10&b=6&c=3 HTTP/1.1
22:09:41.920 [main] DEBUG org.apache.http.wire -  >> "GET /1?a=10&b=6&c=3 HTTP/1.1[\r][\n]"
22:09:41.920 [main] DEBUG org.apache.http.wire -  >> "Accept: */*[\r][\n]"
22:09:41.920 [main] DEBUG org.apache.http.wire -  >> "Host: localhost:8080[\r][\n]"
22:09:41.920 [main] DEBUG org.apache.http.wire -  >> "Connection: Keep-Alive[\r][\n]"
22:09:41.920 [main] DEBUG org.apache.http.wire -  >> "User-Agent: Apache-HttpClient/4.5.3 (Java/13.0.5.1)[\r][\n]"
22:09:41.920 [main] DEBUG org.apache.http.wire -  >> "Accept-Encoding: gzip,deflate[\r][\n]"
22:09:41.920 [main] DEBUG org.apache.http.wire -  >> "[\r][\n]"
22:09:41.920 [main] DEBUG org.apache.http.headers - >> GET /1?a=10&b=6&c=3 HTTP/1.1
22:09:41.920 [main] DEBUG org.apache.http.headers - >> Accept: */*
22:09:41.920 [main] DEBUG org.apache.http.headers - >> Host: localhost:8080
22:09:41.920 [main] DEBUG org.apache.http.headers - >> Connection: Keep-Alive
22:09:41.920 [main] DEBUG org.apache.http.headers - >> User-Agent: Apache-HttpClient/4.5.3 (Java/13.0.5.1)
22:09:41.920 [main] DEBUG org.apache.http.headers - >> Accept-Encoding: gzip,deflate
22:09:41.940 [main] DEBUG org.apache.http.wire -  << "HTTP/1.1 200 OK[\r][\n]"
22:09:41.940 [main] DEBUG org.apache.http.wire -  << "Server: Apache-Coyote/1.1[\r][\n]"
22:09:41.940 [main] DEBUG org.apache.http.wire -  << "Content-Type: text/plain;charset=UTF-8[\r][\n]"
22:09:41.940 [main] DEBUG org.apache.http.wire -  << "Content-Length: 6[\r][\n]"
22:09:41.940 [main] DEBUG org.apache.http.wire -  << "Date: Sun, 07 Feb 2021 21:09:41 GMT[\r][\n]"
22:09:41.940 [main] DEBUG org.apache.http.wire -  << "[\r][\n]"
22:09:41.940 [main] DEBUG o.a.h.i.conn.DefaultClientConnection - Receiving response: HTTP/1.1 200 OK
22:09:41.940 [main] DEBUG org.apache.http.headers - << HTTP/1.1 200 OK
22:09:41.940 [main] DEBUG org.apache.http.headers - << Server: Apache-Coyote/1.1
22:09:41.940 [main] DEBUG org.apache.http.headers - << Content-Type: text/plain;charset=UTF-8
22:09:41.940 [main] DEBUG org.apache.http.headers - << Content-Length: 6
22:09:41.940 [main] DEBUG org.apache.http.headers - << Date: Sun, 07 Feb 2021 21:09:41 GMT
22:09:41.941 [main] DEBUG o.a.h.impl.client.DefaultHttpClient - Connection can be kept alive indefinitely
22:09:41.941 [main] DEBUG i.r.i.RequestSpecificationImpl$RestAssuredHttpBuilder - Parsing response as: text/plain;charset=UTF-8
22:09:41.941 [main] DEBUG i.r.i.RequestSpecificationImpl$RestAssuredHttpBuilder - Parsed data to instance of: class org.apache.http.conn.EofSensorInputStream
22:09:41.941 [main] DEBUG org.apache.http.wire -  << "a:1500"
22:09:41.941 [main] DEBUG o.a.h.i.c.BasicClientConnectionManager - Releasing connection org.apache.http.impl.conn.ManagedClientConnectionImpl@47162173
22:09:41.941 [main] DEBUG o.a.h.i.c.BasicClientConnectionManager - Connection can be kept alive indefinitely
22:09:41.944 [main] DEBUG o.a.h.i.c.BasicClientConnectionManager - Get connection for route {}->http://localhost:8080
22:09:41.944 [main] DEBUG o.a.h.i.c.DefaultClientConnectionOperator - Connecting to localhost:8080
22:09:41.944 [main] DEBUG o.a.h.c.protocol.RequestAddCookies - CookieSpec selected: ignoreCookies
22:09:41.944 [main] DEBUG o.a.h.c.protocol.RequestAuthCache - Auth cache not set in the context
22:09:41.944 [main] DEBUG o.a.h.c.p.RequestTargetAuthentication - Target auth state: UNCHALLENGED
22:09:41.944 [main] DEBUG o.a.h.c.p.RequestProxyAuthentication - Proxy auth state: UNCHALLENGED
22:09:41.944 [main] DEBUG o.a.h.impl.client.DefaultHttpClient - Attempt 1 to execute request
22:09:41.944 [main] DEBUG o.a.h.i.conn.DefaultClientConnection - Sending request: GET /1?a=10&b=6&c=3 HTTP/1.1
22:09:41.944 [main] DEBUG org.apache.http.wire -  >> "GET /1?a=10&b=6&c=3 HTTP/1.1[\r][\n]"
22:09:41.944 [main] DEBUG org.apache.http.wire -  >> "Accept: */*[\r][\n]"
22:09:41.944 [main] DEBUG org.apache.http.wire -  >> "Host: localhost:8080[\r][\n]"
22:09:41.944 [main] DEBUG org.apache.http.wire -  >> "Connection: Keep-Alive[\r][\n]"
22:09:41.944 [main] DEBUG org.apache.http.wire -  >> "User-Agent: Apache-HttpClient/4.5.3 (Java/13.0.5.1)[\r][\n]"
22:09:41.944 [main] DEBUG org.apache.http.wire -  >> "Accept-Encoding: gzip,deflate[\r][\n]"
22:09:41.944 [main] DEBUG org.apache.http.wire -  >> "[\r][\n]"
22:09:41.944 [main] DEBUG org.apache.http.headers - >> GET /1?a=10&b=6&c=3 HTTP/1.1
22:09:41.944 [main] DEBUG org.apache.http.headers - >> Accept: */*
22:09:41.944 [main] DEBUG org.apache.http.headers - >> Host: localhost:8080
22:09:41.944 [main] DEBUG org.apache.http.headers - >> Connection: Keep-Alive
22:09:41.944 [main] DEBUG org.apache.http.headers - >> User-Agent: Apache-HttpClient/4.5.3 (Java/13.0.5.1)
22:09:41.944 [main] DEBUG org.apache.http.headers - >> Accept-Encoding: gzip,deflate
22:09:41.962 [main] DEBUG org.apache.http.wire -  << "HTTP/1.1 200 OK[\r][\n]"
22:09:41.962 [main] DEBUG org.apache.http.wire -  << "Server: Apache-Coyote/1.1[\r][\n]"
22:09:41.962 [main] DEBUG org.apache.http.wire -  << "Content-Type: text/plain;charset=UTF-8[\r][\n]"
22:09:41.962 [main] DEBUG org.apache.http.wire -  << "Content-Length: 6[\r][\n]"
22:09:41.962 [main] DEBUG org.apache.http.wire -  << "Date: Sun, 07 Feb 2021 21:09:41 GMT[\r][\n]"
22:09:41.962 [main] DEBUG org.apache.http.wire -  << "[\r][\n]"
22:09:41.962 [main] DEBUG o.a.h.i.conn.DefaultClientConnection - Receiving response: HTTP/1.1 200 OK
22:09:41.962 [main] DEBUG org.apache.http.headers - << HTTP/1.1 200 OK
22:09:41.962 [main] DEBUG org.apache.http.headers - << Server: Apache-Coyote/1.1
22:09:41.962 [main] DEBUG org.apache.http.headers - << Content-Type: text/plain;charset=UTF-8
22:09:41.962 [main] DEBUG org.apache.http.headers - << Content-Length: 6
22:09:41.962 [main] DEBUG org.apache.http.headers - << Date: Sun, 07 Feb 2021 21:09:41 GMT
22:09:41.962 [main] DEBUG o.a.h.impl.client.DefaultHttpClient - Connection can be kept alive indefinitely
22:09:41.963 [main] DEBUG i.r.i.RequestSpecificationImpl$RestAssuredHttpBuilder - Parsing response as: text/plain;charset=UTF-8
22:09:41.963 [main] DEBUG i.r.i.RequestSpecificationImpl$RestAssuredHttpBuilder - Parsed data to instance of: class org.apache.http.conn.EofSensorInputStream
22:09:41.963 [main] DEBUG org.apache.http.wire -  << "a:1500"
22:09:41.963 [main] DEBUG o.a.h.i.c.BasicClientConnectionManager - Releasing connection org.apache.http.impl.conn.ManagedClientConnectionImpl@5fc1e4fb
22:09:41.963 [main] DEBUG o.a.h.i.c.BasicClientConnectionManager - Connection can be kept alive indefinitely
22:09:41.964 [main] DEBUG o.a.h.i.c.BasicClientConnectionManager - Get connection for route {}->http://localhost:8080
22:09:41.965 [main] DEBUG o.a.h.i.c.DefaultClientConnectionOperator - Connecting to localhost:8080
22:09:41.965 [main] DEBUG o.a.h.c.protocol.RequestAddCookies - CookieSpec selected: ignoreCookies
22:09:41.965 [main] DEBUG o.a.h.c.protocol.RequestAuthCache - Auth cache not set in the context
22:09:41.965 [main] DEBUG o.a.h.c.p.RequestTargetAuthentication - Target auth state: UNCHALLENGED
22:09:41.965 [main] DEBUG o.a.h.c.p.RequestProxyAuthentication - Proxy auth state: UNCHALLENGED
22:09:41.965 [main] DEBUG o.a.h.impl.client.DefaultHttpClient - Attempt 1 to execute request
22:09:41.965 [main] DEBUG o.a.h.i.conn.DefaultClientConnection - Sending request: GET /1?a=10&b=6&c=3 HTTP/1.1
22:09:41.965 [main] DEBUG org.apache.http.wire -  >> "GET /1?a=10&b=6&c=3 HTTP/1.1[\r][\n]"
22:09:41.965 [main] DEBUG org.apache.http.wire -  >> "Accept: */*[\r][\n]"
22:09:41.965 [main] DEBUG org.apache.http.wire -  >> "Host: localhost:8080[\r][\n]"
22:09:41.965 [main] DEBUG org.apache.http.wire -  >> "Connection: Keep-Alive[\r][\n]"
22:09:41.965 [main] DEBUG org.apache.http.wire -  >> "User-Agent: Apache-HttpClient/4.5.3 (Java/13.0.5.1)[\r][\n]"
22:09:41.965 [main] DEBUG org.apache.http.wire -  >> "Accept-Encoding: gzip,deflate[\r][\n]"
22:09:41.965 [main] DEBUG org.apache.http.wire -  >> "[\r][\n]"
22:09:41.965 [main] DEBUG org.apache.http.headers - >> GET /1?a=10&b=6&c=3 HTTP/1.1
22:09:41.965 [main] DEBUG org.apache.http.headers - >> Accept: */*
22:09:41.965 [main] DEBUG org.apache.http.headers - >> Host: localhost:8080
22:09:41.965 [main] DEBUG org.apache.http.headers - >> Connection: Keep-Alive
22:09:41.965 [main] DEBUG org.apache.http.headers - >> User-Agent: Apache-HttpClient/4.5.3 (Java/13.0.5.1)
22:09:41.965 [main] DEBUG org.apache.http.headers - >> Accept-Encoding: gzip,deflate
22:09:41.983 [main] DEBUG org.apache.http.wire -  << "HTTP/1.1 200 OK[\r][\n]"
22:09:41.983 [main] DEBUG org.apache.http.wire -  << "Server: Apache-Coyote/1.1[\r][\n]"
22:09:41.983 [main] DEBUG org.apache.http.wire -  << "Content-Type: text/plain;charset=UTF-8[\r][\n]"
22:09:41.983 [main] DEBUG org.apache.http.wire -  << "Content-Length: 6[\r][\n]"
22:09:41.983 [main] DEBUG org.apache.http.wire -  << "Date: Sun, 07 Feb 2021 21:09:41 GMT[\r][\n]"
22:09:41.983 [main] DEBUG org.apache.http.wire -  << "[\r][\n]"
22:09:41.983 [main] DEBUG o.a.h.i.conn.DefaultClientConnection - Receiving response: HTTP/1.1 200 OK
22:09:41.983 [main] DEBUG org.apache.http.headers - << HTTP/1.1 200 OK
22:09:41.983 [main] DEBUG org.apache.http.headers - << Server: Apache-Coyote/1.1
22:09:41.983 [main] DEBUG org.apache.http.headers - << Content-Type: text/plain;charset=UTF-8
22:09:41.983 [main] DEBUG org.apache.http.headers - << Content-Length: 6
22:09:41.983 [main] DEBUG org.apache.http.headers - << Date: Sun, 07 Feb 2021 21:09:41 GMT
22:09:41.983 [main] DEBUG o.a.h.impl.client.DefaultHttpClient - Connection can be kept alive indefinitely
22:09:41.984 [main] DEBUG i.r.i.RequestSpecificationImpl$RestAssuredHttpBuilder - Parsing response as: text/plain;charset=UTF-8
22:09:41.984 [main] DEBUG i.r.i.RequestSpecificationImpl$RestAssuredHttpBuilder - Parsed data to instance of: class org.apache.http.conn.EofSensorInputStream
22:09:41.984 [main] DEBUG org.apache.http.wire -  << "a:1500"
22:09:41.984 [main] DEBUG o.a.h.i.c.BasicClientConnectionManager - Releasing connection org.apache.http.impl.conn.ManagedClientConnectionImpl@6c519e47
22:09:41.984 [main] DEBUG o.a.h.i.c.BasicClientConnectionManager - Connection can be kept alive indefinitely
22:09:41.987 [main] DEBUG o.a.h.i.c.BasicClientConnectionManager - Get connection for route {}->http://localhost:8080
22:09:41.987 [main] DEBUG o.a.h.i.c.DefaultClientConnectionOperator - Connecting to localhost:8080
22:09:41.988 [main] DEBUG o.a.h.c.protocol.RequestAddCookies - CookieSpec selected: ignoreCookies
22:09:41.988 [main] DEBUG o.a.h.c.protocol.RequestAuthCache - Auth cache not set in the context
22:09:41.988 [main] DEBUG o.a.h.c.p.RequestTargetAuthentication - Target auth state: UNCHALLENGED
22:09:41.988 [main] DEBUG o.a.h.c.p.RequestProxyAuthentication - Proxy auth state: UNCHALLENGED
22:09:41.988 [main] DEBUG o.a.h.impl.client.DefaultHttpClient - Attempt 1 to execute request
22:09:41.988 [main] DEBUG o.a.h.i.conn.DefaultClientConnection - Sending request: GET /1?a=10&b=6&c=3 HTTP/1.1
22:09:41.988 [main] DEBUG org.apache.http.wire -  >> "GET /1?a=10&b=6&c=3 HTTP/1.1[\r][\n]"
22:09:41.988 [main] DEBUG org.apache.http.wire -  >> "Accept: */*[\r][\n]"
22:09:41.988 [main] DEBUG org.apache.http.wire -  >> "Host: localhost:8080[\r][\n]"
22:09:41.988 [main] DEBUG org.apache.http.wire -  >> "Connection: Keep-Alive[\r][\n]"
22:09:41.988 [main] DEBUG org.apache.http.wire -  >> "User-Agent: Apache-HttpClient/4.5.3 (Java/13.0.5.1)[\r][\n]"
22:09:41.988 [main] DEBUG org.apache.http.wire -  >> "Accept-Encoding: gzip,deflate[\r][\n]"
22:09:41.988 [main] DEBUG org.apache.http.wire -  >> "[\r][\n]"
22:09:41.988 [main] DEBUG org.apache.http.headers - >> GET /1?a=10&b=6&c=3 HTTP/1.1
22:09:41.988 [main] DEBUG org.apache.http.headers - >> Accept: */*
22:09:41.988 [main] DEBUG org.apache.http.headers - >> Host: localhost:8080
22:09:41.988 [main] DEBUG org.apache.http.headers - >> Connection: Keep-Alive
22:09:41.988 [main] DEBUG org.apache.http.headers - >> User-Agent: Apache-HttpClient/4.5.3 (Java/13.0.5.1)
22:09:41.988 [main] DEBUG org.apache.http.headers - >> Accept-Encoding: gzip,deflate
22:09:42.004 [main] DEBUG org.apache.http.wire -  << "HTTP/1.1 200 OK[\r][\n]"
22:09:42.004 [main] DEBUG org.apache.http.wire -  << "Server: Apache-Coyote/1.1[\r][\n]"
22:09:42.004 [main] DEBUG org.apache.http.wire -  << "Content-Type: text/plain;charset=UTF-8[\r][\n]"
22:09:42.004 [main] DEBUG org.apache.http.wire -  << "Content-Length: 6[\r][\n]"
22:09:42.004 [main] DEBUG org.apache.http.wire -  << "Date: Sun, 07 Feb 2021 21:09:41 GMT[\r][\n]"
22:09:42.004 [main] DEBUG org.apache.http.wire -  << "[\r][\n]"
22:09:42.004 [main] DEBUG o.a.h.i.conn.DefaultClientConnection - Receiving response: HTTP/1.1 200 OK
22:09:42.004 [main] DEBUG org.apache.http.headers - << HTTP/1.1 200 OK
22:09:42.004 [main] DEBUG org.apache.http.headers - << Server: Apache-Coyote/1.1
22:09:42.004 [main] DEBUG org.apache.http.headers - << Content-Type: text/plain;charset=UTF-8
22:09:42.004 [main] DEBUG org.apache.http.headers - << Content-Length: 6
22:09:42.004 [main] DEBUG org.apache.http.headers - << Date: Sun, 07 Feb 2021 21:09:41 GMT
22:09:42.004 [main] DEBUG o.a.h.impl.client.DefaultHttpClient - Connection can be kept alive indefinitely
22:09:42.004 [main] DEBUG i.r.i.RequestSpecificationImpl$RestAssuredHttpBuilder - Parsing response as: text/plain;charset=UTF-8
22:09:42.004 [main] DEBUG i.r.i.RequestSpecificationImpl$RestAssuredHttpBuilder - Parsed data to instance of: class org.apache.http.conn.EofSensorInputStream
22:09:42.004 [main] DEBUG org.apache.http.wire -  << "a:1500"
22:09:42.004 [main] DEBUG o.a.h.i.c.BasicClientConnectionManager - Releasing connection org.apache.http.impl.conn.ManagedClientConnectionImpl@1530d0f2
22:09:42.004 [main] DEBUG o.a.h.i.c.BasicClientConnectionManager - Connection can be kept alive indefinitely
22:09:42.007 [main] DEBUG o.a.h.i.c.BasicClientConnectionManager - Get connection for route {}->http://localhost:8080
22:09:42.007 [main] DEBUG o.a.h.i.c.DefaultClientConnectionOperator - Connecting to localhost:8080
22:09:42.007 [main] DEBUG o.a.h.c.protocol.RequestAddCookies - CookieSpec selected: ignoreCookies
22:09:42.007 [main] DEBUG o.a.h.c.protocol.RequestAuthCache - Auth cache not set in the context
22:09:42.007 [main] DEBUG o.a.h.c.p.RequestTargetAuthentication - Target auth state: UNCHALLENGED
22:09:42.007 [main] DEBUG o.a.h.c.p.RequestProxyAuthentication - Proxy auth state: UNCHALLENGED
22:09:42.007 [main] DEBUG o.a.h.impl.client.DefaultHttpClient - Attempt 1 to execute request
22:09:42.007 [main] DEBUG o.a.h.i.conn.DefaultClientConnection - Sending request: GET /1?a=10&b=6&c=3 HTTP/1.1
22:09:42.007 [main] DEBUG org.apache.http.wire -  >> "GET /1?a=10&b=6&c=3 HTTP/1.1[\r][\n]"
22:09:42.007 [main] DEBUG org.apache.http.wire -  >> "Accept: */*[\r][\n]"
22:09:42.007 [main] DEBUG org.apache.http.wire -  >> "Host: localhost:8080[\r][\n]"
22:09:42.007 [main] DEBUG org.apache.http.wire -  >> "Connection: Keep-Alive[\r][\n]"
22:09:42.007 [main] DEBUG org.apache.http.wire -  >> "User-Agent: Apache-HttpClient/4.5.3 (Java/13.0.5.1)[\r][\n]"
22:09:42.007 [main] DEBUG org.apache.http.wire -  >> "Accept-Encoding: gzip,deflate[\r][\n]"
22:09:42.007 [main] DEBUG org.apache.http.wire -  >> "[\r][\n]"
22:09:42.007 [main] DEBUG org.apache.http.headers - >> GET /1?a=10&b=6&c=3 HTTP/1.1
22:09:42.007 [main] DEBUG org.apache.http.headers - >> Accept: */*
22:09:42.007 [main] DEBUG org.apache.http.headers - >> Host: localhost:8080
22:09:42.007 [main] DEBUG org.apache.http.headers - >> Connection: Keep-Alive
22:09:42.007 [main] DEBUG org.apache.http.headers - >> User-Agent: Apache-HttpClient/4.5.3 (Java/13.0.5.1)
22:09:42.007 [main] DEBUG org.apache.http.headers - >> Accept-Encoding: gzip,deflate
22:09:42.024 [main] DEBUG org.apache.http.wire -  << "HTTP/1.1 200 OK[\r][\n]"
22:09:42.024 [main] DEBUG org.apache.http.wire -  << "Server: Apache-Coyote/1.1[\r][\n]"
22:09:42.024 [main] DEBUG org.apache.http.wire -  << "Content-Type: text/plain;charset=UTF-8[\r][\n]"
22:09:42.024 [main] DEBUG org.apache.http.wire -  << "Content-Length: 6[\r][\n]"
22:09:42.024 [main] DEBUG org.apache.http.wire -  << "Date: Sun, 07 Feb 2021 21:09:41 GMT[\r][\n]"
22:09:42.024 [main] DEBUG org.apache.http.wire -  << "[\r][\n]"
22:09:42.024 [main] DEBUG o.a.h.i.conn.DefaultClientConnection - Receiving response: HTTP/1.1 200 OK
22:09:42.024 [main] DEBUG org.apache.http.headers - << HTTP/1.1 200 OK
22:09:42.024 [main] DEBUG org.apache.http.headers - << Server: Apache-Coyote/1.1
22:09:42.024 [main] DEBUG org.apache.http.headers - << Content-Type: text/plain;charset=UTF-8
22:09:42.024 [main] DEBUG org.apache.http.headers - << Content-Length: 6
22:09:42.024 [main] DEBUG org.apache.http.headers - << Date: Sun, 07 Feb 2021 21:09:41 GMT
22:09:42.024 [main] DEBUG o.a.h.impl.client.DefaultHttpClient - Connection can be kept alive indefinitely
22:09:42.025 [main] DEBUG i.r.i.RequestSpecificationImpl$RestAssuredHttpBuilder - Parsing response as: text/plain;charset=UTF-8
22:09:42.025 [main] DEBUG i.r.i.RequestSpecificationImpl$RestAssuredHttpBuilder - Parsed data to instance of: class org.apache.http.conn.EofSensorInputStream
22:09:42.025 [main] DEBUG org.apache.http.wire -  << "a:1500"
22:09:42.025 [main] DEBUG o.a.h.i.c.BasicClientConnectionManager - Releasing connection org.apache.http.impl.conn.ManagedClientConnectionImpl@717a8a76
22:09:42.025 [main] DEBUG o.a.h.i.c.BasicClientConnectionManager - Connection can be kept alive indefinitely
22:09:42.028 [main] DEBUG o.a.h.i.c.BasicClientConnectionManager - Get connection for route {}->http://localhost:8080
22:09:42.028 [main] DEBUG o.a.h.i.c.DefaultClientConnectionOperator - Connecting to localhost:8080
22:09:42.029 [main] DEBUG o.a.h.c.protocol.RequestAddCookies - CookieSpec selected: ignoreCookies
22:09:42.029 [main] DEBUG o.a.h.c.protocol.RequestAuthCache - Auth cache not set in the context
22:09:42.029 [main] DEBUG o.a.h.c.p.RequestTargetAuthentication - Target auth state: UNCHALLENGED
22:09:42.029 [main] DEBUG o.a.h.c.p.RequestProxyAuthentication - Proxy auth state: UNCHALLENGED
22:09:42.029 [main] DEBUG o.a.h.impl.client.DefaultHttpClient - Attempt 1 to execute request
22:09:42.029 [main] DEBUG o.a.h.i.conn.DefaultClientConnection - Sending request: GET /1?a=10&b=6&c=3 HTTP/1.1
22:09:42.029 [main] DEBUG org.apache.http.wire -  >> "GET /1?a=10&b=6&c=3 HTTP/1.1[\r][\n]"
22:09:42.029 [main] DEBUG org.apache.http.wire -  >> "Accept: */*[\r][\n]"
22:09:42.029 [main] DEBUG org.apache.http.wire -  >> "Host: localhost:8080[\r][\n]"
22:09:42.029 [main] DEBUG org.apache.http.wire -  >> "Connection: Keep-Alive[\r][\n]"
22:09:42.029 [main] DEBUG org.apache.http.wire -  >> "User-Agent: Apache-HttpClient/4.5.3 (Java/13.0.5.1)[\r][\n]"
22:09:42.029 [main] DEBUG org.apache.http.wire -  >> "Accept-Encoding: gzip,deflate[\r][\n]"
22:09:42.029 [main] DEBUG org.apache.http.wire -  >> "[\r][\n]"
22:09:42.029 [main] DEBUG org.apache.http.headers - >> GET /1?a=10&b=6&c=3 HTTP/1.1
22:09:42.029 [main] DEBUG org.apache.http.headers - >> Accept: */*
22:09:42.029 [main] DEBUG org.apache.http.headers - >> Host: localhost:8080
22:09:42.029 [main] DEBUG org.apache.http.headers - >> Connection: Keep-Alive
22:09:42.029 [main] DEBUG org.apache.http.headers - >> User-Agent: Apache-HttpClient/4.5.3 (Java/13.0.5.1)
22:09:42.029 [main] DEBUG org.apache.http.headers - >> Accept-Encoding: gzip,deflate
22:09:42.048 [main] DEBUG org.apache.http.wire -  << "HTTP/1.1 200 OK[\r][\n]"
22:09:42.048 [main] DEBUG org.apache.http.wire -  << "Server: Apache-Coyote/1.1[\r][\n]"
22:09:42.048 [main] DEBUG org.apache.http.wire -  << "Content-Type: text/plain;charset=UTF-8[\r][\n]"
22:09:42.048 [main] DEBUG org.apache.http.wire -  << "Content-Length: 6[\r][\n]"
22:09:42.048 [main] DEBUG org.apache.http.wire -  << "Date: Sun, 07 Feb 2021 21:09:41 GMT[\r][\n]"
22:09:42.048 [main] DEBUG org.apache.http.wire -  << "[\r][\n]"
22:09:42.048 [main] DEBUG o.a.h.i.conn.DefaultClientConnection - Receiving response: HTTP/1.1 200 OK
22:09:42.048 [main] DEBUG org.apache.http.headers - << HTTP/1.1 200 OK
22:09:42.048 [main] DEBUG org.apache.http.headers - << Server: Apache-Coyote/1.1
22:09:42.048 [main] DEBUG org.apache.http.headers - << Content-Type: text/plain;charset=UTF-8
22:09:42.048 [main] DEBUG org.apache.http.headers - << Content-Length: 6
22:09:42.048 [main] DEBUG org.apache.http.headers - << Date: Sun, 07 Feb 2021 21:09:41 GMT
22:09:42.048 [main] DEBUG o.a.h.impl.client.DefaultHttpClient - Connection can be kept alive indefinitely
22:09:42.048 [main] DEBUG i.r.i.RequestSpecificationImpl$RestAssuredHttpBuilder - Parsing response as: text/plain;charset=UTF-8
22:09:42.048 [main] DEBUG i.r.i.RequestSpecificationImpl$RestAssuredHttpBuilder - Parsed data to instance of: class org.apache.http.conn.EofSensorInputStream
22:09:42.049 [main] DEBUG org.apache.http.wire -  << "a:1500"
22:09:42.049 [main] DEBUG o.a.h.i.c.BasicClientConnectionManager - Releasing connection org.apache.http.impl.conn.ManagedClientConnectionImpl@29f95272
22:09:42.049 [main] DEBUG o.a.h.i.c.BasicClientConnectionManager - Connection can be kept alive indefinitely
22:09:42.051 [main] DEBUG o.a.h.i.c.BasicClientConnectionManager - Get connection for route {}->http://localhost:8080
22:09:42.051 [main] DEBUG o.a.h.i.c.DefaultClientConnectionOperator - Connecting to localhost:8080
22:09:42.052 [main] DEBUG o.a.h.c.protocol.RequestAddCookies - CookieSpec selected: ignoreCookies
22:09:42.052 [main] DEBUG o.a.h.c.protocol.RequestAuthCache - Auth cache not set in the context
22:09:42.052 [main] DEBUG o.a.h.c.p.RequestTargetAuthentication - Target auth state: UNCHALLENGED
22:09:42.052 [main] DEBUG o.a.h.c.p.RequestProxyAuthentication - Proxy auth state: UNCHALLENGED
22:09:42.052 [main] DEBUG o.a.h.impl.client.DefaultHttpClient - Attempt 1 to execute request
22:09:42.052 [main] DEBUG o.a.h.i.conn.DefaultClientConnection - Sending request: GET /1?a=10&b=6&c=3 HTTP/1.1
22:09:42.052 [main] DEBUG org.apache.http.wire -  >> "GET /1?a=10&b=6&c=3 HTTP/1.1[\r][\n]"
22:09:42.052 [main] DEBUG org.apache.http.wire -  >> "Accept: */*[\r][\n]"
22:09:42.052 [main] DEBUG org.apache.http.wire -  >> "Host: localhost:8080[\r][\n]"
22:09:42.052 [main] DEBUG org.apache.http.wire -  >> "Connection: Keep-Alive[\r][\n]"
22:09:42.052 [main] DEBUG org.apache.http.wire -  >> "User-Agent: Apache-HttpClient/4.5.3 (Java/13.0.5.1)[\r][\n]"
22:09:42.052 [main] DEBUG org.apache.http.wire -  >> "Accept-Encoding: gzip,deflate[\r][\n]"
22:09:42.052 [main] DEBUG org.apache.http.wire -  >> "[\r][\n]"
22:09:42.052 [main] DEBUG org.apache.http.headers - >> GET /1?a=10&b=6&c=3 HTTP/1.1
22:09:42.052 [main] DEBUG org.apache.http.headers - >> Accept: */*
22:09:42.052 [main] DEBUG org.apache.http.headers - >> Host: localhost:8080
22:09:42.052 [main] DEBUG org.apache.http.headers - >> Connection: Keep-Alive
22:09:42.052 [main] DEBUG org.apache.http.headers - >> User-Agent: Apache-HttpClient/4.5.3 (Java/13.0.5.1)
22:09:42.052 [main] DEBUG org.apache.http.headers - >> Accept-Encoding: gzip,deflate
22:09:42.066 [main] DEBUG org.apache.http.wire -  << "HTTP/1.1 200 OK[\r][\n]"
22:09:42.066 [main] DEBUG org.apache.http.wire -  << "Server: Apache-Coyote/1.1[\r][\n]"
22:09:42.066 [main] DEBUG org.apache.http.wire -  << "Content-Type: text/plain;charset=UTF-8[\r][\n]"
22:09:42.066 [main] DEBUG org.apache.http.wire -  << "Content-Length: 6[\r][\n]"
22:09:42.066 [main] DEBUG org.apache.http.wire -  << "Date: Sun, 07 Feb 2021 21:09:41 GMT[\r][\n]"
22:09:42.066 [main] DEBUG org.apache.http.wire -  << "[\r][\n]"
22:09:42.066 [main] DEBUG o.a.h.i.conn.DefaultClientConnection - Receiving response: HTTP/1.1 200 OK
22:09:42.066 [main] DEBUG org.apache.http.headers - << HTTP/1.1 200 OK
22:09:42.066 [main] DEBUG org.apache.http.headers - << Server: Apache-Coyote/1.1
22:09:42.066 [main] DEBUG org.apache.http.headers - << Content-Type: text/plain;charset=UTF-8
22:09:42.066 [main] DEBUG org.apache.http.headers - << Content-Length: 6
22:09:42.066 [main] DEBUG org.apache.http.headers - << Date: Sun, 07 Feb 2021 21:09:41 GMT
22:09:42.066 [main] DEBUG o.a.h.impl.client.DefaultHttpClient - Connection can be kept alive indefinitely
22:09:42.066 [main] DEBUG i.r.i.RequestSpecificationImpl$RestAssuredHttpBuilder - Parsing response as: text/plain;charset=UTF-8
22:09:42.066 [main] DEBUG i.r.i.RequestSpecificationImpl$RestAssuredHttpBuilder - Parsed data to instance of: class org.apache.http.conn.EofSensorInputStream
22:09:42.066 [main] DEBUG org.apache.http.wire -  << "a:1500"
22:09:42.066 [main] DEBUG o.a.h.i.c.BasicClientConnectionManager - Releasing connection org.apache.http.impl.conn.ManagedClientConnectionImpl@4e7eba9f
22:09:42.066 [main] DEBUG o.a.h.i.c.BasicClientConnectionManager - Connection can be kept alive indefinitely
22:09:42.068 [main] DEBUG o.a.h.i.c.BasicClientConnectionManager - Get connection for route {}->http://localhost:8080
22:09:42.068 [main] DEBUG o.a.h.i.c.DefaultClientConnectionOperator - Connecting to localhost:8080
22:09:42.068 [main] DEBUG o.a.h.c.protocol.RequestAddCookies - CookieSpec selected: ignoreCookies
22:09:42.068 [main] DEBUG o.a.h.c.protocol.RequestAuthCache - Auth cache not set in the context
22:09:42.068 [main] DEBUG o.a.h.c.p.RequestTargetAuthentication - Target auth state: UNCHALLENGED
22:09:42.068 [main] DEBUG o.a.h.c.p.RequestProxyAuthentication - Proxy auth state: UNCHALLENGED
22:09:42.068 [main] DEBUG o.a.h.impl.client.DefaultHttpClient - Attempt 1 to execute request
22:09:42.068 [main] DEBUG o.a.h.i.conn.DefaultClientConnection - Sending request: GET /1?a=10&b=6&c=3 HTTP/1.1
22:09:42.068 [main] DEBUG org.apache.http.wire -  >> "GET /1?a=10&b=6&c=3 HTTP/1.1[\r][\n]"
22:09:42.068 [main] DEBUG org.apache.http.wire -  >> "Accept: */*[\r][\n]"
22:09:42.068 [main] DEBUG org.apache.http.wire -  >> "Host: localhost:8080[\r][\n]"
22:09:42.068 [main] DEBUG org.apache.http.wire -  >> "Connection: Keep-Alive[\r][\n]"
22:09:42.068 [main] DEBUG org.apache.http.wire -  >> "User-Agent: Apache-HttpClient/4.5.3 (Java/13.0.5.1)[\r][\n]"
22:09:42.068 [main] DEBUG org.apache.http.wire -  >> "Accept-Encoding: gzip,deflate[\r][\n]"
22:09:42.068 [main] DEBUG org.apache.http.wire -  >> "[\r][\n]"
22:09:42.068 [main] DEBUG org.apache.http.headers - >> GET /1?a=10&b=6&c=3 HTTP/1.1
22:09:42.068 [main] DEBUG org.apache.http.headers - >> Accept: */*
22:09:42.068 [main] DEBUG org.apache.http.headers - >> Host: localhost:8080
22:09:42.068 [main] DEBUG org.apache.http.headers - >> Connection: Keep-Alive
22:09:42.068 [main] DEBUG org.apache.http.headers - >> User-Agent: Apache-HttpClient/4.5.3 (Java/13.0.5.1)
22:09:42.068 [main] DEBUG org.apache.http.headers - >> Accept-Encoding: gzip,deflate
22:09:42.087 [main] DEBUG org.apache.http.wire -  << "HTTP/1.1 200 OK[\r][\n]"
22:09:42.087 [main] DEBUG org.apache.http.wire -  << "Server: Apache-Coyote/1.1[\r][\n]"
22:09:42.087 [main] DEBUG org.apache.http.wire -  << "Content-Type: text/plain;charset=UTF-8[\r][\n]"
22:09:42.087 [main] DEBUG org.apache.http.wire -  << "Content-Length: 6[\r][\n]"
22:09:42.087 [main] DEBUG org.apache.http.wire -  << "Date: Sun, 07 Feb 2021 21:09:42 GMT[\r][\n]"
22:09:42.087 [main] DEBUG org.apache.http.wire -  << "[\r][\n]"
22:09:42.087 [main] DEBUG o.a.h.i.conn.DefaultClientConnection - Receiving response: HTTP/1.1 200 OK
22:09:42.087 [main] DEBUG org.apache.http.headers - << HTTP/1.1 200 OK
22:09:42.087 [main] DEBUG org.apache.http.headers - << Server: Apache-Coyote/1.1
22:09:42.087 [main] DEBUG org.apache.http.headers - << Content-Type: text/plain;charset=UTF-8
22:09:42.087 [main] DEBUG org.apache.http.headers - << Content-Length: 6
22:09:42.087 [main] DEBUG org.apache.http.headers - << Date: Sun, 07 Feb 2021 21:09:42 GMT
22:09:42.087 [main] DEBUG o.a.h.impl.client.DefaultHttpClient - Connection can be kept alive indefinitely
22:09:42.087 [main] DEBUG i.r.i.RequestSpecificationImpl$RestAssuredHttpBuilder - Parsing response as: text/plain;charset=UTF-8
22:09:42.087 [main] DEBUG i.r.i.RequestSpecificationImpl$RestAssuredHttpBuilder - Parsed data to instance of: class org.apache.http.conn.EofSensorInputStream
22:09:42.088 [main] DEBUG org.apache.http.wire -  << "a:1500"
22:09:42.088 [main] DEBUG o.a.h.i.c.BasicClientConnectionManager - Releasing connection org.apache.http.impl.conn.ManagedClientConnectionImpl@3fef1e6b
22:09:42.088 [main] DEBUG o.a.h.i.c.BasicClientConnectionManager - Connection can be kept alive indefinitely
22:09:42.090 [main] DEBUG o.a.h.i.c.BasicClientConnectionManager - Get connection for route {}->http://localhost:8080
22:09:42.090 [main] DEBUG o.a.h.i.c.DefaultClientConnectionOperator - Connecting to localhost:8080
22:09:42.090 [main] DEBUG o.a.h.c.protocol.RequestAddCookies - CookieSpec selected: ignoreCookies
22:09:42.090 [main] DEBUG o.a.h.c.protocol.RequestAuthCache - Auth cache not set in the context
22:09:42.090 [main] DEBUG o.a.h.c.p.RequestTargetAuthentication - Target auth state: UNCHALLENGED
22:09:42.090 [main] DEBUG o.a.h.c.p.RequestProxyAuthentication - Proxy auth state: UNCHALLENGED
22:09:42.090 [main] DEBUG o.a.h.impl.client.DefaultHttpClient - Attempt 1 to execute request
22:09:42.090 [main] DEBUG o.a.h.i.conn.DefaultClientConnection - Sending request: GET /1?a=10&b=6&c=3 HTTP/1.1
22:09:42.090 [main] DEBUG org.apache.http.wire -  >> "GET /1?a=10&b=6&c=3 HTTP/1.1[\r][\n]"
22:09:42.090 [main] DEBUG org.apache.http.wire -  >> "Accept: */*[\r][\n]"
22:09:42.090 [main] DEBUG org.apache.http.wire -  >> "Host: localhost:8080[\r][\n]"
22:09:42.090 [main] DEBUG org.apache.http.wire -  >> "Connection: Keep-Alive[\r][\n]"
22:09:42.090 [main] DEBUG org.apache.http.wire -  >> "User-Agent: Apache-HttpClient/4.5.3 (Java/13.0.5.1)[\r][\n]"
22:09:42.090 [main] DEBUG org.apache.http.wire -  >> "Accept-Encoding: gzip,deflate[\r][\n]"
22:09:42.090 [main] DEBUG org.apache.http.wire -  >> "[\r][\n]"
22:09:42.090 [main] DEBUG org.apache.http.headers - >> GET /1?a=10&b=6&c=3 HTTP/1.1
22:09:42.090 [main] DEBUG org.apache.http.headers - >> Accept: */*
22:09:42.090 [main] DEBUG org.apache.http.headers - >> Host: localhost:8080
22:09:42.090 [main] DEBUG org.apache.http.headers - >> Connection: Keep-Alive
22:09:42.090 [main] DEBUG org.apache.http.headers - >> User-Agent: Apache-HttpClient/4.5.3 (Java/13.0.5.1)
22:09:42.090 [main] DEBUG org.apache.http.headers - >> Accept-Encoding: gzip,deflate
22:09:42.106 [main] DEBUG org.apache.http.wire -  << "HTTP/1.1 200 OK[\r][\n]"
22:09:42.106 [main] DEBUG org.apache.http.wire -  << "Server: Apache-Coyote/1.1[\r][\n]"
22:09:42.106 [main] DEBUG org.apache.http.wire -  << "Content-Type: text/plain;charset=UTF-8[\r][\n]"
22:09:42.106 [main] DEBUG org.apache.http.wire -  << "Content-Length: 6[\r][\n]"
22:09:42.106 [main] DEBUG org.apache.http.wire -  << "Date: Sun, 07 Feb 2021 21:09:42 GMT[\r][\n]"
22:09:42.106 [main] DEBUG org.apache.http.wire -  << "[\r][\n]"
22:09:42.106 [main] DEBUG o.a.h.i.conn.DefaultClientConnection - Receiving response: HTTP/1.1 200 OK
22:09:42.106 [main] DEBUG org.apache.http.headers - << HTTP/1.1 200 OK
22:09:42.106 [main] DEBUG org.apache.http.headers - << Server: Apache-Coyote/1.1
22:09:42.106 [main] DEBUG org.apache.http.headers - << Content-Type: text/plain;charset=UTF-8
22:09:42.106 [main] DEBUG org.apache.http.headers - << Content-Length: 6
22:09:42.106 [main] DEBUG org.apache.http.headers - << Date: Sun, 07 Feb 2021 21:09:42 GMT
22:09:42.106 [main] DEBUG o.a.h.impl.client.DefaultHttpClient - Connection can be kept alive indefinitely
22:09:42.106 [main] DEBUG i.r.i.RequestSpecificationImpl$RestAssuredHttpBuilder - Parsing response as: text/plain;charset=UTF-8
22:09:42.106 [main] DEBUG i.r.i.RequestSpecificationImpl$RestAssuredHttpBuilder - Parsed data to instance of: class org.apache.http.conn.EofSensorInputStream
22:09:42.106 [main] DEBUG org.apache.http.wire -  << "a:1500"
22:09:42.106 [main] DEBUG o.a.h.i.c.BasicClientConnectionManager - Releasing connection org.apache.http.impl.conn.ManagedClientConnectionImpl@3a54638b
22:09:42.106 [main] DEBUG o.a.h.i.c.BasicClientConnectionManager - Connection can be kept alive indefinitely
22:09:42.111 [main] DEBUG o.a.h.i.c.BasicClientConnectionManager - Get connection for route {}->http://localhost:8080
22:09:42.111 [main] DEBUG o.a.h.i.c.DefaultClientConnectionOperator - Connecting to localhost:8080
22:09:42.113 [main] DEBUG o.a.h.c.protocol.RequestAddCookies - CookieSpec selected: ignoreCookies
22:09:42.113 [main] DEBUG o.a.h.c.protocol.RequestAuthCache - Auth cache not set in the context
22:09:42.113 [main] DEBUG o.a.h.c.p.RequestTargetAuthentication - Target auth state: UNCHALLENGED
22:09:42.113 [main] DEBUG o.a.h.c.p.RequestProxyAuthentication - Proxy auth state: UNCHALLENGED
22:09:42.113 [main] DEBUG o.a.h.impl.client.DefaultHttpClient - Attempt 1 to execute request
22:09:42.113 [main] DEBUG o.a.h.i.conn.DefaultClientConnection - Sending request: GET /1?a=10&b=6&c=3 HTTP/1.1
22:09:42.113 [main] DEBUG org.apache.http.wire -  >> "GET /1?a=10&b=6&c=3 HTTP/1.1[\r][\n]"
22:09:42.113 [main] DEBUG org.apache.http.wire -  >> "Accept: */*[\r][\n]"
22:09:42.113 [main] DEBUG org.apache.http.wire -  >> "Host: localhost:8080[\r][\n]"
22:09:42.113 [main] DEBUG org.apache.http.wire -  >> "Connection: Keep-Alive[\r][\n]"
22:09:42.113 [main] DEBUG org.apache.http.wire -  >> "User-Agent: Apache-HttpClient/4.5.3 (Java/13.0.5.1)[\r][\n]"
22:09:42.113 [main] DEBUG org.apache.http.wire -  >> "Accept-Encoding: gzip,deflate[\r][\n]"
22:09:42.113 [main] DEBUG org.apache.http.wire -  >> "[\r][\n]"
22:09:42.113 [main] DEBUG org.apache.http.headers - >> GET /1?a=10&b=6&c=3 HTTP/1.1
22:09:42.113 [main] DEBUG org.apache.http.headers - >> Accept: */*
22:09:42.113 [main] DEBUG org.apache.http.headers - >> Host: localhost:8080
22:09:42.113 [main] DEBUG org.apache.http.headers - >> Connection: Keep-Alive
22:09:42.113 [main] DEBUG org.apache.http.headers - >> User-Agent: Apache-HttpClient/4.5.3 (Java/13.0.5.1)
22:09:42.113 [main] DEBUG org.apache.http.headers - >> Accept-Encoding: gzip,deflate
22:09:42.131 [main] DEBUG org.apache.http.wire -  << "HTTP/1.1 200 OK[\r][\n]"
22:09:42.132 [main] DEBUG org.apache.http.wire -  << "Server: Apache-Coyote/1.1[\r][\n]"
22:09:42.132 [main] DEBUG org.apache.http.wire -  << "Content-Type: text/plain;charset=UTF-8[\r][\n]"
22:09:42.132 [main] DEBUG org.apache.http.wire -  << "Content-Length: 6[\r][\n]"
22:09:42.132 [main] DEBUG org.apache.http.wire -  << "Date: Sun, 07 Feb 2021 21:09:42 GMT[\r][\n]"
22:09:42.132 [main] DEBUG org.apache.http.wire -  << "[\r][\n]"
22:09:42.132 [main] DEBUG o.a.h.i.conn.DefaultClientConnection - Receiving response: HTTP/1.1 200 OK
22:09:42.132 [main] DEBUG org.apache.http.headers - << HTTP/1.1 200 OK
22:09:42.132 [main] DEBUG org.apache.http.headers - << Server: Apache-Coyote/1.1
22:09:42.132 [main] DEBUG org.apache.http.headers - << Content-Type: text/plain;charset=UTF-8
22:09:42.132 [main] DEBUG org.apache.http.headers - << Content-Length: 6
22:09:42.132 [main] DEBUG org.apache.http.headers - << Date: Sun, 07 Feb 2021 21:09:42 GMT
22:09:42.132 [main] DEBUG o.a.h.impl.client.DefaultHttpClient - Connection can be kept alive indefinitely
22:09:42.132 [main] DEBUG i.r.i.RequestSpecificationImpl$RestAssuredHttpBuilder - Parsing response as: text/plain;charset=UTF-8
22:09:42.132 [main] DEBUG i.r.i.RequestSpecificationImpl$RestAssuredHttpBuilder - Parsed data to instance of: class org.apache.http.conn.EofSensorInputStream
22:09:42.132 [main] DEBUG org.apache.http.wire -  << "a:1500"
22:09:42.132 [main] DEBUG o.a.h.i.c.BasicClientConnectionManager - Releasing connection org.apache.http.impl.conn.ManagedClientConnectionImpl@1d585fb
22:09:42.132 [main] DEBUG o.a.h.i.c.BasicClientConnectionManager - Connection can be kept alive indefinitely
22:09:42.134 [main] DEBUG o.a.h.i.c.BasicClientConnectionManager - Get connection for route {}->http://localhost:8080
22:09:42.134 [main] DEBUG o.a.h.i.c.DefaultClientConnectionOperator - Connecting to localhost:8080
22:09:42.135 [main] DEBUG o.a.h.c.protocol.RequestAddCookies - CookieSpec selected: ignoreCookies
22:09:42.135 [main] DEBUG o.a.h.c.protocol.RequestAuthCache - Auth cache not set in the context
22:09:42.135 [main] DEBUG o.a.h.c.p.RequestTargetAuthentication - Target auth state: UNCHALLENGED
22:09:42.135 [main] DEBUG o.a.h.c.p.RequestProxyAuthentication - Proxy auth state: UNCHALLENGED
22:09:42.135 [main] DEBUG o.a.h.impl.client.DefaultHttpClient - Attempt 1 to execute request
22:09:42.135 [main] DEBUG o.a.h.i.conn.DefaultClientConnection - Sending request: GET /1?a=10&b=6&c=3 HTTP/1.1
22:09:42.135 [main] DEBUG org.apache.http.wire -  >> "GET /1?a=10&b=6&c=3 HTTP/1.1[\r][\n]"
22:09:42.135 [main] DEBUG org.apache.http.wire -  >> "Accept: */*[\r][\n]"
22:09:42.135 [main] DEBUG org.apache.http.wire -  >> "Host: localhost:8080[\r][\n]"
22:09:42.135 [main] DEBUG org.apache.http.wire -  >> "Connection: Keep-Alive[\r][\n]"
22:09:42.135 [main] DEBUG org.apache.http.wire -  >> "User-Agent: Apache-HttpClient/4.5.3 (Java/13.0.5.1)[\r][\n]"
22:09:42.135 [main] DEBUG org.apache.http.wire -  >> "Accept-Encoding: gzip,deflate[\r][\n]"
22:09:42.135 [main] DEBUG org.apache.http.wire -  >> "[\r][\n]"
22:09:42.135 [main] DEBUG org.apache.http.headers - >> GET /1?a=10&b=6&c=3 HTTP/1.1
22:09:42.135 [main] DEBUG org.apache.http.headers - >> Accept: */*
22:09:42.135 [main] DEBUG org.apache.http.headers - >> Host: localhost:8080
22:09:42.135 [main] DEBUG org.apache.http.headers - >> Connection: Keep-Alive
22:09:42.135 [main] DEBUG org.apache.http.headers - >> User-Agent: Apache-HttpClient/4.5.3 (Java/13.0.5.1)
22:09:42.135 [main] DEBUG org.apache.http.headers - >> Accept-Encoding: gzip,deflate
22:09:42.151 [main] DEBUG org.apache.http.wire -  << "HTTP/1.1 200 OK[\r][\n]"
22:09:42.151 [main] DEBUG org.apache.http.wire -  << "Server: Apache-Coyote/1.1[\r][\n]"
22:09:42.151 [main] DEBUG org.apache.http.wire -  << "Content-Type: text/plain;charset=UTF-8[\r][\n]"
22:09:42.151 [main] DEBUG org.apache.http.wire -  << "Content-Length: 6[\r][\n]"
22:09:42.151 [main] DEBUG org.apache.http.wire -  << "Date: Sun, 07 Feb 2021 21:09:42 GMT[\r][\n]"
22:09:42.151 [main] DEBUG org.apache.http.wire -  << "[\r][\n]"
22:09:42.151 [main] DEBUG o.a.h.i.conn.DefaultClientConnection - Receiving response: HTTP/1.1 200 OK
22:09:42.151 [main] DEBUG org.apache.http.headers - << HTTP/1.1 200 OK
22:09:42.151 [main] DEBUG org.apache.http.headers - << Server: Apache-Coyote/1.1
22:09:42.151 [main] DEBUG org.apache.http.headers - << Content-Type: text/plain;charset=UTF-8
22:09:42.151 [main] DEBUG org.apache.http.headers - << Content-Length: 6
22:09:42.151 [main] DEBUG org.apache.http.headers - << Date: Sun, 07 Feb 2021 21:09:42 GMT
22:09:42.151 [main] DEBUG o.a.h.impl.client.DefaultHttpClient - Connection can be kept alive indefinitely
22:09:42.151 [main] DEBUG i.r.i.RequestSpecificationImpl$RestAssuredHttpBuilder - Parsing response as: text/plain;charset=UTF-8
22:09:42.151 [main] DEBUG i.r.i.RequestSpecificationImpl$RestAssuredHttpBuilder - Parsed data to instance of: class org.apache.http.conn.EofSensorInputStream
22:09:42.151 [main] DEBUG org.apache.http.wire -  << "a:1500"
22:09:42.151 [main] DEBUG o.a.h.i.c.BasicClientConnectionManager - Releasing connection org.apache.http.impl.conn.ManagedClientConnectionImpl@5158a9f7
22:09:42.151 [main] DEBUG o.a.h.i.c.BasicClientConnectionManager - Connection can be kept alive indefinitely
22:09:42.153 [main] DEBUG o.a.h.i.c.BasicClientConnectionManager - Get connection for route {}->http://localhost:8080
22:09:42.153 [main] DEBUG o.a.h.i.c.DefaultClientConnectionOperator - Connecting to localhost:8080
22:09:42.153 [main] DEBUG o.a.h.c.protocol.RequestAddCookies - CookieSpec selected: ignoreCookies
22:09:42.153 [main] DEBUG o.a.h.c.protocol.RequestAuthCache - Auth cache not set in the context
22:09:42.153 [main] DEBUG o.a.h.c.p.RequestTargetAuthentication - Target auth state: UNCHALLENGED
22:09:42.153 [main] DEBUG o.a.h.c.p.RequestProxyAuthentication - Proxy auth state: UNCHALLENGED
22:09:42.153 [main] DEBUG o.a.h.impl.client.DefaultHttpClient - Attempt 1 to execute request
22:09:42.153 [main] DEBUG o.a.h.i.conn.DefaultClientConnection - Sending request: GET /1?a=10&b=6&c=3 HTTP/1.1
22:09:42.153 [main] DEBUG org.apache.http.wire -  >> "GET /1?a=10&b=6&c=3 HTTP/1.1[\r][\n]"
22:09:42.153 [main] DEBUG org.apache.http.wire -  >> "Accept: */*[\r][\n]"
22:09:42.153 [main] DEBUG org.apache.http.wire -  >> "Host: localhost:8080[\r][\n]"
22:09:42.153 [main] DEBUG org.apache.http.wire -  >> "Connection: Keep-Alive[\r][\n]"
22:09:42.153 [main] DEBUG org.apache.http.wire -  >> "User-Agent: Apache-HttpClient/4.5.3 (Java/13.0.5.1)[\r][\n]"
22:09:42.153 [main] DEBUG org.apache.http.wire -  >> "Accept-Encoding: gzip,deflate[\r][\n]"
22:09:42.153 [main] DEBUG org.apache.http.wire -  >> "[\r][\n]"
22:09:42.153 [main] DEBUG org.apache.http.headers - >> GET /1?a=10&b=6&c=3 HTTP/1.1
22:09:42.153 [main] DEBUG org.apache.http.headers - >> Accept: */*
22:09:42.153 [main] DEBUG org.apache.http.headers - >> Host: localhost:8080
22:09:42.153 [main] DEBUG org.apache.http.headers - >> Connection: Keep-Alive
22:09:42.153 [main] DEBUG org.apache.http.headers - >> User-Agent: Apache-HttpClient/4.5.3 (Java/13.0.5.1)
22:09:42.153 [main] DEBUG org.apache.http.headers - >> Accept-Encoding: gzip,deflate
22:09:42.172 [main] DEBUG org.apache.http.wire -  << "HTTP/1.1 200 OK[\r][\n]"
22:09:42.172 [main] DEBUG org.apache.http.wire -  << "Server: Apache-Coyote/1.1[\r][\n]"
22:09:42.172 [main] DEBUG org.apache.http.wire -  << "Content-Type: text/plain;charset=UTF-8[\r][\n]"
22:09:42.172 [main] DEBUG org.apache.http.wire -  << "Content-Length: 6[\r][\n]"
22:09:42.172 [main] DEBUG org.apache.http.wire -  << "Date: Sun, 07 Feb 2021 21:09:42 GMT[\r][\n]"
22:09:42.172 [main] DEBUG org.apache.http.wire -  << "[\r][\n]"
22:09:42.172 [main] DEBUG o.a.h.i.conn.DefaultClientConnection - Receiving response: HTTP/1.1 200 OK
22:09:42.172 [main] DEBUG org.apache.http.headers - << HTTP/1.1 200 OK
22:09:42.172 [main] DEBUG org.apache.http.headers - << Server: Apache-Coyote/1.1
22:09:42.172 [main] DEBUG org.apache.http.headers - << Content-Type: text/plain;charset=UTF-8
22:09:42.172 [main] DEBUG org.apache.http.headers - << Content-Length: 6
22:09:42.172 [main] DEBUG org.apache.http.headers - << Date: Sun, 07 Feb 2021 21:09:42 GMT
22:09:42.172 [main] DEBUG o.a.h.impl.client.DefaultHttpClient - Connection can be kept alive indefinitely
22:09:42.173 [main] DEBUG i.r.i.RequestSpecificationImpl$RestAssuredHttpBuilder - Parsing response as: text/plain;charset=UTF-8
22:09:42.173 [main] DEBUG i.r.i.RequestSpecificationImpl$RestAssuredHttpBuilder - Parsed data to instance of: class org.apache.http.conn.EofSensorInputStream
22:09:42.173 [main] DEBUG org.apache.http.wire -  << "a:1500"
22:09:42.173 [main] DEBUG o.a.h.i.c.BasicClientConnectionManager - Releasing connection org.apache.http.impl.conn.ManagedClientConnectionImpl@1dbff71c
22:09:42.173 [main] DEBUG o.a.h.i.c.BasicClientConnectionManager - Connection can be kept alive indefinitely
22:09:42.175 [main] DEBUG o.a.h.i.c.BasicClientConnectionManager - Get connection for route {}->http://localhost:8080
22:09:42.175 [main] DEBUG o.a.h.i.c.DefaultClientConnectionOperator - Connecting to localhost:8080
22:09:42.176 [main] DEBUG o.a.h.c.protocol.RequestAddCookies - CookieSpec selected: ignoreCookies
22:09:42.176 [main] DEBUG o.a.h.c.protocol.RequestAuthCache - Auth cache not set in the context
22:09:42.176 [main] DEBUG o.a.h.c.p.RequestTargetAuthentication - Target auth state: UNCHALLENGED
22:09:42.176 [main] DEBUG o.a.h.c.p.RequestProxyAuthentication - Proxy auth state: UNCHALLENGED
22:09:42.176 [main] DEBUG o.a.h.impl.client.DefaultHttpClient - Attempt 1 to execute request
22:09:42.176 [main] DEBUG o.a.h.i.conn.DefaultClientConnection - Sending request: GET /1?a=10&b=6&c=3 HTTP/1.1
22:09:42.176 [main] DEBUG org.apache.http.wire -  >> "GET /1?a=10&b=6&c=3 HTTP/1.1[\r][\n]"
22:09:42.176 [main] DEBUG org.apache.http.wire -  >> "Accept: */*[\r][\n]"
22:09:42.176 [main] DEBUG org.apache.http.wire -  >> "Host: localhost:8080[\r][\n]"
22:09:42.176 [main] DEBUG org.apache.http.wire -  >> "Connection: Keep-Alive[\r][\n]"
22:09:42.176 [main] DEBUG org.apache.http.wire -  >> "User-Agent: Apache-HttpClient/4.5.3 (Java/13.0.5.1)[\r][\n]"
22:09:42.176 [main] DEBUG org.apache.http.wire -  >> "Accept-Encoding: gzip,deflate[\r][\n]"
22:09:42.176 [main] DEBUG org.apache.http.wire -  >> "[\r][\n]"
22:09:42.176 [main] DEBUG org.apache.http.headers - >> GET /1?a=10&b=6&c=3 HTTP/1.1
22:09:42.176 [main] DEBUG org.apache.http.headers - >> Accept: */*
22:09:42.176 [main] DEBUG org.apache.http.headers - >> Host: localhost:8080
22:09:42.176 [main] DEBUG org.apache.http.headers - >> Connection: Keep-Alive
22:09:42.176 [main] DEBUG org.apache.http.headers - >> User-Agent: Apache-HttpClient/4.5.3 (Java/13.0.5.1)
22:09:42.176 [main] DEBUG org.apache.http.headers - >> Accept-Encoding: gzip,deflate
22:09:42.193 [main] DEBUG org.apache.http.wire -  << "HTTP/1.1 200 OK[\r][\n]"
22:09:42.194 [main] DEBUG org.apache.http.wire -  << "Server: Apache-Coyote/1.1[\r][\n]"
22:09:42.194 [main] DEBUG org.apache.http.wire -  << "Content-Type: text/plain;charset=UTF-8[\r][\n]"
22:09:42.194 [main] DEBUG org.apache.http.wire -  << "Content-Length: 6[\r][\n]"
22:09:42.194 [main] DEBUG org.apache.http.wire -  << "Date: Sun, 07 Feb 2021 21:09:42 GMT[\r][\n]"
22:09:42.194 [main] DEBUG org.apache.http.wire -  << "[\r][\n]"
22:09:42.194 [main] DEBUG o.a.h.i.conn.DefaultClientConnection - Receiving response: HTTP/1.1 200 OK
22:09:42.194 [main] DEBUG org.apache.http.headers - << HTTP/1.1 200 OK
22:09:42.194 [main] DEBUG org.apache.http.headers - << Server: Apache-Coyote/1.1
22:09:42.194 [main] DEBUG org.apache.http.headers - << Content-Type: text/plain;charset=UTF-8
22:09:42.194 [main] DEBUG org.apache.http.headers - << Content-Length: 6
22:09:42.194 [main] DEBUG org.apache.http.headers - << Date: Sun, 07 Feb 2021 21:09:42 GMT
22:09:42.194 [main] DEBUG o.a.h.impl.client.DefaultHttpClient - Connection can be kept alive indefinitely
22:09:42.194 [main] DEBUG i.r.i.RequestSpecificationImpl$RestAssuredHttpBuilder - Parsing response as: text/plain;charset=UTF-8
22:09:42.194 [main] DEBUG i.r.i.RequestSpecificationImpl$RestAssuredHttpBuilder - Parsed data to instance of: class org.apache.http.conn.EofSensorInputStream
22:09:42.195 [main] DEBUG org.apache.http.wire -  << "a:1500"
22:09:42.195 [main] DEBUG o.a.h.i.c.BasicClientConnectionManager - Releasing connection org.apache.http.impl.conn.ManagedClientConnectionImpl@7079f8f0
22:09:42.195 [main] DEBUG o.a.h.i.c.BasicClientConnectionManager - Connection can be kept alive indefinitely
22:09:42.198 [main] DEBUG o.a.h.i.c.BasicClientConnectionManager - Get connection for route {}->http://localhost:8080
22:09:42.198 [main] DEBUG o.a.h.i.c.DefaultClientConnectionOperator - Connecting to localhost:8080
22:09:42.198 [main] DEBUG o.a.h.c.protocol.RequestAddCookies - CookieSpec selected: ignoreCookies
22:09:42.198 [main] DEBUG o.a.h.c.protocol.RequestAuthCache - Auth cache not set in the context
22:09:42.198 [main] DEBUG o.a.h.c.p.RequestTargetAuthentication - Target auth state: UNCHALLENGED
22:09:42.198 [main] DEBUG o.a.h.c.p.RequestProxyAuthentication - Proxy auth state: UNCHALLENGED
22:09:42.198 [main] DEBUG o.a.h.impl.client.DefaultHttpClient - Attempt 1 to execute request
22:09:42.198 [main] DEBUG o.a.h.i.conn.DefaultClientConnection - Sending request: GET /1?a=10&b=6&c=3 HTTP/1.1
22:09:42.198 [main] DEBUG org.apache.http.wire -  >> "GET /1?a=10&b=6&c=3 HTTP/1.1[\r][\n]"
22:09:42.199 [main] DEBUG org.apache.http.wire -  >> "Accept: */*[\r][\n]"
22:09:42.199 [main] DEBUG org.apache.http.wire -  >> "Host: localhost:8080[\r][\n]"
22:09:42.199 [main] DEBUG org.apache.http.wire -  >> "Connection: Keep-Alive[\r][\n]"
22:09:42.199 [main] DEBUG org.apache.http.wire -  >> "User-Agent: Apache-HttpClient/4.5.3 (Java/13.0.5.1)[\r][\n]"
22:09:42.199 [main] DEBUG org.apache.http.wire -  >> "Accept-Encoding: gzip,deflate[\r][\n]"
22:09:42.199 [main] DEBUG org.apache.http.wire -  >> "[\r][\n]"
22:09:42.199 [main] DEBUG org.apache.http.headers - >> GET /1?a=10&b=6&c=3 HTTP/1.1
22:09:42.199 [main] DEBUG org.apache.http.headers - >> Accept: */*
22:09:42.199 [main] DEBUG org.apache.http.headers - >> Host: localhost:8080
22:09:42.199 [main] DEBUG org.apache.http.headers - >> Connection: Keep-Alive
22:09:42.199 [main] DEBUG org.apache.http.headers - >> User-Agent: Apache-HttpClient/4.5.3 (Java/13.0.5.1)
22:09:42.199 [main] DEBUG org.apache.http.headers - >> Accept-Encoding: gzip,deflate
22:09:42.216 [main] DEBUG org.apache.http.wire -  << "HTTP/1.1 200 OK[\r][\n]"
22:09:42.216 [main] DEBUG org.apache.http.wire -  << "Server: Apache-Coyote/1.1[\r][\n]"
22:09:42.216 [main] DEBUG org.apache.http.wire -  << "Content-Type: text/plain;charset=UTF-8[\r][\n]"
22:09:42.216 [main] DEBUG org.apache.http.wire -  << "Content-Length: 6[\r][\n]"
22:09:42.216 [main] DEBUG org.apache.http.wire -  << "Date: Sun, 07 Feb 2021 21:09:42 GMT[\r][\n]"
22:09:42.216 [main] DEBUG org.apache.http.wire -  << "[\r][\n]"
22:09:42.216 [main] DEBUG o.a.h.i.conn.DefaultClientConnection - Receiving response: HTTP/1.1 200 OK
22:09:42.216 [main] DEBUG org.apache.http.headers - << HTTP/1.1 200 OK
22:09:42.216 [main] DEBUG org.apache.http.headers - << Server: Apache-Coyote/1.1
22:09:42.216 [main] DEBUG org.apache.http.headers - << Content-Type: text/plain;charset=UTF-8
22:09:42.216 [main] DEBUG org.apache.http.headers - << Content-Length: 6
22:09:42.216 [main] DEBUG org.apache.http.headers - << Date: Sun, 07 Feb 2021 21:09:42 GMT
22:09:42.216 [main] DEBUG o.a.h.impl.client.DefaultHttpClient - Connection can be kept alive indefinitely
22:09:42.216 [main] DEBUG i.r.i.RequestSpecificationImpl$RestAssuredHttpBuilder - Parsing response as: text/plain;charset=UTF-8
22:09:42.216 [main] DEBUG i.r.i.RequestSpecificationImpl$RestAssuredHttpBuilder - Parsed data to instance of: class org.apache.http.conn.EofSensorInputStream
22:09:42.216 [main] DEBUG org.apache.http.wire -  << "a:1500"
22:09:42.216 [main] DEBUG o.a.h.i.c.BasicClientConnectionManager - Releasing connection org.apache.http.impl.conn.ManagedClientConnectionImpl@553fbe94
22:09:42.216 [main] DEBUG o.a.h.i.c.BasicClientConnectionManager - Connection can be kept alive indefinitely
22:09:42.218 [main] DEBUG o.a.h.i.c.BasicClientConnectionManager - Get connection for route {}->http://localhost:8080
22:09:42.218 [main] DEBUG o.a.h.i.c.DefaultClientConnectionOperator - Connecting to localhost:8080
22:09:42.218 [main] DEBUG o.a.h.c.protocol.RequestAddCookies - CookieSpec selected: ignoreCookies
22:09:42.218 [main] DEBUG o.a.h.c.protocol.RequestAuthCache - Auth cache not set in the context
22:09:42.218 [main] DEBUG o.a.h.c.p.RequestTargetAuthentication - Target auth state: UNCHALLENGED
22:09:42.218 [main] DEBUG o.a.h.c.p.RequestProxyAuthentication - Proxy auth state: UNCHALLENGED
22:09:42.218 [main] DEBUG o.a.h.impl.client.DefaultHttpClient - Attempt 1 to execute request
22:09:42.218 [main] DEBUG o.a.h.i.conn.DefaultClientConnection - Sending request: GET /1?a=10&b=6&c=3 HTTP/1.1
22:09:42.218 [main] DEBUG org.apache.http.wire -  >> "GET /1?a=10&b=6&c=3 HTTP/1.1[\r][\n]"
22:09:42.218 [main] DEBUG org.apache.http.wire -  >> "Accept: */*[\r][\n]"
22:09:42.218 [main] DEBUG org.apache.http.wire -  >> "Host: localhost:8080[\r][\n]"
22:09:42.218 [main] DEBUG org.apache.http.wire -  >> "Connection: Keep-Alive[\r][\n]"
22:09:42.218 [main] DEBUG org.apache.http.wire -  >> "User-Agent: Apache-HttpClient/4.5.3 (Java/13.0.5.1)[\r][\n]"
22:09:42.218 [main] DEBUG org.apache.http.wire -  >> "Accept-Encoding: gzip,deflate[\r][\n]"
22:09:42.218 [main] DEBUG org.apache.http.wire -  >> "[\r][\n]"
22:09:42.218 [main] DEBUG org.apache.http.headers - >> GET /1?a=10&b=6&c=3 HTTP/1.1
22:09:42.218 [main] DEBUG org.apache.http.headers - >> Accept: */*
22:09:42.218 [main] DEBUG org.apache.http.headers - >> Host: localhost:8080
22:09:42.218 [main] DEBUG org.apache.http.headers - >> Connection: Keep-Alive
22:09:42.218 [main] DEBUG org.apache.http.headers - >> User-Agent: Apache-HttpClient/4.5.3 (Java/13.0.5.1)
22:09:42.218 [main] DEBUG org.apache.http.headers - >> Accept-Encoding: gzip,deflate
22:09:42.238 [main] DEBUG org.apache.http.wire -  << "HTTP/1.1 200 OK[\r][\n]"
22:09:42.238 [main] DEBUG org.apache.http.wire -  << "Server: Apache-Coyote/1.1[\r][\n]"
22:09:42.238 [main] DEBUG org.apache.http.wire -  << "Content-Type: text/plain;charset=UTF-8[\r][\n]"
22:09:42.238 [main] DEBUG org.apache.http.wire -  << "Content-Length: 6[\r][\n]"
22:09:42.238 [main] DEBUG org.apache.http.wire -  << "Date: Sun, 07 Feb 2021 21:09:42 GMT[\r][\n]"
22:09:42.238 [main] DEBUG org.apache.http.wire -  << "[\r][\n]"
22:09:42.238 [main] DEBUG o.a.h.i.conn.DefaultClientConnection - Receiving response: HTTP/1.1 200 OK
22:09:42.238 [main] DEBUG org.apache.http.headers - << HTTP/1.1 200 OK
22:09:42.238 [main] DEBUG org.apache.http.headers - << Server: Apache-Coyote/1.1
22:09:42.238 [main] DEBUG org.apache.http.headers - << Content-Type: text/plain;charset=UTF-8
22:09:42.238 [main] DEBUG org.apache.http.headers - << Content-Length: 6
22:09:42.238 [main] DEBUG org.apache.http.headers - << Date: Sun, 07 Feb 2021 21:09:42 GMT
22:09:42.238 [main] DEBUG o.a.h.impl.client.DefaultHttpClient - Connection can be kept alive indefinitely
22:09:42.238 [main] DEBUG i.r.i.RequestSpecificationImpl$RestAssuredHttpBuilder - Parsing response as: text/plain;charset=UTF-8
22:09:42.238 [main] DEBUG i.r.i.RequestSpecificationImpl$RestAssuredHttpBuilder - Parsed data to instance of: class org.apache.http.conn.EofSensorInputStream
22:09:42.238 [main] DEBUG org.apache.http.wire -  << "a:1500"
22:09:42.238 [main] DEBUG o.a.h.i.c.BasicClientConnectionManager - Releasing connection org.apache.http.impl.conn.ManagedClientConnectionImpl@1218e12
22:09:42.238 [main] DEBUG o.a.h.i.c.BasicClientConnectionManager - Connection can be kept alive indefinitely
22:09:42.240 [main] DEBUG o.a.h.i.c.BasicClientConnectionManager - Get connection for route {}->http://localhost:8080
22:09:42.240 [main] DEBUG o.a.h.i.c.DefaultClientConnectionOperator - Connecting to localhost:8080
22:09:42.241 [main] DEBUG o.a.h.c.protocol.RequestAddCookies - CookieSpec selected: ignoreCookies
22:09:42.241 [main] DEBUG o.a.h.c.protocol.RequestAuthCache - Auth cache not set in the context
22:09:42.241 [main] DEBUG o.a.h.c.p.RequestTargetAuthentication - Target auth state: UNCHALLENGED
22:09:42.241 [main] DEBUG o.a.h.c.p.RequestProxyAuthentication - Proxy auth state: UNCHALLENGED
22:09:42.241 [main] DEBUG o.a.h.impl.client.DefaultHttpClient - Attempt 1 to execute request
22:09:42.241 [main] DEBUG o.a.h.i.conn.DefaultClientConnection - Sending request: GET /1?a=10&b=6&c=3 HTTP/1.1
22:09:42.241 [main] DEBUG org.apache.http.wire -  >> "GET /1?a=10&b=6&c=3 HTTP/1.1[\r][\n]"
22:09:42.241 [main] DEBUG org.apache.http.wire -  >> "Accept: */*[\r][\n]"
22:09:42.241 [main] DEBUG org.apache.http.wire -  >> "Host: localhost:8080[\r][\n]"
22:09:42.241 [main] DEBUG org.apache.http.wire -  >> "Connection: Keep-Alive[\r][\n]"
22:09:42.241 [main] DEBUG org.apache.http.wire -  >> "User-Agent: Apache-HttpClient/4.5.3 (Java/13.0.5.1)[\r][\n]"
22:09:42.241 [main] DEBUG org.apache.http.wire -  >> "Accept-Encoding: gzip,deflate[\r][\n]"
22:09:42.241 [main] DEBUG org.apache.http.wire -  >> "[\r][\n]"
22:09:42.241 [main] DEBUG org.apache.http.headers - >> GET /1?a=10&b=6&c=3 HTTP/1.1
22:09:42.241 [main] DEBUG org.apache.http.headers - >> Accept: */*
22:09:42.241 [main] DEBUG org.apache.http.headers - >> Host: localhost:8080
22:09:42.241 [main] DEBUG org.apache.http.headers - >> Connection: Keep-Alive
22:09:42.241 [main] DEBUG org.apache.http.headers - >> User-Agent: Apache-HttpClient/4.5.3 (Java/13.0.5.1)
22:09:42.241 [main] DEBUG org.apache.http.headers - >> Accept-Encoding: gzip,deflate
22:09:42.256 [main] DEBUG org.apache.http.wire -  << "HTTP/1.1 200 OK[\r][\n]"
22:09:42.256 [main] DEBUG org.apache.http.wire -  << "Server: Apache-Coyote/1.1[\r][\n]"
22:09:42.256 [main] DEBUG org.apache.http.wire -  << "Content-Type: text/plain;charset=UTF-8[\r][\n]"
22:09:42.256 [main] DEBUG org.apache.http.wire -  << "Content-Length: 6[\r][\n]"
22:09:42.256 [main] DEBUG org.apache.http.wire -  << "Date: Sun, 07 Feb 2021 21:09:42 GMT[\r][\n]"
22:09:42.256 [main] DEBUG org.apache.http.wire -  << "[\r][\n]"
22:09:42.256 [main] DEBUG o.a.h.i.conn.DefaultClientConnection - Receiving response: HTTP/1.1 200 OK
22:09:42.256 [main] DEBUG org.apache.http.headers - << HTTP/1.1 200 OK
22:09:42.256 [main] DEBUG org.apache.http.headers - << Server: Apache-Coyote/1.1
22:09:42.256 [main] DEBUG org.apache.http.headers - << Content-Type: text/plain;charset=UTF-8
22:09:42.256 [main] DEBUG org.apache.http.headers - << Content-Length: 6
22:09:42.256 [main] DEBUG org.apache.http.headers - << Date: Sun, 07 Feb 2021 21:09:42 GMT
22:09:42.256 [main] DEBUG o.a.h.impl.client.DefaultHttpClient - Connection can be kept alive indefinitely
22:09:42.256 [main] DEBUG i.r.i.RequestSpecificationImpl$RestAssuredHttpBuilder - Parsing response as: text/plain;charset=UTF-8
22:09:42.256 [main] DEBUG i.r.i.RequestSpecificationImpl$RestAssuredHttpBuilder - Parsed data to instance of: class org.apache.http.conn.EofSensorInputStream
22:09:42.256 [main] DEBUG org.apache.http.wire -  << "a:1500"
22:09:42.256 [main] DEBUG o.a.h.i.c.BasicClientConnectionManager - Releasing connection org.apache.http.impl.conn.ManagedClientConnectionImpl@2b99c937
22:09:42.256 [main] DEBUG o.a.h.i.c.BasicClientConnectionManager - Connection can be kept alive indefinitely
22:09:42.258 [main] DEBUG o.a.h.i.c.BasicClientConnectionManager - Get connection for route {}->http://localhost:8080
22:09:42.258 [main] DEBUG o.a.h.i.c.DefaultClientConnectionOperator - Connecting to localhost:8080
22:09:42.259 [main] DEBUG o.a.h.c.protocol.RequestAddCookies - CookieSpec selected: ignoreCookies
22:09:42.259 [main] DEBUG o.a.h.c.protocol.RequestAuthCache - Auth cache not set in the context
22:09:42.259 [main] DEBUG o.a.h.c.p.RequestTargetAuthentication - Target auth state: UNCHALLENGED
22:09:42.259 [main] DEBUG o.a.h.c.p.RequestProxyAuthentication - Proxy auth state: UNCHALLENGED
22:09:42.259 [main] DEBUG o.a.h.impl.client.DefaultHttpClient - Attempt 1 to execute request
22:09:42.259 [main] DEBUG o.a.h.i.conn.DefaultClientConnection - Sending request: GET /1?a=10&b=6&c=3 HTTP/1.1
22:09:42.259 [main] DEBUG org.apache.http.wire -  >> "GET /1?a=10&b=6&c=3 HTTP/1.1[\r][\n]"
22:09:42.259 [main] DEBUG org.apache.http.wire -  >> "Accept: */*[\r][\n]"
22:09:42.259 [main] DEBUG org.apache.http.wire -  >> "Host: localhost:8080[\r][\n]"
22:09:42.259 [main] DEBUG org.apache.http.wire -  >> "Connection: Keep-Alive[\r][\n]"
22:09:42.259 [main] DEBUG org.apache.http.wire -  >> "User-Agent: Apache-HttpClient/4.5.3 (Java/13.0.5.1)[\r][\n]"
22:09:42.259 [main] DEBUG org.apache.http.wire -  >> "Accept-Encoding: gzip,deflate[\r][\n]"
22:09:42.259 [main] DEBUG org.apache.http.wire -  >> "[\r][\n]"
22:09:42.259 [main] DEBUG org.apache.http.headers - >> GET /1?a=10&b=6&c=3 HTTP/1.1
22:09:42.259 [main] DEBUG org.apache.http.headers - >> Accept: */*
22:09:42.259 [main] DEBUG org.apache.http.headers - >> Host: localhost:8080
22:09:42.259 [main] DEBUG org.apache.http.headers - >> Connection: Keep-Alive
22:09:42.259 [main] DEBUG org.apache.http.headers - >> User-Agent: Apache-HttpClient/4.5.3 (Java/13.0.5.1)
22:09:42.259 [main] DEBUG org.apache.http.headers - >> Accept-Encoding: gzip,deflate
22:09:42.280 [main] DEBUG org.apache.http.wire -  << "HTTP/1.1 200 OK[\r][\n]"
22:09:42.280 [main] DEBUG org.apache.http.wire -  << "Server: Apache-Coyote/1.1[\r][\n]"
22:09:42.280 [main] DEBUG org.apache.http.wire -  << "Content-Type: text/plain;charset=UTF-8[\r][\n]"
22:09:42.280 [main] DEBUG org.apache.http.wire -  << "Content-Length: 6[\r][\n]"
22:09:42.280 [main] DEBUG org.apache.http.wire -  << "Date: Sun, 07 Feb 2021 21:09:42 GMT[\r][\n]"
22:09:42.280 [main] DEBUG org.apache.http.wire -  << "[\r][\n]"
22:09:42.280 [main] DEBUG o.a.h.i.conn.DefaultClientConnection - Receiving response: HTTP/1.1 200 OK
22:09:42.280 [main] DEBUG org.apache.http.headers - << HTTP/1.1 200 OK
22:09:42.280 [main] DEBUG org.apache.http.headers - << Server: Apache-Coyote/1.1
22:09:42.280 [main] DEBUG org.apache.http.headers - << Content-Type: text/plain;charset=UTF-8
22:09:42.280 [main] DEBUG org.apache.http.headers - << Content-Length: 6
22:09:42.280 [main] DEBUG org.apache.http.headers - << Date: Sun, 07 Feb 2021 21:09:42 GMT
22:09:42.280 [main] DEBUG o.a.h.impl.client.DefaultHttpClient - Connection can be kept alive indefinitely
22:09:42.280 [main] DEBUG i.r.i.RequestSpecificationImpl$RestAssuredHttpBuilder - Parsing response as: text/plain;charset=UTF-8
22:09:42.280 [main] DEBUG i.r.i.RequestSpecificationImpl$RestAssuredHttpBuilder - Parsed data to instance of: class org.apache.http.conn.EofSensorInputStream
22:09:42.280 [main] DEBUG org.apache.http.wire -  << "a:1500"
22:09:42.280 [main] DEBUG o.a.h.i.c.BasicClientConnectionManager - Releasing connection org.apache.http.impl.conn.ManagedClientConnectionImpl@2f5f5bc9
22:09:42.280 [main] DEBUG o.a.h.i.c.BasicClientConnectionManager - Connection can be kept alive indefinitely
22:09:42.282 [main] DEBUG o.a.h.i.c.BasicClientConnectionManager - Get connection for route {}->http://localhost:8080
22:09:42.282 [main] DEBUG o.a.h.i.c.DefaultClientConnectionOperator - Connecting to localhost:8080
22:09:42.283 [main] DEBUG o.a.h.c.protocol.RequestAddCookies - CookieSpec selected: ignoreCookies
22:09:42.283 [main] DEBUG o.a.h.c.protocol.RequestAuthCache - Auth cache not set in the context
22:09:42.283 [main] DEBUG o.a.h.c.p.RequestTargetAuthentication - Target auth state: UNCHALLENGED
22:09:42.283 [main] DEBUG o.a.h.c.p.RequestProxyAuthentication - Proxy auth state: UNCHALLENGED
22:09:42.283 [main] DEBUG o.a.h.impl.client.DefaultHttpClient - Attempt 1 to execute request
22:09:42.283 [main] DEBUG o.a.h.i.conn.DefaultClientConnection - Sending request: GET /1?a=10&b=6&c=3 HTTP/1.1
22:09:42.283 [main] DEBUG org.apache.http.wire -  >> "GET /1?a=10&b=6&c=3 HTTP/1.1[\r][\n]"
22:09:42.283 [main] DEBUG org.apache.http.wire -  >> "Accept: */*[\r][\n]"
22:09:42.283 [main] DEBUG org.apache.http.wire -  >> "Host: localhost:8080[\r][\n]"
22:09:42.283 [main] DEBUG org.apache.http.wire -  >> "Connection: Keep-Alive[\r][\n]"
22:09:42.283 [main] DEBUG org.apache.http.wire -  >> "User-Agent: Apache-HttpClient/4.5.3 (Java/13.0.5.1)[\r][\n]"
22:09:42.283 [main] DEBUG org.apache.http.wire -  >> "Accept-Encoding: gzip,deflate[\r][\n]"
22:09:42.283 [main] DEBUG org.apache.http.wire -  >> "[\r][\n]"
22:09:42.283 [main] DEBUG org.apache.http.headers - >> GET /1?a=10&b=6&c=3 HTTP/1.1
22:09:42.283 [main] DEBUG org.apache.http.headers - >> Accept: */*
22:09:42.283 [main] DEBUG org.apache.http.headers - >> Host: localhost:8080
22:09:42.283 [main] DEBUG org.apache.http.headers - >> Connection: Keep-Alive
22:09:42.283 [main] DEBUG org.apache.http.headers - >> User-Agent: Apache-HttpClient/4.5.3 (Java/13.0.5.1)
22:09:42.283 [main] DEBUG org.apache.http.headers - >> Accept-Encoding: gzip,deflate
22:09:42.299 [main] DEBUG org.apache.http.wire -  << "HTTP/1.1 200 OK[\r][\n]"
22:09:42.299 [main] DEBUG org.apache.http.wire -  << "Server: Apache-Coyote/1.1[\r][\n]"
22:09:42.299 [main] DEBUG org.apache.http.wire -  << "Content-Type: text/plain;charset=UTF-8[\r][\n]"
22:09:42.299 [main] DEBUG org.apache.http.wire -  << "Content-Length: 6[\r][\n]"
22:09:42.299 [main] DEBUG org.apache.http.wire -  << "Date: Sun, 07 Feb 2021 21:09:42 GMT[\r][\n]"
22:09:42.299 [main] DEBUG org.apache.http.wire -  << "[\r][\n]"
22:09:42.299 [main] DEBUG o.a.h.i.conn.DefaultClientConnection - Receiving response: HTTP/1.1 200 OK
22:09:42.299 [main] DEBUG org.apache.http.headers - << HTTP/1.1 200 OK
22:09:42.299 [main] DEBUG org.apache.http.headers - << Server: Apache-Coyote/1.1
22:09:42.299 [main] DEBUG org.apache.http.headers - << Content-Type: text/plain;charset=UTF-8
22:09:42.299 [main] DEBUG org.apache.http.headers - << Content-Length: 6
22:09:42.299 [main] DEBUG org.apache.http.headers - << Date: Sun, 07 Feb 2021 21:09:42 GMT
22:09:42.299 [main] DEBUG o.a.h.impl.client.DefaultHttpClient - Connection can be kept alive indefinitely
22:09:42.299 [main] DEBUG i.r.i.RequestSpecificationImpl$RestAssuredHttpBuilder - Parsing response as: text/plain;charset=UTF-8
22:09:42.299 [main] DEBUG i.r.i.RequestSpecificationImpl$RestAssuredHttpBuilder - Parsed data to instance of: class org.apache.http.conn.EofSensorInputStream
22:09:42.300 [main] DEBUG org.apache.http.wire -  << "a:1500"
22:09:42.300 [main] DEBUG o.a.h.i.c.BasicClientConnectionManager - Releasing connection org.apache.http.impl.conn.ManagedClientConnectionImpl@545604a9
22:09:42.300 [main] DEBUG o.a.h.i.c.BasicClientConnectionManager - Connection can be kept alive indefinitely
22:09:42.301 [main] DEBUG o.a.h.i.c.BasicClientConnectionManager - Get connection for route {}->http://localhost:8080
22:09:42.301 [main] DEBUG o.a.h.i.c.DefaultClientConnectionOperator - Connecting to localhost:8080
22:09:42.302 [main] DEBUG o.a.h.c.protocol.RequestAddCookies - CookieSpec selected: ignoreCookies
22:09:42.302 [main] DEBUG o.a.h.c.protocol.RequestAuthCache - Auth cache not set in the context
22:09:42.302 [main] DEBUG o.a.h.c.p.RequestTargetAuthentication - Target auth state: UNCHALLENGED
22:09:42.302 [main] DEBUG o.a.h.c.p.RequestProxyAuthentication - Proxy auth state: UNCHALLENGED
22:09:42.302 [main] DEBUG o.a.h.impl.client.DefaultHttpClient - Attempt 1 to execute request
22:09:42.302 [main] DEBUG o.a.h.i.conn.DefaultClientConnection - Sending request: GET /1?a=10&b=6&c=3 HTTP/1.1
22:09:42.302 [main] DEBUG org.apache.http.wire -  >> "GET /1?a=10&b=6&c=3 HTTP/1.1[\r][\n]"
22:09:42.302 [main] DEBUG org.apache.http.wire -  >> "Accept: */*[\r][\n]"
22:09:42.302 [main] DEBUG org.apache.http.wire -  >> "Host: localhost:8080[\r][\n]"
22:09:42.302 [main] DEBUG org.apache.http.wire -  >> "Connection: Keep-Alive[\r][\n]"
22:09:42.302 [main] DEBUG org.apache.http.wire -  >> "User-Agent: Apache-HttpClient/4.5.3 (Java/13.0.5.1)[\r][\n]"
22:09:42.302 [main] DEBUG org.apache.http.wire -  >> "Accept-Encoding: gzip,deflate[\r][\n]"
22:09:42.302 [main] DEBUG org.apache.http.wire -  >> "[\r][\n]"
22:09:42.302 [main] DEBUG org.apache.http.headers - >> GET /1?a=10&b=6&c=3 HTTP/1.1
22:09:42.302 [main] DEBUG org.apache.http.headers - >> Accept: */*
22:09:42.302 [main] DEBUG org.apache.http.headers - >> Host: localhost:8080
22:09:42.302 [main] DEBUG org.apache.http.headers - >> Connection: Keep-Alive
22:09:42.302 [main] DEBUG org.apache.http.headers - >> User-Agent: Apache-HttpClient/4.5.3 (Java/13.0.5.1)
22:09:42.302 [main] DEBUG org.apache.http.headers - >> Accept-Encoding: gzip,deflate
22:09:42.319 [main] DEBUG org.apache.http.wire -  << "HTTP/1.1 200 OK[\r][\n]"
22:09:42.319 [main] DEBUG org.apache.http.wire -  << "Server: Apache-Coyote/1.1[\r][\n]"
22:09:42.319 [main] DEBUG org.apache.http.wire -  << "Content-Type: text/plain;charset=UTF-8[\r][\n]"
22:09:42.319 [main] DEBUG org.apache.http.wire -  << "Content-Length: 6[\r][\n]"
22:09:42.319 [main] DEBUG org.apache.http.wire -  << "Date: Sun, 07 Feb 2021 21:09:42 GMT[\r][\n]"
22:09:42.319 [main] DEBUG org.apache.http.wire -  << "[\r][\n]"
22:09:42.319 [main] DEBUG o.a.h.i.conn.DefaultClientConnection - Receiving response: HTTP/1.1 200 OK
22:09:42.319 [main] DEBUG org.apache.http.headers - << HTTP/1.1 200 OK
22:09:42.319 [main] DEBUG org.apache.http.headers - << Server: Apache-Coyote/1.1
22:09:42.319 [main] DEBUG org.apache.http.headers - << Content-Type: text/plain;charset=UTF-8
22:09:42.319 [main] DEBUG org.apache.http.headers - << Content-Length: 6
22:09:42.319 [main] DEBUG org.apache.http.headers - << Date: Sun, 07 Feb 2021 21:09:42 GMT
22:09:42.319 [main] DEBUG o.a.h.impl.client.DefaultHttpClient - Connection can be kept alive indefinitely
22:09:42.319 [main] DEBUG i.r.i.RequestSpecificationImpl$RestAssuredHttpBuilder - Parsing response as: text/plain;charset=UTF-8
22:09:42.319 [main] DEBUG i.r.i.RequestSpecificationImpl$RestAssuredHttpBuilder - Parsed data to instance of: class org.apache.http.conn.EofSensorInputStream
22:09:42.319 [main] DEBUG org.apache.http.wire -  << "a:1500"
22:09:42.320 [main] DEBUG o.a.h.i.c.BasicClientConnectionManager - Releasing connection org.apache.http.impl.conn.ManagedClientConnectionImpl@27dfd12b
22:09:42.320 [main] DEBUG o.a.h.i.c.BasicClientConnectionManager - Connection can be kept alive indefinitely
22:09:42.321 [main] DEBUG o.a.h.i.c.BasicClientConnectionManager - Get connection for route {}->http://localhost:8080
22:09:42.321 [main] DEBUG o.a.h.i.c.DefaultClientConnectionOperator - Connecting to localhost:8080
22:09:42.322 [main] DEBUG o.a.h.c.protocol.RequestAddCookies - CookieSpec selected: ignoreCookies
22:09:42.322 [main] DEBUG o.a.h.c.protocol.RequestAuthCache - Auth cache not set in the context
22:09:42.322 [main] DEBUG o.a.h.c.p.RequestTargetAuthentication - Target auth state: UNCHALLENGED
22:09:42.322 [main] DEBUG o.a.h.c.p.RequestProxyAuthentication - Proxy auth state: UNCHALLENGED
22:09:42.322 [main] DEBUG o.a.h.impl.client.DefaultHttpClient - Attempt 1 to execute request
22:09:42.322 [main] DEBUG o.a.h.i.conn.DefaultClientConnection - Sending request: GET /1?a=10&b=6&c=3 HTTP/1.1
22:09:42.322 [main] DEBUG org.apache.http.wire -  >> "GET /1?a=10&b=6&c=3 HTTP/1.1[\r][\n]"
22:09:42.322 [main] DEBUG org.apache.http.wire -  >> "Accept: */*[\r][\n]"
22:09:42.322 [main] DEBUG org.apache.http.wire -  >> "Host: localhost:8080[\r][\n]"
22:09:42.322 [main] DEBUG org.apache.http.wire -  >> "Connection: Keep-Alive[\r][\n]"
22:09:42.322 [main] DEBUG org.apache.http.wire -  >> "User-Agent: Apache-HttpClient/4.5.3 (Java/13.0.5.1)[\r][\n]"
22:09:42.322 [main] DEBUG org.apache.http.wire -  >> "Accept-Encoding: gzip,deflate[\r][\n]"
22:09:42.322 [main] DEBUG org.apache.http.wire -  >> "[\r][\n]"
22:09:42.322 [main] DEBUG org.apache.http.headers - >> GET /1?a=10&b=6&c=3 HTTP/1.1
22:09:42.322 [main] DEBUG org.apache.http.headers - >> Accept: */*
22:09:42.322 [main] DEBUG org.apache.http.headers - >> Host: localhost:8080
22:09:42.322 [main] DEBUG org.apache.http.headers - >> Connection: Keep-Alive
22:09:42.322 [main] DEBUG org.apache.http.headers - >> User-Agent: Apache-HttpClient/4.5.3 (Java/13.0.5.1)
22:09:42.322 [main] DEBUG org.apache.http.headers - >> Accept-Encoding: gzip,deflate
22:09:42.339 [main] DEBUG org.apache.http.wire -  << "HTTP/1.1 200 OK[\r][\n]"
22:09:42.339 [main] DEBUG org.apache.http.wire -  << "Server: Apache-Coyote/1.1[\r][\n]"
22:09:42.339 [main] DEBUG org.apache.http.wire -  << "Content-Type: text/plain;charset=UTF-8[\r][\n]"
22:09:42.339 [main] DEBUG org.apache.http.wire -  << "Content-Length: 6[\r][\n]"
22:09:42.339 [main] DEBUG org.apache.http.wire -  << "Date: Sun, 07 Feb 2021 21:09:42 GMT[\r][\n]"
22:09:42.339 [main] DEBUG org.apache.http.wire -  << "[\r][\n]"
22:09:42.340 [main] DEBUG o.a.h.i.conn.DefaultClientConnection - Receiving response: HTTP/1.1 200 OK
22:09:42.340 [main] DEBUG org.apache.http.headers - << HTTP/1.1 200 OK
22:09:42.340 [main] DEBUG org.apache.http.headers - << Server: Apache-Coyote/1.1
22:09:42.340 [main] DEBUG org.apache.http.headers - << Content-Type: text/plain;charset=UTF-8
22:09:42.340 [main] DEBUG org.apache.http.headers - << Content-Length: 6
22:09:42.340 [main] DEBUG org.apache.http.headers - << Date: Sun, 07 Feb 2021 21:09:42 GMT
22:09:42.340 [main] DEBUG o.a.h.impl.client.DefaultHttpClient - Connection can be kept alive indefinitely
22:09:42.340 [main] DEBUG i.r.i.RequestSpecificationImpl$RestAssuredHttpBuilder - Parsing response as: text/plain;charset=UTF-8
22:09:42.340 [main] DEBUG i.r.i.RequestSpecificationImpl$RestAssuredHttpBuilder - Parsed data to instance of: class org.apache.http.conn.EofSensorInputStream
22:09:42.340 [main] DEBUG org.apache.http.wire -  << "a:1500"
22:09:42.340 [main] DEBUG o.a.h.i.c.BasicClientConnectionManager - Releasing connection org.apache.http.impl.conn.ManagedClientConnectionImpl@38cb1606
22:09:42.340 [main] DEBUG o.a.h.i.c.BasicClientConnectionManager - Connection can be kept alive indefinitely
22:09:42.342 [main] DEBUG o.a.h.i.c.BasicClientConnectionManager - Get connection for route {}->http://localhost:8080
22:09:42.342 [main] DEBUG o.a.h.i.c.DefaultClientConnectionOperator - Connecting to localhost:8080
22:09:42.342 [main] DEBUG o.a.h.c.protocol.RequestAddCookies - CookieSpec selected: ignoreCookies
22:09:42.342 [main] DEBUG o.a.h.c.protocol.RequestAuthCache - Auth cache not set in the context
22:09:42.342 [main] DEBUG o.a.h.c.p.RequestTargetAuthentication - Target auth state: UNCHALLENGED
22:09:42.342 [main] DEBUG o.a.h.c.p.RequestProxyAuthentication - Proxy auth state: UNCHALLENGED
22:09:42.342 [main] DEBUG o.a.h.impl.client.DefaultHttpClient - Attempt 1 to execute request
22:09:42.342 [main] DEBUG o.a.h.i.conn.DefaultClientConnection - Sending request: GET /1?a=10&b=6&c=3 HTTP/1.1
22:09:42.342 [main] DEBUG org.apache.http.wire -  >> "GET /1?a=10&b=6&c=3 HTTP/1.1[\r][\n]"
22:09:42.342 [main] DEBUG org.apache.http.wire -  >> "Accept: */*[\r][\n]"
22:09:42.342 [main] DEBUG org.apache.http.wire -  >> "Host: localhost:8080[\r][\n]"
22:09:42.342 [main] DEBUG org.apache.http.wire -  >> "Connection: Keep-Alive[\r][\n]"
22:09:42.342 [main] DEBUG org.apache.http.wire -  >> "User-Agent: Apache-HttpClient/4.5.3 (Java/13.0.5.1)[\r][\n]"
22:09:42.342 [main] DEBUG org.apache.http.wire -  >> "Accept-Encoding: gzip,deflate[\r][\n]"
22:09:42.342 [main] DEBUG org.apache.http.wire -  >> "[\r][\n]"
22:09:42.342 [main] DEBUG org.apache.http.headers - >> GET /1?a=10&b=6&c=3 HTTP/1.1
22:09:42.342 [main] DEBUG org.apache.http.headers - >> Accept: */*
22:09:42.342 [main] DEBUG org.apache.http.headers - >> Host: localhost:8080
22:09:42.342 [main] DEBUG org.apache.http.headers - >> Connection: Keep-Alive
22:09:42.342 [main] DEBUG org.apache.http.headers - >> User-Agent: Apache-HttpClient/4.5.3 (Java/13.0.5.1)
22:09:42.342 [main] DEBUG org.apache.http.headers - >> Accept-Encoding: gzip,deflate
22:09:42.357 [main] DEBUG org.apache.http.wire -  << "HTTP/1.1 200 OK[\r][\n]"
22:09:42.357 [main] DEBUG org.apache.http.wire -  << "Server: Apache-Coyote/1.1[\r][\n]"
22:09:42.357 [main] DEBUG org.apache.http.wire -  << "Content-Type: text/plain;charset=UTF-8[\r][\n]"
22:09:42.357 [main] DEBUG org.apache.http.wire -  << "Content-Length: 6[\r][\n]"
22:09:42.357 [main] DEBUG org.apache.http.wire -  << "Date: Sun, 07 Feb 2021 21:09:42 GMT[\r][\n]"
22:09:42.357 [main] DEBUG org.apache.http.wire -  << "[\r][\n]"
22:09:42.357 [main] DEBUG o.a.h.i.conn.DefaultClientConnection - Receiving response: HTTP/1.1 200 OK
22:09:42.357 [main] DEBUG org.apache.http.headers - << HTTP/1.1 200 OK
22:09:42.357 [main] DEBUG org.apache.http.headers - << Server: Apache-Coyote/1.1
22:09:42.357 [main] DEBUG org.apache.http.headers - << Content-Type: text/plain;charset=UTF-8
22:09:42.357 [main] DEBUG org.apache.http.headers - << Content-Length: 6
22:09:42.357 [main] DEBUG org.apache.http.headers - << Date: Sun, 07 Feb 2021 21:09:42 GMT
22:09:42.357 [main] DEBUG o.a.h.impl.client.DefaultHttpClient - Connection can be kept alive indefinitely
22:09:42.357 [main] DEBUG i.r.i.RequestSpecificationImpl$RestAssuredHttpBuilder - Parsing response as: text/plain;charset=UTF-8
22:09:42.357 [main] DEBUG i.r.i.RequestSpecificationImpl$RestAssuredHttpBuilder - Parsed data to instance of: class org.apache.http.conn.EofSensorInputStream
22:09:42.357 [main] DEBUG org.apache.http.wire -  << "a:1500"
22:09:42.357 [main] DEBUG o.a.h.i.c.BasicClientConnectionManager - Releasing connection org.apache.http.impl.conn.ManagedClientConnectionImpl@716ae973
22:09:42.357 [main] DEBUG o.a.h.i.c.BasicClientConnectionManager - Connection can be kept alive indefinitely
22:09:42.359 [main] DEBUG o.a.h.i.c.BasicClientConnectionManager - Get connection for route {}->http://localhost:8080
22:09:42.359 [main] DEBUG o.a.h.i.c.DefaultClientConnectionOperator - Connecting to localhost:8080
22:09:42.360 [main] DEBUG o.a.h.c.protocol.RequestAddCookies - CookieSpec selected: ignoreCookies
22:09:42.360 [main] DEBUG o.a.h.c.protocol.RequestAuthCache - Auth cache not set in the context
22:09:42.360 [main] DEBUG o.a.h.c.p.RequestTargetAuthentication - Target auth state: UNCHALLENGED
22:09:42.360 [main] DEBUG o.a.h.c.p.RequestProxyAuthentication - Proxy auth state: UNCHALLENGED
22:09:42.360 [main] DEBUG o.a.h.impl.client.DefaultHttpClient - Attempt 1 to execute request
22:09:42.360 [main] DEBUG o.a.h.i.conn.DefaultClientConnection - Sending request: GET /1?a=10&b=6&c=3 HTTP/1.1
22:09:42.360 [main] DEBUG org.apache.http.wire -  >> "GET /1?a=10&b=6&c=3 HTTP/1.1[\r][\n]"
22:09:42.360 [main] DEBUG org.apache.http.wire -  >> "Accept: */*[\r][\n]"
22:09:42.360 [main] DEBUG org.apache.http.wire -  >> "Host: localhost:8080[\r][\n]"
22:09:42.360 [main] DEBUG org.apache.http.wire -  >> "Connection: Keep-Alive[\r][\n]"
22:09:42.360 [main] DEBUG org.apache.http.wire -  >> "User-Agent: Apache-HttpClient/4.5.3 (Java/13.0.5.1)[\r][\n]"
22:09:42.360 [main] DEBUG org.apache.http.wire -  >> "Accept-Encoding: gzip,deflate[\r][\n]"
22:09:42.360 [main] DEBUG org.apache.http.wire -  >> "[\r][\n]"
22:09:42.360 [main] DEBUG org.apache.http.headers - >> GET /1?a=10&b=6&c=3 HTTP/1.1
22:09:42.360 [main] DEBUG org.apache.http.headers - >> Accept: */*
22:09:42.360 [main] DEBUG org.apache.http.headers - >> Host: localhost:8080
22:09:42.360 [main] DEBUG org.apache.http.headers - >> Connection: Keep-Alive
22:09:42.360 [main] DEBUG org.apache.http.headers - >> User-Agent: Apache-HttpClient/4.5.3 (Java/13.0.5.1)
22:09:42.360 [main] DEBUG org.apache.http.headers - >> Accept-Encoding: gzip,deflate
22:09:42.380 [main] DEBUG org.apache.http.wire -  << "HTTP/1.1 200 OK[\r][\n]"
22:09:42.380 [main] DEBUG org.apache.http.wire -  << "Server: Apache-Coyote/1.1[\r][\n]"
22:09:42.380 [main] DEBUG org.apache.http.wire -  << "Content-Type: text/plain;charset=UTF-8[\r][\n]"
22:09:42.380 [main] DEBUG org.apache.http.wire -  << "Content-Length: 6[\r][\n]"
22:09:42.380 [main] DEBUG org.apache.http.wire -  << "Date: Sun, 07 Feb 2021 21:09:42 GMT[\r][\n]"
22:09:42.380 [main] DEBUG org.apache.http.wire -  << "[\r][\n]"
22:09:42.380 [main] DEBUG o.a.h.i.conn.DefaultClientConnection - Receiving response: HTTP/1.1 200 OK
22:09:42.380 [main] DEBUG org.apache.http.headers - << HTTP/1.1 200 OK
22:09:42.380 [main] DEBUG org.apache.http.headers - << Server: Apache-Coyote/1.1
22:09:42.380 [main] DEBUG org.apache.http.headers - << Content-Type: text/plain;charset=UTF-8
22:09:42.380 [main] DEBUG org.apache.http.headers - << Content-Length: 6
22:09:42.380 [main] DEBUG org.apache.http.headers - << Date: Sun, 07 Feb 2021 21:09:42 GMT
22:09:42.380 [main] DEBUG o.a.h.impl.client.DefaultHttpClient - Connection can be kept alive indefinitely
22:09:42.380 [main] DEBUG i.r.i.RequestSpecificationImpl$RestAssuredHttpBuilder - Parsing response as: text/plain;charset=UTF-8
22:09:42.380 [main] DEBUG i.r.i.RequestSpecificationImpl$RestAssuredHttpBuilder - Parsed data to instance of: class org.apache.http.conn.EofSensorInputStream
22:09:42.380 [main] DEBUG org.apache.http.wire -  << "a:1500"
22:09:42.380 [main] DEBUG o.a.h.i.c.BasicClientConnectionManager - Releasing connection org.apache.http.impl.conn.ManagedClientConnectionImpl@7b3c2ae0
22:09:42.380 [main] DEBUG o.a.h.i.c.BasicClientConnectionManager - Connection can be kept alive indefinitely
22:09:42.382 [main] DEBUG o.a.h.i.c.BasicClientConnectionManager - Get connection for route {}->http://localhost:8080
22:09:42.382 [main] DEBUG o.a.h.i.c.DefaultClientConnectionOperator - Connecting to localhost:8080
22:09:42.383 [main] DEBUG o.a.h.c.protocol.RequestAddCookies - CookieSpec selected: ignoreCookies
22:09:42.383 [main] DEBUG o.a.h.c.protocol.RequestAuthCache - Auth cache not set in the context
22:09:42.383 [main] DEBUG o.a.h.c.p.RequestTargetAuthentication - Target auth state: UNCHALLENGED
22:09:42.383 [main] DEBUG o.a.h.c.p.RequestProxyAuthentication - Proxy auth state: UNCHALLENGED
22:09:42.383 [main] DEBUG o.a.h.impl.client.DefaultHttpClient - Attempt 1 to execute request
22:09:42.383 [main] DEBUG o.a.h.i.conn.DefaultClientConnection - Sending request: GET /1?a=10&b=6&c=3 HTTP/1.1
22:09:42.383 [main] DEBUG org.apache.http.wire -  >> "GET /1?a=10&b=6&c=3 HTTP/1.1[\r][\n]"
22:09:42.383 [main] DEBUG org.apache.http.wire -  >> "Accept: */*[\r][\n]"
22:09:42.383 [main] DEBUG org.apache.http.wire -  >> "Host: localhost:8080[\r][\n]"
22:09:42.383 [main] DEBUG org.apache.http.wire -  >> "Connection: Keep-Alive[\r][\n]"
22:09:42.383 [main] DEBUG org.apache.http.wire -  >> "User-Agent: Apache-HttpClient/4.5.3 (Java/13.0.5.1)[\r][\n]"
22:09:42.383 [main] DEBUG org.apache.http.wire -  >> "Accept-Encoding: gzip,deflate[\r][\n]"
22:09:42.383 [main] DEBUG org.apache.http.wire -  >> "[\r][\n]"
22:09:42.383 [main] DEBUG org.apache.http.headers - >> GET /1?a=10&b=6&c=3 HTTP/1.1
22:09:42.383 [main] DEBUG org.apache.http.headers - >> Accept: */*
22:09:42.383 [main] DEBUG org.apache.http.headers - >> Host: localhost:8080
22:09:42.383 [main] DEBUG org.apache.http.headers - >> Connection: Keep-Alive
22:09:42.383 [main] DEBUG org.apache.http.headers - >> User-Agent: Apache-HttpClient/4.5.3 (Java/13.0.5.1)
22:09:42.383 [main] DEBUG org.apache.http.headers - >> Accept-Encoding: gzip,deflate
22:09:42.398 [main] DEBUG org.apache.http.wire -  << "HTTP/1.1 200 OK[\r][\n]"
22:09:42.398 [main] DEBUG org.apache.http.wire -  << "Server: Apache-Coyote/1.1[\r][\n]"
22:09:42.398 [main] DEBUG org.apache.http.wire -  << "Content-Type: text/plain;charset=UTF-8[\r][\n]"
22:09:42.398 [main] DEBUG org.apache.http.wire -  << "Content-Length: 6[\r][\n]"
22:09:42.398 [main] DEBUG org.apache.http.wire -  << "Date: Sun, 07 Feb 2021 21:09:42 GMT[\r][\n]"
22:09:42.398 [main] DEBUG org.apache.http.wire -  << "[\r][\n]"
22:09:42.398 [main] DEBUG o.a.h.i.conn.DefaultClientConnection - Receiving response: HTTP/1.1 200 OK
22:09:42.398 [main] DEBUG org.apache.http.headers - << HTTP/1.1 200 OK
22:09:42.398 [main] DEBUG org.apache.http.headers - << Server: Apache-Coyote/1.1
22:09:42.398 [main] DEBUG org.apache.http.headers - << Content-Type: text/plain;charset=UTF-8
22:09:42.398 [main] DEBUG org.apache.http.headers - << Content-Length: 6
22:09:42.398 [main] DEBUG org.apache.http.headers - << Date: Sun, 07 Feb 2021 21:09:42 GMT
22:09:42.398 [main] DEBUG o.a.h.impl.client.DefaultHttpClient - Connection can be kept alive indefinitely
22:09:42.398 [main] DEBUG i.r.i.RequestSpecificationImpl$RestAssuredHttpBuilder - Parsing response as: text/plain;charset=UTF-8
22:09:42.398 [main] DEBUG i.r.i.RequestSpecificationImpl$RestAssuredHttpBuilder - Parsed data to instance of: class org.apache.http.conn.EofSensorInputStream
22:09:42.398 [main] DEBUG org.apache.http.wire -  << "a:1500"
22:09:42.398 [main] DEBUG o.a.h.i.c.BasicClientConnectionManager - Releasing connection org.apache.http.impl.conn.ManagedClientConnectionImpl@2e93108a
22:09:42.398 [main] DEBUG o.a.h.i.c.BasicClientConnectionManager - Connection can be kept alive indefinitely
22:09:42.400 [main] DEBUG o.a.h.i.c.BasicClientConnectionManager - Get connection for route {}->http://localhost:8080
22:09:42.400 [main] DEBUG o.a.h.i.c.DefaultClientConnectionOperator - Connecting to localhost:8080
22:09:42.400 [main] DEBUG o.a.h.c.protocol.RequestAddCookies - CookieSpec selected: ignoreCookies
22:09:42.400 [main] DEBUG o.a.h.c.protocol.RequestAuthCache - Auth cache not set in the context
22:09:42.400 [main] DEBUG o.a.h.c.p.RequestTargetAuthentication - Target auth state: UNCHALLENGED
22:09:42.400 [main] DEBUG o.a.h.c.p.RequestProxyAuthentication - Proxy auth state: UNCHALLENGED
22:09:42.400 [main] DEBUG o.a.h.impl.client.DefaultHttpClient - Attempt 1 to execute request
22:09:42.400 [main] DEBUG o.a.h.i.conn.DefaultClientConnection - Sending request: GET /1?a=10&b=6&c=3 HTTP/1.1
22:09:42.400 [main] DEBUG org.apache.http.wire -  >> "GET /1?a=10&b=6&c=3 HTTP/1.1[\r][\n]"
22:09:42.400 [main] DEBUG org.apache.http.wire -  >> "Accept: */*[\r][\n]"
22:09:42.401 [main] DEBUG org.apache.http.wire -  >> "Host: localhost:8080[\r][\n]"
22:09:42.401 [main] DEBUG org.apache.http.wire -  >> "Connection: Keep-Alive[\r][\n]"
22:09:42.401 [main] DEBUG org.apache.http.wire -  >> "User-Agent: Apache-HttpClient/4.5.3 (Java/13.0.5.1)[\r][\n]"
22:09:42.401 [main] DEBUG org.apache.http.wire -  >> "Accept-Encoding: gzip,deflate[\r][\n]"
22:09:42.401 [main] DEBUG org.apache.http.wire -  >> "[\r][\n]"
22:09:42.401 [main] DEBUG org.apache.http.headers - >> GET /1?a=10&b=6&c=3 HTTP/1.1
22:09:42.401 [main] DEBUG org.apache.http.headers - >> Accept: */*
22:09:42.401 [main] DEBUG org.apache.http.headers - >> Host: localhost:8080
22:09:42.401 [main] DEBUG org.apache.http.headers - >> Connection: Keep-Alive
22:09:42.401 [main] DEBUG org.apache.http.headers - >> User-Agent: Apache-HttpClient/4.5.3 (Java/13.0.5.1)
22:09:42.401 [main] DEBUG org.apache.http.headers - >> Accept-Encoding: gzip,deflate
22:09:42.421 [main] DEBUG org.apache.http.wire -  << "HTTP/1.1 200 OK[\r][\n]"
22:09:42.421 [main] DEBUG org.apache.http.wire -  << "Server: Apache-Coyote/1.1[\r][\n]"
22:09:42.421 [main] DEBUG org.apache.http.wire -  << "Content-Type: text/plain;charset=UTF-8[\r][\n]"
22:09:42.421 [main] DEBUG org.apache.http.wire -  << "Content-Length: 6[\r][\n]"
22:09:42.421 [main] DEBUG org.apache.http.wire -  << "Date: Sun, 07 Feb 2021 21:09:42 GMT[\r][\n]"
22:09:42.421 [main] DEBUG org.apache.http.wire -  << "[\r][\n]"
22:09:42.421 [main] DEBUG o.a.h.i.conn.DefaultClientConnection - Receiving response: HTTP/1.1 200 OK
22:09:42.421 [main] DEBUG org.apache.http.headers - << HTTP/1.1 200 OK
22:09:42.421 [main] DEBUG org.apache.http.headers - << Server: Apache-Coyote/1.1
22:09:42.421 [main] DEBUG org.apache.http.headers - << Content-Type: text/plain;charset=UTF-8
22:09:42.421 [main] DEBUG org.apache.http.headers - << Content-Length: 6
22:09:42.421 [main] DEBUG org.apache.http.headers - << Date: Sun, 07 Feb 2021 21:09:42 GMT
22:09:42.421 [main] DEBUG o.a.h.impl.client.DefaultHttpClient - Connection can be kept alive indefinitely
22:09:42.421 [main] DEBUG i.r.i.RequestSpecificationImpl$RestAssuredHttpBuilder - Parsing response as: text/plain;charset=UTF-8
22:09:42.421 [main] DEBUG i.r.i.RequestSpecificationImpl$RestAssuredHttpBuilder - Parsed data to instance of: class org.apache.http.conn.EofSensorInputStream
22:09:42.422 [main] DEBUG org.apache.http.wire -  << "a:1500"
22:09:42.422 [main] DEBUG o.a.h.i.c.BasicClientConnectionManager - Releasing connection org.apache.http.impl.conn.ManagedClientConnectionImpl@5f2b9da8
22:09:42.422 [main] DEBUG o.a.h.i.c.BasicClientConnectionManager - Connection can be kept alive indefinitely
22:09:42.425 [main] DEBUG o.a.h.i.c.BasicClientConnectionManager - Get connection for route {}->http://localhost:8080
22:09:42.425 [main] DEBUG o.a.h.i.c.DefaultClientConnectionOperator - Connecting to localhost:8080
22:09:42.425 [main] DEBUG o.a.h.c.protocol.RequestAddCookies - CookieSpec selected: ignoreCookies
22:09:42.425 [main] DEBUG o.a.h.c.protocol.RequestAuthCache - Auth cache not set in the context
22:09:42.425 [main] DEBUG o.a.h.c.p.RequestTargetAuthentication - Target auth state: UNCHALLENGED
22:09:42.425 [main] DEBUG o.a.h.c.p.RequestProxyAuthentication - Proxy auth state: UNCHALLENGED
22:09:42.425 [main] DEBUG o.a.h.impl.client.DefaultHttpClient - Attempt 1 to execute request
22:09:42.425 [main] DEBUG o.a.h.i.conn.DefaultClientConnection - Sending request: GET /1?a=10&b=6&c=3 HTTP/1.1
22:09:42.426 [main] DEBUG org.apache.http.wire -  >> "GET /1?a=10&b=6&c=3 HTTP/1.1[\r][\n]"
22:09:42.426 [main] DEBUG org.apache.http.wire -  >> "Accept: */*[\r][\n]"
22:09:42.426 [main] DEBUG org.apache.http.wire -  >> "Host: localhost:8080[\r][\n]"
22:09:42.426 [main] DEBUG org.apache.http.wire -  >> "Connection: Keep-Alive[\r][\n]"
22:09:42.426 [main] DEBUG org.apache.http.wire -  >> "User-Agent: Apache-HttpClient/4.5.3 (Java/13.0.5.1)[\r][\n]"
22:09:42.426 [main] DEBUG org.apache.http.wire -  >> "Accept-Encoding: gzip,deflate[\r][\n]"
22:09:42.426 [main] DEBUG org.apache.http.wire -  >> "[\r][\n]"
22:09:42.426 [main] DEBUG org.apache.http.headers - >> GET /1?a=10&b=6&c=3 HTTP/1.1
22:09:42.426 [main] DEBUG org.apache.http.headers - >> Accept: */*
22:09:42.426 [main] DEBUG org.apache.http.headers - >> Host: localhost:8080
22:09:42.426 [main] DEBUG org.apache.http.headers - >> Connection: Keep-Alive
22:09:42.426 [main] DEBUG org.apache.http.headers - >> User-Agent: Apache-HttpClient/4.5.3 (Java/13.0.5.1)
22:09:42.426 [main] DEBUG org.apache.http.headers - >> Accept-Encoding: gzip,deflate
22:09:42.441 [main] DEBUG org.apache.http.wire -  << "HTTP/1.1 200 OK[\r][\n]"
22:09:42.441 [main] DEBUG org.apache.http.wire -  << "Server: Apache-Coyote/1.1[\r][\n]"
22:09:42.441 [main] DEBUG org.apache.http.wire -  << "Content-Type: text/plain;charset=UTF-8[\r][\n]"
22:09:42.441 [main] DEBUG org.apache.http.wire -  << "Content-Length: 6[\r][\n]"
22:09:42.441 [main] DEBUG org.apache.http.wire -  << "Date: Sun, 07 Feb 2021 21:09:42 GMT[\r][\n]"
22:09:42.441 [main] DEBUG org.apache.http.wire -  << "[\r][\n]"
22:09:42.441 [main] DEBUG o.a.h.i.conn.DefaultClientConnection - Receiving response: HTTP/1.1 200 OK
22:09:42.441 [main] DEBUG org.apache.http.headers - << HTTP/1.1 200 OK
22:09:42.441 [main] DEBUG org.apache.http.headers - << Server: Apache-Coyote/1.1
22:09:42.441 [main] DEBUG org.apache.http.headers - << Content-Type: text/plain;charset=UTF-8
22:09:42.441 [main] DEBUG org.apache.http.headers - << Content-Length: 6
22:09:42.441 [main] DEBUG org.apache.http.headers - << Date: Sun, 07 Feb 2021 21:09:42 GMT
22:09:42.441 [main] DEBUG o.a.h.impl.client.DefaultHttpClient - Connection can be kept alive indefinitely
22:09:42.442 [main] DEBUG i.r.i.RequestSpecificationImpl$RestAssuredHttpBuilder - Parsing response as: text/plain;charset=UTF-8
22:09:42.442 [main] DEBUG i.r.i.RequestSpecificationImpl$RestAssuredHttpBuilder - Parsed data to instance of: class org.apache.http.conn.EofSensorInputStream
22:09:42.442 [main] DEBUG org.apache.http.wire -  << "a:1500"
22:09:42.442 [main] DEBUG o.a.h.i.c.BasicClientConnectionManager - Releasing connection org.apache.http.impl.conn.ManagedClientConnectionImpl@65f5cae3
22:09:42.442 [main] DEBUG o.a.h.i.c.BasicClientConnectionManager - Connection can be kept alive indefinitely
22:09:42.444 [main] DEBUG o.a.h.i.c.BasicClientConnectionManager - Get connection for route {}->http://localhost:8080
22:09:42.444 [main] DEBUG o.a.h.i.c.DefaultClientConnectionOperator - Connecting to localhost:8080
22:09:42.445 [main] DEBUG o.a.h.c.protocol.RequestAddCookies - CookieSpec selected: ignoreCookies
22:09:42.445 [main] DEBUG o.a.h.c.protocol.RequestAuthCache - Auth cache not set in the context
22:09:42.445 [main] DEBUG o.a.h.c.p.RequestTargetAuthentication - Target auth state: UNCHALLENGED
22:09:42.445 [main] DEBUG o.a.h.c.p.RequestProxyAuthentication - Proxy auth state: UNCHALLENGED
22:09:42.445 [main] DEBUG o.a.h.impl.client.DefaultHttpClient - Attempt 1 to execute request
22:09:42.445 [main] DEBUG o.a.h.i.conn.DefaultClientConnection - Sending request: GET /1?a=10&b=6&c=3 HTTP/1.1
22:09:42.445 [main] DEBUG org.apache.http.wire -  >> "GET /1?a=10&b=6&c=3 HTTP/1.1[\r][\n]"
22:09:42.445 [main] DEBUG org.apache.http.wire -  >> "Accept: */*[\r][\n]"
22:09:42.445 [main] DEBUG org.apache.http.wire -  >> "Host: localhost:8080[\r][\n]"
22:09:42.445 [main] DEBUG org.apache.http.wire -  >> "Connection: Keep-Alive[\r][\n]"
22:09:42.445 [main] DEBUG org.apache.http.wire -  >> "User-Agent: Apache-HttpClient/4.5.3 (Java/13.0.5.1)[\r][\n]"
22:09:42.445 [main] DEBUG org.apache.http.wire -  >> "Accept-Encoding: gzip,deflate[\r][\n]"
22:09:42.445 [main] DEBUG org.apache.http.wire -  >> "[\r][\n]"
22:09:42.445 [main] DEBUG org.apache.http.headers - >> GET /1?a=10&b=6&c=3 HTTP/1.1
22:09:42.445 [main] DEBUG org.apache.http.headers - >> Accept: */*
22:09:42.445 [main] DEBUG org.apache.http.headers - >> Host: localhost:8080
22:09:42.445 [main] DEBUG org.apache.http.headers - >> Connection: Keep-Alive
22:09:42.445 [main] DEBUG org.apache.http.headers - >> User-Agent: Apache-HttpClient/4.5.3 (Java/13.0.5.1)
22:09:42.445 [main] DEBUG org.apache.http.headers - >> Accept-Encoding: gzip,deflate
22:09:42.464 [main] DEBUG org.apache.http.wire -  << "HTTP/1.1 200 OK[\r][\n]"
22:09:42.465 [main] DEBUG org.apache.http.wire -  << "Server: Apache-Coyote/1.1[\r][\n]"
22:09:42.465 [main] DEBUG org.apache.http.wire -  << "Content-Type: text/plain;charset=UTF-8[\r][\n]"
22:09:42.465 [main] DEBUG org.apache.http.wire -  << "Content-Length: 6[\r][\n]"
22:09:42.465 [main] DEBUG org.apache.http.wire -  << "Date: Sun, 07 Feb 2021 21:09:42 GMT[\r][\n]"
22:09:42.465 [main] DEBUG org.apache.http.wire -  << "[\r][\n]"
22:09:42.465 [main] DEBUG o.a.h.i.conn.DefaultClientConnection - Receiving response: HTTP/1.1 200 OK
22:09:42.465 [main] DEBUG org.apache.http.headers - << HTTP/1.1 200 OK
22:09:42.465 [main] DEBUG org.apache.http.headers - << Server: Apache-Coyote/1.1
22:09:42.465 [main] DEBUG org.apache.http.headers - << Content-Type: text/plain;charset=UTF-8
22:09:42.465 [main] DEBUG org.apache.http.headers - << Content-Length: 6
22:09:42.465 [main] DEBUG org.apache.http.headers - << Date: Sun, 07 Feb 2021 21:09:42 GMT
22:09:42.465 [main] DEBUG o.a.h.impl.client.DefaultHttpClient - Connection can be kept alive indefinitely
22:09:42.465 [main] DEBUG i.r.i.RequestSpecificationImpl$RestAssuredHttpBuilder - Parsing response as: text/plain;charset=UTF-8
22:09:42.465 [main] DEBUG i.r.i.RequestSpecificationImpl$RestAssuredHttpBuilder - Parsed data to instance of: class org.apache.http.conn.EofSensorInputStream
22:09:42.465 [main] DEBUG org.apache.http.wire -  << "a:1500"
22:09:42.465 [main] DEBUG o.a.h.i.c.BasicClientConnectionManager - Releasing connection org.apache.http.impl.conn.ManagedClientConnectionImpl@4489f60f
22:09:42.466 [main] DEBUG o.a.h.i.c.BasicClientConnectionManager - Connection can be kept alive indefinitely
22:09:42.468 [main] DEBUG o.a.h.i.c.BasicClientConnectionManager - Get connection for route {}->http://localhost:8080
22:09:42.468 [main] DEBUG o.a.h.i.c.DefaultClientConnectionOperator - Connecting to localhost:8080
22:09:42.469 [main] DEBUG o.a.h.c.protocol.RequestAddCookies - CookieSpec selected: ignoreCookies
22:09:42.469 [main] DEBUG o.a.h.c.protocol.RequestAuthCache - Auth cache not set in the context
22:09:42.469 [main] DEBUG o.a.h.c.p.RequestTargetAuthentication - Target auth state: UNCHALLENGED
22:09:42.469 [main] DEBUG o.a.h.c.p.RequestProxyAuthentication - Proxy auth state: UNCHALLENGED
22:09:42.469 [main] DEBUG o.a.h.impl.client.DefaultHttpClient - Attempt 1 to execute request
22:09:42.469 [main] DEBUG o.a.h.i.conn.DefaultClientConnection - Sending request: GET /1?a=10&b=6&c=3 HTTP/1.1
22:09:42.469 [main] DEBUG org.apache.http.wire -  >> "GET /1?a=10&b=6&c=3 HTTP/1.1[\r][\n]"
22:09:42.469 [main] DEBUG org.apache.http.wire -  >> "Accept: */*[\r][\n]"
22:09:42.469 [main] DEBUG org.apache.http.wire -  >> "Host: localhost:8080[\r][\n]"
22:09:42.469 [main] DEBUG org.apache.http.wire -  >> "Connection: Keep-Alive[\r][\n]"
22:09:42.469 [main] DEBUG org.apache.http.wire -  >> "User-Agent: Apache-HttpClient/4.5.3 (Java/13.0.5.1)[\r][\n]"
22:09:42.469 [main] DEBUG org.apache.http.wire -  >> "Accept-Encoding: gzip,deflate[\r][\n]"
22:09:42.469 [main] DEBUG org.apache.http.wire -  >> "[\r][\n]"
22:09:42.469 [main] DEBUG org.apache.http.headers - >> GET /1?a=10&b=6&c=3 HTTP/1.1
22:09:42.469 [main] DEBUG org.apache.http.headers - >> Accept: */*
22:09:42.469 [main] DEBUG org.apache.http.headers - >> Host: localhost:8080
22:09:42.469 [main] DEBUG org.apache.http.headers - >> Connection: Keep-Alive
22:09:42.469 [main] DEBUG org.apache.http.headers - >> User-Agent: Apache-HttpClient/4.5.3 (Java/13.0.5.1)
22:09:42.469 [main] DEBUG org.apache.http.headers - >> Accept-Encoding: gzip,deflate
22:09:42.484 [main] DEBUG org.apache.http.wire -  << "HTTP/1.1 200 OK[\r][\n]"
22:09:42.484 [main] DEBUG org.apache.http.wire -  << "Server: Apache-Coyote/1.1[\r][\n]"
22:09:42.484 [main] DEBUG org.apache.http.wire -  << "Content-Type: text/plain;charset=UTF-8[\r][\n]"
22:09:42.484 [main] DEBUG org.apache.http.wire -  << "Content-Length: 6[\r][\n]"
22:09:42.484 [main] DEBUG org.apache.http.wire -  << "Date: Sun, 07 Feb 2021 21:09:42 GMT[\r][\n]"
22:09:42.484 [main] DEBUG org.apache.http.wire -  << "[\r][\n]"
22:09:42.484 [main] DEBUG o.a.h.i.conn.DefaultClientConnection - Receiving response: HTTP/1.1 200 OK
22:09:42.484 [main] DEBUG org.apache.http.headers - << HTTP/1.1 200 OK
22:09:42.484 [main] DEBUG org.apache.http.headers - << Server: Apache-Coyote/1.1
22:09:42.484 [main] DEBUG org.apache.http.headers - << Content-Type: text/plain;charset=UTF-8
22:09:42.484 [main] DEBUG org.apache.http.headers - << Content-Length: 6
22:09:42.484 [main] DEBUG org.apache.http.headers - << Date: Sun, 07 Feb 2021 21:09:42 GMT
22:09:42.484 [main] DEBUG o.a.h.impl.client.DefaultHttpClient - Connection can be kept alive indefinitely
22:09:42.484 [main] DEBUG i.r.i.RequestSpecificationImpl$RestAssuredHttpBuilder - Parsing response as: text/plain;charset=UTF-8
22:09:42.484 [main] DEBUG i.r.i.RequestSpecificationImpl$RestAssuredHttpBuilder - Parsed data to instance of: class org.apache.http.conn.EofSensorInputStream
22:09:42.484 [main] DEBUG org.apache.http.wire -  << "a:1500"
22:09:42.484 [main] DEBUG o.a.h.i.c.BasicClientConnectionManager - Releasing connection org.apache.http.impl.conn.ManagedClientConnectionImpl@7b3085a3
22:09:42.484 [main] DEBUG o.a.h.i.c.BasicClientConnectionManager - Connection can be kept alive indefinitely
22:09:42.486 [main] DEBUG o.a.h.i.c.BasicClientConnectionManager - Get connection for route {}->http://localhost:8080
22:09:42.486 [main] DEBUG o.a.h.i.c.DefaultClientConnectionOperator - Connecting to localhost:8080
22:09:42.487 [main] DEBUG o.a.h.c.protocol.RequestAddCookies - CookieSpec selected: ignoreCookies
22:09:42.487 [main] DEBUG o.a.h.c.protocol.RequestAuthCache - Auth cache not set in the context
22:09:42.487 [main] DEBUG o.a.h.c.p.RequestTargetAuthentication - Target auth state: UNCHALLENGED
22:09:42.487 [main] DEBUG o.a.h.c.p.RequestProxyAuthentication - Proxy auth state: UNCHALLENGED
22:09:42.487 [main] DEBUG o.a.h.impl.client.DefaultHttpClient - Attempt 1 to execute request
22:09:42.487 [main] DEBUG o.a.h.i.conn.DefaultClientConnection - Sending request: GET /1?a=10&b=6&c=3 HTTP/1.1
22:09:42.487 [main] DEBUG org.apache.http.wire -  >> "GET /1?a=10&b=6&c=3 HTTP/1.1[\r][\n]"
22:09:42.487 [main] DEBUG org.apache.http.wire -  >> "Accept: */*[\r][\n]"
22:09:42.487 [main] DEBUG org.apache.http.wire -  >> "Host: localhost:8080[\r][\n]"
22:09:42.487 [main] DEBUG org.apache.http.wire -  >> "Connection: Keep-Alive[\r][\n]"
22:09:42.487 [main] DEBUG org.apache.http.wire -  >> "User-Agent: Apache-HttpClient/4.5.3 (Java/13.0.5.1)[\r][\n]"
22:09:42.487 [main] DEBUG org.apache.http.wire -  >> "Accept-Encoding: gzip,deflate[\r][\n]"
22:09:42.487 [main] DEBUG org.apache.http.wire -  >> "[\r][\n]"
22:09:42.487 [main] DEBUG org.apache.http.headers - >> GET /1?a=10&b=6&c=3 HTTP/1.1
22:09:42.487 [main] DEBUG org.apache.http.headers - >> Accept: */*
22:09:42.487 [main] DEBUG org.apache.http.headers - >> Host: localhost:8080
22:09:42.487 [main] DEBUG org.apache.http.headers - >> Connection: Keep-Alive
22:09:42.487 [main] DEBUG org.apache.http.headers - >> User-Agent: Apache-HttpClient/4.5.3 (Java/13.0.5.1)
22:09:42.487 [main] DEBUG org.apache.http.headers - >> Accept-Encoding: gzip,deflate
22:09:42.502 [main] DEBUG org.apache.http.wire -  << "HTTP/1.1 200 OK[\r][\n]"
22:09:42.502 [main] DEBUG org.apache.http.wire -  << "Server: Apache-Coyote/1.1[\r][\n]"
22:09:42.502 [main] DEBUG org.apache.http.wire -  << "Content-Type: text/plain;charset=UTF-8[\r][\n]"
22:09:42.502 [main] DEBUG org.apache.http.wire -  << "Content-Length: 6[\r][\n]"
22:09:42.502 [main] DEBUG org.apache.http.wire -  << "Date: Sun, 07 Feb 2021 21:09:42 GMT[\r][\n]"
22:09:42.502 [main] DEBUG org.apache.http.wire -  << "[\r][\n]"
22:09:42.502 [main] DEBUG o.a.h.i.conn.DefaultClientConnection - Receiving response: HTTP/1.1 200 OK
22:09:42.502 [main] DEBUG org.apache.http.headers - << HTTP/1.1 200 OK
22:09:42.502 [main] DEBUG org.apache.http.headers - << Server: Apache-Coyote/1.1
22:09:42.502 [main] DEBUG org.apache.http.headers - << Content-Type: text/plain;charset=UTF-8
22:09:42.502 [main] DEBUG org.apache.http.headers - << Content-Length: 6
22:09:42.502 [main] DEBUG org.apache.http.headers - << Date: Sun, 07 Feb 2021 21:09:42 GMT
22:09:42.502 [main] DEBUG o.a.h.impl.client.DefaultHttpClient - Connection can be kept alive indefinitely
22:09:42.503 [main] DEBUG i.r.i.RequestSpecificationImpl$RestAssuredHttpBuilder - Parsing response as: text/plain;charset=UTF-8
22:09:42.503 [main] DEBUG i.r.i.RequestSpecificationImpl$RestAssuredHttpBuilder - Parsed data to instance of: class org.apache.http.conn.EofSensorInputStream
22:09:42.503 [main] DEBUG org.apache.http.wire -  << "a:1500"
22:09:42.503 [main] DEBUG o.a.h.i.c.BasicClientConnectionManager - Releasing connection org.apache.http.impl.conn.ManagedClientConnectionImpl@5abbb273
22:09:42.503 [main] DEBUG o.a.h.i.c.BasicClientConnectionManager - Connection can be kept alive indefinitely
22:09:42.504 [main] DEBUG o.a.h.i.c.BasicClientConnectionManager - Get connection for route {}->http://localhost:8080
22:09:42.505 [main] DEBUG o.a.h.i.c.DefaultClientConnectionOperator - Connecting to localhost:8080
22:09:42.505 [main] DEBUG o.a.h.c.protocol.RequestAddCookies - CookieSpec selected: ignoreCookies
22:09:42.505 [main] DEBUG o.a.h.c.protocol.RequestAuthCache - Auth cache not set in the context
22:09:42.505 [main] DEBUG o.a.h.c.p.RequestTargetAuthentication - Target auth state: UNCHALLENGED
22:09:42.505 [main] DEBUG o.a.h.c.p.RequestProxyAuthentication - Proxy auth state: UNCHALLENGED
22:09:42.505 [main] DEBUG o.a.h.impl.client.DefaultHttpClient - Attempt 1 to execute request
22:09:42.505 [main] DEBUG o.a.h.i.conn.DefaultClientConnection - Sending request: GET /1?a=10&b=6&c=3 HTTP/1.1
22:09:42.505 [main] DEBUG org.apache.http.wire -  >> "GET /1?a=10&b=6&c=3 HTTP/1.1[\r][\n]"
22:09:42.505 [main] DEBUG org.apache.http.wire -  >> "Accept: */*[\r][\n]"
22:09:42.505 [main] DEBUG org.apache.http.wire -  >> "Host: localhost:8080[\r][\n]"
22:09:42.505 [main] DEBUG org.apache.http.wire -  >> "Connection: Keep-Alive[\r][\n]"
22:09:42.505 [main] DEBUG org.apache.http.wire -  >> "User-Agent: Apache-HttpClient/4.5.3 (Java/13.0.5.1)[\r][\n]"
22:09:42.505 [main] DEBUG org.apache.http.wire -  >> "Accept-Encoding: gzip,deflate[\r][\n]"
22:09:42.505 [main] DEBUG org.apache.http.wire -  >> "[\r][\n]"
22:09:42.505 [main] DEBUG org.apache.http.headers - >> GET /1?a=10&b=6&c=3 HTTP/1.1
22:09:42.505 [main] DEBUG org.apache.http.headers - >> Accept: */*
22:09:42.505 [main] DEBUG org.apache.http.headers - >> Host: localhost:8080
22:09:42.505 [main] DEBUG org.apache.http.headers - >> Connection: Keep-Alive
22:09:42.505 [main] DEBUG org.apache.http.headers - >> User-Agent: Apache-HttpClient/4.5.3 (Java/13.0.5.1)
22:09:42.505 [main] DEBUG org.apache.http.headers - >> Accept-Encoding: gzip,deflate
22:09:42.527 [main] DEBUG org.apache.http.wire -  << "HTTP/1.1 200 OK[\r][\n]"
22:09:42.527 [main] DEBUG org.apache.http.wire -  << "Server: Apache-Coyote/1.1[\r][\n]"
22:09:42.527 [main] DEBUG org.apache.http.wire -  << "Content-Type: text/plain;charset=UTF-8[\r][\n]"
22:09:42.527 [main] DEBUG org.apache.http.wire -  << "Content-Length: 6[\r][\n]"
22:09:42.527 [main] DEBUG org.apache.http.wire -  << "Date: Sun, 07 Feb 2021 21:09:42 GMT[\r][\n]"
22:09:42.527 [main] DEBUG org.apache.http.wire -  << "[\r][\n]"
22:09:42.527 [main] DEBUG o.a.h.i.conn.DefaultClientConnection - Receiving response: HTTP/1.1 200 OK
22:09:42.527 [main] DEBUG org.apache.http.headers - << HTTP/1.1 200 OK
22:09:42.527 [main] DEBUG org.apache.http.headers - << Server: Apache-Coyote/1.1
22:09:42.527 [main] DEBUG org.apache.http.headers - << Content-Type: text/plain;charset=UTF-8
22:09:42.527 [main] DEBUG org.apache.http.headers - << Content-Length: 6
22:09:42.527 [main] DEBUG org.apache.http.headers - << Date: Sun, 07 Feb 2021 21:09:42 GMT
22:09:42.528 [main] DEBUG o.a.h.impl.client.DefaultHttpClient - Connection can be kept alive indefinitely
22:09:42.528 [main] DEBUG i.r.i.RequestSpecificationImpl$RestAssuredHttpBuilder - Parsing response as: text/plain;charset=UTF-8
22:09:42.528 [main] DEBUG i.r.i.RequestSpecificationImpl$RestAssuredHttpBuilder - Parsed data to instance of: class org.apache.http.conn.EofSensorInputStream
22:09:42.528 [main] DEBUG org.apache.http.wire -  << "a:1500"
22:09:42.528 [main] DEBUG o.a.h.i.c.BasicClientConnectionManager - Releasing connection org.apache.http.impl.conn.ManagedClientConnectionImpl@5d5574c7
22:09:42.528 [main] DEBUG o.a.h.i.c.BasicClientConnectionManager - Connection can be kept alive indefinitely
22:09:42.531 [main] DEBUG o.a.h.i.c.BasicClientConnectionManager - Get connection for route {}->http://localhost:8080
22:09:42.531 [main] DEBUG o.a.h.i.c.DefaultClientConnectionOperator - Connecting to localhost:8080
22:09:42.532 [main] DEBUG o.a.h.c.protocol.RequestAddCookies - CookieSpec selected: ignoreCookies
22:09:42.532 [main] DEBUG o.a.h.c.protocol.RequestAuthCache - Auth cache not set in the context
22:09:42.532 [main] DEBUG o.a.h.c.p.RequestTargetAuthentication - Target auth state: UNCHALLENGED
22:09:42.532 [main] DEBUG o.a.h.c.p.RequestProxyAuthentication - Proxy auth state: UNCHALLENGED
22:09:42.532 [main] DEBUG o.a.h.impl.client.DefaultHttpClient - Attempt 1 to execute request
22:09:42.532 [main] DEBUG o.a.h.i.conn.DefaultClientConnection - Sending request: GET /1?a=10&b=6&c=3 HTTP/1.1
22:09:42.532 [main] DEBUG org.apache.http.wire -  >> "GET /1?a=10&b=6&c=3 HTTP/1.1[\r][\n]"
22:09:42.532 [main] DEBUG org.apache.http.wire -  >> "Accept: */*[\r][\n]"
22:09:42.532 [main] DEBUG org.apache.http.wire -  >> "Host: localhost:8080[\r][\n]"
22:09:42.532 [main] DEBUG org.apache.http.wire -  >> "Connection: Keep-Alive[\r][\n]"
22:09:42.532 [main] DEBUG org.apache.http.wire -  >> "User-Agent: Apache-HttpClient/4.5.3 (Java/13.0.5.1)[\r][\n]"
22:09:42.532 [main] DEBUG org.apache.http.wire -  >> "Accept-Encoding: gzip,deflate[\r][\n]"
22:09:42.532 [main] DEBUG org.apache.http.wire -  >> "[\r][\n]"
22:09:42.532 [main] DEBUG org.apache.http.headers - >> GET /1?a=10&b=6&c=3 HTTP/1.1
22:09:42.532 [main] DEBUG org.apache.http.headers - >> Accept: */*
22:09:42.532 [main] DEBUG org.apache.http.headers - >> Host: localhost:8080
22:09:42.532 [main] DEBUG org.apache.http.headers - >> Connection: Keep-Alive
22:09:42.532 [main] DEBUG org.apache.http.headers - >> User-Agent: Apache-HttpClient/4.5.3 (Java/13.0.5.1)
22:09:42.532 [main] DEBUG org.apache.http.headers - >> Accept-Encoding: gzip,deflate
22:09:42.548 [main] DEBUG org.apache.http.wire -  << "HTTP/1.1 200 OK[\r][\n]"
22:09:42.548 [main] DEBUG org.apache.http.wire -  << "Server: Apache-Coyote/1.1[\r][\n]"
22:09:42.548 [main] DEBUG org.apache.http.wire -  << "Content-Type: text/plain;charset=UTF-8[\r][\n]"
22:09:42.548 [main] DEBUG org.apache.http.wire -  << "Content-Length: 6[\r][\n]"
22:09:42.548 [main] DEBUG org.apache.http.wire -  << "Date: Sun, 07 Feb 2021 21:09:42 GMT[\r][\n]"
22:09:42.548 [main] DEBUG org.apache.http.wire -  << "[\r][\n]"
22:09:42.548 [main] DEBUG o.a.h.i.conn.DefaultClientConnection - Receiving response: HTTP/1.1 200 OK
22:09:42.548 [main] DEBUG org.apache.http.headers - << HTTP/1.1 200 OK
22:09:42.548 [main] DEBUG org.apache.http.headers - << Server: Apache-Coyote/1.1
22:09:42.548 [main] DEBUG org.apache.http.headers - << Content-Type: text/plain;charset=UTF-8
22:09:42.548 [main] DEBUG org.apache.http.headers - << Content-Length: 6
22:09:42.548 [main] DEBUG org.apache.http.headers - << Date: Sun, 07 Feb 2021 21:09:42 GMT
22:09:42.548 [main] DEBUG o.a.h.impl.client.DefaultHttpClient - Connection can be kept alive indefinitely
22:09:42.548 [main] DEBUG i.r.i.RequestSpecificationImpl$RestAssuredHttpBuilder - Parsing response as: text/plain;charset=UTF-8
22:09:42.548 [main] DEBUG i.r.i.RequestSpecificationImpl$RestAssuredHttpBuilder - Parsed data to instance of: class org.apache.http.conn.EofSensorInputStream
22:09:42.549 [main] DEBUG org.apache.http.wire -  << "a:1500"
22:09:42.549 [main] DEBUG o.a.h.i.c.BasicClientConnectionManager - Releasing connection org.apache.http.impl.conn.ManagedClientConnectionImpl@70d687b8
22:09:42.549 [main] DEBUG o.a.h.i.c.BasicClientConnectionManager - Connection can be kept alive indefinitely
22:09:42.550 [main] DEBUG o.a.h.i.c.BasicClientConnectionManager - Get connection for route {}->http://localhost:8080
22:09:42.550 [main] DEBUG o.a.h.i.c.DefaultClientConnectionOperator - Connecting to localhost:8080
22:09:42.551 [main] DEBUG o.a.h.c.protocol.RequestAddCookies - CookieSpec selected: ignoreCookies
22:09:42.551 [main] DEBUG o.a.h.c.protocol.RequestAuthCache - Auth cache not set in the context
22:09:42.551 [main] DEBUG o.a.h.c.p.RequestTargetAuthentication - Target auth state: UNCHALLENGED
22:09:42.551 [main] DEBUG o.a.h.c.p.RequestProxyAuthentication - Proxy auth state: UNCHALLENGED
22:09:42.551 [main] DEBUG o.a.h.impl.client.DefaultHttpClient - Attempt 1 to execute request
22:09:42.551 [main] DEBUG o.a.h.i.conn.DefaultClientConnection - Sending request: GET /1?a=10&b=6&c=3 HTTP/1.1
22:09:42.551 [main] DEBUG org.apache.http.wire -  >> "GET /1?a=10&b=6&c=3 HTTP/1.1[\r][\n]"
22:09:42.551 [main] DEBUG org.apache.http.wire -  >> "Accept: */*[\r][\n]"
22:09:42.551 [main] DEBUG org.apache.http.wire -  >> "Host: localhost:8080[\r][\n]"
22:09:42.551 [main] DEBUG org.apache.http.wire -  >> "Connection: Keep-Alive[\r][\n]"
22:09:42.551 [main] DEBUG org.apache.http.wire -  >> "User-Agent: Apache-HttpClient/4.5.3 (Java/13.0.5.1)[\r][\n]"
22:09:42.551 [main] DEBUG org.apache.http.wire -  >> "Accept-Encoding: gzip,deflate[\r][\n]"
22:09:42.551 [main] DEBUG org.apache.http.wire -  >> "[\r][\n]"
22:09:42.551 [main] DEBUG org.apache.http.headers - >> GET /1?a=10&b=6&c=3 HTTP/1.1
22:09:42.551 [main] DEBUG org.apache.http.headers - >> Accept: */*
22:09:42.551 [main] DEBUG org.apache.http.headers - >> Host: localhost:8080
22:09:42.551 [main] DEBUG org.apache.http.headers - >> Connection: Keep-Alive
22:09:42.551 [main] DEBUG org.apache.http.headers - >> User-Agent: Apache-HttpClient/4.5.3 (Java/13.0.5.1)
22:09:42.551 [main] DEBUG org.apache.http.headers - >> Accept-Encoding: gzip,deflate
22:09:42.569 [main] DEBUG org.apache.http.wire -  << "HTTP/1.1 200 OK[\r][\n]"
22:09:42.569 [main] DEBUG org.apache.http.wire -  << "Server: Apache-Coyote/1.1[\r][\n]"
22:09:42.569 [main] DEBUG org.apache.http.wire -  << "Content-Type: text/plain;charset=UTF-8[\r][\n]"
22:09:42.569 [main] DEBUG org.apache.http.wire -  << "Content-Length: 6[\r][\n]"
22:09:42.569 [main] DEBUG org.apache.http.wire -  << "Date: Sun, 07 Feb 2021 21:09:42 GMT[\r][\n]"
22:09:42.569 [main] DEBUG org.apache.http.wire -  << "[\r][\n]"
22:09:42.569 [main] DEBUG o.a.h.i.conn.DefaultClientConnection - Receiving response: HTTP/1.1 200 OK
22:09:42.569 [main] DEBUG org.apache.http.headers - << HTTP/1.1 200 OK
22:09:42.569 [main] DEBUG org.apache.http.headers - << Server: Apache-Coyote/1.1
22:09:42.569 [main] DEBUG org.apache.http.headers - << Content-Type: text/plain;charset=UTF-8
22:09:42.569 [main] DEBUG org.apache.http.headers - << Content-Length: 6
22:09:42.569 [main] DEBUG org.apache.http.headers - << Date: Sun, 07 Feb 2021 21:09:42 GMT
22:09:42.569 [main] DEBUG o.a.h.impl.client.DefaultHttpClient - Connection can be kept alive indefinitely
22:09:42.569 [main] DEBUG i.r.i.RequestSpecificationImpl$RestAssuredHttpBuilder - Parsing response as: text/plain;charset=UTF-8
22:09:42.569 [main] DEBUG i.r.i.RequestSpecificationImpl$RestAssuredHttpBuilder - Parsed data to instance of: class org.apache.http.conn.EofSensorInputStream
22:09:42.569 [main] DEBUG org.apache.http.wire -  << "a:1500"
22:09:42.569 [main] DEBUG o.a.h.i.c.BasicClientConnectionManager - Releasing connection org.apache.http.impl.conn.ManagedClientConnectionImpl@1b444b5
22:09:42.569 [main] DEBUG o.a.h.i.c.BasicClientConnectionManager - Connection can be kept alive indefinitely
22:09:42.573 [main] DEBUG o.a.h.i.c.BasicClientConnectionManager - Get connection for route {}->http://localhost:8080
22:09:42.573 [main] DEBUG o.a.h.i.c.DefaultClientConnectionOperator - Connecting to localhost:8080
22:09:42.573 [main] DEBUG o.a.h.c.protocol.RequestAddCookies - CookieSpec selected: ignoreCookies
22:09:42.573 [main] DEBUG o.a.h.c.protocol.RequestAuthCache - Auth cache not set in the context
22:09:42.573 [main] DEBUG o.a.h.c.p.RequestTargetAuthentication - Target auth state: UNCHALLENGED
22:09:42.573 [main] DEBUG o.a.h.c.p.RequestProxyAuthentication - Proxy auth state: UNCHALLENGED
22:09:42.573 [main] DEBUG o.a.h.impl.client.DefaultHttpClient - Attempt 1 to execute request
22:09:42.574 [main] DEBUG o.a.h.i.conn.DefaultClientConnection - Sending request: GET /1?a=10&b=6&c=3 HTTP/1.1
22:09:42.574 [main] DEBUG org.apache.http.wire -  >> "GET /1?a=10&b=6&c=3 HTTP/1.1[\r][\n]"
22:09:42.574 [main] DEBUG org.apache.http.wire -  >> "Accept: */*[\r][\n]"
22:09:42.574 [main] DEBUG org.apache.http.wire -  >> "Host: localhost:8080[\r][\n]"
22:09:42.574 [main] DEBUG org.apache.http.wire -  >> "Connection: Keep-Alive[\r][\n]"
22:09:42.574 [main] DEBUG org.apache.http.wire -  >> "User-Agent: Apache-HttpClient/4.5.3 (Java/13.0.5.1)[\r][\n]"
22:09:42.574 [main] DEBUG org.apache.http.wire -  >> "Accept-Encoding: gzip,deflate[\r][\n]"
22:09:42.574 [main] DEBUG org.apache.http.wire -  >> "[\r][\n]"
22:09:42.574 [main] DEBUG org.apache.http.headers - >> GET /1?a=10&b=6&c=3 HTTP/1.1
22:09:42.574 [main] DEBUG org.apache.http.headers - >> Accept: */*
22:09:42.574 [main] DEBUG org.apache.http.headers - >> Host: localhost:8080
22:09:42.574 [main] DEBUG org.apache.http.headers - >> Connection: Keep-Alive
22:09:42.574 [main] DEBUG org.apache.http.headers - >> User-Agent: Apache-HttpClient/4.5.3 (Java/13.0.5.1)
22:09:42.574 [main] DEBUG org.apache.http.headers - >> Accept-Encoding: gzip,deflate
22:09:42.594 [main] DEBUG org.apache.http.wire -  << "HTTP/1.1 200 OK[\r][\n]"
22:09:42.594 [main] DEBUG org.apache.http.wire -  << "Server: Apache-Coyote/1.1[\r][\n]"
22:09:42.594 [main] DEBUG org.apache.http.wire -  << "Content-Type: text/plain;charset=UTF-8[\r][\n]"
22:09:42.594 [main] DEBUG org.apache.http.wire -  << "Content-Length: 6[\r][\n]"
22:09:42.594 [main] DEBUG org.apache.http.wire -  << "Date: Sun, 07 Feb 2021 21:09:42 GMT[\r][\n]"
22:09:42.594 [main] DEBUG org.apache.http.wire -  << "[\r][\n]"
22:09:42.594 [main] DEBUG o.a.h.i.conn.DefaultClientConnection - Receiving response: HTTP/1.1 200 OK
22:09:42.594 [main] DEBUG org.apache.http.headers - << HTTP/1.1 200 OK
22:09:42.594 [main] DEBUG org.apache.http.headers - << Server: Apache-Coyote/1.1
22:09:42.594 [main] DEBUG org.apache.http.headers - << Content-Type: text/plain;charset=UTF-8
22:09:42.594 [main] DEBUG org.apache.http.headers - << Content-Length: 6
22:09:42.594 [main] DEBUG org.apache.http.headers - << Date: Sun, 07 Feb 2021 21:09:42 GMT
22:09:42.594 [main] DEBUG o.a.h.impl.client.DefaultHttpClient - Connection can be kept alive indefinitely
22:09:42.594 [main] DEBUG i.r.i.RequestSpecificationImpl$RestAssuredHttpBuilder - Parsing response as: text/plain;charset=UTF-8
22:09:42.594 [main] DEBUG i.r.i.RequestSpecificationImpl$RestAssuredHttpBuilder - Parsed data to instance of: class org.apache.http.conn.EofSensorInputStream
22:09:42.594 [main] DEBUG org.apache.http.wire -  << "a:1500"
22:09:42.594 [main] DEBUG o.a.h.i.c.BasicClientConnectionManager - Releasing connection org.apache.http.impl.conn.ManagedClientConnectionImpl@1aaf46e6
22:09:42.594 [main] DEBUG o.a.h.i.c.BasicClientConnectionManager - Connection can be kept alive indefinitely
22:09:42.596 [main] DEBUG o.a.h.i.c.BasicClientConnectionManager - Get connection for route {}->http://localhost:8080
22:09:42.596 [main] DEBUG o.a.h.i.c.DefaultClientConnectionOperator - Connecting to localhost:8080
22:09:42.596 [main] DEBUG o.a.h.c.protocol.RequestAddCookies - CookieSpec selected: ignoreCookies
22:09:42.596 [main] DEBUG o.a.h.c.protocol.RequestAuthCache - Auth cache not set in the context
22:09:42.596 [main] DEBUG o.a.h.c.p.RequestTargetAuthentication - Target auth state: UNCHALLENGED
22:09:42.596 [main] DEBUG o.a.h.c.p.RequestProxyAuthentication - Proxy auth state: UNCHALLENGED
22:09:42.596 [main] DEBUG o.a.h.impl.client.DefaultHttpClient - Attempt 1 to execute request
22:09:42.596 [main] DEBUG o.a.h.i.conn.DefaultClientConnection - Sending request: GET /1?a=10&b=6&c=3 HTTP/1.1
22:09:42.596 [main] DEBUG org.apache.http.wire -  >> "GET /1?a=10&b=6&c=3 HTTP/1.1[\r][\n]"
22:09:42.596 [main] DEBUG org.apache.http.wire -  >> "Accept: */*[\r][\n]"
22:09:42.596 [main] DEBUG org.apache.http.wire -  >> "Host: localhost:8080[\r][\n]"
22:09:42.596 [main] DEBUG org.apache.http.wire -  >> "Connection: Keep-Alive[\r][\n]"
22:09:42.596 [main] DEBUG org.apache.http.wire -  >> "User-Agent: Apache-HttpClient/4.5.3 (Java/13.0.5.1)[\r][\n]"
22:09:42.596 [main] DEBUG org.apache.http.wire -  >> "Accept-Encoding: gzip,deflate[\r][\n]"
22:09:42.596 [main] DEBUG org.apache.http.wire -  >> "[\r][\n]"
22:09:42.596 [main] DEBUG org.apache.http.headers - >> GET /1?a=10&b=6&c=3 HTTP/1.1
22:09:42.596 [main] DEBUG org.apache.http.headers - >> Accept: */*
22:09:42.596 [main] DEBUG org.apache.http.headers - >> Host: localhost:8080
22:09:42.596 [main] DEBUG org.apache.http.headers - >> Connection: Keep-Alive
22:09:42.596 [main] DEBUG org.apache.http.headers - >> User-Agent: Apache-HttpClient/4.5.3 (Java/13.0.5.1)
22:09:42.596 [main] DEBUG org.apache.http.headers - >> Accept-Encoding: gzip,deflate
22:09:42.616 [main] DEBUG org.apache.http.wire -  << "HTTP/1.1 200 OK[\r][\n]"
22:09:42.616 [main] DEBUG org.apache.http.wire -  << "Server: Apache-Coyote/1.1[\r][\n]"
22:09:42.616 [main] DEBUG org.apache.http.wire -  << "Content-Type: text/plain;charset=UTF-8[\r][\n]"
22:09:42.616 [main] DEBUG org.apache.http.wire -  << "Content-Length: 6[\r][\n]"
22:09:42.616 [main] DEBUG org.apache.http.wire -  << "Date: Sun, 07 Feb 2021 21:09:42 GMT[\r][\n]"
22:09:42.616 [main] DEBUG org.apache.http.wire -  << "[\r][\n]"
22:09:42.616 [main] DEBUG o.a.h.i.conn.DefaultClientConnection - Receiving response: HTTP/1.1 200 OK
22:09:42.616 [main] DEBUG org.apache.http.headers - << HTTP/1.1 200 OK
22:09:42.616 [main] DEBUG org.apache.http.headers - << Server: Apache-Coyote/1.1
22:09:42.616 [main] DEBUG org.apache.http.headers - << Content-Type: text/plain;charset=UTF-8
22:09:42.616 [main] DEBUG org.apache.http.headers - << Content-Length: 6
22:09:42.616 [main] DEBUG org.apache.http.headers - << Date: Sun, 07 Feb 2021 21:09:42 GMT
22:09:42.616 [main] DEBUG o.a.h.impl.client.DefaultHttpClient - Connection can be kept alive indefinitely
22:09:42.616 [main] DEBUG i.r.i.RequestSpecificationImpl$RestAssuredHttpBuilder - Parsing response as: text/plain;charset=UTF-8
22:09:42.617 [main] DEBUG i.r.i.RequestSpecificationImpl$RestAssuredHttpBuilder - Parsed data to instance of: class org.apache.http.conn.EofSensorInputStream
22:09:42.617 [main] DEBUG org.apache.http.wire -  << "a:1500"
22:09:42.617 [main] DEBUG o.a.h.i.c.BasicClientConnectionManager - Releasing connection org.apache.http.impl.conn.ManagedClientConnectionImpl@4ab455e2
22:09:42.617 [main] DEBUG o.a.h.i.c.BasicClientConnectionManager - Connection can be kept alive indefinitely
22:09:42.620 [main] DEBUG o.a.h.i.c.BasicClientConnectionManager - Get connection for route {}->http://localhost:8080
22:09:42.620 [main] DEBUG o.a.h.i.c.DefaultClientConnectionOperator - Connecting to localhost:8080
22:09:42.620 [main] DEBUG o.a.h.c.protocol.RequestAddCookies - CookieSpec selected: ignoreCookies
22:09:42.620 [main] DEBUG o.a.h.c.protocol.RequestAuthCache - Auth cache not set in the context
22:09:42.620 [main] DEBUG o.a.h.c.p.RequestTargetAuthentication - Target auth state: UNCHALLENGED
22:09:42.620 [main] DEBUG o.a.h.c.p.RequestProxyAuthentication - Proxy auth state: UNCHALLENGED
22:09:42.620 [main] DEBUG o.a.h.impl.client.DefaultHttpClient - Attempt 1 to execute request
22:09:42.620 [main] DEBUG o.a.h.i.conn.DefaultClientConnection - Sending request: GET /1?a=10&b=6&c=3 HTTP/1.1
22:09:42.620 [main] DEBUG org.apache.http.wire -  >> "GET /1?a=10&b=6&c=3 HTTP/1.1[\r][\n]"
22:09:42.621 [main] DEBUG org.apache.http.wire -  >> "Accept: */*[\r][\n]"
22:09:42.621 [main] DEBUG org.apache.http.wire -  >> "Host: localhost:8080[\r][\n]"
22:09:42.621 [main] DEBUG org.apache.http.wire -  >> "Connection: Keep-Alive[\r][\n]"
22:09:42.621 [main] DEBUG org.apache.http.wire -  >> "User-Agent: Apache-HttpClient/4.5.3 (Java/13.0.5.1)[\r][\n]"
22:09:42.621 [main] DEBUG org.apache.http.wire -  >> "Accept-Encoding: gzip,deflate[\r][\n]"
22:09:42.621 [main] DEBUG org.apache.http.wire -  >> "[\r][\n]"
22:09:42.621 [main] DEBUG org.apache.http.headers - >> GET /1?a=10&b=6&c=3 HTTP/1.1
22:09:42.621 [main] DEBUG org.apache.http.headers - >> Accept: */*
22:09:42.621 [main] DEBUG org.apache.http.headers - >> Host: localhost:8080
22:09:42.621 [main] DEBUG org.apache.http.headers - >> Connection: Keep-Alive
22:09:42.621 [main] DEBUG org.apache.http.headers - >> User-Agent: Apache-HttpClient/4.5.3 (Java/13.0.5.1)
22:09:42.621 [main] DEBUG org.apache.http.headers - >> Accept-Encoding: gzip,deflate
22:09:42.637 [main] DEBUG org.apache.http.wire -  << "HTTP/1.1 200 OK[\r][\n]"
22:09:42.637 [main] DEBUG org.apache.http.wire -  << "Server: Apache-Coyote/1.1[\r][\n]"
22:09:42.637 [main] DEBUG org.apache.http.wire -  << "Content-Type: text/plain;charset=UTF-8[\r][\n]"
22:09:42.637 [main] DEBUG org.apache.http.wire -  << "Content-Length: 6[\r][\n]"
22:09:42.637 [main] DEBUG org.apache.http.wire -  << "Date: Sun, 07 Feb 2021 21:09:42 GMT[\r][\n]"
22:09:42.637 [main] DEBUG org.apache.http.wire -  << "[\r][\n]"
22:09:42.637 [main] DEBUG o.a.h.i.conn.DefaultClientConnection - Receiving response: HTTP/1.1 200 OK
22:09:42.637 [main] DEBUG org.apache.http.headers - << HTTP/1.1 200 OK
22:09:42.637 [main] DEBUG org.apache.http.headers - << Server: Apache-Coyote/1.1
22:09:42.637 [main] DEBUG org.apache.http.headers - << Content-Type: text/plain;charset=UTF-8
22:09:42.637 [main] DEBUG org.apache.http.headers - << Content-Length: 6
22:09:42.637 [main] DEBUG org.apache.http.headers - << Date: Sun, 07 Feb 2021 21:09:42 GMT
22:09:42.638 [main] DEBUG o.a.h.impl.client.DefaultHttpClient - Connection can be kept alive indefinitely
22:09:42.638 [main] DEBUG i.r.i.RequestSpecificationImpl$RestAssuredHttpBuilder - Parsing response as: text/plain;charset=UTF-8
22:09:42.638 [main] DEBUG i.r.i.RequestSpecificationImpl$RestAssuredHttpBuilder - Parsed data to instance of: class org.apache.http.conn.EofSensorInputStream
22:09:42.638 [main] DEBUG org.apache.http.wire -  << "a:1500"
22:09:42.638 [main] DEBUG o.a.h.i.c.BasicClientConnectionManager - Releasing connection org.apache.http.impl.conn.ManagedClientConnectionImpl@223cbf0d
22:09:42.638 [main] DEBUG o.a.h.i.c.BasicClientConnectionManager - Connection can be kept alive indefinitely
22:09:42.640 [main] DEBUG o.a.h.i.c.BasicClientConnectionManager - Get connection for route {}->http://localhost:8080
22:09:42.640 [main] DEBUG o.a.h.i.c.DefaultClientConnectionOperator - Connecting to localhost:8080
22:09:42.641 [main] DEBUG o.a.h.c.protocol.RequestAddCookies - CookieSpec selected: ignoreCookies
22:09:42.641 [main] DEBUG o.a.h.c.protocol.RequestAuthCache - Auth cache not set in the context
22:09:42.641 [main] DEBUG o.a.h.c.p.RequestTargetAuthentication - Target auth state: UNCHALLENGED
22:09:42.641 [main] DEBUG o.a.h.c.p.RequestProxyAuthentication - Proxy auth state: UNCHALLENGED
22:09:42.641 [main] DEBUG o.a.h.impl.client.DefaultHttpClient - Attempt 1 to execute request
22:09:42.641 [main] DEBUG o.a.h.i.conn.DefaultClientConnection - Sending request: GET /1?a=10&b=6&c=3 HTTP/1.1
22:09:42.641 [main] DEBUG org.apache.http.wire -  >> "GET /1?a=10&b=6&c=3 HTTP/1.1[\r][\n]"
22:09:42.641 [main] DEBUG org.apache.http.wire -  >> "Accept: */*[\r][\n]"
22:09:42.641 [main] DEBUG org.apache.http.wire -  >> "Host: localhost:8080[\r][\n]"
22:09:42.641 [main] DEBUG org.apache.http.wire -  >> "Connection: Keep-Alive[\r][\n]"
22:09:42.641 [main] DEBUG org.apache.http.wire -  >> "User-Agent: Apache-HttpClient/4.5.3 (Java/13.0.5.1)[\r][\n]"
22:09:42.641 [main] DEBUG org.apache.http.wire -  >> "Accept-Encoding: gzip,deflate[\r][\n]"
22:09:42.641 [main] DEBUG org.apache.http.wire -  >> "[\r][\n]"
22:09:42.641 [main] DEBUG org.apache.http.headers - >> GET /1?a=10&b=6&c=3 HTTP/1.1
22:09:42.641 [main] DEBUG org.apache.http.headers - >> Accept: */*
22:09:42.641 [main] DEBUG org.apache.http.headers - >> Host: localhost:8080
22:09:42.641 [main] DEBUG org.apache.http.headers - >> Connection: Keep-Alive
22:09:42.641 [main] DEBUG org.apache.http.headers - >> User-Agent: Apache-HttpClient/4.5.3 (Java/13.0.5.1)
22:09:42.641 [main] DEBUG org.apache.http.headers - >> Accept-Encoding: gzip,deflate
22:09:42.658 [main] DEBUG org.apache.http.wire -  << "HTTP/1.1 200 OK[\r][\n]"
22:09:42.658 [main] DEBUG org.apache.http.wire -  << "Server: Apache-Coyote/1.1[\r][\n]"
22:09:42.658 [main] DEBUG org.apache.http.wire -  << "Content-Type: text/plain;charset=UTF-8[\r][\n]"
22:09:42.658 [main] DEBUG org.apache.http.wire -  << "Content-Length: 6[\r][\n]"
22:09:42.658 [main] DEBUG org.apache.http.wire -  << "Date: Sun, 07 Feb 2021 21:09:42 GMT[\r][\n]"
22:09:42.658 [main] DEBUG org.apache.http.wire -  << "[\r][\n]"
22:09:42.658 [main] DEBUG o.a.h.i.conn.DefaultClientConnection - Receiving response: HTTP/1.1 200 OK
22:09:42.658 [main] DEBUG org.apache.http.headers - << HTTP/1.1 200 OK
22:09:42.658 [main] DEBUG org.apache.http.headers - << Server: Apache-Coyote/1.1
22:09:42.658 [main] DEBUG org.apache.http.headers - << Content-Type: text/plain;charset=UTF-8
22:09:42.658 [main] DEBUG org.apache.http.headers - << Content-Length: 6
22:09:42.658 [main] DEBUG org.apache.http.headers - << Date: Sun, 07 Feb 2021 21:09:42 GMT
22:09:42.658 [main] DEBUG o.a.h.impl.client.DefaultHttpClient - Connection can be kept alive indefinitely
22:09:42.658 [main] DEBUG i.r.i.RequestSpecificationImpl$RestAssuredHttpBuilder - Parsing response as: text/plain;charset=UTF-8
22:09:42.658 [main] DEBUG i.r.i.RequestSpecificationImpl$RestAssuredHttpBuilder - Parsed data to instance of: class org.apache.http.conn.EofSensorInputStream
22:09:42.658 [main] DEBUG org.apache.http.wire -  << "a:1500"
22:09:42.658 [main] DEBUG o.a.h.i.c.BasicClientConnectionManager - Releasing connection org.apache.http.impl.conn.ManagedClientConnectionImpl@4b7ab7ab
22:09:42.658 [main] DEBUG o.a.h.i.c.BasicClientConnectionManager - Connection can be kept alive indefinitely
22:09:42.662 [main] DEBUG o.a.h.i.c.BasicClientConnectionManager - Get connection for route {}->http://localhost:8080
22:09:42.662 [main] DEBUG o.a.h.i.c.DefaultClientConnectionOperator - Connecting to localhost:8080
22:09:42.663 [main] DEBUG o.a.h.c.protocol.RequestAddCookies - CookieSpec selected: ignoreCookies
22:09:42.663 [main] DEBUG o.a.h.c.protocol.RequestAuthCache - Auth cache not set in the context
22:09:42.663 [main] DEBUG o.a.h.c.p.RequestTargetAuthentication - Target auth state: UNCHALLENGED
22:09:42.663 [main] DEBUG o.a.h.c.p.RequestProxyAuthentication - Proxy auth state: UNCHALLENGED
22:09:42.663 [main] DEBUG o.a.h.impl.client.DefaultHttpClient - Attempt 1 to execute request
22:09:42.663 [main] DEBUG o.a.h.i.conn.DefaultClientConnection - Sending request: GET /1?a=10&b=6&c=3 HTTP/1.1
22:09:42.663 [main] DEBUG org.apache.http.wire -  >> "GET /1?a=10&b=6&c=3 HTTP/1.1[\r][\n]"
22:09:42.663 [main] DEBUG org.apache.http.wire -  >> "Accept: */*[\r][\n]"
22:09:42.663 [main] DEBUG org.apache.http.wire -  >> "Host: localhost:8080[\r][\n]"
22:09:42.663 [main] DEBUG org.apache.http.wire -  >> "Connection: Keep-Alive[\r][\n]"
22:09:42.663 [main] DEBUG org.apache.http.wire -  >> "User-Agent: Apache-HttpClient/4.5.3 (Java/13.0.5.1)[\r][\n]"
22:09:42.663 [main] DEBUG org.apache.http.wire -  >> "Accept-Encoding: gzip,deflate[\r][\n]"
22:09:42.663 [main] DEBUG org.apache.http.wire -  >> "[\r][\n]"
22:09:42.663 [main] DEBUG org.apache.http.headers - >> GET /1?a=10&b=6&c=3 HTTP/1.1
22:09:42.663 [main] DEBUG org.apache.http.headers - >> Accept: */*
22:09:42.663 [main] DEBUG org.apache.http.headers - >> Host: localhost:8080
22:09:42.663 [main] DEBUG org.apache.http.headers - >> Connection: Keep-Alive
22:09:42.663 [main] DEBUG org.apache.http.headers - >> User-Agent: Apache-HttpClient/4.5.3 (Java/13.0.5.1)
22:09:42.663 [main] DEBUG org.apache.http.headers - >> Accept-Encoding: gzip,deflate
22:09:42.680 [main] DEBUG org.apache.http.wire -  << "HTTP/1.1 200 OK[\r][\n]"
22:09:42.680 [main] DEBUG org.apache.http.wire -  << "Server: Apache-Coyote/1.1[\r][\n]"
22:09:42.680 [main] DEBUG org.apache.http.wire -  << "Content-Type: text/plain;charset=UTF-8[\r][\n]"
22:09:42.680 [main] DEBUG org.apache.http.wire -  << "Content-Length: 6[\r][\n]"
22:09:42.680 [main] DEBUG org.apache.http.wire -  << "Date: Sun, 07 Feb 2021 21:09:42 GMT[\r][\n]"
22:09:42.680 [main] DEBUG org.apache.http.wire -  << "[\r][\n]"
22:09:42.680 [main] DEBUG o.a.h.i.conn.DefaultClientConnection - Receiving response: HTTP/1.1 200 OK
22:09:42.680 [main] DEBUG org.apache.http.headers - << HTTP/1.1 200 OK
22:09:42.680 [main] DEBUG org.apache.http.headers - << Server: Apache-Coyote/1.1
22:09:42.680 [main] DEBUG org.apache.http.headers - << Content-Type: text/plain;charset=UTF-8
22:09:42.680 [main] DEBUG org.apache.http.headers - << Content-Length: 6
22:09:42.680 [main] DEBUG org.apache.http.headers - << Date: Sun, 07 Feb 2021 21:09:42 GMT
22:09:42.680 [main] DEBUG o.a.h.impl.client.DefaultHttpClient - Connection can be kept alive indefinitely
22:09:42.681 [main] DEBUG i.r.i.RequestSpecificationImpl$RestAssuredHttpBuilder - Parsing response as: text/plain;charset=UTF-8
22:09:42.681 [main] DEBUG i.r.i.RequestSpecificationImpl$RestAssuredHttpBuilder - Parsed data to instance of: class org.apache.http.conn.EofSensorInputStream
22:09:42.681 [main] DEBUG org.apache.http.wire -  << "a:1500"
22:09:42.681 [main] DEBUG o.a.h.i.c.BasicClientConnectionManager - Releasing connection org.apache.http.impl.conn.ManagedClientConnectionImpl@51813065
22:09:42.681 [main] DEBUG o.a.h.i.c.BasicClientConnectionManager - Connection can be kept alive indefinitely
22:09:42.683 [main] DEBUG o.a.h.i.c.BasicClientConnectionManager - Get connection for route {}->http://localhost:8080
22:09:42.683 [main] DEBUG o.a.h.i.c.DefaultClientConnectionOperator - Connecting to localhost:8080
22:09:42.683 [main] DEBUG o.a.h.c.protocol.RequestAddCookies - CookieSpec selected: ignoreCookies
22:09:42.683 [main] DEBUG o.a.h.c.protocol.RequestAuthCache - Auth cache not set in the context
22:09:42.683 [main] DEBUG o.a.h.c.p.RequestTargetAuthentication - Target auth state: UNCHALLENGED
22:09:42.683 [main] DEBUG o.a.h.c.p.RequestProxyAuthentication - Proxy auth state: UNCHALLENGED
22:09:42.683 [main] DEBUG o.a.h.impl.client.DefaultHttpClient - Attempt 1 to execute request
22:09:42.683 [main] DEBUG o.a.h.i.conn.DefaultClientConnection - Sending request: GET /1?a=10&b=6&c=3 HTTP/1.1
22:09:42.683 [main] DEBUG org.apache.http.wire -  >> "GET /1?a=10&b=6&c=3 HTTP/1.1[\r][\n]"
22:09:42.683 [main] DEBUG org.apache.http.wire -  >> "Accept: */*[\r][\n]"
22:09:42.683 [main] DEBUG org.apache.http.wire -  >> "Host: localhost:8080[\r][\n]"
22:09:42.683 [main] DEBUG org.apache.http.wire -  >> "Connection: Keep-Alive[\r][\n]"
22:09:42.683 [main] DEBUG org.apache.http.wire -  >> "User-Agent: Apache-HttpClient/4.5.3 (Java/13.0.5.1)[\r][\n]"
22:09:42.683 [main] DEBUG org.apache.http.wire -  >> "Accept-Encoding: gzip,deflate[\r][\n]"
22:09:42.683 [main] DEBUG org.apache.http.wire -  >> "[\r][\n]"
22:09:42.683 [main] DEBUG org.apache.http.headers - >> GET /1?a=10&b=6&c=3 HTTP/1.1
22:09:42.683 [main] DEBUG org.apache.http.headers - >> Accept: */*
22:09:42.683 [main] DEBUG org.apache.http.headers - >> Host: localhost:8080
22:09:42.683 [main] DEBUG org.apache.http.headers - >> Connection: Keep-Alive
22:09:42.683 [main] DEBUG org.apache.http.headers - >> User-Agent: Apache-HttpClient/4.5.3 (Java/13.0.5.1)
22:09:42.683 [main] DEBUG org.apache.http.headers - >> Accept-Encoding: gzip,deflate
22:09:42.702 [main] DEBUG org.apache.http.wire -  << "HTTP/1.1 200 OK[\r][\n]"
22:09:42.702 [main] DEBUG org.apache.http.wire -  << "Server: Apache-Coyote/1.1[\r][\n]"
22:09:42.702 [main] DEBUG org.apache.http.wire -  << "Content-Type: text/plain;charset=UTF-8[\r][\n]"
22:09:42.702 [main] DEBUG org.apache.http.wire -  << "Content-Length: 6[\r][\n]"
22:09:42.702 [main] DEBUG org.apache.http.wire -  << "Date: Sun, 07 Feb 2021 21:09:42 GMT[\r][\n]"
22:09:42.702 [main] DEBUG org.apache.http.wire -  << "[\r][\n]"
22:09:42.702 [main] DEBUG o.a.h.i.conn.DefaultClientConnection - Receiving response: HTTP/1.1 200 OK
22:09:42.702 [main] DEBUG org.apache.http.headers - << HTTP/1.1 200 OK
22:09:42.702 [main] DEBUG org.apache.http.headers - << Server: Apache-Coyote/1.1
22:09:42.702 [main] DEBUG org.apache.http.headers - << Content-Type: text/plain;charset=UTF-8
22:09:42.702 [main] DEBUG org.apache.http.headers - << Content-Length: 6
22:09:42.702 [main] DEBUG org.apache.http.headers - << Date: Sun, 07 Feb 2021 21:09:42 GMT
22:09:42.702 [main] DEBUG o.a.h.impl.client.DefaultHttpClient - Connection can be kept alive indefinitely
22:09:42.703 [main] DEBUG i.r.i.RequestSpecificationImpl$RestAssuredHttpBuilder - Parsing response as: text/plain;charset=UTF-8
22:09:42.703 [main] DEBUG i.r.i.RequestSpecificationImpl$RestAssuredHttpBuilder - Parsed data to instance of: class org.apache.http.conn.EofSensorInputStream
22:09:42.703 [main] DEBUG org.apache.http.wire -  << "a:1500"
22:09:42.703 [main] DEBUG o.a.h.i.c.BasicClientConnectionManager - Releasing connection org.apache.http.impl.conn.ManagedClientConnectionImpl@51743cc0
22:09:42.703 [main] DEBUG o.a.h.i.c.BasicClientConnectionManager - Connection can be kept alive indefinitely
22:09:42.705 [main] DEBUG o.a.h.i.c.BasicClientConnectionManager - Get connection for route {}->http://localhost:8080
22:09:42.705 [main] DEBUG o.a.h.i.c.DefaultClientConnectionOperator - Connecting to localhost:8080
22:09:42.705 [main] DEBUG o.a.h.c.protocol.RequestAddCookies - CookieSpec selected: ignoreCookies
22:09:42.705 [main] DEBUG o.a.h.c.protocol.RequestAuthCache - Auth cache not set in the context
22:09:42.705 [main] DEBUG o.a.h.c.p.RequestTargetAuthentication - Target auth state: UNCHALLENGED
22:09:42.705 [main] DEBUG o.a.h.c.p.RequestProxyAuthentication - Proxy auth state: UNCHALLENGED
22:09:42.705 [main] DEBUG o.a.h.impl.client.DefaultHttpClient - Attempt 1 to execute request
22:09:42.705 [main] DEBUG o.a.h.i.conn.DefaultClientConnection - Sending request: GET /1?a=10&b=6&c=3 HTTP/1.1
22:09:42.705 [main] DEBUG org.apache.http.wire -  >> "GET /1?a=10&b=6&c=3 HTTP/1.1[\r][\n]"
22:09:42.705 [main] DEBUG org.apache.http.wire -  >> "Accept: */*[\r][\n]"
22:09:42.705 [main] DEBUG org.apache.http.wire -  >> "Host: localhost:8080[\r][\n]"
22:09:42.705 [main] DEBUG org.apache.http.wire -  >> "Connection: Keep-Alive[\r][\n]"
22:09:42.706 [main] DEBUG org.apache.http.wire -  >> "User-Agent: Apache-HttpClient/4.5.3 (Java/13.0.5.1)[\r][\n]"
22:09:42.706 [main] DEBUG org.apache.http.wire -  >> "Accept-Encoding: gzip,deflate[\r][\n]"
22:09:42.706 [main] DEBUG org.apache.http.wire -  >> "[\r][\n]"
22:09:42.706 [main] DEBUG org.apache.http.headers - >> GET /1?a=10&b=6&c=3 HTTP/1.1
22:09:42.706 [main] DEBUG org.apache.http.headers - >> Accept: */*
22:09:42.706 [main] DEBUG org.apache.http.headers - >> Host: localhost:8080
22:09:42.706 [main] DEBUG org.apache.http.headers - >> Connection: Keep-Alive
22:09:42.706 [main] DEBUG org.apache.http.headers - >> User-Agent: Apache-HttpClient/4.5.3 (Java/13.0.5.1)
22:09:42.706 [main] DEBUG org.apache.http.headers - >> Accept-Encoding: gzip,deflate
22:09:42.731 [main] DEBUG org.apache.http.wire -  << "HTTP/1.1 200 OK[\r][\n]"
22:09:42.731 [main] DEBUG org.apache.http.wire -  << "Server: Apache-Coyote/1.1[\r][\n]"
22:09:42.731 [main] DEBUG org.apache.http.wire -  << "Content-Type: text/plain;charset=UTF-8[\r][\n]"
22:09:42.731 [main] DEBUG org.apache.http.wire -  << "Content-Length: 6[\r][\n]"
22:09:42.731 [main] DEBUG org.apache.http.wire -  << "Date: Sun, 07 Feb 2021 21:09:42 GMT[\r][\n]"
22:09:42.731 [main] DEBUG org.apache.http.wire -  << "[\r][\n]"
22:09:42.731 [main] DEBUG o.a.h.i.conn.DefaultClientConnection - Receiving response: HTTP/1.1 200 OK
22:09:42.731 [main] DEBUG org.apache.http.headers - << HTTP/1.1 200 OK
22:09:42.731 [main] DEBUG org.apache.http.headers - << Server: Apache-Coyote/1.1
22:09:42.731 [main] DEBUG org.apache.http.headers - << Content-Type: text/plain;charset=UTF-8
22:09:42.731 [main] DEBUG org.apache.http.headers - << Content-Length: 6
22:09:42.731 [main] DEBUG org.apache.http.headers - << Date: Sun, 07 Feb 2021 21:09:42 GMT
22:09:42.731 [main] DEBUG o.a.h.impl.client.DefaultHttpClient - Connection can be kept alive indefinitely
22:09:42.732 [main] DEBUG i.r.i.RequestSpecificationImpl$RestAssuredHttpBuilder - Parsing response as: text/plain;charset=UTF-8
22:09:42.732 [main] DEBUG i.r.i.RequestSpecificationImpl$RestAssuredHttpBuilder - Parsed data to instance of: class org.apache.http.conn.EofSensorInputStream
22:09:42.732 [main] DEBUG org.apache.http.wire -  << "a:1500"
22:09:42.732 [main] DEBUG o.a.h.i.c.BasicClientConnectionManager - Releasing connection org.apache.http.impl.conn.ManagedClientConnectionImpl@4a105556
22:09:42.732 [main] DEBUG o.a.h.i.c.BasicClientConnectionManager - Connection can be kept alive indefinitely
22:09:42.734 [main] DEBUG o.a.h.i.c.BasicClientConnectionManager - Get connection for route {}->http://localhost:8080
22:09:42.734 [main] DEBUG o.a.h.i.c.DefaultClientConnectionOperator - Connecting to localhost:8080
22:09:42.734 [main] DEBUG o.a.h.c.protocol.RequestAddCookies - CookieSpec selected: ignoreCookies
22:09:42.734 [main] DEBUG o.a.h.c.protocol.RequestAuthCache - Auth cache not set in the context
22:09:42.734 [main] DEBUG o.a.h.c.p.RequestTargetAuthentication - Target auth state: UNCHALLENGED
22:09:42.734 [main] DEBUG o.a.h.c.p.RequestProxyAuthentication - Proxy auth state: UNCHALLENGED
22:09:42.734 [main] DEBUG o.a.h.impl.client.DefaultHttpClient - Attempt 1 to execute request
22:09:42.734 [main] DEBUG o.a.h.i.conn.DefaultClientConnection - Sending request: GET /1?a=10&b=6&c=3 HTTP/1.1
22:09:42.734 [main] DEBUG org.apache.http.wire -  >> "GET /1?a=10&b=6&c=3 HTTP/1.1[\r][\n]"
22:09:42.734 [main] DEBUG org.apache.http.wire -  >> "Accept: */*[\r][\n]"
22:09:42.734 [main] DEBUG org.apache.http.wire -  >> "Host: localhost:8080[\r][\n]"
22:09:42.734 [main] DEBUG org.apache.http.wire -  >> "Connection: Keep-Alive[\r][\n]"
22:09:42.734 [main] DEBUG org.apache.http.wire -  >> "User-Agent: Apache-HttpClient/4.5.3 (Java/13.0.5.1)[\r][\n]"
22:09:42.734 [main] DEBUG org.apache.http.wire -  >> "Accept-Encoding: gzip,deflate[\r][\n]"
22:09:42.734 [main] DEBUG org.apache.http.wire -  >> "[\r][\n]"
22:09:42.734 [main] DEBUG org.apache.http.headers - >> GET /1?a=10&b=6&c=3 HTTP/1.1
22:09:42.734 [main] DEBUG org.apache.http.headers - >> Accept: */*
22:09:42.734 [main] DEBUG org.apache.http.headers - >> Host: localhost:8080
22:09:42.734 [main] DEBUG org.apache.http.headers - >> Connection: Keep-Alive
22:09:42.734 [main] DEBUG org.apache.http.headers - >> User-Agent: Apache-HttpClient/4.5.3 (Java/13.0.5.1)
22:09:42.734 [main] DEBUG org.apache.http.headers - >> Accept-Encoding: gzip,deflate
22:09:42.752 [main] DEBUG org.apache.http.wire -  << "HTTP/1.1 200 OK[\r][\n]"
22:09:42.752 [main] DEBUG org.apache.http.wire -  << "Server: Apache-Coyote/1.1[\r][\n]"
22:09:42.752 [main] DEBUG org.apache.http.wire -  << "Content-Type: text/plain;charset=UTF-8[\r][\n]"
22:09:42.752 [main] DEBUG org.apache.http.wire -  << "Content-Length: 6[\r][\n]"
22:09:42.752 [main] DEBUG org.apache.http.wire -  << "Date: Sun, 07 Feb 2021 21:09:42 GMT[\r][\n]"
22:09:42.752 [main] DEBUG org.apache.http.wire -  << "[\r][\n]"
22:09:42.752 [main] DEBUG o.a.h.i.conn.DefaultClientConnection - Receiving response: HTTP/1.1 200 OK
22:09:42.752 [main] DEBUG org.apache.http.headers - << HTTP/1.1 200 OK
22:09:42.752 [main] DEBUG org.apache.http.headers - << Server: Apache-Coyote/1.1
22:09:42.752 [main] DEBUG org.apache.http.headers - << Content-Type: text/plain;charset=UTF-8
22:09:42.752 [main] DEBUG org.apache.http.headers - << Content-Length: 6
22:09:42.752 [main] DEBUG org.apache.http.headers - << Date: Sun, 07 Feb 2021 21:09:42 GMT
22:09:42.752 [main] DEBUG o.a.h.impl.client.DefaultHttpClient - Connection can be kept alive indefinitely
22:09:42.752 [main] DEBUG i.r.i.RequestSpecificationImpl$RestAssuredHttpBuilder - Parsing response as: text/plain;charset=UTF-8
22:09:42.752 [main] DEBUG i.r.i.RequestSpecificationImpl$RestAssuredHttpBuilder - Parsed data to instance of: class org.apache.http.conn.EofSensorInputStream
22:09:42.753 [main] DEBUG org.apache.http.wire -  << "a:1500"
22:09:42.753 [main] DEBUG o.a.h.i.c.BasicClientConnectionManager - Releasing connection org.apache.http.impl.conn.ManagedClientConnectionImpl@f1d1463
22:09:42.753 [main] DEBUG o.a.h.i.c.BasicClientConnectionManager - Connection can be kept alive indefinitely
22:09:42.755 [main] DEBUG o.a.h.i.c.BasicClientConnectionManager - Get connection for route {}->http://localhost:8080
22:09:42.755 [main] DEBUG o.a.h.i.c.DefaultClientConnectionOperator - Connecting to localhost:8080
22:09:42.755 [main] DEBUG o.a.h.c.protocol.RequestAddCookies - CookieSpec selected: ignoreCookies
22:09:42.755 [main] DEBUG o.a.h.c.protocol.RequestAuthCache - Auth cache not set in the context
22:09:42.755 [main] DEBUG o.a.h.c.p.RequestTargetAuthentication - Target auth state: UNCHALLENGED
22:09:42.755 [main] DEBUG o.a.h.c.p.RequestProxyAuthentication - Proxy auth state: UNCHALLENGED
22:09:42.755 [main] DEBUG o.a.h.impl.client.DefaultHttpClient - Attempt 1 to execute request
22:09:42.755 [main] DEBUG o.a.h.i.conn.DefaultClientConnection - Sending request: GET /1?a=10&b=6&c=3 HTTP/1.1
22:09:42.755 [main] DEBUG org.apache.http.wire -  >> "GET /1?a=10&b=6&c=3 HTTP/1.1[\r][\n]"
22:09:42.755 [main] DEBUG org.apache.http.wire -  >> "Accept: */*[\r][\n]"
22:09:42.755 [main] DEBUG org.apache.http.wire -  >> "Host: localhost:8080[\r][\n]"
22:09:42.755 [main] DEBUG org.apache.http.wire -  >> "Connection: Keep-Alive[\r][\n]"
22:09:42.755 [main] DEBUG org.apache.http.wire -  >> "User-Agent: Apache-HttpClient/4.5.3 (Java/13.0.5.1)[\r][\n]"
22:09:42.755 [main] DEBUG org.apache.http.wire -  >> "Accept-Encoding: gzip,deflate[\r][\n]"
22:09:42.755 [main] DEBUG org.apache.http.wire -  >> "[\r][\n]"
22:09:42.755 [main] DEBUG org.apache.http.headers - >> GET /1?a=10&b=6&c=3 HTTP/1.1
22:09:42.755 [main] DEBUG org.apache.http.headers - >> Accept: */*
22:09:42.755 [main] DEBUG org.apache.http.headers - >> Host: localhost:8080
22:09:42.755 [main] DEBUG org.apache.http.headers - >> Connection: Keep-Alive
22:09:42.755 [main] DEBUG org.apache.http.headers - >> User-Agent: Apache-HttpClient/4.5.3 (Java/13.0.5.1)
22:09:42.755 [main] DEBUG org.apache.http.headers - >> Accept-Encoding: gzip,deflate
22:09:42.779 [main] DEBUG org.apache.http.wire -  << "HTTP/1.1 200 OK[\r][\n]"
22:09:42.779 [main] DEBUG org.apache.http.wire -  << "Server: Apache-Coyote/1.1[\r][\n]"
22:09:42.779 [main] DEBUG org.apache.http.wire -  << "Content-Type: text/plain;charset=UTF-8[\r][\n]"
22:09:42.779 [main] DEBUG org.apache.http.wire -  << "Content-Length: 6[\r][\n]"
22:09:42.779 [main] DEBUG org.apache.http.wire -  << "Date: Sun, 07 Feb 2021 21:09:42 GMT[\r][\n]"
22:09:42.779 [main] DEBUG org.apache.http.wire -  << "[\r][\n]"
22:09:42.779 [main] DEBUG o.a.h.i.conn.DefaultClientConnection - Receiving response: HTTP/1.1 200 OK
22:09:42.779 [main] DEBUG org.apache.http.headers - << HTTP/1.1 200 OK
22:09:42.779 [main] DEBUG org.apache.http.headers - << Server: Apache-Coyote/1.1
22:09:42.779 [main] DEBUG org.apache.http.headers - << Content-Type: text/plain;charset=UTF-8
22:09:42.779 [main] DEBUG org.apache.http.headers - << Content-Length: 6
22:09:42.779 [main] DEBUG org.apache.http.headers - << Date: Sun, 07 Feb 2021 21:09:42 GMT
22:09:42.779 [main] DEBUG o.a.h.impl.client.DefaultHttpClient - Connection can be kept alive indefinitely
22:09:42.779 [main] DEBUG i.r.i.RequestSpecificationImpl$RestAssuredHttpBuilder - Parsing response as: text/plain;charset=UTF-8
22:09:42.779 [main] DEBUG i.r.i.RequestSpecificationImpl$RestAssuredHttpBuilder - Parsed data to instance of: class org.apache.http.conn.EofSensorInputStream
22:09:42.779 [main] DEBUG org.apache.http.wire -  << "a:1500"
22:09:42.779 [main] DEBUG o.a.h.i.c.BasicClientConnectionManager - Releasing connection org.apache.http.impl.conn.ManagedClientConnectionImpl@28f90752
22:09:42.779 [main] DEBUG o.a.h.i.c.BasicClientConnectionManager - Connection can be kept alive indefinitely
22:09:42.782 [main] DEBUG o.a.h.i.c.BasicClientConnectionManager - Get connection for route {}->http://localhost:8080
22:09:42.782 [main] DEBUG o.a.h.i.c.DefaultClientConnectionOperator - Connecting to localhost:8080
22:09:42.782 [main] DEBUG o.a.h.c.protocol.RequestAddCookies - CookieSpec selected: ignoreCookies
22:09:42.782 [main] DEBUG o.a.h.c.protocol.RequestAuthCache - Auth cache not set in the context
22:09:42.782 [main] DEBUG o.a.h.c.p.RequestTargetAuthentication - Target auth state: UNCHALLENGED
22:09:42.782 [main] DEBUG o.a.h.c.p.RequestProxyAuthentication - Proxy auth state: UNCHALLENGED
22:09:42.782 [main] DEBUG o.a.h.impl.client.DefaultHttpClient - Attempt 1 to execute request
22:09:42.782 [main] DEBUG o.a.h.i.conn.DefaultClientConnection - Sending request: GET /1?a=10&b=6&c=3 HTTP/1.1
22:09:42.782 [main] DEBUG org.apache.http.wire -  >> "GET /1?a=10&b=6&c=3 HTTP/1.1[\r][\n]"
22:09:42.782 [main] DEBUG org.apache.http.wire -  >> "Accept: */*[\r][\n]"
22:09:42.782 [main] DEBUG org.apache.http.wire -  >> "Host: localhost:8080[\r][\n]"
22:09:42.782 [main] DEBUG org.apache.http.wire -  >> "Connection: Keep-Alive[\r][\n]"
22:09:42.782 [main] DEBUG org.apache.http.wire -  >> "User-Agent: Apache-HttpClient/4.5.3 (Java/13.0.5.1)[\r][\n]"
22:09:42.782 [main] DEBUG org.apache.http.wire -  >> "Accept-Encoding: gzip,deflate[\r][\n]"
22:09:42.782 [main] DEBUG org.apache.http.wire -  >> "[\r][\n]"
22:09:42.782 [main] DEBUG org.apache.http.headers - >> GET /1?a=10&b=6&c=3 HTTP/1.1
22:09:42.782 [main] DEBUG org.apache.http.headers - >> Accept: */*
22:09:42.782 [main] DEBUG org.apache.http.headers - >> Host: localhost:8080
22:09:42.782 [main] DEBUG org.apache.http.headers - >> Connection: Keep-Alive
22:09:42.782 [main] DEBUG org.apache.http.headers - >> User-Agent: Apache-HttpClient/4.5.3 (Java/13.0.5.1)
22:09:42.782 [main] DEBUG org.apache.http.headers - >> Accept-Encoding: gzip,deflate
22:09:42.806 [main] DEBUG org.apache.http.wire -  << "HTTP/1.1 200 OK[\r][\n]"
22:09:42.806 [main] DEBUG org.apache.http.wire -  << "Server: Apache-Coyote/1.1[\r][\n]"
22:09:42.806 [main] DEBUG org.apache.http.wire -  << "Content-Type: text/plain;charset=UTF-8[\r][\n]"
22:09:42.806 [main] DEBUG org.apache.http.wire -  << "Content-Length: 6[\r][\n]"
22:09:42.806 [main] DEBUG org.apache.http.wire -  << "Date: Sun, 07 Feb 2021 21:09:42 GMT[\r][\n]"
22:09:42.806 [main] DEBUG org.apache.http.wire -  << "[\r][\n]"
22:09:42.806 [main] DEBUG o.a.h.i.conn.DefaultClientConnection - Receiving response: HTTP/1.1 200 OK
22:09:42.806 [main] DEBUG org.apache.http.headers - << HTTP/1.1 200 OK
22:09:42.806 [main] DEBUG org.apache.http.headers - << Server: Apache-Coyote/1.1
22:09:42.806 [main] DEBUG org.apache.http.headers - << Content-Type: text/plain;charset=UTF-8
22:09:42.806 [main] DEBUG org.apache.http.headers - << Content-Length: 6
22:09:42.806 [main] DEBUG org.apache.http.headers - << Date: Sun, 07 Feb 2021 21:09:42 GMT
22:09:42.806 [main] DEBUG o.a.h.impl.client.DefaultHttpClient - Connection can be kept alive indefinitely
22:09:42.806 [main] DEBUG i.r.i.RequestSpecificationImpl$RestAssuredHttpBuilder - Parsing response as: text/plain;charset=UTF-8
22:09:42.806 [main] DEBUG i.r.i.RequestSpecificationImpl$RestAssuredHttpBuilder - Parsed data to instance of: class org.apache.http.conn.EofSensorInputStream
22:09:42.807 [main] DEBUG org.apache.http.wire -  << "a:1500"
22:09:42.807 [main] DEBUG o.a.h.i.c.BasicClientConnectionManager - Releasing connection org.apache.http.impl.conn.ManagedClientConnectionImpl@24fef542
22:09:42.807 [main] DEBUG o.a.h.i.c.BasicClientConnectionManager - Connection can be kept alive indefinitely
str = aaaaaaaaaaaaaaaaaaaaaaaaaaaaaaaaaaaaaaaaaaaaaaaaaa
]]></system-out>
  </testcase>
  <testcase name="GET the winner and verify - 3 Same Highest Bids - 3 Query Parameters - Verify Random Selection #2" classname="User should be able to get the winner" time="1.13">
    <failure message="Verify that bidder is chosen randomly as b or c or a" type="java.lang.AssertionError">java.lang.AssertionError: Verify that bidder is chosen randomly as b or c or a
</failure>
    <system-out><![CDATA[22:09:42.815 [main] DEBUG o.a.h.i.c.BasicClientConnectionManager - Get connection for route {}->http://localhost:8080
22:09:42.816 [main] DEBUG o.a.h.i.c.DefaultClientConnectionOperator - Connecting to localhost:8080
22:09:42.816 [main] DEBUG o.a.h.c.protocol.RequestAddCookies - CookieSpec selected: ignoreCookies
22:09:42.816 [main] DEBUG o.a.h.c.protocol.RequestAuthCache - Auth cache not set in the context
22:09:42.816 [main] DEBUG o.a.h.c.p.RequestTargetAuthentication - Target auth state: UNCHALLENGED
22:09:42.816 [main] DEBUG o.a.h.c.p.RequestProxyAuthentication - Proxy auth state: UNCHALLENGED
22:09:42.816 [main] DEBUG o.a.h.impl.client.DefaultHttpClient - Attempt 1 to execute request
22:09:42.816 [main] DEBUG o.a.h.i.conn.DefaultClientConnection - Sending request: GET /2?b=12&c=6&a=20 HTTP/1.1
22:09:42.816 [main] DEBUG org.apache.http.wire -  >> "GET /2?b=12&c=6&a=20 HTTP/1.1[\r][\n]"
22:09:42.816 [main] DEBUG org.apache.http.wire -  >> "Accept: */*[\r][\n]"
22:09:42.816 [main] DEBUG org.apache.http.wire -  >> "Host: localhost:8080[\r][\n]"
22:09:42.816 [main] DEBUG org.apache.http.wire -  >> "Connection: Keep-Alive[\r][\n]"
22:09:42.816 [main] DEBUG org.apache.http.wire -  >> "User-Agent: Apache-HttpClient/4.5.3 (Java/13.0.5.1)[\r][\n]"
22:09:42.816 [main] DEBUG org.apache.http.wire -  >> "Accept-Encoding: gzip,deflate[\r][\n]"
22:09:42.816 [main] DEBUG org.apache.http.wire -  >> "[\r][\n]"
22:09:42.816 [main] DEBUG org.apache.http.headers - >> GET /2?b=12&c=6&a=20 HTTP/1.1
22:09:42.816 [main] DEBUG org.apache.http.headers - >> Accept: */*
22:09:42.816 [main] DEBUG org.apache.http.headers - >> Host: localhost:8080
22:09:42.816 [main] DEBUG org.apache.http.headers - >> Connection: Keep-Alive
22:09:42.816 [main] DEBUG org.apache.http.headers - >> User-Agent: Apache-HttpClient/4.5.3 (Java/13.0.5.1)
22:09:42.816 [main] DEBUG org.apache.http.headers - >> Accept-Encoding: gzip,deflate
22:09:42.837 [main] DEBUG org.apache.http.wire -  << "HTTP/1.1 200 OK[\r][\n]"
22:09:42.837 [main] DEBUG org.apache.http.wire -  << "Server: Apache-Coyote/1.1[\r][\n]"
22:09:42.837 [main] DEBUG org.apache.http.wire -  << "Content-Type: text/plain;charset=UTF-8[\r][\n]"
22:09:42.837 [main] DEBUG org.apache.http.wire -  << "Content-Length: 6[\r][\n]"
22:09:42.837 [main] DEBUG org.apache.http.wire -  << "Date: Sun, 07 Feb 2021 21:09:42 GMT[\r][\n]"
22:09:42.837 [main] DEBUG org.apache.http.wire -  << "[\r][\n]"
22:09:42.837 [main] DEBUG o.a.h.i.conn.DefaultClientConnection - Receiving response: HTTP/1.1 200 OK
22:09:42.837 [main] DEBUG org.apache.http.headers - << HTTP/1.1 200 OK
22:09:42.837 [main] DEBUG org.apache.http.headers - << Server: Apache-Coyote/1.1
22:09:42.837 [main] DEBUG org.apache.http.headers - << Content-Type: text/plain;charset=UTF-8
22:09:42.837 [main] DEBUG org.apache.http.headers - << Content-Length: 6
22:09:42.837 [main] DEBUG org.apache.http.headers - << Date: Sun, 07 Feb 2021 21:09:42 GMT
22:09:42.837 [main] DEBUG o.a.h.impl.client.DefaultHttpClient - Connection can be kept alive indefinitely
22:09:42.837 [main] DEBUG i.r.i.RequestSpecificationImpl$RestAssuredHttpBuilder - Parsing response as: text/plain;charset=UTF-8
22:09:42.837 [main] DEBUG i.r.i.RequestSpecificationImpl$RestAssuredHttpBuilder - Parsed data to instance of: class org.apache.http.conn.EofSensorInputStream
22:09:42.837 [main] DEBUG org.apache.http.wire -  << "a:3000"
22:09:42.837 [main] DEBUG o.a.h.i.c.BasicClientConnectionManager - Releasing connection org.apache.http.impl.conn.ManagedClientConnectionImpl@35536760
22:09:42.837 [main] DEBUG o.a.h.i.c.BasicClientConnectionManager - Connection can be kept alive indefinitely
22:09:42.839 [main] DEBUG o.a.h.i.c.BasicClientConnectionManager - Get connection for route {}->http://localhost:8080
22:09:42.839 [main] DEBUG o.a.h.i.c.DefaultClientConnectionOperator - Connecting to localhost:8080
22:09:42.840 [main] DEBUG o.a.h.c.protocol.RequestAddCookies - CookieSpec selected: ignoreCookies
22:09:42.840 [main] DEBUG o.a.h.c.protocol.RequestAuthCache - Auth cache not set in the context
22:09:42.840 [main] DEBUG o.a.h.c.p.RequestTargetAuthentication - Target auth state: UNCHALLENGED
22:09:42.840 [main] DEBUG o.a.h.c.p.RequestProxyAuthentication - Proxy auth state: UNCHALLENGED
22:09:42.840 [main] DEBUG o.a.h.impl.client.DefaultHttpClient - Attempt 1 to execute request
22:09:42.840 [main] DEBUG o.a.h.i.conn.DefaultClientConnection - Sending request: GET /2?b=12&c=6&a=20 HTTP/1.1
22:09:42.840 [main] DEBUG org.apache.http.wire -  >> "GET /2?b=12&c=6&a=20 HTTP/1.1[\r][\n]"
22:09:42.840 [main] DEBUG org.apache.http.wire -  >> "Accept: */*[\r][\n]"
22:09:42.840 [main] DEBUG org.apache.http.wire -  >> "Host: localhost:8080[\r][\n]"
22:09:42.840 [main] DEBUG org.apache.http.wire -  >> "Connection: Keep-Alive[\r][\n]"
22:09:42.840 [main] DEBUG org.apache.http.wire -  >> "User-Agent: Apache-HttpClient/4.5.3 (Java/13.0.5.1)[\r][\n]"
22:09:42.840 [main] DEBUG org.apache.http.wire -  >> "Accept-Encoding: gzip,deflate[\r][\n]"
22:09:42.840 [main] DEBUG org.apache.http.wire -  >> "[\r][\n]"
22:09:42.840 [main] DEBUG org.apache.http.headers - >> GET /2?b=12&c=6&a=20 HTTP/1.1
22:09:42.840 [main] DEBUG org.apache.http.headers - >> Accept: */*
22:09:42.840 [main] DEBUG org.apache.http.headers - >> Host: localhost:8080
22:09:42.840 [main] DEBUG org.apache.http.headers - >> Connection: Keep-Alive
22:09:42.840 [main] DEBUG org.apache.http.headers - >> User-Agent: Apache-HttpClient/4.5.3 (Java/13.0.5.1)
22:09:42.840 [main] DEBUG org.apache.http.headers - >> Accept-Encoding: gzip,deflate
22:09:42.858 [main] DEBUG org.apache.http.wire -  << "HTTP/1.1 200 OK[\r][\n]"
22:09:42.858 [main] DEBUG org.apache.http.wire -  << "Server: Apache-Coyote/1.1[\r][\n]"
22:09:42.858 [main] DEBUG org.apache.http.wire -  << "Content-Type: text/plain;charset=UTF-8[\r][\n]"
22:09:42.858 [main] DEBUG org.apache.http.wire -  << "Content-Length: 6[\r][\n]"
22:09:42.858 [main] DEBUG org.apache.http.wire -  << "Date: Sun, 07 Feb 2021 21:09:42 GMT[\r][\n]"
22:09:42.858 [main] DEBUG org.apache.http.wire -  << "[\r][\n]"
22:09:42.858 [main] DEBUG o.a.h.i.conn.DefaultClientConnection - Receiving response: HTTP/1.1 200 OK
22:09:42.858 [main] DEBUG org.apache.http.headers - << HTTP/1.1 200 OK
22:09:42.858 [main] DEBUG org.apache.http.headers - << Server: Apache-Coyote/1.1
22:09:42.858 [main] DEBUG org.apache.http.headers - << Content-Type: text/plain;charset=UTF-8
22:09:42.858 [main] DEBUG org.apache.http.headers - << Content-Length: 6
22:09:42.858 [main] DEBUG org.apache.http.headers - << Date: Sun, 07 Feb 2021 21:09:42 GMT
22:09:42.858 [main] DEBUG o.a.h.impl.client.DefaultHttpClient - Connection can be kept alive indefinitely
22:09:42.858 [main] DEBUG i.r.i.RequestSpecificationImpl$RestAssuredHttpBuilder - Parsing response as: text/plain;charset=UTF-8
22:09:42.858 [main] DEBUG i.r.i.RequestSpecificationImpl$RestAssuredHttpBuilder - Parsed data to instance of: class org.apache.http.conn.EofSensorInputStream
22:09:42.859 [main] DEBUG org.apache.http.wire -  << "a:3000"
22:09:42.859 [main] DEBUG o.a.h.i.c.BasicClientConnectionManager - Releasing connection org.apache.http.impl.conn.ManagedClientConnectionImpl@67a6a2d0
22:09:42.859 [main] DEBUG o.a.h.i.c.BasicClientConnectionManager - Connection can be kept alive indefinitely
22:09:42.863 [main] DEBUG o.a.h.i.c.BasicClientConnectionManager - Get connection for route {}->http://localhost:8080
22:09:42.863 [main] DEBUG o.a.h.i.c.DefaultClientConnectionOperator - Connecting to localhost:8080
22:09:42.865 [main] DEBUG o.a.h.c.protocol.RequestAddCookies - CookieSpec selected: ignoreCookies
22:09:42.865 [main] DEBUG o.a.h.c.protocol.RequestAuthCache - Auth cache not set in the context
22:09:42.865 [main] DEBUG o.a.h.c.p.RequestTargetAuthentication - Target auth state: UNCHALLENGED
22:09:42.865 [main] DEBUG o.a.h.c.p.RequestProxyAuthentication - Proxy auth state: UNCHALLENGED
22:09:42.865 [main] DEBUG o.a.h.impl.client.DefaultHttpClient - Attempt 1 to execute request
22:09:42.865 [main] DEBUG o.a.h.i.conn.DefaultClientConnection - Sending request: GET /2?b=12&c=6&a=20 HTTP/1.1
22:09:42.865 [main] DEBUG org.apache.http.wire -  >> "GET /2?b=12&c=6&a=20 HTTP/1.1[\r][\n]"
22:09:42.865 [main] DEBUG org.apache.http.wire -  >> "Accept: */*[\r][\n]"
22:09:42.865 [main] DEBUG org.apache.http.wire -  >> "Host: localhost:8080[\r][\n]"
22:09:42.865 [main] DEBUG org.apache.http.wire -  >> "Connection: Keep-Alive[\r][\n]"
22:09:42.865 [main] DEBUG org.apache.http.wire -  >> "User-Agent: Apache-HttpClient/4.5.3 (Java/13.0.5.1)[\r][\n]"
22:09:42.865 [main] DEBUG org.apache.http.wire -  >> "Accept-Encoding: gzip,deflate[\r][\n]"
22:09:42.865 [main] DEBUG org.apache.http.wire -  >> "[\r][\n]"
22:09:42.865 [main] DEBUG org.apache.http.headers - >> GET /2?b=12&c=6&a=20 HTTP/1.1
22:09:42.865 [main] DEBUG org.apache.http.headers - >> Accept: */*
22:09:42.865 [main] DEBUG org.apache.http.headers - >> Host: localhost:8080
22:09:42.865 [main] DEBUG org.apache.http.headers - >> Connection: Keep-Alive
22:09:42.865 [main] DEBUG org.apache.http.headers - >> User-Agent: Apache-HttpClient/4.5.3 (Java/13.0.5.1)
22:09:42.865 [main] DEBUG org.apache.http.headers - >> Accept-Encoding: gzip,deflate
22:09:42.885 [main] DEBUG org.apache.http.wire -  << "HTTP/1.1 200 OK[\r][\n]"
22:09:42.885 [main] DEBUG org.apache.http.wire -  << "Server: Apache-Coyote/1.1[\r][\n]"
22:09:42.885 [main] DEBUG org.apache.http.wire -  << "Content-Type: text/plain;charset=UTF-8[\r][\n]"
22:09:42.885 [main] DEBUG org.apache.http.wire -  << "Content-Length: 6[\r][\n]"
22:09:42.885 [main] DEBUG org.apache.http.wire -  << "Date: Sun, 07 Feb 2021 21:09:42 GMT[\r][\n]"
22:09:42.885 [main] DEBUG org.apache.http.wire -  << "[\r][\n]"
22:09:42.885 [main] DEBUG o.a.h.i.conn.DefaultClientConnection - Receiving response: HTTP/1.1 200 OK
22:09:42.885 [main] DEBUG org.apache.http.headers - << HTTP/1.1 200 OK
22:09:42.885 [main] DEBUG org.apache.http.headers - << Server: Apache-Coyote/1.1
22:09:42.885 [main] DEBUG org.apache.http.headers - << Content-Type: text/plain;charset=UTF-8
22:09:42.885 [main] DEBUG org.apache.http.headers - << Content-Length: 6
22:09:42.885 [main] DEBUG org.apache.http.headers - << Date: Sun, 07 Feb 2021 21:09:42 GMT
22:09:42.885 [main] DEBUG o.a.h.impl.client.DefaultHttpClient - Connection can be kept alive indefinitely
22:09:42.885 [main] DEBUG i.r.i.RequestSpecificationImpl$RestAssuredHttpBuilder - Parsing response as: text/plain;charset=UTF-8
22:09:42.885 [main] DEBUG i.r.i.RequestSpecificationImpl$RestAssuredHttpBuilder - Parsed data to instance of: class org.apache.http.conn.EofSensorInputStream
22:09:42.885 [main] DEBUG org.apache.http.wire -  << "a:3000"
22:09:42.885 [main] DEBUG o.a.h.i.c.BasicClientConnectionManager - Releasing connection org.apache.http.impl.conn.ManagedClientConnectionImpl@195498aa
22:09:42.885 [main] DEBUG o.a.h.i.c.BasicClientConnectionManager - Connection can be kept alive indefinitely
22:09:42.887 [main] DEBUG o.a.h.i.c.BasicClientConnectionManager - Get connection for route {}->http://localhost:8080
22:09:42.887 [main] DEBUG o.a.h.i.c.DefaultClientConnectionOperator - Connecting to localhost:8080
22:09:42.887 [main] DEBUG o.a.h.c.protocol.RequestAddCookies - CookieSpec selected: ignoreCookies
22:09:42.887 [main] DEBUG o.a.h.c.protocol.RequestAuthCache - Auth cache not set in the context
22:09:42.887 [main] DEBUG o.a.h.c.p.RequestTargetAuthentication - Target auth state: UNCHALLENGED
22:09:42.887 [main] DEBUG o.a.h.c.p.RequestProxyAuthentication - Proxy auth state: UNCHALLENGED
22:09:42.887 [main] DEBUG o.a.h.impl.client.DefaultHttpClient - Attempt 1 to execute request
22:09:42.887 [main] DEBUG o.a.h.i.conn.DefaultClientConnection - Sending request: GET /2?b=12&c=6&a=20 HTTP/1.1
22:09:42.887 [main] DEBUG org.apache.http.wire -  >> "GET /2?b=12&c=6&a=20 HTTP/1.1[\r][\n]"
22:09:42.887 [main] DEBUG org.apache.http.wire -  >> "Accept: */*[\r][\n]"
22:09:42.887 [main] DEBUG org.apache.http.wire -  >> "Host: localhost:8080[\r][\n]"
22:09:42.887 [main] DEBUG org.apache.http.wire -  >> "Connection: Keep-Alive[\r][\n]"
22:09:42.887 [main] DEBUG org.apache.http.wire -  >> "User-Agent: Apache-HttpClient/4.5.3 (Java/13.0.5.1)[\r][\n]"
22:09:42.887 [main] DEBUG org.apache.http.wire -  >> "Accept-Encoding: gzip,deflate[\r][\n]"
22:09:42.887 [main] DEBUG org.apache.http.wire -  >> "[\r][\n]"
22:09:42.887 [main] DEBUG org.apache.http.headers - >> GET /2?b=12&c=6&a=20 HTTP/1.1
22:09:42.887 [main] DEBUG org.apache.http.headers - >> Accept: */*
22:09:42.887 [main] DEBUG org.apache.http.headers - >> Host: localhost:8080
22:09:42.887 [main] DEBUG org.apache.http.headers - >> Connection: Keep-Alive
22:09:42.887 [main] DEBUG org.apache.http.headers - >> User-Agent: Apache-HttpClient/4.5.3 (Java/13.0.5.1)
22:09:42.887 [main] DEBUG org.apache.http.headers - >> Accept-Encoding: gzip,deflate
22:09:42.905 [main] DEBUG org.apache.http.wire -  << "HTTP/1.1 200 OK[\r][\n]"
22:09:42.905 [main] DEBUG org.apache.http.wire -  << "Server: Apache-Coyote/1.1[\r][\n]"
22:09:42.905 [main] DEBUG org.apache.http.wire -  << "Content-Type: text/plain;charset=UTF-8[\r][\n]"
22:09:42.905 [main] DEBUG org.apache.http.wire -  << "Content-Length: 6[\r][\n]"
22:09:42.905 [main] DEBUG org.apache.http.wire -  << "Date: Sun, 07 Feb 2021 21:09:42 GMT[\r][\n]"
22:09:42.905 [main] DEBUG org.apache.http.wire -  << "[\r][\n]"
22:09:42.905 [main] DEBUG o.a.h.i.conn.DefaultClientConnection - Receiving response: HTTP/1.1 200 OK
22:09:42.905 [main] DEBUG org.apache.http.headers - << HTTP/1.1 200 OK
22:09:42.905 [main] DEBUG org.apache.http.headers - << Server: Apache-Coyote/1.1
22:09:42.905 [main] DEBUG org.apache.http.headers - << Content-Type: text/plain;charset=UTF-8
22:09:42.905 [main] DEBUG org.apache.http.headers - << Content-Length: 6
22:09:42.905 [main] DEBUG org.apache.http.headers - << Date: Sun, 07 Feb 2021 21:09:42 GMT
22:09:42.905 [main] DEBUG o.a.h.impl.client.DefaultHttpClient - Connection can be kept alive indefinitely
22:09:42.905 [main] DEBUG i.r.i.RequestSpecificationImpl$RestAssuredHttpBuilder - Parsing response as: text/plain;charset=UTF-8
22:09:42.905 [main] DEBUG i.r.i.RequestSpecificationImpl$RestAssuredHttpBuilder - Parsed data to instance of: class org.apache.http.conn.EofSensorInputStream
22:09:42.905 [main] DEBUG org.apache.http.wire -  << "a:3000"
22:09:42.905 [main] DEBUG o.a.h.i.c.BasicClientConnectionManager - Releasing connection org.apache.http.impl.conn.ManagedClientConnectionImpl@68821f6
22:09:42.905 [main] DEBUG o.a.h.i.c.BasicClientConnectionManager - Connection can be kept alive indefinitely
22:09:42.913 [Finalizer] DEBUG o.a.h.i.conn.DefaultClientConnection - Connection 0.0.0.0:65164<->127.0.0.1:8080 closed
22:09:42.913 [Finalizer] DEBUG o.a.h.i.conn.DefaultClientConnection - Connection 0.0.0.0:65322<->127.0.0.1:8080 closed
22:09:42.913 [Finalizer] DEBUG o.a.h.i.conn.DefaultClientConnection - Connection 0.0.0.0:65321<->127.0.0.1:8080 closed
22:09:42.913 [Finalizer] DEBUG o.a.h.i.conn.DefaultClientConnection - Connection 0.0.0.0:65320<->127.0.0.1:8080 closed
22:09:42.913 [Finalizer] DEBUG o.a.h.i.conn.DefaultClientConnection - Connection 0.0.0.0:65319<->127.0.0.1:8080 closed
22:09:42.913 [Finalizer] DEBUG o.a.h.i.conn.DefaultClientConnection - Connection 0.0.0.0:65318<->127.0.0.1:8080 closed
22:09:42.913 [Finalizer] DEBUG o.a.h.i.conn.DefaultClientConnection - Connection 0.0.0.0:65317<->127.0.0.1:8080 closed
22:09:42.913 [Finalizer] DEBUG o.a.h.i.conn.DefaultClientConnection - Connection 0.0.0.0:65316<->127.0.0.1:8080 closed
22:09:42.914 [Finalizer] DEBUG o.a.h.i.conn.DefaultClientConnection - Connection 0.0.0.0:65315<->127.0.0.1:8080 closed
22:09:42.914 [Finalizer] DEBUG o.a.h.i.conn.DefaultClientConnection - Connection 0.0.0.0:65314<->127.0.0.1:8080 closed
22:09:42.914 [Finalizer] DEBUG o.a.h.i.conn.DefaultClientConnection - Connection 0.0.0.0:65313<->127.0.0.1:8080 closed
22:09:42.914 [Finalizer] DEBUG o.a.h.i.conn.DefaultClientConnection - Connection 0.0.0.0:65312<->127.0.0.1:8080 closed
22:09:42.914 [Finalizer] DEBUG o.a.h.i.conn.DefaultClientConnection - Connection 0.0.0.0:65311<->127.0.0.1:8080 closed
22:09:42.914 [Finalizer] DEBUG o.a.h.i.conn.DefaultClientConnection - Connection 0.0.0.0:65310<->127.0.0.1:8080 closed
22:09:42.914 [Finalizer] DEBUG o.a.h.i.conn.DefaultClientConnection - Connection 0.0.0.0:65309<->127.0.0.1:8080 closed
22:09:42.914 [Finalizer] DEBUG o.a.h.i.conn.DefaultClientConnection - Connection 0.0.0.0:65308<->127.0.0.1:8080 closed
22:09:42.914 [Finalizer] DEBUG o.a.h.i.conn.DefaultClientConnection - Connection 0.0.0.0:65307<->127.0.0.1:8080 closed
22:09:42.914 [Finalizer] DEBUG o.a.h.i.conn.DefaultClientConnection - Connection 0.0.0.0:65306<->127.0.0.1:8080 closed
22:09:42.914 [Finalizer] DEBUG o.a.h.i.conn.DefaultClientConnection - Connection 0.0.0.0:65305<->127.0.0.1:8080 closed
22:09:42.914 [Finalizer] DEBUG o.a.h.i.conn.DefaultClientConnection - Connection 0.0.0.0:65304<->127.0.0.1:8080 closed
22:09:42.914 [Finalizer] DEBUG o.a.h.i.conn.DefaultClientConnection - Connection 0.0.0.0:65303<->127.0.0.1:8080 closed
22:09:42.914 [Finalizer] DEBUG o.a.h.i.conn.DefaultClientConnection - Connection 0.0.0.0:65302<->127.0.0.1:8080 closed
22:09:42.914 [Finalizer] DEBUG o.a.h.i.conn.DefaultClientConnection - Connection 0.0.0.0:65301<->127.0.0.1:8080 closed
22:09:42.914 [Finalizer] DEBUG o.a.h.i.conn.DefaultClientConnection - Connection 0.0.0.0:65300<->127.0.0.1:8080 closed
22:09:42.914 [Finalizer] DEBUG o.a.h.i.conn.DefaultClientConnection - Connection 0.0.0.0:65299<->127.0.0.1:8080 closed
22:09:42.915 [Finalizer] DEBUG o.a.h.i.conn.DefaultClientConnection - Connection 0.0.0.0:65298<->127.0.0.1:8080 closed
22:09:42.915 [Finalizer] DEBUG o.a.h.i.conn.DefaultClientConnection - Connection 0.0.0.0:65297<->127.0.0.1:8080 closed
22:09:42.915 [Finalizer] DEBUG o.a.h.i.conn.DefaultClientConnection - Connection 0.0.0.0:65296<->127.0.0.1:8080 closed
22:09:42.915 [Finalizer] DEBUG o.a.h.i.conn.DefaultClientConnection - Connection 0.0.0.0:65295<->127.0.0.1:8080 closed
22:09:42.915 [Finalizer] DEBUG o.a.h.i.conn.DefaultClientConnection - Connection 0.0.0.0:65294<->127.0.0.1:8080 closed
22:09:42.915 [Finalizer] DEBUG o.a.h.i.conn.DefaultClientConnection - Connection 0.0.0.0:65293<->127.0.0.1:8080 closed
22:09:42.915 [Finalizer] DEBUG o.a.h.i.conn.DefaultClientConnection - Connection 0.0.0.0:65292<->127.0.0.1:8080 closed
22:09:42.915 [Finalizer] DEBUG o.a.h.i.conn.DefaultClientConnection - Connection 0.0.0.0:65291<->127.0.0.1:8080 closed
22:09:42.915 [Finalizer] DEBUG o.a.h.i.conn.DefaultClientConnection - Connection 0.0.0.0:65290<->127.0.0.1:8080 closed
22:09:42.915 [main] DEBUG o.a.h.i.c.BasicClientConnectionManager - Get connection for route {}->http://localhost:8080
22:09:42.915 [Finalizer] DEBUG o.a.h.i.conn.DefaultClientConnection - Connection 0.0.0.0:65289<->127.0.0.1:8080 closed
22:09:42.915 [main] DEBUG o.a.h.i.c.DefaultClientConnectionOperator - Connecting to localhost:8080
22:09:42.915 [Finalizer] DEBUG o.a.h.i.conn.DefaultClientConnection - Connection 0.0.0.0:65288<->127.0.0.1:8080 closed
22:09:42.915 [Finalizer] DEBUG o.a.h.i.conn.DefaultClientConnection - Connection 0.0.0.0:65287<->127.0.0.1:8080 closed
22:09:42.915 [Finalizer] DEBUG o.a.h.i.conn.DefaultClientConnection - Connection 0.0.0.0:65286<->127.0.0.1:8080 closed
22:09:42.915 [Finalizer] DEBUG o.a.h.i.conn.DefaultClientConnection - Connection 0.0.0.0:65285<->127.0.0.1:8080 closed
22:09:42.915 [Finalizer] DEBUG o.a.h.i.conn.DefaultClientConnection - Connection 0.0.0.0:65284<->127.0.0.1:8080 closed
22:09:42.915 [Finalizer] DEBUG o.a.h.i.conn.DefaultClientConnection - Connection 0.0.0.0:65283<->127.0.0.1:8080 closed
22:09:42.915 [Finalizer] DEBUG o.a.h.i.conn.DefaultClientConnection - Connection 0.0.0.0:65282<->127.0.0.1:8080 closed
22:09:42.915 [Finalizer] DEBUG o.a.h.i.conn.DefaultClientConnection - Connection 0.0.0.0:65281<->127.0.0.1:8080 closed
22:09:42.915 [Finalizer] DEBUG o.a.h.i.conn.DefaultClientConnection - Connection 0.0.0.0:65280<->127.0.0.1:8080 closed
22:09:42.916 [Finalizer] DEBUG o.a.h.i.conn.DefaultClientConnection - Connection 0.0.0.0:65276<->127.0.0.1:8080 closed
22:09:42.916 [main] DEBUG o.a.h.c.protocol.RequestAddCookies - CookieSpec selected: ignoreCookies
22:09:42.916 [main] DEBUG o.a.h.c.protocol.RequestAuthCache - Auth cache not set in the context
22:09:42.916 [main] DEBUG o.a.h.c.p.RequestTargetAuthentication - Target auth state: UNCHALLENGED
22:09:42.916 [Finalizer] DEBUG o.a.h.i.conn.DefaultClientConnection - Connection 0.0.0.0:65275<->127.0.0.1:8080 closed
22:09:42.916 [main] DEBUG o.a.h.c.p.RequestProxyAuthentication - Proxy auth state: UNCHALLENGED
22:09:42.916 [main] DEBUG o.a.h.impl.client.DefaultHttpClient - Attempt 1 to execute request
22:09:42.916 [main] DEBUG o.a.h.i.conn.DefaultClientConnection - Sending request: GET /2?b=12&c=6&a=20 HTTP/1.1
22:09:42.916 [main] DEBUG org.apache.http.wire -  >> "GET /2?b=12&c=6&a=20 HTTP/1.1[\r][\n]"
22:09:42.916 [Finalizer] DEBUG o.a.h.i.conn.DefaultClientConnection - Connection 0.0.0.0:65274<->127.0.0.1:8080 closed
22:09:42.916 [main] DEBUG org.apache.http.wire -  >> "Accept: */*[\r][\n]"
22:09:42.916 [main] DEBUG org.apache.http.wire -  >> "Host: localhost:8080[\r][\n]"
22:09:42.916 [main] DEBUG org.apache.http.wire -  >> "Connection: Keep-Alive[\r][\n]"
22:09:42.916 [main] DEBUG org.apache.http.wire -  >> "User-Agent: Apache-HttpClient/4.5.3 (Java/13.0.5.1)[\r][\n]"
22:09:42.916 [main] DEBUG org.apache.http.wire -  >> "Accept-Encoding: gzip,deflate[\r][\n]"
22:09:42.916 [main] DEBUG org.apache.http.wire -  >> "[\r][\n]"
22:09:42.916 [main] DEBUG org.apache.http.headers - >> GET /2?b=12&c=6&a=20 HTTP/1.1
22:09:42.916 [main] DEBUG org.apache.http.headers - >> Accept: */*
22:09:42.916 [main] DEBUG org.apache.http.headers - >> Host: localhost:8080
22:09:42.916 [main] DEBUG org.apache.http.headers - >> Connection: Keep-Alive
22:09:42.916 [main] DEBUG org.apache.http.headers - >> User-Agent: Apache-HttpClient/4.5.3 (Java/13.0.5.1)
22:09:42.916 [main] DEBUG org.apache.http.headers - >> Accept-Encoding: gzip,deflate
22:09:42.916 [Finalizer] DEBUG o.a.h.i.conn.DefaultClientConnection - Connection 0.0.0.0:65273<->127.0.0.1:8080 closed
22:09:42.916 [Finalizer] DEBUG o.a.h.i.conn.DefaultClientConnection - Connection 0.0.0.0:65272<->127.0.0.1:8080 closed
22:09:42.916 [Finalizer] DEBUG o.a.h.i.conn.DefaultClientConnection - Connection 0.0.0.0:65271<->127.0.0.1:8080 closed
22:09:42.916 [Finalizer] DEBUG o.a.h.i.conn.DefaultClientConnection - Connection 0.0.0.0:65270<->127.0.0.1:8080 closed
22:09:42.916 [Finalizer] DEBUG o.a.h.i.conn.DefaultClientConnection - Connection 0.0.0.0:65269<->127.0.0.1:8080 closed
22:09:42.916 [Finalizer] DEBUG o.a.h.i.conn.DefaultClientConnection - Connection 0.0.0.0:65268<->127.0.0.1:8080 closed
22:09:42.916 [Finalizer] DEBUG o.a.h.i.conn.DefaultClientConnection - Connection 0.0.0.0:65267<->127.0.0.1:8080 closed
22:09:42.916 [Finalizer] DEBUG o.a.h.i.conn.DefaultClientConnection - Connection 0.0.0.0:65266<->127.0.0.1:8080 closed
22:09:42.916 [Finalizer] DEBUG o.a.h.i.conn.DefaultClientConnection - Connection 0.0.0.0:65265<->127.0.0.1:8080 closed
22:09:42.916 [Finalizer] DEBUG o.a.h.i.conn.DefaultClientConnection - Connection 0.0.0.0:65264<->127.0.0.1:8080 closed
22:09:42.916 [Finalizer] DEBUG o.a.h.i.conn.DefaultClientConnection - Connection 0.0.0.0:65263<->127.0.0.1:8080 closed
22:09:42.916 [Finalizer] DEBUG o.a.h.i.conn.DefaultClientConnection - Connection 0.0.0.0:65262<->127.0.0.1:8080 closed
22:09:42.916 [Finalizer] DEBUG o.a.h.i.conn.DefaultClientConnection - Connection 0.0.0.0:65261<->127.0.0.1:8080 closed
22:09:42.917 [Finalizer] DEBUG o.a.h.i.conn.DefaultClientConnection - Connection 0.0.0.0:65260<->127.0.0.1:8080 closed
22:09:42.917 [Finalizer] DEBUG o.a.h.i.conn.DefaultClientConnection - Connection 0.0.0.0:65259<->127.0.0.1:8080 closed
22:09:42.917 [Finalizer] DEBUG o.a.h.i.conn.DefaultClientConnection - Connection 0.0.0.0:65258<->127.0.0.1:8080 closed
22:09:42.917 [Finalizer] DEBUG o.a.h.i.conn.DefaultClientConnection - Connection 0.0.0.0:65257<->127.0.0.1:8080 closed
22:09:42.917 [Finalizer] DEBUG o.a.h.i.conn.DefaultClientConnection - Connection 0.0.0.0:65256<->127.0.0.1:8080 closed
22:09:42.917 [Finalizer] DEBUG o.a.h.i.conn.DefaultClientConnection - Connection 0.0.0.0:65255<->127.0.0.1:8080 closed
22:09:42.917 [Finalizer] DEBUG o.a.h.i.conn.DefaultClientConnection - Connection 0.0.0.0:65254<->127.0.0.1:8080 closed
22:09:42.917 [Finalizer] DEBUG o.a.h.i.conn.DefaultClientConnection - Connection 0.0.0.0:65253<->127.0.0.1:8080 closed
22:09:42.917 [Finalizer] DEBUG o.a.h.i.conn.DefaultClientConnection - Connection 0.0.0.0:65252<->127.0.0.1:8080 closed
22:09:42.917 [Finalizer] DEBUG o.a.h.i.conn.DefaultClientConnection - Connection 0.0.0.0:65251<->127.0.0.1:8080 closed
22:09:42.917 [Finalizer] DEBUG o.a.h.i.conn.DefaultClientConnection - Connection 0.0.0.0:65250<->127.0.0.1:8080 closed
22:09:42.917 [Finalizer] DEBUG o.a.h.i.conn.DefaultClientConnection - Connection 0.0.0.0:65249<->127.0.0.1:8080 closed
22:09:42.917 [Finalizer] DEBUG o.a.h.i.conn.DefaultClientConnection - Connection 0.0.0.0:65248<->127.0.0.1:8080 closed
22:09:42.917 [Finalizer] DEBUG o.a.h.i.conn.DefaultClientConnection - Connection 0.0.0.0:65247<->127.0.0.1:8080 closed
22:09:42.917 [Finalizer] DEBUG o.a.h.i.conn.DefaultClientConnection - Connection 0.0.0.0:65246<->127.0.0.1:8080 closed
22:09:42.917 [Finalizer] DEBUG o.a.h.i.conn.DefaultClientConnection - Connection 0.0.0.0:65245<->127.0.0.1:8080 closed
22:09:42.917 [Finalizer] DEBUG o.a.h.i.conn.DefaultClientConnection - Connection 0.0.0.0:65244<->127.0.0.1:8080 closed
22:09:42.918 [Finalizer] DEBUG o.a.h.i.conn.DefaultClientConnection - Connection 0.0.0.0:65243<->127.0.0.1:8080 closed
22:09:42.918 [Finalizer] DEBUG o.a.h.i.conn.DefaultClientConnection - Connection 0.0.0.0:65242<->127.0.0.1:8080 closed
22:09:42.918 [Finalizer] DEBUG o.a.h.i.conn.DefaultClientConnection - Connection 0.0.0.0:65241<->127.0.0.1:8080 closed
22:09:42.918 [Finalizer] DEBUG o.a.h.i.conn.DefaultClientConnection - Connection 0.0.0.0:65240<->127.0.0.1:8080 closed
22:09:42.918 [Finalizer] DEBUG o.a.h.i.conn.DefaultClientConnection - Connection 0.0.0.0:65239<->127.0.0.1:8080 closed
22:09:42.918 [Finalizer] DEBUG o.a.h.i.conn.DefaultClientConnection - Connection 0.0.0.0:65238<->127.0.0.1:8080 closed
22:09:42.918 [Finalizer] DEBUG o.a.h.i.conn.DefaultClientConnection - Connection 0.0.0.0:65237<->127.0.0.1:8080 closed
22:09:42.918 [Finalizer] DEBUG o.a.h.i.conn.DefaultClientConnection - Connection 0.0.0.0:65236<->127.0.0.1:8080 closed
22:09:42.918 [Finalizer] DEBUG o.a.h.i.conn.DefaultClientConnection - Connection 0.0.0.0:65235<->127.0.0.1:8080 closed
22:09:42.918 [Finalizer] DEBUG o.a.h.i.conn.DefaultClientConnection - Connection 0.0.0.0:65234<->127.0.0.1:8080 closed
22:09:42.918 [Finalizer] DEBUG o.a.h.i.conn.DefaultClientConnection - Connection 0.0.0.0:65233<->127.0.0.1:8080 closed
22:09:42.918 [Finalizer] DEBUG o.a.h.i.conn.DefaultClientConnection - Connection 0.0.0.0:65232<->127.0.0.1:8080 closed
22:09:42.918 [Finalizer] DEBUG o.a.h.i.conn.DefaultClientConnection - Connection 0.0.0.0:65231<->127.0.0.1:8080 closed
22:09:42.918 [Finalizer] DEBUG o.a.h.i.conn.DefaultClientConnection - Connection 0.0.0.0:65230<->127.0.0.1:8080 closed
22:09:42.918 [Finalizer] DEBUG o.a.h.i.conn.DefaultClientConnection - Connection 0.0.0.0:65229<->127.0.0.1:8080 closed
22:09:42.918 [Finalizer] DEBUG o.a.h.i.conn.DefaultClientConnection - Connection 0.0.0.0:65228<->127.0.0.1:8080 closed
22:09:42.918 [Finalizer] DEBUG o.a.h.i.conn.DefaultClientConnection - Connection 0.0.0.0:65227<->127.0.0.1:8080 closed
22:09:42.918 [Finalizer] DEBUG o.a.h.i.conn.DefaultClientConnection - Connection 0.0.0.0:65226<->127.0.0.1:8080 closed
22:09:42.919 [Finalizer] DEBUG o.a.h.i.conn.DefaultClientConnection - Connection 0.0.0.0:65225<->127.0.0.1:8080 closed
22:09:42.919 [Finalizer] DEBUG o.a.h.i.conn.DefaultClientConnection - Connection 0.0.0.0:65224<->127.0.0.1:8080 closed
22:09:42.919 [Finalizer] DEBUG o.a.h.i.conn.DefaultClientConnection - Connection 0.0.0.0:65223<->127.0.0.1:8080 closed
22:09:42.919 [Finalizer] DEBUG o.a.h.i.conn.DefaultClientConnection - Connection 0.0.0.0:65222<->127.0.0.1:8080 closed
22:09:42.919 [Finalizer] DEBUG o.a.h.i.conn.DefaultClientConnection - Connection 0.0.0.0:65221<->127.0.0.1:8080 closed
22:09:42.919 [Finalizer] DEBUG o.a.h.i.conn.DefaultClientConnection - Connection 0.0.0.0:65220<->127.0.0.1:8080 closed
22:09:42.919 [Finalizer] DEBUG o.a.h.i.conn.DefaultClientConnection - Connection 0.0.0.0:65219<->127.0.0.1:8080 closed
22:09:42.919 [Finalizer] DEBUG o.a.h.i.conn.DefaultClientConnection - Connection 0.0.0.0:65218<->127.0.0.1:8080 closed
22:09:42.919 [Finalizer] DEBUG o.a.h.i.conn.DefaultClientConnection - Connection 0.0.0.0:65217<->127.0.0.1:8080 closed
22:09:42.919 [Finalizer] DEBUG o.a.h.i.conn.DefaultClientConnection - Connection 0.0.0.0:65216<->127.0.0.1:8080 closed
22:09:42.919 [Finalizer] DEBUG o.a.h.i.conn.DefaultClientConnection - Connection 0.0.0.0:65215<->127.0.0.1:8080 closed
22:09:42.919 [Finalizer] DEBUG o.a.h.i.conn.DefaultClientConnection - Connection 0.0.0.0:65214<->127.0.0.1:8080 closed
22:09:42.919 [Finalizer] DEBUG o.a.h.i.conn.DefaultClientConnection - Connection 0.0.0.0:65213<->127.0.0.1:8080 closed
22:09:42.919 [Finalizer] DEBUG o.a.h.i.conn.DefaultClientConnection - Connection 0.0.0.0:65212<->127.0.0.1:8080 closed
22:09:42.919 [Finalizer] DEBUG o.a.h.i.conn.DefaultClientConnection - Connection 0.0.0.0:65211<->127.0.0.1:8080 closed
22:09:42.919 [Finalizer] DEBUG o.a.h.i.conn.DefaultClientConnection - Connection 0.0.0.0:65210<->127.0.0.1:8080 closed
22:09:42.919 [Finalizer] DEBUG o.a.h.i.conn.DefaultClientConnection - Connection 0.0.0.0:65209<->127.0.0.1:8080 closed
22:09:42.920 [Finalizer] DEBUG o.a.h.i.conn.DefaultClientConnection - Connection 0.0.0.0:65208<->127.0.0.1:8080 closed
22:09:42.920 [Finalizer] DEBUG o.a.h.i.conn.DefaultClientConnection - Connection 0.0.0.0:65207<->127.0.0.1:8080 closed
22:09:42.920 [Finalizer] DEBUG o.a.h.i.conn.DefaultClientConnection - Connection 0.0.0.0:65206<->127.0.0.1:8080 closed
22:09:42.920 [Finalizer] DEBUG o.a.h.i.conn.DefaultClientConnection - Connection 0.0.0.0:65205<->127.0.0.1:8080 closed
22:09:42.920 [Finalizer] DEBUG o.a.h.i.conn.DefaultClientConnection - Connection 0.0.0.0:65204<->127.0.0.1:8080 closed
22:09:42.920 [Finalizer] DEBUG o.a.h.i.conn.DefaultClientConnection - Connection 0.0.0.0:65203<->127.0.0.1:8080 closed
22:09:42.920 [Finalizer] DEBUG o.a.h.i.conn.DefaultClientConnection - Connection 0.0.0.0:65202<->127.0.0.1:8080 closed
22:09:42.920 [Finalizer] DEBUG o.a.h.i.conn.DefaultClientConnection - Connection 0.0.0.0:65201<->127.0.0.1:8080 closed
22:09:42.920 [Finalizer] DEBUG o.a.h.i.conn.DefaultClientConnection - Connection 0.0.0.0:65200<->127.0.0.1:8080 closed
22:09:42.920 [Finalizer] DEBUG o.a.h.i.conn.DefaultClientConnection - Connection 0.0.0.0:65199<->127.0.0.1:8080 closed
22:09:42.920 [Finalizer] DEBUG o.a.h.i.conn.DefaultClientConnection - Connection 0.0.0.0:65198<->127.0.0.1:8080 closed
22:09:42.920 [Finalizer] DEBUG o.a.h.i.conn.DefaultClientConnection - Connection 0.0.0.0:65197<->127.0.0.1:8080 closed
22:09:42.920 [Finalizer] DEBUG o.a.h.i.conn.DefaultClientConnection - Connection 0.0.0.0:65196<->127.0.0.1:8080 closed
22:09:42.920 [Finalizer] DEBUG o.a.h.i.conn.DefaultClientConnection - Connection 0.0.0.0:65195<->127.0.0.1:8080 closed
22:09:42.920 [Finalizer] DEBUG o.a.h.i.conn.DefaultClientConnection - Connection 0.0.0.0:65194<->127.0.0.1:8080 closed
22:09:42.920 [Finalizer] DEBUG o.a.h.i.conn.DefaultClientConnection - Connection 0.0.0.0:65193<->127.0.0.1:8080 closed
22:09:42.920 [Finalizer] DEBUG o.a.h.i.conn.DefaultClientConnection - Connection 0.0.0.0:65192<->127.0.0.1:8080 closed
22:09:42.921 [Finalizer] DEBUG o.a.h.i.conn.DefaultClientConnection - Connection 0.0.0.0:65191<->127.0.0.1:8080 closed
22:09:42.921 [Finalizer] DEBUG o.a.h.i.conn.DefaultClientConnection - Connection 0.0.0.0:65190<->127.0.0.1:8080 closed
22:09:42.921 [Finalizer] DEBUG o.a.h.i.conn.DefaultClientConnection - Connection 0.0.0.0:65189<->127.0.0.1:8080 closed
22:09:42.921 [Finalizer] DEBUG o.a.h.i.conn.DefaultClientConnection - Connection 0.0.0.0:65188<->127.0.0.1:8080 closed
22:09:42.921 [Finalizer] DEBUG o.a.h.i.conn.DefaultClientConnection - Connection 0.0.0.0:65187<->127.0.0.1:8080 closed
22:09:42.921 [Finalizer] DEBUG o.a.h.i.conn.DefaultClientConnection - Connection 0.0.0.0:65186<->127.0.0.1:8080 closed
22:09:42.921 [Finalizer] DEBUG o.a.h.i.conn.DefaultClientConnection - Connection 0.0.0.0:65185<->127.0.0.1:8080 closed
22:09:42.921 [Finalizer] DEBUG o.a.h.i.conn.DefaultClientConnection - Connection 0.0.0.0:65184<->127.0.0.1:8080 closed
22:09:42.921 [Finalizer] DEBUG o.a.h.i.conn.DefaultClientConnection - Connection 0.0.0.0:65183<->127.0.0.1:8080 closed
22:09:42.921 [Finalizer] DEBUG o.a.h.i.conn.DefaultClientConnection - Connection 0.0.0.0:65182<->127.0.0.1:8080 closed
22:09:42.921 [Finalizer] DEBUG o.a.h.i.conn.DefaultClientConnection - Connection 0.0.0.0:65181<->127.0.0.1:8080 closed
22:09:42.921 [Finalizer] DEBUG o.a.h.i.conn.DefaultClientConnection - Connection 0.0.0.0:65180<->127.0.0.1:8080 closed
22:09:42.921 [Finalizer] DEBUG o.a.h.i.conn.DefaultClientConnection - Connection 0.0.0.0:65179<->127.0.0.1:8080 closed
22:09:42.921 [Finalizer] DEBUG o.a.h.i.conn.DefaultClientConnection - Connection 0.0.0.0:65178<->127.0.0.1:8080 closed
22:09:42.921 [Finalizer] DEBUG o.a.h.i.conn.DefaultClientConnection - Connection 0.0.0.0:65177<->127.0.0.1:8080 closed
22:09:42.921 [Finalizer] DEBUG o.a.h.i.conn.DefaultClientConnection - Connection 0.0.0.0:65173<->127.0.0.1:8080 closed
22:09:42.922 [Finalizer] DEBUG o.a.h.i.conn.DefaultClientConnection - Connection 0.0.0.0:65172<->127.0.0.1:8080 closed
22:09:42.922 [Finalizer] DEBUG o.a.h.i.conn.DefaultClientConnection - Connection 0.0.0.0:65171<->127.0.0.1:8080 closed
22:09:42.922 [Finalizer] DEBUG o.a.h.i.conn.DefaultClientConnection - Connection 0.0.0.0:65170<->127.0.0.1:8080 closed
22:09:42.922 [Finalizer] DEBUG o.a.h.i.conn.DefaultClientConnection - Connection 0.0.0.0:65169<->127.0.0.1:8080 closed
22:09:42.922 [Finalizer] DEBUG o.a.h.i.conn.DefaultClientConnection - Connection 0.0.0.0:65168<->127.0.0.1:8080 closed
22:09:42.922 [Finalizer] DEBUG o.a.h.i.conn.DefaultClientConnection - Connection 0.0.0.0:65167<->127.0.0.1:8080 closed
22:09:42.922 [Finalizer] DEBUG o.a.h.i.conn.DefaultClientConnection - Connection 0.0.0.0:65166<->127.0.0.1:8080 closed
22:09:42.922 [Finalizer] DEBUG o.a.h.i.conn.DefaultClientConnection - Connection 0.0.0.0:65165<->127.0.0.1:8080 closed
22:09:42.922 [Finalizer] DEBUG o.a.h.i.conn.DefaultClientConnection - Connection 0.0.0.0:65163<->127.0.0.1:8080 closed
22:09:42.922 [Finalizer] DEBUG o.a.h.i.conn.DefaultClientConnection - Connection 0.0.0.0:65162<->127.0.0.1:8080 closed
22:09:42.922 [Finalizer] DEBUG o.a.h.i.conn.DefaultClientConnection - Connection 0.0.0.0:65161<->127.0.0.1:8080 closed
22:09:42.922 [Finalizer] DEBUG o.a.h.i.conn.DefaultClientConnection - Connection 0.0.0.0:65160<->127.0.0.1:8080 closed
22:09:42.922 [Finalizer] DEBUG o.a.h.i.conn.DefaultClientConnection - Connection 0.0.0.0:65159<->127.0.0.1:8080 closed
22:09:42.923 [Finalizer] DEBUG o.a.h.i.conn.DefaultClientConnection - Connection 0.0.0.0:65158<->127.0.0.1:8080 closed
22:09:42.923 [Finalizer] DEBUG o.a.h.i.conn.DefaultClientConnection - Connection 0.0.0.0:65157<->127.0.0.1:8080 closed
22:09:42.923 [Finalizer] DEBUG o.a.h.i.conn.DefaultClientConnection - Connection 0.0.0.0:65156<->127.0.0.1:8080 closed
22:09:42.923 [Finalizer] DEBUG o.a.h.i.conn.DefaultClientConnection - Connection 0.0.0.0:65155<->127.0.0.1:8080 closed
22:09:42.923 [Finalizer] DEBUG o.a.h.i.conn.DefaultClientConnection - Connection 0.0.0.0:65154<->127.0.0.1:8080 closed
22:09:42.923 [Finalizer] DEBUG o.a.h.i.conn.DefaultClientConnection - Connection 0.0.0.0:65153<->127.0.0.1:8080 closed
22:09:42.923 [Finalizer] DEBUG o.a.h.i.conn.DefaultClientConnection - Connection 0.0.0.0:65152<->127.0.0.1:8080 closed
22:09:42.923 [Finalizer] DEBUG o.a.h.i.conn.DefaultClientConnection - Connection 0.0.0.0:65151<->127.0.0.1:8080 closed
22:09:42.923 [Finalizer] DEBUG o.a.h.i.conn.DefaultClientConnection - Connection 0.0.0.0:65150<->127.0.0.1:8080 closed
22:09:42.923 [Finalizer] DEBUG o.a.h.i.conn.DefaultClientConnection - Connection 0.0.0.0:65149<->127.0.0.1:8080 closed
22:09:42.923 [Finalizer] DEBUG o.a.h.i.conn.DefaultClientConnection - Connection 0.0.0.0:65148<->127.0.0.1:8080 closed
22:09:42.923 [Finalizer] DEBUG o.a.h.i.conn.DefaultClientConnection - Connection 0.0.0.0:65147<->127.0.0.1:8080 closed
22:09:42.923 [Finalizer] DEBUG o.a.h.i.conn.DefaultClientConnection - Connection 0.0.0.0:65146<->127.0.0.1:8080 closed
22:09:42.923 [Finalizer] DEBUG o.a.h.i.conn.DefaultClientConnection - Connection 0.0.0.0:65145<->127.0.0.1:8080 closed
22:09:42.923 [Finalizer] DEBUG o.a.h.i.conn.DefaultClientConnection - Connection 0.0.0.0:65144<->127.0.0.1:8080 closed
22:09:42.923 [Finalizer] DEBUG o.a.h.i.conn.DefaultClientConnection - Connection 0.0.0.0:65143<->127.0.0.1:8080 closed
22:09:42.923 [Finalizer] DEBUG o.a.h.i.conn.DefaultClientConnection - Connection 0.0.0.0:65142<->127.0.0.1:8080 closed
22:09:42.923 [Finalizer] DEBUG o.a.h.i.conn.DefaultClientConnection - Connection 0.0.0.0:65141<->127.0.0.1:8080 closed
22:09:42.924 [Finalizer] DEBUG o.a.h.i.conn.DefaultClientConnection - Connection 0.0.0.0:65140<->127.0.0.1:8080 closed
22:09:42.924 [Finalizer] DEBUG o.a.h.i.conn.DefaultClientConnection - Connection 0.0.0.0:65139<->127.0.0.1:8080 closed
22:09:42.924 [Finalizer] DEBUG o.a.h.i.conn.DefaultClientConnection - Connection 0.0.0.0:65138<->127.0.0.1:8080 closed
22:09:42.924 [Finalizer] DEBUG o.a.h.i.conn.DefaultClientConnection - Connection 0.0.0.0:65137<->127.0.0.1:8080 closed
22:09:42.924 [Finalizer] DEBUG o.a.h.i.conn.DefaultClientConnection - Connection 0.0.0.0:65136<->127.0.0.1:8080 closed
22:09:42.924 [Finalizer] DEBUG o.a.h.i.conn.DefaultClientConnection - Connection 0.0.0.0:65135<->127.0.0.1:8080 closed
22:09:42.924 [Finalizer] DEBUG o.a.h.i.conn.DefaultClientConnection - Connection 0.0.0.0:65134<->127.0.0.1:8080 closed
22:09:42.924 [Finalizer] DEBUG o.a.h.i.conn.DefaultClientConnection - Connection 0.0.0.0:65133<->127.0.0.1:8080 closed
22:09:42.924 [Finalizer] DEBUG o.a.h.i.conn.DefaultClientConnection - Connection 0.0.0.0:65132<->127.0.0.1:8080 closed
22:09:42.924 [Finalizer] DEBUG o.a.h.i.conn.DefaultClientConnection - Connection 0.0.0.0:65131<->127.0.0.1:8080 closed
22:09:42.924 [Finalizer] DEBUG o.a.h.i.conn.DefaultClientConnection - Connection 0.0.0.0:65130<->127.0.0.1:8080 closed
22:09:42.924 [Finalizer] DEBUG o.a.h.i.conn.DefaultClientConnection - Connection 0.0.0.0:65129<->127.0.0.1:8080 closed
22:09:42.924 [Finalizer] DEBUG o.a.h.i.conn.DefaultClientConnection - Connection 0.0.0.0:65128<->127.0.0.1:8080 closed
22:09:42.924 [Finalizer] DEBUG o.a.h.i.conn.DefaultClientConnection - Connection 0.0.0.0:65127<->127.0.0.1:8080 closed
22:09:42.924 [Finalizer] DEBUG o.a.h.i.conn.DefaultClientConnection - Connection 0.0.0.0:65126<->127.0.0.1:8080 closed
22:09:42.924 [Finalizer] DEBUG o.a.h.i.conn.DefaultClientConnection - Connection 0.0.0.0:65125<->127.0.0.1:8080 closed
22:09:42.945 [main] DEBUG org.apache.http.wire -  << "HTTP/1.1 200 OK[\r][\n]"
22:09:42.945 [main] DEBUG org.apache.http.wire -  << "Server: Apache-Coyote/1.1[\r][\n]"
22:09:42.945 [main] DEBUG org.apache.http.wire -  << "Content-Type: text/plain;charset=UTF-8[\r][\n]"
22:09:42.945 [main] DEBUG org.apache.http.wire -  << "Content-Length: 6[\r][\n]"
22:09:42.945 [main] DEBUG org.apache.http.wire -  << "Date: Sun, 07 Feb 2021 21:09:42 GMT[\r][\n]"
22:09:42.945 [main] DEBUG org.apache.http.wire -  << "[\r][\n]"
22:09:42.945 [main] DEBUG o.a.h.i.conn.DefaultClientConnection - Receiving response: HTTP/1.1 200 OK
22:09:42.945 [main] DEBUG org.apache.http.headers - << HTTP/1.1 200 OK
22:09:42.945 [main] DEBUG org.apache.http.headers - << Server: Apache-Coyote/1.1
22:09:42.945 [main] DEBUG org.apache.http.headers - << Content-Type: text/plain;charset=UTF-8
22:09:42.945 [main] DEBUG org.apache.http.headers - << Content-Length: 6
22:09:42.945 [main] DEBUG org.apache.http.headers - << Date: Sun, 07 Feb 2021 21:09:42 GMT
22:09:42.945 [main] DEBUG o.a.h.impl.client.DefaultHttpClient - Connection can be kept alive indefinitely
22:09:42.945 [main] DEBUG i.r.i.RequestSpecificationImpl$RestAssuredHttpBuilder - Parsing response as: text/plain;charset=UTF-8
22:09:42.945 [main] DEBUG i.r.i.RequestSpecificationImpl$RestAssuredHttpBuilder - Parsed data to instance of: class org.apache.http.conn.EofSensorInputStream
22:09:42.946 [main] DEBUG org.apache.http.wire -  << "a:3000"
22:09:42.946 [main] DEBUG o.a.h.i.c.BasicClientConnectionManager - Releasing connection org.apache.http.impl.conn.ManagedClientConnectionImpl@592cb470
22:09:42.946 [main] DEBUG o.a.h.i.c.BasicClientConnectionManager - Connection can be kept alive indefinitely
22:09:42.947 [main] DEBUG o.a.h.i.c.BasicClientConnectionManager - Get connection for route {}->http://localhost:8080
22:09:42.947 [main] DEBUG o.a.h.i.c.DefaultClientConnectionOperator - Connecting to localhost:8080
22:09:42.948 [main] DEBUG o.a.h.c.protocol.RequestAddCookies - CookieSpec selected: ignoreCookies
22:09:42.948 [main] DEBUG o.a.h.c.protocol.RequestAuthCache - Auth cache not set in the context
22:09:42.948 [main] DEBUG o.a.h.c.p.RequestTargetAuthentication - Target auth state: UNCHALLENGED
22:09:42.948 [main] DEBUG o.a.h.c.p.RequestProxyAuthentication - Proxy auth state: UNCHALLENGED
22:09:42.948 [main] DEBUG o.a.h.impl.client.DefaultHttpClient - Attempt 1 to execute request
22:09:42.948 [main] DEBUG o.a.h.i.conn.DefaultClientConnection - Sending request: GET /2?b=12&c=6&a=20 HTTP/1.1
22:09:42.948 [main] DEBUG org.apache.http.wire -  >> "GET /2?b=12&c=6&a=20 HTTP/1.1[\r][\n]"
22:09:42.948 [main] DEBUG org.apache.http.wire -  >> "Accept: */*[\r][\n]"
22:09:42.948 [main] DEBUG org.apache.http.wire -  >> "Host: localhost:8080[\r][\n]"
22:09:42.948 [main] DEBUG org.apache.http.wire -  >> "Connection: Keep-Alive[\r][\n]"
22:09:42.948 [main] DEBUG org.apache.http.wire -  >> "User-Agent: Apache-HttpClient/4.5.3 (Java/13.0.5.1)[\r][\n]"
22:09:42.948 [main] DEBUG org.apache.http.wire -  >> "Accept-Encoding: gzip,deflate[\r][\n]"
22:09:42.948 [main] DEBUG org.apache.http.wire -  >> "[\r][\n]"
22:09:42.948 [main] DEBUG org.apache.http.headers - >> GET /2?b=12&c=6&a=20 HTTP/1.1
22:09:42.948 [main] DEBUG org.apache.http.headers - >> Accept: */*
22:09:42.948 [main] DEBUG org.apache.http.headers - >> Host: localhost:8080
22:09:42.948 [main] DEBUG org.apache.http.headers - >> Connection: Keep-Alive
22:09:42.948 [main] DEBUG org.apache.http.headers - >> User-Agent: Apache-HttpClient/4.5.3 (Java/13.0.5.1)
22:09:42.948 [main] DEBUG org.apache.http.headers - >> Accept-Encoding: gzip,deflate
22:09:42.968 [main] DEBUG org.apache.http.wire -  << "HTTP/1.1 200 OK[\r][\n]"
22:09:42.969 [main] DEBUG org.apache.http.wire -  << "Server: Apache-Coyote/1.1[\r][\n]"
22:09:42.969 [main] DEBUG org.apache.http.wire -  << "Content-Type: text/plain;charset=UTF-8[\r][\n]"
22:09:42.969 [main] DEBUG org.apache.http.wire -  << "Content-Length: 6[\r][\n]"
22:09:42.969 [main] DEBUG org.apache.http.wire -  << "Date: Sun, 07 Feb 2021 21:09:42 GMT[\r][\n]"
22:09:42.969 [main] DEBUG org.apache.http.wire -  << "[\r][\n]"
22:09:42.969 [main] DEBUG o.a.h.i.conn.DefaultClientConnection - Receiving response: HTTP/1.1 200 OK
22:09:42.969 [main] DEBUG org.apache.http.headers - << HTTP/1.1 200 OK
22:09:42.969 [main] DEBUG org.apache.http.headers - << Server: Apache-Coyote/1.1
22:09:42.969 [main] DEBUG org.apache.http.headers - << Content-Type: text/plain;charset=UTF-8
22:09:42.969 [main] DEBUG org.apache.http.headers - << Content-Length: 6
22:09:42.969 [main] DEBUG org.apache.http.headers - << Date: Sun, 07 Feb 2021 21:09:42 GMT
22:09:42.969 [main] DEBUG o.a.h.impl.client.DefaultHttpClient - Connection can be kept alive indefinitely
22:09:42.969 [main] DEBUG i.r.i.RequestSpecificationImpl$RestAssuredHttpBuilder - Parsing response as: text/plain;charset=UTF-8
22:09:42.969 [main] DEBUG i.r.i.RequestSpecificationImpl$RestAssuredHttpBuilder - Parsed data to instance of: class org.apache.http.conn.EofSensorInputStream
22:09:42.969 [main] DEBUG org.apache.http.wire -  << "a:3000"
22:09:42.969 [main] DEBUG o.a.h.i.c.BasicClientConnectionManager - Releasing connection org.apache.http.impl.conn.ManagedClientConnectionImpl@523abba9
22:09:42.969 [main] DEBUG o.a.h.i.c.BasicClientConnectionManager - Connection can be kept alive indefinitely
22:09:42.973 [main] DEBUG o.a.h.i.c.BasicClientConnectionManager - Get connection for route {}->http://localhost:8080
22:09:42.973 [main] DEBUG o.a.h.i.c.DefaultClientConnectionOperator - Connecting to localhost:8080
22:09:42.974 [main] DEBUG o.a.h.c.protocol.RequestAddCookies - CookieSpec selected: ignoreCookies
22:09:42.974 [main] DEBUG o.a.h.c.protocol.RequestAuthCache - Auth cache not set in the context
22:09:42.974 [main] DEBUG o.a.h.c.p.RequestTargetAuthentication - Target auth state: UNCHALLENGED
22:09:42.974 [main] DEBUG o.a.h.c.p.RequestProxyAuthentication - Proxy auth state: UNCHALLENGED
22:09:42.974 [main] DEBUG o.a.h.impl.client.DefaultHttpClient - Attempt 1 to execute request
22:09:42.974 [main] DEBUG o.a.h.i.conn.DefaultClientConnection - Sending request: GET /2?b=12&c=6&a=20 HTTP/1.1
22:09:42.974 [main] DEBUG org.apache.http.wire -  >> "GET /2?b=12&c=6&a=20 HTTP/1.1[\r][\n]"
22:09:42.974 [main] DEBUG org.apache.http.wire -  >> "Accept: */*[\r][\n]"
22:09:42.974 [main] DEBUG org.apache.http.wire -  >> "Host: localhost:8080[\r][\n]"
22:09:42.974 [main] DEBUG org.apache.http.wire -  >> "Connection: Keep-Alive[\r][\n]"
22:09:42.974 [main] DEBUG org.apache.http.wire -  >> "User-Agent: Apache-HttpClient/4.5.3 (Java/13.0.5.1)[\r][\n]"
22:09:42.974 [main] DEBUG org.apache.http.wire -  >> "Accept-Encoding: gzip,deflate[\r][\n]"
22:09:42.974 [main] DEBUG org.apache.http.wire -  >> "[\r][\n]"
22:09:42.974 [main] DEBUG org.apache.http.headers - >> GET /2?b=12&c=6&a=20 HTTP/1.1
22:09:42.974 [main] DEBUG org.apache.http.headers - >> Accept: */*
22:09:42.974 [main] DEBUG org.apache.http.headers - >> Host: localhost:8080
22:09:42.974 [main] DEBUG org.apache.http.headers - >> Connection: Keep-Alive
22:09:42.974 [main] DEBUG org.apache.http.headers - >> User-Agent: Apache-HttpClient/4.5.3 (Java/13.0.5.1)
22:09:42.974 [main] DEBUG org.apache.http.headers - >> Accept-Encoding: gzip,deflate
22:09:42.993 [main] DEBUG org.apache.http.wire -  << "HTTP/1.1 200 OK[\r][\n]"
22:09:42.993 [main] DEBUG org.apache.http.wire -  << "Server: Apache-Coyote/1.1[\r][\n]"
22:09:42.993 [main] DEBUG org.apache.http.wire -  << "Content-Type: text/plain;charset=UTF-8[\r][\n]"
22:09:42.993 [main] DEBUG org.apache.http.wire -  << "Content-Length: 6[\r][\n]"
22:09:42.993 [main] DEBUG org.apache.http.wire -  << "Date: Sun, 07 Feb 2021 21:09:42 GMT[\r][\n]"
22:09:42.993 [main] DEBUG org.apache.http.wire -  << "[\r][\n]"
22:09:42.993 [main] DEBUG o.a.h.i.conn.DefaultClientConnection - Receiving response: HTTP/1.1 200 OK
22:09:42.993 [main] DEBUG org.apache.http.headers - << HTTP/1.1 200 OK
22:09:42.993 [main] DEBUG org.apache.http.headers - << Server: Apache-Coyote/1.1
22:09:42.993 [main] DEBUG org.apache.http.headers - << Content-Type: text/plain;charset=UTF-8
22:09:42.993 [main] DEBUG org.apache.http.headers - << Content-Length: 6
22:09:42.993 [main] DEBUG org.apache.http.headers - << Date: Sun, 07 Feb 2021 21:09:42 GMT
22:09:42.994 [main] DEBUG o.a.h.impl.client.DefaultHttpClient - Connection can be kept alive indefinitely
22:09:42.994 [main] DEBUG i.r.i.RequestSpecificationImpl$RestAssuredHttpBuilder - Parsing response as: text/plain;charset=UTF-8
22:09:42.994 [main] DEBUG i.r.i.RequestSpecificationImpl$RestAssuredHttpBuilder - Parsed data to instance of: class org.apache.http.conn.EofSensorInputStream
22:09:42.994 [main] DEBUG org.apache.http.wire -  << "a:3000"
22:09:42.994 [main] DEBUG o.a.h.i.c.BasicClientConnectionManager - Releasing connection org.apache.http.impl.conn.ManagedClientConnectionImpl@33430fc
22:09:42.994 [main] DEBUG o.a.h.i.c.BasicClientConnectionManager - Connection can be kept alive indefinitely
22:09:42.996 [main] DEBUG o.a.h.i.c.BasicClientConnectionManager - Get connection for route {}->http://localhost:8080
22:09:42.996 [main] DEBUG o.a.h.i.c.DefaultClientConnectionOperator - Connecting to localhost:8080
22:09:42.996 [main] DEBUG o.a.h.c.protocol.RequestAddCookies - CookieSpec selected: ignoreCookies
22:09:42.996 [main] DEBUG o.a.h.c.protocol.RequestAuthCache - Auth cache not set in the context
22:09:42.996 [main] DEBUG o.a.h.c.p.RequestTargetAuthentication - Target auth state: UNCHALLENGED
22:09:42.996 [main] DEBUG o.a.h.c.p.RequestProxyAuthentication - Proxy auth state: UNCHALLENGED
22:09:42.996 [main] DEBUG o.a.h.impl.client.DefaultHttpClient - Attempt 1 to execute request
22:09:42.996 [main] DEBUG o.a.h.i.conn.DefaultClientConnection - Sending request: GET /2?b=12&c=6&a=20 HTTP/1.1
22:09:42.996 [main] DEBUG org.apache.http.wire -  >> "GET /2?b=12&c=6&a=20 HTTP/1.1[\r][\n]"
22:09:42.996 [main] DEBUG org.apache.http.wire -  >> "Accept: */*[\r][\n]"
22:09:42.996 [main] DEBUG org.apache.http.wire -  >> "Host: localhost:8080[\r][\n]"
22:09:42.996 [main] DEBUG org.apache.http.wire -  >> "Connection: Keep-Alive[\r][\n]"
22:09:42.996 [main] DEBUG org.apache.http.wire -  >> "User-Agent: Apache-HttpClient/4.5.3 (Java/13.0.5.1)[\r][\n]"
22:09:42.996 [main] DEBUG org.apache.http.wire -  >> "Accept-Encoding: gzip,deflate[\r][\n]"
22:09:42.996 [main] DEBUG org.apache.http.wire -  >> "[\r][\n]"
22:09:42.996 [main] DEBUG org.apache.http.headers - >> GET /2?b=12&c=6&a=20 HTTP/1.1
22:09:42.996 [main] DEBUG org.apache.http.headers - >> Accept: */*
22:09:42.996 [main] DEBUG org.apache.http.headers - >> Host: localhost:8080
22:09:42.996 [main] DEBUG org.apache.http.headers - >> Connection: Keep-Alive
22:09:42.996 [main] DEBUG org.apache.http.headers - >> User-Agent: Apache-HttpClient/4.5.3 (Java/13.0.5.1)
22:09:42.996 [main] DEBUG org.apache.http.headers - >> Accept-Encoding: gzip,deflate
22:09:43.013 [main] DEBUG org.apache.http.wire -  << "HTTP/1.1 200 OK[\r][\n]"
22:09:43.013 [main] DEBUG org.apache.http.wire -  << "Server: Apache-Coyote/1.1[\r][\n]"
22:09:43.013 [main] DEBUG org.apache.http.wire -  << "Content-Type: text/plain;charset=UTF-8[\r][\n]"
22:09:43.013 [main] DEBUG org.apache.http.wire -  << "Content-Length: 6[\r][\n]"
22:09:43.013 [main] DEBUG org.apache.http.wire -  << "Date: Sun, 07 Feb 2021 21:09:42 GMT[\r][\n]"
22:09:43.013 [main] DEBUG org.apache.http.wire -  << "[\r][\n]"
22:09:43.013 [main] DEBUG o.a.h.i.conn.DefaultClientConnection - Receiving response: HTTP/1.1 200 OK
22:09:43.013 [main] DEBUG org.apache.http.headers - << HTTP/1.1 200 OK
22:09:43.014 [main] DEBUG org.apache.http.headers - << Server: Apache-Coyote/1.1
22:09:43.014 [main] DEBUG org.apache.http.headers - << Content-Type: text/plain;charset=UTF-8
22:09:43.014 [main] DEBUG org.apache.http.headers - << Content-Length: 6
22:09:43.014 [main] DEBUG org.apache.http.headers - << Date: Sun, 07 Feb 2021 21:09:42 GMT
22:09:43.014 [main] DEBUG o.a.h.impl.client.DefaultHttpClient - Connection can be kept alive indefinitely
22:09:43.014 [main] DEBUG i.r.i.RequestSpecificationImpl$RestAssuredHttpBuilder - Parsing response as: text/plain;charset=UTF-8
22:09:43.014 [main] DEBUG i.r.i.RequestSpecificationImpl$RestAssuredHttpBuilder - Parsed data to instance of: class org.apache.http.conn.EofSensorInputStream
22:09:43.014 [main] DEBUG org.apache.http.wire -  << "a:3000"
22:09:43.014 [main] DEBUG o.a.h.i.c.BasicClientConnectionManager - Releasing connection org.apache.http.impl.conn.ManagedClientConnectionImpl@b8b2184
22:09:43.014 [main] DEBUG o.a.h.i.c.BasicClientConnectionManager - Connection can be kept alive indefinitely
22:09:43.018 [main] DEBUG o.a.h.i.c.BasicClientConnectionManager - Get connection for route {}->http://localhost:8080
22:09:43.018 [main] DEBUG o.a.h.i.c.DefaultClientConnectionOperator - Connecting to localhost:8080
22:09:43.018 [main] DEBUG o.a.h.c.protocol.RequestAddCookies - CookieSpec selected: ignoreCookies
22:09:43.018 [main] DEBUG o.a.h.c.protocol.RequestAuthCache - Auth cache not set in the context
22:09:43.018 [main] DEBUG o.a.h.c.p.RequestTargetAuthentication - Target auth state: UNCHALLENGED
22:09:43.018 [main] DEBUG o.a.h.c.p.RequestProxyAuthentication - Proxy auth state: UNCHALLENGED
22:09:43.018 [main] DEBUG o.a.h.impl.client.DefaultHttpClient - Attempt 1 to execute request
22:09:43.018 [main] DEBUG o.a.h.i.conn.DefaultClientConnection - Sending request: GET /2?b=12&c=6&a=20 HTTP/1.1
22:09:43.019 [main] DEBUG org.apache.http.wire -  >> "GET /2?b=12&c=6&a=20 HTTP/1.1[\r][\n]"
22:09:43.019 [main] DEBUG org.apache.http.wire -  >> "Accept: */*[\r][\n]"
22:09:43.019 [main] DEBUG org.apache.http.wire -  >> "Host: localhost:8080[\r][\n]"
22:09:43.019 [main] DEBUG org.apache.http.wire -  >> "Connection: Keep-Alive[\r][\n]"
22:09:43.019 [main] DEBUG org.apache.http.wire -  >> "User-Agent: Apache-HttpClient/4.5.3 (Java/13.0.5.1)[\r][\n]"
22:09:43.019 [main] DEBUG org.apache.http.wire -  >> "Accept-Encoding: gzip,deflate[\r][\n]"
22:09:43.019 [main] DEBUG org.apache.http.wire -  >> "[\r][\n]"
22:09:43.019 [main] DEBUG org.apache.http.headers - >> GET /2?b=12&c=6&a=20 HTTP/1.1
22:09:43.019 [main] DEBUG org.apache.http.headers - >> Accept: */*
22:09:43.019 [main] DEBUG org.apache.http.headers - >> Host: localhost:8080
22:09:43.019 [main] DEBUG org.apache.http.headers - >> Connection: Keep-Alive
22:09:43.019 [main] DEBUG org.apache.http.headers - >> User-Agent: Apache-HttpClient/4.5.3 (Java/13.0.5.1)
22:09:43.019 [main] DEBUG org.apache.http.headers - >> Accept-Encoding: gzip,deflate
22:09:43.035 [main] DEBUG org.apache.http.wire -  << "HTTP/1.1 200 OK[\r][\n]"
22:09:43.035 [main] DEBUG org.apache.http.wire -  << "Server: Apache-Coyote/1.1[\r][\n]"
22:09:43.035 [main] DEBUG org.apache.http.wire -  << "Content-Type: text/plain;charset=UTF-8[\r][\n]"
22:09:43.035 [main] DEBUG org.apache.http.wire -  << "Content-Length: 6[\r][\n]"
22:09:43.035 [main] DEBUG org.apache.http.wire -  << "Date: Sun, 07 Feb 2021 21:09:42 GMT[\r][\n]"
22:09:43.035 [main] DEBUG org.apache.http.wire -  << "[\r][\n]"
22:09:43.035 [main] DEBUG o.a.h.i.conn.DefaultClientConnection - Receiving response: HTTP/1.1 200 OK
22:09:43.035 [main] DEBUG org.apache.http.headers - << HTTP/1.1 200 OK
22:09:43.035 [main] DEBUG org.apache.http.headers - << Server: Apache-Coyote/1.1
22:09:43.035 [main] DEBUG org.apache.http.headers - << Content-Type: text/plain;charset=UTF-8
22:09:43.035 [main] DEBUG org.apache.http.headers - << Content-Length: 6
22:09:43.035 [main] DEBUG org.apache.http.headers - << Date: Sun, 07 Feb 2021 21:09:42 GMT
22:09:43.035 [main] DEBUG o.a.h.impl.client.DefaultHttpClient - Connection can be kept alive indefinitely
22:09:43.035 [main] DEBUG i.r.i.RequestSpecificationImpl$RestAssuredHttpBuilder - Parsing response as: text/plain;charset=UTF-8
22:09:43.035 [main] DEBUG i.r.i.RequestSpecificationImpl$RestAssuredHttpBuilder - Parsed data to instance of: class org.apache.http.conn.EofSensorInputStream
22:09:43.035 [main] DEBUG org.apache.http.wire -  << "a:3000"
22:09:43.035 [main] DEBUG o.a.h.i.c.BasicClientConnectionManager - Releasing connection org.apache.http.impl.conn.ManagedClientConnectionImpl@5fa5c8cf
22:09:43.035 [main] DEBUG o.a.h.i.c.BasicClientConnectionManager - Connection can be kept alive indefinitely
22:09:43.037 [main] DEBUG o.a.h.i.c.BasicClientConnectionManager - Get connection for route {}->http://localhost:8080
22:09:43.037 [main] DEBUG o.a.h.i.c.DefaultClientConnectionOperator - Connecting to localhost:8080
22:09:43.037 [main] DEBUG o.a.h.c.protocol.RequestAddCookies - CookieSpec selected: ignoreCookies
22:09:43.037 [main] DEBUG o.a.h.c.protocol.RequestAuthCache - Auth cache not set in the context
22:09:43.037 [main] DEBUG o.a.h.c.p.RequestTargetAuthentication - Target auth state: UNCHALLENGED
22:09:43.037 [main] DEBUG o.a.h.c.p.RequestProxyAuthentication - Proxy auth state: UNCHALLENGED
22:09:43.037 [main] DEBUG o.a.h.impl.client.DefaultHttpClient - Attempt 1 to execute request
22:09:43.037 [main] DEBUG o.a.h.i.conn.DefaultClientConnection - Sending request: GET /2?b=12&c=6&a=20 HTTP/1.1
22:09:43.037 [main] DEBUG org.apache.http.wire -  >> "GET /2?b=12&c=6&a=20 HTTP/1.1[\r][\n]"
22:09:43.037 [main] DEBUG org.apache.http.wire -  >> "Accept: */*[\r][\n]"
22:09:43.037 [main] DEBUG org.apache.http.wire -  >> "Host: localhost:8080[\r][\n]"
22:09:43.037 [main] DEBUG org.apache.http.wire -  >> "Connection: Keep-Alive[\r][\n]"
22:09:43.037 [main] DEBUG org.apache.http.wire -  >> "User-Agent: Apache-HttpClient/4.5.3 (Java/13.0.5.1)[\r][\n]"
22:09:43.037 [main] DEBUG org.apache.http.wire -  >> "Accept-Encoding: gzip,deflate[\r][\n]"
22:09:43.037 [main] DEBUG org.apache.http.wire -  >> "[\r][\n]"
22:09:43.037 [main] DEBUG org.apache.http.headers - >> GET /2?b=12&c=6&a=20 HTTP/1.1
22:09:43.037 [main] DEBUG org.apache.http.headers - >> Accept: */*
22:09:43.037 [main] DEBUG org.apache.http.headers - >> Host: localhost:8080
22:09:43.037 [main] DEBUG org.apache.http.headers - >> Connection: Keep-Alive
22:09:43.037 [main] DEBUG org.apache.http.headers - >> User-Agent: Apache-HttpClient/4.5.3 (Java/13.0.5.1)
22:09:43.037 [main] DEBUG org.apache.http.headers - >> Accept-Encoding: gzip,deflate
22:09:43.056 [main] DEBUG org.apache.http.wire -  << "HTTP/1.1 200 OK[\r][\n]"
22:09:43.056 [main] DEBUG org.apache.http.wire -  << "Server: Apache-Coyote/1.1[\r][\n]"
22:09:43.056 [main] DEBUG org.apache.http.wire -  << "Content-Type: text/plain;charset=UTF-8[\r][\n]"
22:09:43.056 [main] DEBUG org.apache.http.wire -  << "Content-Length: 6[\r][\n]"
22:09:43.056 [main] DEBUG org.apache.http.wire -  << "Date: Sun, 07 Feb 2021 21:09:42 GMT[\r][\n]"
22:09:43.056 [main] DEBUG org.apache.http.wire -  << "[\r][\n]"
22:09:43.056 [main] DEBUG o.a.h.i.conn.DefaultClientConnection - Receiving response: HTTP/1.1 200 OK
22:09:43.056 [main] DEBUG org.apache.http.headers - << HTTP/1.1 200 OK
22:09:43.056 [main] DEBUG org.apache.http.headers - << Server: Apache-Coyote/1.1
22:09:43.056 [main] DEBUG org.apache.http.headers - << Content-Type: text/plain;charset=UTF-8
22:09:43.056 [main] DEBUG org.apache.http.headers - << Content-Length: 6
22:09:43.056 [main] DEBUG org.apache.http.headers - << Date: Sun, 07 Feb 2021 21:09:42 GMT
22:09:43.056 [main] DEBUG o.a.h.impl.client.DefaultHttpClient - Connection can be kept alive indefinitely
22:09:43.056 [main] DEBUG i.r.i.RequestSpecificationImpl$RestAssuredHttpBuilder - Parsing response as: text/plain;charset=UTF-8
22:09:43.056 [main] DEBUG i.r.i.RequestSpecificationImpl$RestAssuredHttpBuilder - Parsed data to instance of: class org.apache.http.conn.EofSensorInputStream
22:09:43.057 [main] DEBUG org.apache.http.wire -  << "a:3000"
22:09:43.057 [main] DEBUG o.a.h.i.c.BasicClientConnectionManager - Releasing connection org.apache.http.impl.conn.ManagedClientConnectionImpl@12a6e8ed
22:09:43.057 [main] DEBUG o.a.h.i.c.BasicClientConnectionManager - Connection can be kept alive indefinitely
22:09:43.059 [main] DEBUG o.a.h.i.c.BasicClientConnectionManager - Get connection for route {}->http://localhost:8080
22:09:43.059 [main] DEBUG o.a.h.i.c.DefaultClientConnectionOperator - Connecting to localhost:8080
22:09:43.059 [main] DEBUG o.a.h.c.protocol.RequestAddCookies - CookieSpec selected: ignoreCookies
22:09:43.059 [main] DEBUG o.a.h.c.protocol.RequestAuthCache - Auth cache not set in the context
22:09:43.059 [main] DEBUG o.a.h.c.p.RequestTargetAuthentication - Target auth state: UNCHALLENGED
22:09:43.059 [main] DEBUG o.a.h.c.p.RequestProxyAuthentication - Proxy auth state: UNCHALLENGED
22:09:43.059 [main] DEBUG o.a.h.impl.client.DefaultHttpClient - Attempt 1 to execute request
22:09:43.059 [main] DEBUG o.a.h.i.conn.DefaultClientConnection - Sending request: GET /2?b=12&c=6&a=20 HTTP/1.1
22:09:43.059 [main] DEBUG org.apache.http.wire -  >> "GET /2?b=12&c=6&a=20 HTTP/1.1[\r][\n]"
22:09:43.059 [main] DEBUG org.apache.http.wire -  >> "Accept: */*[\r][\n]"
22:09:43.059 [main] DEBUG org.apache.http.wire -  >> "Host: localhost:8080[\r][\n]"
22:09:43.059 [main] DEBUG org.apache.http.wire -  >> "Connection: Keep-Alive[\r][\n]"
22:09:43.059 [main] DEBUG org.apache.http.wire -  >> "User-Agent: Apache-HttpClient/4.5.3 (Java/13.0.5.1)[\r][\n]"
22:09:43.059 [main] DEBUG org.apache.http.wire -  >> "Accept-Encoding: gzip,deflate[\r][\n]"
22:09:43.059 [main] DEBUG org.apache.http.wire -  >> "[\r][\n]"
22:09:43.059 [main] DEBUG org.apache.http.headers - >> GET /2?b=12&c=6&a=20 HTTP/1.1
22:09:43.059 [main] DEBUG org.apache.http.headers - >> Accept: */*
22:09:43.059 [main] DEBUG org.apache.http.headers - >> Host: localhost:8080
22:09:43.059 [main] DEBUG org.apache.http.headers - >> Connection: Keep-Alive
22:09:43.059 [main] DEBUG org.apache.http.headers - >> User-Agent: Apache-HttpClient/4.5.3 (Java/13.0.5.1)
22:09:43.059 [main] DEBUG org.apache.http.headers - >> Accept-Encoding: gzip,deflate
22:09:43.073 [main] DEBUG org.apache.http.wire -  << "HTTP/1.1 200 OK[\r][\n]"
22:09:43.073 [main] DEBUG org.apache.http.wire -  << "Server: Apache-Coyote/1.1[\r][\n]"
22:09:43.073 [main] DEBUG org.apache.http.wire -  << "Content-Type: text/plain;charset=UTF-8[\r][\n]"
22:09:43.073 [main] DEBUG org.apache.http.wire -  << "Content-Length: 6[\r][\n]"
22:09:43.073 [main] DEBUG org.apache.http.wire -  << "Date: Sun, 07 Feb 2021 21:09:42 GMT[\r][\n]"
22:09:43.073 [main] DEBUG org.apache.http.wire -  << "[\r][\n]"
22:09:43.073 [main] DEBUG o.a.h.i.conn.DefaultClientConnection - Receiving response: HTTP/1.1 200 OK
22:09:43.073 [main] DEBUG org.apache.http.headers - << HTTP/1.1 200 OK
22:09:43.073 [main] DEBUG org.apache.http.headers - << Server: Apache-Coyote/1.1
22:09:43.073 [main] DEBUG org.apache.http.headers - << Content-Type: text/plain;charset=UTF-8
22:09:43.073 [main] DEBUG org.apache.http.headers - << Content-Length: 6
22:09:43.073 [main] DEBUG org.apache.http.headers - << Date: Sun, 07 Feb 2021 21:09:42 GMT
22:09:43.073 [main] DEBUG o.a.h.impl.client.DefaultHttpClient - Connection can be kept alive indefinitely
22:09:43.073 [main] DEBUG i.r.i.RequestSpecificationImpl$RestAssuredHttpBuilder - Parsing response as: text/plain;charset=UTF-8
22:09:43.073 [main] DEBUG i.r.i.RequestSpecificationImpl$RestAssuredHttpBuilder - Parsed data to instance of: class org.apache.http.conn.EofSensorInputStream
22:09:43.073 [main] DEBUG org.apache.http.wire -  << "a:3000"
22:09:43.073 [main] DEBUG o.a.h.i.c.BasicClientConnectionManager - Releasing connection org.apache.http.impl.conn.ManagedClientConnectionImpl@603f4e3e
22:09:43.073 [main] DEBUG o.a.h.i.c.BasicClientConnectionManager - Connection can be kept alive indefinitely
22:09:43.075 [main] DEBUG o.a.h.i.c.BasicClientConnectionManager - Get connection for route {}->http://localhost:8080
22:09:43.075 [main] DEBUG o.a.h.i.c.DefaultClientConnectionOperator - Connecting to localhost:8080
22:09:43.076 [main] DEBUG o.a.h.c.protocol.RequestAddCookies - CookieSpec selected: ignoreCookies
22:09:43.076 [main] DEBUG o.a.h.c.protocol.RequestAuthCache - Auth cache not set in the context
22:09:43.076 [main] DEBUG o.a.h.c.p.RequestTargetAuthentication - Target auth state: UNCHALLENGED
22:09:43.076 [main] DEBUG o.a.h.c.p.RequestProxyAuthentication - Proxy auth state: UNCHALLENGED
22:09:43.076 [main] DEBUG o.a.h.impl.client.DefaultHttpClient - Attempt 1 to execute request
22:09:43.076 [main] DEBUG o.a.h.i.conn.DefaultClientConnection - Sending request: GET /2?b=12&c=6&a=20 HTTP/1.1
22:09:43.076 [main] DEBUG org.apache.http.wire -  >> "GET /2?b=12&c=6&a=20 HTTP/1.1[\r][\n]"
22:09:43.076 [main] DEBUG org.apache.http.wire -  >> "Accept: */*[\r][\n]"
22:09:43.076 [main] DEBUG org.apache.http.wire -  >> "Host: localhost:8080[\r][\n]"
22:09:43.076 [main] DEBUG org.apache.http.wire -  >> "Connection: Keep-Alive[\r][\n]"
22:09:43.076 [main] DEBUG org.apache.http.wire -  >> "User-Agent: Apache-HttpClient/4.5.3 (Java/13.0.5.1)[\r][\n]"
22:09:43.076 [main] DEBUG org.apache.http.wire -  >> "Accept-Encoding: gzip,deflate[\r][\n]"
22:09:43.076 [main] DEBUG org.apache.http.wire -  >> "[\r][\n]"
22:09:43.076 [main] DEBUG org.apache.http.headers - >> GET /2?b=12&c=6&a=20 HTTP/1.1
22:09:43.076 [main] DEBUG org.apache.http.headers - >> Accept: */*
22:09:43.076 [main] DEBUG org.apache.http.headers - >> Host: localhost:8080
22:09:43.076 [main] DEBUG org.apache.http.headers - >> Connection: Keep-Alive
22:09:43.076 [main] DEBUG org.apache.http.headers - >> User-Agent: Apache-HttpClient/4.5.3 (Java/13.0.5.1)
22:09:43.076 [main] DEBUG org.apache.http.headers - >> Accept-Encoding: gzip,deflate
22:09:43.089 [main] DEBUG org.apache.http.wire -  << "HTTP/1.1 200 OK[\r][\n]"
22:09:43.089 [main] DEBUG org.apache.http.wire -  << "Server: Apache-Coyote/1.1[\r][\n]"
22:09:43.089 [main] DEBUG org.apache.http.wire -  << "Content-Type: text/plain;charset=UTF-8[\r][\n]"
22:09:43.089 [main] DEBUG org.apache.http.wire -  << "Content-Length: 6[\r][\n]"
22:09:43.089 [main] DEBUG org.apache.http.wire -  << "Date: Sun, 07 Feb 2021 21:09:43 GMT[\r][\n]"
22:09:43.089 [main] DEBUG org.apache.http.wire -  << "[\r][\n]"
22:09:43.089 [main] DEBUG o.a.h.i.conn.DefaultClientConnection - Receiving response: HTTP/1.1 200 OK
22:09:43.089 [main] DEBUG org.apache.http.headers - << HTTP/1.1 200 OK
22:09:43.089 [main] DEBUG org.apache.http.headers - << Server: Apache-Coyote/1.1
22:09:43.089 [main] DEBUG org.apache.http.headers - << Content-Type: text/plain;charset=UTF-8
22:09:43.089 [main] DEBUG org.apache.http.headers - << Content-Length: 6
22:09:43.089 [main] DEBUG org.apache.http.headers - << Date: Sun, 07 Feb 2021 21:09:43 GMT
22:09:43.089 [main] DEBUG o.a.h.impl.client.DefaultHttpClient - Connection can be kept alive indefinitely
22:09:43.089 [main] DEBUG i.r.i.RequestSpecificationImpl$RestAssuredHttpBuilder - Parsing response as: text/plain;charset=UTF-8
22:09:43.089 [main] DEBUG i.r.i.RequestSpecificationImpl$RestAssuredHttpBuilder - Parsed data to instance of: class org.apache.http.conn.EofSensorInputStream
22:09:43.090 [main] DEBUG org.apache.http.wire -  << "a:3000"
22:09:43.090 [main] DEBUG o.a.h.i.c.BasicClientConnectionManager - Releasing connection org.apache.http.impl.conn.ManagedClientConnectionImpl@5996d6f2
22:09:43.090 [main] DEBUG o.a.h.i.c.BasicClientConnectionManager - Connection can be kept alive indefinitely
22:09:43.091 [main] DEBUG o.a.h.i.c.BasicClientConnectionManager - Get connection for route {}->http://localhost:8080
22:09:43.092 [main] DEBUG o.a.h.i.c.DefaultClientConnectionOperator - Connecting to localhost:8080
22:09:43.092 [main] DEBUG o.a.h.c.protocol.RequestAddCookies - CookieSpec selected: ignoreCookies
22:09:43.092 [main] DEBUG o.a.h.c.protocol.RequestAuthCache - Auth cache not set in the context
22:09:43.092 [main] DEBUG o.a.h.c.p.RequestTargetAuthentication - Target auth state: UNCHALLENGED
22:09:43.092 [main] DEBUG o.a.h.c.p.RequestProxyAuthentication - Proxy auth state: UNCHALLENGED
22:09:43.092 [main] DEBUG o.a.h.impl.client.DefaultHttpClient - Attempt 1 to execute request
22:09:43.092 [main] DEBUG o.a.h.i.conn.DefaultClientConnection - Sending request: GET /2?b=12&c=6&a=20 HTTP/1.1
22:09:43.092 [main] DEBUG org.apache.http.wire -  >> "GET /2?b=12&c=6&a=20 HTTP/1.1[\r][\n]"
22:09:43.092 [main] DEBUG org.apache.http.wire -  >> "Accept: */*[\r][\n]"
22:09:43.092 [main] DEBUG org.apache.http.wire -  >> "Host: localhost:8080[\r][\n]"
22:09:43.092 [main] DEBUG org.apache.http.wire -  >> "Connection: Keep-Alive[\r][\n]"
22:09:43.092 [main] DEBUG org.apache.http.wire -  >> "User-Agent: Apache-HttpClient/4.5.3 (Java/13.0.5.1)[\r][\n]"
22:09:43.092 [main] DEBUG org.apache.http.wire -  >> "Accept-Encoding: gzip,deflate[\r][\n]"
22:09:43.092 [main] DEBUG org.apache.http.wire -  >> "[\r][\n]"
22:09:43.092 [main] DEBUG org.apache.http.headers - >> GET /2?b=12&c=6&a=20 HTTP/1.1
22:09:43.092 [main] DEBUG org.apache.http.headers - >> Accept: */*
22:09:43.092 [main] DEBUG org.apache.http.headers - >> Host: localhost:8080
22:09:43.092 [main] DEBUG org.apache.http.headers - >> Connection: Keep-Alive
22:09:43.093 [main] DEBUG org.apache.http.headers - >> User-Agent: Apache-HttpClient/4.5.3 (Java/13.0.5.1)
22:09:43.093 [main] DEBUG org.apache.http.headers - >> Accept-Encoding: gzip,deflate
22:09:43.112 [main] DEBUG org.apache.http.wire -  << "HTTP/1.1 200 OK[\r][\n]"
22:09:43.112 [main] DEBUG org.apache.http.wire -  << "Server: Apache-Coyote/1.1[\r][\n]"
22:09:43.112 [main] DEBUG org.apache.http.wire -  << "Content-Type: text/plain;charset=UTF-8[\r][\n]"
22:09:43.112 [main] DEBUG org.apache.http.wire -  << "Content-Length: 6[\r][\n]"
22:09:43.112 [main] DEBUG org.apache.http.wire -  << "Date: Sun, 07 Feb 2021 21:09:43 GMT[\r][\n]"
22:09:43.112 [main] DEBUG org.apache.http.wire -  << "[\r][\n]"
22:09:43.112 [main] DEBUG o.a.h.i.conn.DefaultClientConnection - Receiving response: HTTP/1.1 200 OK
22:09:43.112 [main] DEBUG org.apache.http.headers - << HTTP/1.1 200 OK
22:09:43.112 [main] DEBUG org.apache.http.headers - << Server: Apache-Coyote/1.1
22:09:43.112 [main] DEBUG org.apache.http.headers - << Content-Type: text/plain;charset=UTF-8
22:09:43.112 [main] DEBUG org.apache.http.headers - << Content-Length: 6
22:09:43.112 [main] DEBUG org.apache.http.headers - << Date: Sun, 07 Feb 2021 21:09:43 GMT
22:09:43.112 [main] DEBUG o.a.h.impl.client.DefaultHttpClient - Connection can be kept alive indefinitely
22:09:43.113 [main] DEBUG i.r.i.RequestSpecificationImpl$RestAssuredHttpBuilder - Parsing response as: text/plain;charset=UTF-8
22:09:43.113 [main] DEBUG i.r.i.RequestSpecificationImpl$RestAssuredHttpBuilder - Parsed data to instance of: class org.apache.http.conn.EofSensorInputStream
22:09:43.113 [main] DEBUG org.apache.http.wire -  << "a:3000"
22:09:43.113 [main] DEBUG o.a.h.i.c.BasicClientConnectionManager - Releasing connection org.apache.http.impl.conn.ManagedClientConnectionImpl@6200b644
22:09:43.113 [main] DEBUG o.a.h.i.c.BasicClientConnectionManager - Connection can be kept alive indefinitely
22:09:43.115 [main] DEBUG o.a.h.i.c.BasicClientConnectionManager - Get connection for route {}->http://localhost:8080
22:09:43.115 [main] DEBUG o.a.h.i.c.DefaultClientConnectionOperator - Connecting to localhost:8080
22:09:43.115 [main] DEBUG o.a.h.c.protocol.RequestAddCookies - CookieSpec selected: ignoreCookies
22:09:43.115 [main] DEBUG o.a.h.c.protocol.RequestAuthCache - Auth cache not set in the context
22:09:43.115 [main] DEBUG o.a.h.c.p.RequestTargetAuthentication - Target auth state: UNCHALLENGED
22:09:43.115 [main] DEBUG o.a.h.c.p.RequestProxyAuthentication - Proxy auth state: UNCHALLENGED
22:09:43.115 [main] DEBUG o.a.h.impl.client.DefaultHttpClient - Attempt 1 to execute request
22:09:43.116 [main] DEBUG o.a.h.i.conn.DefaultClientConnection - Sending request: GET /2?b=12&c=6&a=20 HTTP/1.1
22:09:43.116 [main] DEBUG org.apache.http.wire -  >> "GET /2?b=12&c=6&a=20 HTTP/1.1[\r][\n]"
22:09:43.116 [main] DEBUG org.apache.http.wire -  >> "Accept: */*[\r][\n]"
22:09:43.116 [main] DEBUG org.apache.http.wire -  >> "Host: localhost:8080[\r][\n]"
22:09:43.116 [main] DEBUG org.apache.http.wire -  >> "Connection: Keep-Alive[\r][\n]"
22:09:43.116 [main] DEBUG org.apache.http.wire -  >> "User-Agent: Apache-HttpClient/4.5.3 (Java/13.0.5.1)[\r][\n]"
22:09:43.116 [main] DEBUG org.apache.http.wire -  >> "Accept-Encoding: gzip,deflate[\r][\n]"
22:09:43.116 [main] DEBUG org.apache.http.wire -  >> "[\r][\n]"
22:09:43.116 [main] DEBUG org.apache.http.headers - >> GET /2?b=12&c=6&a=20 HTTP/1.1
22:09:43.116 [main] DEBUG org.apache.http.headers - >> Accept: */*
22:09:43.116 [main] DEBUG org.apache.http.headers - >> Host: localhost:8080
22:09:43.116 [main] DEBUG org.apache.http.headers - >> Connection: Keep-Alive
22:09:43.116 [main] DEBUG org.apache.http.headers - >> User-Agent: Apache-HttpClient/4.5.3 (Java/13.0.5.1)
22:09:43.116 [main] DEBUG org.apache.http.headers - >> Accept-Encoding: gzip,deflate
22:09:43.135 [main] DEBUG org.apache.http.wire -  << "HTTP/1.1 200 OK[\r][\n]"
22:09:43.135 [main] DEBUG org.apache.http.wire -  << "Server: Apache-Coyote/1.1[\r][\n]"
22:09:43.136 [main] DEBUG org.apache.http.wire -  << "Content-Type: text/plain;charset=UTF-8[\r][\n]"
22:09:43.136 [main] DEBUG org.apache.http.wire -  << "Content-Length: 6[\r][\n]"
22:09:43.136 [main] DEBUG org.apache.http.wire -  << "Date: Sun, 07 Feb 2021 21:09:43 GMT[\r][\n]"
22:09:43.136 [main] DEBUG org.apache.http.wire -  << "[\r][\n]"
22:09:43.136 [main] DEBUG o.a.h.i.conn.DefaultClientConnection - Receiving response: HTTP/1.1 200 OK
22:09:43.136 [main] DEBUG org.apache.http.headers - << HTTP/1.1 200 OK
22:09:43.136 [main] DEBUG org.apache.http.headers - << Server: Apache-Coyote/1.1
22:09:43.136 [main] DEBUG org.apache.http.headers - << Content-Type: text/plain;charset=UTF-8
22:09:43.136 [main] DEBUG org.apache.http.headers - << Content-Length: 6
22:09:43.136 [main] DEBUG org.apache.http.headers - << Date: Sun, 07 Feb 2021 21:09:43 GMT
22:09:43.136 [main] DEBUG o.a.h.impl.client.DefaultHttpClient - Connection can be kept alive indefinitely
22:09:43.136 [main] DEBUG i.r.i.RequestSpecificationImpl$RestAssuredHttpBuilder - Parsing response as: text/plain;charset=UTF-8
22:09:43.136 [main] DEBUG i.r.i.RequestSpecificationImpl$RestAssuredHttpBuilder - Parsed data to instance of: class org.apache.http.conn.EofSensorInputStream
22:09:43.136 [main] DEBUG org.apache.http.wire -  << "a:3000"
22:09:43.136 [main] DEBUG o.a.h.i.c.BasicClientConnectionManager - Releasing connection org.apache.http.impl.conn.ManagedClientConnectionImpl@7a117dc2
22:09:43.136 [main] DEBUG o.a.h.i.c.BasicClientConnectionManager - Connection can be kept alive indefinitely
22:09:43.139 [main] DEBUG o.a.h.i.c.BasicClientConnectionManager - Get connection for route {}->http://localhost:8080
22:09:43.139 [main] DEBUG o.a.h.i.c.DefaultClientConnectionOperator - Connecting to localhost:8080
22:09:43.140 [main] DEBUG o.a.h.c.protocol.RequestAddCookies - CookieSpec selected: ignoreCookies
22:09:43.140 [main] DEBUG o.a.h.c.protocol.RequestAuthCache - Auth cache not set in the context
22:09:43.140 [main] DEBUG o.a.h.c.p.RequestTargetAuthentication - Target auth state: UNCHALLENGED
22:09:43.140 [main] DEBUG o.a.h.c.p.RequestProxyAuthentication - Proxy auth state: UNCHALLENGED
22:09:43.140 [main] DEBUG o.a.h.impl.client.DefaultHttpClient - Attempt 1 to execute request
22:09:43.140 [main] DEBUG o.a.h.i.conn.DefaultClientConnection - Sending request: GET /2?b=12&c=6&a=20 HTTP/1.1
22:09:43.140 [main] DEBUG org.apache.http.wire -  >> "GET /2?b=12&c=6&a=20 HTTP/1.1[\r][\n]"
22:09:43.140 [main] DEBUG org.apache.http.wire -  >> "Accept: */*[\r][\n]"
22:09:43.140 [main] DEBUG org.apache.http.wire -  >> "Host: localhost:8080[\r][\n]"
22:09:43.140 [main] DEBUG org.apache.http.wire -  >> "Connection: Keep-Alive[\r][\n]"
22:09:43.140 [main] DEBUG org.apache.http.wire -  >> "User-Agent: Apache-HttpClient/4.5.3 (Java/13.0.5.1)[\r][\n]"
22:09:43.140 [main] DEBUG org.apache.http.wire -  >> "Accept-Encoding: gzip,deflate[\r][\n]"
22:09:43.140 [main] DEBUG org.apache.http.wire -  >> "[\r][\n]"
22:09:43.140 [main] DEBUG org.apache.http.headers - >> GET /2?b=12&c=6&a=20 HTTP/1.1
22:09:43.140 [main] DEBUG org.apache.http.headers - >> Accept: */*
22:09:43.140 [main] DEBUG org.apache.http.headers - >> Host: localhost:8080
22:09:43.140 [main] DEBUG org.apache.http.headers - >> Connection: Keep-Alive
22:09:43.140 [main] DEBUG org.apache.http.headers - >> User-Agent: Apache-HttpClient/4.5.3 (Java/13.0.5.1)
22:09:43.140 [main] DEBUG org.apache.http.headers - >> Accept-Encoding: gzip,deflate
22:09:43.156 [main] DEBUG org.apache.http.wire -  << "HTTP/1.1 200 OK[\r][\n]"
22:09:43.156 [main] DEBUG org.apache.http.wire -  << "Server: Apache-Coyote/1.1[\r][\n]"
22:09:43.156 [main] DEBUG org.apache.http.wire -  << "Content-Type: text/plain;charset=UTF-8[\r][\n]"
22:09:43.156 [main] DEBUG org.apache.http.wire -  << "Content-Length: 6[\r][\n]"
22:09:43.156 [main] DEBUG org.apache.http.wire -  << "Date: Sun, 07 Feb 2021 21:09:43 GMT[\r][\n]"
22:09:43.156 [main] DEBUG org.apache.http.wire -  << "[\r][\n]"
22:09:43.156 [main] DEBUG o.a.h.i.conn.DefaultClientConnection - Receiving response: HTTP/1.1 200 OK
22:09:43.156 [main] DEBUG org.apache.http.headers - << HTTP/1.1 200 OK
22:09:43.156 [main] DEBUG org.apache.http.headers - << Server: Apache-Coyote/1.1
22:09:43.156 [main] DEBUG org.apache.http.headers - << Content-Type: text/plain;charset=UTF-8
22:09:43.156 [main] DEBUG org.apache.http.headers - << Content-Length: 6
22:09:43.156 [main] DEBUG org.apache.http.headers - << Date: Sun, 07 Feb 2021 21:09:43 GMT
22:09:43.156 [main] DEBUG o.a.h.impl.client.DefaultHttpClient - Connection can be kept alive indefinitely
22:09:43.156 [main] DEBUG i.r.i.RequestSpecificationImpl$RestAssuredHttpBuilder - Parsing response as: text/plain;charset=UTF-8
22:09:43.156 [main] DEBUG i.r.i.RequestSpecificationImpl$RestAssuredHttpBuilder - Parsed data to instance of: class org.apache.http.conn.EofSensorInputStream
22:09:43.156 [main] DEBUG org.apache.http.wire -  << "a:3000"
22:09:43.156 [main] DEBUG o.a.h.i.c.BasicClientConnectionManager - Releasing connection org.apache.http.impl.conn.ManagedClientConnectionImpl@1b1ea1d9
22:09:43.156 [main] DEBUG o.a.h.i.c.BasicClientConnectionManager - Connection can be kept alive indefinitely
22:09:43.158 [main] DEBUG o.a.h.i.c.BasicClientConnectionManager - Get connection for route {}->http://localhost:8080
22:09:43.158 [main] DEBUG o.a.h.i.c.DefaultClientConnectionOperator - Connecting to localhost:8080
22:09:43.159 [main] DEBUG o.a.h.c.protocol.RequestAddCookies - CookieSpec selected: ignoreCookies
22:09:43.159 [main] DEBUG o.a.h.c.protocol.RequestAuthCache - Auth cache not set in the context
22:09:43.159 [main] DEBUG o.a.h.c.p.RequestTargetAuthentication - Target auth state: UNCHALLENGED
22:09:43.159 [main] DEBUG o.a.h.c.p.RequestProxyAuthentication - Proxy auth state: UNCHALLENGED
22:09:43.159 [main] DEBUG o.a.h.impl.client.DefaultHttpClient - Attempt 1 to execute request
22:09:43.159 [main] DEBUG o.a.h.i.conn.DefaultClientConnection - Sending request: GET /2?b=12&c=6&a=20 HTTP/1.1
22:09:43.159 [main] DEBUG org.apache.http.wire -  >> "GET /2?b=12&c=6&a=20 HTTP/1.1[\r][\n]"
22:09:43.159 [main] DEBUG org.apache.http.wire -  >> "Accept: */*[\r][\n]"
22:09:43.159 [main] DEBUG org.apache.http.wire -  >> "Host: localhost:8080[\r][\n]"
22:09:43.159 [main] DEBUG org.apache.http.wire -  >> "Connection: Keep-Alive[\r][\n]"
22:09:43.159 [main] DEBUG org.apache.http.wire -  >> "User-Agent: Apache-HttpClient/4.5.3 (Java/13.0.5.1)[\r][\n]"
22:09:43.159 [main] DEBUG org.apache.http.wire -  >> "Accept-Encoding: gzip,deflate[\r][\n]"
22:09:43.159 [main] DEBUG org.apache.http.wire -  >> "[\r][\n]"
22:09:43.159 [main] DEBUG org.apache.http.headers - >> GET /2?b=12&c=6&a=20 HTTP/1.1
22:09:43.159 [main] DEBUG org.apache.http.headers - >> Accept: */*
22:09:43.159 [main] DEBUG org.apache.http.headers - >> Host: localhost:8080
22:09:43.159 [main] DEBUG org.apache.http.headers - >> Connection: Keep-Alive
22:09:43.159 [main] DEBUG org.apache.http.headers - >> User-Agent: Apache-HttpClient/4.5.3 (Java/13.0.5.1)
22:09:43.159 [main] DEBUG org.apache.http.headers - >> Accept-Encoding: gzip,deflate
22:09:43.175 [main] DEBUG org.apache.http.wire -  << "HTTP/1.1 200 OK[\r][\n]"
22:09:43.175 [main] DEBUG org.apache.http.wire -  << "Server: Apache-Coyote/1.1[\r][\n]"
22:09:43.175 [main] DEBUG org.apache.http.wire -  << "Content-Type: text/plain;charset=UTF-8[\r][\n]"
22:09:43.175 [main] DEBUG org.apache.http.wire -  << "Content-Length: 6[\r][\n]"
22:09:43.175 [main] DEBUG org.apache.http.wire -  << "Date: Sun, 07 Feb 2021 21:09:43 GMT[\r][\n]"
22:09:43.175 [main] DEBUG org.apache.http.wire -  << "[\r][\n]"
22:09:43.175 [main] DEBUG o.a.h.i.conn.DefaultClientConnection - Receiving response: HTTP/1.1 200 OK
22:09:43.175 [main] DEBUG org.apache.http.headers - << HTTP/1.1 200 OK
22:09:43.175 [main] DEBUG org.apache.http.headers - << Server: Apache-Coyote/1.1
22:09:43.175 [main] DEBUG org.apache.http.headers - << Content-Type: text/plain;charset=UTF-8
22:09:43.175 [main] DEBUG org.apache.http.headers - << Content-Length: 6
22:09:43.175 [main] DEBUG org.apache.http.headers - << Date: Sun, 07 Feb 2021 21:09:43 GMT
22:09:43.175 [main] DEBUG o.a.h.impl.client.DefaultHttpClient - Connection can be kept alive indefinitely
22:09:43.175 [main] DEBUG i.r.i.RequestSpecificationImpl$RestAssuredHttpBuilder - Parsing response as: text/plain;charset=UTF-8
22:09:43.175 [main] DEBUG i.r.i.RequestSpecificationImpl$RestAssuredHttpBuilder - Parsed data to instance of: class org.apache.http.conn.EofSensorInputStream
22:09:43.176 [main] DEBUG org.apache.http.wire -  << "a:3000"
22:09:43.176 [main] DEBUG o.a.h.i.c.BasicClientConnectionManager - Releasing connection org.apache.http.impl.conn.ManagedClientConnectionImpl@521a506c
22:09:43.176 [main] DEBUG o.a.h.i.c.BasicClientConnectionManager - Connection can be kept alive indefinitely
22:09:43.179 [main] DEBUG o.a.h.i.c.BasicClientConnectionManager - Get connection for route {}->http://localhost:8080
22:09:43.179 [main] DEBUG o.a.h.i.c.DefaultClientConnectionOperator - Connecting to localhost:8080
22:09:43.180 [main] DEBUG o.a.h.c.protocol.RequestAddCookies - CookieSpec selected: ignoreCookies
22:09:43.180 [main] DEBUG o.a.h.c.protocol.RequestAuthCache - Auth cache not set in the context
22:09:43.180 [main] DEBUG o.a.h.c.p.RequestTargetAuthentication - Target auth state: UNCHALLENGED
22:09:43.180 [main] DEBUG o.a.h.c.p.RequestProxyAuthentication - Proxy auth state: UNCHALLENGED
22:09:43.180 [main] DEBUG o.a.h.impl.client.DefaultHttpClient - Attempt 1 to execute request
22:09:43.180 [main] DEBUG o.a.h.i.conn.DefaultClientConnection - Sending request: GET /2?b=12&c=6&a=20 HTTP/1.1
22:09:43.180 [main] DEBUG org.apache.http.wire -  >> "GET /2?b=12&c=6&a=20 HTTP/1.1[\r][\n]"
22:09:43.180 [main] DEBUG org.apache.http.wire -  >> "Accept: */*[\r][\n]"
22:09:43.180 [main] DEBUG org.apache.http.wire -  >> "Host: localhost:8080[\r][\n]"
22:09:43.180 [main] DEBUG org.apache.http.wire -  >> "Connection: Keep-Alive[\r][\n]"
22:09:43.180 [main] DEBUG org.apache.http.wire -  >> "User-Agent: Apache-HttpClient/4.5.3 (Java/13.0.5.1)[\r][\n]"
22:09:43.180 [main] DEBUG org.apache.http.wire -  >> "Accept-Encoding: gzip,deflate[\r][\n]"
22:09:43.180 [main] DEBUG org.apache.http.wire -  >> "[\r][\n]"
22:09:43.180 [main] DEBUG org.apache.http.headers - >> GET /2?b=12&c=6&a=20 HTTP/1.1
22:09:43.180 [main] DEBUG org.apache.http.headers - >> Accept: */*
22:09:43.180 [main] DEBUG org.apache.http.headers - >> Host: localhost:8080
22:09:43.180 [main] DEBUG org.apache.http.headers - >> Connection: Keep-Alive
22:09:43.180 [main] DEBUG org.apache.http.headers - >> User-Agent: Apache-HttpClient/4.5.3 (Java/13.0.5.1)
22:09:43.180 [main] DEBUG org.apache.http.headers - >> Accept-Encoding: gzip,deflate
22:09:43.200 [main] DEBUG org.apache.http.wire -  << "HTTP/1.1 200 OK[\r][\n]"
22:09:43.200 [main] DEBUG org.apache.http.wire -  << "Server: Apache-Coyote/1.1[\r][\n]"
22:09:43.200 [main] DEBUG org.apache.http.wire -  << "Content-Type: text/plain;charset=UTF-8[\r][\n]"
22:09:43.200 [main] DEBUG org.apache.http.wire -  << "Content-Length: 6[\r][\n]"
22:09:43.200 [main] DEBUG org.apache.http.wire -  << "Date: Sun, 07 Feb 2021 21:09:43 GMT[\r][\n]"
22:09:43.200 [main] DEBUG org.apache.http.wire -  << "[\r][\n]"
22:09:43.200 [main] DEBUG o.a.h.i.conn.DefaultClientConnection - Receiving response: HTTP/1.1 200 OK
22:09:43.200 [main] DEBUG org.apache.http.headers - << HTTP/1.1 200 OK
22:09:43.200 [main] DEBUG org.apache.http.headers - << Server: Apache-Coyote/1.1
22:09:43.200 [main] DEBUG org.apache.http.headers - << Content-Type: text/plain;charset=UTF-8
22:09:43.200 [main] DEBUG org.apache.http.headers - << Content-Length: 6
22:09:43.200 [main] DEBUG org.apache.http.headers - << Date: Sun, 07 Feb 2021 21:09:43 GMT
22:09:43.200 [main] DEBUG o.a.h.impl.client.DefaultHttpClient - Connection can be kept alive indefinitely
22:09:43.200 [main] DEBUG i.r.i.RequestSpecificationImpl$RestAssuredHttpBuilder - Parsing response as: text/plain;charset=UTF-8
22:09:43.200 [main] DEBUG i.r.i.RequestSpecificationImpl$RestAssuredHttpBuilder - Parsed data to instance of: class org.apache.http.conn.EofSensorInputStream
22:09:43.200 [main] DEBUG org.apache.http.wire -  << "a:3000"
22:09:43.200 [main] DEBUG o.a.h.i.c.BasicClientConnectionManager - Releasing connection org.apache.http.impl.conn.ManagedClientConnectionImpl@4eb1943b
22:09:43.200 [main] DEBUG o.a.h.i.c.BasicClientConnectionManager - Connection can be kept alive indefinitely
22:09:43.202 [main] DEBUG o.a.h.i.c.BasicClientConnectionManager - Get connection for route {}->http://localhost:8080
22:09:43.202 [main] DEBUG o.a.h.i.c.DefaultClientConnectionOperator - Connecting to localhost:8080
22:09:43.203 [main] DEBUG o.a.h.c.protocol.RequestAddCookies - CookieSpec selected: ignoreCookies
22:09:43.203 [main] DEBUG o.a.h.c.protocol.RequestAuthCache - Auth cache not set in the context
22:09:43.203 [main] DEBUG o.a.h.c.p.RequestTargetAuthentication - Target auth state: UNCHALLENGED
22:09:43.203 [main] DEBUG o.a.h.c.p.RequestProxyAuthentication - Proxy auth state: UNCHALLENGED
22:09:43.203 [main] DEBUG o.a.h.impl.client.DefaultHttpClient - Attempt 1 to execute request
22:09:43.203 [main] DEBUG o.a.h.i.conn.DefaultClientConnection - Sending request: GET /2?b=12&c=6&a=20 HTTP/1.1
22:09:43.203 [main] DEBUG org.apache.http.wire -  >> "GET /2?b=12&c=6&a=20 HTTP/1.1[\r][\n]"
22:09:43.203 [main] DEBUG org.apache.http.wire -  >> "Accept: */*[\r][\n]"
22:09:43.203 [main] DEBUG org.apache.http.wire -  >> "Host: localhost:8080[\r][\n]"
22:09:43.203 [main] DEBUG org.apache.http.wire -  >> "Connection: Keep-Alive[\r][\n]"
22:09:43.203 [main] DEBUG org.apache.http.wire -  >> "User-Agent: Apache-HttpClient/4.5.3 (Java/13.0.5.1)[\r][\n]"
22:09:43.203 [main] DEBUG org.apache.http.wire -  >> "Accept-Encoding: gzip,deflate[\r][\n]"
22:09:43.203 [main] DEBUG org.apache.http.wire -  >> "[\r][\n]"
22:09:43.203 [main] DEBUG org.apache.http.headers - >> GET /2?b=12&c=6&a=20 HTTP/1.1
22:09:43.203 [main] DEBUG org.apache.http.headers - >> Accept: */*
22:09:43.203 [main] DEBUG org.apache.http.headers - >> Host: localhost:8080
22:09:43.203 [main] DEBUG org.apache.http.headers - >> Connection: Keep-Alive
22:09:43.203 [main] DEBUG org.apache.http.headers - >> User-Agent: Apache-HttpClient/4.5.3 (Java/13.0.5.1)
22:09:43.203 [main] DEBUG org.apache.http.headers - >> Accept-Encoding: gzip,deflate
22:09:43.225 [main] DEBUG org.apache.http.wire -  << "HTTP/1.1 200 OK[\r][\n]"
22:09:43.225 [main] DEBUG org.apache.http.wire -  << "Server: Apache-Coyote/1.1[\r][\n]"
22:09:43.225 [main] DEBUG org.apache.http.wire -  << "Content-Type: text/plain;charset=UTF-8[\r][\n]"
22:09:43.225 [main] DEBUG org.apache.http.wire -  << "Content-Length: 6[\r][\n]"
22:09:43.225 [main] DEBUG org.apache.http.wire -  << "Date: Sun, 07 Feb 2021 21:09:43 GMT[\r][\n]"
22:09:43.225 [main] DEBUG org.apache.http.wire -  << "[\r][\n]"
22:09:43.225 [main] DEBUG o.a.h.i.conn.DefaultClientConnection - Receiving response: HTTP/1.1 200 OK
22:09:43.225 [main] DEBUG org.apache.http.headers - << HTTP/1.1 200 OK
22:09:43.225 [main] DEBUG org.apache.http.headers - << Server: Apache-Coyote/1.1
22:09:43.225 [main] DEBUG org.apache.http.headers - << Content-Type: text/plain;charset=UTF-8
22:09:43.225 [main] DEBUG org.apache.http.headers - << Content-Length: 6
22:09:43.225 [main] DEBUG org.apache.http.headers - << Date: Sun, 07 Feb 2021 21:09:43 GMT
22:09:43.225 [main] DEBUG o.a.h.impl.client.DefaultHttpClient - Connection can be kept alive indefinitely
22:09:43.225 [main] DEBUG i.r.i.RequestSpecificationImpl$RestAssuredHttpBuilder - Parsing response as: text/plain;charset=UTF-8
22:09:43.225 [main] DEBUG i.r.i.RequestSpecificationImpl$RestAssuredHttpBuilder - Parsed data to instance of: class org.apache.http.conn.EofSensorInputStream
22:09:43.225 [main] DEBUG org.apache.http.wire -  << "a:3000"
22:09:43.225 [main] DEBUG o.a.h.i.c.BasicClientConnectionManager - Releasing connection org.apache.http.impl.conn.ManagedClientConnectionImpl@7d18338b
22:09:43.225 [main] DEBUG o.a.h.i.c.BasicClientConnectionManager - Connection can be kept alive indefinitely
22:09:43.227 [main] DEBUG o.a.h.i.c.BasicClientConnectionManager - Get connection for route {}->http://localhost:8080
22:09:43.227 [main] DEBUG o.a.h.i.c.DefaultClientConnectionOperator - Connecting to localhost:8080
22:09:43.228 [main] DEBUG o.a.h.c.protocol.RequestAddCookies - CookieSpec selected: ignoreCookies
22:09:43.228 [main] DEBUG o.a.h.c.protocol.RequestAuthCache - Auth cache not set in the context
22:09:43.228 [main] DEBUG o.a.h.c.p.RequestTargetAuthentication - Target auth state: UNCHALLENGED
22:09:43.228 [main] DEBUG o.a.h.c.p.RequestProxyAuthentication - Proxy auth state: UNCHALLENGED
22:09:43.228 [main] DEBUG o.a.h.impl.client.DefaultHttpClient - Attempt 1 to execute request
22:09:43.228 [main] DEBUG o.a.h.i.conn.DefaultClientConnection - Sending request: GET /2?b=12&c=6&a=20 HTTP/1.1
22:09:43.228 [main] DEBUG org.apache.http.wire -  >> "GET /2?b=12&c=6&a=20 HTTP/1.1[\r][\n]"
22:09:43.228 [main] DEBUG org.apache.http.wire -  >> "Accept: */*[\r][\n]"
22:09:43.228 [main] DEBUG org.apache.http.wire -  >> "Host: localhost:8080[\r][\n]"
22:09:43.228 [main] DEBUG org.apache.http.wire -  >> "Connection: Keep-Alive[\r][\n]"
22:09:43.228 [main] DEBUG org.apache.http.wire -  >> "User-Agent: Apache-HttpClient/4.5.3 (Java/13.0.5.1)[\r][\n]"
22:09:43.228 [main] DEBUG org.apache.http.wire -  >> "Accept-Encoding: gzip,deflate[\r][\n]"
22:09:43.228 [main] DEBUG org.apache.http.wire -  >> "[\r][\n]"
22:09:43.228 [main] DEBUG org.apache.http.headers - >> GET /2?b=12&c=6&a=20 HTTP/1.1
22:09:43.228 [main] DEBUG org.apache.http.headers - >> Accept: */*
22:09:43.228 [main] DEBUG org.apache.http.headers - >> Host: localhost:8080
22:09:43.228 [main] DEBUG org.apache.http.headers - >> Connection: Keep-Alive
22:09:43.228 [main] DEBUG org.apache.http.headers - >> User-Agent: Apache-HttpClient/4.5.3 (Java/13.0.5.1)
22:09:43.228 [main] DEBUG org.apache.http.headers - >> Accept-Encoding: gzip,deflate
22:09:43.243 [main] DEBUG org.apache.http.wire -  << "HTTP/1.1 200 OK[\r][\n]"
22:09:43.243 [main] DEBUG org.apache.http.wire -  << "Server: Apache-Coyote/1.1[\r][\n]"
22:09:43.243 [main] DEBUG org.apache.http.wire -  << "Content-Type: text/plain;charset=UTF-8[\r][\n]"
22:09:43.243 [main] DEBUG org.apache.http.wire -  << "Content-Length: 6[\r][\n]"
22:09:43.243 [main] DEBUG org.apache.http.wire -  << "Date: Sun, 07 Feb 2021 21:09:43 GMT[\r][\n]"
22:09:43.243 [main] DEBUG org.apache.http.wire -  << "[\r][\n]"
22:09:43.243 [main] DEBUG o.a.h.i.conn.DefaultClientConnection - Receiving response: HTTP/1.1 200 OK
22:09:43.243 [main] DEBUG org.apache.http.headers - << HTTP/1.1 200 OK
22:09:43.243 [main] DEBUG org.apache.http.headers - << Server: Apache-Coyote/1.1
22:09:43.243 [main] DEBUG org.apache.http.headers - << Content-Type: text/plain;charset=UTF-8
22:09:43.243 [main] DEBUG org.apache.http.headers - << Content-Length: 6
22:09:43.243 [main] DEBUG org.apache.http.headers - << Date: Sun, 07 Feb 2021 21:09:43 GMT
22:09:43.244 [main] DEBUG o.a.h.impl.client.DefaultHttpClient - Connection can be kept alive indefinitely
22:09:43.244 [main] DEBUG i.r.i.RequestSpecificationImpl$RestAssuredHttpBuilder - Parsing response as: text/plain;charset=UTF-8
22:09:43.244 [main] DEBUG i.r.i.RequestSpecificationImpl$RestAssuredHttpBuilder - Parsed data to instance of: class org.apache.http.conn.EofSensorInputStream
22:09:43.244 [main] DEBUG org.apache.http.wire -  << "a:3000"
22:09:43.244 [main] DEBUG o.a.h.i.c.BasicClientConnectionManager - Releasing connection org.apache.http.impl.conn.ManagedClientConnectionImpl@bcfe29c
22:09:43.244 [main] DEBUG o.a.h.i.c.BasicClientConnectionManager - Connection can be kept alive indefinitely
22:09:43.246 [main] DEBUG o.a.h.i.c.BasicClientConnectionManager - Get connection for route {}->http://localhost:8080
22:09:43.246 [main] DEBUG o.a.h.i.c.DefaultClientConnectionOperator - Connecting to localhost:8080
22:09:43.247 [main] DEBUG o.a.h.c.protocol.RequestAddCookies - CookieSpec selected: ignoreCookies
22:09:43.247 [main] DEBUG o.a.h.c.protocol.RequestAuthCache - Auth cache not set in the context
22:09:43.247 [main] DEBUG o.a.h.c.p.RequestTargetAuthentication - Target auth state: UNCHALLENGED
22:09:43.247 [main] DEBUG o.a.h.c.p.RequestProxyAuthentication - Proxy auth state: UNCHALLENGED
22:09:43.247 [main] DEBUG o.a.h.impl.client.DefaultHttpClient - Attempt 1 to execute request
22:09:43.247 [main] DEBUG o.a.h.i.conn.DefaultClientConnection - Sending request: GET /2?b=12&c=6&a=20 HTTP/1.1
22:09:43.247 [main] DEBUG org.apache.http.wire -  >> "GET /2?b=12&c=6&a=20 HTTP/1.1[\r][\n]"
22:09:43.247 [main] DEBUG org.apache.http.wire -  >> "Accept: */*[\r][\n]"
22:09:43.247 [main] DEBUG org.apache.http.wire -  >> "Host: localhost:8080[\r][\n]"
22:09:43.247 [main] DEBUG org.apache.http.wire -  >> "Connection: Keep-Alive[\r][\n]"
22:09:43.247 [main] DEBUG org.apache.http.wire -  >> "User-Agent: Apache-HttpClient/4.5.3 (Java/13.0.5.1)[\r][\n]"
22:09:43.247 [main] DEBUG org.apache.http.wire -  >> "Accept-Encoding: gzip,deflate[\r][\n]"
22:09:43.247 [main] DEBUG org.apache.http.wire -  >> "[\r][\n]"
22:09:43.247 [main] DEBUG org.apache.http.headers - >> GET /2?b=12&c=6&a=20 HTTP/1.1
22:09:43.247 [main] DEBUG org.apache.http.headers - >> Accept: */*
22:09:43.247 [main] DEBUG org.apache.http.headers - >> Host: localhost:8080
22:09:43.247 [main] DEBUG org.apache.http.headers - >> Connection: Keep-Alive
22:09:43.247 [main] DEBUG org.apache.http.headers - >> User-Agent: Apache-HttpClient/4.5.3 (Java/13.0.5.1)
22:09:43.247 [main] DEBUG org.apache.http.headers - >> Accept-Encoding: gzip,deflate
22:09:43.267 [main] DEBUG org.apache.http.wire -  << "HTTP/1.1 200 OK[\r][\n]"
22:09:43.267 [main] DEBUG org.apache.http.wire -  << "Server: Apache-Coyote/1.1[\r][\n]"
22:09:43.267 [main] DEBUG org.apache.http.wire -  << "Content-Type: text/plain;charset=UTF-8[\r][\n]"
22:09:43.267 [main] DEBUG org.apache.http.wire -  << "Content-Length: 6[\r][\n]"
22:09:43.267 [main] DEBUG org.apache.http.wire -  << "Date: Sun, 07 Feb 2021 21:09:43 GMT[\r][\n]"
22:09:43.267 [main] DEBUG org.apache.http.wire -  << "[\r][\n]"
22:09:43.267 [main] DEBUG o.a.h.i.conn.DefaultClientConnection - Receiving response: HTTP/1.1 200 OK
22:09:43.267 [main] DEBUG org.apache.http.headers - << HTTP/1.1 200 OK
22:09:43.267 [main] DEBUG org.apache.http.headers - << Server: Apache-Coyote/1.1
22:09:43.267 [main] DEBUG org.apache.http.headers - << Content-Type: text/plain;charset=UTF-8
22:09:43.267 [main] DEBUG org.apache.http.headers - << Content-Length: 6
22:09:43.267 [main] DEBUG org.apache.http.headers - << Date: Sun, 07 Feb 2021 21:09:43 GMT
22:09:43.267 [main] DEBUG o.a.h.impl.client.DefaultHttpClient - Connection can be kept alive indefinitely
22:09:43.267 [main] DEBUG i.r.i.RequestSpecificationImpl$RestAssuredHttpBuilder - Parsing response as: text/plain;charset=UTF-8
22:09:43.267 [main] DEBUG i.r.i.RequestSpecificationImpl$RestAssuredHttpBuilder - Parsed data to instance of: class org.apache.http.conn.EofSensorInputStream
22:09:43.268 [main] DEBUG org.apache.http.wire -  << "a:3000"
22:09:43.268 [main] DEBUG o.a.h.i.c.BasicClientConnectionManager - Releasing connection org.apache.http.impl.conn.ManagedClientConnectionImpl@2dd8a273
22:09:43.268 [main] DEBUG o.a.h.i.c.BasicClientConnectionManager - Connection can be kept alive indefinitely
22:09:43.270 [main] DEBUG o.a.h.i.c.BasicClientConnectionManager - Get connection for route {}->http://localhost:8080
22:09:43.270 [main] DEBUG o.a.h.i.c.DefaultClientConnectionOperator - Connecting to localhost:8080
22:09:43.270 [main] DEBUG o.a.h.c.protocol.RequestAddCookies - CookieSpec selected: ignoreCookies
22:09:43.270 [main] DEBUG o.a.h.c.protocol.RequestAuthCache - Auth cache not set in the context
22:09:43.270 [main] DEBUG o.a.h.c.p.RequestTargetAuthentication - Target auth state: UNCHALLENGED
22:09:43.270 [main] DEBUG o.a.h.c.p.RequestProxyAuthentication - Proxy auth state: UNCHALLENGED
22:09:43.270 [main] DEBUG o.a.h.impl.client.DefaultHttpClient - Attempt 1 to execute request
22:09:43.270 [main] DEBUG o.a.h.i.conn.DefaultClientConnection - Sending request: GET /2?b=12&c=6&a=20 HTTP/1.1
22:09:43.270 [main] DEBUG org.apache.http.wire -  >> "GET /2?b=12&c=6&a=20 HTTP/1.1[\r][\n]"
22:09:43.270 [main] DEBUG org.apache.http.wire -  >> "Accept: */*[\r][\n]"
22:09:43.270 [main] DEBUG org.apache.http.wire -  >> "Host: localhost:8080[\r][\n]"
22:09:43.270 [main] DEBUG org.apache.http.wire -  >> "Connection: Keep-Alive[\r][\n]"
22:09:43.270 [main] DEBUG org.apache.http.wire -  >> "User-Agent: Apache-HttpClient/4.5.3 (Java/13.0.5.1)[\r][\n]"
22:09:43.270 [main] DEBUG org.apache.http.wire -  >> "Accept-Encoding: gzip,deflate[\r][\n]"
22:09:43.270 [main] DEBUG org.apache.http.wire -  >> "[\r][\n]"
22:09:43.270 [main] DEBUG org.apache.http.headers - >> GET /2?b=12&c=6&a=20 HTTP/1.1
22:09:43.270 [main] DEBUG org.apache.http.headers - >> Accept: */*
22:09:43.270 [main] DEBUG org.apache.http.headers - >> Host: localhost:8080
22:09:43.270 [main] DEBUG org.apache.http.headers - >> Connection: Keep-Alive
22:09:43.270 [main] DEBUG org.apache.http.headers - >> User-Agent: Apache-HttpClient/4.5.3 (Java/13.0.5.1)
22:09:43.270 [main] DEBUG org.apache.http.headers - >> Accept-Encoding: gzip,deflate
22:09:43.285 [main] DEBUG org.apache.http.wire -  << "HTTP/1.1 200 OK[\r][\n]"
22:09:43.285 [main] DEBUG org.apache.http.wire -  << "Server: Apache-Coyote/1.1[\r][\n]"
22:09:43.285 [main] DEBUG org.apache.http.wire -  << "Content-Type: text/plain;charset=UTF-8[\r][\n]"
22:09:43.285 [main] DEBUG org.apache.http.wire -  << "Content-Length: 6[\r][\n]"
22:09:43.285 [main] DEBUG org.apache.http.wire -  << "Date: Sun, 07 Feb 2021 21:09:43 GMT[\r][\n]"
22:09:43.285 [main] DEBUG org.apache.http.wire -  << "[\r][\n]"
22:09:43.285 [main] DEBUG o.a.h.i.conn.DefaultClientConnection - Receiving response: HTTP/1.1 200 OK
22:09:43.285 [main] DEBUG org.apache.http.headers - << HTTP/1.1 200 OK
22:09:43.285 [main] DEBUG org.apache.http.headers - << Server: Apache-Coyote/1.1
22:09:43.285 [main] DEBUG org.apache.http.headers - << Content-Type: text/plain;charset=UTF-8
22:09:43.285 [main] DEBUG org.apache.http.headers - << Content-Length: 6
22:09:43.285 [main] DEBUG org.apache.http.headers - << Date: Sun, 07 Feb 2021 21:09:43 GMT
22:09:43.285 [main] DEBUG o.a.h.impl.client.DefaultHttpClient - Connection can be kept alive indefinitely
22:09:43.285 [main] DEBUG i.r.i.RequestSpecificationImpl$RestAssuredHttpBuilder - Parsing response as: text/plain;charset=UTF-8
22:09:43.285 [main] DEBUG i.r.i.RequestSpecificationImpl$RestAssuredHttpBuilder - Parsed data to instance of: class org.apache.http.conn.EofSensorInputStream
22:09:43.285 [main] DEBUG org.apache.http.wire -  << "a:3000"
22:09:43.285 [main] DEBUG o.a.h.i.c.BasicClientConnectionManager - Releasing connection org.apache.http.impl.conn.ManagedClientConnectionImpl@1328f482
22:09:43.285 [main] DEBUG o.a.h.i.c.BasicClientConnectionManager - Connection can be kept alive indefinitely
22:09:43.287 [main] DEBUG o.a.h.i.c.BasicClientConnectionManager - Get connection for route {}->http://localhost:8080
22:09:43.287 [main] DEBUG o.a.h.i.c.DefaultClientConnectionOperator - Connecting to localhost:8080
22:09:43.287 [main] DEBUG o.a.h.c.protocol.RequestAddCookies - CookieSpec selected: ignoreCookies
22:09:43.288 [main] DEBUG o.a.h.c.protocol.RequestAuthCache - Auth cache not set in the context
22:09:43.288 [main] DEBUG o.a.h.c.p.RequestTargetAuthentication - Target auth state: UNCHALLENGED
22:09:43.288 [main] DEBUG o.a.h.c.p.RequestProxyAuthentication - Proxy auth state: UNCHALLENGED
22:09:43.288 [main] DEBUG o.a.h.impl.client.DefaultHttpClient - Attempt 1 to execute request
22:09:43.288 [main] DEBUG o.a.h.i.conn.DefaultClientConnection - Sending request: GET /2?b=12&c=6&a=20 HTTP/1.1
22:09:43.288 [main] DEBUG org.apache.http.wire -  >> "GET /2?b=12&c=6&a=20 HTTP/1.1[\r][\n]"
22:09:43.288 [main] DEBUG org.apache.http.wire -  >> "Accept: */*[\r][\n]"
22:09:43.288 [main] DEBUG org.apache.http.wire -  >> "Host: localhost:8080[\r][\n]"
22:09:43.288 [main] DEBUG org.apache.http.wire -  >> "Connection: Keep-Alive[\r][\n]"
22:09:43.288 [main] DEBUG org.apache.http.wire -  >> "User-Agent: Apache-HttpClient/4.5.3 (Java/13.0.5.1)[\r][\n]"
22:09:43.288 [main] DEBUG org.apache.http.wire -  >> "Accept-Encoding: gzip,deflate[\r][\n]"
22:09:43.288 [main] DEBUG org.apache.http.wire -  >> "[\r][\n]"
22:09:43.288 [main] DEBUG org.apache.http.headers - >> GET /2?b=12&c=6&a=20 HTTP/1.1
22:09:43.288 [main] DEBUG org.apache.http.headers - >> Accept: */*
22:09:43.288 [main] DEBUG org.apache.http.headers - >> Host: localhost:8080
22:09:43.288 [main] DEBUG org.apache.http.headers - >> Connection: Keep-Alive
22:09:43.288 [main] DEBUG org.apache.http.headers - >> User-Agent: Apache-HttpClient/4.5.3 (Java/13.0.5.1)
22:09:43.288 [main] DEBUG org.apache.http.headers - >> Accept-Encoding: gzip,deflate
22:09:43.306 [main] DEBUG org.apache.http.wire -  << "HTTP/1.1 200 OK[\r][\n]"
22:09:43.307 [main] DEBUG org.apache.http.wire -  << "Server: Apache-Coyote/1.1[\r][\n]"
22:09:43.307 [main] DEBUG org.apache.http.wire -  << "Content-Type: text/plain;charset=UTF-8[\r][\n]"
22:09:43.307 [main] DEBUG org.apache.http.wire -  << "Content-Length: 6[\r][\n]"
22:09:43.307 [main] DEBUG org.apache.http.wire -  << "Date: Sun, 07 Feb 2021 21:09:43 GMT[\r][\n]"
22:09:43.307 [main] DEBUG org.apache.http.wire -  << "[\r][\n]"
22:09:43.307 [main] DEBUG o.a.h.i.conn.DefaultClientConnection - Receiving response: HTTP/1.1 200 OK
22:09:43.307 [main] DEBUG org.apache.http.headers - << HTTP/1.1 200 OK
22:09:43.307 [main] DEBUG org.apache.http.headers - << Server: Apache-Coyote/1.1
22:09:43.307 [main] DEBUG org.apache.http.headers - << Content-Type: text/plain;charset=UTF-8
22:09:43.307 [main] DEBUG org.apache.http.headers - << Content-Length: 6
22:09:43.307 [main] DEBUG org.apache.http.headers - << Date: Sun, 07 Feb 2021 21:09:43 GMT
22:09:43.307 [main] DEBUG o.a.h.impl.client.DefaultHttpClient - Connection can be kept alive indefinitely
22:09:43.307 [main] DEBUG i.r.i.RequestSpecificationImpl$RestAssuredHttpBuilder - Parsing response as: text/plain;charset=UTF-8
22:09:43.307 [main] DEBUG i.r.i.RequestSpecificationImpl$RestAssuredHttpBuilder - Parsed data to instance of: class org.apache.http.conn.EofSensorInputStream
22:09:43.307 [main] DEBUG org.apache.http.wire -  << "a:3000"
22:09:43.307 [main] DEBUG o.a.h.i.c.BasicClientConnectionManager - Releasing connection org.apache.http.impl.conn.ManagedClientConnectionImpl@351d93bd
22:09:43.307 [main] DEBUG o.a.h.i.c.BasicClientConnectionManager - Connection can be kept alive indefinitely
22:09:43.309 [main] DEBUG o.a.h.i.c.BasicClientConnectionManager - Get connection for route {}->http://localhost:8080
22:09:43.309 [main] DEBUG o.a.h.i.c.DefaultClientConnectionOperator - Connecting to localhost:8080
22:09:43.309 [main] DEBUG o.a.h.c.protocol.RequestAddCookies - CookieSpec selected: ignoreCookies
22:09:43.309 [main] DEBUG o.a.h.c.protocol.RequestAuthCache - Auth cache not set in the context
22:09:43.309 [main] DEBUG o.a.h.c.p.RequestTargetAuthentication - Target auth state: UNCHALLENGED
22:09:43.309 [main] DEBUG o.a.h.c.p.RequestProxyAuthentication - Proxy auth state: UNCHALLENGED
22:09:43.309 [main] DEBUG o.a.h.impl.client.DefaultHttpClient - Attempt 1 to execute request
22:09:43.309 [main] DEBUG o.a.h.i.conn.DefaultClientConnection - Sending request: GET /2?b=12&c=6&a=20 HTTP/1.1
22:09:43.309 [main] DEBUG org.apache.http.wire -  >> "GET /2?b=12&c=6&a=20 HTTP/1.1[\r][\n]"
22:09:43.309 [main] DEBUG org.apache.http.wire -  >> "Accept: */*[\r][\n]"
22:09:43.309 [main] DEBUG org.apache.http.wire -  >> "Host: localhost:8080[\r][\n]"
22:09:43.309 [main] DEBUG org.apache.http.wire -  >> "Connection: Keep-Alive[\r][\n]"
22:09:43.309 [main] DEBUG org.apache.http.wire -  >> "User-Agent: Apache-HttpClient/4.5.3 (Java/13.0.5.1)[\r][\n]"
22:09:43.309 [main] DEBUG org.apache.http.wire -  >> "Accept-Encoding: gzip,deflate[\r][\n]"
22:09:43.309 [main] DEBUG org.apache.http.wire -  >> "[\r][\n]"
22:09:43.309 [main] DEBUG org.apache.http.headers - >> GET /2?b=12&c=6&a=20 HTTP/1.1
22:09:43.309 [main] DEBUG org.apache.http.headers - >> Accept: */*
22:09:43.309 [main] DEBUG org.apache.http.headers - >> Host: localhost:8080
22:09:43.309 [main] DEBUG org.apache.http.headers - >> Connection: Keep-Alive
22:09:43.309 [main] DEBUG org.apache.http.headers - >> User-Agent: Apache-HttpClient/4.5.3 (Java/13.0.5.1)
22:09:43.309 [main] DEBUG org.apache.http.headers - >> Accept-Encoding: gzip,deflate
22:09:43.325 [main] DEBUG org.apache.http.wire -  << "HTTP/1.1 200 OK[\r][\n]"
22:09:43.325 [main] DEBUG org.apache.http.wire -  << "Server: Apache-Coyote/1.1[\r][\n]"
22:09:43.325 [main] DEBUG org.apache.http.wire -  << "Content-Type: text/plain;charset=UTF-8[\r][\n]"
22:09:43.325 [main] DEBUG org.apache.http.wire -  << "Content-Length: 6[\r][\n]"
22:09:43.325 [main] DEBUG org.apache.http.wire -  << "Date: Sun, 07 Feb 2021 21:09:43 GMT[\r][\n]"
22:09:43.325 [main] DEBUG org.apache.http.wire -  << "[\r][\n]"
22:09:43.325 [main] DEBUG o.a.h.i.conn.DefaultClientConnection - Receiving response: HTTP/1.1 200 OK
22:09:43.325 [main] DEBUG org.apache.http.headers - << HTTP/1.1 200 OK
22:09:43.325 [main] DEBUG org.apache.http.headers - << Server: Apache-Coyote/1.1
22:09:43.325 [main] DEBUG org.apache.http.headers - << Content-Type: text/plain;charset=UTF-8
22:09:43.325 [main] DEBUG org.apache.http.headers - << Content-Length: 6
22:09:43.325 [main] DEBUG org.apache.http.headers - << Date: Sun, 07 Feb 2021 21:09:43 GMT
22:09:43.325 [main] DEBUG o.a.h.impl.client.DefaultHttpClient - Connection can be kept alive indefinitely
22:09:43.325 [main] DEBUG i.r.i.RequestSpecificationImpl$RestAssuredHttpBuilder - Parsing response as: text/plain;charset=UTF-8
22:09:43.325 [main] DEBUG i.r.i.RequestSpecificationImpl$RestAssuredHttpBuilder - Parsed data to instance of: class org.apache.http.conn.EofSensorInputStream
22:09:43.325 [main] DEBUG org.apache.http.wire -  << "a:3000"
22:09:43.325 [main] DEBUG o.a.h.i.c.BasicClientConnectionManager - Releasing connection org.apache.http.impl.conn.ManagedClientConnectionImpl@39dda56f
22:09:43.325 [main] DEBUG o.a.h.i.c.BasicClientConnectionManager - Connection can be kept alive indefinitely
22:09:43.329 [main] DEBUG o.a.h.i.c.BasicClientConnectionManager - Get connection for route {}->http://localhost:8080
22:09:43.329 [main] DEBUG o.a.h.i.c.DefaultClientConnectionOperator - Connecting to localhost:8080
22:09:43.331 [main] DEBUG o.a.h.c.protocol.RequestAddCookies - CookieSpec selected: ignoreCookies
22:09:43.331 [main] DEBUG o.a.h.c.protocol.RequestAuthCache - Auth cache not set in the context
22:09:43.331 [main] DEBUG o.a.h.c.p.RequestTargetAuthentication - Target auth state: UNCHALLENGED
22:09:43.331 [main] DEBUG o.a.h.c.p.RequestProxyAuthentication - Proxy auth state: UNCHALLENGED
22:09:43.331 [main] DEBUG o.a.h.impl.client.DefaultHttpClient - Attempt 1 to execute request
22:09:43.331 [main] DEBUG o.a.h.i.conn.DefaultClientConnection - Sending request: GET /2?b=12&c=6&a=20 HTTP/1.1
22:09:43.331 [main] DEBUG org.apache.http.wire -  >> "GET /2?b=12&c=6&a=20 HTTP/1.1[\r][\n]"
22:09:43.331 [main] DEBUG org.apache.http.wire -  >> "Accept: */*[\r][\n]"
22:09:43.331 [main] DEBUG org.apache.http.wire -  >> "Host: localhost:8080[\r][\n]"
22:09:43.331 [main] DEBUG org.apache.http.wire -  >> "Connection: Keep-Alive[\r][\n]"
22:09:43.331 [main] DEBUG org.apache.http.wire -  >> "User-Agent: Apache-HttpClient/4.5.3 (Java/13.0.5.1)[\r][\n]"
22:09:43.331 [main] DEBUG org.apache.http.wire -  >> "Accept-Encoding: gzip,deflate[\r][\n]"
22:09:43.331 [main] DEBUG org.apache.http.wire -  >> "[\r][\n]"
22:09:43.331 [main] DEBUG org.apache.http.headers - >> GET /2?b=12&c=6&a=20 HTTP/1.1
22:09:43.331 [main] DEBUG org.apache.http.headers - >> Accept: */*
22:09:43.331 [main] DEBUG org.apache.http.headers - >> Host: localhost:8080
22:09:43.331 [main] DEBUG org.apache.http.headers - >> Connection: Keep-Alive
22:09:43.331 [main] DEBUG org.apache.http.headers - >> User-Agent: Apache-HttpClient/4.5.3 (Java/13.0.5.1)
22:09:43.331 [main] DEBUG org.apache.http.headers - >> Accept-Encoding: gzip,deflate
22:09:43.348 [main] DEBUG org.apache.http.wire -  << "HTTP/1.1 200 OK[\r][\n]"
22:09:43.348 [main] DEBUG org.apache.http.wire -  << "Server: Apache-Coyote/1.1[\r][\n]"
22:09:43.348 [main] DEBUG org.apache.http.wire -  << "Content-Type: text/plain;charset=UTF-8[\r][\n]"
22:09:43.348 [main] DEBUG org.apache.http.wire -  << "Content-Length: 6[\r][\n]"
22:09:43.348 [main] DEBUG org.apache.http.wire -  << "Date: Sun, 07 Feb 2021 21:09:43 GMT[\r][\n]"
22:09:43.348 [main] DEBUG org.apache.http.wire -  << "[\r][\n]"
22:09:43.348 [main] DEBUG o.a.h.i.conn.DefaultClientConnection - Receiving response: HTTP/1.1 200 OK
22:09:43.348 [main] DEBUG org.apache.http.headers - << HTTP/1.1 200 OK
22:09:43.348 [main] DEBUG org.apache.http.headers - << Server: Apache-Coyote/1.1
22:09:43.348 [main] DEBUG org.apache.http.headers - << Content-Type: text/plain;charset=UTF-8
22:09:43.348 [main] DEBUG org.apache.http.headers - << Content-Length: 6
22:09:43.348 [main] DEBUG org.apache.http.headers - << Date: Sun, 07 Feb 2021 21:09:43 GMT
22:09:43.348 [main] DEBUG o.a.h.impl.client.DefaultHttpClient - Connection can be kept alive indefinitely
22:09:43.348 [main] DEBUG i.r.i.RequestSpecificationImpl$RestAssuredHttpBuilder - Parsing response as: text/plain;charset=UTF-8
22:09:43.348 [main] DEBUG i.r.i.RequestSpecificationImpl$RestAssuredHttpBuilder - Parsed data to instance of: class org.apache.http.conn.EofSensorInputStream
22:09:43.348 [main] DEBUG org.apache.http.wire -  << "a:3000"
22:09:43.348 [main] DEBUG o.a.h.i.c.BasicClientConnectionManager - Releasing connection org.apache.http.impl.conn.ManagedClientConnectionImpl@6df37f7a
22:09:43.348 [main] DEBUG o.a.h.i.c.BasicClientConnectionManager - Connection can be kept alive indefinitely
22:09:43.350 [main] DEBUG o.a.h.i.c.BasicClientConnectionManager - Get connection for route {}->http://localhost:8080
22:09:43.350 [main] DEBUG o.a.h.i.c.DefaultClientConnectionOperator - Connecting to localhost:8080
22:09:43.350 [main] DEBUG o.a.h.c.protocol.RequestAddCookies - CookieSpec selected: ignoreCookies
22:09:43.350 [main] DEBUG o.a.h.c.protocol.RequestAuthCache - Auth cache not set in the context
22:09:43.350 [main] DEBUG o.a.h.c.p.RequestTargetAuthentication - Target auth state: UNCHALLENGED
22:09:43.350 [main] DEBUG o.a.h.c.p.RequestProxyAuthentication - Proxy auth state: UNCHALLENGED
22:09:43.350 [main] DEBUG o.a.h.impl.client.DefaultHttpClient - Attempt 1 to execute request
22:09:43.350 [main] DEBUG o.a.h.i.conn.DefaultClientConnection - Sending request: GET /2?b=12&c=6&a=20 HTTP/1.1
22:09:43.350 [main] DEBUG org.apache.http.wire -  >> "GET /2?b=12&c=6&a=20 HTTP/1.1[\r][\n]"
22:09:43.351 [main] DEBUG org.apache.http.wire -  >> "Accept: */*[\r][\n]"
22:09:43.351 [main] DEBUG org.apache.http.wire -  >> "Host: localhost:8080[\r][\n]"
22:09:43.351 [main] DEBUG org.apache.http.wire -  >> "Connection: Keep-Alive[\r][\n]"
22:09:43.351 [main] DEBUG org.apache.http.wire -  >> "User-Agent: Apache-HttpClient/4.5.3 (Java/13.0.5.1)[\r][\n]"
22:09:43.351 [main] DEBUG org.apache.http.wire -  >> "Accept-Encoding: gzip,deflate[\r][\n]"
22:09:43.351 [main] DEBUG org.apache.http.wire -  >> "[\r][\n]"
22:09:43.351 [main] DEBUG org.apache.http.headers - >> GET /2?b=12&c=6&a=20 HTTP/1.1
22:09:43.351 [main] DEBUG org.apache.http.headers - >> Accept: */*
22:09:43.351 [main] DEBUG org.apache.http.headers - >> Host: localhost:8080
22:09:43.351 [main] DEBUG org.apache.http.headers - >> Connection: Keep-Alive
22:09:43.351 [main] DEBUG org.apache.http.headers - >> User-Agent: Apache-HttpClient/4.5.3 (Java/13.0.5.1)
22:09:43.351 [main] DEBUG org.apache.http.headers - >> Accept-Encoding: gzip,deflate
22:09:43.373 [main] DEBUG org.apache.http.wire -  << "HTTP/1.1 200 OK[\r][\n]"
22:09:43.373 [main] DEBUG org.apache.http.wire -  << "Server: Apache-Coyote/1.1[\r][\n]"
22:09:43.373 [main] DEBUG org.apache.http.wire -  << "Content-Type: text/plain;charset=UTF-8[\r][\n]"
22:09:43.373 [main] DEBUG org.apache.http.wire -  << "Content-Length: 6[\r][\n]"
22:09:43.373 [main] DEBUG org.apache.http.wire -  << "Date: Sun, 07 Feb 2021 21:09:43 GMT[\r][\n]"
22:09:43.373 [main] DEBUG org.apache.http.wire -  << "[\r][\n]"
22:09:43.373 [main] DEBUG o.a.h.i.conn.DefaultClientConnection - Receiving response: HTTP/1.1 200 OK
22:09:43.373 [main] DEBUG org.apache.http.headers - << HTTP/1.1 200 OK
22:09:43.373 [main] DEBUG org.apache.http.headers - << Server: Apache-Coyote/1.1
22:09:43.373 [main] DEBUG org.apache.http.headers - << Content-Type: text/plain;charset=UTF-8
22:09:43.373 [main] DEBUG org.apache.http.headers - << Content-Length: 6
22:09:43.373 [main] DEBUG org.apache.http.headers - << Date: Sun, 07 Feb 2021 21:09:43 GMT
22:09:43.373 [main] DEBUG o.a.h.impl.client.DefaultHttpClient - Connection can be kept alive indefinitely
22:09:43.373 [main] DEBUG i.r.i.RequestSpecificationImpl$RestAssuredHttpBuilder - Parsing response as: text/plain;charset=UTF-8
22:09:43.373 [main] DEBUG i.r.i.RequestSpecificationImpl$RestAssuredHttpBuilder - Parsed data to instance of: class org.apache.http.conn.EofSensorInputStream
22:09:43.373 [main] DEBUG org.apache.http.wire -  << "a:3000"
22:09:43.373 [main] DEBUG o.a.h.i.c.BasicClientConnectionManager - Releasing connection org.apache.http.impl.conn.ManagedClientConnectionImpl@77856cc5
22:09:43.373 [main] DEBUG o.a.h.i.c.BasicClientConnectionManager - Connection can be kept alive indefinitely
22:09:43.376 [main] DEBUG o.a.h.i.c.BasicClientConnectionManager - Get connection for route {}->http://localhost:8080
22:09:43.376 [main] DEBUG o.a.h.i.c.DefaultClientConnectionOperator - Connecting to localhost:8080
22:09:43.377 [main] DEBUG o.a.h.c.protocol.RequestAddCookies - CookieSpec selected: ignoreCookies
22:09:43.377 [main] DEBUG o.a.h.c.protocol.RequestAuthCache - Auth cache not set in the context
22:09:43.377 [main] DEBUG o.a.h.c.p.RequestTargetAuthentication - Target auth state: UNCHALLENGED
22:09:43.377 [main] DEBUG o.a.h.c.p.RequestProxyAuthentication - Proxy auth state: UNCHALLENGED
22:09:43.377 [main] DEBUG o.a.h.impl.client.DefaultHttpClient - Attempt 1 to execute request
22:09:43.377 [main] DEBUG o.a.h.i.conn.DefaultClientConnection - Sending request: GET /2?b=12&c=6&a=20 HTTP/1.1
22:09:43.377 [main] DEBUG org.apache.http.wire -  >> "GET /2?b=12&c=6&a=20 HTTP/1.1[\r][\n]"
22:09:43.377 [main] DEBUG org.apache.http.wire -  >> "Accept: */*[\r][\n]"
22:09:43.377 [main] DEBUG org.apache.http.wire -  >> "Host: localhost:8080[\r][\n]"
22:09:43.377 [main] DEBUG org.apache.http.wire -  >> "Connection: Keep-Alive[\r][\n]"
22:09:43.377 [main] DEBUG org.apache.http.wire -  >> "User-Agent: Apache-HttpClient/4.5.3 (Java/13.0.5.1)[\r][\n]"
22:09:43.377 [main] DEBUG org.apache.http.wire -  >> "Accept-Encoding: gzip,deflate[\r][\n]"
22:09:43.377 [main] DEBUG org.apache.http.wire -  >> "[\r][\n]"
22:09:43.377 [main] DEBUG org.apache.http.headers - >> GET /2?b=12&c=6&a=20 HTTP/1.1
22:09:43.377 [main] DEBUG org.apache.http.headers - >> Accept: */*
22:09:43.377 [main] DEBUG org.apache.http.headers - >> Host: localhost:8080
22:09:43.377 [main] DEBUG org.apache.http.headers - >> Connection: Keep-Alive
22:09:43.377 [main] DEBUG org.apache.http.headers - >> User-Agent: Apache-HttpClient/4.5.3 (Java/13.0.5.1)
22:09:43.377 [main] DEBUG org.apache.http.headers - >> Accept-Encoding: gzip,deflate
22:09:43.395 [main] DEBUG org.apache.http.wire -  << "HTTP/1.1 200 OK[\r][\n]"
22:09:43.395 [main] DEBUG org.apache.http.wire -  << "Server: Apache-Coyote/1.1[\r][\n]"
22:09:43.395 [main] DEBUG org.apache.http.wire -  << "Content-Type: text/plain;charset=UTF-8[\r][\n]"
22:09:43.395 [main] DEBUG org.apache.http.wire -  << "Content-Length: 6[\r][\n]"
22:09:43.395 [main] DEBUG org.apache.http.wire -  << "Date: Sun, 07 Feb 2021 21:09:43 GMT[\r][\n]"
22:09:43.395 [main] DEBUG org.apache.http.wire -  << "[\r][\n]"
22:09:43.395 [main] DEBUG o.a.h.i.conn.DefaultClientConnection - Receiving response: HTTP/1.1 200 OK
22:09:43.395 [main] DEBUG org.apache.http.headers - << HTTP/1.1 200 OK
22:09:43.395 [main] DEBUG org.apache.http.headers - << Server: Apache-Coyote/1.1
22:09:43.395 [main] DEBUG org.apache.http.headers - << Content-Type: text/plain;charset=UTF-8
22:09:43.395 [main] DEBUG org.apache.http.headers - << Content-Length: 6
22:09:43.395 [main] DEBUG org.apache.http.headers - << Date: Sun, 07 Feb 2021 21:09:43 GMT
22:09:43.395 [main] DEBUG o.a.h.impl.client.DefaultHttpClient - Connection can be kept alive indefinitely
22:09:43.395 [main] DEBUG i.r.i.RequestSpecificationImpl$RestAssuredHttpBuilder - Parsing response as: text/plain;charset=UTF-8
22:09:43.395 [main] DEBUG i.r.i.RequestSpecificationImpl$RestAssuredHttpBuilder - Parsed data to instance of: class org.apache.http.conn.EofSensorInputStream
22:09:43.396 [main] DEBUG org.apache.http.wire -  << "a:3000"
22:09:43.396 [main] DEBUG o.a.h.i.c.BasicClientConnectionManager - Releasing connection org.apache.http.impl.conn.ManagedClientConnectionImpl@135064ea
22:09:43.396 [main] DEBUG o.a.h.i.c.BasicClientConnectionManager - Connection can be kept alive indefinitely
22:09:43.397 [main] DEBUG o.a.h.i.c.BasicClientConnectionManager - Get connection for route {}->http://localhost:8080
22:09:43.397 [main] DEBUG o.a.h.i.c.DefaultClientConnectionOperator - Connecting to localhost:8080
22:09:43.398 [main] DEBUG o.a.h.c.protocol.RequestAddCookies - CookieSpec selected: ignoreCookies
22:09:43.398 [main] DEBUG o.a.h.c.protocol.RequestAuthCache - Auth cache not set in the context
22:09:43.398 [main] DEBUG o.a.h.c.p.RequestTargetAuthentication - Target auth state: UNCHALLENGED
22:09:43.398 [main] DEBUG o.a.h.c.p.RequestProxyAuthentication - Proxy auth state: UNCHALLENGED
22:09:43.398 [main] DEBUG o.a.h.impl.client.DefaultHttpClient - Attempt 1 to execute request
22:09:43.398 [main] DEBUG o.a.h.i.conn.DefaultClientConnection - Sending request: GET /2?b=12&c=6&a=20 HTTP/1.1
22:09:43.398 [main] DEBUG org.apache.http.wire -  >> "GET /2?b=12&c=6&a=20 HTTP/1.1[\r][\n]"
22:09:43.398 [main] DEBUG org.apache.http.wire -  >> "Accept: */*[\r][\n]"
22:09:43.398 [main] DEBUG org.apache.http.wire -  >> "Host: localhost:8080[\r][\n]"
22:09:43.398 [main] DEBUG org.apache.http.wire -  >> "Connection: Keep-Alive[\r][\n]"
22:09:43.398 [main] DEBUG org.apache.http.wire -  >> "User-Agent: Apache-HttpClient/4.5.3 (Java/13.0.5.1)[\r][\n]"
22:09:43.398 [main] DEBUG org.apache.http.wire -  >> "Accept-Encoding: gzip,deflate[\r][\n]"
22:09:43.398 [main] DEBUG org.apache.http.wire -  >> "[\r][\n]"
22:09:43.398 [main] DEBUG org.apache.http.headers - >> GET /2?b=12&c=6&a=20 HTTP/1.1
22:09:43.398 [main] DEBUG org.apache.http.headers - >> Accept: */*
22:09:43.398 [main] DEBUG org.apache.http.headers - >> Host: localhost:8080
22:09:43.398 [main] DEBUG org.apache.http.headers - >> Connection: Keep-Alive
22:09:43.398 [main] DEBUG org.apache.http.headers - >> User-Agent: Apache-HttpClient/4.5.3 (Java/13.0.5.1)
22:09:43.398 [main] DEBUG org.apache.http.headers - >> Accept-Encoding: gzip,deflate
22:09:43.419 [main] DEBUG org.apache.http.wire -  << "HTTP/1.1 200 OK[\r][\n]"
22:09:43.419 [main] DEBUG org.apache.http.wire -  << "Server: Apache-Coyote/1.1[\r][\n]"
22:09:43.419 [main] DEBUG org.apache.http.wire -  << "Content-Type: text/plain;charset=UTF-8[\r][\n]"
22:09:43.419 [main] DEBUG org.apache.http.wire -  << "Content-Length: 6[\r][\n]"
22:09:43.419 [main] DEBUG org.apache.http.wire -  << "Date: Sun, 07 Feb 2021 21:09:43 GMT[\r][\n]"
22:09:43.419 [main] DEBUG org.apache.http.wire -  << "[\r][\n]"
22:09:43.419 [main] DEBUG o.a.h.i.conn.DefaultClientConnection - Receiving response: HTTP/1.1 200 OK
22:09:43.419 [main] DEBUG org.apache.http.headers - << HTTP/1.1 200 OK
22:09:43.419 [main] DEBUG org.apache.http.headers - << Server: Apache-Coyote/1.1
22:09:43.419 [main] DEBUG org.apache.http.headers - << Content-Type: text/plain;charset=UTF-8
22:09:43.419 [main] DEBUG org.apache.http.headers - << Content-Length: 6
22:09:43.419 [main] DEBUG org.apache.http.headers - << Date: Sun, 07 Feb 2021 21:09:43 GMT
22:09:43.419 [main] DEBUG o.a.h.impl.client.DefaultHttpClient - Connection can be kept alive indefinitely
22:09:43.419 [main] DEBUG i.r.i.RequestSpecificationImpl$RestAssuredHttpBuilder - Parsing response as: text/plain;charset=UTF-8
22:09:43.419 [main] DEBUG i.r.i.RequestSpecificationImpl$RestAssuredHttpBuilder - Parsed data to instance of: class org.apache.http.conn.EofSensorInputStream
22:09:43.419 [main] DEBUG org.apache.http.wire -  << "a:3000"
22:09:43.419 [main] DEBUG o.a.h.i.c.BasicClientConnectionManager - Releasing connection org.apache.http.impl.conn.ManagedClientConnectionImpl@33a71d23
22:09:43.419 [main] DEBUG o.a.h.i.c.BasicClientConnectionManager - Connection can be kept alive indefinitely
22:09:43.422 [main] DEBUG o.a.h.i.c.BasicClientConnectionManager - Get connection for route {}->http://localhost:8080
22:09:43.422 [main] DEBUG o.a.h.i.c.DefaultClientConnectionOperator - Connecting to localhost:8080
22:09:43.422 [main] DEBUG o.a.h.c.protocol.RequestAddCookies - CookieSpec selected: ignoreCookies
22:09:43.423 [main] DEBUG o.a.h.c.protocol.RequestAuthCache - Auth cache not set in the context
22:09:43.423 [main] DEBUG o.a.h.c.p.RequestTargetAuthentication - Target auth state: UNCHALLENGED
22:09:43.423 [main] DEBUG o.a.h.c.p.RequestProxyAuthentication - Proxy auth state: UNCHALLENGED
22:09:43.423 [main] DEBUG o.a.h.impl.client.DefaultHttpClient - Attempt 1 to execute request
22:09:43.423 [main] DEBUG o.a.h.i.conn.DefaultClientConnection - Sending request: GET /2?b=12&c=6&a=20 HTTP/1.1
22:09:43.423 [main] DEBUG org.apache.http.wire -  >> "GET /2?b=12&c=6&a=20 HTTP/1.1[\r][\n]"
22:09:43.423 [main] DEBUG org.apache.http.wire -  >> "Accept: */*[\r][\n]"
22:09:43.423 [main] DEBUG org.apache.http.wire -  >> "Host: localhost:8080[\r][\n]"
22:09:43.423 [main] DEBUG org.apache.http.wire -  >> "Connection: Keep-Alive[\r][\n]"
22:09:43.423 [main] DEBUG org.apache.http.wire -  >> "User-Agent: Apache-HttpClient/4.5.3 (Java/13.0.5.1)[\r][\n]"
22:09:43.423 [main] DEBUG org.apache.http.wire -  >> "Accept-Encoding: gzip,deflate[\r][\n]"
22:09:43.423 [main] DEBUG org.apache.http.wire -  >> "[\r][\n]"
22:09:43.423 [main] DEBUG org.apache.http.headers - >> GET /2?b=12&c=6&a=20 HTTP/1.1
22:09:43.423 [main] DEBUG org.apache.http.headers - >> Accept: */*
22:09:43.423 [main] DEBUG org.apache.http.headers - >> Host: localhost:8080
22:09:43.423 [main] DEBUG org.apache.http.headers - >> Connection: Keep-Alive
22:09:43.423 [main] DEBUG org.apache.http.headers - >> User-Agent: Apache-HttpClient/4.5.3 (Java/13.0.5.1)
22:09:43.423 [main] DEBUG org.apache.http.headers - >> Accept-Encoding: gzip,deflate
22:09:43.442 [main] DEBUG org.apache.http.wire -  << "HTTP/1.1 200 OK[\r][\n]"
22:09:43.442 [main] DEBUG org.apache.http.wire -  << "Server: Apache-Coyote/1.1[\r][\n]"
22:09:43.442 [main] DEBUG org.apache.http.wire -  << "Content-Type: text/plain;charset=UTF-8[\r][\n]"
22:09:43.442 [main] DEBUG org.apache.http.wire -  << "Content-Length: 6[\r][\n]"
22:09:43.442 [main] DEBUG org.apache.http.wire -  << "Date: Sun, 07 Feb 2021 21:09:43 GMT[\r][\n]"
22:09:43.442 [main] DEBUG org.apache.http.wire -  << "[\r][\n]"
22:09:43.443 [main] DEBUG o.a.h.i.conn.DefaultClientConnection - Receiving response: HTTP/1.1 200 OK
22:09:43.443 [main] DEBUG org.apache.http.headers - << HTTP/1.1 200 OK
22:09:43.443 [main] DEBUG org.apache.http.headers - << Server: Apache-Coyote/1.1
22:09:43.443 [main] DEBUG org.apache.http.headers - << Content-Type: text/plain;charset=UTF-8
22:09:43.443 [main] DEBUG org.apache.http.headers - << Content-Length: 6
22:09:43.443 [main] DEBUG org.apache.http.headers - << Date: Sun, 07 Feb 2021 21:09:43 GMT
22:09:43.443 [main] DEBUG o.a.h.impl.client.DefaultHttpClient - Connection can be kept alive indefinitely
22:09:43.443 [main] DEBUG i.r.i.RequestSpecificationImpl$RestAssuredHttpBuilder - Parsing response as: text/plain;charset=UTF-8
22:09:43.443 [main] DEBUG i.r.i.RequestSpecificationImpl$RestAssuredHttpBuilder - Parsed data to instance of: class org.apache.http.conn.EofSensorInputStream
22:09:43.443 [main] DEBUG org.apache.http.wire -  << "a:3000"
22:09:43.443 [main] DEBUG o.a.h.i.c.BasicClientConnectionManager - Releasing connection org.apache.http.impl.conn.ManagedClientConnectionImpl@208e5b23
22:09:43.443 [main] DEBUG o.a.h.i.c.BasicClientConnectionManager - Connection can be kept alive indefinitely
22:09:43.445 [main] DEBUG o.a.h.i.c.BasicClientConnectionManager - Get connection for route {}->http://localhost:8080
22:09:43.445 [main] DEBUG o.a.h.i.c.DefaultClientConnectionOperator - Connecting to localhost:8080
22:09:43.446 [main] DEBUG o.a.h.c.protocol.RequestAddCookies - CookieSpec selected: ignoreCookies
22:09:43.446 [main] DEBUG o.a.h.c.protocol.RequestAuthCache - Auth cache not set in the context
22:09:43.446 [main] DEBUG o.a.h.c.p.RequestTargetAuthentication - Target auth state: UNCHALLENGED
22:09:43.446 [main] DEBUG o.a.h.c.p.RequestProxyAuthentication - Proxy auth state: UNCHALLENGED
22:09:43.446 [main] DEBUG o.a.h.impl.client.DefaultHttpClient - Attempt 1 to execute request
22:09:43.446 [main] DEBUG o.a.h.i.conn.DefaultClientConnection - Sending request: GET /2?b=12&c=6&a=20 HTTP/1.1
22:09:43.446 [main] DEBUG org.apache.http.wire -  >> "GET /2?b=12&c=6&a=20 HTTP/1.1[\r][\n]"
22:09:43.446 [main] DEBUG org.apache.http.wire -  >> "Accept: */*[\r][\n]"
22:09:43.446 [main] DEBUG org.apache.http.wire -  >> "Host: localhost:8080[\r][\n]"
22:09:43.446 [main] DEBUG org.apache.http.wire -  >> "Connection: Keep-Alive[\r][\n]"
22:09:43.446 [main] DEBUG org.apache.http.wire -  >> "User-Agent: Apache-HttpClient/4.5.3 (Java/13.0.5.1)[\r][\n]"
22:09:43.446 [main] DEBUG org.apache.http.wire -  >> "Accept-Encoding: gzip,deflate[\r][\n]"
22:09:43.446 [main] DEBUG org.apache.http.wire -  >> "[\r][\n]"
22:09:43.446 [main] DEBUG org.apache.http.headers - >> GET /2?b=12&c=6&a=20 HTTP/1.1
22:09:43.446 [main] DEBUG org.apache.http.headers - >> Accept: */*
22:09:43.446 [main] DEBUG org.apache.http.headers - >> Host: localhost:8080
22:09:43.446 [main] DEBUG org.apache.http.headers - >> Connection: Keep-Alive
22:09:43.446 [main] DEBUG org.apache.http.headers - >> User-Agent: Apache-HttpClient/4.5.3 (Java/13.0.5.1)
22:09:43.446 [main] DEBUG org.apache.http.headers - >> Accept-Encoding: gzip,deflate
22:09:43.461 [main] DEBUG org.apache.http.wire -  << "HTTP/1.1 200 OK[\r][\n]"
22:09:43.462 [main] DEBUG org.apache.http.wire -  << "Server: Apache-Coyote/1.1[\r][\n]"
22:09:43.462 [main] DEBUG org.apache.http.wire -  << "Content-Type: text/plain;charset=UTF-8[\r][\n]"
22:09:43.462 [main] DEBUG org.apache.http.wire -  << "Content-Length: 6[\r][\n]"
22:09:43.462 [main] DEBUG org.apache.http.wire -  << "Date: Sun, 07 Feb 2021 21:09:43 GMT[\r][\n]"
22:09:43.462 [main] DEBUG org.apache.http.wire -  << "[\r][\n]"
22:09:43.462 [main] DEBUG o.a.h.i.conn.DefaultClientConnection - Receiving response: HTTP/1.1 200 OK
22:09:43.462 [main] DEBUG org.apache.http.headers - << HTTP/1.1 200 OK
22:09:43.462 [main] DEBUG org.apache.http.headers - << Server: Apache-Coyote/1.1
22:09:43.462 [main] DEBUG org.apache.http.headers - << Content-Type: text/plain;charset=UTF-8
22:09:43.462 [main] DEBUG org.apache.http.headers - << Content-Length: 6
22:09:43.462 [main] DEBUG org.apache.http.headers - << Date: Sun, 07 Feb 2021 21:09:43 GMT
22:09:43.462 [main] DEBUG o.a.h.impl.client.DefaultHttpClient - Connection can be kept alive indefinitely
22:09:43.462 [main] DEBUG i.r.i.RequestSpecificationImpl$RestAssuredHttpBuilder - Parsing response as: text/plain;charset=UTF-8
22:09:43.462 [main] DEBUG i.r.i.RequestSpecificationImpl$RestAssuredHttpBuilder - Parsed data to instance of: class org.apache.http.conn.EofSensorInputStream
22:09:43.462 [main] DEBUG org.apache.http.wire -  << "a:3000"
22:09:43.462 [main] DEBUG o.a.h.i.c.BasicClientConnectionManager - Releasing connection org.apache.http.impl.conn.ManagedClientConnectionImpl@2b4829aa
22:09:43.462 [main] DEBUG o.a.h.i.c.BasicClientConnectionManager - Connection can be kept alive indefinitely
22:09:43.466 [main] DEBUG o.a.h.i.c.BasicClientConnectionManager - Get connection for route {}->http://localhost:8080
22:09:43.466 [main] DEBUG o.a.h.i.c.DefaultClientConnectionOperator - Connecting to localhost:8080
22:09:43.467 [main] DEBUG o.a.h.c.protocol.RequestAddCookies - CookieSpec selected: ignoreCookies
22:09:43.467 [main] DEBUG o.a.h.c.protocol.RequestAuthCache - Auth cache not set in the context
22:09:43.467 [main] DEBUG o.a.h.c.p.RequestTargetAuthentication - Target auth state: UNCHALLENGED
22:09:43.467 [main] DEBUG o.a.h.c.p.RequestProxyAuthentication - Proxy auth state: UNCHALLENGED
22:09:43.467 [main] DEBUG o.a.h.impl.client.DefaultHttpClient - Attempt 1 to execute request
22:09:43.467 [main] DEBUG o.a.h.i.conn.DefaultClientConnection - Sending request: GET /2?b=12&c=6&a=20 HTTP/1.1
22:09:43.467 [main] DEBUG org.apache.http.wire -  >> "GET /2?b=12&c=6&a=20 HTTP/1.1[\r][\n]"
22:09:43.467 [main] DEBUG org.apache.http.wire -  >> "Accept: */*[\r][\n]"
22:09:43.467 [main] DEBUG org.apache.http.wire -  >> "Host: localhost:8080[\r][\n]"
22:09:43.467 [main] DEBUG org.apache.http.wire -  >> "Connection: Keep-Alive[\r][\n]"
22:09:43.467 [main] DEBUG org.apache.http.wire -  >> "User-Agent: Apache-HttpClient/4.5.3 (Java/13.0.5.1)[\r][\n]"
22:09:43.467 [main] DEBUG org.apache.http.wire -  >> "Accept-Encoding: gzip,deflate[\r][\n]"
22:09:43.467 [main] DEBUG org.apache.http.wire -  >> "[\r][\n]"
22:09:43.467 [main] DEBUG org.apache.http.headers - >> GET /2?b=12&c=6&a=20 HTTP/1.1
22:09:43.467 [main] DEBUG org.apache.http.headers - >> Accept: */*
22:09:43.467 [main] DEBUG org.apache.http.headers - >> Host: localhost:8080
22:09:43.467 [main] DEBUG org.apache.http.headers - >> Connection: Keep-Alive
22:09:43.467 [main] DEBUG org.apache.http.headers - >> User-Agent: Apache-HttpClient/4.5.3 (Java/13.0.5.1)
22:09:43.467 [main] DEBUG org.apache.http.headers - >> Accept-Encoding: gzip,deflate
22:09:43.485 [main] DEBUG org.apache.http.wire -  << "HTTP/1.1 200 OK[\r][\n]"
22:09:43.485 [main] DEBUG org.apache.http.wire -  << "Server: Apache-Coyote/1.1[\r][\n]"
22:09:43.485 [main] DEBUG org.apache.http.wire -  << "Content-Type: text/plain;charset=UTF-8[\r][\n]"
22:09:43.485 [main] DEBUG org.apache.http.wire -  << "Content-Length: 6[\r][\n]"
22:09:43.485 [main] DEBUG org.apache.http.wire -  << "Date: Sun, 07 Feb 2021 21:09:43 GMT[\r][\n]"
22:09:43.485 [main] DEBUG org.apache.http.wire -  << "[\r][\n]"
22:09:43.485 [main] DEBUG o.a.h.i.conn.DefaultClientConnection - Receiving response: HTTP/1.1 200 OK
22:09:43.485 [main] DEBUG org.apache.http.headers - << HTTP/1.1 200 OK
22:09:43.485 [main] DEBUG org.apache.http.headers - << Server: Apache-Coyote/1.1
22:09:43.485 [main] DEBUG org.apache.http.headers - << Content-Type: text/plain;charset=UTF-8
22:09:43.485 [main] DEBUG org.apache.http.headers - << Content-Length: 6
22:09:43.485 [main] DEBUG org.apache.http.headers - << Date: Sun, 07 Feb 2021 21:09:43 GMT
22:09:43.485 [main] DEBUG o.a.h.impl.client.DefaultHttpClient - Connection can be kept alive indefinitely
22:09:43.485 [main] DEBUG i.r.i.RequestSpecificationImpl$RestAssuredHttpBuilder - Parsing response as: text/plain;charset=UTF-8
22:09:43.486 [main] DEBUG i.r.i.RequestSpecificationImpl$RestAssuredHttpBuilder - Parsed data to instance of: class org.apache.http.conn.EofSensorInputStream
22:09:43.486 [main] DEBUG org.apache.http.wire -  << "a:3000"
22:09:43.486 [main] DEBUG o.a.h.i.c.BasicClientConnectionManager - Releasing connection org.apache.http.impl.conn.ManagedClientConnectionImpl@70ee9d31
22:09:43.486 [main] DEBUG o.a.h.i.c.BasicClientConnectionManager - Connection can be kept alive indefinitely
22:09:43.488 [main] DEBUG o.a.h.i.c.BasicClientConnectionManager - Get connection for route {}->http://localhost:8080
22:09:43.488 [main] DEBUG o.a.h.i.c.DefaultClientConnectionOperator - Connecting to localhost:8080
22:09:43.489 [main] DEBUG o.a.h.c.protocol.RequestAddCookies - CookieSpec selected: ignoreCookies
22:09:43.489 [main] DEBUG o.a.h.c.protocol.RequestAuthCache - Auth cache not set in the context
22:09:43.489 [main] DEBUG o.a.h.c.p.RequestTargetAuthentication - Target auth state: UNCHALLENGED
22:09:43.489 [main] DEBUG o.a.h.c.p.RequestProxyAuthentication - Proxy auth state: UNCHALLENGED
22:09:43.489 [main] DEBUG o.a.h.impl.client.DefaultHttpClient - Attempt 1 to execute request
22:09:43.489 [main] DEBUG o.a.h.i.conn.DefaultClientConnection - Sending request: GET /2?b=12&c=6&a=20 HTTP/1.1
22:09:43.489 [main] DEBUG org.apache.http.wire -  >> "GET /2?b=12&c=6&a=20 HTTP/1.1[\r][\n]"
22:09:43.489 [main] DEBUG org.apache.http.wire -  >> "Accept: */*[\r][\n]"
22:09:43.489 [main] DEBUG org.apache.http.wire -  >> "Host: localhost:8080[\r][\n]"
22:09:43.489 [main] DEBUG org.apache.http.wire -  >> "Connection: Keep-Alive[\r][\n]"
22:09:43.489 [main] DEBUG org.apache.http.wire -  >> "User-Agent: Apache-HttpClient/4.5.3 (Java/13.0.5.1)[\r][\n]"
22:09:43.489 [main] DEBUG org.apache.http.wire -  >> "Accept-Encoding: gzip,deflate[\r][\n]"
22:09:43.489 [main] DEBUG org.apache.http.wire -  >> "[\r][\n]"
22:09:43.489 [main] DEBUG org.apache.http.headers - >> GET /2?b=12&c=6&a=20 HTTP/1.1
22:09:43.489 [main] DEBUG org.apache.http.headers - >> Accept: */*
22:09:43.489 [main] DEBUG org.apache.http.headers - >> Host: localhost:8080
22:09:43.489 [main] DEBUG org.apache.http.headers - >> Connection: Keep-Alive
22:09:43.489 [main] DEBUG org.apache.http.headers - >> User-Agent: Apache-HttpClient/4.5.3 (Java/13.0.5.1)
22:09:43.489 [main] DEBUG org.apache.http.headers - >> Accept-Encoding: gzip,deflate
22:09:43.512 [main] DEBUG org.apache.http.wire -  << "HTTP/1.1 200 OK[\r][\n]"
22:09:43.512 [main] DEBUG org.apache.http.wire -  << "Server: Apache-Coyote/1.1[\r][\n]"
22:09:43.512 [main] DEBUG org.apache.http.wire -  << "Content-Type: text/plain;charset=UTF-8[\r][\n]"
22:09:43.512 [main] DEBUG org.apache.http.wire -  << "Content-Length: 6[\r][\n]"
22:09:43.512 [main] DEBUG org.apache.http.wire -  << "Date: Sun, 07 Feb 2021 21:09:43 GMT[\r][\n]"
22:09:43.512 [main] DEBUG org.apache.http.wire -  << "[\r][\n]"
22:09:43.512 [main] DEBUG o.a.h.i.conn.DefaultClientConnection - Receiving response: HTTP/1.1 200 OK
22:09:43.512 [main] DEBUG org.apache.http.headers - << HTTP/1.1 200 OK
22:09:43.512 [main] DEBUG org.apache.http.headers - << Server: Apache-Coyote/1.1
22:09:43.512 [main] DEBUG org.apache.http.headers - << Content-Type: text/plain;charset=UTF-8
22:09:43.512 [main] DEBUG org.apache.http.headers - << Content-Length: 6
22:09:43.512 [main] DEBUG org.apache.http.headers - << Date: Sun, 07 Feb 2021 21:09:43 GMT
22:09:43.512 [main] DEBUG o.a.h.impl.client.DefaultHttpClient - Connection can be kept alive indefinitely
22:09:43.513 [main] DEBUG i.r.i.RequestSpecificationImpl$RestAssuredHttpBuilder - Parsing response as: text/plain;charset=UTF-8
22:09:43.513 [main] DEBUG i.r.i.RequestSpecificationImpl$RestAssuredHttpBuilder - Parsed data to instance of: class org.apache.http.conn.EofSensorInputStream
22:09:43.513 [main] DEBUG org.apache.http.wire -  << "a:3000"
22:09:43.513 [main] DEBUG o.a.h.i.c.BasicClientConnectionManager - Releasing connection org.apache.http.impl.conn.ManagedClientConnectionImpl@2fa879ed
22:09:43.513 [main] DEBUG o.a.h.i.c.BasicClientConnectionManager - Connection can be kept alive indefinitely
22:09:43.518 [main] DEBUG o.a.h.i.c.BasicClientConnectionManager - Get connection for route {}->http://localhost:8080
22:09:43.519 [main] DEBUG o.a.h.i.c.DefaultClientConnectionOperator - Connecting to localhost:8080
22:09:43.519 [main] DEBUG o.a.h.c.protocol.RequestAddCookies - CookieSpec selected: ignoreCookies
22:09:43.519 [main] DEBUG o.a.h.c.protocol.RequestAuthCache - Auth cache not set in the context
22:09:43.519 [main] DEBUG o.a.h.c.p.RequestTargetAuthentication - Target auth state: UNCHALLENGED
22:09:43.519 [main] DEBUG o.a.h.c.p.RequestProxyAuthentication - Proxy auth state: UNCHALLENGED
22:09:43.519 [main] DEBUG o.a.h.impl.client.DefaultHttpClient - Attempt 1 to execute request
22:09:43.519 [main] DEBUG o.a.h.i.conn.DefaultClientConnection - Sending request: GET /2?b=12&c=6&a=20 HTTP/1.1
22:09:43.519 [main] DEBUG org.apache.http.wire -  >> "GET /2?b=12&c=6&a=20 HTTP/1.1[\r][\n]"
22:09:43.519 [main] DEBUG org.apache.http.wire -  >> "Accept: */*[\r][\n]"
22:09:43.519 [main] DEBUG org.apache.http.wire -  >> "Host: localhost:8080[\r][\n]"
22:09:43.519 [main] DEBUG org.apache.http.wire -  >> "Connection: Keep-Alive[\r][\n]"
22:09:43.519 [main] DEBUG org.apache.http.wire -  >> "User-Agent: Apache-HttpClient/4.5.3 (Java/13.0.5.1)[\r][\n]"
22:09:43.519 [main] DEBUG org.apache.http.wire -  >> "Accept-Encoding: gzip,deflate[\r][\n]"
22:09:43.519 [main] DEBUG org.apache.http.wire -  >> "[\r][\n]"
22:09:43.519 [main] DEBUG org.apache.http.headers - >> GET /2?b=12&c=6&a=20 HTTP/1.1
22:09:43.519 [main] DEBUG org.apache.http.headers - >> Accept: */*
22:09:43.519 [main] DEBUG org.apache.http.headers - >> Host: localhost:8080
22:09:43.519 [main] DEBUG org.apache.http.headers - >> Connection: Keep-Alive
22:09:43.519 [main] DEBUG org.apache.http.headers - >> User-Agent: Apache-HttpClient/4.5.3 (Java/13.0.5.1)
22:09:43.519 [main] DEBUG org.apache.http.headers - >> Accept-Encoding: gzip,deflate
22:09:43.540 [main] DEBUG org.apache.http.wire -  << "HTTP/1.1 200 OK[\r][\n]"
22:09:43.540 [main] DEBUG org.apache.http.wire -  << "Server: Apache-Coyote/1.1[\r][\n]"
22:09:43.540 [main] DEBUG org.apache.http.wire -  << "Content-Type: text/plain;charset=UTF-8[\r][\n]"
22:09:43.540 [main] DEBUG org.apache.http.wire -  << "Content-Length: 6[\r][\n]"
22:09:43.540 [main] DEBUG org.apache.http.wire -  << "Date: Sun, 07 Feb 2021 21:09:43 GMT[\r][\n]"
22:09:43.540 [main] DEBUG org.apache.http.wire -  << "[\r][\n]"
22:09:43.540 [main] DEBUG o.a.h.i.conn.DefaultClientConnection - Receiving response: HTTP/1.1 200 OK
22:09:43.540 [main] DEBUG org.apache.http.headers - << HTTP/1.1 200 OK
22:09:43.540 [main] DEBUG org.apache.http.headers - << Server: Apache-Coyote/1.1
22:09:43.540 [main] DEBUG org.apache.http.headers - << Content-Type: text/plain;charset=UTF-8
22:09:43.540 [main] DEBUG org.apache.http.headers - << Content-Length: 6
22:09:43.540 [main] DEBUG org.apache.http.headers - << Date: Sun, 07 Feb 2021 21:09:43 GMT
22:09:43.541 [main] DEBUG o.a.h.impl.client.DefaultHttpClient - Connection can be kept alive indefinitely
22:09:43.541 [main] DEBUG i.r.i.RequestSpecificationImpl$RestAssuredHttpBuilder - Parsing response as: text/plain;charset=UTF-8
22:09:43.541 [main] DEBUG i.r.i.RequestSpecificationImpl$RestAssuredHttpBuilder - Parsed data to instance of: class org.apache.http.conn.EofSensorInputStream
22:09:43.541 [main] DEBUG org.apache.http.wire -  << "a:3000"
22:09:43.541 [main] DEBUG o.a.h.i.c.BasicClientConnectionManager - Releasing connection org.apache.http.impl.conn.ManagedClientConnectionImpl@7a3c99f1
22:09:43.541 [main] DEBUG o.a.h.i.c.BasicClientConnectionManager - Connection can be kept alive indefinitely
22:09:43.543 [main] DEBUG o.a.h.i.c.BasicClientConnectionManager - Get connection for route {}->http://localhost:8080
22:09:43.543 [main] DEBUG o.a.h.i.c.DefaultClientConnectionOperator - Connecting to localhost:8080
22:09:43.544 [main] DEBUG o.a.h.c.protocol.RequestAddCookies - CookieSpec selected: ignoreCookies
22:09:43.544 [main] DEBUG o.a.h.c.protocol.RequestAuthCache - Auth cache not set in the context
22:09:43.544 [main] DEBUG o.a.h.c.p.RequestTargetAuthentication - Target auth state: UNCHALLENGED
22:09:43.544 [main] DEBUG o.a.h.c.p.RequestProxyAuthentication - Proxy auth state: UNCHALLENGED
22:09:43.544 [main] DEBUG o.a.h.impl.client.DefaultHttpClient - Attempt 1 to execute request
22:09:43.544 [main] DEBUG o.a.h.i.conn.DefaultClientConnection - Sending request: GET /2?b=12&c=6&a=20 HTTP/1.1
22:09:43.544 [main] DEBUG org.apache.http.wire -  >> "GET /2?b=12&c=6&a=20 HTTP/1.1[\r][\n]"
22:09:43.544 [main] DEBUG org.apache.http.wire -  >> "Accept: */*[\r][\n]"
22:09:43.544 [main] DEBUG org.apache.http.wire -  >> "Host: localhost:8080[\r][\n]"
22:09:43.544 [main] DEBUG org.apache.http.wire -  >> "Connection: Keep-Alive[\r][\n]"
22:09:43.544 [main] DEBUG org.apache.http.wire -  >> "User-Agent: Apache-HttpClient/4.5.3 (Java/13.0.5.1)[\r][\n]"
22:09:43.544 [main] DEBUG org.apache.http.wire -  >> "Accept-Encoding: gzip,deflate[\r][\n]"
22:09:43.544 [main] DEBUG org.apache.http.wire -  >> "[\r][\n]"
22:09:43.544 [main] DEBUG org.apache.http.headers - >> GET /2?b=12&c=6&a=20 HTTP/1.1
22:09:43.544 [main] DEBUG org.apache.http.headers - >> Accept: */*
22:09:43.544 [main] DEBUG org.apache.http.headers - >> Host: localhost:8080
22:09:43.544 [main] DEBUG org.apache.http.headers - >> Connection: Keep-Alive
22:09:43.544 [main] DEBUG org.apache.http.headers - >> User-Agent: Apache-HttpClient/4.5.3 (Java/13.0.5.1)
22:09:43.544 [main] DEBUG org.apache.http.headers - >> Accept-Encoding: gzip,deflate
22:09:43.560 [main] DEBUG org.apache.http.wire -  << "HTTP/1.1 200 OK[\r][\n]"
22:09:43.560 [main] DEBUG org.apache.http.wire -  << "Server: Apache-Coyote/1.1[\r][\n]"
22:09:43.560 [main] DEBUG org.apache.http.wire -  << "Content-Type: text/plain;charset=UTF-8[\r][\n]"
22:09:43.560 [main] DEBUG org.apache.http.wire -  << "Content-Length: 6[\r][\n]"
22:09:43.560 [main] DEBUG org.apache.http.wire -  << "Date: Sun, 07 Feb 2021 21:09:43 GMT[\r][\n]"
22:09:43.560 [main] DEBUG org.apache.http.wire -  << "[\r][\n]"
22:09:43.560 [main] DEBUG o.a.h.i.conn.DefaultClientConnection - Receiving response: HTTP/1.1 200 OK
22:09:43.560 [main] DEBUG org.apache.http.headers - << HTTP/1.1 200 OK
22:09:43.560 [main] DEBUG org.apache.http.headers - << Server: Apache-Coyote/1.1
22:09:43.560 [main] DEBUG org.apache.http.headers - << Content-Type: text/plain;charset=UTF-8
22:09:43.560 [main] DEBUG org.apache.http.headers - << Content-Length: 6
22:09:43.560 [main] DEBUG org.apache.http.headers - << Date: Sun, 07 Feb 2021 21:09:43 GMT
22:09:43.560 [main] DEBUG o.a.h.impl.client.DefaultHttpClient - Connection can be kept alive indefinitely
22:09:43.561 [main] DEBUG i.r.i.RequestSpecificationImpl$RestAssuredHttpBuilder - Parsing response as: text/plain;charset=UTF-8
22:09:43.561 [main] DEBUG i.r.i.RequestSpecificationImpl$RestAssuredHttpBuilder - Parsed data to instance of: class org.apache.http.conn.EofSensorInputStream
22:09:43.562 [main] DEBUG org.apache.http.wire -  << "a:3000"
22:09:43.562 [main] DEBUG o.a.h.i.c.BasicClientConnectionManager - Releasing connection org.apache.http.impl.conn.ManagedClientConnectionImpl@5cf2f5d6
22:09:43.562 [main] DEBUG o.a.h.i.c.BasicClientConnectionManager - Connection can be kept alive indefinitely
22:09:43.565 [main] DEBUG o.a.h.i.c.BasicClientConnectionManager - Get connection for route {}->http://localhost:8080
22:09:43.565 [main] DEBUG o.a.h.i.c.DefaultClientConnectionOperator - Connecting to localhost:8080
22:09:43.566 [main] DEBUG o.a.h.c.protocol.RequestAddCookies - CookieSpec selected: ignoreCookies
22:09:43.566 [main] DEBUG o.a.h.c.protocol.RequestAuthCache - Auth cache not set in the context
22:09:43.566 [main] DEBUG o.a.h.c.p.RequestTargetAuthentication - Target auth state: UNCHALLENGED
22:09:43.566 [main] DEBUG o.a.h.c.p.RequestProxyAuthentication - Proxy auth state: UNCHALLENGED
22:09:43.566 [main] DEBUG o.a.h.impl.client.DefaultHttpClient - Attempt 1 to execute request
22:09:43.566 [main] DEBUG o.a.h.i.conn.DefaultClientConnection - Sending request: GET /2?b=12&c=6&a=20 HTTP/1.1
22:09:43.566 [main] DEBUG org.apache.http.wire -  >> "GET /2?b=12&c=6&a=20 HTTP/1.1[\r][\n]"
22:09:43.566 [main] DEBUG org.apache.http.wire -  >> "Accept: */*[\r][\n]"
22:09:43.566 [main] DEBUG org.apache.http.wire -  >> "Host: localhost:8080[\r][\n]"
22:09:43.566 [main] DEBUG org.apache.http.wire -  >> "Connection: Keep-Alive[\r][\n]"
22:09:43.566 [main] DEBUG org.apache.http.wire -  >> "User-Agent: Apache-HttpClient/4.5.3 (Java/13.0.5.1)[\r][\n]"
22:09:43.566 [main] DEBUG org.apache.http.wire -  >> "Accept-Encoding: gzip,deflate[\r][\n]"
22:09:43.566 [main] DEBUG org.apache.http.wire -  >> "[\r][\n]"
22:09:43.566 [main] DEBUG org.apache.http.headers - >> GET /2?b=12&c=6&a=20 HTTP/1.1
22:09:43.566 [main] DEBUG org.apache.http.headers - >> Accept: */*
22:09:43.566 [main] DEBUG org.apache.http.headers - >> Host: localhost:8080
22:09:43.566 [main] DEBUG org.apache.http.headers - >> Connection: Keep-Alive
22:09:43.566 [main] DEBUG org.apache.http.headers - >> User-Agent: Apache-HttpClient/4.5.3 (Java/13.0.5.1)
22:09:43.566 [main] DEBUG org.apache.http.headers - >> Accept-Encoding: gzip,deflate
22:09:43.583 [main] DEBUG org.apache.http.wire -  << "HTTP/1.1 200 OK[\r][\n]"
22:09:43.583 [main] DEBUG org.apache.http.wire -  << "Server: Apache-Coyote/1.1[\r][\n]"
22:09:43.583 [main] DEBUG org.apache.http.wire -  << "Content-Type: text/plain;charset=UTF-8[\r][\n]"
22:09:43.583 [main] DEBUG org.apache.http.wire -  << "Content-Length: 6[\r][\n]"
22:09:43.583 [main] DEBUG org.apache.http.wire -  << "Date: Sun, 07 Feb 2021 21:09:43 GMT[\r][\n]"
22:09:43.583 [main] DEBUG org.apache.http.wire -  << "[\r][\n]"
22:09:43.583 [main] DEBUG o.a.h.i.conn.DefaultClientConnection - Receiving response: HTTP/1.1 200 OK
22:09:43.583 [main] DEBUG org.apache.http.headers - << HTTP/1.1 200 OK
22:09:43.583 [main] DEBUG org.apache.http.headers - << Server: Apache-Coyote/1.1
22:09:43.583 [main] DEBUG org.apache.http.headers - << Content-Type: text/plain;charset=UTF-8
22:09:43.583 [main] DEBUG org.apache.http.headers - << Content-Length: 6
22:09:43.583 [main] DEBUG org.apache.http.headers - << Date: Sun, 07 Feb 2021 21:09:43 GMT
22:09:43.583 [main] DEBUG o.a.h.impl.client.DefaultHttpClient - Connection can be kept alive indefinitely
22:09:43.583 [main] DEBUG i.r.i.RequestSpecificationImpl$RestAssuredHttpBuilder - Parsing response as: text/plain;charset=UTF-8
22:09:43.583 [main] DEBUG i.r.i.RequestSpecificationImpl$RestAssuredHttpBuilder - Parsed data to instance of: class org.apache.http.conn.EofSensorInputStream
22:09:43.583 [main] DEBUG org.apache.http.wire -  << "a:3000"
22:09:43.583 [main] DEBUG o.a.h.i.c.BasicClientConnectionManager - Releasing connection org.apache.http.impl.conn.ManagedClientConnectionImpl@60a4e619
22:09:43.583 [main] DEBUG o.a.h.i.c.BasicClientConnectionManager - Connection can be kept alive indefinitely
22:09:43.585 [main] DEBUG o.a.h.i.c.BasicClientConnectionManager - Get connection for route {}->http://localhost:8080
22:09:43.585 [main] DEBUG o.a.h.i.c.DefaultClientConnectionOperator - Connecting to localhost:8080
22:09:43.585 [main] DEBUG o.a.h.c.protocol.RequestAddCookies - CookieSpec selected: ignoreCookies
22:09:43.585 [main] DEBUG o.a.h.c.protocol.RequestAuthCache - Auth cache not set in the context
22:09:43.585 [main] DEBUG o.a.h.c.p.RequestTargetAuthentication - Target auth state: UNCHALLENGED
22:09:43.585 [main] DEBUG o.a.h.c.p.RequestProxyAuthentication - Proxy auth state: UNCHALLENGED
22:09:43.585 [main] DEBUG o.a.h.impl.client.DefaultHttpClient - Attempt 1 to execute request
22:09:43.585 [main] DEBUG o.a.h.i.conn.DefaultClientConnection - Sending request: GET /2?b=12&c=6&a=20 HTTP/1.1
22:09:43.585 [main] DEBUG org.apache.http.wire -  >> "GET /2?b=12&c=6&a=20 HTTP/1.1[\r][\n]"
22:09:43.585 [main] DEBUG org.apache.http.wire -  >> "Accept: */*[\r][\n]"
22:09:43.585 [main] DEBUG org.apache.http.wire -  >> "Host: localhost:8080[\r][\n]"
22:09:43.585 [main] DEBUG org.apache.http.wire -  >> "Connection: Keep-Alive[\r][\n]"
22:09:43.585 [main] DEBUG org.apache.http.wire -  >> "User-Agent: Apache-HttpClient/4.5.3 (Java/13.0.5.1)[\r][\n]"
22:09:43.585 [main] DEBUG org.apache.http.wire -  >> "Accept-Encoding: gzip,deflate[\r][\n]"
22:09:43.585 [main] DEBUG org.apache.http.wire -  >> "[\r][\n]"
22:09:43.585 [main] DEBUG org.apache.http.headers - >> GET /2?b=12&c=6&a=20 HTTP/1.1
22:09:43.585 [main] DEBUG org.apache.http.headers - >> Accept: */*
22:09:43.585 [main] DEBUG org.apache.http.headers - >> Host: localhost:8080
22:09:43.585 [main] DEBUG org.apache.http.headers - >> Connection: Keep-Alive
22:09:43.585 [main] DEBUG org.apache.http.headers - >> User-Agent: Apache-HttpClient/4.5.3 (Java/13.0.5.1)
22:09:43.585 [main] DEBUG org.apache.http.headers - >> Accept-Encoding: gzip,deflate
22:09:43.601 [main] DEBUG org.apache.http.wire -  << "HTTP/1.1 200 OK[\r][\n]"
22:09:43.601 [main] DEBUG org.apache.http.wire -  << "Server: Apache-Coyote/1.1[\r][\n]"
22:09:43.601 [main] DEBUG org.apache.http.wire -  << "Content-Type: text/plain;charset=UTF-8[\r][\n]"
22:09:43.601 [main] DEBUG org.apache.http.wire -  << "Content-Length: 6[\r][\n]"
22:09:43.601 [main] DEBUG org.apache.http.wire -  << "Date: Sun, 07 Feb 2021 21:09:43 GMT[\r][\n]"
22:09:43.601 [main] DEBUG org.apache.http.wire -  << "[\r][\n]"
22:09:43.601 [main] DEBUG o.a.h.i.conn.DefaultClientConnection - Receiving response: HTTP/1.1 200 OK
22:09:43.601 [main] DEBUG org.apache.http.headers - << HTTP/1.1 200 OK
22:09:43.601 [main] DEBUG org.apache.http.headers - << Server: Apache-Coyote/1.1
22:09:43.601 [main] DEBUG org.apache.http.headers - << Content-Type: text/plain;charset=UTF-8
22:09:43.601 [main] DEBUG org.apache.http.headers - << Content-Length: 6
22:09:43.601 [main] DEBUG org.apache.http.headers - << Date: Sun, 07 Feb 2021 21:09:43 GMT
22:09:43.601 [main] DEBUG o.a.h.impl.client.DefaultHttpClient - Connection can be kept alive indefinitely
22:09:43.601 [main] DEBUG i.r.i.RequestSpecificationImpl$RestAssuredHttpBuilder - Parsing response as: text/plain;charset=UTF-8
22:09:43.601 [main] DEBUG i.r.i.RequestSpecificationImpl$RestAssuredHttpBuilder - Parsed data to instance of: class org.apache.http.conn.EofSensorInputStream
22:09:43.601 [main] DEBUG org.apache.http.wire -  << "a:3000"
22:09:43.601 [main] DEBUG o.a.h.i.c.BasicClientConnectionManager - Releasing connection org.apache.http.impl.conn.ManagedClientConnectionImpl@628b503a
22:09:43.601 [main] DEBUG o.a.h.i.c.BasicClientConnectionManager - Connection can be kept alive indefinitely
22:09:43.603 [main] DEBUG o.a.h.i.c.BasicClientConnectionManager - Get connection for route {}->http://localhost:8080
22:09:43.603 [main] DEBUG o.a.h.i.c.DefaultClientConnectionOperator - Connecting to localhost:8080
22:09:43.604 [main] DEBUG o.a.h.c.protocol.RequestAddCookies - CookieSpec selected: ignoreCookies
22:09:43.604 [main] DEBUG o.a.h.c.protocol.RequestAuthCache - Auth cache not set in the context
22:09:43.604 [main] DEBUG o.a.h.c.p.RequestTargetAuthentication - Target auth state: UNCHALLENGED
22:09:43.604 [main] DEBUG o.a.h.c.p.RequestProxyAuthentication - Proxy auth state: UNCHALLENGED
22:09:43.604 [main] DEBUG o.a.h.impl.client.DefaultHttpClient - Attempt 1 to execute request
22:09:43.604 [main] DEBUG o.a.h.i.conn.DefaultClientConnection - Sending request: GET /2?b=12&c=6&a=20 HTTP/1.1
22:09:43.604 [main] DEBUG org.apache.http.wire -  >> "GET /2?b=12&c=6&a=20 HTTP/1.1[\r][\n]"
22:09:43.604 [main] DEBUG org.apache.http.wire -  >> "Accept: */*[\r][\n]"
22:09:43.604 [main] DEBUG org.apache.http.wire -  >> "Host: localhost:8080[\r][\n]"
22:09:43.604 [main] DEBUG org.apache.http.wire -  >> "Connection: Keep-Alive[\r][\n]"
22:09:43.604 [main] DEBUG org.apache.http.wire -  >> "User-Agent: Apache-HttpClient/4.5.3 (Java/13.0.5.1)[\r][\n]"
22:09:43.604 [main] DEBUG org.apache.http.wire -  >> "Accept-Encoding: gzip,deflate[\r][\n]"
22:09:43.604 [main] DEBUG org.apache.http.wire -  >> "[\r][\n]"
22:09:43.604 [main] DEBUG org.apache.http.headers - >> GET /2?b=12&c=6&a=20 HTTP/1.1
22:09:43.604 [main] DEBUG org.apache.http.headers - >> Accept: */*
22:09:43.604 [main] DEBUG org.apache.http.headers - >> Host: localhost:8080
22:09:43.604 [main] DEBUG org.apache.http.headers - >> Connection: Keep-Alive
22:09:43.604 [main] DEBUG org.apache.http.headers - >> User-Agent: Apache-HttpClient/4.5.3 (Java/13.0.5.1)
22:09:43.604 [main] DEBUG org.apache.http.headers - >> Accept-Encoding: gzip,deflate
22:09:43.620 [main] DEBUG org.apache.http.wire -  << "HTTP/1.1 200 OK[\r][\n]"
22:09:43.620 [main] DEBUG org.apache.http.wire -  << "Server: Apache-Coyote/1.1[\r][\n]"
22:09:43.620 [main] DEBUG org.apache.http.wire -  << "Content-Type: text/plain;charset=UTF-8[\r][\n]"
22:09:43.620 [main] DEBUG org.apache.http.wire -  << "Content-Length: 6[\r][\n]"
22:09:43.620 [main] DEBUG org.apache.http.wire -  << "Date: Sun, 07 Feb 2021 21:09:43 GMT[\r][\n]"
22:09:43.620 [main] DEBUG org.apache.http.wire -  << "[\r][\n]"
22:09:43.620 [main] DEBUG o.a.h.i.conn.DefaultClientConnection - Receiving response: HTTP/1.1 200 OK
22:09:43.620 [main] DEBUG org.apache.http.headers - << HTTP/1.1 200 OK
22:09:43.620 [main] DEBUG org.apache.http.headers - << Server: Apache-Coyote/1.1
22:09:43.620 [main] DEBUG org.apache.http.headers - << Content-Type: text/plain;charset=UTF-8
22:09:43.620 [main] DEBUG org.apache.http.headers - << Content-Length: 6
22:09:43.620 [main] DEBUG org.apache.http.headers - << Date: Sun, 07 Feb 2021 21:09:43 GMT
22:09:43.620 [main] DEBUG o.a.h.impl.client.DefaultHttpClient - Connection can be kept alive indefinitely
22:09:43.620 [main] DEBUG i.r.i.RequestSpecificationImpl$RestAssuredHttpBuilder - Parsing response as: text/plain;charset=UTF-8
22:09:43.620 [main] DEBUG i.r.i.RequestSpecificationImpl$RestAssuredHttpBuilder - Parsed data to instance of: class org.apache.http.conn.EofSensorInputStream
22:09:43.620 [main] DEBUG org.apache.http.wire -  << "a:3000"
22:09:43.620 [main] DEBUG o.a.h.i.c.BasicClientConnectionManager - Releasing connection org.apache.http.impl.conn.ManagedClientConnectionImpl@1a3b1f7e
22:09:43.621 [main] DEBUG o.a.h.i.c.BasicClientConnectionManager - Connection can be kept alive indefinitely
22:09:43.622 [main] DEBUG o.a.h.i.c.BasicClientConnectionManager - Get connection for route {}->http://localhost:8080
22:09:43.622 [main] DEBUG o.a.h.i.c.DefaultClientConnectionOperator - Connecting to localhost:8080
22:09:43.623 [main] DEBUG o.a.h.c.protocol.RequestAddCookies - CookieSpec selected: ignoreCookies
22:09:43.623 [main] DEBUG o.a.h.c.protocol.RequestAuthCache - Auth cache not set in the context
22:09:43.623 [main] DEBUG o.a.h.c.p.RequestTargetAuthentication - Target auth state: UNCHALLENGED
22:09:43.623 [main] DEBUG o.a.h.c.p.RequestProxyAuthentication - Proxy auth state: UNCHALLENGED
22:09:43.623 [main] DEBUG o.a.h.impl.client.DefaultHttpClient - Attempt 1 to execute request
22:09:43.623 [main] DEBUG o.a.h.i.conn.DefaultClientConnection - Sending request: GET /2?b=12&c=6&a=20 HTTP/1.1
22:09:43.623 [main] DEBUG org.apache.http.wire -  >> "GET /2?b=12&c=6&a=20 HTTP/1.1[\r][\n]"
22:09:43.623 [main] DEBUG org.apache.http.wire -  >> "Accept: */*[\r][\n]"
22:09:43.623 [main] DEBUG org.apache.http.wire -  >> "Host: localhost:8080[\r][\n]"
22:09:43.623 [main] DEBUG org.apache.http.wire -  >> "Connection: Keep-Alive[\r][\n]"
22:09:43.623 [main] DEBUG org.apache.http.wire -  >> "User-Agent: Apache-HttpClient/4.5.3 (Java/13.0.5.1)[\r][\n]"
22:09:43.623 [main] DEBUG org.apache.http.wire -  >> "Accept-Encoding: gzip,deflate[\r][\n]"
22:09:43.623 [main] DEBUG org.apache.http.wire -  >> "[\r][\n]"
22:09:43.623 [main] DEBUG org.apache.http.headers - >> GET /2?b=12&c=6&a=20 HTTP/1.1
22:09:43.623 [main] DEBUG org.apache.http.headers - >> Accept: */*
22:09:43.623 [main] DEBUG org.apache.http.headers - >> Host: localhost:8080
22:09:43.623 [main] DEBUG org.apache.http.headers - >> Connection: Keep-Alive
22:09:43.623 [main] DEBUG org.apache.http.headers - >> User-Agent: Apache-HttpClient/4.5.3 (Java/13.0.5.1)
22:09:43.623 [main] DEBUG org.apache.http.headers - >> Accept-Encoding: gzip,deflate
22:09:43.643 [main] DEBUG org.apache.http.wire -  << "HTTP/1.1 200 OK[\r][\n]"
22:09:43.643 [main] DEBUG org.apache.http.wire -  << "Server: Apache-Coyote/1.1[\r][\n]"
22:09:43.643 [main] DEBUG org.apache.http.wire -  << "Content-Type: text/plain;charset=UTF-8[\r][\n]"
22:09:43.643 [main] DEBUG org.apache.http.wire -  << "Content-Length: 6[\r][\n]"
22:09:43.643 [main] DEBUG org.apache.http.wire -  << "Date: Sun, 07 Feb 2021 21:09:43 GMT[\r][\n]"
22:09:43.643 [main] DEBUG org.apache.http.wire -  << "[\r][\n]"
22:09:43.644 [main] DEBUG o.a.h.i.conn.DefaultClientConnection - Receiving response: HTTP/1.1 200 OK
22:09:43.644 [main] DEBUG org.apache.http.headers - << HTTP/1.1 200 OK
22:09:43.644 [main] DEBUG org.apache.http.headers - << Server: Apache-Coyote/1.1
22:09:43.644 [main] DEBUG org.apache.http.headers - << Content-Type: text/plain;charset=UTF-8
22:09:43.644 [main] DEBUG org.apache.http.headers - << Content-Length: 6
22:09:43.644 [main] DEBUG org.apache.http.headers - << Date: Sun, 07 Feb 2021 21:09:43 GMT
22:09:43.644 [main] DEBUG o.a.h.impl.client.DefaultHttpClient - Connection can be kept alive indefinitely
22:09:43.644 [main] DEBUG i.r.i.RequestSpecificationImpl$RestAssuredHttpBuilder - Parsing response as: text/plain;charset=UTF-8
22:09:43.644 [main] DEBUG i.r.i.RequestSpecificationImpl$RestAssuredHttpBuilder - Parsed data to instance of: class org.apache.http.conn.EofSensorInputStream
22:09:43.644 [main] DEBUG org.apache.http.wire -  << "a:3000"
22:09:43.644 [main] DEBUG o.a.h.i.c.BasicClientConnectionManager - Releasing connection org.apache.http.impl.conn.ManagedClientConnectionImpl@4fbe486c
22:09:43.644 [main] DEBUG o.a.h.i.c.BasicClientConnectionManager - Connection can be kept alive indefinitely
22:09:43.646 [main] DEBUG o.a.h.i.c.BasicClientConnectionManager - Get connection for route {}->http://localhost:8080
22:09:43.646 [main] DEBUG o.a.h.i.c.DefaultClientConnectionOperator - Connecting to localhost:8080
22:09:43.646 [main] DEBUG o.a.h.c.protocol.RequestAddCookies - CookieSpec selected: ignoreCookies
22:09:43.646 [main] DEBUG o.a.h.c.protocol.RequestAuthCache - Auth cache not set in the context
22:09:43.646 [main] DEBUG o.a.h.c.p.RequestTargetAuthentication - Target auth state: UNCHALLENGED
22:09:43.646 [main] DEBUG o.a.h.c.p.RequestProxyAuthentication - Proxy auth state: UNCHALLENGED
22:09:43.646 [main] DEBUG o.a.h.impl.client.DefaultHttpClient - Attempt 1 to execute request
22:09:43.646 [main] DEBUG o.a.h.i.conn.DefaultClientConnection - Sending request: GET /2?b=12&c=6&a=20 HTTP/1.1
22:09:43.647 [main] DEBUG org.apache.http.wire -  >> "GET /2?b=12&c=6&a=20 HTTP/1.1[\r][\n]"
22:09:43.647 [main] DEBUG org.apache.http.wire -  >> "Accept: */*[\r][\n]"
22:09:43.647 [main] DEBUG org.apache.http.wire -  >> "Host: localhost:8080[\r][\n]"
22:09:43.647 [main] DEBUG org.apache.http.wire -  >> "Connection: Keep-Alive[\r][\n]"
22:09:43.647 [main] DEBUG org.apache.http.wire -  >> "User-Agent: Apache-HttpClient/4.5.3 (Java/13.0.5.1)[\r][\n]"
22:09:43.647 [main] DEBUG org.apache.http.wire -  >> "Accept-Encoding: gzip,deflate[\r][\n]"
22:09:43.647 [main] DEBUG org.apache.http.wire -  >> "[\r][\n]"
22:09:43.647 [main] DEBUG org.apache.http.headers - >> GET /2?b=12&c=6&a=20 HTTP/1.1
22:09:43.647 [main] DEBUG org.apache.http.headers - >> Accept: */*
22:09:43.647 [main] DEBUG org.apache.http.headers - >> Host: localhost:8080
22:09:43.647 [main] DEBUG org.apache.http.headers - >> Connection: Keep-Alive
22:09:43.647 [main] DEBUG org.apache.http.headers - >> User-Agent: Apache-HttpClient/4.5.3 (Java/13.0.5.1)
22:09:43.647 [main] DEBUG org.apache.http.headers - >> Accept-Encoding: gzip,deflate
22:09:43.663 [main] DEBUG org.apache.http.wire -  << "HTTP/1.1 200 OK[\r][\n]"
22:09:43.663 [main] DEBUG org.apache.http.wire -  << "Server: Apache-Coyote/1.1[\r][\n]"
22:09:43.663 [main] DEBUG org.apache.http.wire -  << "Content-Type: text/plain;charset=UTF-8[\r][\n]"
22:09:43.663 [main] DEBUG org.apache.http.wire -  << "Content-Length: 6[\r][\n]"
22:09:43.663 [main] DEBUG org.apache.http.wire -  << "Date: Sun, 07 Feb 2021 21:09:43 GMT[\r][\n]"
22:09:43.663 [main] DEBUG org.apache.http.wire -  << "[\r][\n]"
22:09:43.663 [main] DEBUG o.a.h.i.conn.DefaultClientConnection - Receiving response: HTTP/1.1 200 OK
22:09:43.663 [main] DEBUG org.apache.http.headers - << HTTP/1.1 200 OK
22:09:43.663 [main] DEBUG org.apache.http.headers - << Server: Apache-Coyote/1.1
22:09:43.663 [main] DEBUG org.apache.http.headers - << Content-Type: text/plain;charset=UTF-8
22:09:43.663 [main] DEBUG org.apache.http.headers - << Content-Length: 6
22:09:43.663 [main] DEBUG org.apache.http.headers - << Date: Sun, 07 Feb 2021 21:09:43 GMT
22:09:43.663 [main] DEBUG o.a.h.impl.client.DefaultHttpClient - Connection can be kept alive indefinitely
22:09:43.663 [main] DEBUG i.r.i.RequestSpecificationImpl$RestAssuredHttpBuilder - Parsing response as: text/plain;charset=UTF-8
22:09:43.663 [main] DEBUG i.r.i.RequestSpecificationImpl$RestAssuredHttpBuilder - Parsed data to instance of: class org.apache.http.conn.EofSensorInputStream
22:09:43.663 [main] DEBUG org.apache.http.wire -  << "a:3000"
22:09:43.663 [main] DEBUG o.a.h.i.c.BasicClientConnectionManager - Releasing connection org.apache.http.impl.conn.ManagedClientConnectionImpl@28519bfb
22:09:43.663 [main] DEBUG o.a.h.i.c.BasicClientConnectionManager - Connection can be kept alive indefinitely
22:09:43.665 [main] DEBUG o.a.h.i.c.BasicClientConnectionManager - Get connection for route {}->http://localhost:8080
22:09:43.665 [main] DEBUG o.a.h.i.c.DefaultClientConnectionOperator - Connecting to localhost:8080
22:09:43.665 [main] DEBUG o.a.h.c.protocol.RequestAddCookies - CookieSpec selected: ignoreCookies
22:09:43.665 [main] DEBUG o.a.h.c.protocol.RequestAuthCache - Auth cache not set in the context
22:09:43.665 [main] DEBUG o.a.h.c.p.RequestTargetAuthentication - Target auth state: UNCHALLENGED
22:09:43.665 [main] DEBUG o.a.h.c.p.RequestProxyAuthentication - Proxy auth state: UNCHALLENGED
22:09:43.665 [main] DEBUG o.a.h.impl.client.DefaultHttpClient - Attempt 1 to execute request
22:09:43.665 [main] DEBUG o.a.h.i.conn.DefaultClientConnection - Sending request: GET /2?b=12&c=6&a=20 HTTP/1.1
22:09:43.665 [main] DEBUG org.apache.http.wire -  >> "GET /2?b=12&c=6&a=20 HTTP/1.1[\r][\n]"
22:09:43.665 [main] DEBUG org.apache.http.wire -  >> "Accept: */*[\r][\n]"
22:09:43.665 [main] DEBUG org.apache.http.wire -  >> "Host: localhost:8080[\r][\n]"
22:09:43.665 [main] DEBUG org.apache.http.wire -  >> "Connection: Keep-Alive[\r][\n]"
22:09:43.665 [main] DEBUG org.apache.http.wire -  >> "User-Agent: Apache-HttpClient/4.5.3 (Java/13.0.5.1)[\r][\n]"
22:09:43.665 [main] DEBUG org.apache.http.wire -  >> "Accept-Encoding: gzip,deflate[\r][\n]"
22:09:43.665 [main] DEBUG org.apache.http.wire -  >> "[\r][\n]"
22:09:43.665 [main] DEBUG org.apache.http.headers - >> GET /2?b=12&c=6&a=20 HTTP/1.1
22:09:43.665 [main] DEBUG org.apache.http.headers - >> Accept: */*
22:09:43.665 [main] DEBUG org.apache.http.headers - >> Host: localhost:8080
22:09:43.665 [main] DEBUG org.apache.http.headers - >> Connection: Keep-Alive
22:09:43.665 [main] DEBUG org.apache.http.headers - >> User-Agent: Apache-HttpClient/4.5.3 (Java/13.0.5.1)
22:09:43.665 [main] DEBUG org.apache.http.headers - >> Accept-Encoding: gzip,deflate
22:09:43.681 [main] DEBUG org.apache.http.wire -  << "HTTP/1.1 200 OK[\r][\n]"
22:09:43.681 [main] DEBUG org.apache.http.wire -  << "Server: Apache-Coyote/1.1[\r][\n]"
22:09:43.681 [main] DEBUG org.apache.http.wire -  << "Content-Type: text/plain;charset=UTF-8[\r][\n]"
22:09:43.681 [main] DEBUG org.apache.http.wire -  << "Content-Length: 6[\r][\n]"
22:09:43.681 [main] DEBUG org.apache.http.wire -  << "Date: Sun, 07 Feb 2021 21:09:43 GMT[\r][\n]"
22:09:43.681 [main] DEBUG org.apache.http.wire -  << "[\r][\n]"
22:09:43.681 [main] DEBUG o.a.h.i.conn.DefaultClientConnection - Receiving response: HTTP/1.1 200 OK
22:09:43.681 [main] DEBUG org.apache.http.headers - << HTTP/1.1 200 OK
22:09:43.681 [main] DEBUG org.apache.http.headers - << Server: Apache-Coyote/1.1
22:09:43.681 [main] DEBUG org.apache.http.headers - << Content-Type: text/plain;charset=UTF-8
22:09:43.681 [main] DEBUG org.apache.http.headers - << Content-Length: 6
22:09:43.681 [main] DEBUG org.apache.http.headers - << Date: Sun, 07 Feb 2021 21:09:43 GMT
22:09:43.681 [main] DEBUG o.a.h.impl.client.DefaultHttpClient - Connection can be kept alive indefinitely
22:09:43.682 [main] DEBUG i.r.i.RequestSpecificationImpl$RestAssuredHttpBuilder - Parsing response as: text/plain;charset=UTF-8
22:09:43.682 [main] DEBUG i.r.i.RequestSpecificationImpl$RestAssuredHttpBuilder - Parsed data to instance of: class org.apache.http.conn.EofSensorInputStream
22:09:43.682 [main] DEBUG org.apache.http.wire -  << "a:3000"
22:09:43.682 [main] DEBUG o.a.h.i.c.BasicClientConnectionManager - Releasing connection org.apache.http.impl.conn.ManagedClientConnectionImpl@66a472b9
22:09:43.682 [main] DEBUG o.a.h.i.c.BasicClientConnectionManager - Connection can be kept alive indefinitely
22:09:43.684 [main] DEBUG o.a.h.i.c.BasicClientConnectionManager - Get connection for route {}->http://localhost:8080
22:09:43.684 [main] DEBUG o.a.h.i.c.DefaultClientConnectionOperator - Connecting to localhost:8080
22:09:43.684 [main] DEBUG o.a.h.c.protocol.RequestAddCookies - CookieSpec selected: ignoreCookies
22:09:43.684 [main] DEBUG o.a.h.c.protocol.RequestAuthCache - Auth cache not set in the context
22:09:43.684 [main] DEBUG o.a.h.c.p.RequestTargetAuthentication - Target auth state: UNCHALLENGED
22:09:43.684 [main] DEBUG o.a.h.c.p.RequestProxyAuthentication - Proxy auth state: UNCHALLENGED
22:09:43.684 [main] DEBUG o.a.h.impl.client.DefaultHttpClient - Attempt 1 to execute request
22:09:43.684 [main] DEBUG o.a.h.i.conn.DefaultClientConnection - Sending request: GET /2?b=12&c=6&a=20 HTTP/1.1
22:09:43.685 [main] DEBUG org.apache.http.wire -  >> "GET /2?b=12&c=6&a=20 HTTP/1.1[\r][\n]"
22:09:43.685 [main] DEBUG org.apache.http.wire -  >> "Accept: */*[\r][\n]"
22:09:43.685 [main] DEBUG org.apache.http.wire -  >> "Host: localhost:8080[\r][\n]"
22:09:43.685 [main] DEBUG org.apache.http.wire -  >> "Connection: Keep-Alive[\r][\n]"
22:09:43.685 [main] DEBUG org.apache.http.wire -  >> "User-Agent: Apache-HttpClient/4.5.3 (Java/13.0.5.1)[\r][\n]"
22:09:43.685 [main] DEBUG org.apache.http.wire -  >> "Accept-Encoding: gzip,deflate[\r][\n]"
22:09:43.685 [main] DEBUG org.apache.http.wire -  >> "[\r][\n]"
22:09:43.685 [main] DEBUG org.apache.http.headers - >> GET /2?b=12&c=6&a=20 HTTP/1.1
22:09:43.685 [main] DEBUG org.apache.http.headers - >> Accept: */*
22:09:43.685 [main] DEBUG org.apache.http.headers - >> Host: localhost:8080
22:09:43.685 [main] DEBUG org.apache.http.headers - >> Connection: Keep-Alive
22:09:43.685 [main] DEBUG org.apache.http.headers - >> User-Agent: Apache-HttpClient/4.5.3 (Java/13.0.5.1)
22:09:43.685 [main] DEBUG org.apache.http.headers - >> Accept-Encoding: gzip,deflate
22:09:43.702 [main] DEBUG org.apache.http.wire -  << "HTTP/1.1 200 OK[\r][\n]"
22:09:43.702 [main] DEBUG org.apache.http.wire -  << "Server: Apache-Coyote/1.1[\r][\n]"
22:09:43.702 [main] DEBUG org.apache.http.wire -  << "Content-Type: text/plain;charset=UTF-8[\r][\n]"
22:09:43.702 [main] DEBUG org.apache.http.wire -  << "Content-Length: 6[\r][\n]"
22:09:43.702 [main] DEBUG org.apache.http.wire -  << "Date: Sun, 07 Feb 2021 21:09:43 GMT[\r][\n]"
22:09:43.702 [main] DEBUG org.apache.http.wire -  << "[\r][\n]"
22:09:43.702 [main] DEBUG o.a.h.i.conn.DefaultClientConnection - Receiving response: HTTP/1.1 200 OK
22:09:43.702 [main] DEBUG org.apache.http.headers - << HTTP/1.1 200 OK
22:09:43.702 [main] DEBUG org.apache.http.headers - << Server: Apache-Coyote/1.1
22:09:43.702 [main] DEBUG org.apache.http.headers - << Content-Type: text/plain;charset=UTF-8
22:09:43.702 [main] DEBUG org.apache.http.headers - << Content-Length: 6
22:09:43.702 [main] DEBUG org.apache.http.headers - << Date: Sun, 07 Feb 2021 21:09:43 GMT
22:09:43.702 [main] DEBUG o.a.h.impl.client.DefaultHttpClient - Connection can be kept alive indefinitely
22:09:43.703 [main] DEBUG i.r.i.RequestSpecificationImpl$RestAssuredHttpBuilder - Parsing response as: text/plain;charset=UTF-8
22:09:43.703 [main] DEBUG i.r.i.RequestSpecificationImpl$RestAssuredHttpBuilder - Parsed data to instance of: class org.apache.http.conn.EofSensorInputStream
22:09:43.703 [main] DEBUG org.apache.http.wire -  << "a:3000"
22:09:43.703 [main] DEBUG o.a.h.i.c.BasicClientConnectionManager - Releasing connection org.apache.http.impl.conn.ManagedClientConnectionImpl@3fd5d679
22:09:43.703 [main] DEBUG o.a.h.i.c.BasicClientConnectionManager - Connection can be kept alive indefinitely
22:09:43.704 [main] DEBUG o.a.h.i.c.BasicClientConnectionManager - Get connection for route {}->http://localhost:8080
22:09:43.704 [main] DEBUG o.a.h.i.c.DefaultClientConnectionOperator - Connecting to localhost:8080
22:09:43.705 [main] DEBUG o.a.h.c.protocol.RequestAddCookies - CookieSpec selected: ignoreCookies
22:09:43.705 [main] DEBUG o.a.h.c.protocol.RequestAuthCache - Auth cache not set in the context
22:09:43.705 [main] DEBUG o.a.h.c.p.RequestTargetAuthentication - Target auth state: UNCHALLENGED
22:09:43.705 [main] DEBUG o.a.h.c.p.RequestProxyAuthentication - Proxy auth state: UNCHALLENGED
22:09:43.705 [main] DEBUG o.a.h.impl.client.DefaultHttpClient - Attempt 1 to execute request
22:09:43.705 [main] DEBUG o.a.h.i.conn.DefaultClientConnection - Sending request: GET /2?b=12&c=6&a=20 HTTP/1.1
22:09:43.705 [main] DEBUG org.apache.http.wire -  >> "GET /2?b=12&c=6&a=20 HTTP/1.1[\r][\n]"
22:09:43.705 [main] DEBUG org.apache.http.wire -  >> "Accept: */*[\r][\n]"
22:09:43.705 [main] DEBUG org.apache.http.wire -  >> "Host: localhost:8080[\r][\n]"
22:09:43.705 [main] DEBUG org.apache.http.wire -  >> "Connection: Keep-Alive[\r][\n]"
22:09:43.705 [main] DEBUG org.apache.http.wire -  >> "User-Agent: Apache-HttpClient/4.5.3 (Java/13.0.5.1)[\r][\n]"
22:09:43.705 [main] DEBUG org.apache.http.wire -  >> "Accept-Encoding: gzip,deflate[\r][\n]"
22:09:43.705 [main] DEBUG org.apache.http.wire -  >> "[\r][\n]"
22:09:43.705 [main] DEBUG org.apache.http.headers - >> GET /2?b=12&c=6&a=20 HTTP/1.1
22:09:43.705 [main] DEBUG org.apache.http.headers - >> Accept: */*
22:09:43.705 [main] DEBUG org.apache.http.headers - >> Host: localhost:8080
22:09:43.705 [main] DEBUG org.apache.http.headers - >> Connection: Keep-Alive
22:09:43.705 [main] DEBUG org.apache.http.headers - >> User-Agent: Apache-HttpClient/4.5.3 (Java/13.0.5.1)
22:09:43.705 [main] DEBUG org.apache.http.headers - >> Accept-Encoding: gzip,deflate
22:09:43.722 [main] DEBUG org.apache.http.wire -  << "HTTP/1.1 200 OK[\r][\n]"
22:09:43.722 [main] DEBUG org.apache.http.wire -  << "Server: Apache-Coyote/1.1[\r][\n]"
22:09:43.722 [main] DEBUG org.apache.http.wire -  << "Content-Type: text/plain;charset=UTF-8[\r][\n]"
22:09:43.722 [main] DEBUG org.apache.http.wire -  << "Content-Length: 6[\r][\n]"
22:09:43.722 [main] DEBUG org.apache.http.wire -  << "Date: Sun, 07 Feb 2021 21:09:43 GMT[\r][\n]"
22:09:43.722 [main] DEBUG org.apache.http.wire -  << "[\r][\n]"
22:09:43.722 [main] DEBUG o.a.h.i.conn.DefaultClientConnection - Receiving response: HTTP/1.1 200 OK
22:09:43.722 [main] DEBUG org.apache.http.headers - << HTTP/1.1 200 OK
22:09:43.722 [main] DEBUG org.apache.http.headers - << Server: Apache-Coyote/1.1
22:09:43.722 [main] DEBUG org.apache.http.headers - << Content-Type: text/plain;charset=UTF-8
22:09:43.722 [main] DEBUG org.apache.http.headers - << Content-Length: 6
22:09:43.722 [main] DEBUG org.apache.http.headers - << Date: Sun, 07 Feb 2021 21:09:43 GMT
22:09:43.722 [main] DEBUG o.a.h.impl.client.DefaultHttpClient - Connection can be kept alive indefinitely
22:09:43.722 [main] DEBUG i.r.i.RequestSpecificationImpl$RestAssuredHttpBuilder - Parsing response as: text/plain;charset=UTF-8
22:09:43.722 [main] DEBUG i.r.i.RequestSpecificationImpl$RestAssuredHttpBuilder - Parsed data to instance of: class org.apache.http.conn.EofSensorInputStream
22:09:43.722 [main] DEBUG org.apache.http.wire -  << "a:3000"
22:09:43.722 [main] DEBUG o.a.h.i.c.BasicClientConnectionManager - Releasing connection org.apache.http.impl.conn.ManagedClientConnectionImpl@7c4ca87c
22:09:43.722 [main] DEBUG o.a.h.i.c.BasicClientConnectionManager - Connection can be kept alive indefinitely
22:09:43.724 [main] DEBUG o.a.h.i.c.BasicClientConnectionManager - Get connection for route {}->http://localhost:8080
22:09:43.724 [main] DEBUG o.a.h.i.c.DefaultClientConnectionOperator - Connecting to localhost:8080
22:09:43.724 [main] DEBUG o.a.h.c.protocol.RequestAddCookies - CookieSpec selected: ignoreCookies
22:09:43.724 [main] DEBUG o.a.h.c.protocol.RequestAuthCache - Auth cache not set in the context
22:09:43.724 [main] DEBUG o.a.h.c.p.RequestTargetAuthentication - Target auth state: UNCHALLENGED
22:09:43.724 [main] DEBUG o.a.h.c.p.RequestProxyAuthentication - Proxy auth state: UNCHALLENGED
22:09:43.724 [main] DEBUG o.a.h.impl.client.DefaultHttpClient - Attempt 1 to execute request
22:09:43.724 [main] DEBUG o.a.h.i.conn.DefaultClientConnection - Sending request: GET /2?b=12&c=6&a=20 HTTP/1.1
22:09:43.724 [main] DEBUG org.apache.http.wire -  >> "GET /2?b=12&c=6&a=20 HTTP/1.1[\r][\n]"
22:09:43.724 [main] DEBUG org.apache.http.wire -  >> "Accept: */*[\r][\n]"
22:09:43.724 [main] DEBUG org.apache.http.wire -  >> "Host: localhost:8080[\r][\n]"
22:09:43.724 [main] DEBUG org.apache.http.wire -  >> "Connection: Keep-Alive[\r][\n]"
22:09:43.724 [main] DEBUG org.apache.http.wire -  >> "User-Agent: Apache-HttpClient/4.5.3 (Java/13.0.5.1)[\r][\n]"
22:09:43.724 [main] DEBUG org.apache.http.wire -  >> "Accept-Encoding: gzip,deflate[\r][\n]"
22:09:43.724 [main] DEBUG org.apache.http.wire -  >> "[\r][\n]"
22:09:43.724 [main] DEBUG org.apache.http.headers - >> GET /2?b=12&c=6&a=20 HTTP/1.1
22:09:43.724 [main] DEBUG org.apache.http.headers - >> Accept: */*
22:09:43.724 [main] DEBUG org.apache.http.headers - >> Host: localhost:8080
22:09:43.724 [main] DEBUG org.apache.http.headers - >> Connection: Keep-Alive
22:09:43.724 [main] DEBUG org.apache.http.headers - >> User-Agent: Apache-HttpClient/4.5.3 (Java/13.0.5.1)
22:09:43.724 [main] DEBUG org.apache.http.headers - >> Accept-Encoding: gzip,deflate
22:09:43.740 [main] DEBUG org.apache.http.wire -  << "HTTP/1.1 200 OK[\r][\n]"
22:09:43.740 [main] DEBUG org.apache.http.wire -  << "Server: Apache-Coyote/1.1[\r][\n]"
22:09:43.740 [main] DEBUG org.apache.http.wire -  << "Content-Type: text/plain;charset=UTF-8[\r][\n]"
22:09:43.740 [main] DEBUG org.apache.http.wire -  << "Content-Length: 6[\r][\n]"
22:09:43.740 [main] DEBUG org.apache.http.wire -  << "Date: Sun, 07 Feb 2021 21:09:43 GMT[\r][\n]"
22:09:43.740 [main] DEBUG org.apache.http.wire -  << "[\r][\n]"
22:09:43.740 [main] DEBUG o.a.h.i.conn.DefaultClientConnection - Receiving response: HTTP/1.1 200 OK
22:09:43.740 [main] DEBUG org.apache.http.headers - << HTTP/1.1 200 OK
22:09:43.740 [main] DEBUG org.apache.http.headers - << Server: Apache-Coyote/1.1
22:09:43.740 [main] DEBUG org.apache.http.headers - << Content-Type: text/plain;charset=UTF-8
22:09:43.740 [main] DEBUG org.apache.http.headers - << Content-Length: 6
22:09:43.740 [main] DEBUG org.apache.http.headers - << Date: Sun, 07 Feb 2021 21:09:43 GMT
22:09:43.740 [main] DEBUG o.a.h.impl.client.DefaultHttpClient - Connection can be kept alive indefinitely
22:09:43.740 [main] DEBUG i.r.i.RequestSpecificationImpl$RestAssuredHttpBuilder - Parsing response as: text/plain;charset=UTF-8
22:09:43.740 [main] DEBUG i.r.i.RequestSpecificationImpl$RestAssuredHttpBuilder - Parsed data to instance of: class org.apache.http.conn.EofSensorInputStream
22:09:43.740 [main] DEBUG org.apache.http.wire -  << "a:3000"
22:09:43.740 [main] DEBUG o.a.h.i.c.BasicClientConnectionManager - Releasing connection org.apache.http.impl.conn.ManagedClientConnectionImpl@62b786dc
22:09:43.740 [main] DEBUG o.a.h.i.c.BasicClientConnectionManager - Connection can be kept alive indefinitely
22:09:43.742 [main] DEBUG o.a.h.i.c.BasicClientConnectionManager - Get connection for route {}->http://localhost:8080
22:09:43.742 [main] DEBUG o.a.h.i.c.DefaultClientConnectionOperator - Connecting to localhost:8080
22:09:43.742 [main] DEBUG o.a.h.c.protocol.RequestAddCookies - CookieSpec selected: ignoreCookies
22:09:43.742 [main] DEBUG o.a.h.c.protocol.RequestAuthCache - Auth cache not set in the context
22:09:43.742 [main] DEBUG o.a.h.c.p.RequestTargetAuthentication - Target auth state: UNCHALLENGED
22:09:43.742 [main] DEBUG o.a.h.c.p.RequestProxyAuthentication - Proxy auth state: UNCHALLENGED
22:09:43.742 [main] DEBUG o.a.h.impl.client.DefaultHttpClient - Attempt 1 to execute request
22:09:43.742 [main] DEBUG o.a.h.i.conn.DefaultClientConnection - Sending request: GET /2?b=12&c=6&a=20 HTTP/1.1
22:09:43.742 [main] DEBUG org.apache.http.wire -  >> "GET /2?b=12&c=6&a=20 HTTP/1.1[\r][\n]"
22:09:43.742 [main] DEBUG org.apache.http.wire -  >> "Accept: */*[\r][\n]"
22:09:43.742 [main] DEBUG org.apache.http.wire -  >> "Host: localhost:8080[\r][\n]"
22:09:43.743 [main] DEBUG org.apache.http.wire -  >> "Connection: Keep-Alive[\r][\n]"
22:09:43.743 [main] DEBUG org.apache.http.wire -  >> "User-Agent: Apache-HttpClient/4.5.3 (Java/13.0.5.1)[\r][\n]"
22:09:43.743 [main] DEBUG org.apache.http.wire -  >> "Accept-Encoding: gzip,deflate[\r][\n]"
22:09:43.743 [main] DEBUG org.apache.http.wire -  >> "[\r][\n]"
22:09:43.743 [main] DEBUG org.apache.http.headers - >> GET /2?b=12&c=6&a=20 HTTP/1.1
22:09:43.743 [main] DEBUG org.apache.http.headers - >> Accept: */*
22:09:43.743 [main] DEBUG org.apache.http.headers - >> Host: localhost:8080
22:09:43.743 [main] DEBUG org.apache.http.headers - >> Connection: Keep-Alive
22:09:43.743 [main] DEBUG org.apache.http.headers - >> User-Agent: Apache-HttpClient/4.5.3 (Java/13.0.5.1)
22:09:43.743 [main] DEBUG org.apache.http.headers - >> Accept-Encoding: gzip,deflate
22:09:43.762 [main] DEBUG org.apache.http.wire -  << "HTTP/1.1 200 OK[\r][\n]"
22:09:43.763 [main] DEBUG org.apache.http.wire -  << "Server: Apache-Coyote/1.1[\r][\n]"
22:09:43.763 [main] DEBUG org.apache.http.wire -  << "Content-Type: text/plain;charset=UTF-8[\r][\n]"
22:09:43.763 [main] DEBUG org.apache.http.wire -  << "Content-Length: 6[\r][\n]"
22:09:43.763 [main] DEBUG org.apache.http.wire -  << "Date: Sun, 07 Feb 2021 21:09:43 GMT[\r][\n]"
22:09:43.763 [main] DEBUG org.apache.http.wire -  << "[\r][\n]"
22:09:43.763 [main] DEBUG o.a.h.i.conn.DefaultClientConnection - Receiving response: HTTP/1.1 200 OK
22:09:43.763 [main] DEBUG org.apache.http.headers - << HTTP/1.1 200 OK
22:09:43.763 [main] DEBUG org.apache.http.headers - << Server: Apache-Coyote/1.1
22:09:43.763 [main] DEBUG org.apache.http.headers - << Content-Type: text/plain;charset=UTF-8
22:09:43.763 [main] DEBUG org.apache.http.headers - << Content-Length: 6
22:09:43.763 [main] DEBUG org.apache.http.headers - << Date: Sun, 07 Feb 2021 21:09:43 GMT
22:09:43.763 [main] DEBUG o.a.h.impl.client.DefaultHttpClient - Connection can be kept alive indefinitely
22:09:43.763 [main] DEBUG i.r.i.RequestSpecificationImpl$RestAssuredHttpBuilder - Parsing response as: text/plain;charset=UTF-8
22:09:43.763 [main] DEBUG i.r.i.RequestSpecificationImpl$RestAssuredHttpBuilder - Parsed data to instance of: class org.apache.http.conn.EofSensorInputStream
22:09:43.763 [main] DEBUG org.apache.http.wire -  << "a:3000"
22:09:43.763 [main] DEBUG o.a.h.i.c.BasicClientConnectionManager - Releasing connection org.apache.http.impl.conn.ManagedClientConnectionImpl@226e07e7
22:09:43.763 [main] DEBUG o.a.h.i.c.BasicClientConnectionManager - Connection can be kept alive indefinitely
22:09:43.765 [main] DEBUG o.a.h.i.c.BasicClientConnectionManager - Get connection for route {}->http://localhost:8080
22:09:43.765 [main] DEBUG o.a.h.i.c.DefaultClientConnectionOperator - Connecting to localhost:8080
22:09:43.765 [main] DEBUG o.a.h.c.protocol.RequestAddCookies - CookieSpec selected: ignoreCookies
22:09:43.765 [main] DEBUG o.a.h.c.protocol.RequestAuthCache - Auth cache not set in the context
22:09:43.765 [main] DEBUG o.a.h.c.p.RequestTargetAuthentication - Target auth state: UNCHALLENGED
22:09:43.765 [main] DEBUG o.a.h.c.p.RequestProxyAuthentication - Proxy auth state: UNCHALLENGED
22:09:43.765 [main] DEBUG o.a.h.impl.client.DefaultHttpClient - Attempt 1 to execute request
22:09:43.765 [main] DEBUG o.a.h.i.conn.DefaultClientConnection - Sending request: GET /2?b=12&c=6&a=20 HTTP/1.1
22:09:43.765 [main] DEBUG org.apache.http.wire -  >> "GET /2?b=12&c=6&a=20 HTTP/1.1[\r][\n]"
22:09:43.765 [main] DEBUG org.apache.http.wire -  >> "Accept: */*[\r][\n]"
22:09:43.765 [main] DEBUG org.apache.http.wire -  >> "Host: localhost:8080[\r][\n]"
22:09:43.765 [main] DEBUG org.apache.http.wire -  >> "Connection: Keep-Alive[\r][\n]"
22:09:43.765 [main] DEBUG org.apache.http.wire -  >> "User-Agent: Apache-HttpClient/4.5.3 (Java/13.0.5.1)[\r][\n]"
22:09:43.765 [main] DEBUG org.apache.http.wire -  >> "Accept-Encoding: gzip,deflate[\r][\n]"
22:09:43.765 [main] DEBUG org.apache.http.wire -  >> "[\r][\n]"
22:09:43.765 [main] DEBUG org.apache.http.headers - >> GET /2?b=12&c=6&a=20 HTTP/1.1
22:09:43.765 [main] DEBUG org.apache.http.headers - >> Accept: */*
22:09:43.765 [main] DEBUG org.apache.http.headers - >> Host: localhost:8080
22:09:43.765 [main] DEBUG org.apache.http.headers - >> Connection: Keep-Alive
22:09:43.765 [main] DEBUG org.apache.http.headers - >> User-Agent: Apache-HttpClient/4.5.3 (Java/13.0.5.1)
22:09:43.765 [main] DEBUG org.apache.http.headers - >> Accept-Encoding: gzip,deflate
22:09:43.786 [main] DEBUG org.apache.http.wire -  << "HTTP/1.1 200 OK[\r][\n]"
22:09:43.786 [main] DEBUG org.apache.http.wire -  << "Server: Apache-Coyote/1.1[\r][\n]"
22:09:43.786 [main] DEBUG org.apache.http.wire -  << "Content-Type: text/plain;charset=UTF-8[\r][\n]"
22:09:43.786 [main] DEBUG org.apache.http.wire -  << "Content-Length: 6[\r][\n]"
22:09:43.786 [main] DEBUG org.apache.http.wire -  << "Date: Sun, 07 Feb 2021 21:09:43 GMT[\r][\n]"
22:09:43.786 [main] DEBUG org.apache.http.wire -  << "[\r][\n]"
22:09:43.786 [main] DEBUG o.a.h.i.conn.DefaultClientConnection - Receiving response: HTTP/1.1 200 OK
22:09:43.786 [main] DEBUG org.apache.http.headers - << HTTP/1.1 200 OK
22:09:43.786 [main] DEBUG org.apache.http.headers - << Server: Apache-Coyote/1.1
22:09:43.786 [main] DEBUG org.apache.http.headers - << Content-Type: text/plain;charset=UTF-8
22:09:43.786 [main] DEBUG org.apache.http.headers - << Content-Length: 6
22:09:43.786 [main] DEBUG org.apache.http.headers - << Date: Sun, 07 Feb 2021 21:09:43 GMT
22:09:43.786 [main] DEBUG o.a.h.impl.client.DefaultHttpClient - Connection can be kept alive indefinitely
22:09:43.786 [main] DEBUG i.r.i.RequestSpecificationImpl$RestAssuredHttpBuilder - Parsing response as: text/plain;charset=UTF-8
22:09:43.786 [main] DEBUG i.r.i.RequestSpecificationImpl$RestAssuredHttpBuilder - Parsed data to instance of: class org.apache.http.conn.EofSensorInputStream
22:09:43.787 [main] DEBUG org.apache.http.wire -  << "a:3000"
22:09:43.787 [main] DEBUG o.a.h.i.c.BasicClientConnectionManager - Releasing connection org.apache.http.impl.conn.ManagedClientConnectionImpl@6febec41
22:09:43.787 [main] DEBUG o.a.h.i.c.BasicClientConnectionManager - Connection can be kept alive indefinitely
22:09:43.789 [main] DEBUG o.a.h.i.c.BasicClientConnectionManager - Get connection for route {}->http://localhost:8080
22:09:43.789 [main] DEBUG o.a.h.i.c.DefaultClientConnectionOperator - Connecting to localhost:8080
22:09:43.790 [main] DEBUG o.a.h.c.protocol.RequestAddCookies - CookieSpec selected: ignoreCookies
22:09:43.790 [main] DEBUG o.a.h.c.protocol.RequestAuthCache - Auth cache not set in the context
22:09:43.790 [main] DEBUG o.a.h.c.p.RequestTargetAuthentication - Target auth state: UNCHALLENGED
22:09:43.790 [main] DEBUG o.a.h.c.p.RequestProxyAuthentication - Proxy auth state: UNCHALLENGED
22:09:43.790 [main] DEBUG o.a.h.impl.client.DefaultHttpClient - Attempt 1 to execute request
22:09:43.790 [main] DEBUG o.a.h.i.conn.DefaultClientConnection - Sending request: GET /2?b=12&c=6&a=20 HTTP/1.1
22:09:43.790 [main] DEBUG org.apache.http.wire -  >> "GET /2?b=12&c=6&a=20 HTTP/1.1[\r][\n]"
22:09:43.790 [main] DEBUG org.apache.http.wire -  >> "Accept: */*[\r][\n]"
22:09:43.790 [main] DEBUG org.apache.http.wire -  >> "Host: localhost:8080[\r][\n]"
22:09:43.790 [main] DEBUG org.apache.http.wire -  >> "Connection: Keep-Alive[\r][\n]"
22:09:43.790 [main] DEBUG org.apache.http.wire -  >> "User-Agent: Apache-HttpClient/4.5.3 (Java/13.0.5.1)[\r][\n]"
22:09:43.790 [main] DEBUG org.apache.http.wire -  >> "Accept-Encoding: gzip,deflate[\r][\n]"
22:09:43.790 [main] DEBUG org.apache.http.wire -  >> "[\r][\n]"
22:09:43.790 [main] DEBUG org.apache.http.headers - >> GET /2?b=12&c=6&a=20 HTTP/1.1
22:09:43.790 [main] DEBUG org.apache.http.headers - >> Accept: */*
22:09:43.790 [main] DEBUG org.apache.http.headers - >> Host: localhost:8080
22:09:43.790 [main] DEBUG org.apache.http.headers - >> Connection: Keep-Alive
22:09:43.790 [main] DEBUG org.apache.http.headers - >> User-Agent: Apache-HttpClient/4.5.3 (Java/13.0.5.1)
22:09:43.790 [main] DEBUG org.apache.http.headers - >> Accept-Encoding: gzip,deflate
22:09:43.816 [main] DEBUG org.apache.http.wire -  << "HTTP/1.1 200 OK[\r][\n]"
22:09:43.816 [main] DEBUG org.apache.http.wire -  << "Server: Apache-Coyote/1.1[\r][\n]"
22:09:43.816 [main] DEBUG org.apache.http.wire -  << "Content-Type: text/plain;charset=UTF-8[\r][\n]"
22:09:43.816 [main] DEBUG org.apache.http.wire -  << "Content-Length: 6[\r][\n]"
22:09:43.816 [main] DEBUG org.apache.http.wire -  << "Date: Sun, 07 Feb 2021 21:09:43 GMT[\r][\n]"
22:09:43.816 [main] DEBUG org.apache.http.wire -  << "[\r][\n]"
22:09:43.816 [main] DEBUG o.a.h.i.conn.DefaultClientConnection - Receiving response: HTTP/1.1 200 OK
22:09:43.816 [main] DEBUG org.apache.http.headers - << HTTP/1.1 200 OK
22:09:43.816 [main] DEBUG org.apache.http.headers - << Server: Apache-Coyote/1.1
22:09:43.816 [main] DEBUG org.apache.http.headers - << Content-Type: text/plain;charset=UTF-8
22:09:43.816 [main] DEBUG org.apache.http.headers - << Content-Length: 6
22:09:43.816 [main] DEBUG org.apache.http.headers - << Date: Sun, 07 Feb 2021 21:09:43 GMT
22:09:43.816 [main] DEBUG o.a.h.impl.client.DefaultHttpClient - Connection can be kept alive indefinitely
22:09:43.816 [main] DEBUG i.r.i.RequestSpecificationImpl$RestAssuredHttpBuilder - Parsing response as: text/plain;charset=UTF-8
22:09:43.816 [main] DEBUG i.r.i.RequestSpecificationImpl$RestAssuredHttpBuilder - Parsed data to instance of: class org.apache.http.conn.EofSensorInputStream
22:09:43.816 [main] DEBUG org.apache.http.wire -  << "a:3000"
22:09:43.816 [main] DEBUG o.a.h.i.c.BasicClientConnectionManager - Releasing connection org.apache.http.impl.conn.ManagedClientConnectionImpl@79b8ecb
22:09:43.816 [main] DEBUG o.a.h.i.c.BasicClientConnectionManager - Connection can be kept alive indefinitely
22:09:43.818 [main] DEBUG o.a.h.i.c.BasicClientConnectionManager - Get connection for route {}->http://localhost:8080
22:09:43.818 [main] DEBUG o.a.h.i.c.DefaultClientConnectionOperator - Connecting to localhost:8080
22:09:43.819 [main] DEBUG o.a.h.c.protocol.RequestAddCookies - CookieSpec selected: ignoreCookies
22:09:43.819 [main] DEBUG o.a.h.c.protocol.RequestAuthCache - Auth cache not set in the context
22:09:43.819 [main] DEBUG o.a.h.c.p.RequestTargetAuthentication - Target auth state: UNCHALLENGED
22:09:43.819 [main] DEBUG o.a.h.c.p.RequestProxyAuthentication - Proxy auth state: UNCHALLENGED
22:09:43.819 [main] DEBUG o.a.h.impl.client.DefaultHttpClient - Attempt 1 to execute request
22:09:43.819 [main] DEBUG o.a.h.i.conn.DefaultClientConnection - Sending request: GET /2?b=12&c=6&a=20 HTTP/1.1
22:09:43.819 [main] DEBUG org.apache.http.wire -  >> "GET /2?b=12&c=6&a=20 HTTP/1.1[\r][\n]"
22:09:43.819 [main] DEBUG org.apache.http.wire -  >> "Accept: */*[\r][\n]"
22:09:43.819 [main] DEBUG org.apache.http.wire -  >> "Host: localhost:8080[\r][\n]"
22:09:43.819 [main] DEBUG org.apache.http.wire -  >> "Connection: Keep-Alive[\r][\n]"
22:09:43.819 [main] DEBUG org.apache.http.wire -  >> "User-Agent: Apache-HttpClient/4.5.3 (Java/13.0.5.1)[\r][\n]"
22:09:43.819 [main] DEBUG org.apache.http.wire -  >> "Accept-Encoding: gzip,deflate[\r][\n]"
22:09:43.819 [main] DEBUG org.apache.http.wire -  >> "[\r][\n]"
22:09:43.819 [main] DEBUG org.apache.http.headers - >> GET /2?b=12&c=6&a=20 HTTP/1.1
22:09:43.819 [main] DEBUG org.apache.http.headers - >> Accept: */*
22:09:43.819 [main] DEBUG org.apache.http.headers - >> Host: localhost:8080
22:09:43.819 [main] DEBUG org.apache.http.headers - >> Connection: Keep-Alive
22:09:43.819 [main] DEBUG org.apache.http.headers - >> User-Agent: Apache-HttpClient/4.5.3 (Java/13.0.5.1)
22:09:43.819 [main] DEBUG org.apache.http.headers - >> Accept-Encoding: gzip,deflate
22:09:43.837 [main] DEBUG org.apache.http.wire -  << "HTTP/1.1 200 OK[\r][\n]"
22:09:43.837 [main] DEBUG org.apache.http.wire -  << "Server: Apache-Coyote/1.1[\r][\n]"
22:09:43.837 [main] DEBUG org.apache.http.wire -  << "Content-Type: text/plain;charset=UTF-8[\r][\n]"
22:09:43.837 [main] DEBUG org.apache.http.wire -  << "Content-Length: 6[\r][\n]"
22:09:43.837 [main] DEBUG org.apache.http.wire -  << "Date: Sun, 07 Feb 2021 21:09:43 GMT[\r][\n]"
22:09:43.837 [main] DEBUG org.apache.http.wire -  << "[\r][\n]"
22:09:43.838 [main] DEBUG o.a.h.i.conn.DefaultClientConnection - Receiving response: HTTP/1.1 200 OK
22:09:43.838 [main] DEBUG org.apache.http.headers - << HTTP/1.1 200 OK
22:09:43.838 [main] DEBUG org.apache.http.headers - << Server: Apache-Coyote/1.1
22:09:43.838 [main] DEBUG org.apache.http.headers - << Content-Type: text/plain;charset=UTF-8
22:09:43.838 [main] DEBUG org.apache.http.headers - << Content-Length: 6
22:09:43.838 [main] DEBUG org.apache.http.headers - << Date: Sun, 07 Feb 2021 21:09:43 GMT
22:09:43.838 [main] DEBUG o.a.h.impl.client.DefaultHttpClient - Connection can be kept alive indefinitely
22:09:43.838 [main] DEBUG i.r.i.RequestSpecificationImpl$RestAssuredHttpBuilder - Parsing response as: text/plain;charset=UTF-8
22:09:43.838 [main] DEBUG i.r.i.RequestSpecificationImpl$RestAssuredHttpBuilder - Parsed data to instance of: class org.apache.http.conn.EofSensorInputStream
22:09:43.838 [main] DEBUG org.apache.http.wire -  << "a:3000"
22:09:43.838 [main] DEBUG o.a.h.i.c.BasicClientConnectionManager - Releasing connection org.apache.http.impl.conn.ManagedClientConnectionImpl@57b63253
22:09:43.838 [main] DEBUG o.a.h.i.c.BasicClientConnectionManager - Connection can be kept alive indefinitely
22:09:43.841 [main] DEBUG o.a.h.i.c.BasicClientConnectionManager - Get connection for route {}->http://localhost:8080
22:09:43.841 [main] DEBUG o.a.h.i.c.DefaultClientConnectionOperator - Connecting to localhost:8080
22:09:43.842 [main] DEBUG o.a.h.c.protocol.RequestAddCookies - CookieSpec selected: ignoreCookies
22:09:43.842 [main] DEBUG o.a.h.c.protocol.RequestAuthCache - Auth cache not set in the context
22:09:43.842 [main] DEBUG o.a.h.c.p.RequestTargetAuthentication - Target auth state: UNCHALLENGED
22:09:43.842 [main] DEBUG o.a.h.c.p.RequestProxyAuthentication - Proxy auth state: UNCHALLENGED
22:09:43.842 [main] DEBUG o.a.h.impl.client.DefaultHttpClient - Attempt 1 to execute request
22:09:43.842 [main] DEBUG o.a.h.i.conn.DefaultClientConnection - Sending request: GET /2?b=12&c=6&a=20 HTTP/1.1
22:09:43.842 [main] DEBUG org.apache.http.wire -  >> "GET /2?b=12&c=6&a=20 HTTP/1.1[\r][\n]"
22:09:43.842 [main] DEBUG org.apache.http.wire -  >> "Accept: */*[\r][\n]"
22:09:43.842 [main] DEBUG org.apache.http.wire -  >> "Host: localhost:8080[\r][\n]"
22:09:43.842 [main] DEBUG org.apache.http.wire -  >> "Connection: Keep-Alive[\r][\n]"
22:09:43.842 [main] DEBUG org.apache.http.wire -  >> "User-Agent: Apache-HttpClient/4.5.3 (Java/13.0.5.1)[\r][\n]"
22:09:43.842 [main] DEBUG org.apache.http.wire -  >> "Accept-Encoding: gzip,deflate[\r][\n]"
22:09:43.842 [main] DEBUG org.apache.http.wire -  >> "[\r][\n]"
22:09:43.842 [main] DEBUG org.apache.http.headers - >> GET /2?b=12&c=6&a=20 HTTP/1.1
22:09:43.842 [main] DEBUG org.apache.http.headers - >> Accept: */*
22:09:43.842 [main] DEBUG org.apache.http.headers - >> Host: localhost:8080
22:09:43.842 [main] DEBUG org.apache.http.headers - >> Connection: Keep-Alive
22:09:43.842 [main] DEBUG org.apache.http.headers - >> User-Agent: Apache-HttpClient/4.5.3 (Java/13.0.5.1)
22:09:43.842 [main] DEBUG org.apache.http.headers - >> Accept-Encoding: gzip,deflate
22:09:43.861 [main] DEBUG org.apache.http.wire -  << "HTTP/1.1 200 OK[\r][\n]"
22:09:43.861 [main] DEBUG org.apache.http.wire -  << "Server: Apache-Coyote/1.1[\r][\n]"
22:09:43.861 [main] DEBUG org.apache.http.wire -  << "Content-Type: text/plain;charset=UTF-8[\r][\n]"
22:09:43.861 [main] DEBUG org.apache.http.wire -  << "Content-Length: 6[\r][\n]"
22:09:43.861 [main] DEBUG org.apache.http.wire -  << "Date: Sun, 07 Feb 2021 21:09:43 GMT[\r][\n]"
22:09:43.861 [main] DEBUG org.apache.http.wire -  << "[\r][\n]"
22:09:43.861 [main] DEBUG o.a.h.i.conn.DefaultClientConnection - Receiving response: HTTP/1.1 200 OK
22:09:43.861 [main] DEBUG org.apache.http.headers - << HTTP/1.1 200 OK
22:09:43.861 [main] DEBUG org.apache.http.headers - << Server: Apache-Coyote/1.1
22:09:43.861 [main] DEBUG org.apache.http.headers - << Content-Type: text/plain;charset=UTF-8
22:09:43.861 [main] DEBUG org.apache.http.headers - << Content-Length: 6
22:09:43.861 [main] DEBUG org.apache.http.headers - << Date: Sun, 07 Feb 2021 21:09:43 GMT
22:09:43.861 [main] DEBUG o.a.h.impl.client.DefaultHttpClient - Connection can be kept alive indefinitely
22:09:43.861 [main] DEBUG i.r.i.RequestSpecificationImpl$RestAssuredHttpBuilder - Parsing response as: text/plain;charset=UTF-8
22:09:43.861 [main] DEBUG i.r.i.RequestSpecificationImpl$RestAssuredHttpBuilder - Parsed data to instance of: class org.apache.http.conn.EofSensorInputStream
22:09:43.861 [main] DEBUG org.apache.http.wire -  << "a:3000"
22:09:43.861 [main] DEBUG o.a.h.i.c.BasicClientConnectionManager - Releasing connection org.apache.http.impl.conn.ManagedClientConnectionImpl@2493eec6
22:09:43.861 [main] DEBUG o.a.h.i.c.BasicClientConnectionManager - Connection can be kept alive indefinitely
22:09:43.863 [main] DEBUG o.a.h.i.c.BasicClientConnectionManager - Get connection for route {}->http://localhost:8080
22:09:43.864 [main] DEBUG o.a.h.i.c.DefaultClientConnectionOperator - Connecting to localhost:8080
22:09:43.864 [main] DEBUG o.a.h.c.protocol.RequestAddCookies - CookieSpec selected: ignoreCookies
22:09:43.864 [main] DEBUG o.a.h.c.protocol.RequestAuthCache - Auth cache not set in the context
22:09:43.864 [main] DEBUG o.a.h.c.p.RequestTargetAuthentication - Target auth state: UNCHALLENGED
22:09:43.864 [main] DEBUG o.a.h.c.p.RequestProxyAuthentication - Proxy auth state: UNCHALLENGED
22:09:43.864 [main] DEBUG o.a.h.impl.client.DefaultHttpClient - Attempt 1 to execute request
22:09:43.864 [main] DEBUG o.a.h.i.conn.DefaultClientConnection - Sending request: GET /2?b=12&c=6&a=20 HTTP/1.1
22:09:43.864 [main] DEBUG org.apache.http.wire -  >> "GET /2?b=12&c=6&a=20 HTTP/1.1[\r][\n]"
22:09:43.864 [main] DEBUG org.apache.http.wire -  >> "Accept: */*[\r][\n]"
22:09:43.864 [main] DEBUG org.apache.http.wire -  >> "Host: localhost:8080[\r][\n]"
22:09:43.864 [main] DEBUG org.apache.http.wire -  >> "Connection: Keep-Alive[\r][\n]"
22:09:43.864 [main] DEBUG org.apache.http.wire -  >> "User-Agent: Apache-HttpClient/4.5.3 (Java/13.0.5.1)[\r][\n]"
22:09:43.864 [main] DEBUG org.apache.http.wire -  >> "Accept-Encoding: gzip,deflate[\r][\n]"
22:09:43.864 [main] DEBUG org.apache.http.wire -  >> "[\r][\n]"
22:09:43.864 [main] DEBUG org.apache.http.headers - >> GET /2?b=12&c=6&a=20 HTTP/1.1
22:09:43.864 [main] DEBUG org.apache.http.headers - >> Accept: */*
22:09:43.864 [main] DEBUG org.apache.http.headers - >> Host: localhost:8080
22:09:43.864 [main] DEBUG org.apache.http.headers - >> Connection: Keep-Alive
22:09:43.864 [main] DEBUG org.apache.http.headers - >> User-Agent: Apache-HttpClient/4.5.3 (Java/13.0.5.1)
22:09:43.864 [main] DEBUG org.apache.http.headers - >> Accept-Encoding: gzip,deflate
22:09:43.885 [main] DEBUG org.apache.http.wire -  << "HTTP/1.1 200 OK[\r][\n]"
22:09:43.885 [main] DEBUG org.apache.http.wire -  << "Server: Apache-Coyote/1.1[\r][\n]"
22:09:43.885 [main] DEBUG org.apache.http.wire -  << "Content-Type: text/plain;charset=UTF-8[\r][\n]"
22:09:43.885 [main] DEBUG org.apache.http.wire -  << "Content-Length: 6[\r][\n]"
22:09:43.885 [main] DEBUG org.apache.http.wire -  << "Date: Sun, 07 Feb 2021 21:09:43 GMT[\r][\n]"
22:09:43.885 [main] DEBUG org.apache.http.wire -  << "[\r][\n]"
22:09:43.885 [main] DEBUG o.a.h.i.conn.DefaultClientConnection - Receiving response: HTTP/1.1 200 OK
22:09:43.885 [main] DEBUG org.apache.http.headers - << HTTP/1.1 200 OK
22:09:43.885 [main] DEBUG org.apache.http.headers - << Server: Apache-Coyote/1.1
22:09:43.885 [main] DEBUG org.apache.http.headers - << Content-Type: text/plain;charset=UTF-8
22:09:43.885 [main] DEBUG org.apache.http.headers - << Content-Length: 6
22:09:43.885 [main] DEBUG org.apache.http.headers - << Date: Sun, 07 Feb 2021 21:09:43 GMT
22:09:43.885 [main] DEBUG o.a.h.impl.client.DefaultHttpClient - Connection can be kept alive indefinitely
22:09:43.886 [main] DEBUG i.r.i.RequestSpecificationImpl$RestAssuredHttpBuilder - Parsing response as: text/plain;charset=UTF-8
22:09:43.886 [main] DEBUG i.r.i.RequestSpecificationImpl$RestAssuredHttpBuilder - Parsed data to instance of: class org.apache.http.conn.EofSensorInputStream
22:09:43.886 [main] DEBUG org.apache.http.wire -  << "a:3000"
22:09:43.886 [main] DEBUG o.a.h.i.c.BasicClientConnectionManager - Releasing connection org.apache.http.impl.conn.ManagedClientConnectionImpl@173a5fad
22:09:43.886 [main] DEBUG o.a.h.i.c.BasicClientConnectionManager - Connection can be kept alive indefinitely
22:09:43.889 [main] DEBUG o.a.h.i.c.BasicClientConnectionManager - Get connection for route {}->http://localhost:8080
22:09:43.889 [main] DEBUG o.a.h.i.c.DefaultClientConnectionOperator - Connecting to localhost:8080
22:09:43.889 [main] DEBUG o.a.h.c.protocol.RequestAddCookies - CookieSpec selected: ignoreCookies
22:09:43.889 [main] DEBUG o.a.h.c.protocol.RequestAuthCache - Auth cache not set in the context
22:09:43.889 [main] DEBUG o.a.h.c.p.RequestTargetAuthentication - Target auth state: UNCHALLENGED
22:09:43.889 [main] DEBUG o.a.h.c.p.RequestProxyAuthentication - Proxy auth state: UNCHALLENGED
22:09:43.889 [main] DEBUG o.a.h.impl.client.DefaultHttpClient - Attempt 1 to execute request
22:09:43.889 [main] DEBUG o.a.h.i.conn.DefaultClientConnection - Sending request: GET /2?b=12&c=6&a=20 HTTP/1.1
22:09:43.889 [main] DEBUG org.apache.http.wire -  >> "GET /2?b=12&c=6&a=20 HTTP/1.1[\r][\n]"
22:09:43.889 [main] DEBUG org.apache.http.wire -  >> "Accept: */*[\r][\n]"
22:09:43.889 [main] DEBUG org.apache.http.wire -  >> "Host: localhost:8080[\r][\n]"
22:09:43.889 [main] DEBUG org.apache.http.wire -  >> "Connection: Keep-Alive[\r][\n]"
22:09:43.889 [main] DEBUG org.apache.http.wire -  >> "User-Agent: Apache-HttpClient/4.5.3 (Java/13.0.5.1)[\r][\n]"
22:09:43.889 [main] DEBUG org.apache.http.wire -  >> "Accept-Encoding: gzip,deflate[\r][\n]"
22:09:43.889 [main] DEBUG org.apache.http.wire -  >> "[\r][\n]"
22:09:43.890 [main] DEBUG org.apache.http.headers - >> GET /2?b=12&c=6&a=20 HTTP/1.1
22:09:43.890 [main] DEBUG org.apache.http.headers - >> Accept: */*
22:09:43.890 [main] DEBUG org.apache.http.headers - >> Host: localhost:8080
22:09:43.890 [main] DEBUG org.apache.http.headers - >> Connection: Keep-Alive
22:09:43.890 [main] DEBUG org.apache.http.headers - >> User-Agent: Apache-HttpClient/4.5.3 (Java/13.0.5.1)
22:09:43.890 [main] DEBUG org.apache.http.headers - >> Accept-Encoding: gzip,deflate
22:09:43.910 [main] DEBUG org.apache.http.wire -  << "HTTP/1.1 200 OK[\r][\n]"
22:09:43.910 [main] DEBUG org.apache.http.wire -  << "Server: Apache-Coyote/1.1[\r][\n]"
22:09:43.910 [main] DEBUG org.apache.http.wire -  << "Content-Type: text/plain;charset=UTF-8[\r][\n]"
22:09:43.910 [main] DEBUG org.apache.http.wire -  << "Content-Length: 6[\r][\n]"
22:09:43.910 [main] DEBUG org.apache.http.wire -  << "Date: Sun, 07 Feb 2021 21:09:43 GMT[\r][\n]"
22:09:43.910 [main] DEBUG org.apache.http.wire -  << "[\r][\n]"
22:09:43.910 [main] DEBUG o.a.h.i.conn.DefaultClientConnection - Receiving response: HTTP/1.1 200 OK
22:09:43.910 [main] DEBUG org.apache.http.headers - << HTTP/1.1 200 OK
22:09:43.910 [main] DEBUG org.apache.http.headers - << Server: Apache-Coyote/1.1
22:09:43.910 [main] DEBUG org.apache.http.headers - << Content-Type: text/plain;charset=UTF-8
22:09:43.910 [main] DEBUG org.apache.http.headers - << Content-Length: 6
22:09:43.910 [main] DEBUG org.apache.http.headers - << Date: Sun, 07 Feb 2021 21:09:43 GMT
22:09:43.910 [main] DEBUG o.a.h.impl.client.DefaultHttpClient - Connection can be kept alive indefinitely
22:09:43.910 [main] DEBUG i.r.i.RequestSpecificationImpl$RestAssuredHttpBuilder - Parsing response as: text/plain;charset=UTF-8
22:09:43.910 [main] DEBUG i.r.i.RequestSpecificationImpl$RestAssuredHttpBuilder - Parsed data to instance of: class org.apache.http.conn.EofSensorInputStream
22:09:43.910 [main] DEBUG org.apache.http.wire -  << "a:3000"
22:09:43.910 [main] DEBUG o.a.h.i.c.BasicClientConnectionManager - Releasing connection org.apache.http.impl.conn.ManagedClientConnectionImpl@2a42019a
22:09:43.910 [main] DEBUG o.a.h.i.c.BasicClientConnectionManager - Connection can be kept alive indefinitely
22:09:43.913 [main] DEBUG o.a.h.i.c.BasicClientConnectionManager - Get connection for route {}->http://localhost:8080
22:09:43.913 [main] DEBUG o.a.h.i.c.DefaultClientConnectionOperator - Connecting to localhost:8080
22:09:43.913 [main] DEBUG o.a.h.c.protocol.RequestAddCookies - CookieSpec selected: ignoreCookies
22:09:43.913 [main] DEBUG o.a.h.c.protocol.RequestAuthCache - Auth cache not set in the context
22:09:43.913 [main] DEBUG o.a.h.c.p.RequestTargetAuthentication - Target auth state: UNCHALLENGED
22:09:43.913 [main] DEBUG o.a.h.c.p.RequestProxyAuthentication - Proxy auth state: UNCHALLENGED
22:09:43.913 [main] DEBUG o.a.h.impl.client.DefaultHttpClient - Attempt 1 to execute request
22:09:43.913 [main] DEBUG o.a.h.i.conn.DefaultClientConnection - Sending request: GET /2?b=12&c=6&a=20 HTTP/1.1
22:09:43.913 [main] DEBUG org.apache.http.wire -  >> "GET /2?b=12&c=6&a=20 HTTP/1.1[\r][\n]"
22:09:43.913 [main] DEBUG org.apache.http.wire -  >> "Accept: */*[\r][\n]"
22:09:43.913 [main] DEBUG org.apache.http.wire -  >> "Host: localhost:8080[\r][\n]"
22:09:43.913 [main] DEBUG org.apache.http.wire -  >> "Connection: Keep-Alive[\r][\n]"
22:09:43.913 [main] DEBUG org.apache.http.wire -  >> "User-Agent: Apache-HttpClient/4.5.3 (Java/13.0.5.1)[\r][\n]"
22:09:43.913 [main] DEBUG org.apache.http.wire -  >> "Accept-Encoding: gzip,deflate[\r][\n]"
22:09:43.913 [main] DEBUG org.apache.http.wire -  >> "[\r][\n]"
22:09:43.913 [main] DEBUG org.apache.http.headers - >> GET /2?b=12&c=6&a=20 HTTP/1.1
22:09:43.913 [main] DEBUG org.apache.http.headers - >> Accept: */*
22:09:43.913 [main] DEBUG org.apache.http.headers - >> Host: localhost:8080
22:09:43.913 [main] DEBUG org.apache.http.headers - >> Connection: Keep-Alive
22:09:43.913 [main] DEBUG org.apache.http.headers - >> User-Agent: Apache-HttpClient/4.5.3 (Java/13.0.5.1)
22:09:43.913 [main] DEBUG org.apache.http.headers - >> Accept-Encoding: gzip,deflate
22:09:43.937 [main] DEBUG org.apache.http.wire -  << "HTTP/1.1 200 OK[\r][\n]"
22:09:43.937 [main] DEBUG org.apache.http.wire -  << "Server: Apache-Coyote/1.1[\r][\n]"
22:09:43.937 [main] DEBUG org.apache.http.wire -  << "Content-Type: text/plain;charset=UTF-8[\r][\n]"
22:09:43.937 [main] DEBUG org.apache.http.wire -  << "Content-Length: 6[\r][\n]"
22:09:43.937 [main] DEBUG org.apache.http.wire -  << "Date: Sun, 07 Feb 2021 21:09:43 GMT[\r][\n]"
22:09:43.937 [main] DEBUG org.apache.http.wire -  << "[\r][\n]"
22:09:43.937 [main] DEBUG o.a.h.i.conn.DefaultClientConnection - Receiving response: HTTP/1.1 200 OK
22:09:43.937 [main] DEBUG org.apache.http.headers - << HTTP/1.1 200 OK
22:09:43.937 [main] DEBUG org.apache.http.headers - << Server: Apache-Coyote/1.1
22:09:43.937 [main] DEBUG org.apache.http.headers - << Content-Type: text/plain;charset=UTF-8
22:09:43.937 [main] DEBUG org.apache.http.headers - << Content-Length: 6
22:09:43.937 [main] DEBUG org.apache.http.headers - << Date: Sun, 07 Feb 2021 21:09:43 GMT
22:09:43.937 [main] DEBUG o.a.h.impl.client.DefaultHttpClient - Connection can be kept alive indefinitely
22:09:43.937 [main] DEBUG i.r.i.RequestSpecificationImpl$RestAssuredHttpBuilder - Parsing response as: text/plain;charset=UTF-8
22:09:43.938 [main] DEBUG i.r.i.RequestSpecificationImpl$RestAssuredHttpBuilder - Parsed data to instance of: class org.apache.http.conn.EofSensorInputStream
22:09:43.938 [main] DEBUG org.apache.http.wire -  << "a:3000"
22:09:43.938 [main] DEBUG o.a.h.i.c.BasicClientConnectionManager - Releasing connection org.apache.http.impl.conn.ManagedClientConnectionImpl@4db6348b
22:09:43.938 [main] DEBUG o.a.h.i.c.BasicClientConnectionManager - Connection can be kept alive indefinitely
str = aaaaaaaaaaaaaaaaaaaaaaaaaaaaaaaaaaaaaaaaaaaaaaaaaa
]]></system-out>
  </testcase>
  <testcase name="GET the winner and verify - 3 Same Highest Bids - 3 Query Parameters - Verify Random Selection #3" classname="User should be able to get the winner" time="1.108">
    <failure message="Verify that bidder is chosen randomly as c or a or b" type="java.lang.AssertionError">java.lang.AssertionError: Verify that bidder is chosen randomly as c or a or b
</failure>
    <system-out><![CDATA[22:09:43.945 [main] DEBUG o.a.h.i.c.BasicClientConnectionManager - Get connection for route {}->http://localhost:8080
22:09:43.945 [main] DEBUG o.a.h.i.c.DefaultClientConnectionOperator - Connecting to localhost:8080
22:09:43.945 [main] DEBUG o.a.h.c.protocol.RequestAddCookies - CookieSpec selected: ignoreCookies
22:09:43.945 [main] DEBUG o.a.h.c.protocol.RequestAuthCache - Auth cache not set in the context
22:09:43.945 [main] DEBUG o.a.h.c.p.RequestTargetAuthentication - Target auth state: UNCHALLENGED
22:09:43.945 [main] DEBUG o.a.h.c.p.RequestProxyAuthentication - Proxy auth state: UNCHALLENGED
22:09:43.945 [main] DEBUG o.a.h.impl.client.DefaultHttpClient - Attempt 1 to execute request
22:09:43.945 [main] DEBUG o.a.h.i.conn.DefaultClientConnection - Sending request: GET /3?c=9&a=30&b=18 HTTP/1.1
22:09:43.945 [main] DEBUG org.apache.http.wire -  >> "GET /3?c=9&a=30&b=18 HTTP/1.1[\r][\n]"
22:09:43.945 [main] DEBUG org.apache.http.wire -  >> "Accept: */*[\r][\n]"
22:09:43.945 [main] DEBUG org.apache.http.wire -  >> "Host: localhost:8080[\r][\n]"
22:09:43.945 [main] DEBUG org.apache.http.wire -  >> "Connection: Keep-Alive[\r][\n]"
22:09:43.945 [main] DEBUG org.apache.http.wire -  >> "User-Agent: Apache-HttpClient/4.5.3 (Java/13.0.5.1)[\r][\n]"
22:09:43.945 [main] DEBUG org.apache.http.wire -  >> "Accept-Encoding: gzip,deflate[\r][\n]"
22:09:43.945 [main] DEBUG org.apache.http.wire -  >> "[\r][\n]"
22:09:43.945 [main] DEBUG org.apache.http.headers - >> GET /3?c=9&a=30&b=18 HTTP/1.1
22:09:43.945 [main] DEBUG org.apache.http.headers - >> Accept: */*
22:09:43.945 [main] DEBUG org.apache.http.headers - >> Host: localhost:8080
22:09:43.945 [main] DEBUG org.apache.http.headers - >> Connection: Keep-Alive
22:09:43.945 [main] DEBUG org.apache.http.headers - >> User-Agent: Apache-HttpClient/4.5.3 (Java/13.0.5.1)
22:09:43.945 [main] DEBUG org.apache.http.headers - >> Accept-Encoding: gzip,deflate
22:09:43.962 [main] DEBUG org.apache.http.wire -  << "HTTP/1.1 200 OK[\r][\n]"
22:09:43.962 [main] DEBUG org.apache.http.wire -  << "Server: Apache-Coyote/1.1[\r][\n]"
22:09:43.962 [main] DEBUG org.apache.http.wire -  << "Content-Type: text/plain;charset=UTF-8[\r][\n]"
22:09:43.962 [main] DEBUG org.apache.http.wire -  << "Content-Length: 6[\r][\n]"
22:09:43.962 [main] DEBUG org.apache.http.wire -  << "Date: Sun, 07 Feb 2021 21:09:43 GMT[\r][\n]"
22:09:43.962 [main] DEBUG org.apache.http.wire -  << "[\r][\n]"
22:09:43.962 [main] DEBUG o.a.h.i.conn.DefaultClientConnection - Receiving response: HTTP/1.1 200 OK
22:09:43.962 [main] DEBUG org.apache.http.headers - << HTTP/1.1 200 OK
22:09:43.962 [main] DEBUG org.apache.http.headers - << Server: Apache-Coyote/1.1
22:09:43.962 [main] DEBUG org.apache.http.headers - << Content-Type: text/plain;charset=UTF-8
22:09:43.962 [main] DEBUG org.apache.http.headers - << Content-Length: 6
22:09:43.962 [main] DEBUG org.apache.http.headers - << Date: Sun, 07 Feb 2021 21:09:43 GMT
22:09:43.962 [main] DEBUG o.a.h.impl.client.DefaultHttpClient - Connection can be kept alive indefinitely
22:09:43.962 [main] DEBUG i.r.i.RequestSpecificationImpl$RestAssuredHttpBuilder - Parsing response as: text/plain;charset=UTF-8
22:09:43.962 [main] DEBUG i.r.i.RequestSpecificationImpl$RestAssuredHttpBuilder - Parsed data to instance of: class org.apache.http.conn.EofSensorInputStream
22:09:43.962 [main] DEBUG org.apache.http.wire -  << "a:4500"
22:09:43.962 [main] DEBUG o.a.h.i.c.BasicClientConnectionManager - Releasing connection org.apache.http.impl.conn.ManagedClientConnectionImpl@495da9a7
22:09:43.962 [main] DEBUG o.a.h.i.c.BasicClientConnectionManager - Connection can be kept alive indefinitely
22:09:43.964 [main] DEBUG o.a.h.i.c.BasicClientConnectionManager - Get connection for route {}->http://localhost:8080
22:09:43.964 [main] DEBUG o.a.h.i.c.DefaultClientConnectionOperator - Connecting to localhost:8080
22:09:43.965 [main] DEBUG o.a.h.c.protocol.RequestAddCookies - CookieSpec selected: ignoreCookies
22:09:43.965 [main] DEBUG o.a.h.c.protocol.RequestAuthCache - Auth cache not set in the context
22:09:43.965 [main] DEBUG o.a.h.c.p.RequestTargetAuthentication - Target auth state: UNCHALLENGED
22:09:43.965 [main] DEBUG o.a.h.c.p.RequestProxyAuthentication - Proxy auth state: UNCHALLENGED
22:09:43.965 [main] DEBUG o.a.h.impl.client.DefaultHttpClient - Attempt 1 to execute request
22:09:43.965 [main] DEBUG o.a.h.i.conn.DefaultClientConnection - Sending request: GET /3?c=9&a=30&b=18 HTTP/1.1
22:09:43.965 [main] DEBUG org.apache.http.wire -  >> "GET /3?c=9&a=30&b=18 HTTP/1.1[\r][\n]"
22:09:43.965 [main] DEBUG org.apache.http.wire -  >> "Accept: */*[\r][\n]"
22:09:43.965 [main] DEBUG org.apache.http.wire -  >> "Host: localhost:8080[\r][\n]"
22:09:43.965 [main] DEBUG org.apache.http.wire -  >> "Connection: Keep-Alive[\r][\n]"
22:09:43.965 [main] DEBUG org.apache.http.wire -  >> "User-Agent: Apache-HttpClient/4.5.3 (Java/13.0.5.1)[\r][\n]"
22:09:43.965 [main] DEBUG org.apache.http.wire -  >> "Accept-Encoding: gzip,deflate[\r][\n]"
22:09:43.965 [main] DEBUG org.apache.http.wire -  >> "[\r][\n]"
22:09:43.965 [main] DEBUG org.apache.http.headers - >> GET /3?c=9&a=30&b=18 HTTP/1.1
22:09:43.965 [main] DEBUG org.apache.http.headers - >> Accept: */*
22:09:43.965 [main] DEBUG org.apache.http.headers - >> Host: localhost:8080
22:09:43.965 [main] DEBUG org.apache.http.headers - >> Connection: Keep-Alive
22:09:43.965 [main] DEBUG org.apache.http.headers - >> User-Agent: Apache-HttpClient/4.5.3 (Java/13.0.5.1)
22:09:43.965 [main] DEBUG org.apache.http.headers - >> Accept-Encoding: gzip,deflate
22:09:43.985 [main] DEBUG org.apache.http.wire -  << "HTTP/1.1 200 OK[\r][\n]"
22:09:43.985 [main] DEBUG org.apache.http.wire -  << "Server: Apache-Coyote/1.1[\r][\n]"
22:09:43.985 [main] DEBUG org.apache.http.wire -  << "Content-Type: text/plain;charset=UTF-8[\r][\n]"
22:09:43.985 [main] DEBUG org.apache.http.wire -  << "Content-Length: 6[\r][\n]"
22:09:43.985 [main] DEBUG org.apache.http.wire -  << "Date: Sun, 07 Feb 2021 21:09:43 GMT[\r][\n]"
22:09:43.985 [main] DEBUG org.apache.http.wire -  << "[\r][\n]"
22:09:43.985 [main] DEBUG o.a.h.i.conn.DefaultClientConnection - Receiving response: HTTP/1.1 200 OK
22:09:43.985 [main] DEBUG org.apache.http.headers - << HTTP/1.1 200 OK
22:09:43.985 [main] DEBUG org.apache.http.headers - << Server: Apache-Coyote/1.1
22:09:43.985 [main] DEBUG org.apache.http.headers - << Content-Type: text/plain;charset=UTF-8
22:09:43.985 [main] DEBUG org.apache.http.headers - << Content-Length: 6
22:09:43.985 [main] DEBUG org.apache.http.headers - << Date: Sun, 07 Feb 2021 21:09:43 GMT
22:09:43.985 [main] DEBUG o.a.h.impl.client.DefaultHttpClient - Connection can be kept alive indefinitely
22:09:43.985 [main] DEBUG i.r.i.RequestSpecificationImpl$RestAssuredHttpBuilder - Parsing response as: text/plain;charset=UTF-8
22:09:43.985 [main] DEBUG i.r.i.RequestSpecificationImpl$RestAssuredHttpBuilder - Parsed data to instance of: class org.apache.http.conn.EofSensorInputStream
22:09:43.986 [main] DEBUG org.apache.http.wire -  << "a:4500"
22:09:43.986 [main] DEBUG o.a.h.i.c.BasicClientConnectionManager - Releasing connection org.apache.http.impl.conn.ManagedClientConnectionImpl@58bad46f
22:09:43.986 [main] DEBUG o.a.h.i.c.BasicClientConnectionManager - Connection can be kept alive indefinitely
22:09:43.988 [main] DEBUG o.a.h.i.c.BasicClientConnectionManager - Get connection for route {}->http://localhost:8080
22:09:43.988 [main] DEBUG o.a.h.i.c.DefaultClientConnectionOperator - Connecting to localhost:8080
22:09:43.988 [main] DEBUG o.a.h.c.protocol.RequestAddCookies - CookieSpec selected: ignoreCookies
22:09:43.988 [main] DEBUG o.a.h.c.protocol.RequestAuthCache - Auth cache not set in the context
22:09:43.989 [main] DEBUG o.a.h.c.p.RequestTargetAuthentication - Target auth state: UNCHALLENGED
22:09:43.989 [main] DEBUG o.a.h.c.p.RequestProxyAuthentication - Proxy auth state: UNCHALLENGED
22:09:43.989 [main] DEBUG o.a.h.impl.client.DefaultHttpClient - Attempt 1 to execute request
22:09:43.989 [main] DEBUG o.a.h.i.conn.DefaultClientConnection - Sending request: GET /3?c=9&a=30&b=18 HTTP/1.1
22:09:43.989 [main] DEBUG org.apache.http.wire -  >> "GET /3?c=9&a=30&b=18 HTTP/1.1[\r][\n]"
22:09:43.989 [main] DEBUG org.apache.http.wire -  >> "Accept: */*[\r][\n]"
22:09:43.989 [main] DEBUG org.apache.http.wire -  >> "Host: localhost:8080[\r][\n]"
22:09:43.989 [main] DEBUG org.apache.http.wire -  >> "Connection: Keep-Alive[\r][\n]"
22:09:43.989 [main] DEBUG org.apache.http.wire -  >> "User-Agent: Apache-HttpClient/4.5.3 (Java/13.0.5.1)[\r][\n]"
22:09:43.989 [main] DEBUG org.apache.http.wire -  >> "Accept-Encoding: gzip,deflate[\r][\n]"
22:09:43.989 [main] DEBUG org.apache.http.wire -  >> "[\r][\n]"
22:09:43.989 [main] DEBUG org.apache.http.headers - >> GET /3?c=9&a=30&b=18 HTTP/1.1
22:09:43.989 [main] DEBUG org.apache.http.headers - >> Accept: */*
22:09:43.989 [main] DEBUG org.apache.http.headers - >> Host: localhost:8080
22:09:43.989 [main] DEBUG org.apache.http.headers - >> Connection: Keep-Alive
22:09:43.989 [main] DEBUG org.apache.http.headers - >> User-Agent: Apache-HttpClient/4.5.3 (Java/13.0.5.1)
22:09:43.989 [main] DEBUG org.apache.http.headers - >> Accept-Encoding: gzip,deflate
22:09:44.005 [main] DEBUG org.apache.http.wire -  << "HTTP/1.1 200 OK[\r][\n]"
22:09:44.005 [main] DEBUG org.apache.http.wire -  << "Server: Apache-Coyote/1.1[\r][\n]"
22:09:44.005 [main] DEBUG org.apache.http.wire -  << "Content-Type: text/plain;charset=UTF-8[\r][\n]"
22:09:44.005 [main] DEBUG org.apache.http.wire -  << "Content-Length: 6[\r][\n]"
22:09:44.005 [main] DEBUG org.apache.http.wire -  << "Date: Sun, 07 Feb 2021 21:09:43 GMT[\r][\n]"
22:09:44.005 [main] DEBUG org.apache.http.wire -  << "[\r][\n]"
22:09:44.005 [main] DEBUG o.a.h.i.conn.DefaultClientConnection - Receiving response: HTTP/1.1 200 OK
22:09:44.005 [main] DEBUG org.apache.http.headers - << HTTP/1.1 200 OK
22:09:44.005 [main] DEBUG org.apache.http.headers - << Server: Apache-Coyote/1.1
22:09:44.005 [main] DEBUG org.apache.http.headers - << Content-Type: text/plain;charset=UTF-8
22:09:44.005 [main] DEBUG org.apache.http.headers - << Content-Length: 6
22:09:44.005 [main] DEBUG org.apache.http.headers - << Date: Sun, 07 Feb 2021 21:09:43 GMT
22:09:44.005 [main] DEBUG o.a.h.impl.client.DefaultHttpClient - Connection can be kept alive indefinitely
22:09:44.005 [main] DEBUG i.r.i.RequestSpecificationImpl$RestAssuredHttpBuilder - Parsing response as: text/plain;charset=UTF-8
22:09:44.005 [main] DEBUG i.r.i.RequestSpecificationImpl$RestAssuredHttpBuilder - Parsed data to instance of: class org.apache.http.conn.EofSensorInputStream
22:09:44.005 [main] DEBUG org.apache.http.wire -  << "a:4500"
22:09:44.005 [main] DEBUG o.a.h.i.c.BasicClientConnectionManager - Releasing connection org.apache.http.impl.conn.ManagedClientConnectionImpl@3ba97962
22:09:44.005 [main] DEBUG o.a.h.i.c.BasicClientConnectionManager - Connection can be kept alive indefinitely
22:09:44.007 [main] DEBUG o.a.h.i.c.BasicClientConnectionManager - Get connection for route {}->http://localhost:8080
22:09:44.007 [main] DEBUG o.a.h.i.c.DefaultClientConnectionOperator - Connecting to localhost:8080
22:09:44.007 [main] DEBUG o.a.h.c.protocol.RequestAddCookies - CookieSpec selected: ignoreCookies
22:09:44.007 [main] DEBUG o.a.h.c.protocol.RequestAuthCache - Auth cache not set in the context
22:09:44.007 [main] DEBUG o.a.h.c.p.RequestTargetAuthentication - Target auth state: UNCHALLENGED
22:09:44.007 [main] DEBUG o.a.h.c.p.RequestProxyAuthentication - Proxy auth state: UNCHALLENGED
22:09:44.008 [main] DEBUG o.a.h.impl.client.DefaultHttpClient - Attempt 1 to execute request
22:09:44.008 [main] DEBUG o.a.h.i.conn.DefaultClientConnection - Sending request: GET /3?c=9&a=30&b=18 HTTP/1.1
22:09:44.008 [main] DEBUG org.apache.http.wire -  >> "GET /3?c=9&a=30&b=18 HTTP/1.1[\r][\n]"
22:09:44.008 [main] DEBUG org.apache.http.wire -  >> "Accept: */*[\r][\n]"
22:09:44.008 [main] DEBUG org.apache.http.wire -  >> "Host: localhost:8080[\r][\n]"
22:09:44.008 [main] DEBUG org.apache.http.wire -  >> "Connection: Keep-Alive[\r][\n]"
22:09:44.008 [main] DEBUG org.apache.http.wire -  >> "User-Agent: Apache-HttpClient/4.5.3 (Java/13.0.5.1)[\r][\n]"
22:09:44.008 [main] DEBUG org.apache.http.wire -  >> "Accept-Encoding: gzip,deflate[\r][\n]"
22:09:44.008 [main] DEBUG org.apache.http.wire -  >> "[\r][\n]"
22:09:44.008 [main] DEBUG org.apache.http.headers - >> GET /3?c=9&a=30&b=18 HTTP/1.1
22:09:44.008 [main] DEBUG org.apache.http.headers - >> Accept: */*
22:09:44.008 [main] DEBUG org.apache.http.headers - >> Host: localhost:8080
22:09:44.008 [main] DEBUG org.apache.http.headers - >> Connection: Keep-Alive
22:09:44.008 [main] DEBUG org.apache.http.headers - >> User-Agent: Apache-HttpClient/4.5.3 (Java/13.0.5.1)
22:09:44.008 [main] DEBUG org.apache.http.headers - >> Accept-Encoding: gzip,deflate
22:09:44.032 [main] DEBUG org.apache.http.wire -  << "HTTP/1.1 200 OK[\r][\n]"
22:09:44.032 [main] DEBUG org.apache.http.wire -  << "Server: Apache-Coyote/1.1[\r][\n]"
22:09:44.032 [main] DEBUG org.apache.http.wire -  << "Content-Type: text/plain;charset=UTF-8[\r][\n]"
22:09:44.032 [main] DEBUG org.apache.http.wire -  << "Content-Length: 6[\r][\n]"
22:09:44.032 [main] DEBUG org.apache.http.wire -  << "Date: Sun, 07 Feb 2021 21:09:43 GMT[\r][\n]"
22:09:44.032 [main] DEBUG org.apache.http.wire -  << "[\r][\n]"
22:09:44.032 [main] DEBUG o.a.h.i.conn.DefaultClientConnection - Receiving response: HTTP/1.1 200 OK
22:09:44.032 [main] DEBUG org.apache.http.headers - << HTTP/1.1 200 OK
22:09:44.032 [main] DEBUG org.apache.http.headers - << Server: Apache-Coyote/1.1
22:09:44.032 [main] DEBUG org.apache.http.headers - << Content-Type: text/plain;charset=UTF-8
22:09:44.032 [main] DEBUG org.apache.http.headers - << Content-Length: 6
22:09:44.032 [main] DEBUG org.apache.http.headers - << Date: Sun, 07 Feb 2021 21:09:43 GMT
22:09:44.032 [main] DEBUG o.a.h.impl.client.DefaultHttpClient - Connection can be kept alive indefinitely
22:09:44.032 [main] DEBUG i.r.i.RequestSpecificationImpl$RestAssuredHttpBuilder - Parsing response as: text/plain;charset=UTF-8
22:09:44.032 [main] DEBUG i.r.i.RequestSpecificationImpl$RestAssuredHttpBuilder - Parsed data to instance of: class org.apache.http.conn.EofSensorInputStream
22:09:44.033 [main] DEBUG org.apache.http.wire -  << "a:4500"
22:09:44.033 [main] DEBUG o.a.h.i.c.BasicClientConnectionManager - Releasing connection org.apache.http.impl.conn.ManagedClientConnectionImpl@3cb04dd
22:09:44.033 [main] DEBUG o.a.h.i.c.BasicClientConnectionManager - Connection can be kept alive indefinitely
22:09:44.035 [main] DEBUG o.a.h.i.c.BasicClientConnectionManager - Get connection for route {}->http://localhost:8080
22:09:44.035 [main] DEBUG o.a.h.i.c.DefaultClientConnectionOperator - Connecting to localhost:8080
22:09:44.035 [main] DEBUG o.a.h.c.protocol.RequestAddCookies - CookieSpec selected: ignoreCookies
22:09:44.035 [main] DEBUG o.a.h.c.protocol.RequestAuthCache - Auth cache not set in the context
22:09:44.035 [main] DEBUG o.a.h.c.p.RequestTargetAuthentication - Target auth state: UNCHALLENGED
22:09:44.035 [main] DEBUG o.a.h.c.p.RequestProxyAuthentication - Proxy auth state: UNCHALLENGED
22:09:44.035 [main] DEBUG o.a.h.impl.client.DefaultHttpClient - Attempt 1 to execute request
22:09:44.035 [main] DEBUG o.a.h.i.conn.DefaultClientConnection - Sending request: GET /3?c=9&a=30&b=18 HTTP/1.1
22:09:44.035 [main] DEBUG org.apache.http.wire -  >> "GET /3?c=9&a=30&b=18 HTTP/1.1[\r][\n]"
22:09:44.035 [main] DEBUG org.apache.http.wire -  >> "Accept: */*[\r][\n]"
22:09:44.035 [main] DEBUG org.apache.http.wire -  >> "Host: localhost:8080[\r][\n]"
22:09:44.035 [main] DEBUG org.apache.http.wire -  >> "Connection: Keep-Alive[\r][\n]"
22:09:44.035 [main] DEBUG org.apache.http.wire -  >> "User-Agent: Apache-HttpClient/4.5.3 (Java/13.0.5.1)[\r][\n]"
22:09:44.035 [main] DEBUG org.apache.http.wire -  >> "Accept-Encoding: gzip,deflate[\r][\n]"
22:09:44.035 [main] DEBUG org.apache.http.wire -  >> "[\r][\n]"
22:09:44.035 [main] DEBUG org.apache.http.headers - >> GET /3?c=9&a=30&b=18 HTTP/1.1
22:09:44.035 [main] DEBUG org.apache.http.headers - >> Accept: */*
22:09:44.035 [main] DEBUG org.apache.http.headers - >> Host: localhost:8080
22:09:44.035 [main] DEBUG org.apache.http.headers - >> Connection: Keep-Alive
22:09:44.035 [main] DEBUG org.apache.http.headers - >> User-Agent: Apache-HttpClient/4.5.3 (Java/13.0.5.1)
22:09:44.035 [main] DEBUG org.apache.http.headers - >> Accept-Encoding: gzip,deflate
22:09:44.053 [main] DEBUG org.apache.http.wire -  << "HTTP/1.1 200 OK[\r][\n]"
22:09:44.053 [main] DEBUG org.apache.http.wire -  << "Server: Apache-Coyote/1.1[\r][\n]"
22:09:44.053 [main] DEBUG org.apache.http.wire -  << "Content-Type: text/plain;charset=UTF-8[\r][\n]"
22:09:44.053 [main] DEBUG org.apache.http.wire -  << "Content-Length: 6[\r][\n]"
22:09:44.053 [main] DEBUG org.apache.http.wire -  << "Date: Sun, 07 Feb 2021 21:09:43 GMT[\r][\n]"
22:09:44.053 [main] DEBUG org.apache.http.wire -  << "[\r][\n]"
22:09:44.053 [main] DEBUG o.a.h.i.conn.DefaultClientConnection - Receiving response: HTTP/1.1 200 OK
22:09:44.053 [main] DEBUG org.apache.http.headers - << HTTP/1.1 200 OK
22:09:44.053 [main] DEBUG org.apache.http.headers - << Server: Apache-Coyote/1.1
22:09:44.053 [main] DEBUG org.apache.http.headers - << Content-Type: text/plain;charset=UTF-8
22:09:44.053 [main] DEBUG org.apache.http.headers - << Content-Length: 6
22:09:44.053 [main] DEBUG org.apache.http.headers - << Date: Sun, 07 Feb 2021 21:09:43 GMT
22:09:44.053 [main] DEBUG o.a.h.impl.client.DefaultHttpClient - Connection can be kept alive indefinitely
22:09:44.054 [main] DEBUG i.r.i.RequestSpecificationImpl$RestAssuredHttpBuilder - Parsing response as: text/plain;charset=UTF-8
22:09:44.054 [main] DEBUG i.r.i.RequestSpecificationImpl$RestAssuredHttpBuilder - Parsed data to instance of: class org.apache.http.conn.EofSensorInputStream
22:09:44.054 [main] DEBUG org.apache.http.wire -  << "a:4500"
22:09:44.054 [main] DEBUG o.a.h.i.c.BasicClientConnectionManager - Releasing connection org.apache.http.impl.conn.ManagedClientConnectionImpl@6f112f70
22:09:44.054 [main] DEBUG o.a.h.i.c.BasicClientConnectionManager - Connection can be kept alive indefinitely
22:09:44.056 [main] DEBUG o.a.h.i.c.BasicClientConnectionManager - Get connection for route {}->http://localhost:8080
22:09:44.056 [main] DEBUG o.a.h.i.c.DefaultClientConnectionOperator - Connecting to localhost:8080
22:09:44.057 [main] DEBUG o.a.h.c.protocol.RequestAddCookies - CookieSpec selected: ignoreCookies
22:09:44.057 [main] DEBUG o.a.h.c.protocol.RequestAuthCache - Auth cache not set in the context
22:09:44.057 [main] DEBUG o.a.h.c.p.RequestTargetAuthentication - Target auth state: UNCHALLENGED
22:09:44.057 [main] DEBUG o.a.h.c.p.RequestProxyAuthentication - Proxy auth state: UNCHALLENGED
22:09:44.057 [main] DEBUG o.a.h.impl.client.DefaultHttpClient - Attempt 1 to execute request
22:09:44.057 [main] DEBUG o.a.h.i.conn.DefaultClientConnection - Sending request: GET /3?c=9&a=30&b=18 HTTP/1.1
22:09:44.057 [main] DEBUG org.apache.http.wire -  >> "GET /3?c=9&a=30&b=18 HTTP/1.1[\r][\n]"
22:09:44.057 [main] DEBUG org.apache.http.wire -  >> "Accept: */*[\r][\n]"
22:09:44.057 [main] DEBUG org.apache.http.wire -  >> "Host: localhost:8080[\r][\n]"
22:09:44.057 [main] DEBUG org.apache.http.wire -  >> "Connection: Keep-Alive[\r][\n]"
22:09:44.057 [main] DEBUG org.apache.http.wire -  >> "User-Agent: Apache-HttpClient/4.5.3 (Java/13.0.5.1)[\r][\n]"
22:09:44.057 [main] DEBUG org.apache.http.wire -  >> "Accept-Encoding: gzip,deflate[\r][\n]"
22:09:44.057 [main] DEBUG org.apache.http.wire -  >> "[\r][\n]"
22:09:44.057 [main] DEBUG org.apache.http.headers - >> GET /3?c=9&a=30&b=18 HTTP/1.1
22:09:44.057 [main] DEBUG org.apache.http.headers - >> Accept: */*
22:09:44.057 [main] DEBUG org.apache.http.headers - >> Host: localhost:8080
22:09:44.057 [main] DEBUG org.apache.http.headers - >> Connection: Keep-Alive
22:09:44.057 [main] DEBUG org.apache.http.headers - >> User-Agent: Apache-HttpClient/4.5.3 (Java/13.0.5.1)
22:09:44.057 [main] DEBUG org.apache.http.headers - >> Accept-Encoding: gzip,deflate
22:09:44.080 [main] DEBUG org.apache.http.wire -  << "HTTP/1.1 200 OK[\r][\n]"
22:09:44.080 [main] DEBUG org.apache.http.wire -  << "Server: Apache-Coyote/1.1[\r][\n]"
22:09:44.080 [main] DEBUG org.apache.http.wire -  << "Content-Type: text/plain;charset=UTF-8[\r][\n]"
22:09:44.080 [main] DEBUG org.apache.http.wire -  << "Content-Length: 6[\r][\n]"
22:09:44.080 [main] DEBUG org.apache.http.wire -  << "Date: Sun, 07 Feb 2021 21:09:43 GMT[\r][\n]"
22:09:44.080 [main] DEBUG org.apache.http.wire -  << "[\r][\n]"
22:09:44.080 [main] DEBUG o.a.h.i.conn.DefaultClientConnection - Receiving response: HTTP/1.1 200 OK
22:09:44.080 [main] DEBUG org.apache.http.headers - << HTTP/1.1 200 OK
22:09:44.080 [main] DEBUG org.apache.http.headers - << Server: Apache-Coyote/1.1
22:09:44.080 [main] DEBUG org.apache.http.headers - << Content-Type: text/plain;charset=UTF-8
22:09:44.080 [main] DEBUG org.apache.http.headers - << Content-Length: 6
22:09:44.080 [main] DEBUG org.apache.http.headers - << Date: Sun, 07 Feb 2021 21:09:43 GMT
22:09:44.080 [main] DEBUG o.a.h.impl.client.DefaultHttpClient - Connection can be kept alive indefinitely
22:09:44.080 [main] DEBUG i.r.i.RequestSpecificationImpl$RestAssuredHttpBuilder - Parsing response as: text/plain;charset=UTF-8
22:09:44.080 [main] DEBUG i.r.i.RequestSpecificationImpl$RestAssuredHttpBuilder - Parsed data to instance of: class org.apache.http.conn.EofSensorInputStream
22:09:44.080 [main] DEBUG org.apache.http.wire -  << "a:4500"
22:09:44.080 [main] DEBUG o.a.h.i.c.BasicClientConnectionManager - Releasing connection org.apache.http.impl.conn.ManagedClientConnectionImpl@6b751cb1
22:09:44.080 [main] DEBUG o.a.h.i.c.BasicClientConnectionManager - Connection can be kept alive indefinitely
22:09:44.082 [main] DEBUG o.a.h.i.c.BasicClientConnectionManager - Get connection for route {}->http://localhost:8080
22:09:44.082 [main] DEBUG o.a.h.i.c.DefaultClientConnectionOperator - Connecting to localhost:8080
22:09:44.082 [main] DEBUG o.a.h.c.protocol.RequestAddCookies - CookieSpec selected: ignoreCookies
22:09:44.082 [main] DEBUG o.a.h.c.protocol.RequestAuthCache - Auth cache not set in the context
22:09:44.082 [main] DEBUG o.a.h.c.p.RequestTargetAuthentication - Target auth state: UNCHALLENGED
22:09:44.082 [main] DEBUG o.a.h.c.p.RequestProxyAuthentication - Proxy auth state: UNCHALLENGED
22:09:44.082 [main] DEBUG o.a.h.impl.client.DefaultHttpClient - Attempt 1 to execute request
22:09:44.082 [main] DEBUG o.a.h.i.conn.DefaultClientConnection - Sending request: GET /3?c=9&a=30&b=18 HTTP/1.1
22:09:44.082 [main] DEBUG org.apache.http.wire -  >> "GET /3?c=9&a=30&b=18 HTTP/1.1[\r][\n]"
22:09:44.082 [main] DEBUG org.apache.http.wire -  >> "Accept: */*[\r][\n]"
22:09:44.082 [main] DEBUG org.apache.http.wire -  >> "Host: localhost:8080[\r][\n]"
22:09:44.082 [main] DEBUG org.apache.http.wire -  >> "Connection: Keep-Alive[\r][\n]"
22:09:44.082 [main] DEBUG org.apache.http.wire -  >> "User-Agent: Apache-HttpClient/4.5.3 (Java/13.0.5.1)[\r][\n]"
22:09:44.082 [main] DEBUG org.apache.http.wire -  >> "Accept-Encoding: gzip,deflate[\r][\n]"
22:09:44.082 [main] DEBUG org.apache.http.wire -  >> "[\r][\n]"
22:09:44.082 [main] DEBUG org.apache.http.headers - >> GET /3?c=9&a=30&b=18 HTTP/1.1
22:09:44.082 [main] DEBUG org.apache.http.headers - >> Accept: */*
22:09:44.082 [main] DEBUG org.apache.http.headers - >> Host: localhost:8080
22:09:44.082 [main] DEBUG org.apache.http.headers - >> Connection: Keep-Alive
22:09:44.082 [main] DEBUG org.apache.http.headers - >> User-Agent: Apache-HttpClient/4.5.3 (Java/13.0.5.1)
22:09:44.082 [main] DEBUG org.apache.http.headers - >> Accept-Encoding: gzip,deflate
22:09:44.098 [main] DEBUG org.apache.http.wire -  << "HTTP/1.1 200 OK[\r][\n]"
22:09:44.099 [main] DEBUG org.apache.http.wire -  << "Server: Apache-Coyote/1.1[\r][\n]"
22:09:44.099 [main] DEBUG org.apache.http.wire -  << "Content-Type: text/plain;charset=UTF-8[\r][\n]"
22:09:44.099 [main] DEBUG org.apache.http.wire -  << "Content-Length: 6[\r][\n]"
22:09:44.099 [main] DEBUG org.apache.http.wire -  << "Date: Sun, 07 Feb 2021 21:09:44 GMT[\r][\n]"
22:09:44.099 [main] DEBUG org.apache.http.wire -  << "[\r][\n]"
22:09:44.099 [main] DEBUG o.a.h.i.conn.DefaultClientConnection - Receiving response: HTTP/1.1 200 OK
22:09:44.099 [main] DEBUG org.apache.http.headers - << HTTP/1.1 200 OK
22:09:44.099 [main] DEBUG org.apache.http.headers - << Server: Apache-Coyote/1.1
22:09:44.099 [main] DEBUG org.apache.http.headers - << Content-Type: text/plain;charset=UTF-8
22:09:44.099 [main] DEBUG org.apache.http.headers - << Content-Length: 6
22:09:44.099 [main] DEBUG org.apache.http.headers - << Date: Sun, 07 Feb 2021 21:09:44 GMT
22:09:44.099 [main] DEBUG o.a.h.impl.client.DefaultHttpClient - Connection can be kept alive indefinitely
22:09:44.099 [main] DEBUG i.r.i.RequestSpecificationImpl$RestAssuredHttpBuilder - Parsing response as: text/plain;charset=UTF-8
22:09:44.099 [main] DEBUG i.r.i.RequestSpecificationImpl$RestAssuredHttpBuilder - Parsed data to instance of: class org.apache.http.conn.EofSensorInputStream
22:09:44.099 [main] DEBUG org.apache.http.wire -  << "a:4500"
22:09:44.099 [main] DEBUG o.a.h.i.c.BasicClientConnectionManager - Releasing connection org.apache.http.impl.conn.ManagedClientConnectionImpl@4c8d45cf
22:09:44.099 [main] DEBUG o.a.h.i.c.BasicClientConnectionManager - Connection can be kept alive indefinitely
22:09:44.101 [main] DEBUG o.a.h.i.c.BasicClientConnectionManager - Get connection for route {}->http://localhost:8080
22:09:44.101 [main] DEBUG o.a.h.i.c.DefaultClientConnectionOperator - Connecting to localhost:8080
22:09:44.102 [main] DEBUG o.a.h.c.protocol.RequestAddCookies - CookieSpec selected: ignoreCookies
22:09:44.102 [main] DEBUG o.a.h.c.protocol.RequestAuthCache - Auth cache not set in the context
22:09:44.102 [main] DEBUG o.a.h.c.p.RequestTargetAuthentication - Target auth state: UNCHALLENGED
22:09:44.102 [main] DEBUG o.a.h.c.p.RequestProxyAuthentication - Proxy auth state: UNCHALLENGED
22:09:44.102 [main] DEBUG o.a.h.impl.client.DefaultHttpClient - Attempt 1 to execute request
22:09:44.102 [main] DEBUG o.a.h.i.conn.DefaultClientConnection - Sending request: GET /3?c=9&a=30&b=18 HTTP/1.1
22:09:44.102 [main] DEBUG org.apache.http.wire -  >> "GET /3?c=9&a=30&b=18 HTTP/1.1[\r][\n]"
22:09:44.102 [main] DEBUG org.apache.http.wire -  >> "Accept: */*[\r][\n]"
22:09:44.102 [main] DEBUG org.apache.http.wire -  >> "Host: localhost:8080[\r][\n]"
22:09:44.102 [main] DEBUG org.apache.http.wire -  >> "Connection: Keep-Alive[\r][\n]"
22:09:44.102 [main] DEBUG org.apache.http.wire -  >> "User-Agent: Apache-HttpClient/4.5.3 (Java/13.0.5.1)[\r][\n]"
22:09:44.102 [main] DEBUG org.apache.http.wire -  >> "Accept-Encoding: gzip,deflate[\r][\n]"
22:09:44.102 [main] DEBUG org.apache.http.wire -  >> "[\r][\n]"
22:09:44.102 [main] DEBUG org.apache.http.headers - >> GET /3?c=9&a=30&b=18 HTTP/1.1
22:09:44.102 [main] DEBUG org.apache.http.headers - >> Accept: */*
22:09:44.102 [main] DEBUG org.apache.http.headers - >> Host: localhost:8080
22:09:44.102 [main] DEBUG org.apache.http.headers - >> Connection: Keep-Alive
22:09:44.102 [main] DEBUG org.apache.http.headers - >> User-Agent: Apache-HttpClient/4.5.3 (Java/13.0.5.1)
22:09:44.102 [main] DEBUG org.apache.http.headers - >> Accept-Encoding: gzip,deflate
22:09:44.118 [main] DEBUG org.apache.http.wire -  << "HTTP/1.1 200 OK[\r][\n]"
22:09:44.118 [main] DEBUG org.apache.http.wire -  << "Server: Apache-Coyote/1.1[\r][\n]"
22:09:44.118 [main] DEBUG org.apache.http.wire -  << "Content-Type: text/plain;charset=UTF-8[\r][\n]"
22:09:44.118 [main] DEBUG org.apache.http.wire -  << "Content-Length: 6[\r][\n]"
22:09:44.118 [main] DEBUG org.apache.http.wire -  << "Date: Sun, 07 Feb 2021 21:09:44 GMT[\r][\n]"
22:09:44.118 [main] DEBUG org.apache.http.wire -  << "[\r][\n]"
22:09:44.118 [main] DEBUG o.a.h.i.conn.DefaultClientConnection - Receiving response: HTTP/1.1 200 OK
22:09:44.118 [main] DEBUG org.apache.http.headers - << HTTP/1.1 200 OK
22:09:44.118 [main] DEBUG org.apache.http.headers - << Server: Apache-Coyote/1.1
22:09:44.118 [main] DEBUG org.apache.http.headers - << Content-Type: text/plain;charset=UTF-8
22:09:44.118 [main] DEBUG org.apache.http.headers - << Content-Length: 6
22:09:44.118 [main] DEBUG org.apache.http.headers - << Date: Sun, 07 Feb 2021 21:09:44 GMT
22:09:44.118 [main] DEBUG o.a.h.impl.client.DefaultHttpClient - Connection can be kept alive indefinitely
22:09:44.118 [main] DEBUG i.r.i.RequestSpecificationImpl$RestAssuredHttpBuilder - Parsing response as: text/plain;charset=UTF-8
22:09:44.118 [main] DEBUG i.r.i.RequestSpecificationImpl$RestAssuredHttpBuilder - Parsed data to instance of: class org.apache.http.conn.EofSensorInputStream
22:09:44.119 [main] DEBUG org.apache.http.wire -  << "a:4500"
22:09:44.119 [main] DEBUG o.a.h.i.c.BasicClientConnectionManager - Releasing connection org.apache.http.impl.conn.ManagedClientConnectionImpl@3add5e17
22:09:44.119 [main] DEBUG o.a.h.i.c.BasicClientConnectionManager - Connection can be kept alive indefinitely
22:09:44.120 [main] DEBUG o.a.h.i.c.BasicClientConnectionManager - Get connection for route {}->http://localhost:8080
22:09:44.120 [main] DEBUG o.a.h.i.c.DefaultClientConnectionOperator - Connecting to localhost:8080
22:09:44.121 [main] DEBUG o.a.h.c.protocol.RequestAddCookies - CookieSpec selected: ignoreCookies
22:09:44.121 [main] DEBUG o.a.h.c.protocol.RequestAuthCache - Auth cache not set in the context
22:09:44.121 [main] DEBUG o.a.h.c.p.RequestTargetAuthentication - Target auth state: UNCHALLENGED
22:09:44.121 [main] DEBUG o.a.h.c.p.RequestProxyAuthentication - Proxy auth state: UNCHALLENGED
22:09:44.121 [main] DEBUG o.a.h.impl.client.DefaultHttpClient - Attempt 1 to execute request
22:09:44.121 [main] DEBUG o.a.h.i.conn.DefaultClientConnection - Sending request: GET /3?c=9&a=30&b=18 HTTP/1.1
22:09:44.121 [main] DEBUG org.apache.http.wire -  >> "GET /3?c=9&a=30&b=18 HTTP/1.1[\r][\n]"
22:09:44.121 [main] DEBUG org.apache.http.wire -  >> "Accept: */*[\r][\n]"
22:09:44.121 [main] DEBUG org.apache.http.wire -  >> "Host: localhost:8080[\r][\n]"
22:09:44.121 [main] DEBUG org.apache.http.wire -  >> "Connection: Keep-Alive[\r][\n]"
22:09:44.121 [main] DEBUG org.apache.http.wire -  >> "User-Agent: Apache-HttpClient/4.5.3 (Java/13.0.5.1)[\r][\n]"
22:09:44.121 [main] DEBUG org.apache.http.wire -  >> "Accept-Encoding: gzip,deflate[\r][\n]"
22:09:44.121 [main] DEBUG org.apache.http.wire -  >> "[\r][\n]"
22:09:44.121 [main] DEBUG org.apache.http.headers - >> GET /3?c=9&a=30&b=18 HTTP/1.1
22:09:44.121 [main] DEBUG org.apache.http.headers - >> Accept: */*
22:09:44.121 [main] DEBUG org.apache.http.headers - >> Host: localhost:8080
22:09:44.121 [main] DEBUG org.apache.http.headers - >> Connection: Keep-Alive
22:09:44.121 [main] DEBUG org.apache.http.headers - >> User-Agent: Apache-HttpClient/4.5.3 (Java/13.0.5.1)
22:09:44.121 [main] DEBUG org.apache.http.headers - >> Accept-Encoding: gzip,deflate
22:09:44.141 [main] DEBUG org.apache.http.wire -  << "HTTP/1.1 200 OK[\r][\n]"
22:09:44.141 [main] DEBUG org.apache.http.wire -  << "Server: Apache-Coyote/1.1[\r][\n]"
22:09:44.141 [main] DEBUG org.apache.http.wire -  << "Content-Type: text/plain;charset=UTF-8[\r][\n]"
22:09:44.141 [main] DEBUG org.apache.http.wire -  << "Content-Length: 6[\r][\n]"
22:09:44.141 [main] DEBUG org.apache.http.wire -  << "Date: Sun, 07 Feb 2021 21:09:44 GMT[\r][\n]"
22:09:44.141 [main] DEBUG org.apache.http.wire -  << "[\r][\n]"
22:09:44.141 [main] DEBUG o.a.h.i.conn.DefaultClientConnection - Receiving response: HTTP/1.1 200 OK
22:09:44.141 [main] DEBUG org.apache.http.headers - << HTTP/1.1 200 OK
22:09:44.141 [main] DEBUG org.apache.http.headers - << Server: Apache-Coyote/1.1
22:09:44.141 [main] DEBUG org.apache.http.headers - << Content-Type: text/plain;charset=UTF-8
22:09:44.141 [main] DEBUG org.apache.http.headers - << Content-Length: 6
22:09:44.141 [main] DEBUG org.apache.http.headers - << Date: Sun, 07 Feb 2021 21:09:44 GMT
22:09:44.141 [main] DEBUG o.a.h.impl.client.DefaultHttpClient - Connection can be kept alive indefinitely
22:09:44.141 [main] DEBUG i.r.i.RequestSpecificationImpl$RestAssuredHttpBuilder - Parsing response as: text/plain;charset=UTF-8
22:09:44.141 [main] DEBUG i.r.i.RequestSpecificationImpl$RestAssuredHttpBuilder - Parsed data to instance of: class org.apache.http.conn.EofSensorInputStream
22:09:44.142 [main] DEBUG org.apache.http.wire -  << "a:4500"
22:09:44.142 [main] DEBUG o.a.h.i.c.BasicClientConnectionManager - Releasing connection org.apache.http.impl.conn.ManagedClientConnectionImpl@b34c7c9
22:09:44.142 [main] DEBUG o.a.h.i.c.BasicClientConnectionManager - Connection can be kept alive indefinitely
22:09:44.144 [main] DEBUG o.a.h.i.c.BasicClientConnectionManager - Get connection for route {}->http://localhost:8080
22:09:44.144 [main] DEBUG o.a.h.i.c.DefaultClientConnectionOperator - Connecting to localhost:8080
22:09:44.144 [main] DEBUG o.a.h.c.protocol.RequestAddCookies - CookieSpec selected: ignoreCookies
22:09:44.144 [main] DEBUG o.a.h.c.protocol.RequestAuthCache - Auth cache not set in the context
22:09:44.144 [main] DEBUG o.a.h.c.p.RequestTargetAuthentication - Target auth state: UNCHALLENGED
22:09:44.144 [main] DEBUG o.a.h.c.p.RequestProxyAuthentication - Proxy auth state: UNCHALLENGED
22:09:44.144 [main] DEBUG o.a.h.impl.client.DefaultHttpClient - Attempt 1 to execute request
22:09:44.144 [main] DEBUG o.a.h.i.conn.DefaultClientConnection - Sending request: GET /3?c=9&a=30&b=18 HTTP/1.1
22:09:44.144 [main] DEBUG org.apache.http.wire -  >> "GET /3?c=9&a=30&b=18 HTTP/1.1[\r][\n]"
22:09:44.144 [main] DEBUG org.apache.http.wire -  >> "Accept: */*[\r][\n]"
22:09:44.144 [main] DEBUG org.apache.http.wire -  >> "Host: localhost:8080[\r][\n]"
22:09:44.144 [main] DEBUG org.apache.http.wire -  >> "Connection: Keep-Alive[\r][\n]"
22:09:44.144 [main] DEBUG org.apache.http.wire -  >> "User-Agent: Apache-HttpClient/4.5.3 (Java/13.0.5.1)[\r][\n]"
22:09:44.145 [main] DEBUG org.apache.http.wire -  >> "Accept-Encoding: gzip,deflate[\r][\n]"
22:09:44.145 [main] DEBUG org.apache.http.wire -  >> "[\r][\n]"
22:09:44.145 [main] DEBUG org.apache.http.headers - >> GET /3?c=9&a=30&b=18 HTTP/1.1
22:09:44.145 [main] DEBUG org.apache.http.headers - >> Accept: */*
22:09:44.145 [main] DEBUG org.apache.http.headers - >> Host: localhost:8080
22:09:44.145 [main] DEBUG org.apache.http.headers - >> Connection: Keep-Alive
22:09:44.145 [main] DEBUG org.apache.http.headers - >> User-Agent: Apache-HttpClient/4.5.3 (Java/13.0.5.1)
22:09:44.145 [main] DEBUG org.apache.http.headers - >> Accept-Encoding: gzip,deflate
22:09:44.159 [main] DEBUG org.apache.http.wire -  << "HTTP/1.1 200 OK[\r][\n]"
22:09:44.159 [main] DEBUG org.apache.http.wire -  << "Server: Apache-Coyote/1.1[\r][\n]"
22:09:44.159 [main] DEBUG org.apache.http.wire -  << "Content-Type: text/plain;charset=UTF-8[\r][\n]"
22:09:44.159 [main] DEBUG org.apache.http.wire -  << "Content-Length: 6[\r][\n]"
22:09:44.159 [main] DEBUG org.apache.http.wire -  << "Date: Sun, 07 Feb 2021 21:09:44 GMT[\r][\n]"
22:09:44.159 [main] DEBUG org.apache.http.wire -  << "[\r][\n]"
22:09:44.159 [main] DEBUG o.a.h.i.conn.DefaultClientConnection - Receiving response: HTTP/1.1 200 OK
22:09:44.159 [main] DEBUG org.apache.http.headers - << HTTP/1.1 200 OK
22:09:44.159 [main] DEBUG org.apache.http.headers - << Server: Apache-Coyote/1.1
22:09:44.159 [main] DEBUG org.apache.http.headers - << Content-Type: text/plain;charset=UTF-8
22:09:44.159 [main] DEBUG org.apache.http.headers - << Content-Length: 6
22:09:44.159 [main] DEBUG org.apache.http.headers - << Date: Sun, 07 Feb 2021 21:09:44 GMT
22:09:44.159 [main] DEBUG o.a.h.impl.client.DefaultHttpClient - Connection can be kept alive indefinitely
22:09:44.159 [main] DEBUG i.r.i.RequestSpecificationImpl$RestAssuredHttpBuilder - Parsing response as: text/plain;charset=UTF-8
22:09:44.159 [main] DEBUG i.r.i.RequestSpecificationImpl$RestAssuredHttpBuilder - Parsed data to instance of: class org.apache.http.conn.EofSensorInputStream
22:09:44.159 [main] DEBUG org.apache.http.wire -  << "a:4500"
22:09:44.159 [main] DEBUG o.a.h.i.c.BasicClientConnectionManager - Releasing connection org.apache.http.impl.conn.ManagedClientConnectionImpl@26270b77
22:09:44.159 [main] DEBUG o.a.h.i.c.BasicClientConnectionManager - Connection can be kept alive indefinitely
22:09:44.161 [main] DEBUG o.a.h.i.c.BasicClientConnectionManager - Get connection for route {}->http://localhost:8080
22:09:44.161 [main] DEBUG o.a.h.i.c.DefaultClientConnectionOperator - Connecting to localhost:8080
22:09:44.161 [main] DEBUG o.a.h.c.protocol.RequestAddCookies - CookieSpec selected: ignoreCookies
22:09:44.161 [main] DEBUG o.a.h.c.protocol.RequestAuthCache - Auth cache not set in the context
22:09:44.161 [main] DEBUG o.a.h.c.p.RequestTargetAuthentication - Target auth state: UNCHALLENGED
22:09:44.161 [main] DEBUG o.a.h.c.p.RequestProxyAuthentication - Proxy auth state: UNCHALLENGED
22:09:44.161 [main] DEBUG o.a.h.impl.client.DefaultHttpClient - Attempt 1 to execute request
22:09:44.161 [main] DEBUG o.a.h.i.conn.DefaultClientConnection - Sending request: GET /3?c=9&a=30&b=18 HTTP/1.1
22:09:44.161 [main] DEBUG org.apache.http.wire -  >> "GET /3?c=9&a=30&b=18 HTTP/1.1[\r][\n]"
22:09:44.161 [main] DEBUG org.apache.http.wire -  >> "Accept: */*[\r][\n]"
22:09:44.161 [main] DEBUG org.apache.http.wire -  >> "Host: localhost:8080[\r][\n]"
22:09:44.161 [main] DEBUG org.apache.http.wire -  >> "Connection: Keep-Alive[\r][\n]"
22:09:44.161 [main] DEBUG org.apache.http.wire -  >> "User-Agent: Apache-HttpClient/4.5.3 (Java/13.0.5.1)[\r][\n]"
22:09:44.161 [main] DEBUG org.apache.http.wire -  >> "Accept-Encoding: gzip,deflate[\r][\n]"
22:09:44.161 [main] DEBUG org.apache.http.wire -  >> "[\r][\n]"
22:09:44.161 [main] DEBUG org.apache.http.headers - >> GET /3?c=9&a=30&b=18 HTTP/1.1
22:09:44.161 [main] DEBUG org.apache.http.headers - >> Accept: */*
22:09:44.161 [main] DEBUG org.apache.http.headers - >> Host: localhost:8080
22:09:44.161 [main] DEBUG org.apache.http.headers - >> Connection: Keep-Alive
22:09:44.161 [main] DEBUG org.apache.http.headers - >> User-Agent: Apache-HttpClient/4.5.3 (Java/13.0.5.1)
22:09:44.161 [main] DEBUG org.apache.http.headers - >> Accept-Encoding: gzip,deflate
22:09:44.186 [main] DEBUG org.apache.http.wire -  << "HTTP/1.1 200 OK[\r][\n]"
22:09:44.186 [main] DEBUG org.apache.http.wire -  << "Server: Apache-Coyote/1.1[\r][\n]"
22:09:44.186 [main] DEBUG org.apache.http.wire -  << "Content-Type: text/plain;charset=UTF-8[\r][\n]"
22:09:44.186 [main] DEBUG org.apache.http.wire -  << "Content-Length: 6[\r][\n]"
22:09:44.186 [main] DEBUG org.apache.http.wire -  << "Date: Sun, 07 Feb 2021 21:09:44 GMT[\r][\n]"
22:09:44.186 [main] DEBUG org.apache.http.wire -  << "[\r][\n]"
22:09:44.186 [main] DEBUG o.a.h.i.conn.DefaultClientConnection - Receiving response: HTTP/1.1 200 OK
22:09:44.186 [main] DEBUG org.apache.http.headers - << HTTP/1.1 200 OK
22:09:44.186 [main] DEBUG org.apache.http.headers - << Server: Apache-Coyote/1.1
22:09:44.186 [main] DEBUG org.apache.http.headers - << Content-Type: text/plain;charset=UTF-8
22:09:44.186 [main] DEBUG org.apache.http.headers - << Content-Length: 6
22:09:44.186 [main] DEBUG org.apache.http.headers - << Date: Sun, 07 Feb 2021 21:09:44 GMT
22:09:44.186 [main] DEBUG o.a.h.impl.client.DefaultHttpClient - Connection can be kept alive indefinitely
22:09:44.186 [main] DEBUG i.r.i.RequestSpecificationImpl$RestAssuredHttpBuilder - Parsing response as: text/plain;charset=UTF-8
22:09:44.186 [main] DEBUG i.r.i.RequestSpecificationImpl$RestAssuredHttpBuilder - Parsed data to instance of: class org.apache.http.conn.EofSensorInputStream
22:09:44.186 [main] DEBUG org.apache.http.wire -  << "a:4500"
22:09:44.186 [main] DEBUG o.a.h.i.c.BasicClientConnectionManager - Releasing connection org.apache.http.impl.conn.ManagedClientConnectionImpl@2fd4312a
22:09:44.186 [main] DEBUG o.a.h.i.c.BasicClientConnectionManager - Connection can be kept alive indefinitely
22:09:44.188 [main] DEBUG o.a.h.i.c.BasicClientConnectionManager - Get connection for route {}->http://localhost:8080
22:09:44.189 [main] DEBUG o.a.h.i.c.DefaultClientConnectionOperator - Connecting to localhost:8080
22:09:44.189 [main] DEBUG o.a.h.c.protocol.RequestAddCookies - CookieSpec selected: ignoreCookies
22:09:44.189 [main] DEBUG o.a.h.c.protocol.RequestAuthCache - Auth cache not set in the context
22:09:44.189 [main] DEBUG o.a.h.c.p.RequestTargetAuthentication - Target auth state: UNCHALLENGED
22:09:44.189 [main] DEBUG o.a.h.c.p.RequestProxyAuthentication - Proxy auth state: UNCHALLENGED
22:09:44.189 [main] DEBUG o.a.h.impl.client.DefaultHttpClient - Attempt 1 to execute request
22:09:44.189 [main] DEBUG o.a.h.i.conn.DefaultClientConnection - Sending request: GET /3?c=9&a=30&b=18 HTTP/1.1
22:09:44.189 [main] DEBUG org.apache.http.wire -  >> "GET /3?c=9&a=30&b=18 HTTP/1.1[\r][\n]"
22:09:44.189 [main] DEBUG org.apache.http.wire -  >> "Accept: */*[\r][\n]"
22:09:44.189 [main] DEBUG org.apache.http.wire -  >> "Host: localhost:8080[\r][\n]"
22:09:44.189 [main] DEBUG org.apache.http.wire -  >> "Connection: Keep-Alive[\r][\n]"
22:09:44.189 [main] DEBUG org.apache.http.wire -  >> "User-Agent: Apache-HttpClient/4.5.3 (Java/13.0.5.1)[\r][\n]"
22:09:44.189 [main] DEBUG org.apache.http.wire -  >> "Accept-Encoding: gzip,deflate[\r][\n]"
22:09:44.189 [main] DEBUG org.apache.http.wire -  >> "[\r][\n]"
22:09:44.189 [main] DEBUG org.apache.http.headers - >> GET /3?c=9&a=30&b=18 HTTP/1.1
22:09:44.189 [main] DEBUG org.apache.http.headers - >> Accept: */*
22:09:44.189 [main] DEBUG org.apache.http.headers - >> Host: localhost:8080
22:09:44.189 [main] DEBUG org.apache.http.headers - >> Connection: Keep-Alive
22:09:44.189 [main] DEBUG org.apache.http.headers - >> User-Agent: Apache-HttpClient/4.5.3 (Java/13.0.5.1)
22:09:44.189 [main] DEBUG org.apache.http.headers - >> Accept-Encoding: gzip,deflate
22:09:44.208 [main] DEBUG org.apache.http.wire -  << "HTTP/1.1 200 OK[\r][\n]"
22:09:44.208 [main] DEBUG org.apache.http.wire -  << "Server: Apache-Coyote/1.1[\r][\n]"
22:09:44.208 [main] DEBUG org.apache.http.wire -  << "Content-Type: text/plain;charset=UTF-8[\r][\n]"
22:09:44.208 [main] DEBUG org.apache.http.wire -  << "Content-Length: 6[\r][\n]"
22:09:44.208 [main] DEBUG org.apache.http.wire -  << "Date: Sun, 07 Feb 2021 21:09:44 GMT[\r][\n]"
22:09:44.208 [main] DEBUG org.apache.http.wire -  << "[\r][\n]"
22:09:44.208 [main] DEBUG o.a.h.i.conn.DefaultClientConnection - Receiving response: HTTP/1.1 200 OK
22:09:44.208 [main] DEBUG org.apache.http.headers - << HTTP/1.1 200 OK
22:09:44.208 [main] DEBUG org.apache.http.headers - << Server: Apache-Coyote/1.1
22:09:44.208 [main] DEBUG org.apache.http.headers - << Content-Type: text/plain;charset=UTF-8
22:09:44.208 [main] DEBUG org.apache.http.headers - << Content-Length: 6
22:09:44.208 [main] DEBUG org.apache.http.headers - << Date: Sun, 07 Feb 2021 21:09:44 GMT
22:09:44.208 [main] DEBUG o.a.h.impl.client.DefaultHttpClient - Connection can be kept alive indefinitely
22:09:44.209 [main] DEBUG i.r.i.RequestSpecificationImpl$RestAssuredHttpBuilder - Parsing response as: text/plain;charset=UTF-8
22:09:44.209 [main] DEBUG i.r.i.RequestSpecificationImpl$RestAssuredHttpBuilder - Parsed data to instance of: class org.apache.http.conn.EofSensorInputStream
22:09:44.209 [main] DEBUG org.apache.http.wire -  << "a:4500"
22:09:44.209 [main] DEBUG o.a.h.i.c.BasicClientConnectionManager - Releasing connection org.apache.http.impl.conn.ManagedClientConnectionImpl@246df37b
22:09:44.209 [main] DEBUG o.a.h.i.c.BasicClientConnectionManager - Connection can be kept alive indefinitely
22:09:44.212 [main] DEBUG o.a.h.i.c.BasicClientConnectionManager - Get connection for route {}->http://localhost:8080
22:09:44.212 [main] DEBUG o.a.h.i.c.DefaultClientConnectionOperator - Connecting to localhost:8080
22:09:44.212 [main] DEBUG o.a.h.c.protocol.RequestAddCookies - CookieSpec selected: ignoreCookies
22:09:44.212 [main] DEBUG o.a.h.c.protocol.RequestAuthCache - Auth cache not set in the context
22:09:44.212 [main] DEBUG o.a.h.c.p.RequestTargetAuthentication - Target auth state: UNCHALLENGED
22:09:44.212 [main] DEBUG o.a.h.c.p.RequestProxyAuthentication - Proxy auth state: UNCHALLENGED
22:09:44.212 [main] DEBUG o.a.h.impl.client.DefaultHttpClient - Attempt 1 to execute request
22:09:44.212 [main] DEBUG o.a.h.i.conn.DefaultClientConnection - Sending request: GET /3?c=9&a=30&b=18 HTTP/1.1
22:09:44.212 [main] DEBUG org.apache.http.wire -  >> "GET /3?c=9&a=30&b=18 HTTP/1.1[\r][\n]"
22:09:44.212 [main] DEBUG org.apache.http.wire -  >> "Accept: */*[\r][\n]"
22:09:44.212 [main] DEBUG org.apache.http.wire -  >> "Host: localhost:8080[\r][\n]"
22:09:44.212 [main] DEBUG org.apache.http.wire -  >> "Connection: Keep-Alive[\r][\n]"
22:09:44.212 [main] DEBUG org.apache.http.wire -  >> "User-Agent: Apache-HttpClient/4.5.3 (Java/13.0.5.1)[\r][\n]"
22:09:44.212 [main] DEBUG org.apache.http.wire -  >> "Accept-Encoding: gzip,deflate[\r][\n]"
22:09:44.212 [main] DEBUG org.apache.http.wire -  >> "[\r][\n]"
22:09:44.212 [main] DEBUG org.apache.http.headers - >> GET /3?c=9&a=30&b=18 HTTP/1.1
22:09:44.212 [main] DEBUG org.apache.http.headers - >> Accept: */*
22:09:44.212 [main] DEBUG org.apache.http.headers - >> Host: localhost:8080
22:09:44.212 [main] DEBUG org.apache.http.headers - >> Connection: Keep-Alive
22:09:44.212 [main] DEBUG org.apache.http.headers - >> User-Agent: Apache-HttpClient/4.5.3 (Java/13.0.5.1)
22:09:44.212 [main] DEBUG org.apache.http.headers - >> Accept-Encoding: gzip,deflate
22:09:44.227 [main] DEBUG org.apache.http.wire -  << "HTTP/1.1 200 OK[\r][\n]"
22:09:44.228 [main] DEBUG org.apache.http.wire -  << "Server: Apache-Coyote/1.1[\r][\n]"
22:09:44.228 [main] DEBUG org.apache.http.wire -  << "Content-Type: text/plain;charset=UTF-8[\r][\n]"
22:09:44.228 [main] DEBUG org.apache.http.wire -  << "Content-Length: 6[\r][\n]"
22:09:44.228 [main] DEBUG org.apache.http.wire -  << "Date: Sun, 07 Feb 2021 21:09:44 GMT[\r][\n]"
22:09:44.228 [main] DEBUG org.apache.http.wire -  << "[\r][\n]"
22:09:44.228 [main] DEBUG o.a.h.i.conn.DefaultClientConnection - Receiving response: HTTP/1.1 200 OK
22:09:44.228 [main] DEBUG org.apache.http.headers - << HTTP/1.1 200 OK
22:09:44.228 [main] DEBUG org.apache.http.headers - << Server: Apache-Coyote/1.1
22:09:44.228 [main] DEBUG org.apache.http.headers - << Content-Type: text/plain;charset=UTF-8
22:09:44.228 [main] DEBUG org.apache.http.headers - << Content-Length: 6
22:09:44.228 [main] DEBUG org.apache.http.headers - << Date: Sun, 07 Feb 2021 21:09:44 GMT
22:09:44.228 [main] DEBUG o.a.h.impl.client.DefaultHttpClient - Connection can be kept alive indefinitely
22:09:44.228 [main] DEBUG i.r.i.RequestSpecificationImpl$RestAssuredHttpBuilder - Parsing response as: text/plain;charset=UTF-8
22:09:44.228 [main] DEBUG i.r.i.RequestSpecificationImpl$RestAssuredHttpBuilder - Parsed data to instance of: class org.apache.http.conn.EofSensorInputStream
22:09:44.229 [main] DEBUG org.apache.http.wire -  << "a:4500"
22:09:44.229 [main] DEBUG o.a.h.i.c.BasicClientConnectionManager - Releasing connection org.apache.http.impl.conn.ManagedClientConnectionImpl@6231f77a
22:09:44.229 [main] DEBUG o.a.h.i.c.BasicClientConnectionManager - Connection can be kept alive indefinitely
22:09:44.232 [main] DEBUG o.a.h.i.c.BasicClientConnectionManager - Get connection for route {}->http://localhost:8080
22:09:44.232 [main] DEBUG o.a.h.i.c.DefaultClientConnectionOperator - Connecting to localhost:8080
22:09:44.233 [main] DEBUG o.a.h.c.protocol.RequestAddCookies - CookieSpec selected: ignoreCookies
22:09:44.233 [main] DEBUG o.a.h.c.protocol.RequestAuthCache - Auth cache not set in the context
22:09:44.233 [main] DEBUG o.a.h.c.p.RequestTargetAuthentication - Target auth state: UNCHALLENGED
22:09:44.233 [main] DEBUG o.a.h.c.p.RequestProxyAuthentication - Proxy auth state: UNCHALLENGED
22:09:44.233 [main] DEBUG o.a.h.impl.client.DefaultHttpClient - Attempt 1 to execute request
22:09:44.233 [main] DEBUG o.a.h.i.conn.DefaultClientConnection - Sending request: GET /3?c=9&a=30&b=18 HTTP/1.1
22:09:44.233 [main] DEBUG org.apache.http.wire -  >> "GET /3?c=9&a=30&b=18 HTTP/1.1[\r][\n]"
22:09:44.233 [main] DEBUG org.apache.http.wire -  >> "Accept: */*[\r][\n]"
22:09:44.233 [main] DEBUG org.apache.http.wire -  >> "Host: localhost:8080[\r][\n]"
22:09:44.233 [main] DEBUG org.apache.http.wire -  >> "Connection: Keep-Alive[\r][\n]"
22:09:44.233 [main] DEBUG org.apache.http.wire -  >> "User-Agent: Apache-HttpClient/4.5.3 (Java/13.0.5.1)[\r][\n]"
22:09:44.233 [main] DEBUG org.apache.http.wire -  >> "Accept-Encoding: gzip,deflate[\r][\n]"
22:09:44.233 [main] DEBUG org.apache.http.wire -  >> "[\r][\n]"
22:09:44.233 [main] DEBUG org.apache.http.headers - >> GET /3?c=9&a=30&b=18 HTTP/1.1
22:09:44.233 [main] DEBUG org.apache.http.headers - >> Accept: */*
22:09:44.233 [main] DEBUG org.apache.http.headers - >> Host: localhost:8080
22:09:44.233 [main] DEBUG org.apache.http.headers - >> Connection: Keep-Alive
22:09:44.233 [main] DEBUG org.apache.http.headers - >> User-Agent: Apache-HttpClient/4.5.3 (Java/13.0.5.1)
22:09:44.233 [main] DEBUG org.apache.http.headers - >> Accept-Encoding: gzip,deflate
22:09:44.253 [main] DEBUG org.apache.http.wire -  << "HTTP/1.1 200 OK[\r][\n]"
22:09:44.253 [main] DEBUG org.apache.http.wire -  << "Server: Apache-Coyote/1.1[\r][\n]"
22:09:44.253 [main] DEBUG org.apache.http.wire -  << "Content-Type: text/plain;charset=UTF-8[\r][\n]"
22:09:44.253 [main] DEBUG org.apache.http.wire -  << "Content-Length: 6[\r][\n]"
22:09:44.253 [main] DEBUG org.apache.http.wire -  << "Date: Sun, 07 Feb 2021 21:09:44 GMT[\r][\n]"
22:09:44.253 [main] DEBUG org.apache.http.wire -  << "[\r][\n]"
22:09:44.253 [main] DEBUG o.a.h.i.conn.DefaultClientConnection - Receiving response: HTTP/1.1 200 OK
22:09:44.253 [main] DEBUG org.apache.http.headers - << HTTP/1.1 200 OK
22:09:44.253 [main] DEBUG org.apache.http.headers - << Server: Apache-Coyote/1.1
22:09:44.253 [main] DEBUG org.apache.http.headers - << Content-Type: text/plain;charset=UTF-8
22:09:44.253 [main] DEBUG org.apache.http.headers - << Content-Length: 6
22:09:44.253 [main] DEBUG org.apache.http.headers - << Date: Sun, 07 Feb 2021 21:09:44 GMT
22:09:44.253 [main] DEBUG o.a.h.impl.client.DefaultHttpClient - Connection can be kept alive indefinitely
22:09:44.253 [main] DEBUG i.r.i.RequestSpecificationImpl$RestAssuredHttpBuilder - Parsing response as: text/plain;charset=UTF-8
22:09:44.253 [main] DEBUG i.r.i.RequestSpecificationImpl$RestAssuredHttpBuilder - Parsed data to instance of: class org.apache.http.conn.EofSensorInputStream
22:09:44.254 [main] DEBUG org.apache.http.wire -  << "a:4500"
22:09:44.254 [main] DEBUG o.a.h.i.c.BasicClientConnectionManager - Releasing connection org.apache.http.impl.conn.ManagedClientConnectionImpl@6ea3a513
22:09:44.254 [main] DEBUG o.a.h.i.c.BasicClientConnectionManager - Connection can be kept alive indefinitely
22:09:44.256 [main] DEBUG o.a.h.i.c.BasicClientConnectionManager - Get connection for route {}->http://localhost:8080
22:09:44.256 [main] DEBUG o.a.h.i.c.DefaultClientConnectionOperator - Connecting to localhost:8080
22:09:44.256 [main] DEBUG o.a.h.c.protocol.RequestAddCookies - CookieSpec selected: ignoreCookies
22:09:44.256 [main] DEBUG o.a.h.c.protocol.RequestAuthCache - Auth cache not set in the context
22:09:44.256 [main] DEBUG o.a.h.c.p.RequestTargetAuthentication - Target auth state: UNCHALLENGED
22:09:44.256 [main] DEBUG o.a.h.c.p.RequestProxyAuthentication - Proxy auth state: UNCHALLENGED
22:09:44.256 [main] DEBUG o.a.h.impl.client.DefaultHttpClient - Attempt 1 to execute request
22:09:44.256 [main] DEBUG o.a.h.i.conn.DefaultClientConnection - Sending request: GET /3?c=9&a=30&b=18 HTTP/1.1
22:09:44.256 [main] DEBUG org.apache.http.wire -  >> "GET /3?c=9&a=30&b=18 HTTP/1.1[\r][\n]"
22:09:44.256 [main] DEBUG org.apache.http.wire -  >> "Accept: */*[\r][\n]"
22:09:44.256 [main] DEBUG org.apache.http.wire -  >> "Host: localhost:8080[\r][\n]"
22:09:44.256 [main] DEBUG org.apache.http.wire -  >> "Connection: Keep-Alive[\r][\n]"
22:09:44.256 [main] DEBUG org.apache.http.wire -  >> "User-Agent: Apache-HttpClient/4.5.3 (Java/13.0.5.1)[\r][\n]"
22:09:44.256 [main] DEBUG org.apache.http.wire -  >> "Accept-Encoding: gzip,deflate[\r][\n]"
22:09:44.256 [main] DEBUG org.apache.http.wire -  >> "[\r][\n]"
22:09:44.256 [main] DEBUG org.apache.http.headers - >> GET /3?c=9&a=30&b=18 HTTP/1.1
22:09:44.256 [main] DEBUG org.apache.http.headers - >> Accept: */*
22:09:44.256 [main] DEBUG org.apache.http.headers - >> Host: localhost:8080
22:09:44.256 [main] DEBUG org.apache.http.headers - >> Connection: Keep-Alive
22:09:44.256 [main] DEBUG org.apache.http.headers - >> User-Agent: Apache-HttpClient/4.5.3 (Java/13.0.5.1)
22:09:44.256 [main] DEBUG org.apache.http.headers - >> Accept-Encoding: gzip,deflate
22:09:44.274 [main] DEBUG org.apache.http.wire -  << "HTTP/1.1 200 OK[\r][\n]"
22:09:44.274 [main] DEBUG org.apache.http.wire -  << "Server: Apache-Coyote/1.1[\r][\n]"
22:09:44.274 [main] DEBUG org.apache.http.wire -  << "Content-Type: text/plain;charset=UTF-8[\r][\n]"
22:09:44.274 [main] DEBUG org.apache.http.wire -  << "Content-Length: 6[\r][\n]"
22:09:44.274 [main] DEBUG org.apache.http.wire -  << "Date: Sun, 07 Feb 2021 21:09:44 GMT[\r][\n]"
22:09:44.274 [main] DEBUG org.apache.http.wire -  << "[\r][\n]"
22:09:44.274 [main] DEBUG o.a.h.i.conn.DefaultClientConnection - Receiving response: HTTP/1.1 200 OK
22:09:44.274 [main] DEBUG org.apache.http.headers - << HTTP/1.1 200 OK
22:09:44.274 [main] DEBUG org.apache.http.headers - << Server: Apache-Coyote/1.1
22:09:44.274 [main] DEBUG org.apache.http.headers - << Content-Type: text/plain;charset=UTF-8
22:09:44.274 [main] DEBUG org.apache.http.headers - << Content-Length: 6
22:09:44.274 [main] DEBUG org.apache.http.headers - << Date: Sun, 07 Feb 2021 21:09:44 GMT
22:09:44.274 [main] DEBUG o.a.h.impl.client.DefaultHttpClient - Connection can be kept alive indefinitely
22:09:44.274 [main] DEBUG i.r.i.RequestSpecificationImpl$RestAssuredHttpBuilder - Parsing response as: text/plain;charset=UTF-8
22:09:44.274 [main] DEBUG i.r.i.RequestSpecificationImpl$RestAssuredHttpBuilder - Parsed data to instance of: class org.apache.http.conn.EofSensorInputStream
22:09:44.275 [main] DEBUG org.apache.http.wire -  << "a:4500"
22:09:44.275 [main] DEBUG o.a.h.i.c.BasicClientConnectionManager - Releasing connection org.apache.http.impl.conn.ManagedClientConnectionImpl@2570b316
22:09:44.275 [main] DEBUG o.a.h.i.c.BasicClientConnectionManager - Connection can be kept alive indefinitely
22:09:44.276 [main] DEBUG o.a.h.i.c.BasicClientConnectionManager - Get connection for route {}->http://localhost:8080
22:09:44.277 [main] DEBUG o.a.h.i.c.DefaultClientConnectionOperator - Connecting to localhost:8080
22:09:44.277 [main] DEBUG o.a.h.c.protocol.RequestAddCookies - CookieSpec selected: ignoreCookies
22:09:44.277 [main] DEBUG o.a.h.c.protocol.RequestAuthCache - Auth cache not set in the context
22:09:44.277 [main] DEBUG o.a.h.c.p.RequestTargetAuthentication - Target auth state: UNCHALLENGED
22:09:44.277 [main] DEBUG o.a.h.c.p.RequestProxyAuthentication - Proxy auth state: UNCHALLENGED
22:09:44.277 [main] DEBUG o.a.h.impl.client.DefaultHttpClient - Attempt 1 to execute request
22:09:44.277 [main] DEBUG o.a.h.i.conn.DefaultClientConnection - Sending request: GET /3?c=9&a=30&b=18 HTTP/1.1
22:09:44.277 [main] DEBUG org.apache.http.wire -  >> "GET /3?c=9&a=30&b=18 HTTP/1.1[\r][\n]"
22:09:44.277 [main] DEBUG org.apache.http.wire -  >> "Accept: */*[\r][\n]"
22:09:44.277 [main] DEBUG org.apache.http.wire -  >> "Host: localhost:8080[\r][\n]"
22:09:44.277 [main] DEBUG org.apache.http.wire -  >> "Connection: Keep-Alive[\r][\n]"
22:09:44.277 [main] DEBUG org.apache.http.wire -  >> "User-Agent: Apache-HttpClient/4.5.3 (Java/13.0.5.1)[\r][\n]"
22:09:44.277 [main] DEBUG org.apache.http.wire -  >> "Accept-Encoding: gzip,deflate[\r][\n]"
22:09:44.277 [main] DEBUG org.apache.http.wire -  >> "[\r][\n]"
22:09:44.277 [main] DEBUG org.apache.http.headers - >> GET /3?c=9&a=30&b=18 HTTP/1.1
22:09:44.277 [main] DEBUG org.apache.http.headers - >> Accept: */*
22:09:44.277 [main] DEBUG org.apache.http.headers - >> Host: localhost:8080
22:09:44.277 [main] DEBUG org.apache.http.headers - >> Connection: Keep-Alive
22:09:44.277 [main] DEBUG org.apache.http.headers - >> User-Agent: Apache-HttpClient/4.5.3 (Java/13.0.5.1)
22:09:44.277 [main] DEBUG org.apache.http.headers - >> Accept-Encoding: gzip,deflate
22:09:44.291 [main] DEBUG org.apache.http.wire -  << "HTTP/1.1 200 OK[\r][\n]"
22:09:44.291 [main] DEBUG org.apache.http.wire -  << "Server: Apache-Coyote/1.1[\r][\n]"
22:09:44.291 [main] DEBUG org.apache.http.wire -  << "Content-Type: text/plain;charset=UTF-8[\r][\n]"
22:09:44.291 [main] DEBUG org.apache.http.wire -  << "Content-Length: 6[\r][\n]"
22:09:44.291 [main] DEBUG org.apache.http.wire -  << "Date: Sun, 07 Feb 2021 21:09:44 GMT[\r][\n]"
22:09:44.291 [main] DEBUG org.apache.http.wire -  << "[\r][\n]"
22:09:44.291 [main] DEBUG o.a.h.i.conn.DefaultClientConnection - Receiving response: HTTP/1.1 200 OK
22:09:44.291 [main] DEBUG org.apache.http.headers - << HTTP/1.1 200 OK
22:09:44.291 [main] DEBUG org.apache.http.headers - << Server: Apache-Coyote/1.1
22:09:44.291 [main] DEBUG org.apache.http.headers - << Content-Type: text/plain;charset=UTF-8
22:09:44.291 [main] DEBUG org.apache.http.headers - << Content-Length: 6
22:09:44.291 [main] DEBUG org.apache.http.headers - << Date: Sun, 07 Feb 2021 21:09:44 GMT
22:09:44.291 [main] DEBUG o.a.h.impl.client.DefaultHttpClient - Connection can be kept alive indefinitely
22:09:44.291 [main] DEBUG i.r.i.RequestSpecificationImpl$RestAssuredHttpBuilder - Parsing response as: text/plain;charset=UTF-8
22:09:44.291 [main] DEBUG i.r.i.RequestSpecificationImpl$RestAssuredHttpBuilder - Parsed data to instance of: class org.apache.http.conn.EofSensorInputStream
22:09:44.292 [main] DEBUG org.apache.http.wire -  << "a:4500"
22:09:44.292 [main] DEBUG o.a.h.i.c.BasicClientConnectionManager - Releasing connection org.apache.http.impl.conn.ManagedClientConnectionImpl@25464154
22:09:44.292 [main] DEBUG o.a.h.i.c.BasicClientConnectionManager - Connection can be kept alive indefinitely
22:09:44.295 [main] DEBUG o.a.h.i.c.BasicClientConnectionManager - Get connection for route {}->http://localhost:8080
22:09:44.295 [main] DEBUG o.a.h.i.c.DefaultClientConnectionOperator - Connecting to localhost:8080
22:09:44.296 [main] DEBUG o.a.h.c.protocol.RequestAddCookies - CookieSpec selected: ignoreCookies
22:09:44.296 [main] DEBUG o.a.h.c.protocol.RequestAuthCache - Auth cache not set in the context
22:09:44.296 [main] DEBUG o.a.h.c.p.RequestTargetAuthentication - Target auth state: UNCHALLENGED
22:09:44.296 [main] DEBUG o.a.h.c.p.RequestProxyAuthentication - Proxy auth state: UNCHALLENGED
22:09:44.296 [main] DEBUG o.a.h.impl.client.DefaultHttpClient - Attempt 1 to execute request
22:09:44.296 [main] DEBUG o.a.h.i.conn.DefaultClientConnection - Sending request: GET /3?c=9&a=30&b=18 HTTP/1.1
22:09:44.296 [main] DEBUG org.apache.http.wire -  >> "GET /3?c=9&a=30&b=18 HTTP/1.1[\r][\n]"
22:09:44.296 [main] DEBUG org.apache.http.wire -  >> "Accept: */*[\r][\n]"
22:09:44.296 [main] DEBUG org.apache.http.wire -  >> "Host: localhost:8080[\r][\n]"
22:09:44.296 [main] DEBUG org.apache.http.wire -  >> "Connection: Keep-Alive[\r][\n]"
22:09:44.296 [main] DEBUG org.apache.http.wire -  >> "User-Agent: Apache-HttpClient/4.5.3 (Java/13.0.5.1)[\r][\n]"
22:09:44.296 [main] DEBUG org.apache.http.wire -  >> "Accept-Encoding: gzip,deflate[\r][\n]"
22:09:44.296 [main] DEBUG org.apache.http.wire -  >> "[\r][\n]"
22:09:44.296 [main] DEBUG org.apache.http.headers - >> GET /3?c=9&a=30&b=18 HTTP/1.1
22:09:44.296 [main] DEBUG org.apache.http.headers - >> Accept: */*
22:09:44.296 [main] DEBUG org.apache.http.headers - >> Host: localhost:8080
22:09:44.296 [main] DEBUG org.apache.http.headers - >> Connection: Keep-Alive
22:09:44.296 [main] DEBUG org.apache.http.headers - >> User-Agent: Apache-HttpClient/4.5.3 (Java/13.0.5.1)
22:09:44.296 [main] DEBUG org.apache.http.headers - >> Accept-Encoding: gzip,deflate
22:09:44.317 [main] DEBUG org.apache.http.wire -  << "HTTP/1.1 200 OK[\r][\n]"
22:09:44.317 [main] DEBUG org.apache.http.wire -  << "Server: Apache-Coyote/1.1[\r][\n]"
22:09:44.317 [main] DEBUG org.apache.http.wire -  << "Content-Type: text/plain;charset=UTF-8[\r][\n]"
22:09:44.317 [main] DEBUG org.apache.http.wire -  << "Content-Length: 6[\r][\n]"
22:09:44.317 [main] DEBUG org.apache.http.wire -  << "Date: Sun, 07 Feb 2021 21:09:44 GMT[\r][\n]"
22:09:44.317 [main] DEBUG org.apache.http.wire -  << "[\r][\n]"
22:09:44.317 [main] DEBUG o.a.h.i.conn.DefaultClientConnection - Receiving response: HTTP/1.1 200 OK
22:09:44.317 [main] DEBUG org.apache.http.headers - << HTTP/1.1 200 OK
22:09:44.317 [main] DEBUG org.apache.http.headers - << Server: Apache-Coyote/1.1
22:09:44.317 [main] DEBUG org.apache.http.headers - << Content-Type: text/plain;charset=UTF-8
22:09:44.317 [main] DEBUG org.apache.http.headers - << Content-Length: 6
22:09:44.317 [main] DEBUG org.apache.http.headers - << Date: Sun, 07 Feb 2021 21:09:44 GMT
22:09:44.317 [main] DEBUG o.a.h.impl.client.DefaultHttpClient - Connection can be kept alive indefinitely
22:09:44.317 [main] DEBUG i.r.i.RequestSpecificationImpl$RestAssuredHttpBuilder - Parsing response as: text/plain;charset=UTF-8
22:09:44.317 [main] DEBUG i.r.i.RequestSpecificationImpl$RestAssuredHttpBuilder - Parsed data to instance of: class org.apache.http.conn.EofSensorInputStream
22:09:44.317 [main] DEBUG org.apache.http.wire -  << "a:4500"
22:09:44.317 [main] DEBUG o.a.h.i.c.BasicClientConnectionManager - Releasing connection org.apache.http.impl.conn.ManagedClientConnectionImpl@7f030c72
22:09:44.317 [main] DEBUG o.a.h.i.c.BasicClientConnectionManager - Connection can be kept alive indefinitely
22:09:44.319 [main] DEBUG o.a.h.i.c.BasicClientConnectionManager - Get connection for route {}->http://localhost:8080
22:09:44.319 [main] DEBUG o.a.h.i.c.DefaultClientConnectionOperator - Connecting to localhost:8080
22:09:44.319 [main] DEBUG o.a.h.c.protocol.RequestAddCookies - CookieSpec selected: ignoreCookies
22:09:44.319 [main] DEBUG o.a.h.c.protocol.RequestAuthCache - Auth cache not set in the context
22:09:44.319 [main] DEBUG o.a.h.c.p.RequestTargetAuthentication - Target auth state: UNCHALLENGED
22:09:44.319 [main] DEBUG o.a.h.c.p.RequestProxyAuthentication - Proxy auth state: UNCHALLENGED
22:09:44.319 [main] DEBUG o.a.h.impl.client.DefaultHttpClient - Attempt 1 to execute request
22:09:44.319 [main] DEBUG o.a.h.i.conn.DefaultClientConnection - Sending request: GET /3?c=9&a=30&b=18 HTTP/1.1
22:09:44.319 [main] DEBUG org.apache.http.wire -  >> "GET /3?c=9&a=30&b=18 HTTP/1.1[\r][\n]"
22:09:44.319 [main] DEBUG org.apache.http.wire -  >> "Accept: */*[\r][\n]"
22:09:44.319 [main] DEBUG org.apache.http.wire -  >> "Host: localhost:8080[\r][\n]"
22:09:44.319 [main] DEBUG org.apache.http.wire -  >> "Connection: Keep-Alive[\r][\n]"
22:09:44.319 [main] DEBUG org.apache.http.wire -  >> "User-Agent: Apache-HttpClient/4.5.3 (Java/13.0.5.1)[\r][\n]"
22:09:44.319 [main] DEBUG org.apache.http.wire -  >> "Accept-Encoding: gzip,deflate[\r][\n]"
22:09:44.319 [main] DEBUG org.apache.http.wire -  >> "[\r][\n]"
22:09:44.319 [main] DEBUG org.apache.http.headers - >> GET /3?c=9&a=30&b=18 HTTP/1.1
22:09:44.319 [main] DEBUG org.apache.http.headers - >> Accept: */*
22:09:44.319 [main] DEBUG org.apache.http.headers - >> Host: localhost:8080
22:09:44.319 [main] DEBUG org.apache.http.headers - >> Connection: Keep-Alive
22:09:44.319 [main] DEBUG org.apache.http.headers - >> User-Agent: Apache-HttpClient/4.5.3 (Java/13.0.5.1)
22:09:44.319 [main] DEBUG org.apache.http.headers - >> Accept-Encoding: gzip,deflate
22:09:44.338 [main] DEBUG org.apache.http.wire -  << "HTTP/1.1 200 OK[\r][\n]"
22:09:44.338 [main] DEBUG org.apache.http.wire -  << "Server: Apache-Coyote/1.1[\r][\n]"
22:09:44.338 [main] DEBUG org.apache.http.wire -  << "Content-Type: text/plain;charset=UTF-8[\r][\n]"
22:09:44.338 [main] DEBUG org.apache.http.wire -  << "Content-Length: 6[\r][\n]"
22:09:44.338 [main] DEBUG org.apache.http.wire -  << "Date: Sun, 07 Feb 2021 21:09:44 GMT[\r][\n]"
22:09:44.338 [main] DEBUG org.apache.http.wire -  << "[\r][\n]"
22:09:44.338 [main] DEBUG o.a.h.i.conn.DefaultClientConnection - Receiving response: HTTP/1.1 200 OK
22:09:44.338 [main] DEBUG org.apache.http.headers - << HTTP/1.1 200 OK
22:09:44.338 [main] DEBUG org.apache.http.headers - << Server: Apache-Coyote/1.1
22:09:44.338 [main] DEBUG org.apache.http.headers - << Content-Type: text/plain;charset=UTF-8
22:09:44.338 [main] DEBUG org.apache.http.headers - << Content-Length: 6
22:09:44.338 [main] DEBUG org.apache.http.headers - << Date: Sun, 07 Feb 2021 21:09:44 GMT
22:09:44.339 [main] DEBUG o.a.h.impl.client.DefaultHttpClient - Connection can be kept alive indefinitely
22:09:44.339 [main] DEBUG i.r.i.RequestSpecificationImpl$RestAssuredHttpBuilder - Parsing response as: text/plain;charset=UTF-8
22:09:44.339 [main] DEBUG i.r.i.RequestSpecificationImpl$RestAssuredHttpBuilder - Parsed data to instance of: class org.apache.http.conn.EofSensorInputStream
22:09:44.339 [main] DEBUG org.apache.http.wire -  << "a:4500"
22:09:44.339 [main] DEBUG o.a.h.i.c.BasicClientConnectionManager - Releasing connection org.apache.http.impl.conn.ManagedClientConnectionImpl@6be50b35
22:09:44.339 [main] DEBUG o.a.h.i.c.BasicClientConnectionManager - Connection can be kept alive indefinitely
22:09:44.341 [main] DEBUG o.a.h.i.c.BasicClientConnectionManager - Get connection for route {}->http://localhost:8080
22:09:44.341 [main] DEBUG o.a.h.i.c.DefaultClientConnectionOperator - Connecting to localhost:8080
22:09:44.341 [main] DEBUG o.a.h.c.protocol.RequestAddCookies - CookieSpec selected: ignoreCookies
22:09:44.341 [main] DEBUG o.a.h.c.protocol.RequestAuthCache - Auth cache not set in the context
22:09:44.341 [main] DEBUG o.a.h.c.p.RequestTargetAuthentication - Target auth state: UNCHALLENGED
22:09:44.341 [main] DEBUG o.a.h.c.p.RequestProxyAuthentication - Proxy auth state: UNCHALLENGED
22:09:44.341 [main] DEBUG o.a.h.impl.client.DefaultHttpClient - Attempt 1 to execute request
22:09:44.341 [main] DEBUG o.a.h.i.conn.DefaultClientConnection - Sending request: GET /3?c=9&a=30&b=18 HTTP/1.1
22:09:44.341 [main] DEBUG org.apache.http.wire -  >> "GET /3?c=9&a=30&b=18 HTTP/1.1[\r][\n]"
22:09:44.341 [main] DEBUG org.apache.http.wire -  >> "Accept: */*[\r][\n]"
22:09:44.341 [main] DEBUG org.apache.http.wire -  >> "Host: localhost:8080[\r][\n]"
22:09:44.341 [main] DEBUG org.apache.http.wire -  >> "Connection: Keep-Alive[\r][\n]"
22:09:44.341 [main] DEBUG org.apache.http.wire -  >> "User-Agent: Apache-HttpClient/4.5.3 (Java/13.0.5.1)[\r][\n]"
22:09:44.341 [main] DEBUG org.apache.http.wire -  >> "Accept-Encoding: gzip,deflate[\r][\n]"
22:09:44.341 [main] DEBUG org.apache.http.wire -  >> "[\r][\n]"
22:09:44.341 [main] DEBUG org.apache.http.headers - >> GET /3?c=9&a=30&b=18 HTTP/1.1
22:09:44.341 [main] DEBUG org.apache.http.headers - >> Accept: */*
22:09:44.341 [main] DEBUG org.apache.http.headers - >> Host: localhost:8080
22:09:44.341 [main] DEBUG org.apache.http.headers - >> Connection: Keep-Alive
22:09:44.341 [main] DEBUG org.apache.http.headers - >> User-Agent: Apache-HttpClient/4.5.3 (Java/13.0.5.1)
22:09:44.341 [main] DEBUG org.apache.http.headers - >> Accept-Encoding: gzip,deflate
22:09:44.357 [main] DEBUG org.apache.http.wire -  << "HTTP/1.1 200 OK[\r][\n]"
22:09:44.357 [main] DEBUG org.apache.http.wire -  << "Server: Apache-Coyote/1.1[\r][\n]"
22:09:44.357 [main] DEBUG org.apache.http.wire -  << "Content-Type: text/plain;charset=UTF-8[\r][\n]"
22:09:44.357 [main] DEBUG org.apache.http.wire -  << "Content-Length: 6[\r][\n]"
22:09:44.357 [main] DEBUG org.apache.http.wire -  << "Date: Sun, 07 Feb 2021 21:09:44 GMT[\r][\n]"
22:09:44.357 [main] DEBUG org.apache.http.wire -  << "[\r][\n]"
22:09:44.357 [main] DEBUG o.a.h.i.conn.DefaultClientConnection - Receiving response: HTTP/1.1 200 OK
22:09:44.357 [main] DEBUG org.apache.http.headers - << HTTP/1.1 200 OK
22:09:44.357 [main] DEBUG org.apache.http.headers - << Server: Apache-Coyote/1.1
22:09:44.357 [main] DEBUG org.apache.http.headers - << Content-Type: text/plain;charset=UTF-8
22:09:44.357 [main] DEBUG org.apache.http.headers - << Content-Length: 6
22:09:44.357 [main] DEBUG org.apache.http.headers - << Date: Sun, 07 Feb 2021 21:09:44 GMT
22:09:44.357 [main] DEBUG o.a.h.impl.client.DefaultHttpClient - Connection can be kept alive indefinitely
22:09:44.357 [main] DEBUG i.r.i.RequestSpecificationImpl$RestAssuredHttpBuilder - Parsing response as: text/plain;charset=UTF-8
22:09:44.357 [main] DEBUG i.r.i.RequestSpecificationImpl$RestAssuredHttpBuilder - Parsed data to instance of: class org.apache.http.conn.EofSensorInputStream
22:09:44.357 [main] DEBUG org.apache.http.wire -  << "a:4500"
22:09:44.357 [main] DEBUG o.a.h.i.c.BasicClientConnectionManager - Releasing connection org.apache.http.impl.conn.ManagedClientConnectionImpl@304744a1
22:09:44.357 [main] DEBUG o.a.h.i.c.BasicClientConnectionManager - Connection can be kept alive indefinitely
22:09:44.359 [main] DEBUG o.a.h.i.c.BasicClientConnectionManager - Get connection for route {}->http://localhost:8080
22:09:44.359 [main] DEBUG o.a.h.i.c.DefaultClientConnectionOperator - Connecting to localhost:8080
22:09:44.359 [main] DEBUG o.a.h.c.protocol.RequestAddCookies - CookieSpec selected: ignoreCookies
22:09:44.359 [main] DEBUG o.a.h.c.protocol.RequestAuthCache - Auth cache not set in the context
22:09:44.359 [main] DEBUG o.a.h.c.p.RequestTargetAuthentication - Target auth state: UNCHALLENGED
22:09:44.359 [main] DEBUG o.a.h.c.p.RequestProxyAuthentication - Proxy auth state: UNCHALLENGED
22:09:44.359 [main] DEBUG o.a.h.impl.client.DefaultHttpClient - Attempt 1 to execute request
22:09:44.359 [main] DEBUG o.a.h.i.conn.DefaultClientConnection - Sending request: GET /3?c=9&a=30&b=18 HTTP/1.1
22:09:44.359 [main] DEBUG org.apache.http.wire -  >> "GET /3?c=9&a=30&b=18 HTTP/1.1[\r][\n]"
22:09:44.359 [main] DEBUG org.apache.http.wire -  >> "Accept: */*[\r][\n]"
22:09:44.360 [main] DEBUG org.apache.http.wire -  >> "Host: localhost:8080[\r][\n]"
22:09:44.360 [main] DEBUG org.apache.http.wire -  >> "Connection: Keep-Alive[\r][\n]"
22:09:44.360 [main] DEBUG org.apache.http.wire -  >> "User-Agent: Apache-HttpClient/4.5.3 (Java/13.0.5.1)[\r][\n]"
22:09:44.360 [main] DEBUG org.apache.http.wire -  >> "Accept-Encoding: gzip,deflate[\r][\n]"
22:09:44.360 [main] DEBUG org.apache.http.wire -  >> "[\r][\n]"
22:09:44.360 [main] DEBUG org.apache.http.headers - >> GET /3?c=9&a=30&b=18 HTTP/1.1
22:09:44.360 [main] DEBUG org.apache.http.headers - >> Accept: */*
22:09:44.360 [main] DEBUG org.apache.http.headers - >> Host: localhost:8080
22:09:44.360 [main] DEBUG org.apache.http.headers - >> Connection: Keep-Alive
22:09:44.360 [main] DEBUG org.apache.http.headers - >> User-Agent: Apache-HttpClient/4.5.3 (Java/13.0.5.1)
22:09:44.360 [main] DEBUG org.apache.http.headers - >> Accept-Encoding: gzip,deflate
22:09:44.375 [main] DEBUG org.apache.http.wire -  << "HTTP/1.1 200 OK[\r][\n]"
22:09:44.375 [main] DEBUG org.apache.http.wire -  << "Server: Apache-Coyote/1.1[\r][\n]"
22:09:44.375 [main] DEBUG org.apache.http.wire -  << "Content-Type: text/plain;charset=UTF-8[\r][\n]"
22:09:44.375 [main] DEBUG org.apache.http.wire -  << "Content-Length: 6[\r][\n]"
22:09:44.375 [main] DEBUG org.apache.http.wire -  << "Date: Sun, 07 Feb 2021 21:09:44 GMT[\r][\n]"
22:09:44.375 [main] DEBUG org.apache.http.wire -  << "[\r][\n]"
22:09:44.375 [main] DEBUG o.a.h.i.conn.DefaultClientConnection - Receiving response: HTTP/1.1 200 OK
22:09:44.375 [main] DEBUG org.apache.http.headers - << HTTP/1.1 200 OK
22:09:44.375 [main] DEBUG org.apache.http.headers - << Server: Apache-Coyote/1.1
22:09:44.375 [main] DEBUG org.apache.http.headers - << Content-Type: text/plain;charset=UTF-8
22:09:44.375 [main] DEBUG org.apache.http.headers - << Content-Length: 6
22:09:44.375 [main] DEBUG org.apache.http.headers - << Date: Sun, 07 Feb 2021 21:09:44 GMT
22:09:44.375 [main] DEBUG o.a.h.impl.client.DefaultHttpClient - Connection can be kept alive indefinitely
22:09:44.375 [main] DEBUG i.r.i.RequestSpecificationImpl$RestAssuredHttpBuilder - Parsing response as: text/plain;charset=UTF-8
22:09:44.375 [main] DEBUG i.r.i.RequestSpecificationImpl$RestAssuredHttpBuilder - Parsed data to instance of: class org.apache.http.conn.EofSensorInputStream
22:09:44.375 [main] DEBUG org.apache.http.wire -  << "a:4500"
22:09:44.375 [main] DEBUG o.a.h.i.c.BasicClientConnectionManager - Releasing connection org.apache.http.impl.conn.ManagedClientConnectionImpl@7fc1fd31
22:09:44.375 [main] DEBUG o.a.h.i.c.BasicClientConnectionManager - Connection can be kept alive indefinitely
22:09:44.377 [main] DEBUG o.a.h.i.c.BasicClientConnectionManager - Get connection for route {}->http://localhost:8080
22:09:44.377 [main] DEBUG o.a.h.i.c.DefaultClientConnectionOperator - Connecting to localhost:8080
22:09:44.378 [main] DEBUG o.a.h.c.protocol.RequestAddCookies - CookieSpec selected: ignoreCookies
22:09:44.379 [main] DEBUG o.a.h.c.protocol.RequestAuthCache - Auth cache not set in the context
22:09:44.379 [main] DEBUG o.a.h.c.p.RequestTargetAuthentication - Target auth state: UNCHALLENGED
22:09:44.379 [main] DEBUG o.a.h.c.p.RequestProxyAuthentication - Proxy auth state: UNCHALLENGED
22:09:44.379 [main] DEBUG o.a.h.impl.client.DefaultHttpClient - Attempt 1 to execute request
22:09:44.379 [main] DEBUG o.a.h.i.conn.DefaultClientConnection - Sending request: GET /3?c=9&a=30&b=18 HTTP/1.1
22:09:44.379 [main] DEBUG org.apache.http.wire -  >> "GET /3?c=9&a=30&b=18 HTTP/1.1[\r][\n]"
22:09:44.379 [main] DEBUG org.apache.http.wire -  >> "Accept: */*[\r][\n]"
22:09:44.379 [main] DEBUG org.apache.http.wire -  >> "Host: localhost:8080[\r][\n]"
22:09:44.379 [main] DEBUG org.apache.http.wire -  >> "Connection: Keep-Alive[\r][\n]"
22:09:44.379 [main] DEBUG org.apache.http.wire -  >> "User-Agent: Apache-HttpClient/4.5.3 (Java/13.0.5.1)[\r][\n]"
22:09:44.379 [main] DEBUG org.apache.http.wire -  >> "Accept-Encoding: gzip,deflate[\r][\n]"
22:09:44.379 [main] DEBUG org.apache.http.wire -  >> "[\r][\n]"
22:09:44.379 [main] DEBUG org.apache.http.headers - >> GET /3?c=9&a=30&b=18 HTTP/1.1
22:09:44.379 [main] DEBUG org.apache.http.headers - >> Accept: */*
22:09:44.379 [main] DEBUG org.apache.http.headers - >> Host: localhost:8080
22:09:44.379 [main] DEBUG org.apache.http.headers - >> Connection: Keep-Alive
22:09:44.379 [main] DEBUG org.apache.http.headers - >> User-Agent: Apache-HttpClient/4.5.3 (Java/13.0.5.1)
22:09:44.379 [main] DEBUG org.apache.http.headers - >> Accept-Encoding: gzip,deflate
22:09:44.399 [main] DEBUG org.apache.http.wire -  << "HTTP/1.1 200 OK[\r][\n]"
22:09:44.399 [main] DEBUG org.apache.http.wire -  << "Server: Apache-Coyote/1.1[\r][\n]"
22:09:44.399 [main] DEBUG org.apache.http.wire -  << "Content-Type: text/plain;charset=UTF-8[\r][\n]"
22:09:44.399 [main] DEBUG org.apache.http.wire -  << "Content-Length: 6[\r][\n]"
22:09:44.399 [main] DEBUG org.apache.http.wire -  << "Date: Sun, 07 Feb 2021 21:09:44 GMT[\r][\n]"
22:09:44.399 [main] DEBUG org.apache.http.wire -  << "[\r][\n]"
22:09:44.399 [main] DEBUG o.a.h.i.conn.DefaultClientConnection - Receiving response: HTTP/1.1 200 OK
22:09:44.399 [main] DEBUG org.apache.http.headers - << HTTP/1.1 200 OK
22:09:44.399 [main] DEBUG org.apache.http.headers - << Server: Apache-Coyote/1.1
22:09:44.399 [main] DEBUG org.apache.http.headers - << Content-Type: text/plain;charset=UTF-8
22:09:44.399 [main] DEBUG org.apache.http.headers - << Content-Length: 6
22:09:44.399 [main] DEBUG org.apache.http.headers - << Date: Sun, 07 Feb 2021 21:09:44 GMT
22:09:44.399 [main] DEBUG o.a.h.impl.client.DefaultHttpClient - Connection can be kept alive indefinitely
22:09:44.399 [main] DEBUG i.r.i.RequestSpecificationImpl$RestAssuredHttpBuilder - Parsing response as: text/plain;charset=UTF-8
22:09:44.399 [main] DEBUG i.r.i.RequestSpecificationImpl$RestAssuredHttpBuilder - Parsed data to instance of: class org.apache.http.conn.EofSensorInputStream
22:09:44.399 [main] DEBUG org.apache.http.wire -  << "a:4500"
22:09:44.399 [main] DEBUG o.a.h.i.c.BasicClientConnectionManager - Releasing connection org.apache.http.impl.conn.ManagedClientConnectionImpl@da5d5e1
22:09:44.399 [main] DEBUG o.a.h.i.c.BasicClientConnectionManager - Connection can be kept alive indefinitely
22:09:44.401 [main] DEBUG o.a.h.i.c.BasicClientConnectionManager - Get connection for route {}->http://localhost:8080
22:09:44.401 [main] DEBUG o.a.h.i.c.DefaultClientConnectionOperator - Connecting to localhost:8080
22:09:44.401 [main] DEBUG o.a.h.c.protocol.RequestAddCookies - CookieSpec selected: ignoreCookies
22:09:44.401 [main] DEBUG o.a.h.c.protocol.RequestAuthCache - Auth cache not set in the context
22:09:44.401 [main] DEBUG o.a.h.c.p.RequestTargetAuthentication - Target auth state: UNCHALLENGED
22:09:44.401 [main] DEBUG o.a.h.c.p.RequestProxyAuthentication - Proxy auth state: UNCHALLENGED
22:09:44.401 [main] DEBUG o.a.h.impl.client.DefaultHttpClient - Attempt 1 to execute request
22:09:44.401 [main] DEBUG o.a.h.i.conn.DefaultClientConnection - Sending request: GET /3?c=9&a=30&b=18 HTTP/1.1
22:09:44.401 [main] DEBUG org.apache.http.wire -  >> "GET /3?c=9&a=30&b=18 HTTP/1.1[\r][\n]"
22:09:44.401 [main] DEBUG org.apache.http.wire -  >> "Accept: */*[\r][\n]"
22:09:44.401 [main] DEBUG org.apache.http.wire -  >> "Host: localhost:8080[\r][\n]"
22:09:44.401 [main] DEBUG org.apache.http.wire -  >> "Connection: Keep-Alive[\r][\n]"
22:09:44.401 [main] DEBUG org.apache.http.wire -  >> "User-Agent: Apache-HttpClient/4.5.3 (Java/13.0.5.1)[\r][\n]"
22:09:44.401 [main] DEBUG org.apache.http.wire -  >> "Accept-Encoding: gzip,deflate[\r][\n]"
22:09:44.401 [main] DEBUG org.apache.http.wire -  >> "[\r][\n]"
22:09:44.401 [main] DEBUG org.apache.http.headers - >> GET /3?c=9&a=30&b=18 HTTP/1.1
22:09:44.401 [main] DEBUG org.apache.http.headers - >> Accept: */*
22:09:44.401 [main] DEBUG org.apache.http.headers - >> Host: localhost:8080
22:09:44.401 [main] DEBUG org.apache.http.headers - >> Connection: Keep-Alive
22:09:44.401 [main] DEBUG org.apache.http.headers - >> User-Agent: Apache-HttpClient/4.5.3 (Java/13.0.5.1)
22:09:44.401 [main] DEBUG org.apache.http.headers - >> Accept-Encoding: gzip,deflate
22:09:44.419 [main] DEBUG org.apache.http.wire -  << "HTTP/1.1 200 OK[\r][\n]"
22:09:44.419 [main] DEBUG org.apache.http.wire -  << "Server: Apache-Coyote/1.1[\r][\n]"
22:09:44.419 [main] DEBUG org.apache.http.wire -  << "Content-Type: text/plain;charset=UTF-8[\r][\n]"
22:09:44.419 [main] DEBUG org.apache.http.wire -  << "Content-Length: 6[\r][\n]"
22:09:44.419 [main] DEBUG org.apache.http.wire -  << "Date: Sun, 07 Feb 2021 21:09:44 GMT[\r][\n]"
22:09:44.419 [main] DEBUG org.apache.http.wire -  << "[\r][\n]"
22:09:44.419 [main] DEBUG o.a.h.i.conn.DefaultClientConnection - Receiving response: HTTP/1.1 200 OK
22:09:44.419 [main] DEBUG org.apache.http.headers - << HTTP/1.1 200 OK
22:09:44.419 [main] DEBUG org.apache.http.headers - << Server: Apache-Coyote/1.1
22:09:44.419 [main] DEBUG org.apache.http.headers - << Content-Type: text/plain;charset=UTF-8
22:09:44.419 [main] DEBUG org.apache.http.headers - << Content-Length: 6
22:09:44.419 [main] DEBUG org.apache.http.headers - << Date: Sun, 07 Feb 2021 21:09:44 GMT
22:09:44.419 [main] DEBUG o.a.h.impl.client.DefaultHttpClient - Connection can be kept alive indefinitely
22:09:44.419 [main] DEBUG i.r.i.RequestSpecificationImpl$RestAssuredHttpBuilder - Parsing response as: text/plain;charset=UTF-8
22:09:44.419 [main] DEBUG i.r.i.RequestSpecificationImpl$RestAssuredHttpBuilder - Parsed data to instance of: class org.apache.http.conn.EofSensorInputStream
22:09:44.419 [main] DEBUG org.apache.http.wire -  << "a:4500"
22:09:44.419 [main] DEBUG o.a.h.i.c.BasicClientConnectionManager - Releasing connection org.apache.http.impl.conn.ManagedClientConnectionImpl@4ffe3d42
22:09:44.419 [main] DEBUG o.a.h.i.c.BasicClientConnectionManager - Connection can be kept alive indefinitely
22:09:44.422 [main] DEBUG o.a.h.i.c.BasicClientConnectionManager - Get connection for route {}->http://localhost:8080
22:09:44.422 [main] DEBUG o.a.h.i.c.DefaultClientConnectionOperator - Connecting to localhost:8080
22:09:44.423 [main] DEBUG o.a.h.c.protocol.RequestAddCookies - CookieSpec selected: ignoreCookies
22:09:44.423 [main] DEBUG o.a.h.c.protocol.RequestAuthCache - Auth cache not set in the context
22:09:44.423 [main] DEBUG o.a.h.c.p.RequestTargetAuthentication - Target auth state: UNCHALLENGED
22:09:44.423 [main] DEBUG o.a.h.c.p.RequestProxyAuthentication - Proxy auth state: UNCHALLENGED
22:09:44.423 [main] DEBUG o.a.h.impl.client.DefaultHttpClient - Attempt 1 to execute request
22:09:44.423 [main] DEBUG o.a.h.i.conn.DefaultClientConnection - Sending request: GET /3?c=9&a=30&b=18 HTTP/1.1
22:09:44.423 [main] DEBUG org.apache.http.wire -  >> "GET /3?c=9&a=30&b=18 HTTP/1.1[\r][\n]"
22:09:44.423 [main] DEBUG org.apache.http.wire -  >> "Accept: */*[\r][\n]"
22:09:44.423 [main] DEBUG org.apache.http.wire -  >> "Host: localhost:8080[\r][\n]"
22:09:44.423 [main] DEBUG org.apache.http.wire -  >> "Connection: Keep-Alive[\r][\n]"
22:09:44.423 [main] DEBUG org.apache.http.wire -  >> "User-Agent: Apache-HttpClient/4.5.3 (Java/13.0.5.1)[\r][\n]"
22:09:44.423 [main] DEBUG org.apache.http.wire -  >> "Accept-Encoding: gzip,deflate[\r][\n]"
22:09:44.423 [main] DEBUG org.apache.http.wire -  >> "[\r][\n]"
22:09:44.423 [main] DEBUG org.apache.http.headers - >> GET /3?c=9&a=30&b=18 HTTP/1.1
22:09:44.423 [main] DEBUG org.apache.http.headers - >> Accept: */*
22:09:44.423 [main] DEBUG org.apache.http.headers - >> Host: localhost:8080
22:09:44.423 [main] DEBUG org.apache.http.headers - >> Connection: Keep-Alive
22:09:44.423 [main] DEBUG org.apache.http.headers - >> User-Agent: Apache-HttpClient/4.5.3 (Java/13.0.5.1)
22:09:44.423 [main] DEBUG org.apache.http.headers - >> Accept-Encoding: gzip,deflate
22:09:44.440 [main] DEBUG org.apache.http.wire -  << "HTTP/1.1 200 OK[\r][\n]"
22:09:44.440 [main] DEBUG org.apache.http.wire -  << "Server: Apache-Coyote/1.1[\r][\n]"
22:09:44.440 [main] DEBUG org.apache.http.wire -  << "Content-Type: text/plain;charset=UTF-8[\r][\n]"
22:09:44.440 [main] DEBUG org.apache.http.wire -  << "Content-Length: 6[\r][\n]"
22:09:44.440 [main] DEBUG org.apache.http.wire -  << "Date: Sun, 07 Feb 2021 21:09:44 GMT[\r][\n]"
22:09:44.440 [main] DEBUG org.apache.http.wire -  << "[\r][\n]"
22:09:44.440 [main] DEBUG o.a.h.i.conn.DefaultClientConnection - Receiving response: HTTP/1.1 200 OK
22:09:44.440 [main] DEBUG org.apache.http.headers - << HTTP/1.1 200 OK
22:09:44.440 [main] DEBUG org.apache.http.headers - << Server: Apache-Coyote/1.1
22:09:44.440 [main] DEBUG org.apache.http.headers - << Content-Type: text/plain;charset=UTF-8
22:09:44.440 [main] DEBUG org.apache.http.headers - << Content-Length: 6
22:09:44.440 [main] DEBUG org.apache.http.headers - << Date: Sun, 07 Feb 2021 21:09:44 GMT
22:09:44.440 [main] DEBUG o.a.h.impl.client.DefaultHttpClient - Connection can be kept alive indefinitely
22:09:44.440 [main] DEBUG i.r.i.RequestSpecificationImpl$RestAssuredHttpBuilder - Parsing response as: text/plain;charset=UTF-8
22:09:44.441 [main] DEBUG i.r.i.RequestSpecificationImpl$RestAssuredHttpBuilder - Parsed data to instance of: class org.apache.http.conn.EofSensorInputStream
22:09:44.441 [main] DEBUG org.apache.http.wire -  << "a:4500"
22:09:44.441 [main] DEBUG o.a.h.i.c.BasicClientConnectionManager - Releasing connection org.apache.http.impl.conn.ManagedClientConnectionImpl@4e5d5ac1
22:09:44.441 [main] DEBUG o.a.h.i.c.BasicClientConnectionManager - Connection can be kept alive indefinitely
22:09:44.444 [main] DEBUG o.a.h.i.c.BasicClientConnectionManager - Get connection for route {}->http://localhost:8080
22:09:44.444 [main] DEBUG o.a.h.i.c.DefaultClientConnectionOperator - Connecting to localhost:8080
22:09:44.445 [main] DEBUG o.a.h.c.protocol.RequestAddCookies - CookieSpec selected: ignoreCookies
22:09:44.445 [main] DEBUG o.a.h.c.protocol.RequestAuthCache - Auth cache not set in the context
22:09:44.445 [main] DEBUG o.a.h.c.p.RequestTargetAuthentication - Target auth state: UNCHALLENGED
22:09:44.445 [main] DEBUG o.a.h.c.p.RequestProxyAuthentication - Proxy auth state: UNCHALLENGED
22:09:44.445 [main] DEBUG o.a.h.impl.client.DefaultHttpClient - Attempt 1 to execute request
22:09:44.445 [main] DEBUG o.a.h.i.conn.DefaultClientConnection - Sending request: GET /3?c=9&a=30&b=18 HTTP/1.1
22:09:44.445 [main] DEBUG org.apache.http.wire -  >> "GET /3?c=9&a=30&b=18 HTTP/1.1[\r][\n]"
22:09:44.445 [main] DEBUG org.apache.http.wire -  >> "Accept: */*[\r][\n]"
22:09:44.445 [main] DEBUG org.apache.http.wire -  >> "Host: localhost:8080[\r][\n]"
22:09:44.445 [main] DEBUG org.apache.http.wire -  >> "Connection: Keep-Alive[\r][\n]"
22:09:44.445 [main] DEBUG org.apache.http.wire -  >> "User-Agent: Apache-HttpClient/4.5.3 (Java/13.0.5.1)[\r][\n]"
22:09:44.445 [main] DEBUG org.apache.http.wire -  >> "Accept-Encoding: gzip,deflate[\r][\n]"
22:09:44.445 [main] DEBUG org.apache.http.wire -  >> "[\r][\n]"
22:09:44.445 [main] DEBUG org.apache.http.headers - >> GET /3?c=9&a=30&b=18 HTTP/1.1
22:09:44.445 [main] DEBUG org.apache.http.headers - >> Accept: */*
22:09:44.445 [main] DEBUG org.apache.http.headers - >> Host: localhost:8080
22:09:44.445 [main] DEBUG org.apache.http.headers - >> Connection: Keep-Alive
22:09:44.445 [main] DEBUG org.apache.http.headers - >> User-Agent: Apache-HttpClient/4.5.3 (Java/13.0.5.1)
22:09:44.445 [main] DEBUG org.apache.http.headers - >> Accept-Encoding: gzip,deflate
22:09:44.464 [main] DEBUG org.apache.http.wire -  << "HTTP/1.1 200 OK[\r][\n]"
22:09:44.464 [main] DEBUG org.apache.http.wire -  << "Server: Apache-Coyote/1.1[\r][\n]"
22:09:44.464 [main] DEBUG org.apache.http.wire -  << "Content-Type: text/plain;charset=UTF-8[\r][\n]"
22:09:44.464 [main] DEBUG org.apache.http.wire -  << "Content-Length: 6[\r][\n]"
22:09:44.464 [main] DEBUG org.apache.http.wire -  << "Date: Sun, 07 Feb 2021 21:09:44 GMT[\r][\n]"
22:09:44.464 [main] DEBUG org.apache.http.wire -  << "[\r][\n]"
22:09:44.464 [main] DEBUG o.a.h.i.conn.DefaultClientConnection - Receiving response: HTTP/1.1 200 OK
22:09:44.464 [main] DEBUG org.apache.http.headers - << HTTP/1.1 200 OK
22:09:44.464 [main] DEBUG org.apache.http.headers - << Server: Apache-Coyote/1.1
22:09:44.464 [main] DEBUG org.apache.http.headers - << Content-Type: text/plain;charset=UTF-8
22:09:44.464 [main] DEBUG org.apache.http.headers - << Content-Length: 6
22:09:44.464 [main] DEBUG org.apache.http.headers - << Date: Sun, 07 Feb 2021 21:09:44 GMT
22:09:44.464 [main] DEBUG o.a.h.impl.client.DefaultHttpClient - Connection can be kept alive indefinitely
22:09:44.464 [main] DEBUG i.r.i.RequestSpecificationImpl$RestAssuredHttpBuilder - Parsing response as: text/plain;charset=UTF-8
22:09:44.464 [main] DEBUG i.r.i.RequestSpecificationImpl$RestAssuredHttpBuilder - Parsed data to instance of: class org.apache.http.conn.EofSensorInputStream
22:09:44.464 [main] DEBUG org.apache.http.wire -  << "a:4500"
22:09:44.464 [main] DEBUG o.a.h.i.c.BasicClientConnectionManager - Releasing connection org.apache.http.impl.conn.ManagedClientConnectionImpl@402f61f5
22:09:44.464 [main] DEBUG o.a.h.i.c.BasicClientConnectionManager - Connection can be kept alive indefinitely
22:09:44.468 [main] DEBUG o.a.h.i.c.BasicClientConnectionManager - Get connection for route {}->http://localhost:8080
22:09:44.468 [main] DEBUG o.a.h.i.c.DefaultClientConnectionOperator - Connecting to localhost:8080
22:09:44.469 [main] DEBUG o.a.h.c.protocol.RequestAddCookies - CookieSpec selected: ignoreCookies
22:09:44.469 [main] DEBUG o.a.h.c.protocol.RequestAuthCache - Auth cache not set in the context
22:09:44.469 [main] DEBUG o.a.h.c.p.RequestTargetAuthentication - Target auth state: UNCHALLENGED
22:09:44.469 [main] DEBUG o.a.h.c.p.RequestProxyAuthentication - Proxy auth state: UNCHALLENGED
22:09:44.469 [main] DEBUG o.a.h.impl.client.DefaultHttpClient - Attempt 1 to execute request
22:09:44.469 [main] DEBUG o.a.h.i.conn.DefaultClientConnection - Sending request: GET /3?c=9&a=30&b=18 HTTP/1.1
22:09:44.469 [main] DEBUG org.apache.http.wire -  >> "GET /3?c=9&a=30&b=18 HTTP/1.1[\r][\n]"
22:09:44.469 [main] DEBUG org.apache.http.wire -  >> "Accept: */*[\r][\n]"
22:09:44.469 [main] DEBUG org.apache.http.wire -  >> "Host: localhost:8080[\r][\n]"
22:09:44.469 [main] DEBUG org.apache.http.wire -  >> "Connection: Keep-Alive[\r][\n]"
22:09:44.469 [main] DEBUG org.apache.http.wire -  >> "User-Agent: Apache-HttpClient/4.5.3 (Java/13.0.5.1)[\r][\n]"
22:09:44.469 [main] DEBUG org.apache.http.wire -  >> "Accept-Encoding: gzip,deflate[\r][\n]"
22:09:44.469 [main] DEBUG org.apache.http.wire -  >> "[\r][\n]"
22:09:44.469 [main] DEBUG org.apache.http.headers - >> GET /3?c=9&a=30&b=18 HTTP/1.1
22:09:44.469 [main] DEBUG org.apache.http.headers - >> Accept: */*
22:09:44.469 [main] DEBUG org.apache.http.headers - >> Host: localhost:8080
22:09:44.469 [main] DEBUG org.apache.http.headers - >> Connection: Keep-Alive
22:09:44.469 [main] DEBUG org.apache.http.headers - >> User-Agent: Apache-HttpClient/4.5.3 (Java/13.0.5.1)
22:09:44.469 [main] DEBUG org.apache.http.headers - >> Accept-Encoding: gzip,deflate
22:09:44.485 [main] DEBUG org.apache.http.wire -  << "HTTP/1.1 200 OK[\r][\n]"
22:09:44.485 [main] DEBUG org.apache.http.wire -  << "Server: Apache-Coyote/1.1[\r][\n]"
22:09:44.485 [main] DEBUG org.apache.http.wire -  << "Content-Type: text/plain;charset=UTF-8[\r][\n]"
22:09:44.485 [main] DEBUG org.apache.http.wire -  << "Content-Length: 6[\r][\n]"
22:09:44.485 [main] DEBUG org.apache.http.wire -  << "Date: Sun, 07 Feb 2021 21:09:44 GMT[\r][\n]"
22:09:44.485 [main] DEBUG org.apache.http.wire -  << "[\r][\n]"
22:09:44.485 [main] DEBUG o.a.h.i.conn.DefaultClientConnection - Receiving response: HTTP/1.1 200 OK
22:09:44.485 [main] DEBUG org.apache.http.headers - << HTTP/1.1 200 OK
22:09:44.485 [main] DEBUG org.apache.http.headers - << Server: Apache-Coyote/1.1
22:09:44.485 [main] DEBUG org.apache.http.headers - << Content-Type: text/plain;charset=UTF-8
22:09:44.485 [main] DEBUG org.apache.http.headers - << Content-Length: 6
22:09:44.485 [main] DEBUG org.apache.http.headers - << Date: Sun, 07 Feb 2021 21:09:44 GMT
22:09:44.485 [main] DEBUG o.a.h.impl.client.DefaultHttpClient - Connection can be kept alive indefinitely
22:09:44.485 [main] DEBUG i.r.i.RequestSpecificationImpl$RestAssuredHttpBuilder - Parsing response as: text/plain;charset=UTF-8
22:09:44.485 [main] DEBUG i.r.i.RequestSpecificationImpl$RestAssuredHttpBuilder - Parsed data to instance of: class org.apache.http.conn.EofSensorInputStream
22:09:44.486 [main] DEBUG org.apache.http.wire -  << "a:4500"
22:09:44.486 [main] DEBUG o.a.h.i.c.BasicClientConnectionManager - Releasing connection org.apache.http.impl.conn.ManagedClientConnectionImpl@727dcc64
22:09:44.486 [main] DEBUG o.a.h.i.c.BasicClientConnectionManager - Connection can be kept alive indefinitely
22:09:44.488 [main] DEBUG o.a.h.i.c.BasicClientConnectionManager - Get connection for route {}->http://localhost:8080
22:09:44.488 [main] DEBUG o.a.h.i.c.DefaultClientConnectionOperator - Connecting to localhost:8080
22:09:44.489 [main] DEBUG o.a.h.c.protocol.RequestAddCookies - CookieSpec selected: ignoreCookies
22:09:44.489 [main] DEBUG o.a.h.c.protocol.RequestAuthCache - Auth cache not set in the context
22:09:44.489 [main] DEBUG o.a.h.c.p.RequestTargetAuthentication - Target auth state: UNCHALLENGED
22:09:44.489 [main] DEBUG o.a.h.c.p.RequestProxyAuthentication - Proxy auth state: UNCHALLENGED
22:09:44.489 [main] DEBUG o.a.h.impl.client.DefaultHttpClient - Attempt 1 to execute request
22:09:44.489 [main] DEBUG o.a.h.i.conn.DefaultClientConnection - Sending request: GET /3?c=9&a=30&b=18 HTTP/1.1
22:09:44.489 [main] DEBUG org.apache.http.wire -  >> "GET /3?c=9&a=30&b=18 HTTP/1.1[\r][\n]"
22:09:44.489 [main] DEBUG org.apache.http.wire -  >> "Accept: */*[\r][\n]"
22:09:44.489 [main] DEBUG org.apache.http.wire -  >> "Host: localhost:8080[\r][\n]"
22:09:44.489 [main] DEBUG org.apache.http.wire -  >> "Connection: Keep-Alive[\r][\n]"
22:09:44.489 [main] DEBUG org.apache.http.wire -  >> "User-Agent: Apache-HttpClient/4.5.3 (Java/13.0.5.1)[\r][\n]"
22:09:44.489 [main] DEBUG org.apache.http.wire -  >> "Accept-Encoding: gzip,deflate[\r][\n]"
22:09:44.489 [main] DEBUG org.apache.http.wire -  >> "[\r][\n]"
22:09:44.489 [main] DEBUG org.apache.http.headers - >> GET /3?c=9&a=30&b=18 HTTP/1.1
22:09:44.489 [main] DEBUG org.apache.http.headers - >> Accept: */*
22:09:44.489 [main] DEBUG org.apache.http.headers - >> Host: localhost:8080
22:09:44.489 [main] DEBUG org.apache.http.headers - >> Connection: Keep-Alive
22:09:44.489 [main] DEBUG org.apache.http.headers - >> User-Agent: Apache-HttpClient/4.5.3 (Java/13.0.5.1)
22:09:44.489 [main] DEBUG org.apache.http.headers - >> Accept-Encoding: gzip,deflate
22:09:44.508 [main] DEBUG org.apache.http.wire -  << "HTTP/1.1 200 OK[\r][\n]"
22:09:44.508 [main] DEBUG org.apache.http.wire -  << "Server: Apache-Coyote/1.1[\r][\n]"
22:09:44.508 [main] DEBUG org.apache.http.wire -  << "Content-Type: text/plain;charset=UTF-8[\r][\n]"
22:09:44.508 [main] DEBUG org.apache.http.wire -  << "Content-Length: 6[\r][\n]"
22:09:44.508 [main] DEBUG org.apache.http.wire -  << "Date: Sun, 07 Feb 2021 21:09:44 GMT[\r][\n]"
22:09:44.508 [main] DEBUG org.apache.http.wire -  << "[\r][\n]"
22:09:44.508 [main] DEBUG o.a.h.i.conn.DefaultClientConnection - Receiving response: HTTP/1.1 200 OK
22:09:44.508 [main] DEBUG org.apache.http.headers - << HTTP/1.1 200 OK
22:09:44.508 [main] DEBUG org.apache.http.headers - << Server: Apache-Coyote/1.1
22:09:44.508 [main] DEBUG org.apache.http.headers - << Content-Type: text/plain;charset=UTF-8
22:09:44.508 [main] DEBUG org.apache.http.headers - << Content-Length: 6
22:09:44.508 [main] DEBUG org.apache.http.headers - << Date: Sun, 07 Feb 2021 21:09:44 GMT
22:09:44.508 [main] DEBUG o.a.h.impl.client.DefaultHttpClient - Connection can be kept alive indefinitely
22:09:44.508 [main] DEBUG i.r.i.RequestSpecificationImpl$RestAssuredHttpBuilder - Parsing response as: text/plain;charset=UTF-8
22:09:44.508 [main] DEBUG i.r.i.RequestSpecificationImpl$RestAssuredHttpBuilder - Parsed data to instance of: class org.apache.http.conn.EofSensorInputStream
22:09:44.509 [main] DEBUG org.apache.http.wire -  << "a:4500"
22:09:44.509 [main] DEBUG o.a.h.i.c.BasicClientConnectionManager - Releasing connection org.apache.http.impl.conn.ManagedClientConnectionImpl@7d685f4e
22:09:44.509 [main] DEBUG o.a.h.i.c.BasicClientConnectionManager - Connection can be kept alive indefinitely
22:09:44.512 [main] DEBUG o.a.h.i.c.BasicClientConnectionManager - Get connection for route {}->http://localhost:8080
22:09:44.512 [main] DEBUG o.a.h.i.c.DefaultClientConnectionOperator - Connecting to localhost:8080
22:09:44.513 [main] DEBUG o.a.h.c.protocol.RequestAddCookies - CookieSpec selected: ignoreCookies
22:09:44.513 [main] DEBUG o.a.h.c.protocol.RequestAuthCache - Auth cache not set in the context
22:09:44.513 [main] DEBUG o.a.h.c.p.RequestTargetAuthentication - Target auth state: UNCHALLENGED
22:09:44.513 [main] DEBUG o.a.h.c.p.RequestProxyAuthentication - Proxy auth state: UNCHALLENGED
22:09:44.513 [main] DEBUG o.a.h.impl.client.DefaultHttpClient - Attempt 1 to execute request
22:09:44.513 [main] DEBUG o.a.h.i.conn.DefaultClientConnection - Sending request: GET /3?c=9&a=30&b=18 HTTP/1.1
22:09:44.513 [main] DEBUG org.apache.http.wire -  >> "GET /3?c=9&a=30&b=18 HTTP/1.1[\r][\n]"
22:09:44.513 [main] DEBUG org.apache.http.wire -  >> "Accept: */*[\r][\n]"
22:09:44.513 [main] DEBUG org.apache.http.wire -  >> "Host: localhost:8080[\r][\n]"
22:09:44.513 [main] DEBUG org.apache.http.wire -  >> "Connection: Keep-Alive[\r][\n]"
22:09:44.513 [main] DEBUG org.apache.http.wire -  >> "User-Agent: Apache-HttpClient/4.5.3 (Java/13.0.5.1)[\r][\n]"
22:09:44.513 [main] DEBUG org.apache.http.wire -  >> "Accept-Encoding: gzip,deflate[\r][\n]"
22:09:44.513 [main] DEBUG org.apache.http.wire -  >> "[\r][\n]"
22:09:44.513 [main] DEBUG org.apache.http.headers - >> GET /3?c=9&a=30&b=18 HTTP/1.1
22:09:44.513 [main] DEBUG org.apache.http.headers - >> Accept: */*
22:09:44.513 [main] DEBUG org.apache.http.headers - >> Host: localhost:8080
22:09:44.513 [main] DEBUG org.apache.http.headers - >> Connection: Keep-Alive
22:09:44.513 [main] DEBUG org.apache.http.headers - >> User-Agent: Apache-HttpClient/4.5.3 (Java/13.0.5.1)
22:09:44.513 [main] DEBUG org.apache.http.headers - >> Accept-Encoding: gzip,deflate
22:09:44.533 [main] DEBUG org.apache.http.wire -  << "HTTP/1.1 200 OK[\r][\n]"
22:09:44.533 [main] DEBUG org.apache.http.wire -  << "Server: Apache-Coyote/1.1[\r][\n]"
22:09:44.533 [main] DEBUG org.apache.http.wire -  << "Content-Type: text/plain;charset=UTF-8[\r][\n]"
22:09:44.533 [main] DEBUG org.apache.http.wire -  << "Content-Length: 6[\r][\n]"
22:09:44.533 [main] DEBUG org.apache.http.wire -  << "Date: Sun, 07 Feb 2021 21:09:44 GMT[\r][\n]"
22:09:44.533 [main] DEBUG org.apache.http.wire -  << "[\r][\n]"
22:09:44.533 [main] DEBUG o.a.h.i.conn.DefaultClientConnection - Receiving response: HTTP/1.1 200 OK
22:09:44.533 [main] DEBUG org.apache.http.headers - << HTTP/1.1 200 OK
22:09:44.533 [main] DEBUG org.apache.http.headers - << Server: Apache-Coyote/1.1
22:09:44.533 [main] DEBUG org.apache.http.headers - << Content-Type: text/plain;charset=UTF-8
22:09:44.533 [main] DEBUG org.apache.http.headers - << Content-Length: 6
22:09:44.533 [main] DEBUG org.apache.http.headers - << Date: Sun, 07 Feb 2021 21:09:44 GMT
22:09:44.533 [main] DEBUG o.a.h.impl.client.DefaultHttpClient - Connection can be kept alive indefinitely
22:09:44.533 [main] DEBUG i.r.i.RequestSpecificationImpl$RestAssuredHttpBuilder - Parsing response as: text/plain;charset=UTF-8
22:09:44.533 [main] DEBUG i.r.i.RequestSpecificationImpl$RestAssuredHttpBuilder - Parsed data to instance of: class org.apache.http.conn.EofSensorInputStream
22:09:44.534 [main] DEBUG org.apache.http.wire -  << "a:4500"
22:09:44.534 [main] DEBUG o.a.h.i.c.BasicClientConnectionManager - Releasing connection org.apache.http.impl.conn.ManagedClientConnectionImpl@116fc29e
22:09:44.534 [main] DEBUG o.a.h.i.c.BasicClientConnectionManager - Connection can be kept alive indefinitely
22:09:44.535 [main] DEBUG o.a.h.i.c.BasicClientConnectionManager - Get connection for route {}->http://localhost:8080
22:09:44.535 [main] DEBUG o.a.h.i.c.DefaultClientConnectionOperator - Connecting to localhost:8080
22:09:44.536 [main] DEBUG o.a.h.c.protocol.RequestAddCookies - CookieSpec selected: ignoreCookies
22:09:44.536 [main] DEBUG o.a.h.c.protocol.RequestAuthCache - Auth cache not set in the context
22:09:44.536 [main] DEBUG o.a.h.c.p.RequestTargetAuthentication - Target auth state: UNCHALLENGED
22:09:44.536 [main] DEBUG o.a.h.c.p.RequestProxyAuthentication - Proxy auth state: UNCHALLENGED
22:09:44.536 [main] DEBUG o.a.h.impl.client.DefaultHttpClient - Attempt 1 to execute request
22:09:44.536 [main] DEBUG o.a.h.i.conn.DefaultClientConnection - Sending request: GET /3?c=9&a=30&b=18 HTTP/1.1
22:09:44.536 [main] DEBUG org.apache.http.wire -  >> "GET /3?c=9&a=30&b=18 HTTP/1.1[\r][\n]"
22:09:44.536 [main] DEBUG org.apache.http.wire -  >> "Accept: */*[\r][\n]"
22:09:44.536 [main] DEBUG org.apache.http.wire -  >> "Host: localhost:8080[\r][\n]"
22:09:44.536 [main] DEBUG org.apache.http.wire -  >> "Connection: Keep-Alive[\r][\n]"
22:09:44.536 [main] DEBUG org.apache.http.wire -  >> "User-Agent: Apache-HttpClient/4.5.3 (Java/13.0.5.1)[\r][\n]"
22:09:44.536 [main] DEBUG org.apache.http.wire -  >> "Accept-Encoding: gzip,deflate[\r][\n]"
22:09:44.536 [main] DEBUG org.apache.http.wire -  >> "[\r][\n]"
22:09:44.536 [main] DEBUG org.apache.http.headers - >> GET /3?c=9&a=30&b=18 HTTP/1.1
22:09:44.536 [main] DEBUG org.apache.http.headers - >> Accept: */*
22:09:44.536 [main] DEBUG org.apache.http.headers - >> Host: localhost:8080
22:09:44.536 [main] DEBUG org.apache.http.headers - >> Connection: Keep-Alive
22:09:44.536 [main] DEBUG org.apache.http.headers - >> User-Agent: Apache-HttpClient/4.5.3 (Java/13.0.5.1)
22:09:44.536 [main] DEBUG org.apache.http.headers - >> Accept-Encoding: gzip,deflate
22:09:44.553 [main] DEBUG org.apache.http.wire -  << "HTTP/1.1 200 OK[\r][\n]"
22:09:44.553 [main] DEBUG org.apache.http.wire -  << "Server: Apache-Coyote/1.1[\r][\n]"
22:09:44.553 [main] DEBUG org.apache.http.wire -  << "Content-Type: text/plain;charset=UTF-8[\r][\n]"
22:09:44.553 [main] DEBUG org.apache.http.wire -  << "Content-Length: 6[\r][\n]"
22:09:44.553 [main] DEBUG org.apache.http.wire -  << "Date: Sun, 07 Feb 2021 21:09:44 GMT[\r][\n]"
22:09:44.553 [main] DEBUG org.apache.http.wire -  << "[\r][\n]"
22:09:44.553 [main] DEBUG o.a.h.i.conn.DefaultClientConnection - Receiving response: HTTP/1.1 200 OK
22:09:44.553 [main] DEBUG org.apache.http.headers - << HTTP/1.1 200 OK
22:09:44.553 [main] DEBUG org.apache.http.headers - << Server: Apache-Coyote/1.1
22:09:44.553 [main] DEBUG org.apache.http.headers - << Content-Type: text/plain;charset=UTF-8
22:09:44.553 [main] DEBUG org.apache.http.headers - << Content-Length: 6
22:09:44.553 [main] DEBUG org.apache.http.headers - << Date: Sun, 07 Feb 2021 21:09:44 GMT
22:09:44.553 [main] DEBUG o.a.h.impl.client.DefaultHttpClient - Connection can be kept alive indefinitely
22:09:44.554 [main] DEBUG i.r.i.RequestSpecificationImpl$RestAssuredHttpBuilder - Parsing response as: text/plain;charset=UTF-8
22:09:44.554 [main] DEBUG i.r.i.RequestSpecificationImpl$RestAssuredHttpBuilder - Parsed data to instance of: class org.apache.http.conn.EofSensorInputStream
22:09:44.554 [main] DEBUG org.apache.http.wire -  << "a:4500"
22:09:44.554 [main] DEBUG o.a.h.i.c.BasicClientConnectionManager - Releasing connection org.apache.http.impl.conn.ManagedClientConnectionImpl@67c0c90b
22:09:44.554 [main] DEBUG o.a.h.i.c.BasicClientConnectionManager - Connection can be kept alive indefinitely
22:09:44.555 [main] DEBUG o.a.h.i.c.BasicClientConnectionManager - Get connection for route {}->http://localhost:8080
22:09:44.555 [main] DEBUG o.a.h.i.c.DefaultClientConnectionOperator - Connecting to localhost:8080
22:09:44.556 [main] DEBUG o.a.h.c.protocol.RequestAddCookies - CookieSpec selected: ignoreCookies
22:09:44.556 [main] DEBUG o.a.h.c.protocol.RequestAuthCache - Auth cache not set in the context
22:09:44.556 [main] DEBUG o.a.h.c.p.RequestTargetAuthentication - Target auth state: UNCHALLENGED
22:09:44.556 [main] DEBUG o.a.h.c.p.RequestProxyAuthentication - Proxy auth state: UNCHALLENGED
22:09:44.556 [main] DEBUG o.a.h.impl.client.DefaultHttpClient - Attempt 1 to execute request
22:09:44.556 [main] DEBUG o.a.h.i.conn.DefaultClientConnection - Sending request: GET /3?c=9&a=30&b=18 HTTP/1.1
22:09:44.556 [main] DEBUG org.apache.http.wire -  >> "GET /3?c=9&a=30&b=18 HTTP/1.1[\r][\n]"
22:09:44.556 [main] DEBUG org.apache.http.wire -  >> "Accept: */*[\r][\n]"
22:09:44.556 [main] DEBUG org.apache.http.wire -  >> "Host: localhost:8080[\r][\n]"
22:09:44.556 [main] DEBUG org.apache.http.wire -  >> "Connection: Keep-Alive[\r][\n]"
22:09:44.556 [main] DEBUG org.apache.http.wire -  >> "User-Agent: Apache-HttpClient/4.5.3 (Java/13.0.5.1)[\r][\n]"
22:09:44.556 [main] DEBUG org.apache.http.wire -  >> "Accept-Encoding: gzip,deflate[\r][\n]"
22:09:44.556 [main] DEBUG org.apache.http.wire -  >> "[\r][\n]"
22:09:44.556 [main] DEBUG org.apache.http.headers - >> GET /3?c=9&a=30&b=18 HTTP/1.1
22:09:44.556 [main] DEBUG org.apache.http.headers - >> Accept: */*
22:09:44.556 [main] DEBUG org.apache.http.headers - >> Host: localhost:8080
22:09:44.556 [main] DEBUG org.apache.http.headers - >> Connection: Keep-Alive
22:09:44.556 [main] DEBUG org.apache.http.headers - >> User-Agent: Apache-HttpClient/4.5.3 (Java/13.0.5.1)
22:09:44.556 [main] DEBUG org.apache.http.headers - >> Accept-Encoding: gzip,deflate
22:09:44.577 [main] DEBUG org.apache.http.wire -  << "HTTP/1.1 200 OK[\r][\n]"
22:09:44.577 [main] DEBUG org.apache.http.wire -  << "Server: Apache-Coyote/1.1[\r][\n]"
22:09:44.577 [main] DEBUG org.apache.http.wire -  << "Content-Type: text/plain;charset=UTF-8[\r][\n]"
22:09:44.577 [main] DEBUG org.apache.http.wire -  << "Content-Length: 6[\r][\n]"
22:09:44.577 [main] DEBUG org.apache.http.wire -  << "Date: Sun, 07 Feb 2021 21:09:44 GMT[\r][\n]"
22:09:44.577 [main] DEBUG org.apache.http.wire -  << "[\r][\n]"
22:09:44.577 [main] DEBUG o.a.h.i.conn.DefaultClientConnection - Receiving response: HTTP/1.1 200 OK
22:09:44.577 [main] DEBUG org.apache.http.headers - << HTTP/1.1 200 OK
22:09:44.577 [main] DEBUG org.apache.http.headers - << Server: Apache-Coyote/1.1
22:09:44.577 [main] DEBUG org.apache.http.headers - << Content-Type: text/plain;charset=UTF-8
22:09:44.577 [main] DEBUG org.apache.http.headers - << Content-Length: 6
22:09:44.577 [main] DEBUG org.apache.http.headers - << Date: Sun, 07 Feb 2021 21:09:44 GMT
22:09:44.577 [main] DEBUG o.a.h.impl.client.DefaultHttpClient - Connection can be kept alive indefinitely
22:09:44.578 [main] DEBUG i.r.i.RequestSpecificationImpl$RestAssuredHttpBuilder - Parsing response as: text/plain;charset=UTF-8
22:09:44.578 [main] DEBUG i.r.i.RequestSpecificationImpl$RestAssuredHttpBuilder - Parsed data to instance of: class org.apache.http.conn.EofSensorInputStream
22:09:44.578 [main] DEBUG org.apache.http.wire -  << "a:4500"
22:09:44.578 [main] DEBUG o.a.h.i.c.BasicClientConnectionManager - Releasing connection org.apache.http.impl.conn.ManagedClientConnectionImpl@50f3ba6a
22:09:44.578 [main] DEBUG o.a.h.i.c.BasicClientConnectionManager - Connection can be kept alive indefinitely
22:09:44.580 [main] DEBUG o.a.h.i.c.BasicClientConnectionManager - Get connection for route {}->http://localhost:8080
22:09:44.580 [main] DEBUG o.a.h.i.c.DefaultClientConnectionOperator - Connecting to localhost:8080
22:09:44.580 [main] DEBUG o.a.h.c.protocol.RequestAddCookies - CookieSpec selected: ignoreCookies
22:09:44.580 [main] DEBUG o.a.h.c.protocol.RequestAuthCache - Auth cache not set in the context
22:09:44.580 [main] DEBUG o.a.h.c.p.RequestTargetAuthentication - Target auth state: UNCHALLENGED
22:09:44.580 [main] DEBUG o.a.h.c.p.RequestProxyAuthentication - Proxy auth state: UNCHALLENGED
22:09:44.580 [main] DEBUG o.a.h.impl.client.DefaultHttpClient - Attempt 1 to execute request
22:09:44.580 [main] DEBUG o.a.h.i.conn.DefaultClientConnection - Sending request: GET /3?c=9&a=30&b=18 HTTP/1.1
22:09:44.580 [main] DEBUG org.apache.http.wire -  >> "GET /3?c=9&a=30&b=18 HTTP/1.1[\r][\n]"
22:09:44.580 [main] DEBUG org.apache.http.wire -  >> "Accept: */*[\r][\n]"
22:09:44.580 [main] DEBUG org.apache.http.wire -  >> "Host: localhost:8080[\r][\n]"
22:09:44.580 [main] DEBUG org.apache.http.wire -  >> "Connection: Keep-Alive[\r][\n]"
22:09:44.580 [main] DEBUG org.apache.http.wire -  >> "User-Agent: Apache-HttpClient/4.5.3 (Java/13.0.5.1)[\r][\n]"
22:09:44.580 [main] DEBUG org.apache.http.wire -  >> "Accept-Encoding: gzip,deflate[\r][\n]"
22:09:44.580 [main] DEBUG org.apache.http.wire -  >> "[\r][\n]"
22:09:44.580 [main] DEBUG org.apache.http.headers - >> GET /3?c=9&a=30&b=18 HTTP/1.1
22:09:44.580 [main] DEBUG org.apache.http.headers - >> Accept: */*
22:09:44.580 [main] DEBUG org.apache.http.headers - >> Host: localhost:8080
22:09:44.580 [main] DEBUG org.apache.http.headers - >> Connection: Keep-Alive
22:09:44.580 [main] DEBUG org.apache.http.headers - >> User-Agent: Apache-HttpClient/4.5.3 (Java/13.0.5.1)
22:09:44.580 [main] DEBUG org.apache.http.headers - >> Accept-Encoding: gzip,deflate
22:09:44.596 [main] DEBUG org.apache.http.wire -  << "HTTP/1.1 200 OK[\r][\n]"
22:09:44.596 [main] DEBUG org.apache.http.wire -  << "Server: Apache-Coyote/1.1[\r][\n]"
22:09:44.596 [main] DEBUG org.apache.http.wire -  << "Content-Type: text/plain;charset=UTF-8[\r][\n]"
22:09:44.596 [main] DEBUG org.apache.http.wire -  << "Content-Length: 6[\r][\n]"
22:09:44.596 [main] DEBUG org.apache.http.wire -  << "Date: Sun, 07 Feb 2021 21:09:44 GMT[\r][\n]"
22:09:44.596 [main] DEBUG org.apache.http.wire -  << "[\r][\n]"
22:09:44.596 [main] DEBUG o.a.h.i.conn.DefaultClientConnection - Receiving response: HTTP/1.1 200 OK
22:09:44.596 [main] DEBUG org.apache.http.headers - << HTTP/1.1 200 OK
22:09:44.596 [main] DEBUG org.apache.http.headers - << Server: Apache-Coyote/1.1
22:09:44.596 [main] DEBUG org.apache.http.headers - << Content-Type: text/plain;charset=UTF-8
22:09:44.596 [main] DEBUG org.apache.http.headers - << Content-Length: 6
22:09:44.596 [main] DEBUG org.apache.http.headers - << Date: Sun, 07 Feb 2021 21:09:44 GMT
22:09:44.596 [main] DEBUG o.a.h.impl.client.DefaultHttpClient - Connection can be kept alive indefinitely
22:09:44.597 [main] DEBUG i.r.i.RequestSpecificationImpl$RestAssuredHttpBuilder - Parsing response as: text/plain;charset=UTF-8
22:09:44.597 [main] DEBUG i.r.i.RequestSpecificationImpl$RestAssuredHttpBuilder - Parsed data to instance of: class org.apache.http.conn.EofSensorInputStream
22:09:44.597 [main] DEBUG org.apache.http.wire -  << "a:4500"
22:09:44.597 [main] DEBUG o.a.h.i.c.BasicClientConnectionManager - Releasing connection org.apache.http.impl.conn.ManagedClientConnectionImpl@2b9d4b0
22:09:44.597 [main] DEBUG o.a.h.i.c.BasicClientConnectionManager - Connection can be kept alive indefinitely
22:09:44.599 [main] DEBUG o.a.h.i.c.BasicClientConnectionManager - Get connection for route {}->http://localhost:8080
22:09:44.599 [main] DEBUG o.a.h.i.c.DefaultClientConnectionOperator - Connecting to localhost:8080
22:09:44.599 [main] DEBUG o.a.h.c.protocol.RequestAddCookies - CookieSpec selected: ignoreCookies
22:09:44.599 [main] DEBUG o.a.h.c.protocol.RequestAuthCache - Auth cache not set in the context
22:09:44.599 [main] DEBUG o.a.h.c.p.RequestTargetAuthentication - Target auth state: UNCHALLENGED
22:09:44.599 [main] DEBUG o.a.h.c.p.RequestProxyAuthentication - Proxy auth state: UNCHALLENGED
22:09:44.599 [main] DEBUG o.a.h.impl.client.DefaultHttpClient - Attempt 1 to execute request
22:09:44.599 [main] DEBUG o.a.h.i.conn.DefaultClientConnection - Sending request: GET /3?c=9&a=30&b=18 HTTP/1.1
22:09:44.599 [main] DEBUG org.apache.http.wire -  >> "GET /3?c=9&a=30&b=18 HTTP/1.1[\r][\n]"
22:09:44.599 [main] DEBUG org.apache.http.wire -  >> "Accept: */*[\r][\n]"
22:09:44.599 [main] DEBUG org.apache.http.wire -  >> "Host: localhost:8080[\r][\n]"
22:09:44.599 [main] DEBUG org.apache.http.wire -  >> "Connection: Keep-Alive[\r][\n]"
22:09:44.599 [main] DEBUG org.apache.http.wire -  >> "User-Agent: Apache-HttpClient/4.5.3 (Java/13.0.5.1)[\r][\n]"
22:09:44.599 [main] DEBUG org.apache.http.wire -  >> "Accept-Encoding: gzip,deflate[\r][\n]"
22:09:44.599 [main] DEBUG org.apache.http.wire -  >> "[\r][\n]"
22:09:44.599 [main] DEBUG org.apache.http.headers - >> GET /3?c=9&a=30&b=18 HTTP/1.1
22:09:44.599 [main] DEBUG org.apache.http.headers - >> Accept: */*
22:09:44.599 [main] DEBUG org.apache.http.headers - >> Host: localhost:8080
22:09:44.599 [main] DEBUG org.apache.http.headers - >> Connection: Keep-Alive
22:09:44.599 [main] DEBUG org.apache.http.headers - >> User-Agent: Apache-HttpClient/4.5.3 (Java/13.0.5.1)
22:09:44.599 [main] DEBUG org.apache.http.headers - >> Accept-Encoding: gzip,deflate
22:09:44.621 [main] DEBUG org.apache.http.wire -  << "HTTP/1.1 200 OK[\r][\n]"
22:09:44.621 [main] DEBUG org.apache.http.wire -  << "Server: Apache-Coyote/1.1[\r][\n]"
22:09:44.621 [main] DEBUG org.apache.http.wire -  << "Content-Type: text/plain;charset=UTF-8[\r][\n]"
22:09:44.621 [main] DEBUG org.apache.http.wire -  << "Content-Length: 6[\r][\n]"
22:09:44.621 [main] DEBUG org.apache.http.wire -  << "Date: Sun, 07 Feb 2021 21:09:44 GMT[\r][\n]"
22:09:44.621 [main] DEBUG org.apache.http.wire -  << "[\r][\n]"
22:09:44.621 [main] DEBUG o.a.h.i.conn.DefaultClientConnection - Receiving response: HTTP/1.1 200 OK
22:09:44.621 [main] DEBUG org.apache.http.headers - << HTTP/1.1 200 OK
22:09:44.621 [main] DEBUG org.apache.http.headers - << Server: Apache-Coyote/1.1
22:09:44.621 [main] DEBUG org.apache.http.headers - << Content-Type: text/plain;charset=UTF-8
22:09:44.621 [main] DEBUG org.apache.http.headers - << Content-Length: 6
22:09:44.621 [main] DEBUG org.apache.http.headers - << Date: Sun, 07 Feb 2021 21:09:44 GMT
22:09:44.621 [main] DEBUG o.a.h.impl.client.DefaultHttpClient - Connection can be kept alive indefinitely
22:09:44.621 [main] DEBUG i.r.i.RequestSpecificationImpl$RestAssuredHttpBuilder - Parsing response as: text/plain;charset=UTF-8
22:09:44.621 [main] DEBUG i.r.i.RequestSpecificationImpl$RestAssuredHttpBuilder - Parsed data to instance of: class org.apache.http.conn.EofSensorInputStream
22:09:44.622 [main] DEBUG org.apache.http.wire -  << "a:4500"
22:09:44.622 [main] DEBUG o.a.h.i.c.BasicClientConnectionManager - Releasing connection org.apache.http.impl.conn.ManagedClientConnectionImpl@3514ac7d
22:09:44.622 [main] DEBUG o.a.h.i.c.BasicClientConnectionManager - Connection can be kept alive indefinitely
22:09:44.624 [main] DEBUG o.a.h.i.c.BasicClientConnectionManager - Get connection for route {}->http://localhost:8080
22:09:44.624 [main] DEBUG o.a.h.i.c.DefaultClientConnectionOperator - Connecting to localhost:8080
22:09:44.625 [main] DEBUG o.a.h.c.protocol.RequestAddCookies - CookieSpec selected: ignoreCookies
22:09:44.625 [main] DEBUG o.a.h.c.protocol.RequestAuthCache - Auth cache not set in the context
22:09:44.625 [main] DEBUG o.a.h.c.p.RequestTargetAuthentication - Target auth state: UNCHALLENGED
22:09:44.625 [main] DEBUG o.a.h.c.p.RequestProxyAuthentication - Proxy auth state: UNCHALLENGED
22:09:44.625 [main] DEBUG o.a.h.impl.client.DefaultHttpClient - Attempt 1 to execute request
22:09:44.625 [main] DEBUG o.a.h.i.conn.DefaultClientConnection - Sending request: GET /3?c=9&a=30&b=18 HTTP/1.1
22:09:44.625 [main] DEBUG org.apache.http.wire -  >> "GET /3?c=9&a=30&b=18 HTTP/1.1[\r][\n]"
22:09:44.625 [main] DEBUG org.apache.http.wire -  >> "Accept: */*[\r][\n]"
22:09:44.625 [main] DEBUG org.apache.http.wire -  >> "Host: localhost:8080[\r][\n]"
22:09:44.625 [main] DEBUG org.apache.http.wire -  >> "Connection: Keep-Alive[\r][\n]"
22:09:44.625 [main] DEBUG org.apache.http.wire -  >> "User-Agent: Apache-HttpClient/4.5.3 (Java/13.0.5.1)[\r][\n]"
22:09:44.625 [main] DEBUG org.apache.http.wire -  >> "Accept-Encoding: gzip,deflate[\r][\n]"
22:09:44.625 [main] DEBUG org.apache.http.wire -  >> "[\r][\n]"
22:09:44.625 [main] DEBUG org.apache.http.headers - >> GET /3?c=9&a=30&b=18 HTTP/1.1
22:09:44.625 [main] DEBUG org.apache.http.headers - >> Accept: */*
22:09:44.625 [main] DEBUG org.apache.http.headers - >> Host: localhost:8080
22:09:44.625 [main] DEBUG org.apache.http.headers - >> Connection: Keep-Alive
22:09:44.625 [main] DEBUG org.apache.http.headers - >> User-Agent: Apache-HttpClient/4.5.3 (Java/13.0.5.1)
22:09:44.625 [main] DEBUG org.apache.http.headers - >> Accept-Encoding: gzip,deflate
22:09:44.644 [main] DEBUG org.apache.http.wire -  << "HTTP/1.1 200 OK[\r][\n]"
22:09:44.644 [main] DEBUG org.apache.http.wire -  << "Server: Apache-Coyote/1.1[\r][\n]"
22:09:44.644 [main] DEBUG org.apache.http.wire -  << "Content-Type: text/plain;charset=UTF-8[\r][\n]"
22:09:44.644 [main] DEBUG org.apache.http.wire -  << "Content-Length: 6[\r][\n]"
22:09:44.644 [main] DEBUG org.apache.http.wire -  << "Date: Sun, 07 Feb 2021 21:09:44 GMT[\r][\n]"
22:09:44.644 [main] DEBUG org.apache.http.wire -  << "[\r][\n]"
22:09:44.644 [main] DEBUG o.a.h.i.conn.DefaultClientConnection - Receiving response: HTTP/1.1 200 OK
22:09:44.644 [main] DEBUG org.apache.http.headers - << HTTP/1.1 200 OK
22:09:44.644 [main] DEBUG org.apache.http.headers - << Server: Apache-Coyote/1.1
22:09:44.644 [main] DEBUG org.apache.http.headers - << Content-Type: text/plain;charset=UTF-8
22:09:44.644 [main] DEBUG org.apache.http.headers - << Content-Length: 6
22:09:44.644 [main] DEBUG org.apache.http.headers - << Date: Sun, 07 Feb 2021 21:09:44 GMT
22:09:44.644 [main] DEBUG o.a.h.impl.client.DefaultHttpClient - Connection can be kept alive indefinitely
22:09:44.644 [main] DEBUG i.r.i.RequestSpecificationImpl$RestAssuredHttpBuilder - Parsing response as: text/plain;charset=UTF-8
22:09:44.644 [main] DEBUG i.r.i.RequestSpecificationImpl$RestAssuredHttpBuilder - Parsed data to instance of: class org.apache.http.conn.EofSensorInputStream
22:09:44.644 [main] DEBUG org.apache.http.wire -  << "a:4500"
22:09:44.644 [main] DEBUG o.a.h.i.c.BasicClientConnectionManager - Releasing connection org.apache.http.impl.conn.ManagedClientConnectionImpl@15371de2
22:09:44.644 [main] DEBUG o.a.h.i.c.BasicClientConnectionManager - Connection can be kept alive indefinitely
22:09:44.646 [main] DEBUG o.a.h.i.c.BasicClientConnectionManager - Get connection for route {}->http://localhost:8080
22:09:44.646 [main] DEBUG o.a.h.i.c.DefaultClientConnectionOperator - Connecting to localhost:8080
22:09:44.647 [main] DEBUG o.a.h.c.protocol.RequestAddCookies - CookieSpec selected: ignoreCookies
22:09:44.647 [main] DEBUG o.a.h.c.protocol.RequestAuthCache - Auth cache not set in the context
22:09:44.647 [main] DEBUG o.a.h.c.p.RequestTargetAuthentication - Target auth state: UNCHALLENGED
22:09:44.647 [main] DEBUG o.a.h.c.p.RequestProxyAuthentication - Proxy auth state: UNCHALLENGED
22:09:44.647 [main] DEBUG o.a.h.impl.client.DefaultHttpClient - Attempt 1 to execute request
22:09:44.647 [main] DEBUG o.a.h.i.conn.DefaultClientConnection - Sending request: GET /3?c=9&a=30&b=18 HTTP/1.1
22:09:44.647 [main] DEBUG org.apache.http.wire -  >> "GET /3?c=9&a=30&b=18 HTTP/1.1[\r][\n]"
22:09:44.647 [main] DEBUG org.apache.http.wire -  >> "Accept: */*[\r][\n]"
22:09:44.647 [main] DEBUG org.apache.http.wire -  >> "Host: localhost:8080[\r][\n]"
22:09:44.647 [main] DEBUG org.apache.http.wire -  >> "Connection: Keep-Alive[\r][\n]"
22:09:44.647 [main] DEBUG org.apache.http.wire -  >> "User-Agent: Apache-HttpClient/4.5.3 (Java/13.0.5.1)[\r][\n]"
22:09:44.647 [main] DEBUG org.apache.http.wire -  >> "Accept-Encoding: gzip,deflate[\r][\n]"
22:09:44.647 [main] DEBUG org.apache.http.wire -  >> "[\r][\n]"
22:09:44.647 [main] DEBUG org.apache.http.headers - >> GET /3?c=9&a=30&b=18 HTTP/1.1
22:09:44.647 [main] DEBUG org.apache.http.headers - >> Accept: */*
22:09:44.647 [main] DEBUG org.apache.http.headers - >> Host: localhost:8080
22:09:44.647 [main] DEBUG org.apache.http.headers - >> Connection: Keep-Alive
22:09:44.647 [main] DEBUG org.apache.http.headers - >> User-Agent: Apache-HttpClient/4.5.3 (Java/13.0.5.1)
22:09:44.647 [main] DEBUG org.apache.http.headers - >> Accept-Encoding: gzip,deflate
22:09:44.663 [main] DEBUG org.apache.http.wire -  << "HTTP/1.1 200 OK[\r][\n]"
22:09:44.663 [main] DEBUG org.apache.http.wire -  << "Server: Apache-Coyote/1.1[\r][\n]"
22:09:44.663 [main] DEBUG org.apache.http.wire -  << "Content-Type: text/plain;charset=UTF-8[\r][\n]"
22:09:44.663 [main] DEBUG org.apache.http.wire -  << "Content-Length: 6[\r][\n]"
22:09:44.663 [main] DEBUG org.apache.http.wire -  << "Date: Sun, 07 Feb 2021 21:09:44 GMT[\r][\n]"
22:09:44.663 [main] DEBUG org.apache.http.wire -  << "[\r][\n]"
22:09:44.663 [main] DEBUG o.a.h.i.conn.DefaultClientConnection - Receiving response: HTTP/1.1 200 OK
22:09:44.663 [main] DEBUG org.apache.http.headers - << HTTP/1.1 200 OK
22:09:44.663 [main] DEBUG org.apache.http.headers - << Server: Apache-Coyote/1.1
22:09:44.663 [main] DEBUG org.apache.http.headers - << Content-Type: text/plain;charset=UTF-8
22:09:44.663 [main] DEBUG org.apache.http.headers - << Content-Length: 6
22:09:44.663 [main] DEBUG org.apache.http.headers - << Date: Sun, 07 Feb 2021 21:09:44 GMT
22:09:44.663 [main] DEBUG o.a.h.impl.client.DefaultHttpClient - Connection can be kept alive indefinitely
22:09:44.664 [main] DEBUG i.r.i.RequestSpecificationImpl$RestAssuredHttpBuilder - Parsing response as: text/plain;charset=UTF-8
22:09:44.664 [main] DEBUG i.r.i.RequestSpecificationImpl$RestAssuredHttpBuilder - Parsed data to instance of: class org.apache.http.conn.EofSensorInputStream
22:09:44.664 [main] DEBUG org.apache.http.wire -  << "a:4500"
22:09:44.664 [main] DEBUG o.a.h.i.c.BasicClientConnectionManager - Releasing connection org.apache.http.impl.conn.ManagedClientConnectionImpl@2ec0ca83
22:09:44.664 [main] DEBUG o.a.h.i.c.BasicClientConnectionManager - Connection can be kept alive indefinitely
22:09:44.667 [main] DEBUG o.a.h.i.c.BasicClientConnectionManager - Get connection for route {}->http://localhost:8080
22:09:44.667 [main] DEBUG o.a.h.i.c.DefaultClientConnectionOperator - Connecting to localhost:8080
22:09:44.668 [main] DEBUG o.a.h.c.protocol.RequestAddCookies - CookieSpec selected: ignoreCookies
22:09:44.668 [main] DEBUG o.a.h.c.protocol.RequestAuthCache - Auth cache not set in the context
22:09:44.668 [main] DEBUG o.a.h.c.p.RequestTargetAuthentication - Target auth state: UNCHALLENGED
22:09:44.668 [main] DEBUG o.a.h.c.p.RequestProxyAuthentication - Proxy auth state: UNCHALLENGED
22:09:44.668 [main] DEBUG o.a.h.impl.client.DefaultHttpClient - Attempt 1 to execute request
22:09:44.668 [main] DEBUG o.a.h.i.conn.DefaultClientConnection - Sending request: GET /3?c=9&a=30&b=18 HTTP/1.1
22:09:44.668 [main] DEBUG org.apache.http.wire -  >> "GET /3?c=9&a=30&b=18 HTTP/1.1[\r][\n]"
22:09:44.668 [main] DEBUG org.apache.http.wire -  >> "Accept: */*[\r][\n]"
22:09:44.668 [main] DEBUG org.apache.http.wire -  >> "Host: localhost:8080[\r][\n]"
22:09:44.668 [main] DEBUG org.apache.http.wire -  >> "Connection: Keep-Alive[\r][\n]"
22:09:44.668 [main] DEBUG org.apache.http.wire -  >> "User-Agent: Apache-HttpClient/4.5.3 (Java/13.0.5.1)[\r][\n]"
22:09:44.668 [main] DEBUG org.apache.http.wire -  >> "Accept-Encoding: gzip,deflate[\r][\n]"
22:09:44.668 [main] DEBUG org.apache.http.wire -  >> "[\r][\n]"
22:09:44.668 [main] DEBUG org.apache.http.headers - >> GET /3?c=9&a=30&b=18 HTTP/1.1
22:09:44.668 [main] DEBUG org.apache.http.headers - >> Accept: */*
22:09:44.668 [main] DEBUG org.apache.http.headers - >> Host: localhost:8080
22:09:44.668 [main] DEBUG org.apache.http.headers - >> Connection: Keep-Alive
22:09:44.668 [main] DEBUG org.apache.http.headers - >> User-Agent: Apache-HttpClient/4.5.3 (Java/13.0.5.1)
22:09:44.668 [main] DEBUG org.apache.http.headers - >> Accept-Encoding: gzip,deflate
22:09:44.685 [main] DEBUG org.apache.http.wire -  << "HTTP/1.1 200 OK[\r][\n]"
22:09:44.685 [main] DEBUG org.apache.http.wire -  << "Server: Apache-Coyote/1.1[\r][\n]"
22:09:44.685 [main] DEBUG org.apache.http.wire -  << "Content-Type: text/plain;charset=UTF-8[\r][\n]"
22:09:44.685 [main] DEBUG org.apache.http.wire -  << "Content-Length: 6[\r][\n]"
22:09:44.685 [main] DEBUG org.apache.http.wire -  << "Date: Sun, 07 Feb 2021 21:09:44 GMT[\r][\n]"
22:09:44.685 [main] DEBUG org.apache.http.wire -  << "[\r][\n]"
22:09:44.685 [main] DEBUG o.a.h.i.conn.DefaultClientConnection - Receiving response: HTTP/1.1 200 OK
22:09:44.685 [main] DEBUG org.apache.http.headers - << HTTP/1.1 200 OK
22:09:44.685 [main] DEBUG org.apache.http.headers - << Server: Apache-Coyote/1.1
22:09:44.685 [main] DEBUG org.apache.http.headers - << Content-Type: text/plain;charset=UTF-8
22:09:44.685 [main] DEBUG org.apache.http.headers - << Content-Length: 6
22:09:44.685 [main] DEBUG org.apache.http.headers - << Date: Sun, 07 Feb 2021 21:09:44 GMT
22:09:44.685 [main] DEBUG o.a.h.impl.client.DefaultHttpClient - Connection can be kept alive indefinitely
22:09:44.685 [main] DEBUG i.r.i.RequestSpecificationImpl$RestAssuredHttpBuilder - Parsing response as: text/plain;charset=UTF-8
22:09:44.685 [main] DEBUG i.r.i.RequestSpecificationImpl$RestAssuredHttpBuilder - Parsed data to instance of: class org.apache.http.conn.EofSensorInputStream
22:09:44.685 [main] DEBUG org.apache.http.wire -  << "a:4500"
22:09:44.685 [main] DEBUG o.a.h.i.c.BasicClientConnectionManager - Releasing connection org.apache.http.impl.conn.ManagedClientConnectionImpl@646cb2e
22:09:44.685 [main] DEBUG o.a.h.i.c.BasicClientConnectionManager - Connection can be kept alive indefinitely
22:09:44.687 [main] DEBUG o.a.h.i.c.BasicClientConnectionManager - Get connection for route {}->http://localhost:8080
22:09:44.687 [main] DEBUG o.a.h.i.c.DefaultClientConnectionOperator - Connecting to localhost:8080
22:09:44.687 [main] DEBUG o.a.h.c.protocol.RequestAddCookies - CookieSpec selected: ignoreCookies
22:09:44.687 [main] DEBUG o.a.h.c.protocol.RequestAuthCache - Auth cache not set in the context
22:09:44.687 [main] DEBUG o.a.h.c.p.RequestTargetAuthentication - Target auth state: UNCHALLENGED
22:09:44.687 [main] DEBUG o.a.h.c.p.RequestProxyAuthentication - Proxy auth state: UNCHALLENGED
22:09:44.687 [main] DEBUG o.a.h.impl.client.DefaultHttpClient - Attempt 1 to execute request
22:09:44.687 [main] DEBUG o.a.h.i.conn.DefaultClientConnection - Sending request: GET /3?c=9&a=30&b=18 HTTP/1.1
22:09:44.687 [main] DEBUG org.apache.http.wire -  >> "GET /3?c=9&a=30&b=18 HTTP/1.1[\r][\n]"
22:09:44.687 [main] DEBUG org.apache.http.wire -  >> "Accept: */*[\r][\n]"
22:09:44.687 [main] DEBUG org.apache.http.wire -  >> "Host: localhost:8080[\r][\n]"
22:09:44.687 [main] DEBUG org.apache.http.wire -  >> "Connection: Keep-Alive[\r][\n]"
22:09:44.687 [main] DEBUG org.apache.http.wire -  >> "User-Agent: Apache-HttpClient/4.5.3 (Java/13.0.5.1)[\r][\n]"
22:09:44.687 [main] DEBUG org.apache.http.wire -  >> "Accept-Encoding: gzip,deflate[\r][\n]"
22:09:44.687 [main] DEBUG org.apache.http.wire -  >> "[\r][\n]"
22:09:44.687 [main] DEBUG org.apache.http.headers - >> GET /3?c=9&a=30&b=18 HTTP/1.1
22:09:44.687 [main] DEBUG org.apache.http.headers - >> Accept: */*
22:09:44.687 [main] DEBUG org.apache.http.headers - >> Host: localhost:8080
22:09:44.687 [main] DEBUG org.apache.http.headers - >> Connection: Keep-Alive
22:09:44.687 [main] DEBUG org.apache.http.headers - >> User-Agent: Apache-HttpClient/4.5.3 (Java/13.0.5.1)
22:09:44.687 [main] DEBUG org.apache.http.headers - >> Accept-Encoding: gzip,deflate
22:09:44.709 [main] DEBUG org.apache.http.wire -  << "HTTP/1.1 200 OK[\r][\n]"
22:09:44.709 [main] DEBUG org.apache.http.wire -  << "Server: Apache-Coyote/1.1[\r][\n]"
22:09:44.709 [main] DEBUG org.apache.http.wire -  << "Content-Type: text/plain;charset=UTF-8[\r][\n]"
22:09:44.709 [main] DEBUG org.apache.http.wire -  << "Content-Length: 6[\r][\n]"
22:09:44.709 [main] DEBUG org.apache.http.wire -  << "Date: Sun, 07 Feb 2021 21:09:44 GMT[\r][\n]"
22:09:44.709 [main] DEBUG org.apache.http.wire -  << "[\r][\n]"
22:09:44.709 [main] DEBUG o.a.h.i.conn.DefaultClientConnection - Receiving response: HTTP/1.1 200 OK
22:09:44.709 [main] DEBUG org.apache.http.headers - << HTTP/1.1 200 OK
22:09:44.709 [main] DEBUG org.apache.http.headers - << Server: Apache-Coyote/1.1
22:09:44.709 [main] DEBUG org.apache.http.headers - << Content-Type: text/plain;charset=UTF-8
22:09:44.709 [main] DEBUG org.apache.http.headers - << Content-Length: 6
22:09:44.709 [main] DEBUG org.apache.http.headers - << Date: Sun, 07 Feb 2021 21:09:44 GMT
22:09:44.709 [main] DEBUG o.a.h.impl.client.DefaultHttpClient - Connection can be kept alive indefinitely
22:09:44.709 [main] DEBUG i.r.i.RequestSpecificationImpl$RestAssuredHttpBuilder - Parsing response as: text/plain;charset=UTF-8
22:09:44.709 [main] DEBUG i.r.i.RequestSpecificationImpl$RestAssuredHttpBuilder - Parsed data to instance of: class org.apache.http.conn.EofSensorInputStream
22:09:44.709 [main] DEBUG org.apache.http.wire -  << "a:4500"
22:09:44.709 [main] DEBUG o.a.h.i.c.BasicClientConnectionManager - Releasing connection org.apache.http.impl.conn.ManagedClientConnectionImpl@11cc9e1e
22:09:44.709 [main] DEBUG o.a.h.i.c.BasicClientConnectionManager - Connection can be kept alive indefinitely
22:09:44.713 [main] DEBUG o.a.h.i.c.BasicClientConnectionManager - Get connection for route {}->http://localhost:8080
22:09:44.714 [main] DEBUG o.a.h.i.c.DefaultClientConnectionOperator - Connecting to localhost:8080
22:09:44.715 [main] DEBUG o.a.h.c.protocol.RequestAddCookies - CookieSpec selected: ignoreCookies
22:09:44.715 [main] DEBUG o.a.h.c.protocol.RequestAuthCache - Auth cache not set in the context
22:09:44.715 [main] DEBUG o.a.h.c.p.RequestTargetAuthentication - Target auth state: UNCHALLENGED
22:09:44.715 [main] DEBUG o.a.h.c.p.RequestProxyAuthentication - Proxy auth state: UNCHALLENGED
22:09:44.715 [main] DEBUG o.a.h.impl.client.DefaultHttpClient - Attempt 1 to execute request
22:09:44.715 [main] DEBUG o.a.h.i.conn.DefaultClientConnection - Sending request: GET /3?c=9&a=30&b=18 HTTP/1.1
22:09:44.715 [main] DEBUG org.apache.http.wire -  >> "GET /3?c=9&a=30&b=18 HTTP/1.1[\r][\n]"
22:09:44.715 [main] DEBUG org.apache.http.wire -  >> "Accept: */*[\r][\n]"
22:09:44.715 [main] DEBUG org.apache.http.wire -  >> "Host: localhost:8080[\r][\n]"
22:09:44.715 [main] DEBUG org.apache.http.wire -  >> "Connection: Keep-Alive[\r][\n]"
22:09:44.715 [main] DEBUG org.apache.http.wire -  >> "User-Agent: Apache-HttpClient/4.5.3 (Java/13.0.5.1)[\r][\n]"
22:09:44.715 [main] DEBUG org.apache.http.wire -  >> "Accept-Encoding: gzip,deflate[\r][\n]"
22:09:44.715 [main] DEBUG org.apache.http.wire -  >> "[\r][\n]"
22:09:44.715 [main] DEBUG org.apache.http.headers - >> GET /3?c=9&a=30&b=18 HTTP/1.1
22:09:44.715 [main] DEBUG org.apache.http.headers - >> Accept: */*
22:09:44.715 [main] DEBUG org.apache.http.headers - >> Host: localhost:8080
22:09:44.715 [main] DEBUG org.apache.http.headers - >> Connection: Keep-Alive
22:09:44.715 [main] DEBUG org.apache.http.headers - >> User-Agent: Apache-HttpClient/4.5.3 (Java/13.0.5.1)
22:09:44.715 [main] DEBUG org.apache.http.headers - >> Accept-Encoding: gzip,deflate
22:09:44.735 [main] DEBUG org.apache.http.wire -  << "HTTP/1.1 200 OK[\r][\n]"
22:09:44.735 [main] DEBUG org.apache.http.wire -  << "Server: Apache-Coyote/1.1[\r][\n]"
22:09:44.735 [main] DEBUG org.apache.http.wire -  << "Content-Type: text/plain;charset=UTF-8[\r][\n]"
22:09:44.735 [main] DEBUG org.apache.http.wire -  << "Content-Length: 6[\r][\n]"
22:09:44.735 [main] DEBUG org.apache.http.wire -  << "Date: Sun, 07 Feb 2021 21:09:44 GMT[\r][\n]"
22:09:44.735 [main] DEBUG org.apache.http.wire -  << "[\r][\n]"
22:09:44.735 [main] DEBUG o.a.h.i.conn.DefaultClientConnection - Receiving response: HTTP/1.1 200 OK
22:09:44.735 [main] DEBUG org.apache.http.headers - << HTTP/1.1 200 OK
22:09:44.735 [main] DEBUG org.apache.http.headers - << Server: Apache-Coyote/1.1
22:09:44.735 [main] DEBUG org.apache.http.headers - << Content-Type: text/plain;charset=UTF-8
22:09:44.735 [main] DEBUG org.apache.http.headers - << Content-Length: 6
22:09:44.735 [main] DEBUG org.apache.http.headers - << Date: Sun, 07 Feb 2021 21:09:44 GMT
22:09:44.735 [main] DEBUG o.a.h.impl.client.DefaultHttpClient - Connection can be kept alive indefinitely
22:09:44.735 [main] DEBUG i.r.i.RequestSpecificationImpl$RestAssuredHttpBuilder - Parsing response as: text/plain;charset=UTF-8
22:09:44.735 [main] DEBUG i.r.i.RequestSpecificationImpl$RestAssuredHttpBuilder - Parsed data to instance of: class org.apache.http.conn.EofSensorInputStream
22:09:44.735 [main] DEBUG org.apache.http.wire -  << "a:4500"
22:09:44.735 [main] DEBUG o.a.h.i.c.BasicClientConnectionManager - Releasing connection org.apache.http.impl.conn.ManagedClientConnectionImpl@54234569
22:09:44.735 [main] DEBUG o.a.h.i.c.BasicClientConnectionManager - Connection can be kept alive indefinitely
22:09:44.737 [main] DEBUG o.a.h.i.c.BasicClientConnectionManager - Get connection for route {}->http://localhost:8080
22:09:44.737 [main] DEBUG o.a.h.i.c.DefaultClientConnectionOperator - Connecting to localhost:8080
22:09:44.738 [main] DEBUG o.a.h.c.protocol.RequestAddCookies - CookieSpec selected: ignoreCookies
22:09:44.738 [main] DEBUG o.a.h.c.protocol.RequestAuthCache - Auth cache not set in the context
22:09:44.738 [main] DEBUG o.a.h.c.p.RequestTargetAuthentication - Target auth state: UNCHALLENGED
22:09:44.738 [main] DEBUG o.a.h.c.p.RequestProxyAuthentication - Proxy auth state: UNCHALLENGED
22:09:44.738 [main] DEBUG o.a.h.impl.client.DefaultHttpClient - Attempt 1 to execute request
22:09:44.738 [main] DEBUG o.a.h.i.conn.DefaultClientConnection - Sending request: GET /3?c=9&a=30&b=18 HTTP/1.1
22:09:44.738 [main] DEBUG org.apache.http.wire -  >> "GET /3?c=9&a=30&b=18 HTTP/1.1[\r][\n]"
22:09:44.738 [main] DEBUG org.apache.http.wire -  >> "Accept: */*[\r][\n]"
22:09:44.738 [main] DEBUG org.apache.http.wire -  >> "Host: localhost:8080[\r][\n]"
22:09:44.738 [main] DEBUG org.apache.http.wire -  >> "Connection: Keep-Alive[\r][\n]"
22:09:44.738 [main] DEBUG org.apache.http.wire -  >> "User-Agent: Apache-HttpClient/4.5.3 (Java/13.0.5.1)[\r][\n]"
22:09:44.738 [main] DEBUG org.apache.http.wire -  >> "Accept-Encoding: gzip,deflate[\r][\n]"
22:09:44.738 [main] DEBUG org.apache.http.wire -  >> "[\r][\n]"
22:09:44.738 [main] DEBUG org.apache.http.headers - >> GET /3?c=9&a=30&b=18 HTTP/1.1
22:09:44.738 [main] DEBUG org.apache.http.headers - >> Accept: */*
22:09:44.738 [main] DEBUG org.apache.http.headers - >> Host: localhost:8080
22:09:44.738 [main] DEBUG org.apache.http.headers - >> Connection: Keep-Alive
22:09:44.738 [main] DEBUG org.apache.http.headers - >> User-Agent: Apache-HttpClient/4.5.3 (Java/13.0.5.1)
22:09:44.738 [main] DEBUG org.apache.http.headers - >> Accept-Encoding: gzip,deflate
22:09:44.757 [main] DEBUG org.apache.http.wire -  << "HTTP/1.1 200 OK[\r][\n]"
22:09:44.757 [main] DEBUG org.apache.http.wire -  << "Server: Apache-Coyote/1.1[\r][\n]"
22:09:44.757 [main] DEBUG org.apache.http.wire -  << "Content-Type: text/plain;charset=UTF-8[\r][\n]"
22:09:44.757 [main] DEBUG org.apache.http.wire -  << "Content-Length: 6[\r][\n]"
22:09:44.757 [main] DEBUG org.apache.http.wire -  << "Date: Sun, 07 Feb 2021 21:09:44 GMT[\r][\n]"
22:09:44.757 [main] DEBUG org.apache.http.wire -  << "[\r][\n]"
22:09:44.757 [main] DEBUG o.a.h.i.conn.DefaultClientConnection - Receiving response: HTTP/1.1 200 OK
22:09:44.757 [main] DEBUG org.apache.http.headers - << HTTP/1.1 200 OK
22:09:44.757 [main] DEBUG org.apache.http.headers - << Server: Apache-Coyote/1.1
22:09:44.757 [main] DEBUG org.apache.http.headers - << Content-Type: text/plain;charset=UTF-8
22:09:44.757 [main] DEBUG org.apache.http.headers - << Content-Length: 6
22:09:44.757 [main] DEBUG org.apache.http.headers - << Date: Sun, 07 Feb 2021 21:09:44 GMT
22:09:44.757 [main] DEBUG o.a.h.impl.client.DefaultHttpClient - Connection can be kept alive indefinitely
22:09:44.757 [main] DEBUG i.r.i.RequestSpecificationImpl$RestAssuredHttpBuilder - Parsing response as: text/plain;charset=UTF-8
22:09:44.757 [main] DEBUG i.r.i.RequestSpecificationImpl$RestAssuredHttpBuilder - Parsed data to instance of: class org.apache.http.conn.EofSensorInputStream
22:09:44.757 [main] DEBUG org.apache.http.wire -  << "a:4500"
22:09:44.757 [main] DEBUG o.a.h.i.c.BasicClientConnectionManager - Releasing connection org.apache.http.impl.conn.ManagedClientConnectionImpl@36a58466
22:09:44.757 [main] DEBUG o.a.h.i.c.BasicClientConnectionManager - Connection can be kept alive indefinitely
22:09:44.759 [main] DEBUG o.a.h.i.c.BasicClientConnectionManager - Get connection for route {}->http://localhost:8080
22:09:44.759 [main] DEBUG o.a.h.i.c.DefaultClientConnectionOperator - Connecting to localhost:8080
22:09:44.760 [main] DEBUG o.a.h.c.protocol.RequestAddCookies - CookieSpec selected: ignoreCookies
22:09:44.760 [main] DEBUG o.a.h.c.protocol.RequestAuthCache - Auth cache not set in the context
22:09:44.760 [main] DEBUG o.a.h.c.p.RequestTargetAuthentication - Target auth state: UNCHALLENGED
22:09:44.760 [main] DEBUG o.a.h.c.p.RequestProxyAuthentication - Proxy auth state: UNCHALLENGED
22:09:44.760 [main] DEBUG o.a.h.impl.client.DefaultHttpClient - Attempt 1 to execute request
22:09:44.760 [main] DEBUG o.a.h.i.conn.DefaultClientConnection - Sending request: GET /3?c=9&a=30&b=18 HTTP/1.1
22:09:44.760 [main] DEBUG org.apache.http.wire -  >> "GET /3?c=9&a=30&b=18 HTTP/1.1[\r][\n]"
22:09:44.760 [main] DEBUG org.apache.http.wire -  >> "Accept: */*[\r][\n]"
22:09:44.760 [main] DEBUG org.apache.http.wire -  >> "Host: localhost:8080[\r][\n]"
22:09:44.760 [main] DEBUG org.apache.http.wire -  >> "Connection: Keep-Alive[\r][\n]"
22:09:44.760 [main] DEBUG org.apache.http.wire -  >> "User-Agent: Apache-HttpClient/4.5.3 (Java/13.0.5.1)[\r][\n]"
22:09:44.760 [main] DEBUG org.apache.http.wire -  >> "Accept-Encoding: gzip,deflate[\r][\n]"
22:09:44.760 [main] DEBUG org.apache.http.wire -  >> "[\r][\n]"
22:09:44.760 [main] DEBUG org.apache.http.headers - >> GET /3?c=9&a=30&b=18 HTTP/1.1
22:09:44.760 [main] DEBUG org.apache.http.headers - >> Accept: */*
22:09:44.760 [main] DEBUG org.apache.http.headers - >> Host: localhost:8080
22:09:44.760 [main] DEBUG org.apache.http.headers - >> Connection: Keep-Alive
22:09:44.760 [main] DEBUG org.apache.http.headers - >> User-Agent: Apache-HttpClient/4.5.3 (Java/13.0.5.1)
22:09:44.760 [main] DEBUG org.apache.http.headers - >> Accept-Encoding: gzip,deflate
22:09:44.779 [main] DEBUG org.apache.http.wire -  << "HTTP/1.1 200 OK[\r][\n]"
22:09:44.780 [main] DEBUG org.apache.http.wire -  << "Server: Apache-Coyote/1.1[\r][\n]"
22:09:44.780 [main] DEBUG org.apache.http.wire -  << "Content-Type: text/plain;charset=UTF-8[\r][\n]"
22:09:44.780 [main] DEBUG org.apache.http.wire -  << "Content-Length: 6[\r][\n]"
22:09:44.780 [main] DEBUG org.apache.http.wire -  << "Date: Sun, 07 Feb 2021 21:09:44 GMT[\r][\n]"
22:09:44.780 [main] DEBUG org.apache.http.wire -  << "[\r][\n]"
22:09:44.780 [main] DEBUG o.a.h.i.conn.DefaultClientConnection - Receiving response: HTTP/1.1 200 OK
22:09:44.780 [main] DEBUG org.apache.http.headers - << HTTP/1.1 200 OK
22:09:44.780 [main] DEBUG org.apache.http.headers - << Server: Apache-Coyote/1.1
22:09:44.780 [main] DEBUG org.apache.http.headers - << Content-Type: text/plain;charset=UTF-8
22:09:44.780 [main] DEBUG org.apache.http.headers - << Content-Length: 6
22:09:44.780 [main] DEBUG org.apache.http.headers - << Date: Sun, 07 Feb 2021 21:09:44 GMT
22:09:44.780 [main] DEBUG o.a.h.impl.client.DefaultHttpClient - Connection can be kept alive indefinitely
22:09:44.780 [main] DEBUG i.r.i.RequestSpecificationImpl$RestAssuredHttpBuilder - Parsing response as: text/plain;charset=UTF-8
22:09:44.780 [main] DEBUG i.r.i.RequestSpecificationImpl$RestAssuredHttpBuilder - Parsed data to instance of: class org.apache.http.conn.EofSensorInputStream
22:09:44.781 [main] DEBUG org.apache.http.wire -  << "a:4500"
22:09:44.781 [main] DEBUG o.a.h.i.c.BasicClientConnectionManager - Releasing connection org.apache.http.impl.conn.ManagedClientConnectionImpl@3460e4ed
22:09:44.781 [main] DEBUG o.a.h.i.c.BasicClientConnectionManager - Connection can be kept alive indefinitely
22:09:44.784 [main] DEBUG o.a.h.i.c.BasicClientConnectionManager - Get connection for route {}->http://localhost:8080
22:09:44.784 [main] DEBUG o.a.h.i.c.DefaultClientConnectionOperator - Connecting to localhost:8080
22:09:44.785 [main] DEBUG o.a.h.c.protocol.RequestAddCookies - CookieSpec selected: ignoreCookies
22:09:44.785 [main] DEBUG o.a.h.c.protocol.RequestAuthCache - Auth cache not set in the context
22:09:44.785 [main] DEBUG o.a.h.c.p.RequestTargetAuthentication - Target auth state: UNCHALLENGED
22:09:44.785 [main] DEBUG o.a.h.c.p.RequestProxyAuthentication - Proxy auth state: UNCHALLENGED
22:09:44.785 [main] DEBUG o.a.h.impl.client.DefaultHttpClient - Attempt 1 to execute request
22:09:44.785 [main] DEBUG o.a.h.i.conn.DefaultClientConnection - Sending request: GET /3?c=9&a=30&b=18 HTTP/1.1
22:09:44.785 [main] DEBUG org.apache.http.wire -  >> "GET /3?c=9&a=30&b=18 HTTP/1.1[\r][\n]"
22:09:44.785 [main] DEBUG org.apache.http.wire -  >> "Accept: */*[\r][\n]"
22:09:44.785 [main] DEBUG org.apache.http.wire -  >> "Host: localhost:8080[\r][\n]"
22:09:44.785 [main] DEBUG org.apache.http.wire -  >> "Connection: Keep-Alive[\r][\n]"
22:09:44.785 [main] DEBUG org.apache.http.wire -  >> "User-Agent: Apache-HttpClient/4.5.3 (Java/13.0.5.1)[\r][\n]"
22:09:44.785 [main] DEBUG org.apache.http.wire -  >> "Accept-Encoding: gzip,deflate[\r][\n]"
22:09:44.785 [main] DEBUG org.apache.http.wire -  >> "[\r][\n]"
22:09:44.785 [main] DEBUG org.apache.http.headers - >> GET /3?c=9&a=30&b=18 HTTP/1.1
22:09:44.785 [main] DEBUG org.apache.http.headers - >> Accept: */*
22:09:44.785 [main] DEBUG org.apache.http.headers - >> Host: localhost:8080
22:09:44.785 [main] DEBUG org.apache.http.headers - >> Connection: Keep-Alive
22:09:44.785 [main] DEBUG org.apache.http.headers - >> User-Agent: Apache-HttpClient/4.5.3 (Java/13.0.5.1)
22:09:44.785 [main] DEBUG org.apache.http.headers - >> Accept-Encoding: gzip,deflate
22:09:44.803 [main] DEBUG org.apache.http.wire -  << "HTTP/1.1 200 OK[\r][\n]"
22:09:44.803 [main] DEBUG org.apache.http.wire -  << "Server: Apache-Coyote/1.1[\r][\n]"
22:09:44.803 [main] DEBUG org.apache.http.wire -  << "Content-Type: text/plain;charset=UTF-8[\r][\n]"
22:09:44.803 [main] DEBUG org.apache.http.wire -  << "Content-Length: 6[\r][\n]"
22:09:44.803 [main] DEBUG org.apache.http.wire -  << "Date: Sun, 07 Feb 2021 21:09:44 GMT[\r][\n]"
22:09:44.803 [main] DEBUG org.apache.http.wire -  << "[\r][\n]"
22:09:44.803 [main] DEBUG o.a.h.i.conn.DefaultClientConnection - Receiving response: HTTP/1.1 200 OK
22:09:44.803 [main] DEBUG org.apache.http.headers - << HTTP/1.1 200 OK
22:09:44.803 [main] DEBUG org.apache.http.headers - << Server: Apache-Coyote/1.1
22:09:44.803 [main] DEBUG org.apache.http.headers - << Content-Type: text/plain;charset=UTF-8
22:09:44.803 [main] DEBUG org.apache.http.headers - << Content-Length: 6
22:09:44.803 [main] DEBUG org.apache.http.headers - << Date: Sun, 07 Feb 2021 21:09:44 GMT
22:09:44.803 [main] DEBUG o.a.h.impl.client.DefaultHttpClient - Connection can be kept alive indefinitely
22:09:44.804 [main] DEBUG i.r.i.RequestSpecificationImpl$RestAssuredHttpBuilder - Parsing response as: text/plain;charset=UTF-8
22:09:44.804 [main] DEBUG i.r.i.RequestSpecificationImpl$RestAssuredHttpBuilder - Parsed data to instance of: class org.apache.http.conn.EofSensorInputStream
22:09:44.804 [main] DEBUG org.apache.http.wire -  << "a:4500"
22:09:44.804 [main] DEBUG o.a.h.i.c.BasicClientConnectionManager - Releasing connection org.apache.http.impl.conn.ManagedClientConnectionImpl@60a6840c
22:09:44.804 [main] DEBUG o.a.h.i.c.BasicClientConnectionManager - Connection can be kept alive indefinitely
22:09:44.806 [main] DEBUG o.a.h.i.c.BasicClientConnectionManager - Get connection for route {}->http://localhost:8080
22:09:44.806 [main] DEBUG o.a.h.i.c.DefaultClientConnectionOperator - Connecting to localhost:8080
22:09:44.807 [main] DEBUG o.a.h.c.protocol.RequestAddCookies - CookieSpec selected: ignoreCookies
22:09:44.807 [main] DEBUG o.a.h.c.protocol.RequestAuthCache - Auth cache not set in the context
22:09:44.807 [main] DEBUG o.a.h.c.p.RequestTargetAuthentication - Target auth state: UNCHALLENGED
22:09:44.807 [main] DEBUG o.a.h.c.p.RequestProxyAuthentication - Proxy auth state: UNCHALLENGED
22:09:44.807 [main] DEBUG o.a.h.impl.client.DefaultHttpClient - Attempt 1 to execute request
22:09:44.807 [main] DEBUG o.a.h.i.conn.DefaultClientConnection - Sending request: GET /3?c=9&a=30&b=18 HTTP/1.1
22:09:44.807 [main] DEBUG org.apache.http.wire -  >> "GET /3?c=9&a=30&b=18 HTTP/1.1[\r][\n]"
22:09:44.807 [main] DEBUG org.apache.http.wire -  >> "Accept: */*[\r][\n]"
22:09:44.807 [main] DEBUG org.apache.http.wire -  >> "Host: localhost:8080[\r][\n]"
22:09:44.807 [main] DEBUG org.apache.http.wire -  >> "Connection: Keep-Alive[\r][\n]"
22:09:44.807 [main] DEBUG org.apache.http.wire -  >> "User-Agent: Apache-HttpClient/4.5.3 (Java/13.0.5.1)[\r][\n]"
22:09:44.807 [main] DEBUG org.apache.http.wire -  >> "Accept-Encoding: gzip,deflate[\r][\n]"
22:09:44.807 [main] DEBUG org.apache.http.wire -  >> "[\r][\n]"
22:09:44.807 [main] DEBUG org.apache.http.headers - >> GET /3?c=9&a=30&b=18 HTTP/1.1
22:09:44.807 [main] DEBUG org.apache.http.headers - >> Accept: */*
22:09:44.807 [main] DEBUG org.apache.http.headers - >> Host: localhost:8080
22:09:44.807 [main] DEBUG org.apache.http.headers - >> Connection: Keep-Alive
22:09:44.807 [main] DEBUG org.apache.http.headers - >> User-Agent: Apache-HttpClient/4.5.3 (Java/13.0.5.1)
22:09:44.807 [main] DEBUG org.apache.http.headers - >> Accept-Encoding: gzip,deflate
22:09:44.822 [main] DEBUG org.apache.http.wire -  << "HTTP/1.1 200 OK[\r][\n]"
22:09:44.822 [main] DEBUG org.apache.http.wire -  << "Server: Apache-Coyote/1.1[\r][\n]"
22:09:44.822 [main] DEBUG org.apache.http.wire -  << "Content-Type: text/plain;charset=UTF-8[\r][\n]"
22:09:44.822 [main] DEBUG org.apache.http.wire -  << "Content-Length: 6[\r][\n]"
22:09:44.822 [main] DEBUG org.apache.http.wire -  << "Date: Sun, 07 Feb 2021 21:09:44 GMT[\r][\n]"
22:09:44.822 [main] DEBUG org.apache.http.wire -  << "[\r][\n]"
22:09:44.822 [main] DEBUG o.a.h.i.conn.DefaultClientConnection - Receiving response: HTTP/1.1 200 OK
22:09:44.822 [main] DEBUG org.apache.http.headers - << HTTP/1.1 200 OK
22:09:44.822 [main] DEBUG org.apache.http.headers - << Server: Apache-Coyote/1.1
22:09:44.822 [main] DEBUG org.apache.http.headers - << Content-Type: text/plain;charset=UTF-8
22:09:44.822 [main] DEBUG org.apache.http.headers - << Content-Length: 6
22:09:44.822 [main] DEBUG org.apache.http.headers - << Date: Sun, 07 Feb 2021 21:09:44 GMT
22:09:44.822 [main] DEBUG o.a.h.impl.client.DefaultHttpClient - Connection can be kept alive indefinitely
22:09:44.822 [main] DEBUG i.r.i.RequestSpecificationImpl$RestAssuredHttpBuilder - Parsing response as: text/plain;charset=UTF-8
22:09:44.822 [main] DEBUG i.r.i.RequestSpecificationImpl$RestAssuredHttpBuilder - Parsed data to instance of: class org.apache.http.conn.EofSensorInputStream
22:09:44.822 [main] DEBUG org.apache.http.wire -  << "a:4500"
22:09:44.822 [main] DEBUG o.a.h.i.c.BasicClientConnectionManager - Releasing connection org.apache.http.impl.conn.ManagedClientConnectionImpl@78b9155e
22:09:44.822 [main] DEBUG o.a.h.i.c.BasicClientConnectionManager - Connection can be kept alive indefinitely
22:09:44.824 [main] DEBUG o.a.h.i.c.BasicClientConnectionManager - Get connection for route {}->http://localhost:8080
22:09:44.824 [main] DEBUG o.a.h.i.c.DefaultClientConnectionOperator - Connecting to localhost:8080
22:09:44.824 [main] DEBUG o.a.h.c.protocol.RequestAddCookies - CookieSpec selected: ignoreCookies
22:09:44.824 [main] DEBUG o.a.h.c.protocol.RequestAuthCache - Auth cache not set in the context
22:09:44.824 [main] DEBUG o.a.h.c.p.RequestTargetAuthentication - Target auth state: UNCHALLENGED
22:09:44.824 [main] DEBUG o.a.h.c.p.RequestProxyAuthentication - Proxy auth state: UNCHALLENGED
22:09:44.824 [main] DEBUG o.a.h.impl.client.DefaultHttpClient - Attempt 1 to execute request
22:09:44.825 [main] DEBUG o.a.h.i.conn.DefaultClientConnection - Sending request: GET /3?c=9&a=30&b=18 HTTP/1.1
22:09:44.825 [main] DEBUG org.apache.http.wire -  >> "GET /3?c=9&a=30&b=18 HTTP/1.1[\r][\n]"
22:09:44.825 [main] DEBUG org.apache.http.wire -  >> "Accept: */*[\r][\n]"
22:09:44.825 [main] DEBUG org.apache.http.wire -  >> "Host: localhost:8080[\r][\n]"
22:09:44.825 [main] DEBUG org.apache.http.wire -  >> "Connection: Keep-Alive[\r][\n]"
22:09:44.825 [main] DEBUG org.apache.http.wire -  >> "User-Agent: Apache-HttpClient/4.5.3 (Java/13.0.5.1)[\r][\n]"
22:09:44.825 [main] DEBUG org.apache.http.wire -  >> "Accept-Encoding: gzip,deflate[\r][\n]"
22:09:44.825 [main] DEBUG org.apache.http.wire -  >> "[\r][\n]"
22:09:44.825 [main] DEBUG org.apache.http.headers - >> GET /3?c=9&a=30&b=18 HTTP/1.1
22:09:44.825 [main] DEBUG org.apache.http.headers - >> Accept: */*
22:09:44.825 [main] DEBUG org.apache.http.headers - >> Host: localhost:8080
22:09:44.825 [main] DEBUG org.apache.http.headers - >> Connection: Keep-Alive
22:09:44.825 [main] DEBUG org.apache.http.headers - >> User-Agent: Apache-HttpClient/4.5.3 (Java/13.0.5.1)
22:09:44.825 [main] DEBUG org.apache.http.headers - >> Accept-Encoding: gzip,deflate
22:09:44.847 [main] DEBUG org.apache.http.wire -  << "HTTP/1.1 200 OK[\r][\n]"
22:09:44.847 [main] DEBUG org.apache.http.wire -  << "Server: Apache-Coyote/1.1[\r][\n]"
22:09:44.847 [main] DEBUG org.apache.http.wire -  << "Content-Type: text/plain;charset=UTF-8[\r][\n]"
22:09:44.847 [main] DEBUG org.apache.http.wire -  << "Content-Length: 6[\r][\n]"
22:09:44.847 [main] DEBUG org.apache.http.wire -  << "Date: Sun, 07 Feb 2021 21:09:44 GMT[\r][\n]"
22:09:44.847 [main] DEBUG org.apache.http.wire -  << "[\r][\n]"
22:09:44.847 [main] DEBUG o.a.h.i.conn.DefaultClientConnection - Receiving response: HTTP/1.1 200 OK
22:09:44.847 [main] DEBUG org.apache.http.headers - << HTTP/1.1 200 OK
22:09:44.847 [main] DEBUG org.apache.http.headers - << Server: Apache-Coyote/1.1
22:09:44.847 [main] DEBUG org.apache.http.headers - << Content-Type: text/plain;charset=UTF-8
22:09:44.847 [main] DEBUG org.apache.http.headers - << Content-Length: 6
22:09:44.847 [main] DEBUG org.apache.http.headers - << Date: Sun, 07 Feb 2021 21:09:44 GMT
22:09:44.847 [main] DEBUG o.a.h.impl.client.DefaultHttpClient - Connection can be kept alive indefinitely
22:09:44.847 [main] DEBUG i.r.i.RequestSpecificationImpl$RestAssuredHttpBuilder - Parsing response as: text/plain;charset=UTF-8
22:09:44.847 [main] DEBUG i.r.i.RequestSpecificationImpl$RestAssuredHttpBuilder - Parsed data to instance of: class org.apache.http.conn.EofSensorInputStream
22:09:44.847 [main] DEBUG org.apache.http.wire -  << "a:4500"
22:09:44.847 [main] DEBUG o.a.h.i.c.BasicClientConnectionManager - Releasing connection org.apache.http.impl.conn.ManagedClientConnectionImpl@69c33ea2
22:09:44.847 [main] DEBUG o.a.h.i.c.BasicClientConnectionManager - Connection can be kept alive indefinitely
22:09:44.850 [main] DEBUG o.a.h.i.c.BasicClientConnectionManager - Get connection for route {}->http://localhost:8080
22:09:44.850 [main] DEBUG o.a.h.i.c.DefaultClientConnectionOperator - Connecting to localhost:8080
22:09:44.850 [main] DEBUG o.a.h.c.protocol.RequestAddCookies - CookieSpec selected: ignoreCookies
22:09:44.850 [main] DEBUG o.a.h.c.protocol.RequestAuthCache - Auth cache not set in the context
22:09:44.850 [main] DEBUG o.a.h.c.p.RequestTargetAuthentication - Target auth state: UNCHALLENGED
22:09:44.850 [main] DEBUG o.a.h.c.p.RequestProxyAuthentication - Proxy auth state: UNCHALLENGED
22:09:44.850 [main] DEBUG o.a.h.impl.client.DefaultHttpClient - Attempt 1 to execute request
22:09:44.850 [main] DEBUG o.a.h.i.conn.DefaultClientConnection - Sending request: GET /3?c=9&a=30&b=18 HTTP/1.1
22:09:44.850 [main] DEBUG org.apache.http.wire -  >> "GET /3?c=9&a=30&b=18 HTTP/1.1[\r][\n]"
22:09:44.850 [main] DEBUG org.apache.http.wire -  >> "Accept: */*[\r][\n]"
22:09:44.850 [main] DEBUG org.apache.http.wire -  >> "Host: localhost:8080[\r][\n]"
22:09:44.850 [main] DEBUG org.apache.http.wire -  >> "Connection: Keep-Alive[\r][\n]"
22:09:44.850 [main] DEBUG org.apache.http.wire -  >> "User-Agent: Apache-HttpClient/4.5.3 (Java/13.0.5.1)[\r][\n]"
22:09:44.850 [main] DEBUG org.apache.http.wire -  >> "Accept-Encoding: gzip,deflate[\r][\n]"
22:09:44.850 [main] DEBUG org.apache.http.wire -  >> "[\r][\n]"
22:09:44.850 [main] DEBUG org.apache.http.headers - >> GET /3?c=9&a=30&b=18 HTTP/1.1
22:09:44.850 [main] DEBUG org.apache.http.headers - >> Accept: */*
22:09:44.850 [main] DEBUG org.apache.http.headers - >> Host: localhost:8080
22:09:44.850 [main] DEBUG org.apache.http.headers - >> Connection: Keep-Alive
22:09:44.850 [main] DEBUG org.apache.http.headers - >> User-Agent: Apache-HttpClient/4.5.3 (Java/13.0.5.1)
22:09:44.850 [main] DEBUG org.apache.http.headers - >> Accept-Encoding: gzip,deflate
22:09:44.868 [main] DEBUG org.apache.http.wire -  << "HTTP/1.1 200 OK[\r][\n]"
22:09:44.868 [main] DEBUG org.apache.http.wire -  << "Server: Apache-Coyote/1.1[\r][\n]"
22:09:44.868 [main] DEBUG org.apache.http.wire -  << "Content-Type: text/plain;charset=UTF-8[\r][\n]"
22:09:44.868 [main] DEBUG org.apache.http.wire -  << "Content-Length: 6[\r][\n]"
22:09:44.868 [main] DEBUG org.apache.http.wire -  << "Date: Sun, 07 Feb 2021 21:09:44 GMT[\r][\n]"
22:09:44.868 [main] DEBUG org.apache.http.wire -  << "[\r][\n]"
22:09:44.868 [main] DEBUG o.a.h.i.conn.DefaultClientConnection - Receiving response: HTTP/1.1 200 OK
22:09:44.868 [main] DEBUG org.apache.http.headers - << HTTP/1.1 200 OK
22:09:44.868 [main] DEBUG org.apache.http.headers - << Server: Apache-Coyote/1.1
22:09:44.868 [main] DEBUG org.apache.http.headers - << Content-Type: text/plain;charset=UTF-8
22:09:44.868 [main] DEBUG org.apache.http.headers - << Content-Length: 6
22:09:44.868 [main] DEBUG org.apache.http.headers - << Date: Sun, 07 Feb 2021 21:09:44 GMT
22:09:44.868 [main] DEBUG o.a.h.impl.client.DefaultHttpClient - Connection can be kept alive indefinitely
22:09:44.869 [main] DEBUG i.r.i.RequestSpecificationImpl$RestAssuredHttpBuilder - Parsing response as: text/plain;charset=UTF-8
22:09:44.869 [main] DEBUG i.r.i.RequestSpecificationImpl$RestAssuredHttpBuilder - Parsed data to instance of: class org.apache.http.conn.EofSensorInputStream
22:09:44.869 [main] DEBUG org.apache.http.wire -  << "a:4500"
22:09:44.869 [main] DEBUG o.a.h.i.c.BasicClientConnectionManager - Releasing connection org.apache.http.impl.conn.ManagedClientConnectionImpl@5ad0c70a
22:09:44.869 [main] DEBUG o.a.h.i.c.BasicClientConnectionManager - Connection can be kept alive indefinitely
22:09:44.870 [main] DEBUG o.a.h.i.c.BasicClientConnectionManager - Get connection for route {}->http://localhost:8080
22:09:44.870 [main] DEBUG o.a.h.i.c.DefaultClientConnectionOperator - Connecting to localhost:8080
22:09:44.871 [main] DEBUG o.a.h.c.protocol.RequestAddCookies - CookieSpec selected: ignoreCookies
22:09:44.871 [main] DEBUG o.a.h.c.protocol.RequestAuthCache - Auth cache not set in the context
22:09:44.871 [main] DEBUG o.a.h.c.p.RequestTargetAuthentication - Target auth state: UNCHALLENGED
22:09:44.871 [main] DEBUG o.a.h.c.p.RequestProxyAuthentication - Proxy auth state: UNCHALLENGED
22:09:44.871 [main] DEBUG o.a.h.impl.client.DefaultHttpClient - Attempt 1 to execute request
22:09:44.871 [main] DEBUG o.a.h.i.conn.DefaultClientConnection - Sending request: GET /3?c=9&a=30&b=18 HTTP/1.1
22:09:44.871 [main] DEBUG org.apache.http.wire -  >> "GET /3?c=9&a=30&b=18 HTTP/1.1[\r][\n]"
22:09:44.871 [main] DEBUG org.apache.http.wire -  >> "Accept: */*[\r][\n]"
22:09:44.871 [main] DEBUG org.apache.http.wire -  >> "Host: localhost:8080[\r][\n]"
22:09:44.871 [main] DEBUG org.apache.http.wire -  >> "Connection: Keep-Alive[\r][\n]"
22:09:44.871 [main] DEBUG org.apache.http.wire -  >> "User-Agent: Apache-HttpClient/4.5.3 (Java/13.0.5.1)[\r][\n]"
22:09:44.871 [main] DEBUG org.apache.http.wire -  >> "Accept-Encoding: gzip,deflate[\r][\n]"
22:09:44.871 [main] DEBUG org.apache.http.wire -  >> "[\r][\n]"
22:09:44.871 [main] DEBUG org.apache.http.headers - >> GET /3?c=9&a=30&b=18 HTTP/1.1
22:09:44.871 [main] DEBUG org.apache.http.headers - >> Accept: */*
22:09:44.871 [main] DEBUG org.apache.http.headers - >> Host: localhost:8080
22:09:44.871 [main] DEBUG org.apache.http.headers - >> Connection: Keep-Alive
22:09:44.871 [main] DEBUG org.apache.http.headers - >> User-Agent: Apache-HttpClient/4.5.3 (Java/13.0.5.1)
22:09:44.871 [main] DEBUG org.apache.http.headers - >> Accept-Encoding: gzip,deflate
22:09:44.889 [main] DEBUG org.apache.http.wire -  << "HTTP/1.1 200 OK[\r][\n]"
22:09:44.889 [main] DEBUG org.apache.http.wire -  << "Server: Apache-Coyote/1.1[\r][\n]"
22:09:44.889 [main] DEBUG org.apache.http.wire -  << "Content-Type: text/plain;charset=UTF-8[\r][\n]"
22:09:44.889 [main] DEBUG org.apache.http.wire -  << "Content-Length: 6[\r][\n]"
22:09:44.889 [main] DEBUG org.apache.http.wire -  << "Date: Sun, 07 Feb 2021 21:09:44 GMT[\r][\n]"
22:09:44.889 [main] DEBUG org.apache.http.wire -  << "[\r][\n]"
22:09:44.889 [main] DEBUG o.a.h.i.conn.DefaultClientConnection - Receiving response: HTTP/1.1 200 OK
22:09:44.889 [main] DEBUG org.apache.http.headers - << HTTP/1.1 200 OK
22:09:44.889 [main] DEBUG org.apache.http.headers - << Server: Apache-Coyote/1.1
22:09:44.889 [main] DEBUG org.apache.http.headers - << Content-Type: text/plain;charset=UTF-8
22:09:44.889 [main] DEBUG org.apache.http.headers - << Content-Length: 6
22:09:44.889 [main] DEBUG org.apache.http.headers - << Date: Sun, 07 Feb 2021 21:09:44 GMT
22:09:44.889 [main] DEBUG o.a.h.impl.client.DefaultHttpClient - Connection can be kept alive indefinitely
22:09:44.889 [main] DEBUG i.r.i.RequestSpecificationImpl$RestAssuredHttpBuilder - Parsing response as: text/plain;charset=UTF-8
22:09:44.889 [main] DEBUG i.r.i.RequestSpecificationImpl$RestAssuredHttpBuilder - Parsed data to instance of: class org.apache.http.conn.EofSensorInputStream
22:09:44.889 [main] DEBUG org.apache.http.wire -  << "a:4500"
22:09:44.889 [main] DEBUG o.a.h.i.c.BasicClientConnectionManager - Releasing connection org.apache.http.impl.conn.ManagedClientConnectionImpl@13d984ee
22:09:44.889 [main] DEBUG o.a.h.i.c.BasicClientConnectionManager - Connection can be kept alive indefinitely
22:09:44.891 [main] DEBUG o.a.h.i.c.BasicClientConnectionManager - Get connection for route {}->http://localhost:8080
22:09:44.891 [main] DEBUG o.a.h.i.c.DefaultClientConnectionOperator - Connecting to localhost:8080
22:09:44.892 [main] DEBUG o.a.h.c.protocol.RequestAddCookies - CookieSpec selected: ignoreCookies
22:09:44.892 [main] DEBUG o.a.h.c.protocol.RequestAuthCache - Auth cache not set in the context
22:09:44.892 [main] DEBUG o.a.h.c.p.RequestTargetAuthentication - Target auth state: UNCHALLENGED
22:09:44.892 [main] DEBUG o.a.h.c.p.RequestProxyAuthentication - Proxy auth state: UNCHALLENGED
22:09:44.892 [main] DEBUG o.a.h.impl.client.DefaultHttpClient - Attempt 1 to execute request
22:09:44.892 [main] DEBUG o.a.h.i.conn.DefaultClientConnection - Sending request: GET /3?c=9&a=30&b=18 HTTP/1.1
22:09:44.892 [main] DEBUG org.apache.http.wire -  >> "GET /3?c=9&a=30&b=18 HTTP/1.1[\r][\n]"
22:09:44.892 [main] DEBUG org.apache.http.wire -  >> "Accept: */*[\r][\n]"
22:09:44.892 [main] DEBUG org.apache.http.wire -  >> "Host: localhost:8080[\r][\n]"
22:09:44.892 [main] DEBUG org.apache.http.wire -  >> "Connection: Keep-Alive[\r][\n]"
22:09:44.892 [main] DEBUG org.apache.http.wire -  >> "User-Agent: Apache-HttpClient/4.5.3 (Java/13.0.5.1)[\r][\n]"
22:09:44.892 [main] DEBUG org.apache.http.wire -  >> "Accept-Encoding: gzip,deflate[\r][\n]"
22:09:44.892 [main] DEBUG org.apache.http.wire -  >> "[\r][\n]"
22:09:44.892 [main] DEBUG org.apache.http.headers - >> GET /3?c=9&a=30&b=18 HTTP/1.1
22:09:44.892 [main] DEBUG org.apache.http.headers - >> Accept: */*
22:09:44.892 [main] DEBUG org.apache.http.headers - >> Host: localhost:8080
22:09:44.892 [main] DEBUG org.apache.http.headers - >> Connection: Keep-Alive
22:09:44.892 [main] DEBUG org.apache.http.headers - >> User-Agent: Apache-HttpClient/4.5.3 (Java/13.0.5.1)
22:09:44.892 [main] DEBUG org.apache.http.headers - >> Accept-Encoding: gzip,deflate
22:09:44.905 [main] DEBUG org.apache.http.wire -  << "HTTP/1.1 200 OK[\r][\n]"
22:09:44.905 [main] DEBUG org.apache.http.wire -  << "Server: Apache-Coyote/1.1[\r][\n]"
22:09:44.905 [main] DEBUG org.apache.http.wire -  << "Content-Type: text/plain;charset=UTF-8[\r][\n]"
22:09:44.905 [main] DEBUG org.apache.http.wire -  << "Content-Length: 6[\r][\n]"
22:09:44.905 [main] DEBUG org.apache.http.wire -  << "Date: Sun, 07 Feb 2021 21:09:44 GMT[\r][\n]"
22:09:44.905 [main] DEBUG org.apache.http.wire -  << "[\r][\n]"
22:09:44.905 [main] DEBUG o.a.h.i.conn.DefaultClientConnection - Receiving response: HTTP/1.1 200 OK
22:09:44.905 [main] DEBUG org.apache.http.headers - << HTTP/1.1 200 OK
22:09:44.905 [main] DEBUG org.apache.http.headers - << Server: Apache-Coyote/1.1
22:09:44.905 [main] DEBUG org.apache.http.headers - << Content-Type: text/plain;charset=UTF-8
22:09:44.905 [main] DEBUG org.apache.http.headers - << Content-Length: 6
22:09:44.905 [main] DEBUG org.apache.http.headers - << Date: Sun, 07 Feb 2021 21:09:44 GMT
22:09:44.905 [main] DEBUG o.a.h.impl.client.DefaultHttpClient - Connection can be kept alive indefinitely
22:09:44.905 [main] DEBUG i.r.i.RequestSpecificationImpl$RestAssuredHttpBuilder - Parsing response as: text/plain;charset=UTF-8
22:09:44.905 [main] DEBUG i.r.i.RequestSpecificationImpl$RestAssuredHttpBuilder - Parsed data to instance of: class org.apache.http.conn.EofSensorInputStream
22:09:44.905 [main] DEBUG org.apache.http.wire -  << "a:4500"
22:09:44.905 [main] DEBUG o.a.h.i.c.BasicClientConnectionManager - Releasing connection org.apache.http.impl.conn.ManagedClientConnectionImpl@241d1052
22:09:44.905 [main] DEBUG o.a.h.i.c.BasicClientConnectionManager - Connection can be kept alive indefinitely
22:09:44.907 [main] DEBUG o.a.h.i.c.BasicClientConnectionManager - Get connection for route {}->http://localhost:8080
22:09:44.907 [main] DEBUG o.a.h.i.c.DefaultClientConnectionOperator - Connecting to localhost:8080
22:09:44.907 [main] DEBUG o.a.h.c.protocol.RequestAddCookies - CookieSpec selected: ignoreCookies
22:09:44.907 [main] DEBUG o.a.h.c.protocol.RequestAuthCache - Auth cache not set in the context
22:09:44.907 [main] DEBUG o.a.h.c.p.RequestTargetAuthentication - Target auth state: UNCHALLENGED
22:09:44.907 [main] DEBUG o.a.h.c.p.RequestProxyAuthentication - Proxy auth state: UNCHALLENGED
22:09:44.907 [main] DEBUG o.a.h.impl.client.DefaultHttpClient - Attempt 1 to execute request
22:09:44.907 [main] DEBUG o.a.h.i.conn.DefaultClientConnection - Sending request: GET /3?c=9&a=30&b=18 HTTP/1.1
22:09:44.907 [main] DEBUG org.apache.http.wire -  >> "GET /3?c=9&a=30&b=18 HTTP/1.1[\r][\n]"
22:09:44.907 [main] DEBUG org.apache.http.wire -  >> "Accept: */*[\r][\n]"
22:09:44.907 [main] DEBUG org.apache.http.wire -  >> "Host: localhost:8080[\r][\n]"
22:09:44.907 [main] DEBUG org.apache.http.wire -  >> "Connection: Keep-Alive[\r][\n]"
22:09:44.907 [main] DEBUG org.apache.http.wire -  >> "User-Agent: Apache-HttpClient/4.5.3 (Java/13.0.5.1)[\r][\n]"
22:09:44.907 [main] DEBUG org.apache.http.wire -  >> "Accept-Encoding: gzip,deflate[\r][\n]"
22:09:44.907 [main] DEBUG org.apache.http.wire -  >> "[\r][\n]"
22:09:44.907 [main] DEBUG org.apache.http.headers - >> GET /3?c=9&a=30&b=18 HTTP/1.1
22:09:44.907 [main] DEBUG org.apache.http.headers - >> Accept: */*
22:09:44.907 [main] DEBUG org.apache.http.headers - >> Host: localhost:8080
22:09:44.907 [main] DEBUG org.apache.http.headers - >> Connection: Keep-Alive
22:09:44.907 [main] DEBUG org.apache.http.headers - >> User-Agent: Apache-HttpClient/4.5.3 (Java/13.0.5.1)
22:09:44.907 [main] DEBUG org.apache.http.headers - >> Accept-Encoding: gzip,deflate
22:09:44.927 [main] DEBUG org.apache.http.wire -  << "HTTP/1.1 200 OK[\r][\n]"
22:09:44.927 [main] DEBUG org.apache.http.wire -  << "Server: Apache-Coyote/1.1[\r][\n]"
22:09:44.927 [main] DEBUG org.apache.http.wire -  << "Content-Type: text/plain;charset=UTF-8[\r][\n]"
22:09:44.927 [main] DEBUG org.apache.http.wire -  << "Content-Length: 6[\r][\n]"
22:09:44.927 [main] DEBUG org.apache.http.wire -  << "Date: Sun, 07 Feb 2021 21:09:44 GMT[\r][\n]"
22:09:44.927 [main] DEBUG org.apache.http.wire -  << "[\r][\n]"
22:09:44.927 [main] DEBUG o.a.h.i.conn.DefaultClientConnection - Receiving response: HTTP/1.1 200 OK
22:09:44.927 [main] DEBUG org.apache.http.headers - << HTTP/1.1 200 OK
22:09:44.927 [main] DEBUG org.apache.http.headers - << Server: Apache-Coyote/1.1
22:09:44.927 [main] DEBUG org.apache.http.headers - << Content-Type: text/plain;charset=UTF-8
22:09:44.927 [main] DEBUG org.apache.http.headers - << Content-Length: 6
22:09:44.927 [main] DEBUG org.apache.http.headers - << Date: Sun, 07 Feb 2021 21:09:44 GMT
22:09:44.927 [main] DEBUG o.a.h.impl.client.DefaultHttpClient - Connection can be kept alive indefinitely
22:09:44.927 [main] DEBUG i.r.i.RequestSpecificationImpl$RestAssuredHttpBuilder - Parsing response as: text/plain;charset=UTF-8
22:09:44.927 [main] DEBUG i.r.i.RequestSpecificationImpl$RestAssuredHttpBuilder - Parsed data to instance of: class org.apache.http.conn.EofSensorInputStream
22:09:44.928 [main] DEBUG org.apache.http.wire -  << "a:4500"
22:09:44.928 [main] DEBUG o.a.h.i.c.BasicClientConnectionManager - Releasing connection org.apache.http.impl.conn.ManagedClientConnectionImpl@3006bfb
22:09:44.928 [main] DEBUG o.a.h.i.c.BasicClientConnectionManager - Connection can be kept alive indefinitely
22:09:44.930 [main] DEBUG o.a.h.i.c.BasicClientConnectionManager - Get connection for route {}->http://localhost:8080
22:09:44.930 [main] DEBUG o.a.h.i.c.DefaultClientConnectionOperator - Connecting to localhost:8080
22:09:44.930 [main] DEBUG o.a.h.c.protocol.RequestAddCookies - CookieSpec selected: ignoreCookies
22:09:44.930 [main] DEBUG o.a.h.c.protocol.RequestAuthCache - Auth cache not set in the context
22:09:44.930 [main] DEBUG o.a.h.c.p.RequestTargetAuthentication - Target auth state: UNCHALLENGED
22:09:44.930 [main] DEBUG o.a.h.c.p.RequestProxyAuthentication - Proxy auth state: UNCHALLENGED
22:09:44.930 [main] DEBUG o.a.h.impl.client.DefaultHttpClient - Attempt 1 to execute request
22:09:44.930 [main] DEBUG o.a.h.i.conn.DefaultClientConnection - Sending request: GET /3?c=9&a=30&b=18 HTTP/1.1
22:09:44.930 [main] DEBUG org.apache.http.wire -  >> "GET /3?c=9&a=30&b=18 HTTP/1.1[\r][\n]"
22:09:44.930 [main] DEBUG org.apache.http.wire -  >> "Accept: */*[\r][\n]"
22:09:44.930 [main] DEBUG org.apache.http.wire -  >> "Host: localhost:8080[\r][\n]"
22:09:44.930 [main] DEBUG org.apache.http.wire -  >> "Connection: Keep-Alive[\r][\n]"
22:09:44.930 [main] DEBUG org.apache.http.wire -  >> "User-Agent: Apache-HttpClient/4.5.3 (Java/13.0.5.1)[\r][\n]"
22:09:44.930 [main] DEBUG org.apache.http.wire -  >> "Accept-Encoding: gzip,deflate[\r][\n]"
22:09:44.930 [main] DEBUG org.apache.http.wire -  >> "[\r][\n]"
22:09:44.930 [main] DEBUG org.apache.http.headers - >> GET /3?c=9&a=30&b=18 HTTP/1.1
22:09:44.930 [main] DEBUG org.apache.http.headers - >> Accept: */*
22:09:44.930 [main] DEBUG org.apache.http.headers - >> Host: localhost:8080
22:09:44.930 [main] DEBUG org.apache.http.headers - >> Connection: Keep-Alive
22:09:44.930 [main] DEBUG org.apache.http.headers - >> User-Agent: Apache-HttpClient/4.5.3 (Java/13.0.5.1)
22:09:44.930 [main] DEBUG org.apache.http.headers - >> Accept-Encoding: gzip,deflate
22:09:44.946 [main] DEBUG org.apache.http.wire -  << "HTTP/1.1 200 OK[\r][\n]"
22:09:44.946 [main] DEBUG org.apache.http.wire -  << "Server: Apache-Coyote/1.1[\r][\n]"
22:09:44.946 [main] DEBUG org.apache.http.wire -  << "Content-Type: text/plain;charset=UTF-8[\r][\n]"
22:09:44.946 [main] DEBUG org.apache.http.wire -  << "Content-Length: 6[\r][\n]"
22:09:44.946 [main] DEBUG org.apache.http.wire -  << "Date: Sun, 07 Feb 2021 21:09:44 GMT[\r][\n]"
22:09:44.946 [main] DEBUG org.apache.http.wire -  << "[\r][\n]"
22:09:44.946 [main] DEBUG o.a.h.i.conn.DefaultClientConnection - Receiving response: HTTP/1.1 200 OK
22:09:44.946 [main] DEBUG org.apache.http.headers - << HTTP/1.1 200 OK
22:09:44.946 [main] DEBUG org.apache.http.headers - << Server: Apache-Coyote/1.1
22:09:44.946 [main] DEBUG org.apache.http.headers - << Content-Type: text/plain;charset=UTF-8
22:09:44.946 [main] DEBUG org.apache.http.headers - << Content-Length: 6
22:09:44.946 [main] DEBUG org.apache.http.headers - << Date: Sun, 07 Feb 2021 21:09:44 GMT
22:09:44.946 [main] DEBUG o.a.h.impl.client.DefaultHttpClient - Connection can be kept alive indefinitely
22:09:44.946 [main] DEBUG i.r.i.RequestSpecificationImpl$RestAssuredHttpBuilder - Parsing response as: text/plain;charset=UTF-8
22:09:44.946 [main] DEBUG i.r.i.RequestSpecificationImpl$RestAssuredHttpBuilder - Parsed data to instance of: class org.apache.http.conn.EofSensorInputStream
22:09:44.947 [main] DEBUG org.apache.http.wire -  << "a:4500"
22:09:44.947 [main] DEBUG o.a.h.i.c.BasicClientConnectionManager - Releasing connection org.apache.http.impl.conn.ManagedClientConnectionImpl@43445fc6
22:09:44.947 [main] DEBUG o.a.h.i.c.BasicClientConnectionManager - Connection can be kept alive indefinitely
22:09:44.949 [main] DEBUG o.a.h.i.c.BasicClientConnectionManager - Get connection for route {}->http://localhost:8080
22:09:44.949 [main] DEBUG o.a.h.i.c.DefaultClientConnectionOperator - Connecting to localhost:8080
22:09:44.950 [main] DEBUG o.a.h.c.protocol.RequestAddCookies - CookieSpec selected: ignoreCookies
22:09:44.950 [main] DEBUG o.a.h.c.protocol.RequestAuthCache - Auth cache not set in the context
22:09:44.950 [main] DEBUG o.a.h.c.p.RequestTargetAuthentication - Target auth state: UNCHALLENGED
22:09:44.950 [main] DEBUG o.a.h.c.p.RequestProxyAuthentication - Proxy auth state: UNCHALLENGED
22:09:44.950 [main] DEBUG o.a.h.impl.client.DefaultHttpClient - Attempt 1 to execute request
22:09:44.950 [main] DEBUG o.a.h.i.conn.DefaultClientConnection - Sending request: GET /3?c=9&a=30&b=18 HTTP/1.1
22:09:44.950 [main] DEBUG org.apache.http.wire -  >> "GET /3?c=9&a=30&b=18 HTTP/1.1[\r][\n]"
22:09:44.950 [main] DEBUG org.apache.http.wire -  >> "Accept: */*[\r][\n]"
22:09:44.950 [main] DEBUG org.apache.http.wire -  >> "Host: localhost:8080[\r][\n]"
22:09:44.950 [main] DEBUG org.apache.http.wire -  >> "Connection: Keep-Alive[\r][\n]"
22:09:44.950 [main] DEBUG org.apache.http.wire -  >> "User-Agent: Apache-HttpClient/4.5.3 (Java/13.0.5.1)[\r][\n]"
22:09:44.950 [main] DEBUG org.apache.http.wire -  >> "Accept-Encoding: gzip,deflate[\r][\n]"
22:09:44.950 [main] DEBUG org.apache.http.wire -  >> "[\r][\n]"
22:09:44.950 [main] DEBUG org.apache.http.headers - >> GET /3?c=9&a=30&b=18 HTTP/1.1
22:09:44.950 [main] DEBUG org.apache.http.headers - >> Accept: */*
22:09:44.950 [main] DEBUG org.apache.http.headers - >> Host: localhost:8080
22:09:44.950 [main] DEBUG org.apache.http.headers - >> Connection: Keep-Alive
22:09:44.950 [main] DEBUG org.apache.http.headers - >> User-Agent: Apache-HttpClient/4.5.3 (Java/13.0.5.1)
22:09:44.950 [main] DEBUG org.apache.http.headers - >> Accept-Encoding: gzip,deflate
22:09:44.966 [main] DEBUG org.apache.http.wire -  << "HTTP/1.1 200 OK[\r][\n]"
22:09:44.966 [main] DEBUG org.apache.http.wire -  << "Server: Apache-Coyote/1.1[\r][\n]"
22:09:44.966 [main] DEBUG org.apache.http.wire -  << "Content-Type: text/plain;charset=UTF-8[\r][\n]"
22:09:44.966 [main] DEBUG org.apache.http.wire -  << "Content-Length: 6[\r][\n]"
22:09:44.966 [main] DEBUG org.apache.http.wire -  << "Date: Sun, 07 Feb 2021 21:09:44 GMT[\r][\n]"
22:09:44.966 [main] DEBUG org.apache.http.wire -  << "[\r][\n]"
22:09:44.966 [main] DEBUG o.a.h.i.conn.DefaultClientConnection - Receiving response: HTTP/1.1 200 OK
22:09:44.966 [main] DEBUG org.apache.http.headers - << HTTP/1.1 200 OK
22:09:44.966 [main] DEBUG org.apache.http.headers - << Server: Apache-Coyote/1.1
22:09:44.966 [main] DEBUG org.apache.http.headers - << Content-Type: text/plain;charset=UTF-8
22:09:44.966 [main] DEBUG org.apache.http.headers - << Content-Length: 6
22:09:44.966 [main] DEBUG org.apache.http.headers - << Date: Sun, 07 Feb 2021 21:09:44 GMT
22:09:44.966 [main] DEBUG o.a.h.impl.client.DefaultHttpClient - Connection can be kept alive indefinitely
22:09:44.966 [main] DEBUG i.r.i.RequestSpecificationImpl$RestAssuredHttpBuilder - Parsing response as: text/plain;charset=UTF-8
22:09:44.966 [main] DEBUG i.r.i.RequestSpecificationImpl$RestAssuredHttpBuilder - Parsed data to instance of: class org.apache.http.conn.EofSensorInputStream
22:09:44.966 [main] DEBUG org.apache.http.wire -  << "a:4500"
22:09:44.966 [main] DEBUG o.a.h.i.c.BasicClientConnectionManager - Releasing connection org.apache.http.impl.conn.ManagedClientConnectionImpl@5072e638
22:09:44.966 [main] DEBUG o.a.h.i.c.BasicClientConnectionManager - Connection can be kept alive indefinitely
22:09:44.968 [main] DEBUG o.a.h.i.c.BasicClientConnectionManager - Get connection for route {}->http://localhost:8080
22:09:44.968 [main] DEBUG o.a.h.i.c.DefaultClientConnectionOperator - Connecting to localhost:8080
22:09:44.969 [main] DEBUG o.a.h.c.protocol.RequestAddCookies - CookieSpec selected: ignoreCookies
22:09:44.969 [main] DEBUG o.a.h.c.protocol.RequestAuthCache - Auth cache not set in the context
22:09:44.969 [main] DEBUG o.a.h.c.p.RequestTargetAuthentication - Target auth state: UNCHALLENGED
22:09:44.969 [main] DEBUG o.a.h.c.p.RequestProxyAuthentication - Proxy auth state: UNCHALLENGED
22:09:44.969 [main] DEBUG o.a.h.impl.client.DefaultHttpClient - Attempt 1 to execute request
22:09:44.969 [main] DEBUG o.a.h.i.conn.DefaultClientConnection - Sending request: GET /3?c=9&a=30&b=18 HTTP/1.1
22:09:44.969 [main] DEBUG org.apache.http.wire -  >> "GET /3?c=9&a=30&b=18 HTTP/1.1[\r][\n]"
22:09:44.969 [main] DEBUG org.apache.http.wire -  >> "Accept: */*[\r][\n]"
22:09:44.969 [main] DEBUG org.apache.http.wire -  >> "Host: localhost:8080[\r][\n]"
22:09:44.969 [main] DEBUG org.apache.http.wire -  >> "Connection: Keep-Alive[\r][\n]"
22:09:44.969 [main] DEBUG org.apache.http.wire -  >> "User-Agent: Apache-HttpClient/4.5.3 (Java/13.0.5.1)[\r][\n]"
22:09:44.969 [main] DEBUG org.apache.http.wire -  >> "Accept-Encoding: gzip,deflate[\r][\n]"
22:09:44.969 [main] DEBUG org.apache.http.wire -  >> "[\r][\n]"
22:09:44.969 [main] DEBUG org.apache.http.headers - >> GET /3?c=9&a=30&b=18 HTTP/1.1
22:09:44.969 [main] DEBUG org.apache.http.headers - >> Accept: */*
22:09:44.969 [main] DEBUG org.apache.http.headers - >> Host: localhost:8080
22:09:44.969 [main] DEBUG org.apache.http.headers - >> Connection: Keep-Alive
22:09:44.969 [main] DEBUG org.apache.http.headers - >> User-Agent: Apache-HttpClient/4.5.3 (Java/13.0.5.1)
22:09:44.969 [main] DEBUG org.apache.http.headers - >> Accept-Encoding: gzip,deflate
22:09:44.990 [main] DEBUG org.apache.http.wire -  << "HTTP/1.1 200 OK[\r][\n]"
22:09:44.990 [main] DEBUG org.apache.http.wire -  << "Server: Apache-Coyote/1.1[\r][\n]"
22:09:44.990 [main] DEBUG org.apache.http.wire -  << "Content-Type: text/plain;charset=UTF-8[\r][\n]"
22:09:44.990 [main] DEBUG org.apache.http.wire -  << "Content-Length: 6[\r][\n]"
22:09:44.990 [main] DEBUG org.apache.http.wire -  << "Date: Sun, 07 Feb 2021 21:09:44 GMT[\r][\n]"
22:09:44.990 [main] DEBUG org.apache.http.wire -  << "[\r][\n]"
22:09:44.990 [main] DEBUG o.a.h.i.conn.DefaultClientConnection - Receiving response: HTTP/1.1 200 OK
22:09:44.990 [main] DEBUG org.apache.http.headers - << HTTP/1.1 200 OK
22:09:44.990 [main] DEBUG org.apache.http.headers - << Server: Apache-Coyote/1.1
22:09:44.990 [main] DEBUG org.apache.http.headers - << Content-Type: text/plain;charset=UTF-8
22:09:44.990 [main] DEBUG org.apache.http.headers - << Content-Length: 6
22:09:44.990 [main] DEBUG org.apache.http.headers - << Date: Sun, 07 Feb 2021 21:09:44 GMT
22:09:44.990 [main] DEBUG o.a.h.impl.client.DefaultHttpClient - Connection can be kept alive indefinitely
22:09:44.990 [main] DEBUG i.r.i.RequestSpecificationImpl$RestAssuredHttpBuilder - Parsing response as: text/plain;charset=UTF-8
22:09:44.990 [main] DEBUG i.r.i.RequestSpecificationImpl$RestAssuredHttpBuilder - Parsed data to instance of: class org.apache.http.conn.EofSensorInputStream
22:09:44.990 [main] DEBUG org.apache.http.wire -  << "a:4500"
22:09:44.990 [main] DEBUG o.a.h.i.c.BasicClientConnectionManager - Releasing connection org.apache.http.impl.conn.ManagedClientConnectionImpl@4fdac2a7
22:09:44.990 [main] DEBUG o.a.h.i.c.BasicClientConnectionManager - Connection can be kept alive indefinitely
22:09:44.993 [main] DEBUG o.a.h.i.c.BasicClientConnectionManager - Get connection for route {}->http://localhost:8080
22:09:44.993 [main] DEBUG o.a.h.i.c.DefaultClientConnectionOperator - Connecting to localhost:8080
22:09:44.994 [main] DEBUG o.a.h.c.protocol.RequestAddCookies - CookieSpec selected: ignoreCookies
22:09:44.994 [main] DEBUG o.a.h.c.protocol.RequestAuthCache - Auth cache not set in the context
22:09:44.994 [main] DEBUG o.a.h.c.p.RequestTargetAuthentication - Target auth state: UNCHALLENGED
22:09:44.994 [main] DEBUG o.a.h.c.p.RequestProxyAuthentication - Proxy auth state: UNCHALLENGED
22:09:44.994 [main] DEBUG o.a.h.impl.client.DefaultHttpClient - Attempt 1 to execute request
22:09:44.994 [main] DEBUG o.a.h.i.conn.DefaultClientConnection - Sending request: GET /3?c=9&a=30&b=18 HTTP/1.1
22:09:44.994 [main] DEBUG org.apache.http.wire -  >> "GET /3?c=9&a=30&b=18 HTTP/1.1[\r][\n]"
22:09:44.994 [main] DEBUG org.apache.http.wire -  >> "Accept: */*[\r][\n]"
22:09:44.994 [main] DEBUG org.apache.http.wire -  >> "Host: localhost:8080[\r][\n]"
22:09:44.994 [main] DEBUG org.apache.http.wire -  >> "Connection: Keep-Alive[\r][\n]"
22:09:44.994 [main] DEBUG org.apache.http.wire -  >> "User-Agent: Apache-HttpClient/4.5.3 (Java/13.0.5.1)[\r][\n]"
22:09:44.994 [main] DEBUG org.apache.http.wire -  >> "Accept-Encoding: gzip,deflate[\r][\n]"
22:09:44.994 [main] DEBUG org.apache.http.wire -  >> "[\r][\n]"
22:09:44.994 [main] DEBUG org.apache.http.headers - >> GET /3?c=9&a=30&b=18 HTTP/1.1
22:09:44.994 [main] DEBUG org.apache.http.headers - >> Accept: */*
22:09:44.994 [main] DEBUG org.apache.http.headers - >> Host: localhost:8080
22:09:44.994 [main] DEBUG org.apache.http.headers - >> Connection: Keep-Alive
22:09:44.994 [main] DEBUG org.apache.http.headers - >> User-Agent: Apache-HttpClient/4.5.3 (Java/13.0.5.1)
22:09:44.994 [main] DEBUG org.apache.http.headers - >> Accept-Encoding: gzip,deflate
22:09:45.022 [main] DEBUG org.apache.http.wire -  << "HTTP/1.1 200 OK[\r][\n]"
22:09:45.022 [main] DEBUG org.apache.http.wire -  << "Server: Apache-Coyote/1.1[\r][\n]"
22:09:45.022 [main] DEBUG org.apache.http.wire -  << "Content-Type: text/plain;charset=UTF-8[\r][\n]"
22:09:45.022 [main] DEBUG org.apache.http.wire -  << "Content-Length: 6[\r][\n]"
22:09:45.022 [main] DEBUG org.apache.http.wire -  << "Date: Sun, 07 Feb 2021 21:09:44 GMT[\r][\n]"
22:09:45.022 [main] DEBUG org.apache.http.wire -  << "[\r][\n]"
22:09:45.022 [main] DEBUG o.a.h.i.conn.DefaultClientConnection - Receiving response: HTTP/1.1 200 OK
22:09:45.022 [main] DEBUG org.apache.http.headers - << HTTP/1.1 200 OK
22:09:45.022 [main] DEBUG org.apache.http.headers - << Server: Apache-Coyote/1.1
22:09:45.022 [main] DEBUG org.apache.http.headers - << Content-Type: text/plain;charset=UTF-8
22:09:45.022 [main] DEBUG org.apache.http.headers - << Content-Length: 6
22:09:45.022 [main] DEBUG org.apache.http.headers - << Date: Sun, 07 Feb 2021 21:09:44 GMT
22:09:45.022 [main] DEBUG o.a.h.impl.client.DefaultHttpClient - Connection can be kept alive indefinitely
22:09:45.022 [main] DEBUG i.r.i.RequestSpecificationImpl$RestAssuredHttpBuilder - Parsing response as: text/plain;charset=UTF-8
22:09:45.022 [main] DEBUG i.r.i.RequestSpecificationImpl$RestAssuredHttpBuilder - Parsed data to instance of: class org.apache.http.conn.EofSensorInputStream
22:09:45.022 [main] DEBUG org.apache.http.wire -  << "a:4500"
22:09:45.022 [main] DEBUG o.a.h.i.c.BasicClientConnectionManager - Releasing connection org.apache.http.impl.conn.ManagedClientConnectionImpl@40863800
22:09:45.022 [main] DEBUG o.a.h.i.c.BasicClientConnectionManager - Connection can be kept alive indefinitely
22:09:45.026 [main] DEBUG o.a.h.i.c.BasicClientConnectionManager - Get connection for route {}->http://localhost:8080
22:09:45.026 [main] DEBUG o.a.h.i.c.DefaultClientConnectionOperator - Connecting to localhost:8080
22:09:45.026 [main] DEBUG o.a.h.c.protocol.RequestAddCookies - CookieSpec selected: ignoreCookies
22:09:45.026 [main] DEBUG o.a.h.c.protocol.RequestAuthCache - Auth cache not set in the context
22:09:45.026 [main] DEBUG o.a.h.c.p.RequestTargetAuthentication - Target auth state: UNCHALLENGED
22:09:45.026 [main] DEBUG o.a.h.c.p.RequestProxyAuthentication - Proxy auth state: UNCHALLENGED
22:09:45.026 [main] DEBUG o.a.h.impl.client.DefaultHttpClient - Attempt 1 to execute request
22:09:45.026 [main] DEBUG o.a.h.i.conn.DefaultClientConnection - Sending request: GET /3?c=9&a=30&b=18 HTTP/1.1
22:09:45.027 [main] DEBUG org.apache.http.wire -  >> "GET /3?c=9&a=30&b=18 HTTP/1.1[\r][\n]"
22:09:45.027 [main] DEBUG org.apache.http.wire -  >> "Accept: */*[\r][\n]"
22:09:45.027 [main] DEBUG org.apache.http.wire -  >> "Host: localhost:8080[\r][\n]"
22:09:45.027 [main] DEBUG org.apache.http.wire -  >> "Connection: Keep-Alive[\r][\n]"
22:09:45.027 [main] DEBUG org.apache.http.wire -  >> "User-Agent: Apache-HttpClient/4.5.3 (Java/13.0.5.1)[\r][\n]"
22:09:45.027 [main] DEBUG org.apache.http.wire -  >> "Accept-Encoding: gzip,deflate[\r][\n]"
22:09:45.027 [main] DEBUG org.apache.http.wire -  >> "[\r][\n]"
22:09:45.027 [main] DEBUG org.apache.http.headers - >> GET /3?c=9&a=30&b=18 HTTP/1.1
22:09:45.027 [main] DEBUG org.apache.http.headers - >> Accept: */*
22:09:45.027 [main] DEBUG org.apache.http.headers - >> Host: localhost:8080
22:09:45.027 [main] DEBUG org.apache.http.headers - >> Connection: Keep-Alive
22:09:45.027 [main] DEBUG org.apache.http.headers - >> User-Agent: Apache-HttpClient/4.5.3 (Java/13.0.5.1)
22:09:45.027 [main] DEBUG org.apache.http.headers - >> Accept-Encoding: gzip,deflate
22:09:45.046 [main] DEBUG org.apache.http.wire -  << "HTTP/1.1 200 OK[\r][\n]"
22:09:45.046 [main] DEBUG org.apache.http.wire -  << "Server: Apache-Coyote/1.1[\r][\n]"
22:09:45.046 [main] DEBUG org.apache.http.wire -  << "Content-Type: text/plain;charset=UTF-8[\r][\n]"
22:09:45.046 [main] DEBUG org.apache.http.wire -  << "Content-Length: 6[\r][\n]"
22:09:45.046 [main] DEBUG org.apache.http.wire -  << "Date: Sun, 07 Feb 2021 21:09:44 GMT[\r][\n]"
22:09:45.046 [main] DEBUG org.apache.http.wire -  << "[\r][\n]"
22:09:45.046 [main] DEBUG o.a.h.i.conn.DefaultClientConnection - Receiving response: HTTP/1.1 200 OK
22:09:45.046 [main] DEBUG org.apache.http.headers - << HTTP/1.1 200 OK
22:09:45.046 [main] DEBUG org.apache.http.headers - << Server: Apache-Coyote/1.1
22:09:45.046 [main] DEBUG org.apache.http.headers - << Content-Type: text/plain;charset=UTF-8
22:09:45.046 [main] DEBUG org.apache.http.headers - << Content-Length: 6
22:09:45.046 [main] DEBUG org.apache.http.headers - << Date: Sun, 07 Feb 2021 21:09:44 GMT
22:09:45.046 [main] DEBUG o.a.h.impl.client.DefaultHttpClient - Connection can be kept alive indefinitely
22:09:45.046 [main] DEBUG i.r.i.RequestSpecificationImpl$RestAssuredHttpBuilder - Parsing response as: text/plain;charset=UTF-8
22:09:45.046 [main] DEBUG i.r.i.RequestSpecificationImpl$RestAssuredHttpBuilder - Parsed data to instance of: class org.apache.http.conn.EofSensorInputStream
22:09:45.046 [main] DEBUG org.apache.http.wire -  << "a:4500"
22:09:45.046 [main] DEBUG o.a.h.i.c.BasicClientConnectionManager - Releasing connection org.apache.http.impl.conn.ManagedClientConnectionImpl@4cf230bf
22:09:45.046 [main] DEBUG o.a.h.i.c.BasicClientConnectionManager - Connection can be kept alive indefinitely
str = aaaaaaaaaaaaaaaaaaaaaaaaaaaaaaaaaaaaaaaaaaaaaaaaaa
]]></system-out>
  </testcase>
  <testcase name="GET request returns &apos;No valid bids&apos; if there are no valid bids #1" classname="User should be able to get the winner" time="0.027">
    <failure message="Verify that response body contains &apos;No valid bids&apos; message" type="java.lang.AssertionError">java.lang.AssertionError: Verify that response body contains 'No valid bids' message
</failure>
    <system-out><![CDATA[22:09:45.052 [main] DEBUG o.a.h.i.c.BasicClientConnectionManager - Get connection for route {}->http://localhost:8080
22:09:45.052 [main] DEBUG o.a.h.i.c.DefaultClientConnectionOperator - Connecting to localhost:8080
22:09:45.053 [main] DEBUG o.a.h.c.protocol.RequestAddCookies - CookieSpec selected: ignoreCookies
22:09:45.053 [main] DEBUG o.a.h.c.protocol.RequestAuthCache - Auth cache not set in the context
22:09:45.053 [main] DEBUG o.a.h.c.p.RequestTargetAuthentication - Target auth state: UNCHALLENGED
22:09:45.053 [main] DEBUG o.a.h.c.p.RequestProxyAuthentication - Proxy auth state: UNCHALLENGED
22:09:45.053 [main] DEBUG o.a.h.impl.client.DefaultHttpClient - Attempt 1 to execute request
22:09:45.053 [main] DEBUG o.a.h.i.conn.DefaultClientConnection - Sending request: GET /1?a=-10&b=-6&c=-3 HTTP/1.1
22:09:45.053 [main] DEBUG org.apache.http.wire -  >> "GET /1?a=-10&b=-6&c=-3 HTTP/1.1[\r][\n]"
22:09:45.053 [main] DEBUG org.apache.http.wire -  >> "Accept: */*[\r][\n]"
22:09:45.053 [main] DEBUG org.apache.http.wire -  >> "Host: localhost:8080[\r][\n]"
22:09:45.053 [main] DEBUG org.apache.http.wire -  >> "Connection: Keep-Alive[\r][\n]"
22:09:45.053 [main] DEBUG org.apache.http.wire -  >> "User-Agent: Apache-HttpClient/4.5.3 (Java/13.0.5.1)[\r][\n]"
22:09:45.053 [main] DEBUG org.apache.http.wire -  >> "Accept-Encoding: gzip,deflate[\r][\n]"
22:09:45.053 [main] DEBUG org.apache.http.wire -  >> "[\r][\n]"
22:09:45.053 [main] DEBUG org.apache.http.headers - >> GET /1?a=-10&b=-6&c=-3 HTTP/1.1
22:09:45.053 [main] DEBUG org.apache.http.headers - >> Accept: */*
22:09:45.053 [main] DEBUG org.apache.http.headers - >> Host: localhost:8080
22:09:45.053 [main] DEBUG org.apache.http.headers - >> Connection: Keep-Alive
22:09:45.053 [main] DEBUG org.apache.http.headers - >> User-Agent: Apache-HttpClient/4.5.3 (Java/13.0.5.1)
22:09:45.053 [main] DEBUG org.apache.http.headers - >> Accept-Encoding: gzip,deflate
22:09:45.072 [main] DEBUG org.apache.http.wire -  << "HTTP/1.1 200 OK[\r][\n]"
22:09:45.072 [main] DEBUG org.apache.http.wire -  << "Server: Apache-Coyote/1.1[\r][\n]"
22:09:45.072 [main] DEBUG org.apache.http.wire -  << "Content-Type: text/plain;charset=UTF-8[\r][\n]"
22:09:45.072 [main] DEBUG org.apache.http.wire -  << "Content-Length: 7[\r][\n]"
22:09:45.072 [main] DEBUG org.apache.http.wire -  << "Date: Sun, 07 Feb 2021 21:09:44 GMT[\r][\n]"
22:09:45.072 [main] DEBUG org.apache.http.wire -  << "[\r][\n]"
22:09:45.072 [main] DEBUG o.a.h.i.conn.DefaultClientConnection - Receiving response: HTTP/1.1 200 OK
22:09:45.072 [main] DEBUG org.apache.http.headers - << HTTP/1.1 200 OK
22:09:45.072 [main] DEBUG org.apache.http.headers - << Server: Apache-Coyote/1.1
22:09:45.072 [main] DEBUG org.apache.http.headers - << Content-Type: text/plain;charset=UTF-8
22:09:45.072 [main] DEBUG org.apache.http.headers - << Content-Length: 7
22:09:45.072 [main] DEBUG org.apache.http.headers - << Date: Sun, 07 Feb 2021 21:09:44 GMT
22:09:45.072 [main] DEBUG o.a.h.impl.client.DefaultHttpClient - Connection can be kept alive indefinitely
22:09:45.073 [main] DEBUG i.r.i.RequestSpecificationImpl$RestAssuredHttpBuilder - Parsing response as: text/plain;charset=UTF-8
22:09:45.073 [main] DEBUG i.r.i.RequestSpecificationImpl$RestAssuredHttpBuilder - Parsed data to instance of: class org.apache.http.conn.EofSensorInputStream
22:09:45.073 [main] DEBUG org.apache.http.wire -  << "a:-1500"
22:09:45.073 [main] DEBUG o.a.h.i.c.BasicClientConnectionManager - Releasing connection org.apache.http.impl.conn.ManagedClientConnectionImpl@11015ca0
22:09:45.073 [main] DEBUG o.a.h.i.c.BasicClientConnectionManager - Connection can be kept alive indefinitely
]]></system-out>
  </testcase>
  <testcase name="GET request returns &apos;No valid bids&apos; if there are no valid bids #2" classname="User should be able to get the winner" time="0.023">
    <failure message="Verify that response body contains &apos;No valid bids&apos; message" type="java.lang.AssertionError">java.lang.AssertionError: Verify that response body contains 'No valid bids' message
</failure>
    <system-out><![CDATA[22:09:45.078 [main] DEBUG o.a.h.i.c.BasicClientConnectionManager - Get connection for route {}->http://localhost:8080
22:09:45.078 [main] DEBUG o.a.h.i.c.DefaultClientConnectionOperator - Connecting to localhost:8080
22:09:45.079 [main] DEBUG o.a.h.c.protocol.RequestAddCookies - CookieSpec selected: ignoreCookies
22:09:45.079 [main] DEBUG o.a.h.c.protocol.RequestAuthCache - Auth cache not set in the context
22:09:45.079 [main] DEBUG o.a.h.c.p.RequestTargetAuthentication - Target auth state: UNCHALLENGED
22:09:45.079 [main] DEBUG o.a.h.c.p.RequestProxyAuthentication - Proxy auth state: UNCHALLENGED
22:09:45.079 [main] DEBUG o.a.h.impl.client.DefaultHttpClient - Attempt 1 to execute request
22:09:45.079 [main] DEBUG o.a.h.i.conn.DefaultClientConnection - Sending request: GET /2?b=-12&c=-6&a=-20 HTTP/1.1
22:09:45.079 [main] DEBUG org.apache.http.wire -  >> "GET /2?b=-12&c=-6&a=-20 HTTP/1.1[\r][\n]"
22:09:45.079 [main] DEBUG org.apache.http.wire -  >> "Accept: */*[\r][\n]"
22:09:45.079 [main] DEBUG org.apache.http.wire -  >> "Host: localhost:8080[\r][\n]"
22:09:45.079 [main] DEBUG org.apache.http.wire -  >> "Connection: Keep-Alive[\r][\n]"
22:09:45.079 [main] DEBUG org.apache.http.wire -  >> "User-Agent: Apache-HttpClient/4.5.3 (Java/13.0.5.1)[\r][\n]"
22:09:45.079 [main] DEBUG org.apache.http.wire -  >> "Accept-Encoding: gzip,deflate[\r][\n]"
22:09:45.079 [main] DEBUG org.apache.http.wire -  >> "[\r][\n]"
22:09:45.079 [main] DEBUG org.apache.http.headers - >> GET /2?b=-12&c=-6&a=-20 HTTP/1.1
22:09:45.079 [main] DEBUG org.apache.http.headers - >> Accept: */*
22:09:45.079 [main] DEBUG org.apache.http.headers - >> Host: localhost:8080
22:09:45.079 [main] DEBUG org.apache.http.headers - >> Connection: Keep-Alive
22:09:45.079 [main] DEBUG org.apache.http.headers - >> User-Agent: Apache-HttpClient/4.5.3 (Java/13.0.5.1)
22:09:45.079 [main] DEBUG org.apache.http.headers - >> Accept-Encoding: gzip,deflate
22:09:45.096 [main] DEBUG org.apache.http.wire -  << "HTTP/1.1 200 OK[\r][\n]"
22:09:45.096 [main] DEBUG org.apache.http.wire -  << "Server: Apache-Coyote/1.1[\r][\n]"
22:09:45.096 [main] DEBUG org.apache.http.wire -  << "Content-Type: text/plain;charset=UTF-8[\r][\n]"
22:09:45.096 [main] DEBUG org.apache.http.wire -  << "Content-Length: 7[\r][\n]"
22:09:45.096 [main] DEBUG org.apache.http.wire -  << "Date: Sun, 07 Feb 2021 21:09:44 GMT[\r][\n]"
22:09:45.096 [main] DEBUG org.apache.http.wire -  << "[\r][\n]"
22:09:45.096 [main] DEBUG o.a.h.i.conn.DefaultClientConnection - Receiving response: HTTP/1.1 200 OK
22:09:45.096 [main] DEBUG org.apache.http.headers - << HTTP/1.1 200 OK
22:09:45.096 [main] DEBUG org.apache.http.headers - << Server: Apache-Coyote/1.1
22:09:45.096 [main] DEBUG org.apache.http.headers - << Content-Type: text/plain;charset=UTF-8
22:09:45.096 [main] DEBUG org.apache.http.headers - << Content-Length: 7
22:09:45.096 [main] DEBUG org.apache.http.headers - << Date: Sun, 07 Feb 2021 21:09:44 GMT
22:09:45.096 [main] DEBUG o.a.h.impl.client.DefaultHttpClient - Connection can be kept alive indefinitely
22:09:45.096 [main] DEBUG i.r.i.RequestSpecificationImpl$RestAssuredHttpBuilder - Parsing response as: text/plain;charset=UTF-8
22:09:45.096 [main] DEBUG i.r.i.RequestSpecificationImpl$RestAssuredHttpBuilder - Parsed data to instance of: class org.apache.http.conn.EofSensorInputStream
22:09:45.097 [main] DEBUG org.apache.http.wire -  << "a:-3000"
22:09:45.097 [main] DEBUG o.a.h.i.c.BasicClientConnectionManager - Releasing connection org.apache.http.impl.conn.ManagedClientConnectionImpl@58f290bc
22:09:45.097 [main] DEBUG o.a.h.i.c.BasicClientConnectionManager - Connection can be kept alive indefinitely
]]></system-out>
  </testcase>
  <testcase name="GET request returns &apos;No valid bids&apos; if there are no valid bids #3" classname="User should be able to get the winner" time="0.036">
    <failure message="Verify that response body contains &apos;No valid bids&apos; message" type="java.lang.AssertionError">java.lang.AssertionError: Verify that response body contains 'No valid bids' message
</failure>
    <system-out><![CDATA[22:09:45.102 [main] DEBUG o.a.h.i.c.BasicClientConnectionManager - Get connection for route {}->http://localhost:8080
22:09:45.102 [main] DEBUG o.a.h.i.c.DefaultClientConnectionOperator - Connecting to localhost:8080
22:09:45.102 [main] DEBUG o.a.h.c.protocol.RequestAddCookies - CookieSpec selected: ignoreCookies
22:09:45.102 [main] DEBUG o.a.h.c.protocol.RequestAuthCache - Auth cache not set in the context
22:09:45.102 [main] DEBUG o.a.h.c.p.RequestTargetAuthentication - Target auth state: UNCHALLENGED
22:09:45.102 [main] DEBUG o.a.h.c.p.RequestProxyAuthentication - Proxy auth state: UNCHALLENGED
22:09:45.102 [main] DEBUG o.a.h.impl.client.DefaultHttpClient - Attempt 1 to execute request
22:09:45.102 [main] DEBUG o.a.h.i.conn.DefaultClientConnection - Sending request: GET /3?c=-9&a=-30&b=-18 HTTP/1.1
22:09:45.102 [main] DEBUG org.apache.http.wire -  >> "GET /3?c=-9&a=-30&b=-18 HTTP/1.1[\r][\n]"
22:09:45.102 [main] DEBUG org.apache.http.wire -  >> "Accept: */*[\r][\n]"
22:09:45.102 [main] DEBUG org.apache.http.wire -  >> "Host: localhost:8080[\r][\n]"
22:09:45.102 [main] DEBUG org.apache.http.wire -  >> "Connection: Keep-Alive[\r][\n]"
22:09:45.102 [main] DEBUG org.apache.http.wire -  >> "User-Agent: Apache-HttpClient/4.5.3 (Java/13.0.5.1)[\r][\n]"
22:09:45.102 [main] DEBUG org.apache.http.wire -  >> "Accept-Encoding: gzip,deflate[\r][\n]"
22:09:45.102 [main] DEBUG org.apache.http.wire -  >> "[\r][\n]"
22:09:45.102 [main] DEBUG org.apache.http.headers - >> GET /3?c=-9&a=-30&b=-18 HTTP/1.1
22:09:45.102 [main] DEBUG org.apache.http.headers - >> Accept: */*
22:09:45.102 [main] DEBUG org.apache.http.headers - >> Host: localhost:8080
22:09:45.102 [main] DEBUG org.apache.http.headers - >> Connection: Keep-Alive
22:09:45.102 [main] DEBUG org.apache.http.headers - >> User-Agent: Apache-HttpClient/4.5.3 (Java/13.0.5.1)
22:09:45.102 [main] DEBUG org.apache.http.headers - >> Accept-Encoding: gzip,deflate
22:09:45.129 [main] DEBUG org.apache.http.wire -  << "HTTP/1.1 200 OK[\r][\n]"
22:09:45.129 [main] DEBUG org.apache.http.wire -  << "Server: Apache-Coyote/1.1[\r][\n]"
22:09:45.129 [main] DEBUG org.apache.http.wire -  << "Content-Type: text/plain;charset=UTF-8[\r][\n]"
22:09:45.129 [main] DEBUG org.apache.http.wire -  << "Content-Length: 7[\r][\n]"
22:09:45.129 [main] DEBUG org.apache.http.wire -  << "Date: Sun, 07 Feb 2021 21:09:45 GMT[\r][\n]"
22:09:45.129 [main] DEBUG org.apache.http.wire -  << "[\r][\n]"
22:09:45.129 [main] DEBUG o.a.h.i.conn.DefaultClientConnection - Receiving response: HTTP/1.1 200 OK
22:09:45.129 [main] DEBUG org.apache.http.headers - << HTTP/1.1 200 OK
22:09:45.129 [main] DEBUG org.apache.http.headers - << Server: Apache-Coyote/1.1
22:09:45.129 [main] DEBUG org.apache.http.headers - << Content-Type: text/plain;charset=UTF-8
22:09:45.129 [main] DEBUG org.apache.http.headers - << Content-Length: 7
22:09:45.129 [main] DEBUG org.apache.http.headers - << Date: Sun, 07 Feb 2021 21:09:45 GMT
22:09:45.129 [main] DEBUG o.a.h.impl.client.DefaultHttpClient - Connection can be kept alive indefinitely
22:09:45.130 [main] DEBUG i.r.i.RequestSpecificationImpl$RestAssuredHttpBuilder - Parsing response as: text/plain;charset=UTF-8
22:09:45.130 [main] DEBUG i.r.i.RequestSpecificationImpl$RestAssuredHttpBuilder - Parsed data to instance of: class org.apache.http.conn.EofSensorInputStream
22:09:45.130 [main] DEBUG org.apache.http.wire -  << "a:-4500"
22:09:45.130 [main] DEBUG o.a.h.i.c.BasicClientConnectionManager - Releasing connection org.apache.http.impl.conn.ManagedClientConnectionImpl@cf984d9
22:09:45.130 [main] DEBUG o.a.h.i.c.BasicClientConnectionManager - Connection can be kept alive indefinitely
]]></system-out>
  </testcase>
</testsuite>