<?xml version="1.0" encoding="UTF-8"?>
<testsuite xmlns:xsi="http://www.w3.org/2001/XMLSchema-instance" xsi:noNamespaceSchemaLocation="https://maven.apache.org/surefire/maven-surefire-plugin/xsd/surefire-test-report.xsd" name="com.yieldlab.runners.CukesRunner" time="15.155" tests="71" errors="0" skipped="0" failures="9">
  <properties>
    <property name="java.specification.version" value="13"/>
    <property name="sun.cpu.isalist" value="amd64"/>
    <property name="sun.jnu.encoding" value="Cp1252"/>
    <property name="java.class.path" value="C:\Users\knigh\IdeaProjects\Yieldlab\target\test-classes;C:\Users\knigh\IdeaProjects\Yieldlab\target\classes;C:\Users\knigh\.m2\repository\io\cucumber\cucumber-java\6.9.0\cucumber-java-6.9.0.jar;C:\Users\knigh\.m2\repository\io\cucumber\cucumber-core\6.9.0\cucumber-core-6.9.0.jar;C:\Users\knigh\.m2\repository\io\cucumber\cucumber-gherkin\6.9.0\cucumber-gherkin-6.9.0.jar;C:\Users\knigh\.m2\repository\io\cucumber\cucumber-gherkin-messages\6.9.0\cucumber-gherkin-messages-6.9.0.jar;C:\Users\knigh\.m2\repository\io\cucumber\messages\13.2.0\messages-13.2.0.jar;C:\Users\knigh\.m2\repository\io\cucumber\tag-expressions\3.0.0\tag-expressions-3.0.0.jar;C:\Users\knigh\.m2\repository\io\cucumber\cucumber-expressions\10.3.0\cucumber-expressions-10.3.0.jar;C:\Users\knigh\.m2\repository\io\cucumber\datatable\3.5.0\datatable-3.5.0.jar;C:\Users\knigh\.m2\repository\io\cucumber\cucumber-plugin\6.9.0\cucumber-plugin-6.9.0.jar;C:\Users\knigh\.m2\repository\io\cucumber\docstring\6.9.0\docstring-6.9.0.jar;C:\Users\knigh\.m2\repository\io\cucumber\html-formatter\9.0.0\html-formatter-9.0.0.jar;C:\Users\knigh\.m2\repository\io\cucumber\create-meta\2.0.4\create-meta-2.0.4.jar;C:\Users\knigh\.m2\repository\org\apiguardian\apiguardian-api\1.1.0\apiguardian-api-1.1.0.jar;C:\Users\knigh\.m2\repository\io\cucumber\cucumber-junit\6.9.0\cucumber-junit-6.9.0.jar;C:\Users\knigh\.m2\repository\junit\junit\4.13.1\junit-4.13.1.jar;C:\Users\knigh\.m2\repository\org\hamcrest\hamcrest-core\1.3\hamcrest-core-1.3.jar;C:\Users\knigh\.m2\repository\io\rest-assured\rest-assured\4.3.0\rest-assured-4.3.0.jar;C:\Users\knigh\.m2\repository\org\codehaus\groovy\groovy\3.0.2\groovy-3.0.2.jar;C:\Users\knigh\.m2\repository\org\codehaus\groovy\groovy-xml\3.0.2\groovy-xml-3.0.2.jar;C:\Users\knigh\.m2\repository\org\apache\httpcomponents\httpclient\4.5.3\httpclient-4.5.3.jar;C:\Users\knigh\.m2\repository\org\apache\httpcomponents\httpcore\4.4.6\httpcore-4.4.6.jar;C:\Users\knigh\.m2\repository\commons-logging\commons-logging\1.2\commons-logging-1.2.jar;C:\Users\knigh\.m2\repository\commons-codec\commons-codec\1.9\commons-codec-1.9.jar;C:\Users\knigh\.m2\repository\org\apache\httpcomponents\httpmime\4.5.3\httpmime-4.5.3.jar;C:\Users\knigh\.m2\repository\org\hamcrest\hamcrest\2.1\hamcrest-2.1.jar;C:\Users\knigh\.m2\repository\org\ccil\cowan\tagsoup\tagsoup\1.2.1\tagsoup-1.2.1.jar;C:\Users\knigh\.m2\repository\io\rest-assured\json-path\4.3.0\json-path-4.3.0.jar;C:\Users\knigh\.m2\repository\org\codehaus\groovy\groovy-json\3.0.2\groovy-json-3.0.2.jar;C:\Users\knigh\.m2\repository\io\rest-assured\rest-assured-common\4.3.0\rest-assured-common-4.3.0.jar;C:\Users\knigh\.m2\repository\io\rest-assured\xml-path\4.3.0\xml-path-4.3.0.jar;C:\Users\knigh\.m2\repository\org\apache\commons\commons-lang3\3.4\commons-lang3-3.4.jar;C:\Users\knigh\.m2\repository\jakarta\xml\bind\jakarta.xml.bind-api\2.3.2\jakarta.xml.bind-api-2.3.2.jar;C:\Users\knigh\.m2\repository\jakarta\activation\jakarta.activation-api\1.2.1\jakarta.activation-api-1.2.1.jar;C:\Users\knigh\.m2\repository\com\sun\xml\bind\jaxb-osgi\2.3.0.1\jaxb-osgi-2.3.0.1.jar;C:\Users\knigh\.m2\repository\org\apache\sling\org.apache.sling.javax.activation\0.1.0\org.apache.sling.javax.activation-0.1.0.jar;C:\Users\knigh\.m2\repository\javax\activation\activation\1.1.1\activation-1.1.1.jar;C:\Users\knigh\.m2\repository\io\rest-assured\json-schema-validator\4.3.1\json-schema-validator-4.3.1.jar;C:\Users\knigh\.m2\repository\com\github\java-json-tools\json-schema-validator\2.2.10\json-schema-validator-2.2.10.jar;C:\Users\knigh\.m2\repository\com\github\java-json-tools\json-schema-core\1.2.10\json-schema-core-1.2.10.jar;C:\Users\knigh\.m2\repository\com\github\java-json-tools\jackson-coreutils\1.9\jackson-coreutils-1.9.jar;C:\Users\knigh\.m2\repository\com\github\fge\msg-simple\1.1\msg-simple-1.1.jar;C:\Users\knigh\.m2\repository\com\github\fge\btf\1.2\btf-1.2.jar;C:\Users\knigh\.m2\repository\com\github\fge\uri-template\0.9\uri-template-0.9.jar;C:\Users\knigh\.m2\repository\org\mozilla\rhino\1.7.7.1\rhino-1.7.7.1.jar;C:\Users\knigh\.m2\repository\javax\mail\mailapi\1.4.3\mailapi-1.4.3.jar;C:\Users\knigh\.m2\repository\joda-time\joda-time\2.9.7\joda-time-2.9.7.jar;C:\Users\knigh\.m2\repository\com\googlecode\libphonenumber\libphonenumber\8.0.0\libphonenumber-8.0.0.jar;C:\Users\knigh\.m2\repository\com\google\code\findbugs\jsr305\3.0.1\jsr305-3.0.1.jar;C:\Users\knigh\.m2\repository\net\sf\jopt-simple\jopt-simple\5.0.3\jopt-simple-5.0.3.jar;C:\Users\knigh\.m2\repository\com\fasterxml\jackson\core\jackson-databind\2.7.3\jackson-databind-2.7.3.jar;C:\Users\knigh\.m2\repository\com\fasterxml\jackson\core\jackson-annotations\2.7.0\jackson-annotations-2.7.0.jar;C:\Users\knigh\.m2\repository\com\fasterxml\jackson\core\jackson-core\2.7.3\jackson-core-2.7.3.jar;C:\Users\knigh\.m2\repository\com\google\guava\guava\19.0\guava-19.0.jar;C:\Users\knigh\.m2\repository\org\springframework\boot\spring-boot-starter-web\1.3.2.RELEASE\spring-boot-starter-web-1.3.2.RELEASE.jar;C:\Users\knigh\.m2\repository\org\springframework\boot\spring-boot-starter\1.3.2.RELEASE\spring-boot-starter-1.3.2.RELEASE.jar;C:\Users\knigh\.m2\repository\org\springframework\boot\spring-boot\1.3.2.RELEASE\spring-boot-1.3.2.RELEASE.jar;C:\Users\knigh\.m2\repository\org\springframework\boot\spring-boot-autoconfigure\1.3.2.RELEASE\spring-boot-autoconfigure-1.3.2.RELEASE.jar;C:\Users\knigh\.m2\repository\org\springframework\boot\spring-boot-starter-logging\1.3.2.RELEASE\spring-boot-starter-logging-1.3.2.RELEASE.jar;C:\Users\knigh\.m2\repository\ch\qos\logback\logback-classic\1.1.3\logback-classic-1.1.3.jar;C:\Users\knigh\.m2\repository\ch\qos\logback\logback-core\1.1.3\logback-core-1.1.3.jar;C:\Users\knigh\.m2\repository\org\slf4j\slf4j-api\1.7.7\slf4j-api-1.7.7.jar;C:\Users\knigh\.m2\repository\org\slf4j\jcl-over-slf4j\1.7.13\jcl-over-slf4j-1.7.13.jar;C:\Users\knigh\.m2\repository\org\slf4j\jul-to-slf4j\1.7.13\jul-to-slf4j-1.7.13.jar;C:\Users\knigh\.m2\repository\org\slf4j\log4j-over-slf4j\1.7.13\log4j-over-slf4j-1.7.13.jar;C:\Users\knigh\.m2\repository\org\yaml\snakeyaml\1.16\snakeyaml-1.16.jar;C:\Users\knigh\.m2\repository\org\springframework\boot\spring-boot-starter-tomcat\1.3.2.RELEASE\spring-boot-starter-tomcat-1.3.2.RELEASE.jar;C:\Users\knigh\.m2\repository\org\apache\tomcat\embed\tomcat-embed-core\8.0.30\tomcat-embed-core-8.0.30.jar;C:\Users\knigh\.m2\repository\org\apache\tomcat\embed\tomcat-embed-el\8.0.30\tomcat-embed-el-8.0.30.jar;C:\Users\knigh\.m2\repository\org\apache\tomcat\embed\tomcat-embed-logging-juli\8.0.30\tomcat-embed-logging-juli-8.0.30.jar;C:\Users\knigh\.m2\repository\org\apache\tomcat\embed\tomcat-embed-websocket\8.0.30\tomcat-embed-websocket-8.0.30.jar;C:\Users\knigh\.m2\repository\org\springframework\boot\spring-boot-starter-validation\1.3.2.RELEASE\spring-boot-starter-validation-1.3.2.RELEASE.jar;C:\Users\knigh\.m2\repository\org\hibernate\hibernate-validator\5.2.2.Final\hibernate-validator-5.2.2.Final.jar;C:\Users\knigh\.m2\repository\javax\validation\validation-api\1.1.0.Final\validation-api-1.1.0.Final.jar;C:\Users\knigh\.m2\repository\org\jboss\logging\jboss-logging\3.2.1.Final\jboss-logging-3.2.1.Final.jar;C:\Users\knigh\.m2\repository\com\fasterxml\classmate\1.1.0\classmate-1.1.0.jar;C:\Users\knigh\.m2\repository\org\springframework\spring-webmvc\4.2.4.RELEASE\spring-webmvc-4.2.4.RELEASE.jar;C:\Users\knigh\.m2\repository\org\springframework\spring-expression\4.2.4.RELEASE\spring-expression-4.2.4.RELEASE.jar;C:\Users\knigh\.m2\repository\org\springframework\spring-web\4.2.4.RELEASE\spring-web-4.2.4.RELEASE.jar;C:\Users\knigh\.m2\repository\org\springframework\spring-aop\4.2.4.RELEASE\spring-aop-4.2.4.RELEASE.jar;C:\Users\knigh\.m2\repository\aopalliance\aopalliance\1.0\aopalliance-1.0.jar;C:\Users\knigh\.m2\repository\org\springframework\spring-beans\4.2.4.RELEASE\spring-beans-4.2.4.RELEASE.jar;C:\Users\knigh\.m2\repository\org\springframework\spring-context\4.2.4.RELEASE\spring-context-4.2.4.RELEASE.jar;C:\Users\knigh\.m2\repository\org\springframework\spring-core\4.2.4.RELEASE\spring-core-4.2.4.RELEASE.jar;C:\Users\knigh\.m2\repository\org\antlr\stringtemplate\4.0.2\stringtemplate-4.0.2.jar;C:\Users\knigh\.m2\repository\org\antlr\antlr-runtime\3.3\antlr-runtime-3.3.jar;"/>
    <property name="java.vm.vendor" value="Azul Systems, Inc."/>
    <property name="sun.arch.data.model" value="64"/>
    <property name="user.variant" value=""/>
    <property name="java.vendor.url" value="http://www.azulsystems.com/"/>
    <property name="user.timezone" value="Europe/Berlin"/>
    <property name="user.country.format" value="DE"/>
    <property name="os.name" value="Windows 10"/>
    <property name="java.vm.specification.version" value="13"/>
    <property name="sun.java.launcher" value="SUN_STANDARD"/>
    <property name="user.country" value="GB"/>
    <property name="sun.boot.library.path" value="C:\Users\knigh\.jdks\azul-13.0.5.1\bin"/>
    <property name="sun.java.command" value="C:\Users\knigh\AppData\Local\Temp\surefire17093415511895411639\surefirebooter795824806389631082.jar C:\Users\knigh\AppData\Local\Temp\surefire17093415511895411639 2021-02-07T22-09-22_303-jvmRun1 surefire15456227541210713200tmp surefire_08515954073527023664tmp"/>
    <property name="jdk.debug" value="release"/>
    <property name="surefire.test.class.path" value="C:\Users\knigh\IdeaProjects\Yieldlab\target\test-classes;C:\Users\knigh\IdeaProjects\Yieldlab\target\classes;C:\Users\knigh\.m2\repository\io\cucumber\cucumber-java\6.9.0\cucumber-java-6.9.0.jar;C:\Users\knigh\.m2\repository\io\cucumber\cucumber-core\6.9.0\cucumber-core-6.9.0.jar;C:\Users\knigh\.m2\repository\io\cucumber\cucumber-gherkin\6.9.0\cucumber-gherkin-6.9.0.jar;C:\Users\knigh\.m2\repository\io\cucumber\cucumber-gherkin-messages\6.9.0\cucumber-gherkin-messages-6.9.0.jar;C:\Users\knigh\.m2\repository\io\cucumber\messages\13.2.0\messages-13.2.0.jar;C:\Users\knigh\.m2\repository\io\cucumber\tag-expressions\3.0.0\tag-expressions-3.0.0.jar;C:\Users\knigh\.m2\repository\io\cucumber\cucumber-expressions\10.3.0\cucumber-expressions-10.3.0.jar;C:\Users\knigh\.m2\repository\io\cucumber\datatable\3.5.0\datatable-3.5.0.jar;C:\Users\knigh\.m2\repository\io\cucumber\cucumber-plugin\6.9.0\cucumber-plugin-6.9.0.jar;C:\Users\knigh\.m2\repository\io\cucumber\docstring\6.9.0\docstring-6.9.0.jar;C:\Users\knigh\.m2\repository\io\cucumber\html-formatter\9.0.0\html-formatter-9.0.0.jar;C:\Users\knigh\.m2\repository\io\cucumber\create-meta\2.0.4\create-meta-2.0.4.jar;C:\Users\knigh\.m2\repository\org\apiguardian\apiguardian-api\1.1.0\apiguardian-api-1.1.0.jar;C:\Users\knigh\.m2\repository\io\cucumber\cucumber-junit\6.9.0\cucumber-junit-6.9.0.jar;C:\Users\knigh\.m2\repository\junit\junit\4.13.1\junit-4.13.1.jar;C:\Users\knigh\.m2\repository\org\hamcrest\hamcrest-core\1.3\hamcrest-core-1.3.jar;C:\Users\knigh\.m2\repository\io\rest-assured\rest-assured\4.3.0\rest-assured-4.3.0.jar;C:\Users\knigh\.m2\repository\org\codehaus\groovy\groovy\3.0.2\groovy-3.0.2.jar;C:\Users\knigh\.m2\repository\org\codehaus\groovy\groovy-xml\3.0.2\groovy-xml-3.0.2.jar;C:\Users\knigh\.m2\repository\org\apache\httpcomponents\httpclient\4.5.3\httpclient-4.5.3.jar;C:\Users\knigh\.m2\repository\org\apache\httpcomponents\httpcore\4.4.6\httpcore-4.4.6.jar;C:\Users\knigh\.m2\repository\commons-logging\commons-logging\1.2\commons-logging-1.2.jar;C:\Users\knigh\.m2\repository\commons-codec\commons-codec\1.9\commons-codec-1.9.jar;C:\Users\knigh\.m2\repository\org\apache\httpcomponents\httpmime\4.5.3\httpmime-4.5.3.jar;C:\Users\knigh\.m2\repository\org\hamcrest\hamcrest\2.1\hamcrest-2.1.jar;C:\Users\knigh\.m2\repository\org\ccil\cowan\tagsoup\tagsoup\1.2.1\tagsoup-1.2.1.jar;C:\Users\knigh\.m2\repository\io\rest-assured\json-path\4.3.0\json-path-4.3.0.jar;C:\Users\knigh\.m2\repository\org\codehaus\groovy\groovy-json\3.0.2\groovy-json-3.0.2.jar;C:\Users\knigh\.m2\repository\io\rest-assured\rest-assured-common\4.3.0\rest-assured-common-4.3.0.jar;C:\Users\knigh\.m2\repository\io\rest-assured\xml-path\4.3.0\xml-path-4.3.0.jar;C:\Users\knigh\.m2\repository\org\apache\commons\commons-lang3\3.4\commons-lang3-3.4.jar;C:\Users\knigh\.m2\repository\jakarta\xml\bind\jakarta.xml.bind-api\2.3.2\jakarta.xml.bind-api-2.3.2.jar;C:\Users\knigh\.m2\repository\jakarta\activation\jakarta.activation-api\1.2.1\jakarta.activation-api-1.2.1.jar;C:\Users\knigh\.m2\repository\com\sun\xml\bind\jaxb-osgi\2.3.0.1\jaxb-osgi-2.3.0.1.jar;C:\Users\knigh\.m2\repository\org\apache\sling\org.apache.sling.javax.activation\0.1.0\org.apache.sling.javax.activation-0.1.0.jar;C:\Users\knigh\.m2\repository\javax\activation\activation\1.1.1\activation-1.1.1.jar;C:\Users\knigh\.m2\repository\io\rest-assured\json-schema-validator\4.3.1\json-schema-validator-4.3.1.jar;C:\Users\knigh\.m2\repository\com\github\java-json-tools\json-schema-validator\2.2.10\json-schema-validator-2.2.10.jar;C:\Users\knigh\.m2\repository\com\github\java-json-tools\json-schema-core\1.2.10\json-schema-core-1.2.10.jar;C:\Users\knigh\.m2\repository\com\github\java-json-tools\jackson-coreutils\1.9\jackson-coreutils-1.9.jar;C:\Users\knigh\.m2\repository\com\github\fge\msg-simple\1.1\msg-simple-1.1.jar;C:\Users\knigh\.m2\repository\com\github\fge\btf\1.2\btf-1.2.jar;C:\Users\knigh\.m2\repository\com\github\fge\uri-template\0.9\uri-template-0.9.jar;C:\Users\knigh\.m2\repository\org\mozilla\rhino\1.7.7.1\rhino-1.7.7.1.jar;C:\Users\knigh\.m2\repository\javax\mail\mailapi\1.4.3\mailapi-1.4.3.jar;C:\Users\knigh\.m2\repository\joda-time\joda-time\2.9.7\joda-time-2.9.7.jar;C:\Users\knigh\.m2\repository\com\googlecode\libphonenumber\libphonenumber\8.0.0\libphonenumber-8.0.0.jar;C:\Users\knigh\.m2\repository\com\google\code\findbugs\jsr305\3.0.1\jsr305-3.0.1.jar;C:\Users\knigh\.m2\repository\net\sf\jopt-simple\jopt-simple\5.0.3\jopt-simple-5.0.3.jar;C:\Users\knigh\.m2\repository\com\fasterxml\jackson\core\jackson-databind\2.7.3\jackson-databind-2.7.3.jar;C:\Users\knigh\.m2\repository\com\fasterxml\jackson\core\jackson-annotations\2.7.0\jackson-annotations-2.7.0.jar;C:\Users\knigh\.m2\repository\com\fasterxml\jackson\core\jackson-core\2.7.3\jackson-core-2.7.3.jar;C:\Users\knigh\.m2\repository\com\google\guava\guava\19.0\guava-19.0.jar;C:\Users\knigh\.m2\repository\org\springframework\boot\spring-boot-starter-web\1.3.2.RELEASE\spring-boot-starter-web-1.3.2.RELEASE.jar;C:\Users\knigh\.m2\repository\org\springframework\boot\spring-boot-starter\1.3.2.RELEASE\spring-boot-starter-1.3.2.RELEASE.jar;C:\Users\knigh\.m2\repository\org\springframework\boot\spring-boot\1.3.2.RELEASE\spring-boot-1.3.2.RELEASE.jar;C:\Users\knigh\.m2\repository\org\springframework\boot\spring-boot-autoconfigure\1.3.2.RELEASE\spring-boot-autoconfigure-1.3.2.RELEASE.jar;C:\Users\knigh\.m2\repository\org\springframework\boot\spring-boot-starter-logging\1.3.2.RELEASE\spring-boot-starter-logging-1.3.2.RELEASE.jar;C:\Users\knigh\.m2\repository\ch\qos\logback\logback-classic\1.1.3\logback-classic-1.1.3.jar;C:\Users\knigh\.m2\repository\ch\qos\logback\logback-core\1.1.3\logback-core-1.1.3.jar;C:\Users\knigh\.m2\repository\org\slf4j\slf4j-api\1.7.7\slf4j-api-1.7.7.jar;C:\Users\knigh\.m2\repository\org\slf4j\jcl-over-slf4j\1.7.13\jcl-over-slf4j-1.7.13.jar;C:\Users\knigh\.m2\repository\org\slf4j\jul-to-slf4j\1.7.13\jul-to-slf4j-1.7.13.jar;C:\Users\knigh\.m2\repository\org\slf4j\log4j-over-slf4j\1.7.13\log4j-over-slf4j-1.7.13.jar;C:\Users\knigh\.m2\repository\org\yaml\snakeyaml\1.16\snakeyaml-1.16.jar;C:\Users\knigh\.m2\repository\org\springframework\boot\spring-boot-starter-tomcat\1.3.2.RELEASE\spring-boot-starter-tomcat-1.3.2.RELEASE.jar;C:\Users\knigh\.m2\repository\org\apache\tomcat\embed\tomcat-embed-core\8.0.30\tomcat-embed-core-8.0.30.jar;C:\Users\knigh\.m2\repository\org\apache\tomcat\embed\tomcat-embed-el\8.0.30\tomcat-embed-el-8.0.30.jar;C:\Users\knigh\.m2\repository\org\apache\tomcat\embed\tomcat-embed-logging-juli\8.0.30\tomcat-embed-logging-juli-8.0.30.jar;C:\Users\knigh\.m2\repository\org\apache\tomcat\embed\tomcat-embed-websocket\8.0.30\tomcat-embed-websocket-8.0.30.jar;C:\Users\knigh\.m2\repository\org\springframework\boot\spring-boot-starter-validation\1.3.2.RELEASE\spring-boot-starter-validation-1.3.2.RELEASE.jar;C:\Users\knigh\.m2\repository\org\hibernate\hibernate-validator\5.2.2.Final\hibernate-validator-5.2.2.Final.jar;C:\Users\knigh\.m2\repository\javax\validation\validation-api\1.1.0.Final\validation-api-1.1.0.Final.jar;C:\Users\knigh\.m2\repository\org\jboss\logging\jboss-logging\3.2.1.Final\jboss-logging-3.2.1.Final.jar;C:\Users\knigh\.m2\repository\com\fasterxml\classmate\1.1.0\classmate-1.1.0.jar;C:\Users\knigh\.m2\repository\org\springframework\spring-webmvc\4.2.4.RELEASE\spring-webmvc-4.2.4.RELEASE.jar;C:\Users\knigh\.m2\repository\org\springframework\spring-expression\4.2.4.RELEASE\spring-expression-4.2.4.RELEASE.jar;C:\Users\knigh\.m2\repository\org\springframework\spring-web\4.2.4.RELEASE\spring-web-4.2.4.RELEASE.jar;C:\Users\knigh\.m2\repository\org\springframework\spring-aop\4.2.4.RELEASE\spring-aop-4.2.4.RELEASE.jar;C:\Users\knigh\.m2\repository\aopalliance\aopalliance\1.0\aopalliance-1.0.jar;C:\Users\knigh\.m2\repository\org\springframework\spring-beans\4.2.4.RELEASE\spring-beans-4.2.4.RELEASE.jar;C:\Users\knigh\.m2\repository\org\springframework\spring-context\4.2.4.RELEASE\spring-context-4.2.4.RELEASE.jar;C:\Users\knigh\.m2\repository\org\springframework\spring-core\4.2.4.RELEASE\spring-core-4.2.4.RELEASE.jar;C:\Users\knigh\.m2\repository\org\antlr\stringtemplate\4.0.2\stringtemplate-4.0.2.jar;C:\Users\knigh\.m2\repository\org\antlr\antlr-runtime\3.3\antlr-runtime-3.3.jar;"/>
    <property name="sun.cpu.endian" value="little"/>
    <property name="user.home" value="C:\Users\knigh"/>
    <property name="user.language" value="en"/>
    <property name="java.specification.vendor" value="Oracle Corporation"/>
    <property name="java.version.date" value="2020-11-06"/>
    <property name="java.home" value="C:\Users\knigh\.jdks\azul-13.0.5.1"/>
    <property name="file.separator" value="\"/>
    <property name="basedir" value="C:\Users\knigh\IdeaProjects\Yieldlab"/>
    <property name="java.vm.compressedOopsMode" value="Zero based"/>
    <property name="line.separator" value="&#10;"/>
    <property name="java.vm.specification.vendor" value="Oracle Corporation"/>
    <property name="jdk.vendor.version" value="Zulu13.35+51-CA"/>
    <property name="java.specification.name" value="Java Platform API Specification"/>
    <property name="surefire.real.class.path" value="C:\Users\knigh\AppData\Local\Temp\surefire17093415511895411639\surefirebooter795824806389631082.jar"/>
    <property name="user.script" value=""/>
    <property name="sun.management.compiler" value="HotSpot 64-Bit Tiered Compilers"/>
    <property name="java.runtime.version" value="13.0.5.1+1-MTS"/>
    <property name="user.name" value="knigh"/>
    <property name="path.separator" value=";"/>
    <property name="os.version" value="10.0"/>
    <property name="java.runtime.name" value="OpenJDK Runtime Environment"/>
    <property name="file.encoding" value="UTF-8"/>
    <property name="java.vm.name" value="OpenJDK 64-Bit Server VM"/>
    <property name="java.vendor.version" value="Zulu13.35+51-CA"/>
    <property name="localRepository" value="C:\Users\knigh\.m2\repository"/>
    <property name="java.vendor.url.bug" value="http://www.azulsystems.com/support/"/>
    <property name="java.io.tmpdir" value="C:\Users\knigh\AppData\Local\Temp\"/>
    <property name="idea.version" value="2020.3.2"/>
    <property name="java.version" value="13.0.5.1"/>
    <property name="user.dir" value="C:\Users\knigh\IdeaProjects\Yieldlab"/>
    <property name="os.arch" value="amd64"/>
    <property name="java.vm.specification.name" value="Java Virtual Machine Specification"/>
    <property name="sun.os.patch.level" value=""/>
    <property name="java.library.path" value="C:\Users\knigh\.jdks\azul-13.0.5.1\bin;C:\Windows\Sun\Java\bin;C:\Windows\system32;C:\Windows;C:\Program Files (x86)\Common Files\Oracle\Java\javapath;C:\Windows\system32;C:\Windows;C:\Windows\System32\Wbem;C:\Windows\System32\WindowsPowerShell\v1.0\;C:\Windows\System32\OpenSSH\;C:\Program Files (x86)\NVIDIA Corporation\PhysX\Common;C:\Program Files\NVIDIA Corporation\NVIDIA NvDLISR;C:\Program Files\Git\cmd;C:\Program Files\Java\jdk1.8.0_271\bin;C:\Program Files\nodejs\;C:\Program Files\Docker\Docker\resources\bin;C:\ProgramData\DockerDesktop\version-bin;C:\Program Files\Git\mingw64\bin\;C:\Program Files\apache-maven-3.6.3-bin\apache-maven-3.6.3\bin;C:\Program Files\Java\jdk1.8.0_271\bin;C:\Users\knigh\AppData\Local\Microsoft\WindowsApps;C:\Users\knigh\AppData\Roaming\npm;C:\Program Files\Git\mingw64\bin\;;."/>
    <property name="java.vm.info" value="mixed mode, sharing"/>
    <property name="java.vendor" value="Azul Systems, Inc."/>
    <property name="java.vm.version" value="13.0.5.1+1-MTS"/>
    <property name="sun.io.unicode.encoding" value="UnicodeLittle"/>
    <property name="java.class.version" value="57.0"/>
  </properties>
  <testcase name="GET the winner and verify - No Query Parameter #1" classname="User should be able to get the winner" time="1.607"/>
  <testcase name="GET the winner and verify - No Query Parameter #2" classname="User should be able to get the winner" time="0.077"/>
  <testcase name="GET the winner and verify - No Query Parameter #3" classname="User should be able to get the winner" time="0.059"/>
  <testcase name="GET the winner and verify - No Query Parameter #4" classname="User should be able to get the winner" time="0.068"/>
  <testcase name="GET the winner and verify - No Query Parameter #5" classname="User should be able to get the winner" time="0.043"/>
  <testcase name="GET the winner and verify - No Query Parameter #6" classname="User should be able to get the winner" time="0.047"/>
  <testcase name="GET the winner and verify - 1 Query Parameter #1" classname="User should be able to get the winner" time="0.05"/>
  <testcase name="GET the winner and verify - 1 Query Parameter #2" classname="User should be able to get the winner" time="0.052"/>
  <testcase name="GET the winner and verify - 1 Query Parameter #3" classname="User should be able to get the winner" time="0.047"/>
  <testcase name="GET the winner and verify - 1 Query Parameter #4" classname="User should be able to get the winner" time="0.039"/>
  <testcase name="GET the winner and verify - 1 Query Parameter #5" classname="User should be able to get the winner" time="0.043"/>
  <testcase name="GET the winner and verify - 1 Query Parameter #6" classname="User should be able to get the winner" time="0.051"/>
  <testcase name="GET the winner and verify - 2 Query Parameters #1" classname="User should be able to get the winner" time="0.045"/>
  <testcase name="GET the winner and verify - 2 Query Parameters #2" classname="User should be able to get the winner" time="0.043"/>
  <testcase name="GET the winner and verify - 2 Query Parameters #3" classname="User should be able to get the winner" time="0.045"/>
  <testcase name="GET the winner and verify - 2 Query Parameters #4" classname="User should be able to get the winner" time="0.049"/>
  <testcase name="GET the winner and verify - 2 Query Parameters #5" classname="User should be able to get the winner" time="0.045"/>
  <testcase name="GET the winner and verify - 2 Query Parameters #6" classname="User should be able to get the winner" time="0.04"/>
  <testcase name="GET the winner and verify - 3 Query Parameters #1" classname="User should be able to get the winner" time="0.032"/>
  <testcase name="GET the winner and verify - 3 Query Parameters #2" classname="User should be able to get the winner" time="0.031"/>
  <testcase name="GET the winner and verify - 3 Query Parameters #3" classname="User should be able to get the winner" time="0.036"/>
  <testcase name="GET the winner and verify - 3 Query Parameters #4" classname="User should be able to get the winner" time="0.038"/>
  <testcase name="GET the winner and verify - 3 Query Parameters #5" classname="User should be able to get the winner" time="0.035"/>
  <testcase name="GET the winner and verify - 3 Query Parameters #6" classname="User should be able to get the winner" time="0.037"/>
  <testcase name="GET the winner and verify - 2 Same Highest Bids - 2 Query Parameters #1" classname="User should be able to get the winner" time="0.031"/>
  <testcase name="GET the winner and verify - 2 Same Highest Bids - 2 Query Parameters #2" classname="User should be able to get the winner" time="0.044"/>
  <testcase name="GET the winner and verify - 2 Same Highest Bids - 2 Query Parameters #3" classname="User should be able to get the winner" time="0.041"/>
  <testcase name="GET the winner and verify - 2 Same Highest Bids - 2 Query Parameters #4" classname="User should be able to get the winner" time="0.038"/>
  <testcase name="GET the winner and verify - 2 Same Highest Bids - 2 Query Parameters #5" classname="User should be able to get the winner" time="0.035"/>
  <testcase name="GET the winner and verify - 2 Same Highest Bids - 2 Query Parameters #6" classname="User should be able to get the winner" time="0.034"/>
  <testcase name="GET the winner and verify - 2 Same Highest Bids - 3 Query Parameters #1" classname="User should be able to get the winner" time="0.026"/>
  <testcase name="GET the winner and verify - 2 Same Highest Bids - 3 Query Parameters #2" classname="User should be able to get the winner" time="0.027"/>
  <testcase name="GET the winner and verify - 2 Same Highest Bids - 3 Query Parameters #3" classname="User should be able to get the winner" time="0.032"/>
  <testcase name="GET the winner and verify - 2 Same Highest Bids - 3 Query Parameters #4" classname="User should be able to get the winner" time="0.039"/>
  <testcase name="GET the winner and verify - 2 Same Highest Bids - 3 Query Parameters #5" classname="User should be able to get the winner" time="0.031"/>
  <testcase name="GET the winner and verify - 2 Same Highest Bids - 3 Query Parameters #6" classname="User should be able to get the winner" time="0.031"/>
  <testcase name="GET the winner and verify - 3 Same Highest Bids - 3 Query Parameters #1" classname="User should be able to get the winner" time="0.032"/>
  <testcase name="GET the winner and verify - 3 Same Highest Bids - 3 Query Parameters #2" classname="User should be able to get the winner" time="0.054"/>
  <testcase name="GET the winner and verify - 2 Same Highest Bids - 2 Query Parameters - Verify Random Selection #1" classname="User should be able to get the winner" time="1.327">
    <failure message="Verify that bidder is chosen randomly as a or b" type="java.lang.AssertionError">java.lang.AssertionError: Verify that bidder is chosen randomly as a or b
</failure>
    <system-out><![CDATA[22:09:26.605 [Finalizer] DEBUG o.a.h.i.conn.DefaultClientConnection - Connection 0.0.0.0:64750<->127.0.0.1:8080 closed
22:09:26.606 [Finalizer] DEBUG o.a.h.i.conn.DefaultClientConnection - Connection 0.0.0.0:64749<->127.0.0.1:8080 closed
22:09:26.606 [Finalizer] DEBUG o.a.h.i.conn.DefaultClientConnection - Connection 0.0.0.0:64748<->127.0.0.1:8080 closed
22:09:26.607 [Finalizer] DEBUG o.a.h.i.conn.DefaultClientConnection - Connection 0.0.0.0:64747<->127.0.0.1:8080 closed
22:09:26.607 [Finalizer] DEBUG o.a.h.i.conn.DefaultClientConnection - Connection 0.0.0.0:64746<->127.0.0.1:8080 closed
22:09:26.609 [Finalizer] DEBUG o.a.h.i.conn.DefaultClientConnection - Connection 0.0.0.0:64745<->127.0.0.1:8080 closed
22:09:26.609 [Finalizer] DEBUG o.a.h.i.conn.DefaultClientConnection - Connection 0.0.0.0:64743<->127.0.0.1:8080 closed
22:09:26.609 [Finalizer] DEBUG o.a.h.i.conn.DefaultClientConnection - Connection 0.0.0.0:64742<->127.0.0.1:8080 closed
22:09:26.611 [Finalizer] DEBUG o.a.h.i.conn.DefaultClientConnection - Connection 0.0.0.0:64741<->127.0.0.1:8080 closed
22:09:26.611 [Finalizer] DEBUG o.a.h.i.conn.DefaultClientConnection - Connection 0.0.0.0:64740<->127.0.0.1:8080 closed
22:09:26.614 [Finalizer] DEBUG o.a.h.i.conn.DefaultClientConnection - Connection 0.0.0.0:64739<->127.0.0.1:8080 closed
22:09:26.615 [Finalizer] DEBUG o.a.h.i.conn.DefaultClientConnection - Connection 0.0.0.0:64738<->127.0.0.1:8080 closed
22:09:26.617 [Finalizer] DEBUG o.a.h.i.conn.DefaultClientConnection - Connection 0.0.0.0:64763<->127.0.0.1:8080 closed
22:09:26.618 [Finalizer] DEBUG o.a.h.i.conn.DefaultClientConnection - Connection 0.0.0.0:64762<->127.0.0.1:8080 closed
22:09:26.621 [Finalizer] DEBUG o.a.h.i.conn.DefaultClientConnection - Connection 0.0.0.0:64761<->127.0.0.1:8080 closed
22:09:26.624 [Finalizer] DEBUG o.a.h.i.conn.DefaultClientConnection - Connection 0.0.0.0:64760<->127.0.0.1:8080 closed
22:09:26.625 [Finalizer] DEBUG o.a.h.i.conn.DefaultClientConnection - Connection 0.0.0.0:64759<->127.0.0.1:8080 closed
22:09:26.628 [Finalizer] DEBUG o.a.h.i.conn.DefaultClientConnection - Connection 0.0.0.0:64758<->127.0.0.1:8080 closed
22:09:26.628 [Finalizer] DEBUG o.a.h.i.conn.DefaultClientConnection - Connection 0.0.0.0:64757<->127.0.0.1:8080 closed
22:09:26.628 [Finalizer] DEBUG o.a.h.i.conn.DefaultClientConnection - Connection 0.0.0.0:64756<->127.0.0.1:8080 closed
22:09:26.628 [Finalizer] DEBUG o.a.h.i.conn.DefaultClientConnection - Connection 0.0.0.0:64755<->127.0.0.1:8080 closed
22:09:26.628 [Finalizer] DEBUG o.a.h.i.conn.DefaultClientConnection - Connection 0.0.0.0:64754<->127.0.0.1:8080 closed
22:09:26.628 [Finalizer] DEBUG o.a.h.i.conn.DefaultClientConnection - Connection 0.0.0.0:64753<->127.0.0.1:8080 closed
22:09:26.628 [Finalizer] DEBUG o.a.h.i.conn.DefaultClientConnection - Connection 0.0.0.0:64752<->127.0.0.1:8080 closed
22:09:26.628 [Finalizer] DEBUG o.a.h.i.conn.DefaultClientConnection - Connection 0.0.0.0:64751<->127.0.0.1:8080 closed
22:09:26.628 [Finalizer] DEBUG o.a.h.i.conn.DefaultClientConnection - Connection 0.0.0.0:64773<->127.0.0.1:8080 closed
22:09:26.629 [Finalizer] DEBUG o.a.h.i.conn.DefaultClientConnection - Connection 0.0.0.0:64772<->127.0.0.1:8080 closed
22:09:26.629 [Finalizer] DEBUG o.a.h.i.conn.DefaultClientConnection - Connection 0.0.0.0:64771<->127.0.0.1:8080 closed
22:09:26.629 [Finalizer] DEBUG o.a.h.i.conn.DefaultClientConnection - Connection 0.0.0.0:64770<->127.0.0.1:8080 closed
22:09:26.629 [Finalizer] DEBUG o.a.h.i.conn.DefaultClientConnection - Connection 0.0.0.0:64769<->127.0.0.1:8080 closed
22:09:26.629 [Finalizer] DEBUG o.a.h.i.conn.DefaultClientConnection - Connection 0.0.0.0:64768<->127.0.0.1:8080 closed
22:09:26.629 [Finalizer] DEBUG o.a.h.i.conn.DefaultClientConnection - Connection 0.0.0.0:64767<->127.0.0.1:8080 closed
22:09:26.629 [Finalizer] DEBUG o.a.h.i.conn.DefaultClientConnection - Connection 0.0.0.0:64766<->127.0.0.1:8080 closed
22:09:26.629 [Finalizer] DEBUG o.a.h.i.conn.DefaultClientConnection - Connection 0.0.0.0:64765<->127.0.0.1:8080 closed
22:09:26.629 [Finalizer] DEBUG o.a.h.i.conn.DefaultClientConnection - Connection 0.0.0.0:64764<->127.0.0.1:8080 closed
22:09:26.634 [main] DEBUG o.a.h.i.c.BasicClientConnectionManager - Get connection for route {}->http://localhost:8080
22:09:26.634 [main] DEBUG o.a.h.i.c.DefaultClientConnectionOperator - Connecting to localhost:8080
22:09:26.635 [main] DEBUG o.a.h.c.protocol.RequestAddCookies - CookieSpec selected: ignoreCookies
22:09:26.635 [main] DEBUG o.a.h.c.protocol.RequestAuthCache - Auth cache not set in the context
22:09:26.635 [main] DEBUG o.a.h.c.p.RequestTargetAuthentication - Target auth state: UNCHALLENGED
22:09:26.635 [main] DEBUG o.a.h.c.p.RequestProxyAuthentication - Proxy auth state: UNCHALLENGED
22:09:26.635 [main] DEBUG o.a.h.impl.client.DefaultHttpClient - Attempt 1 to execute request
22:09:26.635 [main] DEBUG o.a.h.i.conn.DefaultClientConnection - Sending request: GET /1?a=10&b=6 HTTP/1.1
22:09:26.635 [main] DEBUG org.apache.http.wire -  >> "GET /1?a=10&b=6 HTTP/1.1[\r][\n]"
22:09:26.635 [main] DEBUG org.apache.http.wire -  >> "Accept: */*[\r][\n]"
22:09:26.635 [main] DEBUG org.apache.http.wire -  >> "Host: localhost:8080[\r][\n]"
22:09:26.635 [main] DEBUG org.apache.http.wire -  >> "Connection: Keep-Alive[\r][\n]"
22:09:26.635 [main] DEBUG org.apache.http.wire -  >> "User-Agent: Apache-HttpClient/4.5.3 (Java/13.0.5.1)[\r][\n]"
22:09:26.635 [main] DEBUG org.apache.http.wire -  >> "Accept-Encoding: gzip,deflate[\r][\n]"
22:09:26.635 [main] DEBUG org.apache.http.wire -  >> "[\r][\n]"
22:09:26.635 [main] DEBUG org.apache.http.headers - >> GET /1?a=10&b=6 HTTP/1.1
22:09:26.635 [main] DEBUG org.apache.http.headers - >> Accept: */*
22:09:26.635 [main] DEBUG org.apache.http.headers - >> Host: localhost:8080
22:09:26.635 [main] DEBUG org.apache.http.headers - >> Connection: Keep-Alive
22:09:26.635 [main] DEBUG org.apache.http.headers - >> User-Agent: Apache-HttpClient/4.5.3 (Java/13.0.5.1)
22:09:26.635 [main] DEBUG org.apache.http.headers - >> Accept-Encoding: gzip,deflate
22:09:26.655 [main] DEBUG org.apache.http.wire -  << "HTTP/1.1 200 OK[\r][\n]"
22:09:26.656 [main] DEBUG org.apache.http.wire -  << "Server: Apache-Coyote/1.1[\r][\n]"
22:09:26.656 [main] DEBUG org.apache.http.wire -  << "Content-Type: text/plain;charset=UTF-8[\r][\n]"
22:09:26.656 [main] DEBUG org.apache.http.wire -  << "Content-Length: 6[\r][\n]"
22:09:26.656 [main] DEBUG org.apache.http.wire -  << "Date: Sun, 07 Feb 2021 21:09:25 GMT[\r][\n]"
22:09:26.656 [main] DEBUG org.apache.http.wire -  << "[\r][\n]"
22:09:26.656 [main] DEBUG o.a.h.i.conn.DefaultClientConnection - Receiving response: HTTP/1.1 200 OK
22:09:26.656 [main] DEBUG org.apache.http.headers - << HTTP/1.1 200 OK
22:09:26.656 [main] DEBUG org.apache.http.headers - << Server: Apache-Coyote/1.1
22:09:26.656 [main] DEBUG org.apache.http.headers - << Content-Type: text/plain;charset=UTF-8
22:09:26.656 [main] DEBUG org.apache.http.headers - << Content-Length: 6
22:09:26.656 [main] DEBUG org.apache.http.headers - << Date: Sun, 07 Feb 2021 21:09:25 GMT
22:09:26.656 [main] DEBUG o.a.h.impl.client.DefaultHttpClient - Connection can be kept alive indefinitely
22:09:26.656 [main] DEBUG i.r.i.RequestSpecificationImpl$RestAssuredHttpBuilder - Parsing response as: text/plain;charset=UTF-8
22:09:26.656 [main] DEBUG i.r.i.RequestSpecificationImpl$RestAssuredHttpBuilder - Parsed data to instance of: class org.apache.http.conn.EofSensorInputStream
22:09:26.656 [main] DEBUG org.apache.http.wire -  << "a:1500"
22:09:26.657 [main] DEBUG o.a.h.i.c.BasicClientConnectionManager - Releasing connection org.apache.http.impl.conn.ManagedClientConnectionImpl@4bdf
22:09:26.657 [main] DEBUG o.a.h.i.c.BasicClientConnectionManager - Connection can be kept alive indefinitely
22:09:26.662 [main] DEBUG o.a.h.i.c.BasicClientConnectionManager - Get connection for route {}->http://localhost:8080
22:09:26.662 [main] DEBUG o.a.h.i.c.DefaultClientConnectionOperator - Connecting to localhost:8080
22:09:26.664 [main] DEBUG o.a.h.c.protocol.RequestAddCookies - CookieSpec selected: ignoreCookies
22:09:26.664 [main] DEBUG o.a.h.c.protocol.RequestAuthCache - Auth cache not set in the context
22:09:26.664 [main] DEBUG o.a.h.c.p.RequestTargetAuthentication - Target auth state: UNCHALLENGED
22:09:26.664 [main] DEBUG o.a.h.c.p.RequestProxyAuthentication - Proxy auth state: UNCHALLENGED
22:09:26.664 [main] DEBUG o.a.h.impl.client.DefaultHttpClient - Attempt 1 to execute request
22:09:26.664 [main] DEBUG o.a.h.i.conn.DefaultClientConnection - Sending request: GET /1?a=10&b=6 HTTP/1.1
22:09:26.664 [main] DEBUG org.apache.http.wire -  >> "GET /1?a=10&b=6 HTTP/1.1[\r][\n]"
22:09:26.664 [main] DEBUG org.apache.http.wire -  >> "Accept: */*[\r][\n]"
22:09:26.664 [main] DEBUG org.apache.http.wire -  >> "Host: localhost:8080[\r][\n]"
22:09:26.664 [main] DEBUG org.apache.http.wire -  >> "Connection: Keep-Alive[\r][\n]"
22:09:26.664 [main] DEBUG org.apache.http.wire -  >> "User-Agent: Apache-HttpClient/4.5.3 (Java/13.0.5.1)[\r][\n]"
22:09:26.664 [main] DEBUG org.apache.http.wire -  >> "Accept-Encoding: gzip,deflate[\r][\n]"
22:09:26.664 [main] DEBUG org.apache.http.wire -  >> "[\r][\n]"
22:09:26.664 [main] DEBUG org.apache.http.headers - >> GET /1?a=10&b=6 HTTP/1.1
22:09:26.664 [main] DEBUG org.apache.http.headers - >> Accept: */*
22:09:26.664 [main] DEBUG org.apache.http.headers - >> Host: localhost:8080
22:09:26.664 [main] DEBUG org.apache.http.headers - >> Connection: Keep-Alive
22:09:26.664 [main] DEBUG org.apache.http.headers - >> User-Agent: Apache-HttpClient/4.5.3 (Java/13.0.5.1)
22:09:26.664 [main] DEBUG org.apache.http.headers - >> Accept-Encoding: gzip,deflate
22:09:26.682 [main] DEBUG org.apache.http.wire -  << "HTTP/1.1 200 OK[\r][\n]"
22:09:26.683 [main] DEBUG org.apache.http.wire -  << "Server: Apache-Coyote/1.1[\r][\n]"
22:09:26.683 [main] DEBUG org.apache.http.wire -  << "Content-Type: text/plain;charset=UTF-8[\r][\n]"
22:09:26.683 [main] DEBUG org.apache.http.wire -  << "Content-Length: 6[\r][\n]"
22:09:26.683 [main] DEBUG org.apache.http.wire -  << "Date: Sun, 07 Feb 2021 21:09:25 GMT[\r][\n]"
22:09:26.683 [main] DEBUG org.apache.http.wire -  << "[\r][\n]"
22:09:26.683 [main] DEBUG o.a.h.i.conn.DefaultClientConnection - Receiving response: HTTP/1.1 200 OK
22:09:26.683 [main] DEBUG org.apache.http.headers - << HTTP/1.1 200 OK
22:09:26.683 [main] DEBUG org.apache.http.headers - << Server: Apache-Coyote/1.1
22:09:26.683 [main] DEBUG org.apache.http.headers - << Content-Type: text/plain;charset=UTF-8
22:09:26.683 [main] DEBUG org.apache.http.headers - << Content-Length: 6
22:09:26.683 [main] DEBUG org.apache.http.headers - << Date: Sun, 07 Feb 2021 21:09:25 GMT
22:09:26.683 [main] DEBUG o.a.h.impl.client.DefaultHttpClient - Connection can be kept alive indefinitely
22:09:26.683 [main] DEBUG i.r.i.RequestSpecificationImpl$RestAssuredHttpBuilder - Parsing response as: text/plain;charset=UTF-8
22:09:26.683 [main] DEBUG i.r.i.RequestSpecificationImpl$RestAssuredHttpBuilder - Parsed data to instance of: class org.apache.http.conn.EofSensorInputStream
22:09:26.683 [main] DEBUG org.apache.http.wire -  << "a:1500"
22:09:26.684 [main] DEBUG o.a.h.i.c.BasicClientConnectionManager - Releasing connection org.apache.http.impl.conn.ManagedClientConnectionImpl@7a9eccc4
22:09:26.684 [main] DEBUG o.a.h.i.c.BasicClientConnectionManager - Connection can be kept alive indefinitely
22:09:26.689 [main] DEBUG o.a.h.i.c.BasicClientConnectionManager - Get connection for route {}->http://localhost:8080
22:09:26.689 [main] DEBUG o.a.h.i.c.DefaultClientConnectionOperator - Connecting to localhost:8080
22:09:26.689 [main] DEBUG o.a.h.c.protocol.RequestAddCookies - CookieSpec selected: ignoreCookies
22:09:26.689 [main] DEBUG o.a.h.c.protocol.RequestAuthCache - Auth cache not set in the context
22:09:26.689 [main] DEBUG o.a.h.c.p.RequestTargetAuthentication - Target auth state: UNCHALLENGED
22:09:26.689 [main] DEBUG o.a.h.c.p.RequestProxyAuthentication - Proxy auth state: UNCHALLENGED
22:09:26.689 [main] DEBUG o.a.h.impl.client.DefaultHttpClient - Attempt 1 to execute request
22:09:26.689 [main] DEBUG o.a.h.i.conn.DefaultClientConnection - Sending request: GET /1?a=10&b=6 HTTP/1.1
22:09:26.689 [main] DEBUG org.apache.http.wire -  >> "GET /1?a=10&b=6 HTTP/1.1[\r][\n]"
22:09:26.689 [main] DEBUG org.apache.http.wire -  >> "Accept: */*[\r][\n]"
22:09:26.689 [main] DEBUG org.apache.http.wire -  >> "Host: localhost:8080[\r][\n]"
22:09:26.689 [main] DEBUG org.apache.http.wire -  >> "Connection: Keep-Alive[\r][\n]"
22:09:26.689 [main] DEBUG org.apache.http.wire -  >> "User-Agent: Apache-HttpClient/4.5.3 (Java/13.0.5.1)[\r][\n]"
22:09:26.689 [main] DEBUG org.apache.http.wire -  >> "Accept-Encoding: gzip,deflate[\r][\n]"
22:09:26.689 [main] DEBUG org.apache.http.wire -  >> "[\r][\n]"
22:09:26.689 [main] DEBUG org.apache.http.headers - >> GET /1?a=10&b=6 HTTP/1.1
22:09:26.689 [main] DEBUG org.apache.http.headers - >> Accept: */*
22:09:26.689 [main] DEBUG org.apache.http.headers - >> Host: localhost:8080
22:09:26.689 [main] DEBUG org.apache.http.headers - >> Connection: Keep-Alive
22:09:26.689 [main] DEBUG org.apache.http.headers - >> User-Agent: Apache-HttpClient/4.5.3 (Java/13.0.5.1)
22:09:26.689 [main] DEBUG org.apache.http.headers - >> Accept-Encoding: gzip,deflate
22:09:26.706 [main] DEBUG org.apache.http.wire -  << "HTTP/1.1 200 OK[\r][\n]"
22:09:26.707 [main] DEBUG org.apache.http.wire -  << "Server: Apache-Coyote/1.1[\r][\n]"
22:09:26.707 [main] DEBUG org.apache.http.wire -  << "Content-Type: text/plain;charset=UTF-8[\r][\n]"
22:09:26.707 [main] DEBUG org.apache.http.wire -  << "Content-Length: 6[\r][\n]"
22:09:26.707 [main] DEBUG org.apache.http.wire -  << "Date: Sun, 07 Feb 2021 21:09:25 GMT[\r][\n]"
22:09:26.707 [main] DEBUG org.apache.http.wire -  << "[\r][\n]"
22:09:26.707 [main] DEBUG o.a.h.i.conn.DefaultClientConnection - Receiving response: HTTP/1.1 200 OK
22:09:26.707 [main] DEBUG org.apache.http.headers - << HTTP/1.1 200 OK
22:09:26.707 [main] DEBUG org.apache.http.headers - << Server: Apache-Coyote/1.1
22:09:26.707 [main] DEBUG org.apache.http.headers - << Content-Type: text/plain;charset=UTF-8
22:09:26.707 [main] DEBUG org.apache.http.headers - << Content-Length: 6
22:09:26.707 [main] DEBUG org.apache.http.headers - << Date: Sun, 07 Feb 2021 21:09:25 GMT
22:09:26.707 [main] DEBUG o.a.h.impl.client.DefaultHttpClient - Connection can be kept alive indefinitely
22:09:26.707 [main] DEBUG i.r.i.RequestSpecificationImpl$RestAssuredHttpBuilder - Parsing response as: text/plain;charset=UTF-8
22:09:26.707 [main] DEBUG i.r.i.RequestSpecificationImpl$RestAssuredHttpBuilder - Parsed data to instance of: class org.apache.http.conn.EofSensorInputStream
22:09:26.708 [main] DEBUG org.apache.http.wire -  << "a:1500"
22:09:26.708 [main] DEBUG o.a.h.i.c.BasicClientConnectionManager - Releasing connection org.apache.http.impl.conn.ManagedClientConnectionImpl@68e02f33
22:09:26.708 [main] DEBUG o.a.h.i.c.BasicClientConnectionManager - Connection can be kept alive indefinitely
22:09:26.714 [main] DEBUG o.a.h.i.c.BasicClientConnectionManager - Get connection for route {}->http://localhost:8080
22:09:26.714 [main] DEBUG o.a.h.i.c.DefaultClientConnectionOperator - Connecting to localhost:8080
22:09:26.715 [main] DEBUG o.a.h.c.protocol.RequestAddCookies - CookieSpec selected: ignoreCookies
22:09:26.716 [main] DEBUG o.a.h.c.protocol.RequestAuthCache - Auth cache not set in the context
22:09:26.716 [main] DEBUG o.a.h.c.p.RequestTargetAuthentication - Target auth state: UNCHALLENGED
22:09:26.716 [main] DEBUG o.a.h.c.p.RequestProxyAuthentication - Proxy auth state: UNCHALLENGED
22:09:26.716 [main] DEBUG o.a.h.impl.client.DefaultHttpClient - Attempt 1 to execute request
22:09:26.716 [main] DEBUG o.a.h.i.conn.DefaultClientConnection - Sending request: GET /1?a=10&b=6 HTTP/1.1
22:09:26.716 [main] DEBUG org.apache.http.wire -  >> "GET /1?a=10&b=6 HTTP/1.1[\r][\n]"
22:09:26.716 [main] DEBUG org.apache.http.wire -  >> "Accept: */*[\r][\n]"
22:09:26.716 [main] DEBUG org.apache.http.wire -  >> "Host: localhost:8080[\r][\n]"
22:09:26.716 [main] DEBUG org.apache.http.wire -  >> "Connection: Keep-Alive[\r][\n]"
22:09:26.716 [main] DEBUG org.apache.http.wire -  >> "User-Agent: Apache-HttpClient/4.5.3 (Java/13.0.5.1)[\r][\n]"
22:09:26.716 [main] DEBUG org.apache.http.wire -  >> "Accept-Encoding: gzip,deflate[\r][\n]"
22:09:26.716 [main] DEBUG org.apache.http.wire -  >> "[\r][\n]"
22:09:26.716 [main] DEBUG org.apache.http.headers - >> GET /1?a=10&b=6 HTTP/1.1
22:09:26.716 [main] DEBUG org.apache.http.headers - >> Accept: */*
22:09:26.716 [main] DEBUG org.apache.http.headers - >> Host: localhost:8080
22:09:26.716 [main] DEBUG org.apache.http.headers - >> Connection: Keep-Alive
22:09:26.716 [main] DEBUG org.apache.http.headers - >> User-Agent: Apache-HttpClient/4.5.3 (Java/13.0.5.1)
22:09:26.716 [main] DEBUG org.apache.http.headers - >> Accept-Encoding: gzip,deflate
22:09:26.735 [main] DEBUG org.apache.http.wire -  << "HTTP/1.1 200 OK[\r][\n]"
22:09:26.736 [main] DEBUG org.apache.http.wire -  << "Server: Apache-Coyote/1.1[\r][\n]"
22:09:26.736 [main] DEBUG org.apache.http.wire -  << "Content-Type: text/plain;charset=UTF-8[\r][\n]"
22:09:26.736 [main] DEBUG org.apache.http.wire -  << "Content-Length: 6[\r][\n]"
22:09:26.736 [main] DEBUG org.apache.http.wire -  << "Date: Sun, 07 Feb 2021 21:09:25 GMT[\r][\n]"
22:09:26.736 [main] DEBUG org.apache.http.wire -  << "[\r][\n]"
22:09:26.736 [main] DEBUG o.a.h.i.conn.DefaultClientConnection - Receiving response: HTTP/1.1 200 OK
22:09:26.736 [main] DEBUG org.apache.http.headers - << HTTP/1.1 200 OK
22:09:26.736 [main] DEBUG org.apache.http.headers - << Server: Apache-Coyote/1.1
22:09:26.736 [main] DEBUG org.apache.http.headers - << Content-Type: text/plain;charset=UTF-8
22:09:26.736 [main] DEBUG org.apache.http.headers - << Content-Length: 6
22:09:26.736 [main] DEBUG org.apache.http.headers - << Date: Sun, 07 Feb 2021 21:09:25 GMT
22:09:26.736 [main] DEBUG o.a.h.impl.client.DefaultHttpClient - Connection can be kept alive indefinitely
22:09:26.736 [main] DEBUG i.r.i.RequestSpecificationImpl$RestAssuredHttpBuilder - Parsing response as: text/plain;charset=UTF-8
22:09:26.736 [main] DEBUG i.r.i.RequestSpecificationImpl$RestAssuredHttpBuilder - Parsed data to instance of: class org.apache.http.conn.EofSensorInputStream
22:09:26.737 [main] DEBUG org.apache.http.wire -  << "a:1500"
22:09:26.737 [main] DEBUG o.a.h.i.c.BasicClientConnectionManager - Releasing connection org.apache.http.impl.conn.ManagedClientConnectionImpl@7cfac39f
22:09:26.737 [main] DEBUG o.a.h.i.c.BasicClientConnectionManager - Connection can be kept alive indefinitely
22:09:26.742 [main] DEBUG o.a.h.i.c.BasicClientConnectionManager - Get connection for route {}->http://localhost:8080
22:09:26.742 [main] DEBUG o.a.h.i.c.DefaultClientConnectionOperator - Connecting to localhost:8080
22:09:26.743 [main] DEBUG o.a.h.c.protocol.RequestAddCookies - CookieSpec selected: ignoreCookies
22:09:26.743 [main] DEBUG o.a.h.c.protocol.RequestAuthCache - Auth cache not set in the context
22:09:26.743 [main] DEBUG o.a.h.c.p.RequestTargetAuthentication - Target auth state: UNCHALLENGED
22:09:26.743 [main] DEBUG o.a.h.c.p.RequestProxyAuthentication - Proxy auth state: UNCHALLENGED
22:09:26.743 [main] DEBUG o.a.h.impl.client.DefaultHttpClient - Attempt 1 to execute request
22:09:26.743 [main] DEBUG o.a.h.i.conn.DefaultClientConnection - Sending request: GET /1?a=10&b=6 HTTP/1.1
22:09:26.743 [main] DEBUG org.apache.http.wire -  >> "GET /1?a=10&b=6 HTTP/1.1[\r][\n]"
22:09:26.743 [main] DEBUG org.apache.http.wire -  >> "Accept: */*[\r][\n]"
22:09:26.743 [main] DEBUG org.apache.http.wire -  >> "Host: localhost:8080[\r][\n]"
22:09:26.743 [main] DEBUG org.apache.http.wire -  >> "Connection: Keep-Alive[\r][\n]"
22:09:26.743 [main] DEBUG org.apache.http.wire -  >> "User-Agent: Apache-HttpClient/4.5.3 (Java/13.0.5.1)[\r][\n]"
22:09:26.743 [main] DEBUG org.apache.http.wire -  >> "Accept-Encoding: gzip,deflate[\r][\n]"
22:09:26.743 [main] DEBUG org.apache.http.wire -  >> "[\r][\n]"
22:09:26.744 [main] DEBUG org.apache.http.headers - >> GET /1?a=10&b=6 HTTP/1.1
22:09:26.744 [main] DEBUG org.apache.http.headers - >> Accept: */*
22:09:26.744 [main] DEBUG org.apache.http.headers - >> Host: localhost:8080
22:09:26.744 [main] DEBUG org.apache.http.headers - >> Connection: Keep-Alive
22:09:26.744 [main] DEBUG org.apache.http.headers - >> User-Agent: Apache-HttpClient/4.5.3 (Java/13.0.5.1)
22:09:26.744 [main] DEBUG org.apache.http.headers - >> Accept-Encoding: gzip,deflate
22:09:26.772 [main] DEBUG org.apache.http.wire -  << "HTTP/1.1 200 OK[\r][\n]"
22:09:26.772 [main] DEBUG org.apache.http.wire -  << "Server: Apache-Coyote/1.1[\r][\n]"
22:09:26.772 [main] DEBUG org.apache.http.wire -  << "Content-Type: text/plain;charset=UTF-8[\r][\n]"
22:09:26.772 [main] DEBUG org.apache.http.wire -  << "Content-Length: 6[\r][\n]"
22:09:26.772 [main] DEBUG org.apache.http.wire -  << "Date: Sun, 07 Feb 2021 21:09:25 GMT[\r][\n]"
22:09:26.772 [main] DEBUG org.apache.http.wire -  << "[\r][\n]"
22:09:26.772 [main] DEBUG o.a.h.i.conn.DefaultClientConnection - Receiving response: HTTP/1.1 200 OK
22:09:26.772 [main] DEBUG org.apache.http.headers - << HTTP/1.1 200 OK
22:09:26.772 [main] DEBUG org.apache.http.headers - << Server: Apache-Coyote/1.1
22:09:26.772 [main] DEBUG org.apache.http.headers - << Content-Type: text/plain;charset=UTF-8
22:09:26.772 [main] DEBUG org.apache.http.headers - << Content-Length: 6
22:09:26.772 [main] DEBUG org.apache.http.headers - << Date: Sun, 07 Feb 2021 21:09:25 GMT
22:09:26.772 [main] DEBUG o.a.h.impl.client.DefaultHttpClient - Connection can be kept alive indefinitely
22:09:26.772 [main] DEBUG i.r.i.RequestSpecificationImpl$RestAssuredHttpBuilder - Parsing response as: text/plain;charset=UTF-8
22:09:26.772 [main] DEBUG i.r.i.RequestSpecificationImpl$RestAssuredHttpBuilder - Parsed data to instance of: class org.apache.http.conn.EofSensorInputStream
22:09:26.773 [main] DEBUG org.apache.http.wire -  << "a:1500"
22:09:26.773 [main] DEBUG o.a.h.i.c.BasicClientConnectionManager - Releasing connection org.apache.http.impl.conn.ManagedClientConnectionImpl@1a256d80
22:09:26.773 [main] DEBUG o.a.h.i.c.BasicClientConnectionManager - Connection can be kept alive indefinitely
22:09:26.783 [main] DEBUG o.a.h.i.c.BasicClientConnectionManager - Get connection for route {}->http://localhost:8080
22:09:26.783 [main] DEBUG o.a.h.i.c.DefaultClientConnectionOperator - Connecting to localhost:8080
22:09:26.784 [main] DEBUG o.a.h.c.protocol.RequestAddCookies - CookieSpec selected: ignoreCookies
22:09:26.784 [main] DEBUG o.a.h.c.protocol.RequestAuthCache - Auth cache not set in the context
22:09:26.784 [main] DEBUG o.a.h.c.p.RequestTargetAuthentication - Target auth state: UNCHALLENGED
22:09:26.784 [main] DEBUG o.a.h.c.p.RequestProxyAuthentication - Proxy auth state: UNCHALLENGED
22:09:26.784 [main] DEBUG o.a.h.impl.client.DefaultHttpClient - Attempt 1 to execute request
22:09:26.784 [main] DEBUG o.a.h.i.conn.DefaultClientConnection - Sending request: GET /1?a=10&b=6 HTTP/1.1
22:09:26.784 [main] DEBUG org.apache.http.wire -  >> "GET /1?a=10&b=6 HTTP/1.1[\r][\n]"
22:09:26.784 [main] DEBUG org.apache.http.wire -  >> "Accept: */*[\r][\n]"
22:09:26.784 [main] DEBUG org.apache.http.wire -  >> "Host: localhost:8080[\r][\n]"
22:09:26.784 [main] DEBUG org.apache.http.wire -  >> "Connection: Keep-Alive[\r][\n]"
22:09:26.785 [main] DEBUG org.apache.http.wire -  >> "User-Agent: Apache-HttpClient/4.5.3 (Java/13.0.5.1)[\r][\n]"
22:09:26.785 [main] DEBUG org.apache.http.wire -  >> "Accept-Encoding: gzip,deflate[\r][\n]"
22:09:26.785 [main] DEBUG org.apache.http.wire -  >> "[\r][\n]"
22:09:26.785 [main] DEBUG org.apache.http.headers - >> GET /1?a=10&b=6 HTTP/1.1
22:09:26.785 [main] DEBUG org.apache.http.headers - >> Accept: */*
22:09:26.785 [main] DEBUG org.apache.http.headers - >> Host: localhost:8080
22:09:26.785 [main] DEBUG org.apache.http.headers - >> Connection: Keep-Alive
22:09:26.785 [main] DEBUG org.apache.http.headers - >> User-Agent: Apache-HttpClient/4.5.3 (Java/13.0.5.1)
22:09:26.785 [main] DEBUG org.apache.http.headers - >> Accept-Encoding: gzip,deflate
22:09:26.814 [main] DEBUG org.apache.http.wire -  << "HTTP/1.1 200 OK[\r][\n]"
22:09:26.814 [main] DEBUG org.apache.http.wire -  << "Server: Apache-Coyote/1.1[\r][\n]"
22:09:26.814 [main] DEBUG org.apache.http.wire -  << "Content-Type: text/plain;charset=UTF-8[\r][\n]"
22:09:26.814 [main] DEBUG org.apache.http.wire -  << "Content-Length: 6[\r][\n]"
22:09:26.814 [main] DEBUG org.apache.http.wire -  << "Date: Sun, 07 Feb 2021 21:09:25 GMT[\r][\n]"
22:09:26.814 [main] DEBUG org.apache.http.wire -  << "[\r][\n]"
22:09:26.814 [main] DEBUG o.a.h.i.conn.DefaultClientConnection - Receiving response: HTTP/1.1 200 OK
22:09:26.814 [main] DEBUG org.apache.http.headers - << HTTP/1.1 200 OK
22:09:26.814 [main] DEBUG org.apache.http.headers - << Server: Apache-Coyote/1.1
22:09:26.814 [main] DEBUG org.apache.http.headers - << Content-Type: text/plain;charset=UTF-8
22:09:26.814 [main] DEBUG org.apache.http.headers - << Content-Length: 6
22:09:26.814 [main] DEBUG org.apache.http.headers - << Date: Sun, 07 Feb 2021 21:09:25 GMT
22:09:26.814 [main] DEBUG o.a.h.impl.client.DefaultHttpClient - Connection can be kept alive indefinitely
22:09:26.815 [main] DEBUG i.r.i.RequestSpecificationImpl$RestAssuredHttpBuilder - Parsing response as: text/plain;charset=UTF-8
22:09:26.815 [main] DEBUG i.r.i.RequestSpecificationImpl$RestAssuredHttpBuilder - Parsed data to instance of: class org.apache.http.conn.EofSensorInputStream
22:09:26.815 [main] DEBUG org.apache.http.wire -  << "a:1500"
22:09:26.815 [main] DEBUG o.a.h.i.c.BasicClientConnectionManager - Releasing connection org.apache.http.impl.conn.ManagedClientConnectionImpl@7885776b
22:09:26.815 [main] DEBUG o.a.h.i.c.BasicClientConnectionManager - Connection can be kept alive indefinitely
22:09:26.820 [main] DEBUG o.a.h.i.c.BasicClientConnectionManager - Get connection for route {}->http://localhost:8080
22:09:26.820 [main] DEBUG o.a.h.i.c.DefaultClientConnectionOperator - Connecting to localhost:8080
22:09:26.821 [main] DEBUG o.a.h.c.protocol.RequestAddCookies - CookieSpec selected: ignoreCookies
22:09:26.821 [main] DEBUG o.a.h.c.protocol.RequestAuthCache - Auth cache not set in the context
22:09:26.821 [main] DEBUG o.a.h.c.p.RequestTargetAuthentication - Target auth state: UNCHALLENGED
22:09:26.821 [main] DEBUG o.a.h.c.p.RequestProxyAuthentication - Proxy auth state: UNCHALLENGED
22:09:26.821 [main] DEBUG o.a.h.impl.client.DefaultHttpClient - Attempt 1 to execute request
22:09:26.822 [main] DEBUG o.a.h.i.conn.DefaultClientConnection - Sending request: GET /1?a=10&b=6 HTTP/1.1
22:09:26.822 [main] DEBUG org.apache.http.wire -  >> "GET /1?a=10&b=6 HTTP/1.1[\r][\n]"
22:09:26.822 [main] DEBUG org.apache.http.wire -  >> "Accept: */*[\r][\n]"
22:09:26.822 [main] DEBUG org.apache.http.wire -  >> "Host: localhost:8080[\r][\n]"
22:09:26.822 [main] DEBUG org.apache.http.wire -  >> "Connection: Keep-Alive[\r][\n]"
22:09:26.822 [main] DEBUG org.apache.http.wire -  >> "User-Agent: Apache-HttpClient/4.5.3 (Java/13.0.5.1)[\r][\n]"
22:09:26.822 [main] DEBUG org.apache.http.wire -  >> "Accept-Encoding: gzip,deflate[\r][\n]"
22:09:26.822 [main] DEBUG org.apache.http.wire -  >> "[\r][\n]"
22:09:26.822 [main] DEBUG org.apache.http.headers - >> GET /1?a=10&b=6 HTTP/1.1
22:09:26.822 [main] DEBUG org.apache.http.headers - >> Accept: */*
22:09:26.822 [main] DEBUG org.apache.http.headers - >> Host: localhost:8080
22:09:26.822 [main] DEBUG org.apache.http.headers - >> Connection: Keep-Alive
22:09:26.822 [main] DEBUG org.apache.http.headers - >> User-Agent: Apache-HttpClient/4.5.3 (Java/13.0.5.1)
22:09:26.822 [main] DEBUG org.apache.http.headers - >> Accept-Encoding: gzip,deflate
22:09:26.853 [main] DEBUG org.apache.http.wire -  << "HTTP/1.1 200 OK[\r][\n]"
22:09:26.853 [main] DEBUG org.apache.http.wire -  << "Server: Apache-Coyote/1.1[\r][\n]"
22:09:26.853 [main] DEBUG org.apache.http.wire -  << "Content-Type: text/plain;charset=UTF-8[\r][\n]"
22:09:26.853 [main] DEBUG org.apache.http.wire -  << "Content-Length: 6[\r][\n]"
22:09:26.853 [main] DEBUG org.apache.http.wire -  << "Date: Sun, 07 Feb 2021 21:09:25 GMT[\r][\n]"
22:09:26.853 [main] DEBUG org.apache.http.wire -  << "[\r][\n]"
22:09:26.853 [main] DEBUG o.a.h.i.conn.DefaultClientConnection - Receiving response: HTTP/1.1 200 OK
22:09:26.853 [main] DEBUG org.apache.http.headers - << HTTP/1.1 200 OK
22:09:26.853 [main] DEBUG org.apache.http.headers - << Server: Apache-Coyote/1.1
22:09:26.853 [main] DEBUG org.apache.http.headers - << Content-Type: text/plain;charset=UTF-8
22:09:26.853 [main] DEBUG org.apache.http.headers - << Content-Length: 6
22:09:26.853 [main] DEBUG org.apache.http.headers - << Date: Sun, 07 Feb 2021 21:09:25 GMT
22:09:26.853 [main] DEBUG o.a.h.impl.client.DefaultHttpClient - Connection can be kept alive indefinitely
22:09:26.853 [main] DEBUG i.r.i.RequestSpecificationImpl$RestAssuredHttpBuilder - Parsing response as: text/plain;charset=UTF-8
22:09:26.853 [main] DEBUG i.r.i.RequestSpecificationImpl$RestAssuredHttpBuilder - Parsed data to instance of: class org.apache.http.conn.EofSensorInputStream
22:09:26.854 [main] DEBUG org.apache.http.wire -  << "a:1500"
22:09:26.854 [main] DEBUG o.a.h.i.c.BasicClientConnectionManager - Releasing connection org.apache.http.impl.conn.ManagedClientConnectionImpl@69d3cf7e
22:09:26.854 [main] DEBUG o.a.h.i.c.BasicClientConnectionManager - Connection can be kept alive indefinitely
22:09:26.861 [main] DEBUG o.a.h.i.c.BasicClientConnectionManager - Get connection for route {}->http://localhost:8080
22:09:26.861 [main] DEBUG o.a.h.i.c.DefaultClientConnectionOperator - Connecting to localhost:8080
22:09:26.862 [main] DEBUG o.a.h.c.protocol.RequestAddCookies - CookieSpec selected: ignoreCookies
22:09:26.862 [main] DEBUG o.a.h.c.protocol.RequestAuthCache - Auth cache not set in the context
22:09:26.862 [main] DEBUG o.a.h.c.p.RequestTargetAuthentication - Target auth state: UNCHALLENGED
22:09:26.862 [main] DEBUG o.a.h.c.p.RequestProxyAuthentication - Proxy auth state: UNCHALLENGED
22:09:26.862 [main] DEBUG o.a.h.impl.client.DefaultHttpClient - Attempt 1 to execute request
22:09:26.862 [main] DEBUG o.a.h.i.conn.DefaultClientConnection - Sending request: GET /1?a=10&b=6 HTTP/1.1
22:09:26.862 [main] DEBUG org.apache.http.wire -  >> "GET /1?a=10&b=6 HTTP/1.1[\r][\n]"
22:09:26.862 [main] DEBUG org.apache.http.wire -  >> "Accept: */*[\r][\n]"
22:09:26.862 [main] DEBUG org.apache.http.wire -  >> "Host: localhost:8080[\r][\n]"
22:09:26.862 [main] DEBUG org.apache.http.wire -  >> "Connection: Keep-Alive[\r][\n]"
22:09:26.862 [main] DEBUG org.apache.http.wire -  >> "User-Agent: Apache-HttpClient/4.5.3 (Java/13.0.5.1)[\r][\n]"
22:09:26.862 [main] DEBUG org.apache.http.wire -  >> "Accept-Encoding: gzip,deflate[\r][\n]"
22:09:26.862 [main] DEBUG org.apache.http.wire -  >> "[\r][\n]"
22:09:26.862 [main] DEBUG org.apache.http.headers - >> GET /1?a=10&b=6 HTTP/1.1
22:09:26.862 [main] DEBUG org.apache.http.headers - >> Accept: */*
22:09:26.862 [main] DEBUG org.apache.http.headers - >> Host: localhost:8080
22:09:26.862 [main] DEBUG org.apache.http.headers - >> Connection: Keep-Alive
22:09:26.862 [main] DEBUG org.apache.http.headers - >> User-Agent: Apache-HttpClient/4.5.3 (Java/13.0.5.1)
22:09:26.862 [main] DEBUG org.apache.http.headers - >> Accept-Encoding: gzip,deflate
22:09:26.881 [main] DEBUG org.apache.http.wire -  << "HTTP/1.1 200 OK[\r][\n]"
22:09:26.882 [main] DEBUG org.apache.http.wire -  << "Server: Apache-Coyote/1.1[\r][\n]"
22:09:26.882 [main] DEBUG org.apache.http.wire -  << "Content-Type: text/plain;charset=UTF-8[\r][\n]"
22:09:26.882 [main] DEBUG org.apache.http.wire -  << "Content-Length: 6[\r][\n]"
22:09:26.882 [main] DEBUG org.apache.http.wire -  << "Date: Sun, 07 Feb 2021 21:09:25 GMT[\r][\n]"
22:09:26.882 [main] DEBUG org.apache.http.wire -  << "[\r][\n]"
22:09:26.882 [main] DEBUG o.a.h.i.conn.DefaultClientConnection - Receiving response: HTTP/1.1 200 OK
22:09:26.882 [main] DEBUG org.apache.http.headers - << HTTP/1.1 200 OK
22:09:26.882 [main] DEBUG org.apache.http.headers - << Server: Apache-Coyote/1.1
22:09:26.882 [main] DEBUG org.apache.http.headers - << Content-Type: text/plain;charset=UTF-8
22:09:26.882 [main] DEBUG org.apache.http.headers - << Content-Length: 6
22:09:26.882 [main] DEBUG org.apache.http.headers - << Date: Sun, 07 Feb 2021 21:09:25 GMT
22:09:26.882 [main] DEBUG o.a.h.impl.client.DefaultHttpClient - Connection can be kept alive indefinitely
22:09:26.883 [main] DEBUG i.r.i.RequestSpecificationImpl$RestAssuredHttpBuilder - Parsing response as: text/plain;charset=UTF-8
22:09:26.883 [main] DEBUG i.r.i.RequestSpecificationImpl$RestAssuredHttpBuilder - Parsed data to instance of: class org.apache.http.conn.EofSensorInputStream
22:09:26.883 [main] DEBUG org.apache.http.wire -  << "a:1500"
22:09:26.883 [main] DEBUG o.a.h.i.c.BasicClientConnectionManager - Releasing connection org.apache.http.impl.conn.ManagedClientConnectionImpl@39f5b723
22:09:26.883 [main] DEBUG o.a.h.i.c.BasicClientConnectionManager - Connection can be kept alive indefinitely
22:09:26.887 [main] DEBUG o.a.h.i.c.BasicClientConnectionManager - Get connection for route {}->http://localhost:8080
22:09:26.887 [main] DEBUG o.a.h.i.c.DefaultClientConnectionOperator - Connecting to localhost:8080
22:09:26.888 [main] DEBUG o.a.h.c.protocol.RequestAddCookies - CookieSpec selected: ignoreCookies
22:09:26.888 [main] DEBUG o.a.h.c.protocol.RequestAuthCache - Auth cache not set in the context
22:09:26.888 [main] DEBUG o.a.h.c.p.RequestTargetAuthentication - Target auth state: UNCHALLENGED
22:09:26.888 [main] DEBUG o.a.h.c.p.RequestProxyAuthentication - Proxy auth state: UNCHALLENGED
22:09:26.888 [main] DEBUG o.a.h.impl.client.DefaultHttpClient - Attempt 1 to execute request
22:09:26.888 [main] DEBUG o.a.h.i.conn.DefaultClientConnection - Sending request: GET /1?a=10&b=6 HTTP/1.1
22:09:26.888 [main] DEBUG org.apache.http.wire -  >> "GET /1?a=10&b=6 HTTP/1.1[\r][\n]"
22:09:26.888 [main] DEBUG org.apache.http.wire -  >> "Accept: */*[\r][\n]"
22:09:26.888 [main] DEBUG org.apache.http.wire -  >> "Host: localhost:8080[\r][\n]"
22:09:26.888 [main] DEBUG org.apache.http.wire -  >> "Connection: Keep-Alive[\r][\n]"
22:09:26.888 [main] DEBUG org.apache.http.wire -  >> "User-Agent: Apache-HttpClient/4.5.3 (Java/13.0.5.1)[\r][\n]"
22:09:26.888 [main] DEBUG org.apache.http.wire -  >> "Accept-Encoding: gzip,deflate[\r][\n]"
22:09:26.889 [main] DEBUG org.apache.http.wire -  >> "[\r][\n]"
22:09:26.889 [main] DEBUG org.apache.http.headers - >> GET /1?a=10&b=6 HTTP/1.1
22:09:26.889 [main] DEBUG org.apache.http.headers - >> Accept: */*
22:09:26.889 [main] DEBUG org.apache.http.headers - >> Host: localhost:8080
22:09:26.889 [main] DEBUG org.apache.http.headers - >> Connection: Keep-Alive
22:09:26.889 [main] DEBUG org.apache.http.headers - >> User-Agent: Apache-HttpClient/4.5.3 (Java/13.0.5.1)
22:09:26.889 [main] DEBUG org.apache.http.headers - >> Accept-Encoding: gzip,deflate
22:09:26.906 [main] DEBUG org.apache.http.wire -  << "HTTP/1.1 200 OK[\r][\n]"
22:09:26.906 [main] DEBUG org.apache.http.wire -  << "Server: Apache-Coyote/1.1[\r][\n]"
22:09:26.906 [main] DEBUG org.apache.http.wire -  << "Content-Type: text/plain;charset=UTF-8[\r][\n]"
22:09:26.906 [main] DEBUG org.apache.http.wire -  << "Content-Length: 6[\r][\n]"
22:09:26.906 [main] DEBUG org.apache.http.wire -  << "Date: Sun, 07 Feb 2021 21:09:25 GMT[\r][\n]"
22:09:26.906 [main] DEBUG org.apache.http.wire -  << "[\r][\n]"
22:09:26.906 [main] DEBUG o.a.h.i.conn.DefaultClientConnection - Receiving response: HTTP/1.1 200 OK
22:09:26.906 [main] DEBUG org.apache.http.headers - << HTTP/1.1 200 OK
22:09:26.906 [main] DEBUG org.apache.http.headers - << Server: Apache-Coyote/1.1
22:09:26.906 [main] DEBUG org.apache.http.headers - << Content-Type: text/plain;charset=UTF-8
22:09:26.906 [main] DEBUG org.apache.http.headers - << Content-Length: 6
22:09:26.906 [main] DEBUG org.apache.http.headers - << Date: Sun, 07 Feb 2021 21:09:25 GMT
22:09:26.907 [main] DEBUG o.a.h.impl.client.DefaultHttpClient - Connection can be kept alive indefinitely
22:09:26.907 [main] DEBUG i.r.i.RequestSpecificationImpl$RestAssuredHttpBuilder - Parsing response as: text/plain;charset=UTF-8
22:09:26.907 [main] DEBUG i.r.i.RequestSpecificationImpl$RestAssuredHttpBuilder - Parsed data to instance of: class org.apache.http.conn.EofSensorInputStream
22:09:26.907 [main] DEBUG org.apache.http.wire -  << "a:1500"
22:09:26.907 [main] DEBUG o.a.h.i.c.BasicClientConnectionManager - Releasing connection org.apache.http.impl.conn.ManagedClientConnectionImpl@3af58f76
22:09:26.907 [main] DEBUG o.a.h.i.c.BasicClientConnectionManager - Connection can be kept alive indefinitely
22:09:26.910 [main] DEBUG o.a.h.i.c.BasicClientConnectionManager - Get connection for route {}->http://localhost:8080
22:09:26.911 [main] DEBUG o.a.h.i.c.DefaultClientConnectionOperator - Connecting to localhost:8080
22:09:26.912 [main] DEBUG o.a.h.c.protocol.RequestAddCookies - CookieSpec selected: ignoreCookies
22:09:26.912 [main] DEBUG o.a.h.c.protocol.RequestAuthCache - Auth cache not set in the context
22:09:26.912 [main] DEBUG o.a.h.c.p.RequestTargetAuthentication - Target auth state: UNCHALLENGED
22:09:26.912 [main] DEBUG o.a.h.c.p.RequestProxyAuthentication - Proxy auth state: UNCHALLENGED
22:09:26.912 [main] DEBUG o.a.h.impl.client.DefaultHttpClient - Attempt 1 to execute request
22:09:26.912 [main] DEBUG o.a.h.i.conn.DefaultClientConnection - Sending request: GET /1?a=10&b=6 HTTP/1.1
22:09:26.913 [main] DEBUG org.apache.http.wire -  >> "GET /1?a=10&b=6 HTTP/1.1[\r][\n]"
22:09:26.913 [main] DEBUG org.apache.http.wire -  >> "Accept: */*[\r][\n]"
22:09:26.913 [main] DEBUG org.apache.http.wire -  >> "Host: localhost:8080[\r][\n]"
22:09:26.913 [main] DEBUG org.apache.http.wire -  >> "Connection: Keep-Alive[\r][\n]"
22:09:26.913 [main] DEBUG org.apache.http.wire -  >> "User-Agent: Apache-HttpClient/4.5.3 (Java/13.0.5.1)[\r][\n]"
22:09:26.913 [main] DEBUG org.apache.http.wire -  >> "Accept-Encoding: gzip,deflate[\r][\n]"
22:09:26.913 [main] DEBUG org.apache.http.wire -  >> "[\r][\n]"
22:09:26.913 [main] DEBUG org.apache.http.headers - >> GET /1?a=10&b=6 HTTP/1.1
22:09:26.913 [main] DEBUG org.apache.http.headers - >> Accept: */*
22:09:26.913 [main] DEBUG org.apache.http.headers - >> Host: localhost:8080
22:09:26.913 [main] DEBUG org.apache.http.headers - >> Connection: Keep-Alive
22:09:26.913 [main] DEBUG org.apache.http.headers - >> User-Agent: Apache-HttpClient/4.5.3 (Java/13.0.5.1)
22:09:26.913 [main] DEBUG org.apache.http.headers - >> Accept-Encoding: gzip,deflate
22:09:26.931 [main] DEBUG org.apache.http.wire -  << "HTTP/1.1 200 OK[\r][\n]"
22:09:26.932 [main] DEBUG org.apache.http.wire -  << "Server: Apache-Coyote/1.1[\r][\n]"
22:09:26.932 [main] DEBUG org.apache.http.wire -  << "Content-Type: text/plain;charset=UTF-8[\r][\n]"
22:09:26.932 [main] DEBUG org.apache.http.wire -  << "Content-Length: 6[\r][\n]"
22:09:26.932 [main] DEBUG org.apache.http.wire -  << "Date: Sun, 07 Feb 2021 21:09:25 GMT[\r][\n]"
22:09:26.932 [main] DEBUG org.apache.http.wire -  << "[\r][\n]"
22:09:26.932 [main] DEBUG o.a.h.i.conn.DefaultClientConnection - Receiving response: HTTP/1.1 200 OK
22:09:26.932 [main] DEBUG org.apache.http.headers - << HTTP/1.1 200 OK
22:09:26.932 [main] DEBUG org.apache.http.headers - << Server: Apache-Coyote/1.1
22:09:26.932 [main] DEBUG org.apache.http.headers - << Content-Type: text/plain;charset=UTF-8
22:09:26.932 [main] DEBUG org.apache.http.headers - << Content-Length: 6
22:09:26.932 [main] DEBUG org.apache.http.headers - << Date: Sun, 07 Feb 2021 21:09:25 GMT
22:09:26.932 [main] DEBUG o.a.h.impl.client.DefaultHttpClient - Connection can be kept alive indefinitely
22:09:26.932 [main] DEBUG i.r.i.RequestSpecificationImpl$RestAssuredHttpBuilder - Parsing response as: text/plain;charset=UTF-8
22:09:26.932 [main] DEBUG i.r.i.RequestSpecificationImpl$RestAssuredHttpBuilder - Parsed data to instance of: class org.apache.http.conn.EofSensorInputStream
22:09:26.932 [main] DEBUG org.apache.http.wire -  << "a:1500"
22:09:26.932 [main] DEBUG o.a.h.i.c.BasicClientConnectionManager - Releasing connection org.apache.http.impl.conn.ManagedClientConnectionImpl@31b82e0f
22:09:26.932 [main] DEBUG o.a.h.i.c.BasicClientConnectionManager - Connection can be kept alive indefinitely
22:09:26.935 [main] DEBUG o.a.h.i.c.BasicClientConnectionManager - Get connection for route {}->http://localhost:8080
22:09:26.935 [main] DEBUG o.a.h.i.c.DefaultClientConnectionOperator - Connecting to localhost:8080
22:09:26.936 [main] DEBUG o.a.h.c.protocol.RequestAddCookies - CookieSpec selected: ignoreCookies
22:09:26.936 [main] DEBUG o.a.h.c.protocol.RequestAuthCache - Auth cache not set in the context
22:09:26.936 [main] DEBUG o.a.h.c.p.RequestTargetAuthentication - Target auth state: UNCHALLENGED
22:09:26.936 [main] DEBUG o.a.h.c.p.RequestProxyAuthentication - Proxy auth state: UNCHALLENGED
22:09:26.936 [main] DEBUG o.a.h.impl.client.DefaultHttpClient - Attempt 1 to execute request
22:09:26.936 [main] DEBUG o.a.h.i.conn.DefaultClientConnection - Sending request: GET /1?a=10&b=6 HTTP/1.1
22:09:26.936 [main] DEBUG org.apache.http.wire -  >> "GET /1?a=10&b=6 HTTP/1.1[\r][\n]"
22:09:26.936 [main] DEBUG org.apache.http.wire -  >> "Accept: */*[\r][\n]"
22:09:26.936 [main] DEBUG org.apache.http.wire -  >> "Host: localhost:8080[\r][\n]"
22:09:26.936 [main] DEBUG org.apache.http.wire -  >> "Connection: Keep-Alive[\r][\n]"
22:09:26.936 [main] DEBUG org.apache.http.wire -  >> "User-Agent: Apache-HttpClient/4.5.3 (Java/13.0.5.1)[\r][\n]"
22:09:26.936 [main] DEBUG org.apache.http.wire -  >> "Accept-Encoding: gzip,deflate[\r][\n]"
22:09:26.936 [main] DEBUG org.apache.http.wire -  >> "[\r][\n]"
22:09:26.936 [main] DEBUG org.apache.http.headers - >> GET /1?a=10&b=6 HTTP/1.1
22:09:26.936 [main] DEBUG org.apache.http.headers - >> Accept: */*
22:09:26.936 [main] DEBUG org.apache.http.headers - >> Host: localhost:8080
22:09:26.936 [main] DEBUG org.apache.http.headers - >> Connection: Keep-Alive
22:09:26.936 [main] DEBUG org.apache.http.headers - >> User-Agent: Apache-HttpClient/4.5.3 (Java/13.0.5.1)
22:09:26.936 [main] DEBUG org.apache.http.headers - >> Accept-Encoding: gzip,deflate
22:09:26.956 [main] DEBUG org.apache.http.wire -  << "HTTP/1.1 200 OK[\r][\n]"
22:09:26.956 [main] DEBUG org.apache.http.wire -  << "Server: Apache-Coyote/1.1[\r][\n]"
22:09:26.956 [main] DEBUG org.apache.http.wire -  << "Content-Type: text/plain;charset=UTF-8[\r][\n]"
22:09:26.956 [main] DEBUG org.apache.http.wire -  << "Content-Length: 6[\r][\n]"
22:09:26.956 [main] DEBUG org.apache.http.wire -  << "Date: Sun, 07 Feb 2021 21:09:25 GMT[\r][\n]"
22:09:26.956 [main] DEBUG org.apache.http.wire -  << "[\r][\n]"
22:09:26.956 [main] DEBUG o.a.h.i.conn.DefaultClientConnection - Receiving response: HTTP/1.1 200 OK
22:09:26.956 [main] DEBUG org.apache.http.headers - << HTTP/1.1 200 OK
22:09:26.956 [main] DEBUG org.apache.http.headers - << Server: Apache-Coyote/1.1
22:09:26.956 [main] DEBUG org.apache.http.headers - << Content-Type: text/plain;charset=UTF-8
22:09:26.956 [main] DEBUG org.apache.http.headers - << Content-Length: 6
22:09:26.956 [main] DEBUG org.apache.http.headers - << Date: Sun, 07 Feb 2021 21:09:25 GMT
22:09:26.957 [main] DEBUG o.a.h.impl.client.DefaultHttpClient - Connection can be kept alive indefinitely
22:09:26.957 [main] DEBUG i.r.i.RequestSpecificationImpl$RestAssuredHttpBuilder - Parsing response as: text/plain;charset=UTF-8
22:09:26.957 [main] DEBUG i.r.i.RequestSpecificationImpl$RestAssuredHttpBuilder - Parsed data to instance of: class org.apache.http.conn.EofSensorInputStream
22:09:26.957 [main] DEBUG org.apache.http.wire -  << "a:1500"
22:09:26.957 [main] DEBUG o.a.h.i.c.BasicClientConnectionManager - Releasing connection org.apache.http.impl.conn.ManagedClientConnectionImpl@46dcbeab
22:09:26.957 [main] DEBUG o.a.h.i.c.BasicClientConnectionManager - Connection can be kept alive indefinitely
22:09:26.961 [main] DEBUG o.a.h.i.c.BasicClientConnectionManager - Get connection for route {}->http://localhost:8080
22:09:26.961 [main] DEBUG o.a.h.i.c.DefaultClientConnectionOperator - Connecting to localhost:8080
22:09:26.962 [main] DEBUG o.a.h.c.protocol.RequestAddCookies - CookieSpec selected: ignoreCookies
22:09:26.962 [main] DEBUG o.a.h.c.protocol.RequestAuthCache - Auth cache not set in the context
22:09:26.962 [main] DEBUG o.a.h.c.p.RequestTargetAuthentication - Target auth state: UNCHALLENGED
22:09:26.962 [main] DEBUG o.a.h.c.p.RequestProxyAuthentication - Proxy auth state: UNCHALLENGED
22:09:26.962 [main] DEBUG o.a.h.impl.client.DefaultHttpClient - Attempt 1 to execute request
22:09:26.962 [main] DEBUG o.a.h.i.conn.DefaultClientConnection - Sending request: GET /1?a=10&b=6 HTTP/1.1
22:09:26.962 [main] DEBUG org.apache.http.wire -  >> "GET /1?a=10&b=6 HTTP/1.1[\r][\n]"
22:09:26.962 [main] DEBUG org.apache.http.wire -  >> "Accept: */*[\r][\n]"
22:09:26.962 [main] DEBUG org.apache.http.wire -  >> "Host: localhost:8080[\r][\n]"
22:09:26.962 [main] DEBUG org.apache.http.wire -  >> "Connection: Keep-Alive[\r][\n]"
22:09:26.962 [main] DEBUG org.apache.http.wire -  >> "User-Agent: Apache-HttpClient/4.5.3 (Java/13.0.5.1)[\r][\n]"
22:09:26.962 [main] DEBUG org.apache.http.wire -  >> "Accept-Encoding: gzip,deflate[\r][\n]"
22:09:26.962 [main] DEBUG org.apache.http.wire -  >> "[\r][\n]"
22:09:26.962 [main] DEBUG org.apache.http.headers - >> GET /1?a=10&b=6 HTTP/1.1
22:09:26.962 [main] DEBUG org.apache.http.headers - >> Accept: */*
22:09:26.962 [main] DEBUG org.apache.http.headers - >> Host: localhost:8080
22:09:26.962 [main] DEBUG org.apache.http.headers - >> Connection: Keep-Alive
22:09:26.962 [main] DEBUG org.apache.http.headers - >> User-Agent: Apache-HttpClient/4.5.3 (Java/13.0.5.1)
22:09:26.962 [main] DEBUG org.apache.http.headers - >> Accept-Encoding: gzip,deflate
22:09:26.981 [main] DEBUG org.apache.http.wire -  << "HTTP/1.1 200 OK[\r][\n]"
22:09:26.981 [main] DEBUG org.apache.http.wire -  << "Server: Apache-Coyote/1.1[\r][\n]"
22:09:26.981 [main] DEBUG org.apache.http.wire -  << "Content-Type: text/plain;charset=UTF-8[\r][\n]"
22:09:26.981 [main] DEBUG org.apache.http.wire -  << "Content-Length: 6[\r][\n]"
22:09:26.981 [main] DEBUG org.apache.http.wire -  << "Date: Sun, 07 Feb 2021 21:09:25 GMT[\r][\n]"
22:09:26.981 [main] DEBUG org.apache.http.wire -  << "[\r][\n]"
22:09:26.981 [main] DEBUG o.a.h.i.conn.DefaultClientConnection - Receiving response: HTTP/1.1 200 OK
22:09:26.981 [main] DEBUG org.apache.http.headers - << HTTP/1.1 200 OK
22:09:26.981 [main] DEBUG org.apache.http.headers - << Server: Apache-Coyote/1.1
22:09:26.981 [main] DEBUG org.apache.http.headers - << Content-Type: text/plain;charset=UTF-8
22:09:26.981 [main] DEBUG org.apache.http.headers - << Content-Length: 6
22:09:26.981 [main] DEBUG org.apache.http.headers - << Date: Sun, 07 Feb 2021 21:09:25 GMT
22:09:26.981 [main] DEBUG o.a.h.impl.client.DefaultHttpClient - Connection can be kept alive indefinitely
22:09:26.982 [main] DEBUG i.r.i.RequestSpecificationImpl$RestAssuredHttpBuilder - Parsing response as: text/plain;charset=UTF-8
22:09:26.982 [main] DEBUG i.r.i.RequestSpecificationImpl$RestAssuredHttpBuilder - Parsed data to instance of: class org.apache.http.conn.EofSensorInputStream
22:09:26.983 [main] DEBUG org.apache.http.wire -  << "a:1500"
22:09:26.983 [main] DEBUG o.a.h.i.c.BasicClientConnectionManager - Releasing connection org.apache.http.impl.conn.ManagedClientConnectionImpl@5ec1963c
22:09:26.983 [main] DEBUG o.a.h.i.c.BasicClientConnectionManager - Connection can be kept alive indefinitely
22:09:26.987 [main] DEBUG o.a.h.i.c.BasicClientConnectionManager - Get connection for route {}->http://localhost:8080
22:09:26.987 [main] DEBUG o.a.h.i.c.DefaultClientConnectionOperator - Connecting to localhost:8080
22:09:26.988 [main] DEBUG o.a.h.c.protocol.RequestAddCookies - CookieSpec selected: ignoreCookies
22:09:26.988 [main] DEBUG o.a.h.c.protocol.RequestAuthCache - Auth cache not set in the context
22:09:26.988 [main] DEBUG o.a.h.c.p.RequestTargetAuthentication - Target auth state: UNCHALLENGED
22:09:26.988 [main] DEBUG o.a.h.c.p.RequestProxyAuthentication - Proxy auth state: UNCHALLENGED
22:09:26.988 [main] DEBUG o.a.h.impl.client.DefaultHttpClient - Attempt 1 to execute request
22:09:26.988 [main] DEBUG o.a.h.i.conn.DefaultClientConnection - Sending request: GET /1?a=10&b=6 HTTP/1.1
22:09:26.988 [main] DEBUG org.apache.http.wire -  >> "GET /1?a=10&b=6 HTTP/1.1[\r][\n]"
22:09:26.988 [main] DEBUG org.apache.http.wire -  >> "Accept: */*[\r][\n]"
22:09:26.988 [main] DEBUG org.apache.http.wire -  >> "Host: localhost:8080[\r][\n]"
22:09:26.988 [main] DEBUG org.apache.http.wire -  >> "Connection: Keep-Alive[\r][\n]"
22:09:26.988 [main] DEBUG org.apache.http.wire -  >> "User-Agent: Apache-HttpClient/4.5.3 (Java/13.0.5.1)[\r][\n]"
22:09:26.988 [main] DEBUG org.apache.http.wire -  >> "Accept-Encoding: gzip,deflate[\r][\n]"
22:09:26.988 [main] DEBUG org.apache.http.wire -  >> "[\r][\n]"
22:09:26.988 [main] DEBUG org.apache.http.headers - >> GET /1?a=10&b=6 HTTP/1.1
22:09:26.988 [main] DEBUG org.apache.http.headers - >> Accept: */*
22:09:26.988 [main] DEBUG org.apache.http.headers - >> Host: localhost:8080
22:09:26.988 [main] DEBUG org.apache.http.headers - >> Connection: Keep-Alive
22:09:26.988 [main] DEBUG org.apache.http.headers - >> User-Agent: Apache-HttpClient/4.5.3 (Java/13.0.5.1)
22:09:26.988 [main] DEBUG org.apache.http.headers - >> Accept-Encoding: gzip,deflate
22:09:27.004 [main] DEBUG org.apache.http.wire -  << "HTTP/1.1 200 OK[\r][\n]"
22:09:27.004 [main] DEBUG org.apache.http.wire -  << "Server: Apache-Coyote/1.1[\r][\n]"
22:09:27.004 [main] DEBUG org.apache.http.wire -  << "Content-Type: text/plain;charset=UTF-8[\r][\n]"
22:09:27.004 [main] DEBUG org.apache.http.wire -  << "Content-Length: 6[\r][\n]"
22:09:27.004 [main] DEBUG org.apache.http.wire -  << "Date: Sun, 07 Feb 2021 21:09:27 GMT[\r][\n]"
22:09:27.004 [main] DEBUG org.apache.http.wire -  << "[\r][\n]"
22:09:27.004 [main] DEBUG o.a.h.i.conn.DefaultClientConnection - Receiving response: HTTP/1.1 200 OK
22:09:27.004 [main] DEBUG org.apache.http.headers - << HTTP/1.1 200 OK
22:09:27.004 [main] DEBUG org.apache.http.headers - << Server: Apache-Coyote/1.1
22:09:27.004 [main] DEBUG org.apache.http.headers - << Content-Type: text/plain;charset=UTF-8
22:09:27.004 [main] DEBUG org.apache.http.headers - << Content-Length: 6
22:09:27.004 [main] DEBUG org.apache.http.headers - << Date: Sun, 07 Feb 2021 21:09:27 GMT
22:09:27.004 [main] DEBUG o.a.h.impl.client.DefaultHttpClient - Connection can be kept alive indefinitely
22:09:27.005 [main] DEBUG i.r.i.RequestSpecificationImpl$RestAssuredHttpBuilder - Parsing response as: text/plain;charset=UTF-8
22:09:27.005 [main] DEBUG i.r.i.RequestSpecificationImpl$RestAssuredHttpBuilder - Parsed data to instance of: class org.apache.http.conn.EofSensorInputStream
22:09:27.005 [main] DEBUG org.apache.http.wire -  << "a:1500"
22:09:27.005 [main] DEBUG o.a.h.i.c.BasicClientConnectionManager - Releasing connection org.apache.http.impl.conn.ManagedClientConnectionImpl@1d06f16f
22:09:27.005 [main] DEBUG o.a.h.i.c.BasicClientConnectionManager - Connection can be kept alive indefinitely
22:09:27.008 [main] DEBUG o.a.h.i.c.BasicClientConnectionManager - Get connection for route {}->http://localhost:8080
22:09:27.008 [main] DEBUG o.a.h.i.c.DefaultClientConnectionOperator - Connecting to localhost:8080
22:09:27.009 [main] DEBUG o.a.h.c.protocol.RequestAddCookies - CookieSpec selected: ignoreCookies
22:09:27.009 [main] DEBUG o.a.h.c.protocol.RequestAuthCache - Auth cache not set in the context
22:09:27.009 [main] DEBUG o.a.h.c.p.RequestTargetAuthentication - Target auth state: UNCHALLENGED
22:09:27.009 [main] DEBUG o.a.h.c.p.RequestProxyAuthentication - Proxy auth state: UNCHALLENGED
22:09:27.009 [main] DEBUG o.a.h.impl.client.DefaultHttpClient - Attempt 1 to execute request
22:09:27.009 [main] DEBUG o.a.h.i.conn.DefaultClientConnection - Sending request: GET /1?a=10&b=6 HTTP/1.1
22:09:27.009 [main] DEBUG org.apache.http.wire -  >> "GET /1?a=10&b=6 HTTP/1.1[\r][\n]"
22:09:27.009 [main] DEBUG org.apache.http.wire -  >> "Accept: */*[\r][\n]"
22:09:27.009 [main] DEBUG org.apache.http.wire -  >> "Host: localhost:8080[\r][\n]"
22:09:27.009 [main] DEBUG org.apache.http.wire -  >> "Connection: Keep-Alive[\r][\n]"
22:09:27.009 [main] DEBUG org.apache.http.wire -  >> "User-Agent: Apache-HttpClient/4.5.3 (Java/13.0.5.1)[\r][\n]"
22:09:27.009 [main] DEBUG org.apache.http.wire -  >> "Accept-Encoding: gzip,deflate[\r][\n]"
22:09:27.009 [main] DEBUG org.apache.http.wire -  >> "[\r][\n]"
22:09:27.009 [main] DEBUG org.apache.http.headers - >> GET /1?a=10&b=6 HTTP/1.1
22:09:27.009 [main] DEBUG org.apache.http.headers - >> Accept: */*
22:09:27.009 [main] DEBUG org.apache.http.headers - >> Host: localhost:8080
22:09:27.009 [main] DEBUG org.apache.http.headers - >> Connection: Keep-Alive
22:09:27.009 [main] DEBUG org.apache.http.headers - >> User-Agent: Apache-HttpClient/4.5.3 (Java/13.0.5.1)
22:09:27.009 [main] DEBUG org.apache.http.headers - >> Accept-Encoding: gzip,deflate
22:09:27.032 [main] DEBUG org.apache.http.wire -  << "HTTP/1.1 200 OK[\r][\n]"
22:09:27.032 [main] DEBUG org.apache.http.wire -  << "Server: Apache-Coyote/1.1[\r][\n]"
22:09:27.032 [main] DEBUG org.apache.http.wire -  << "Content-Type: text/plain;charset=UTF-8[\r][\n]"
22:09:27.032 [main] DEBUG org.apache.http.wire -  << "Content-Length: 6[\r][\n]"
22:09:27.032 [main] DEBUG org.apache.http.wire -  << "Date: Sun, 07 Feb 2021 21:09:27 GMT[\r][\n]"
22:09:27.032 [main] DEBUG org.apache.http.wire -  << "[\r][\n]"
22:09:27.032 [main] DEBUG o.a.h.i.conn.DefaultClientConnection - Receiving response: HTTP/1.1 200 OK
22:09:27.032 [main] DEBUG org.apache.http.headers - << HTTP/1.1 200 OK
22:09:27.032 [main] DEBUG org.apache.http.headers - << Server: Apache-Coyote/1.1
22:09:27.032 [main] DEBUG org.apache.http.headers - << Content-Type: text/plain;charset=UTF-8
22:09:27.032 [main] DEBUG org.apache.http.headers - << Content-Length: 6
22:09:27.032 [main] DEBUG org.apache.http.headers - << Date: Sun, 07 Feb 2021 21:09:27 GMT
22:09:27.032 [main] DEBUG o.a.h.impl.client.DefaultHttpClient - Connection can be kept alive indefinitely
22:09:27.032 [main] DEBUG i.r.i.RequestSpecificationImpl$RestAssuredHttpBuilder - Parsing response as: text/plain;charset=UTF-8
22:09:27.032 [main] DEBUG i.r.i.RequestSpecificationImpl$RestAssuredHttpBuilder - Parsed data to instance of: class org.apache.http.conn.EofSensorInputStream
22:09:27.033 [main] DEBUG org.apache.http.wire -  << "a:1500"
22:09:27.033 [main] DEBUG o.a.h.i.c.BasicClientConnectionManager - Releasing connection org.apache.http.impl.conn.ManagedClientConnectionImpl@4a44cfc0
22:09:27.033 [main] DEBUG o.a.h.i.c.BasicClientConnectionManager - Connection can be kept alive indefinitely
22:09:27.036 [main] DEBUG o.a.h.i.c.BasicClientConnectionManager - Get connection for route {}->http://localhost:8080
22:09:27.036 [main] DEBUG o.a.h.i.c.DefaultClientConnectionOperator - Connecting to localhost:8080
22:09:27.036 [main] DEBUG o.a.h.c.protocol.RequestAddCookies - CookieSpec selected: ignoreCookies
22:09:27.036 [main] DEBUG o.a.h.c.protocol.RequestAuthCache - Auth cache not set in the context
22:09:27.036 [main] DEBUG o.a.h.c.p.RequestTargetAuthentication - Target auth state: UNCHALLENGED
22:09:27.036 [main] DEBUG o.a.h.c.p.RequestProxyAuthentication - Proxy auth state: UNCHALLENGED
22:09:27.036 [main] DEBUG o.a.h.impl.client.DefaultHttpClient - Attempt 1 to execute request
22:09:27.036 [main] DEBUG o.a.h.i.conn.DefaultClientConnection - Sending request: GET /1?a=10&b=6 HTTP/1.1
22:09:27.036 [main] DEBUG org.apache.http.wire -  >> "GET /1?a=10&b=6 HTTP/1.1[\r][\n]"
22:09:27.036 [main] DEBUG org.apache.http.wire -  >> "Accept: */*[\r][\n]"
22:09:27.037 [main] DEBUG org.apache.http.wire -  >> "Host: localhost:8080[\r][\n]"
22:09:27.037 [main] DEBUG org.apache.http.wire -  >> "Connection: Keep-Alive[\r][\n]"
22:09:27.037 [main] DEBUG org.apache.http.wire -  >> "User-Agent: Apache-HttpClient/4.5.3 (Java/13.0.5.1)[\r][\n]"
22:09:27.037 [main] DEBUG org.apache.http.wire -  >> "Accept-Encoding: gzip,deflate[\r][\n]"
22:09:27.037 [main] DEBUG org.apache.http.wire -  >> "[\r][\n]"
22:09:27.037 [main] DEBUG org.apache.http.headers - >> GET /1?a=10&b=6 HTTP/1.1
22:09:27.037 [main] DEBUG org.apache.http.headers - >> Accept: */*
22:09:27.037 [main] DEBUG org.apache.http.headers - >> Host: localhost:8080
22:09:27.037 [main] DEBUG org.apache.http.headers - >> Connection: Keep-Alive
22:09:27.037 [main] DEBUG org.apache.http.headers - >> User-Agent: Apache-HttpClient/4.5.3 (Java/13.0.5.1)
22:09:27.037 [main] DEBUG org.apache.http.headers - >> Accept-Encoding: gzip,deflate
22:09:27.057 [main] DEBUG org.apache.http.wire -  << "HTTP/1.1 200 OK[\r][\n]"
22:09:27.057 [main] DEBUG org.apache.http.wire -  << "Server: Apache-Coyote/1.1[\r][\n]"
22:09:27.057 [main] DEBUG org.apache.http.wire -  << "Content-Type: text/plain;charset=UTF-8[\r][\n]"
22:09:27.057 [main] DEBUG org.apache.http.wire -  << "Content-Length: 6[\r][\n]"
22:09:27.057 [main] DEBUG org.apache.http.wire -  << "Date: Sun, 07 Feb 2021 21:09:27 GMT[\r][\n]"
22:09:27.057 [main] DEBUG org.apache.http.wire -  << "[\r][\n]"
22:09:27.057 [main] DEBUG o.a.h.i.conn.DefaultClientConnection - Receiving response: HTTP/1.1 200 OK
22:09:27.057 [main] DEBUG org.apache.http.headers - << HTTP/1.1 200 OK
22:09:27.057 [main] DEBUG org.apache.http.headers - << Server: Apache-Coyote/1.1
22:09:27.057 [main] DEBUG org.apache.http.headers - << Content-Type: text/plain;charset=UTF-8
22:09:27.057 [main] DEBUG org.apache.http.headers - << Content-Length: 6
22:09:27.057 [main] DEBUG org.apache.http.headers - << Date: Sun, 07 Feb 2021 21:09:27 GMT
22:09:27.057 [main] DEBUG o.a.h.impl.client.DefaultHttpClient - Connection can be kept alive indefinitely
22:09:27.058 [main] DEBUG i.r.i.RequestSpecificationImpl$RestAssuredHttpBuilder - Parsing response as: text/plain;charset=UTF-8
22:09:27.058 [main] DEBUG i.r.i.RequestSpecificationImpl$RestAssuredHttpBuilder - Parsed data to instance of: class org.apache.http.conn.EofSensorInputStream
22:09:27.058 [main] DEBUG org.apache.http.wire -  << "a:1500"
22:09:27.058 [main] DEBUG o.a.h.i.c.BasicClientConnectionManager - Releasing connection org.apache.http.impl.conn.ManagedClientConnectionImpl@999b951
22:09:27.058 [main] DEBUG o.a.h.i.c.BasicClientConnectionManager - Connection can be kept alive indefinitely
22:09:27.062 [main] DEBUG o.a.h.i.c.BasicClientConnectionManager - Get connection for route {}->http://localhost:8080
22:09:27.062 [main] DEBUG o.a.h.i.c.DefaultClientConnectionOperator - Connecting to localhost:8080
22:09:27.063 [main] DEBUG o.a.h.c.protocol.RequestAddCookies - CookieSpec selected: ignoreCookies
22:09:27.063 [main] DEBUG o.a.h.c.protocol.RequestAuthCache - Auth cache not set in the context
22:09:27.063 [main] DEBUG o.a.h.c.p.RequestTargetAuthentication - Target auth state: UNCHALLENGED
22:09:27.063 [main] DEBUG o.a.h.c.p.RequestProxyAuthentication - Proxy auth state: UNCHALLENGED
22:09:27.063 [main] DEBUG o.a.h.impl.client.DefaultHttpClient - Attempt 1 to execute request
22:09:27.063 [main] DEBUG o.a.h.i.conn.DefaultClientConnection - Sending request: GET /1?a=10&b=6 HTTP/1.1
22:09:27.063 [main] DEBUG org.apache.http.wire -  >> "GET /1?a=10&b=6 HTTP/1.1[\r][\n]"
22:09:27.063 [main] DEBUG org.apache.http.wire -  >> "Accept: */*[\r][\n]"
22:09:27.063 [main] DEBUG org.apache.http.wire -  >> "Host: localhost:8080[\r][\n]"
22:09:27.063 [main] DEBUG org.apache.http.wire -  >> "Connection: Keep-Alive[\r][\n]"
22:09:27.063 [main] DEBUG org.apache.http.wire -  >> "User-Agent: Apache-HttpClient/4.5.3 (Java/13.0.5.1)[\r][\n]"
22:09:27.063 [main] DEBUG org.apache.http.wire -  >> "Accept-Encoding: gzip,deflate[\r][\n]"
22:09:27.063 [main] DEBUG org.apache.http.wire -  >> "[\r][\n]"
22:09:27.063 [main] DEBUG org.apache.http.headers - >> GET /1?a=10&b=6 HTTP/1.1
22:09:27.063 [main] DEBUG org.apache.http.headers - >> Accept: */*
22:09:27.063 [main] DEBUG org.apache.http.headers - >> Host: localhost:8080
22:09:27.063 [main] DEBUG org.apache.http.headers - >> Connection: Keep-Alive
22:09:27.063 [main] DEBUG org.apache.http.headers - >> User-Agent: Apache-HttpClient/4.5.3 (Java/13.0.5.1)
22:09:27.063 [main] DEBUG org.apache.http.headers - >> Accept-Encoding: gzip,deflate
22:09:27.076 [main] DEBUG org.apache.http.wire -  << "HTTP/1.1 200 OK[\r][\n]"
22:09:27.076 [main] DEBUG org.apache.http.wire -  << "Server: Apache-Coyote/1.1[\r][\n]"
22:09:27.076 [main] DEBUG org.apache.http.wire -  << "Content-Type: text/plain;charset=UTF-8[\r][\n]"
22:09:27.076 [main] DEBUG org.apache.http.wire -  << "Content-Length: 6[\r][\n]"
22:09:27.076 [main] DEBUG org.apache.http.wire -  << "Date: Sun, 07 Feb 2021 21:09:27 GMT[\r][\n]"
22:09:27.076 [main] DEBUG org.apache.http.wire -  << "[\r][\n]"
22:09:27.076 [main] DEBUG o.a.h.i.conn.DefaultClientConnection - Receiving response: HTTP/1.1 200 OK
22:09:27.076 [main] DEBUG org.apache.http.headers - << HTTP/1.1 200 OK
22:09:27.076 [main] DEBUG org.apache.http.headers - << Server: Apache-Coyote/1.1
22:09:27.076 [main] DEBUG org.apache.http.headers - << Content-Type: text/plain;charset=UTF-8
22:09:27.076 [main] DEBUG org.apache.http.headers - << Content-Length: 6
22:09:27.076 [main] DEBUG org.apache.http.headers - << Date: Sun, 07 Feb 2021 21:09:27 GMT
22:09:27.076 [main] DEBUG o.a.h.impl.client.DefaultHttpClient - Connection can be kept alive indefinitely
22:09:27.077 [main] DEBUG i.r.i.RequestSpecificationImpl$RestAssuredHttpBuilder - Parsing response as: text/plain;charset=UTF-8
22:09:27.077 [main] DEBUG i.r.i.RequestSpecificationImpl$RestAssuredHttpBuilder - Parsed data to instance of: class org.apache.http.conn.EofSensorInputStream
22:09:27.077 [main] DEBUG org.apache.http.wire -  << "a:1500"
22:09:27.077 [main] DEBUG o.a.h.i.c.BasicClientConnectionManager - Releasing connection org.apache.http.impl.conn.ManagedClientConnectionImpl@4b0bd001
22:09:27.077 [main] DEBUG o.a.h.i.c.BasicClientConnectionManager - Connection can be kept alive indefinitely
22:09:27.080 [main] DEBUG o.a.h.i.c.BasicClientConnectionManager - Get connection for route {}->http://localhost:8080
22:09:27.080 [main] DEBUG o.a.h.i.c.DefaultClientConnectionOperator - Connecting to localhost:8080
22:09:27.081 [main] DEBUG o.a.h.c.protocol.RequestAddCookies - CookieSpec selected: ignoreCookies
22:09:27.081 [main] DEBUG o.a.h.c.protocol.RequestAuthCache - Auth cache not set in the context
22:09:27.081 [main] DEBUG o.a.h.c.p.RequestTargetAuthentication - Target auth state: UNCHALLENGED
22:09:27.081 [main] DEBUG o.a.h.c.p.RequestProxyAuthentication - Proxy auth state: UNCHALLENGED
22:09:27.081 [main] DEBUG o.a.h.impl.client.DefaultHttpClient - Attempt 1 to execute request
22:09:27.081 [main] DEBUG o.a.h.i.conn.DefaultClientConnection - Sending request: GET /1?a=10&b=6 HTTP/1.1
22:09:27.081 [main] DEBUG org.apache.http.wire -  >> "GET /1?a=10&b=6 HTTP/1.1[\r][\n]"
22:09:27.081 [main] DEBUG org.apache.http.wire -  >> "Accept: */*[\r][\n]"
22:09:27.081 [main] DEBUG org.apache.http.wire -  >> "Host: localhost:8080[\r][\n]"
22:09:27.081 [main] DEBUG org.apache.http.wire -  >> "Connection: Keep-Alive[\r][\n]"
22:09:27.081 [main] DEBUG org.apache.http.wire -  >> "User-Agent: Apache-HttpClient/4.5.3 (Java/13.0.5.1)[\r][\n]"
22:09:27.081 [main] DEBUG org.apache.http.wire -  >> "Accept-Encoding: gzip,deflate[\r][\n]"
22:09:27.081 [main] DEBUG org.apache.http.wire -  >> "[\r][\n]"
22:09:27.081 [main] DEBUG org.apache.http.headers - >> GET /1?a=10&b=6 HTTP/1.1
22:09:27.081 [main] DEBUG org.apache.http.headers - >> Accept: */*
22:09:27.081 [main] DEBUG org.apache.http.headers - >> Host: localhost:8080
22:09:27.081 [main] DEBUG org.apache.http.headers - >> Connection: Keep-Alive
22:09:27.081 [main] DEBUG org.apache.http.headers - >> User-Agent: Apache-HttpClient/4.5.3 (Java/13.0.5.1)
22:09:27.081 [main] DEBUG org.apache.http.headers - >> Accept-Encoding: gzip,deflate
22:09:27.101 [main] DEBUG org.apache.http.wire -  << "HTTP/1.1 200 OK[\r][\n]"
22:09:27.101 [main] DEBUG org.apache.http.wire -  << "Server: Apache-Coyote/1.1[\r][\n]"
22:09:27.101 [main] DEBUG org.apache.http.wire -  << "Content-Type: text/plain;charset=UTF-8[\r][\n]"
22:09:27.101 [main] DEBUG org.apache.http.wire -  << "Content-Length: 6[\r][\n]"
22:09:27.101 [main] DEBUG org.apache.http.wire -  << "Date: Sun, 07 Feb 2021 21:09:27 GMT[\r][\n]"
22:09:27.101 [main] DEBUG org.apache.http.wire -  << "[\r][\n]"
22:09:27.101 [main] DEBUG o.a.h.i.conn.DefaultClientConnection - Receiving response: HTTP/1.1 200 OK
22:09:27.101 [main] DEBUG org.apache.http.headers - << HTTP/1.1 200 OK
22:09:27.101 [main] DEBUG org.apache.http.headers - << Server: Apache-Coyote/1.1
22:09:27.101 [main] DEBUG org.apache.http.headers - << Content-Type: text/plain;charset=UTF-8
22:09:27.101 [main] DEBUG org.apache.http.headers - << Content-Length: 6
22:09:27.101 [main] DEBUG org.apache.http.headers - << Date: Sun, 07 Feb 2021 21:09:27 GMT
22:09:27.101 [main] DEBUG o.a.h.impl.client.DefaultHttpClient - Connection can be kept alive indefinitely
22:09:27.101 [main] DEBUG i.r.i.RequestSpecificationImpl$RestAssuredHttpBuilder - Parsing response as: text/plain;charset=UTF-8
22:09:27.102 [main] DEBUG i.r.i.RequestSpecificationImpl$RestAssuredHttpBuilder - Parsed data to instance of: class org.apache.http.conn.EofSensorInputStream
22:09:27.102 [main] DEBUG org.apache.http.wire -  << "a:1500"
22:09:27.102 [main] DEBUG o.a.h.i.c.BasicClientConnectionManager - Releasing connection org.apache.http.impl.conn.ManagedClientConnectionImpl@36d33f4
22:09:27.103 [main] DEBUG o.a.h.i.c.BasicClientConnectionManager - Connection can be kept alive indefinitely
22:09:27.109 [main] DEBUG o.a.h.i.c.BasicClientConnectionManager - Get connection for route {}->http://localhost:8080
22:09:27.109 [main] DEBUG o.a.h.i.c.DefaultClientConnectionOperator - Connecting to localhost:8080
22:09:27.110 [main] DEBUG o.a.h.c.protocol.RequestAddCookies - CookieSpec selected: ignoreCookies
22:09:27.110 [main] DEBUG o.a.h.c.protocol.RequestAuthCache - Auth cache not set in the context
22:09:27.110 [main] DEBUG o.a.h.c.p.RequestTargetAuthentication - Target auth state: UNCHALLENGED
22:09:27.110 [main] DEBUG o.a.h.c.p.RequestProxyAuthentication - Proxy auth state: UNCHALLENGED
22:09:27.110 [main] DEBUG o.a.h.impl.client.DefaultHttpClient - Attempt 1 to execute request
22:09:27.110 [main] DEBUG o.a.h.i.conn.DefaultClientConnection - Sending request: GET /1?a=10&b=6 HTTP/1.1
22:09:27.110 [main] DEBUG org.apache.http.wire -  >> "GET /1?a=10&b=6 HTTP/1.1[\r][\n]"
22:09:27.110 [main] DEBUG org.apache.http.wire -  >> "Accept: */*[\r][\n]"
22:09:27.110 [main] DEBUG org.apache.http.wire -  >> "Host: localhost:8080[\r][\n]"
22:09:27.110 [main] DEBUG org.apache.http.wire -  >> "Connection: Keep-Alive[\r][\n]"
22:09:27.110 [main] DEBUG org.apache.http.wire -  >> "User-Agent: Apache-HttpClient/4.5.3 (Java/13.0.5.1)[\r][\n]"
22:09:27.110 [main] DEBUG org.apache.http.wire -  >> "Accept-Encoding: gzip,deflate[\r][\n]"
22:09:27.110 [main] DEBUG org.apache.http.wire -  >> "[\r][\n]"
22:09:27.110 [main] DEBUG org.apache.http.headers - >> GET /1?a=10&b=6 HTTP/1.1
22:09:27.110 [main] DEBUG org.apache.http.headers - >> Accept: */*
22:09:27.110 [main] DEBUG org.apache.http.headers - >> Host: localhost:8080
22:09:27.110 [main] DEBUG org.apache.http.headers - >> Connection: Keep-Alive
22:09:27.110 [main] DEBUG org.apache.http.headers - >> User-Agent: Apache-HttpClient/4.5.3 (Java/13.0.5.1)
22:09:27.110 [main] DEBUG org.apache.http.headers - >> Accept-Encoding: gzip,deflate
22:09:27.127 [main] DEBUG org.apache.http.wire -  << "HTTP/1.1 200 OK[\r][\n]"
22:09:27.127 [main] DEBUG org.apache.http.wire -  << "Server: Apache-Coyote/1.1[\r][\n]"
22:09:27.127 [main] DEBUG org.apache.http.wire -  << "Content-Type: text/plain;charset=UTF-8[\r][\n]"
22:09:27.127 [main] DEBUG org.apache.http.wire -  << "Content-Length: 6[\r][\n]"
22:09:27.127 [main] DEBUG org.apache.http.wire -  << "Date: Sun, 07 Feb 2021 21:09:27 GMT[\r][\n]"
22:09:27.127 [main] DEBUG org.apache.http.wire -  << "[\r][\n]"
22:09:27.127 [main] DEBUG o.a.h.i.conn.DefaultClientConnection - Receiving response: HTTP/1.1 200 OK
22:09:27.127 [main] DEBUG org.apache.http.headers - << HTTP/1.1 200 OK
22:09:27.127 [main] DEBUG org.apache.http.headers - << Server: Apache-Coyote/1.1
22:09:27.127 [main] DEBUG org.apache.http.headers - << Content-Type: text/plain;charset=UTF-8
22:09:27.127 [main] DEBUG org.apache.http.headers - << Content-Length: 6
22:09:27.127 [main] DEBUG org.apache.http.headers - << Date: Sun, 07 Feb 2021 21:09:27 GMT
22:09:27.127 [main] DEBUG o.a.h.impl.client.DefaultHttpClient - Connection can be kept alive indefinitely
22:09:27.127 [main] DEBUG i.r.i.RequestSpecificationImpl$RestAssuredHttpBuilder - Parsing response as: text/plain;charset=UTF-8
22:09:27.127 [main] DEBUG i.r.i.RequestSpecificationImpl$RestAssuredHttpBuilder - Parsed data to instance of: class org.apache.http.conn.EofSensorInputStream
22:09:27.127 [main] DEBUG org.apache.http.wire -  << "a:1500"
22:09:27.127 [main] DEBUG o.a.h.i.c.BasicClientConnectionManager - Releasing connection org.apache.http.impl.conn.ManagedClientConnectionImpl@550e9be6
22:09:27.127 [main] DEBUG o.a.h.i.c.BasicClientConnectionManager - Connection can be kept alive indefinitely
22:09:27.132 [main] DEBUG o.a.h.i.c.BasicClientConnectionManager - Get connection for route {}->http://localhost:8080
22:09:27.132 [main] DEBUG o.a.h.i.c.DefaultClientConnectionOperator - Connecting to localhost:8080
22:09:27.132 [main] DEBUG o.a.h.c.protocol.RequestAddCookies - CookieSpec selected: ignoreCookies
22:09:27.132 [main] DEBUG o.a.h.c.protocol.RequestAuthCache - Auth cache not set in the context
22:09:27.132 [main] DEBUG o.a.h.c.p.RequestTargetAuthentication - Target auth state: UNCHALLENGED
22:09:27.132 [main] DEBUG o.a.h.c.p.RequestProxyAuthentication - Proxy auth state: UNCHALLENGED
22:09:27.132 [main] DEBUG o.a.h.impl.client.DefaultHttpClient - Attempt 1 to execute request
22:09:27.132 [main] DEBUG o.a.h.i.conn.DefaultClientConnection - Sending request: GET /1?a=10&b=6 HTTP/1.1
22:09:27.132 [main] DEBUG org.apache.http.wire -  >> "GET /1?a=10&b=6 HTTP/1.1[\r][\n]"
22:09:27.132 [main] DEBUG org.apache.http.wire -  >> "Accept: */*[\r][\n]"
22:09:27.132 [main] DEBUG org.apache.http.wire -  >> "Host: localhost:8080[\r][\n]"
22:09:27.132 [main] DEBUG org.apache.http.wire -  >> "Connection: Keep-Alive[\r][\n]"
22:09:27.132 [main] DEBUG org.apache.http.wire -  >> "User-Agent: Apache-HttpClient/4.5.3 (Java/13.0.5.1)[\r][\n]"
22:09:27.132 [main] DEBUG org.apache.http.wire -  >> "Accept-Encoding: gzip,deflate[\r][\n]"
22:09:27.132 [main] DEBUG org.apache.http.wire -  >> "[\r][\n]"
22:09:27.132 [main] DEBUG org.apache.http.headers - >> GET /1?a=10&b=6 HTTP/1.1
22:09:27.132 [main] DEBUG org.apache.http.headers - >> Accept: */*
22:09:27.132 [main] DEBUG org.apache.http.headers - >> Host: localhost:8080
22:09:27.132 [main] DEBUG org.apache.http.headers - >> Connection: Keep-Alive
22:09:27.132 [main] DEBUG org.apache.http.headers - >> User-Agent: Apache-HttpClient/4.5.3 (Java/13.0.5.1)
22:09:27.132 [main] DEBUG org.apache.http.headers - >> Accept-Encoding: gzip,deflate
22:09:27.150 [main] DEBUG org.apache.http.wire -  << "HTTP/1.1 200 OK[\r][\n]"
22:09:27.150 [main] DEBUG org.apache.http.wire -  << "Server: Apache-Coyote/1.1[\r][\n]"
22:09:27.150 [main] DEBUG org.apache.http.wire -  << "Content-Type: text/plain;charset=UTF-8[\r][\n]"
22:09:27.150 [main] DEBUG org.apache.http.wire -  << "Content-Length: 6[\r][\n]"
22:09:27.150 [main] DEBUG org.apache.http.wire -  << "Date: Sun, 07 Feb 2021 21:09:27 GMT[\r][\n]"
22:09:27.150 [main] DEBUG org.apache.http.wire -  << "[\r][\n]"
22:09:27.151 [main] DEBUG o.a.h.i.conn.DefaultClientConnection - Receiving response: HTTP/1.1 200 OK
22:09:27.151 [main] DEBUG org.apache.http.headers - << HTTP/1.1 200 OK
22:09:27.151 [main] DEBUG org.apache.http.headers - << Server: Apache-Coyote/1.1
22:09:27.151 [main] DEBUG org.apache.http.headers - << Content-Type: text/plain;charset=UTF-8
22:09:27.151 [main] DEBUG org.apache.http.headers - << Content-Length: 6
22:09:27.151 [main] DEBUG org.apache.http.headers - << Date: Sun, 07 Feb 2021 21:09:27 GMT
22:09:27.151 [main] DEBUG o.a.h.impl.client.DefaultHttpClient - Connection can be kept alive indefinitely
22:09:27.151 [main] DEBUG i.r.i.RequestSpecificationImpl$RestAssuredHttpBuilder - Parsing response as: text/plain;charset=UTF-8
22:09:27.151 [main] DEBUG i.r.i.RequestSpecificationImpl$RestAssuredHttpBuilder - Parsed data to instance of: class org.apache.http.conn.EofSensorInputStream
22:09:27.151 [main] DEBUG org.apache.http.wire -  << "a:1500"
22:09:27.151 [main] DEBUG o.a.h.i.c.BasicClientConnectionManager - Releasing connection org.apache.http.impl.conn.ManagedClientConnectionImpl@26ca61bf
22:09:27.151 [main] DEBUG o.a.h.i.c.BasicClientConnectionManager - Connection can be kept alive indefinitely
22:09:27.155 [main] DEBUG o.a.h.i.c.BasicClientConnectionManager - Get connection for route {}->http://localhost:8080
22:09:27.155 [main] DEBUG o.a.h.i.c.DefaultClientConnectionOperator - Connecting to localhost:8080
22:09:27.156 [main] DEBUG o.a.h.c.protocol.RequestAddCookies - CookieSpec selected: ignoreCookies
22:09:27.156 [main] DEBUG o.a.h.c.protocol.RequestAuthCache - Auth cache not set in the context
22:09:27.156 [main] DEBUG o.a.h.c.p.RequestTargetAuthentication - Target auth state: UNCHALLENGED
22:09:27.156 [main] DEBUG o.a.h.c.p.RequestProxyAuthentication - Proxy auth state: UNCHALLENGED
22:09:27.156 [main] DEBUG o.a.h.impl.client.DefaultHttpClient - Attempt 1 to execute request
22:09:27.156 [main] DEBUG o.a.h.i.conn.DefaultClientConnection - Sending request: GET /1?a=10&b=6 HTTP/1.1
22:09:27.156 [main] DEBUG org.apache.http.wire -  >> "GET /1?a=10&b=6 HTTP/1.1[\r][\n]"
22:09:27.156 [main] DEBUG org.apache.http.wire -  >> "Accept: */*[\r][\n]"
22:09:27.156 [main] DEBUG org.apache.http.wire -  >> "Host: localhost:8080[\r][\n]"
22:09:27.156 [main] DEBUG org.apache.http.wire -  >> "Connection: Keep-Alive[\r][\n]"
22:09:27.156 [main] DEBUG org.apache.http.wire -  >> "User-Agent: Apache-HttpClient/4.5.3 (Java/13.0.5.1)[\r][\n]"
22:09:27.156 [main] DEBUG org.apache.http.wire -  >> "Accept-Encoding: gzip,deflate[\r][\n]"
22:09:27.156 [main] DEBUG org.apache.http.wire -  >> "[\r][\n]"
22:09:27.156 [main] DEBUG org.apache.http.headers - >> GET /1?a=10&b=6 HTTP/1.1
22:09:27.156 [main] DEBUG org.apache.http.headers - >> Accept: */*
22:09:27.156 [main] DEBUG org.apache.http.headers - >> Host: localhost:8080
22:09:27.156 [main] DEBUG org.apache.http.headers - >> Connection: Keep-Alive
22:09:27.156 [main] DEBUG org.apache.http.headers - >> User-Agent: Apache-HttpClient/4.5.3 (Java/13.0.5.1)
22:09:27.156 [main] DEBUG org.apache.http.headers - >> Accept-Encoding: gzip,deflate
22:09:27.171 [main] DEBUG org.apache.http.wire -  << "HTTP/1.1 200 OK[\r][\n]"
22:09:27.172 [main] DEBUG org.apache.http.wire -  << "Server: Apache-Coyote/1.1[\r][\n]"
22:09:27.172 [main] DEBUG org.apache.http.wire -  << "Content-Type: text/plain;charset=UTF-8[\r][\n]"
22:09:27.172 [main] DEBUG org.apache.http.wire -  << "Content-Length: 6[\r][\n]"
22:09:27.172 [main] DEBUG org.apache.http.wire -  << "Date: Sun, 07 Feb 2021 21:09:27 GMT[\r][\n]"
22:09:27.172 [main] DEBUG org.apache.http.wire -  << "[\r][\n]"
22:09:27.172 [main] DEBUG o.a.h.i.conn.DefaultClientConnection - Receiving response: HTTP/1.1 200 OK
22:09:27.172 [main] DEBUG org.apache.http.headers - << HTTP/1.1 200 OK
22:09:27.172 [main] DEBUG org.apache.http.headers - << Server: Apache-Coyote/1.1
22:09:27.172 [main] DEBUG org.apache.http.headers - << Content-Type: text/plain;charset=UTF-8
22:09:27.172 [main] DEBUG org.apache.http.headers - << Content-Length: 6
22:09:27.172 [main] DEBUG org.apache.http.headers - << Date: Sun, 07 Feb 2021 21:09:27 GMT
22:09:27.172 [main] DEBUG o.a.h.impl.client.DefaultHttpClient - Connection can be kept alive indefinitely
22:09:27.172 [main] DEBUG i.r.i.RequestSpecificationImpl$RestAssuredHttpBuilder - Parsing response as: text/plain;charset=UTF-8
22:09:27.172 [main] DEBUG i.r.i.RequestSpecificationImpl$RestAssuredHttpBuilder - Parsed data to instance of: class org.apache.http.conn.EofSensorInputStream
22:09:27.172 [main] DEBUG org.apache.http.wire -  << "a:1500"
22:09:27.172 [main] DEBUG o.a.h.i.c.BasicClientConnectionManager - Releasing connection org.apache.http.impl.conn.ManagedClientConnectionImpl@6a1d526c
22:09:27.172 [main] DEBUG o.a.h.i.c.BasicClientConnectionManager - Connection can be kept alive indefinitely
22:09:27.175 [main] DEBUG o.a.h.i.c.BasicClientConnectionManager - Get connection for route {}->http://localhost:8080
22:09:27.175 [main] DEBUG o.a.h.i.c.DefaultClientConnectionOperator - Connecting to localhost:8080
22:09:27.176 [main] DEBUG o.a.h.c.protocol.RequestAddCookies - CookieSpec selected: ignoreCookies
22:09:27.176 [main] DEBUG o.a.h.c.protocol.RequestAuthCache - Auth cache not set in the context
22:09:27.176 [main] DEBUG o.a.h.c.p.RequestTargetAuthentication - Target auth state: UNCHALLENGED
22:09:27.176 [main] DEBUG o.a.h.c.p.RequestProxyAuthentication - Proxy auth state: UNCHALLENGED
22:09:27.176 [main] DEBUG o.a.h.impl.client.DefaultHttpClient - Attempt 1 to execute request
22:09:27.176 [main] DEBUG o.a.h.i.conn.DefaultClientConnection - Sending request: GET /1?a=10&b=6 HTTP/1.1
22:09:27.176 [main] DEBUG org.apache.http.wire -  >> "GET /1?a=10&b=6 HTTP/1.1[\r][\n]"
22:09:27.176 [main] DEBUG org.apache.http.wire -  >> "Accept: */*[\r][\n]"
22:09:27.176 [main] DEBUG org.apache.http.wire -  >> "Host: localhost:8080[\r][\n]"
22:09:27.176 [main] DEBUG org.apache.http.wire -  >> "Connection: Keep-Alive[\r][\n]"
22:09:27.176 [main] DEBUG org.apache.http.wire -  >> "User-Agent: Apache-HttpClient/4.5.3 (Java/13.0.5.1)[\r][\n]"
22:09:27.176 [main] DEBUG org.apache.http.wire -  >> "Accept-Encoding: gzip,deflate[\r][\n]"
22:09:27.176 [main] DEBUG org.apache.http.wire -  >> "[\r][\n]"
22:09:27.176 [main] DEBUG org.apache.http.headers - >> GET /1?a=10&b=6 HTTP/1.1
22:09:27.176 [main] DEBUG org.apache.http.headers - >> Accept: */*
22:09:27.176 [main] DEBUG org.apache.http.headers - >> Host: localhost:8080
22:09:27.176 [main] DEBUG org.apache.http.headers - >> Connection: Keep-Alive
22:09:27.176 [main] DEBUG org.apache.http.headers - >> User-Agent: Apache-HttpClient/4.5.3 (Java/13.0.5.1)
22:09:27.176 [main] DEBUG org.apache.http.headers - >> Accept-Encoding: gzip,deflate
22:09:27.195 [main] DEBUG org.apache.http.wire -  << "HTTP/1.1 200 OK[\r][\n]"
22:09:27.195 [main] DEBUG org.apache.http.wire -  << "Server: Apache-Coyote/1.1[\r][\n]"
22:09:27.195 [main] DEBUG org.apache.http.wire -  << "Content-Type: text/plain;charset=UTF-8[\r][\n]"
22:09:27.195 [main] DEBUG org.apache.http.wire -  << "Content-Length: 6[\r][\n]"
22:09:27.195 [main] DEBUG org.apache.http.wire -  << "Date: Sun, 07 Feb 2021 21:09:27 GMT[\r][\n]"
22:09:27.195 [main] DEBUG org.apache.http.wire -  << "[\r][\n]"
22:09:27.195 [main] DEBUG o.a.h.i.conn.DefaultClientConnection - Receiving response: HTTP/1.1 200 OK
22:09:27.195 [main] DEBUG org.apache.http.headers - << HTTP/1.1 200 OK
22:09:27.195 [main] DEBUG org.apache.http.headers - << Server: Apache-Coyote/1.1
22:09:27.195 [main] DEBUG org.apache.http.headers - << Content-Type: text/plain;charset=UTF-8
22:09:27.195 [main] DEBUG org.apache.http.headers - << Content-Length: 6
22:09:27.195 [main] DEBUG org.apache.http.headers - << Date: Sun, 07 Feb 2021 21:09:27 GMT
22:09:27.196 [main] DEBUG o.a.h.impl.client.DefaultHttpClient - Connection can be kept alive indefinitely
22:09:27.196 [main] DEBUG i.r.i.RequestSpecificationImpl$RestAssuredHttpBuilder - Parsing response as: text/plain;charset=UTF-8
22:09:27.196 [main] DEBUG i.r.i.RequestSpecificationImpl$RestAssuredHttpBuilder - Parsed data to instance of: class org.apache.http.conn.EofSensorInputStream
22:09:27.196 [main] DEBUG org.apache.http.wire -  << "a:1500"
22:09:27.196 [main] DEBUG o.a.h.i.c.BasicClientConnectionManager - Releasing connection org.apache.http.impl.conn.ManagedClientConnectionImpl@687e6293
22:09:27.196 [main] DEBUG o.a.h.i.c.BasicClientConnectionManager - Connection can be kept alive indefinitely
22:09:27.198 [main] DEBUG o.a.h.i.c.BasicClientConnectionManager - Get connection for route {}->http://localhost:8080
22:09:27.199 [main] DEBUG o.a.h.i.c.DefaultClientConnectionOperator - Connecting to localhost:8080
22:09:27.199 [main] DEBUG o.a.h.c.protocol.RequestAddCookies - CookieSpec selected: ignoreCookies
22:09:27.199 [main] DEBUG o.a.h.c.protocol.RequestAuthCache - Auth cache not set in the context
22:09:27.199 [main] DEBUG o.a.h.c.p.RequestTargetAuthentication - Target auth state: UNCHALLENGED
22:09:27.199 [main] DEBUG o.a.h.c.p.RequestProxyAuthentication - Proxy auth state: UNCHALLENGED
22:09:27.199 [main] DEBUG o.a.h.impl.client.DefaultHttpClient - Attempt 1 to execute request
22:09:27.199 [main] DEBUG o.a.h.i.conn.DefaultClientConnection - Sending request: GET /1?a=10&b=6 HTTP/1.1
22:09:27.199 [main] DEBUG org.apache.http.wire -  >> "GET /1?a=10&b=6 HTTP/1.1[\r][\n]"
22:09:27.199 [main] DEBUG org.apache.http.wire -  >> "Accept: */*[\r][\n]"
22:09:27.199 [main] DEBUG org.apache.http.wire -  >> "Host: localhost:8080[\r][\n]"
22:09:27.199 [main] DEBUG org.apache.http.wire -  >> "Connection: Keep-Alive[\r][\n]"
22:09:27.199 [main] DEBUG org.apache.http.wire -  >> "User-Agent: Apache-HttpClient/4.5.3 (Java/13.0.5.1)[\r][\n]"
22:09:27.199 [main] DEBUG org.apache.http.wire -  >> "Accept-Encoding: gzip,deflate[\r][\n]"
22:09:27.199 [main] DEBUG org.apache.http.wire -  >> "[\r][\n]"
22:09:27.199 [main] DEBUG org.apache.http.headers - >> GET /1?a=10&b=6 HTTP/1.1
22:09:27.199 [main] DEBUG org.apache.http.headers - >> Accept: */*
22:09:27.199 [main] DEBUG org.apache.http.headers - >> Host: localhost:8080
22:09:27.199 [main] DEBUG org.apache.http.headers - >> Connection: Keep-Alive
22:09:27.199 [main] DEBUG org.apache.http.headers - >> User-Agent: Apache-HttpClient/4.5.3 (Java/13.0.5.1)
22:09:27.199 [main] DEBUG org.apache.http.headers - >> Accept-Encoding: gzip,deflate
22:09:27.219 [main] DEBUG org.apache.http.wire -  << "HTTP/1.1 200 OK[\r][\n]"
22:09:27.219 [main] DEBUG org.apache.http.wire -  << "Server: Apache-Coyote/1.1[\r][\n]"
22:09:27.219 [main] DEBUG org.apache.http.wire -  << "Content-Type: text/plain;charset=UTF-8[\r][\n]"
22:09:27.219 [main] DEBUG org.apache.http.wire -  << "Content-Length: 6[\r][\n]"
22:09:27.219 [main] DEBUG org.apache.http.wire -  << "Date: Sun, 07 Feb 2021 21:09:27 GMT[\r][\n]"
22:09:27.219 [main] DEBUG org.apache.http.wire -  << "[\r][\n]"
22:09:27.219 [main] DEBUG o.a.h.i.conn.DefaultClientConnection - Receiving response: HTTP/1.1 200 OK
22:09:27.219 [main] DEBUG org.apache.http.headers - << HTTP/1.1 200 OK
22:09:27.219 [main] DEBUG org.apache.http.headers - << Server: Apache-Coyote/1.1
22:09:27.219 [main] DEBUG org.apache.http.headers - << Content-Type: text/plain;charset=UTF-8
22:09:27.219 [main] DEBUG org.apache.http.headers - << Content-Length: 6
22:09:27.219 [main] DEBUG org.apache.http.headers - << Date: Sun, 07 Feb 2021 21:09:27 GMT
22:09:27.219 [main] DEBUG o.a.h.impl.client.DefaultHttpClient - Connection can be kept alive indefinitely
22:09:27.220 [main] DEBUG i.r.i.RequestSpecificationImpl$RestAssuredHttpBuilder - Parsing response as: text/plain;charset=UTF-8
22:09:27.220 [main] DEBUG i.r.i.RequestSpecificationImpl$RestAssuredHttpBuilder - Parsed data to instance of: class org.apache.http.conn.EofSensorInputStream
22:09:27.220 [main] DEBUG org.apache.http.wire -  << "a:1500"
22:09:27.220 [main] DEBUG o.a.h.i.c.BasicClientConnectionManager - Releasing connection org.apache.http.impl.conn.ManagedClientConnectionImpl@1faf386c
22:09:27.220 [main] DEBUG o.a.h.i.c.BasicClientConnectionManager - Connection can be kept alive indefinitely
22:09:27.226 [main] DEBUG o.a.h.i.c.BasicClientConnectionManager - Get connection for route {}->http://localhost:8080
22:09:27.226 [main] DEBUG o.a.h.i.c.DefaultClientConnectionOperator - Connecting to localhost:8080
22:09:27.227 [main] DEBUG o.a.h.c.protocol.RequestAddCookies - CookieSpec selected: ignoreCookies
22:09:27.227 [main] DEBUG o.a.h.c.protocol.RequestAuthCache - Auth cache not set in the context
22:09:27.227 [main] DEBUG o.a.h.c.p.RequestTargetAuthentication - Target auth state: UNCHALLENGED
22:09:27.227 [main] DEBUG o.a.h.c.p.RequestProxyAuthentication - Proxy auth state: UNCHALLENGED
22:09:27.227 [main] DEBUG o.a.h.impl.client.DefaultHttpClient - Attempt 1 to execute request
22:09:27.227 [main] DEBUG o.a.h.i.conn.DefaultClientConnection - Sending request: GET /1?a=10&b=6 HTTP/1.1
22:09:27.227 [main] DEBUG org.apache.http.wire -  >> "GET /1?a=10&b=6 HTTP/1.1[\r][\n]"
22:09:27.227 [main] DEBUG org.apache.http.wire -  >> "Accept: */*[\r][\n]"
22:09:27.227 [main] DEBUG org.apache.http.wire -  >> "Host: localhost:8080[\r][\n]"
22:09:27.227 [main] DEBUG org.apache.http.wire -  >> "Connection: Keep-Alive[\r][\n]"
22:09:27.227 [main] DEBUG org.apache.http.wire -  >> "User-Agent: Apache-HttpClient/4.5.3 (Java/13.0.5.1)[\r][\n]"
22:09:27.227 [main] DEBUG org.apache.http.wire -  >> "Accept-Encoding: gzip,deflate[\r][\n]"
22:09:27.227 [main] DEBUG org.apache.http.wire -  >> "[\r][\n]"
22:09:27.227 [main] DEBUG org.apache.http.headers - >> GET /1?a=10&b=6 HTTP/1.1
22:09:27.227 [main] DEBUG org.apache.http.headers - >> Accept: */*
22:09:27.227 [main] DEBUG org.apache.http.headers - >> Host: localhost:8080
22:09:27.227 [main] DEBUG org.apache.http.headers - >> Connection: Keep-Alive
22:09:27.227 [main] DEBUG org.apache.http.headers - >> User-Agent: Apache-HttpClient/4.5.3 (Java/13.0.5.1)
22:09:27.227 [main] DEBUG org.apache.http.headers - >> Accept-Encoding: gzip,deflate
22:09:27.246 [main] DEBUG org.apache.http.wire -  << "HTTP/1.1 200 OK[\r][\n]"
22:09:27.246 [main] DEBUG org.apache.http.wire -  << "Server: Apache-Coyote/1.1[\r][\n]"
22:09:27.246 [main] DEBUG org.apache.http.wire -  << "Content-Type: text/plain;charset=UTF-8[\r][\n]"
22:09:27.246 [main] DEBUG org.apache.http.wire -  << "Content-Length: 6[\r][\n]"
22:09:27.246 [main] DEBUG org.apache.http.wire -  << "Date: Sun, 07 Feb 2021 21:09:27 GMT[\r][\n]"
22:09:27.246 [main] DEBUG org.apache.http.wire -  << "[\r][\n]"
22:09:27.246 [main] DEBUG o.a.h.i.conn.DefaultClientConnection - Receiving response: HTTP/1.1 200 OK
22:09:27.246 [main] DEBUG org.apache.http.headers - << HTTP/1.1 200 OK
22:09:27.246 [main] DEBUG org.apache.http.headers - << Server: Apache-Coyote/1.1
22:09:27.246 [main] DEBUG org.apache.http.headers - << Content-Type: text/plain;charset=UTF-8
22:09:27.246 [main] DEBUG org.apache.http.headers - << Content-Length: 6
22:09:27.246 [main] DEBUG org.apache.http.headers - << Date: Sun, 07 Feb 2021 21:09:27 GMT
22:09:27.246 [main] DEBUG o.a.h.impl.client.DefaultHttpClient - Connection can be kept alive indefinitely
22:09:27.246 [main] DEBUG i.r.i.RequestSpecificationImpl$RestAssuredHttpBuilder - Parsing response as: text/plain;charset=UTF-8
22:09:27.246 [main] DEBUG i.r.i.RequestSpecificationImpl$RestAssuredHttpBuilder - Parsed data to instance of: class org.apache.http.conn.EofSensorInputStream
22:09:27.247 [main] DEBUG org.apache.http.wire -  << "a:1500"
22:09:27.247 [main] DEBUG o.a.h.i.c.BasicClientConnectionManager - Releasing connection org.apache.http.impl.conn.ManagedClientConnectionImpl@60e06f7d
22:09:27.247 [main] DEBUG o.a.h.i.c.BasicClientConnectionManager - Connection can be kept alive indefinitely
22:09:27.250 [main] DEBUG o.a.h.i.c.BasicClientConnectionManager - Get connection for route {}->http://localhost:8080
22:09:27.250 [main] DEBUG o.a.h.i.c.DefaultClientConnectionOperator - Connecting to localhost:8080
22:09:27.251 [main] DEBUG o.a.h.c.protocol.RequestAddCookies - CookieSpec selected: ignoreCookies
22:09:27.251 [main] DEBUG o.a.h.c.protocol.RequestAuthCache - Auth cache not set in the context
22:09:27.251 [main] DEBUG o.a.h.c.p.RequestTargetAuthentication - Target auth state: UNCHALLENGED
22:09:27.251 [main] DEBUG o.a.h.c.p.RequestProxyAuthentication - Proxy auth state: UNCHALLENGED
22:09:27.251 [main] DEBUG o.a.h.impl.client.DefaultHttpClient - Attempt 1 to execute request
22:09:27.251 [main] DEBUG o.a.h.i.conn.DefaultClientConnection - Sending request: GET /1?a=10&b=6 HTTP/1.1
22:09:27.251 [main] DEBUG org.apache.http.wire -  >> "GET /1?a=10&b=6 HTTP/1.1[\r][\n]"
22:09:27.251 [main] DEBUG org.apache.http.wire -  >> "Accept: */*[\r][\n]"
22:09:27.251 [main] DEBUG org.apache.http.wire -  >> "Host: localhost:8080[\r][\n]"
22:09:27.251 [main] DEBUG org.apache.http.wire -  >> "Connection: Keep-Alive[\r][\n]"
22:09:27.251 [main] DEBUG org.apache.http.wire -  >> "User-Agent: Apache-HttpClient/4.5.3 (Java/13.0.5.1)[\r][\n]"
22:09:27.251 [main] DEBUG org.apache.http.wire -  >> "Accept-Encoding: gzip,deflate[\r][\n]"
22:09:27.251 [main] DEBUG org.apache.http.wire -  >> "[\r][\n]"
22:09:27.251 [main] DEBUG org.apache.http.headers - >> GET /1?a=10&b=6 HTTP/1.1
22:09:27.251 [main] DEBUG org.apache.http.headers - >> Accept: */*
22:09:27.251 [main] DEBUG org.apache.http.headers - >> Host: localhost:8080
22:09:27.251 [main] DEBUG org.apache.http.headers - >> Connection: Keep-Alive
22:09:27.251 [main] DEBUG org.apache.http.headers - >> User-Agent: Apache-HttpClient/4.5.3 (Java/13.0.5.1)
22:09:27.251 [main] DEBUG org.apache.http.headers - >> Accept-Encoding: gzip,deflate
22:09:27.273 [main] DEBUG org.apache.http.wire -  << "HTTP/1.1 200 OK[\r][\n]"
22:09:27.273 [main] DEBUG org.apache.http.wire -  << "Server: Apache-Coyote/1.1[\r][\n]"
22:09:27.273 [main] DEBUG org.apache.http.wire -  << "Content-Type: text/plain;charset=UTF-8[\r][\n]"
22:09:27.273 [main] DEBUG org.apache.http.wire -  << "Content-Length: 6[\r][\n]"
22:09:27.273 [main] DEBUG org.apache.http.wire -  << "Date: Sun, 07 Feb 2021 21:09:27 GMT[\r][\n]"
22:09:27.273 [main] DEBUG org.apache.http.wire -  << "[\r][\n]"
22:09:27.274 [main] DEBUG o.a.h.i.conn.DefaultClientConnection - Receiving response: HTTP/1.1 200 OK
22:09:27.274 [main] DEBUG org.apache.http.headers - << HTTP/1.1 200 OK
22:09:27.274 [main] DEBUG org.apache.http.headers - << Server: Apache-Coyote/1.1
22:09:27.274 [main] DEBUG org.apache.http.headers - << Content-Type: text/plain;charset=UTF-8
22:09:27.274 [main] DEBUG org.apache.http.headers - << Content-Length: 6
22:09:27.274 [main] DEBUG org.apache.http.headers - << Date: Sun, 07 Feb 2021 21:09:27 GMT
22:09:27.274 [main] DEBUG o.a.h.impl.client.DefaultHttpClient - Connection can be kept alive indefinitely
22:09:27.274 [main] DEBUG i.r.i.RequestSpecificationImpl$RestAssuredHttpBuilder - Parsing response as: text/plain;charset=UTF-8
22:09:27.274 [main] DEBUG i.r.i.RequestSpecificationImpl$RestAssuredHttpBuilder - Parsed data to instance of: class org.apache.http.conn.EofSensorInputStream
22:09:27.275 [main] DEBUG org.apache.http.wire -  << "a:1500"
22:09:27.275 [main] DEBUG o.a.h.i.c.BasicClientConnectionManager - Releasing connection org.apache.http.impl.conn.ManagedClientConnectionImpl@6d6d480c
22:09:27.275 [main] DEBUG o.a.h.i.c.BasicClientConnectionManager - Connection can be kept alive indefinitely
22:09:27.280 [main] DEBUG o.a.h.i.c.BasicClientConnectionManager - Get connection for route {}->http://localhost:8080
22:09:27.280 [main] DEBUG o.a.h.i.c.DefaultClientConnectionOperator - Connecting to localhost:8080
22:09:27.281 [main] DEBUG o.a.h.c.protocol.RequestAddCookies - CookieSpec selected: ignoreCookies
22:09:27.281 [main] DEBUG o.a.h.c.protocol.RequestAuthCache - Auth cache not set in the context
22:09:27.281 [main] DEBUG o.a.h.c.p.RequestTargetAuthentication - Target auth state: UNCHALLENGED
22:09:27.281 [main] DEBUG o.a.h.c.p.RequestProxyAuthentication - Proxy auth state: UNCHALLENGED
22:09:27.281 [main] DEBUG o.a.h.impl.client.DefaultHttpClient - Attempt 1 to execute request
22:09:27.281 [main] DEBUG o.a.h.i.conn.DefaultClientConnection - Sending request: GET /1?a=10&b=6 HTTP/1.1
22:09:27.281 [main] DEBUG org.apache.http.wire -  >> "GET /1?a=10&b=6 HTTP/1.1[\r][\n]"
22:09:27.281 [main] DEBUG org.apache.http.wire -  >> "Accept: */*[\r][\n]"
22:09:27.281 [main] DEBUG org.apache.http.wire -  >> "Host: localhost:8080[\r][\n]"
22:09:27.281 [main] DEBUG org.apache.http.wire -  >> "Connection: Keep-Alive[\r][\n]"
22:09:27.281 [main] DEBUG org.apache.http.wire -  >> "User-Agent: Apache-HttpClient/4.5.3 (Java/13.0.5.1)[\r][\n]"
22:09:27.281 [main] DEBUG org.apache.http.wire -  >> "Accept-Encoding: gzip,deflate[\r][\n]"
22:09:27.281 [main] DEBUG org.apache.http.wire -  >> "[\r][\n]"
22:09:27.281 [main] DEBUG org.apache.http.headers - >> GET /1?a=10&b=6 HTTP/1.1
22:09:27.281 [main] DEBUG org.apache.http.headers - >> Accept: */*
22:09:27.281 [main] DEBUG org.apache.http.headers - >> Host: localhost:8080
22:09:27.281 [main] DEBUG org.apache.http.headers - >> Connection: Keep-Alive
22:09:27.281 [main] DEBUG org.apache.http.headers - >> User-Agent: Apache-HttpClient/4.5.3 (Java/13.0.5.1)
22:09:27.281 [main] DEBUG org.apache.http.headers - >> Accept-Encoding: gzip,deflate
22:09:27.304 [main] DEBUG org.apache.http.wire -  << "HTTP/1.1 200 OK[\r][\n]"
22:09:27.304 [main] DEBUG org.apache.http.wire -  << "Server: Apache-Coyote/1.1[\r][\n]"
22:09:27.304 [main] DEBUG org.apache.http.wire -  << "Content-Type: text/plain;charset=UTF-8[\r][\n]"
22:09:27.304 [main] DEBUG org.apache.http.wire -  << "Content-Length: 6[\r][\n]"
22:09:27.304 [main] DEBUG org.apache.http.wire -  << "Date: Sun, 07 Feb 2021 21:09:27 GMT[\r][\n]"
22:09:27.304 [main] DEBUG org.apache.http.wire -  << "[\r][\n]"
22:09:27.304 [main] DEBUG o.a.h.i.conn.DefaultClientConnection - Receiving response: HTTP/1.1 200 OK
22:09:27.304 [main] DEBUG org.apache.http.headers - << HTTP/1.1 200 OK
22:09:27.304 [main] DEBUG org.apache.http.headers - << Server: Apache-Coyote/1.1
22:09:27.304 [main] DEBUG org.apache.http.headers - << Content-Type: text/plain;charset=UTF-8
22:09:27.304 [main] DEBUG org.apache.http.headers - << Content-Length: 6
22:09:27.304 [main] DEBUG org.apache.http.headers - << Date: Sun, 07 Feb 2021 21:09:27 GMT
22:09:27.304 [main] DEBUG o.a.h.impl.client.DefaultHttpClient - Connection can be kept alive indefinitely
22:09:27.304 [main] DEBUG i.r.i.RequestSpecificationImpl$RestAssuredHttpBuilder - Parsing response as: text/plain;charset=UTF-8
22:09:27.304 [main] DEBUG i.r.i.RequestSpecificationImpl$RestAssuredHttpBuilder - Parsed data to instance of: class org.apache.http.conn.EofSensorInputStream
22:09:27.305 [main] DEBUG org.apache.http.wire -  << "a:1500"
22:09:27.305 [main] DEBUG o.a.h.i.c.BasicClientConnectionManager - Releasing connection org.apache.http.impl.conn.ManagedClientConnectionImpl@7e4579c7
22:09:27.305 [main] DEBUG o.a.h.i.c.BasicClientConnectionManager - Connection can be kept alive indefinitely
22:09:27.308 [main] DEBUG o.a.h.i.c.BasicClientConnectionManager - Get connection for route {}->http://localhost:8080
22:09:27.309 [main] DEBUG o.a.h.i.c.DefaultClientConnectionOperator - Connecting to localhost:8080
22:09:27.310 [main] DEBUG o.a.h.c.protocol.RequestAddCookies - CookieSpec selected: ignoreCookies
22:09:27.310 [main] DEBUG o.a.h.c.protocol.RequestAuthCache - Auth cache not set in the context
22:09:27.310 [main] DEBUG o.a.h.c.p.RequestTargetAuthentication - Target auth state: UNCHALLENGED
22:09:27.310 [main] DEBUG o.a.h.c.p.RequestProxyAuthentication - Proxy auth state: UNCHALLENGED
22:09:27.310 [main] DEBUG o.a.h.impl.client.DefaultHttpClient - Attempt 1 to execute request
22:09:27.310 [main] DEBUG o.a.h.i.conn.DefaultClientConnection - Sending request: GET /1?a=10&b=6 HTTP/1.1
22:09:27.310 [main] DEBUG org.apache.http.wire -  >> "GET /1?a=10&b=6 HTTP/1.1[\r][\n]"
22:09:27.310 [main] DEBUG org.apache.http.wire -  >> "Accept: */*[\r][\n]"
22:09:27.310 [main] DEBUG org.apache.http.wire -  >> "Host: localhost:8080[\r][\n]"
22:09:27.310 [main] DEBUG org.apache.http.wire -  >> "Connection: Keep-Alive[\r][\n]"
22:09:27.310 [main] DEBUG org.apache.http.wire -  >> "User-Agent: Apache-HttpClient/4.5.3 (Java/13.0.5.1)[\r][\n]"
22:09:27.310 [main] DEBUG org.apache.http.wire -  >> "Accept-Encoding: gzip,deflate[\r][\n]"
22:09:27.310 [main] DEBUG org.apache.http.wire -  >> "[\r][\n]"
22:09:27.310 [main] DEBUG org.apache.http.headers - >> GET /1?a=10&b=6 HTTP/1.1
22:09:27.310 [main] DEBUG org.apache.http.headers - >> Accept: */*
22:09:27.310 [main] DEBUG org.apache.http.headers - >> Host: localhost:8080
22:09:27.310 [main] DEBUG org.apache.http.headers - >> Connection: Keep-Alive
22:09:27.310 [main] DEBUG org.apache.http.headers - >> User-Agent: Apache-HttpClient/4.5.3 (Java/13.0.5.1)
22:09:27.310 [main] DEBUG org.apache.http.headers - >> Accept-Encoding: gzip,deflate
22:09:27.336 [main] DEBUG org.apache.http.wire -  << "HTTP/1.1 200 OK[\r][\n]"
22:09:27.337 [main] DEBUG org.apache.http.wire -  << "Server: Apache-Coyote/1.1[\r][\n]"
22:09:27.337 [main] DEBUG org.apache.http.wire -  << "Content-Type: text/plain;charset=UTF-8[\r][\n]"
22:09:27.337 [main] DEBUG org.apache.http.wire -  << "Content-Length: 6[\r][\n]"
22:09:27.337 [main] DEBUG org.apache.http.wire -  << "Date: Sun, 07 Feb 2021 21:09:27 GMT[\r][\n]"
22:09:27.337 [main] DEBUG org.apache.http.wire -  << "[\r][\n]"
22:09:27.337 [main] DEBUG o.a.h.i.conn.DefaultClientConnection - Receiving response: HTTP/1.1 200 OK
22:09:27.337 [main] DEBUG org.apache.http.headers - << HTTP/1.1 200 OK
22:09:27.337 [main] DEBUG org.apache.http.headers - << Server: Apache-Coyote/1.1
22:09:27.337 [main] DEBUG org.apache.http.headers - << Content-Type: text/plain;charset=UTF-8
22:09:27.337 [main] DEBUG org.apache.http.headers - << Content-Length: 6
22:09:27.337 [main] DEBUG org.apache.http.headers - << Date: Sun, 07 Feb 2021 21:09:27 GMT
22:09:27.337 [main] DEBUG o.a.h.impl.client.DefaultHttpClient - Connection can be kept alive indefinitely
22:09:27.337 [main] DEBUG i.r.i.RequestSpecificationImpl$RestAssuredHttpBuilder - Parsing response as: text/plain;charset=UTF-8
22:09:27.337 [main] DEBUG i.r.i.RequestSpecificationImpl$RestAssuredHttpBuilder - Parsed data to instance of: class org.apache.http.conn.EofSensorInputStream
22:09:27.338 [main] DEBUG org.apache.http.wire -  << "a:1500"
22:09:27.338 [main] DEBUG o.a.h.i.c.BasicClientConnectionManager - Releasing connection org.apache.http.impl.conn.ManagedClientConnectionImpl@cedee22
22:09:27.338 [main] DEBUG o.a.h.i.c.BasicClientConnectionManager - Connection can be kept alive indefinitely
22:09:27.341 [main] DEBUG o.a.h.i.c.BasicClientConnectionManager - Get connection for route {}->http://localhost:8080
22:09:27.342 [main] DEBUG o.a.h.i.c.DefaultClientConnectionOperator - Connecting to localhost:8080
22:09:27.342 [main] DEBUG o.a.h.c.protocol.RequestAddCookies - CookieSpec selected: ignoreCookies
22:09:27.342 [main] DEBUG o.a.h.c.protocol.RequestAuthCache - Auth cache not set in the context
22:09:27.342 [main] DEBUG o.a.h.c.p.RequestTargetAuthentication - Target auth state: UNCHALLENGED
22:09:27.342 [main] DEBUG o.a.h.c.p.RequestProxyAuthentication - Proxy auth state: UNCHALLENGED
22:09:27.342 [main] DEBUG o.a.h.impl.client.DefaultHttpClient - Attempt 1 to execute request
22:09:27.342 [main] DEBUG o.a.h.i.conn.DefaultClientConnection - Sending request: GET /1?a=10&b=6 HTTP/1.1
22:09:27.342 [main] DEBUG org.apache.http.wire -  >> "GET /1?a=10&b=6 HTTP/1.1[\r][\n]"
22:09:27.342 [main] DEBUG org.apache.http.wire -  >> "Accept: */*[\r][\n]"
22:09:27.342 [main] DEBUG org.apache.http.wire -  >> "Host: localhost:8080[\r][\n]"
22:09:27.342 [main] DEBUG org.apache.http.wire -  >> "Connection: Keep-Alive[\r][\n]"
22:09:27.342 [main] DEBUG org.apache.http.wire -  >> "User-Agent: Apache-HttpClient/4.5.3 (Java/13.0.5.1)[\r][\n]"
22:09:27.342 [main] DEBUG org.apache.http.wire -  >> "Accept-Encoding: gzip,deflate[\r][\n]"
22:09:27.343 [main] DEBUG org.apache.http.wire -  >> "[\r][\n]"
22:09:27.343 [main] DEBUG org.apache.http.headers - >> GET /1?a=10&b=6 HTTP/1.1
22:09:27.343 [main] DEBUG org.apache.http.headers - >> Accept: */*
22:09:27.343 [main] DEBUG org.apache.http.headers - >> Host: localhost:8080
22:09:27.343 [main] DEBUG org.apache.http.headers - >> Connection: Keep-Alive
22:09:27.343 [main] DEBUG org.apache.http.headers - >> User-Agent: Apache-HttpClient/4.5.3 (Java/13.0.5.1)
22:09:27.343 [main] DEBUG org.apache.http.headers - >> Accept-Encoding: gzip,deflate
22:09:27.360 [main] DEBUG org.apache.http.wire -  << "HTTP/1.1 200 OK[\r][\n]"
22:09:27.361 [main] DEBUG org.apache.http.wire -  << "Server: Apache-Coyote/1.1[\r][\n]"
22:09:27.361 [main] DEBUG org.apache.http.wire -  << "Content-Type: text/plain;charset=UTF-8[\r][\n]"
22:09:27.361 [main] DEBUG org.apache.http.wire -  << "Content-Length: 6[\r][\n]"
22:09:27.361 [main] DEBUG org.apache.http.wire -  << "Date: Sun, 07 Feb 2021 21:09:27 GMT[\r][\n]"
22:09:27.361 [main] DEBUG org.apache.http.wire -  << "[\r][\n]"
22:09:27.361 [main] DEBUG o.a.h.i.conn.DefaultClientConnection - Receiving response: HTTP/1.1 200 OK
22:09:27.361 [main] DEBUG org.apache.http.headers - << HTTP/1.1 200 OK
22:09:27.361 [main] DEBUG org.apache.http.headers - << Server: Apache-Coyote/1.1
22:09:27.361 [main] DEBUG org.apache.http.headers - << Content-Type: text/plain;charset=UTF-8
22:09:27.361 [main] DEBUG org.apache.http.headers - << Content-Length: 6
22:09:27.361 [main] DEBUG org.apache.http.headers - << Date: Sun, 07 Feb 2021 21:09:27 GMT
22:09:27.362 [main] DEBUG o.a.h.impl.client.DefaultHttpClient - Connection can be kept alive indefinitely
22:09:27.363 [main] DEBUG i.r.i.RequestSpecificationImpl$RestAssuredHttpBuilder - Parsing response as: text/plain;charset=UTF-8
22:09:27.363 [main] DEBUG i.r.i.RequestSpecificationImpl$RestAssuredHttpBuilder - Parsed data to instance of: class org.apache.http.conn.EofSensorInputStream
22:09:27.365 [main] DEBUG org.apache.http.wire -  << "a:1500"
22:09:27.365 [main] DEBUG o.a.h.i.c.BasicClientConnectionManager - Releasing connection org.apache.http.impl.conn.ManagedClientConnectionImpl@233db8e9
22:09:27.366 [main] DEBUG o.a.h.i.c.BasicClientConnectionManager - Connection can be kept alive indefinitely
22:09:27.373 [main] DEBUG o.a.h.i.c.BasicClientConnectionManager - Get connection for route {}->http://localhost:8080
22:09:27.373 [main] DEBUG o.a.h.i.c.DefaultClientConnectionOperator - Connecting to localhost:8080
22:09:27.375 [main] DEBUG o.a.h.c.protocol.RequestAddCookies - CookieSpec selected: ignoreCookies
22:09:27.375 [main] DEBUG o.a.h.c.protocol.RequestAuthCache - Auth cache not set in the context
22:09:27.375 [main] DEBUG o.a.h.c.p.RequestTargetAuthentication - Target auth state: UNCHALLENGED
22:09:27.375 [main] DEBUG o.a.h.c.p.RequestProxyAuthentication - Proxy auth state: UNCHALLENGED
22:09:27.375 [main] DEBUG o.a.h.impl.client.DefaultHttpClient - Attempt 1 to execute request
22:09:27.375 [main] DEBUG o.a.h.i.conn.DefaultClientConnection - Sending request: GET /1?a=10&b=6 HTTP/1.1
22:09:27.375 [main] DEBUG org.apache.http.wire -  >> "GET /1?a=10&b=6 HTTP/1.1[\r][\n]"
22:09:27.375 [main] DEBUG org.apache.http.wire -  >> "Accept: */*[\r][\n]"
22:09:27.375 [main] DEBUG org.apache.http.wire -  >> "Host: localhost:8080[\r][\n]"
22:09:27.375 [main] DEBUG org.apache.http.wire -  >> "Connection: Keep-Alive[\r][\n]"
22:09:27.375 [main] DEBUG org.apache.http.wire -  >> "User-Agent: Apache-HttpClient/4.5.3 (Java/13.0.5.1)[\r][\n]"
22:09:27.375 [main] DEBUG org.apache.http.wire -  >> "Accept-Encoding: gzip,deflate[\r][\n]"
22:09:27.376 [main] DEBUG org.apache.http.wire -  >> "[\r][\n]"
22:09:27.376 [main] DEBUG org.apache.http.headers - >> GET /1?a=10&b=6 HTTP/1.1
22:09:27.376 [main] DEBUG org.apache.http.headers - >> Accept: */*
22:09:27.376 [main] DEBUG org.apache.http.headers - >> Host: localhost:8080
22:09:27.376 [main] DEBUG org.apache.http.headers - >> Connection: Keep-Alive
22:09:27.376 [main] DEBUG org.apache.http.headers - >> User-Agent: Apache-HttpClient/4.5.3 (Java/13.0.5.1)
22:09:27.376 [main] DEBUG org.apache.http.headers - >> Accept-Encoding: gzip,deflate
22:09:27.396 [main] DEBUG org.apache.http.wire -  << "HTTP/1.1 200 OK[\r][\n]"
22:09:27.396 [main] DEBUG org.apache.http.wire -  << "Server: Apache-Coyote/1.1[\r][\n]"
22:09:27.396 [main] DEBUG org.apache.http.wire -  << "Content-Type: text/plain;charset=UTF-8[\r][\n]"
22:09:27.396 [main] DEBUG org.apache.http.wire -  << "Content-Length: 6[\r][\n]"
22:09:27.396 [main] DEBUG org.apache.http.wire -  << "Date: Sun, 07 Feb 2021 21:09:27 GMT[\r][\n]"
22:09:27.396 [main] DEBUG org.apache.http.wire -  << "[\r][\n]"
22:09:27.396 [main] DEBUG o.a.h.i.conn.DefaultClientConnection - Receiving response: HTTP/1.1 200 OK
22:09:27.396 [main] DEBUG org.apache.http.headers - << HTTP/1.1 200 OK
22:09:27.396 [main] DEBUG org.apache.http.headers - << Server: Apache-Coyote/1.1
22:09:27.396 [main] DEBUG org.apache.http.headers - << Content-Type: text/plain;charset=UTF-8
22:09:27.396 [main] DEBUG org.apache.http.headers - << Content-Length: 6
22:09:27.396 [main] DEBUG org.apache.http.headers - << Date: Sun, 07 Feb 2021 21:09:27 GMT
22:09:27.396 [main] DEBUG o.a.h.impl.client.DefaultHttpClient - Connection can be kept alive indefinitely
22:09:27.396 [main] DEBUG i.r.i.RequestSpecificationImpl$RestAssuredHttpBuilder - Parsing response as: text/plain;charset=UTF-8
22:09:27.396 [main] DEBUG i.r.i.RequestSpecificationImpl$RestAssuredHttpBuilder - Parsed data to instance of: class org.apache.http.conn.EofSensorInputStream
22:09:27.396 [main] DEBUG org.apache.http.wire -  << "a:1500"
22:09:27.397 [main] DEBUG o.a.h.i.c.BasicClientConnectionManager - Releasing connection org.apache.http.impl.conn.ManagedClientConnectionImpl@60a7e509
22:09:27.397 [main] DEBUG o.a.h.i.c.BasicClientConnectionManager - Connection can be kept alive indefinitely
22:09:27.399 [main] DEBUG o.a.h.i.c.BasicClientConnectionManager - Get connection for route {}->http://localhost:8080
22:09:27.399 [main] DEBUG o.a.h.i.c.DefaultClientConnectionOperator - Connecting to localhost:8080
22:09:27.400 [main] DEBUG o.a.h.c.protocol.RequestAddCookies - CookieSpec selected: ignoreCookies
22:09:27.400 [main] DEBUG o.a.h.c.protocol.RequestAuthCache - Auth cache not set in the context
22:09:27.400 [main] DEBUG o.a.h.c.p.RequestTargetAuthentication - Target auth state: UNCHALLENGED
22:09:27.400 [main] DEBUG o.a.h.c.p.RequestProxyAuthentication - Proxy auth state: UNCHALLENGED
22:09:27.400 [main] DEBUG o.a.h.impl.client.DefaultHttpClient - Attempt 1 to execute request
22:09:27.400 [main] DEBUG o.a.h.i.conn.DefaultClientConnection - Sending request: GET /1?a=10&b=6 HTTP/1.1
22:09:27.400 [main] DEBUG org.apache.http.wire -  >> "GET /1?a=10&b=6 HTTP/1.1[\r][\n]"
22:09:27.400 [main] DEBUG org.apache.http.wire -  >> "Accept: */*[\r][\n]"
22:09:27.400 [main] DEBUG org.apache.http.wire -  >> "Host: localhost:8080[\r][\n]"
22:09:27.400 [main] DEBUG org.apache.http.wire -  >> "Connection: Keep-Alive[\r][\n]"
22:09:27.400 [main] DEBUG org.apache.http.wire -  >> "User-Agent: Apache-HttpClient/4.5.3 (Java/13.0.5.1)[\r][\n]"
22:09:27.400 [main] DEBUG org.apache.http.wire -  >> "Accept-Encoding: gzip,deflate[\r][\n]"
22:09:27.400 [main] DEBUG org.apache.http.wire -  >> "[\r][\n]"
22:09:27.400 [main] DEBUG org.apache.http.headers - >> GET /1?a=10&b=6 HTTP/1.1
22:09:27.400 [main] DEBUG org.apache.http.headers - >> Accept: */*
22:09:27.400 [main] DEBUG org.apache.http.headers - >> Host: localhost:8080
22:09:27.400 [main] DEBUG org.apache.http.headers - >> Connection: Keep-Alive
22:09:27.400 [main] DEBUG org.apache.http.headers - >> User-Agent: Apache-HttpClient/4.5.3 (Java/13.0.5.1)
22:09:27.400 [main] DEBUG org.apache.http.headers - >> Accept-Encoding: gzip,deflate
22:09:27.420 [main] DEBUG org.apache.http.wire -  << "HTTP/1.1 200 OK[\r][\n]"
22:09:27.420 [main] DEBUG org.apache.http.wire -  << "Server: Apache-Coyote/1.1[\r][\n]"
22:09:27.420 [main] DEBUG org.apache.http.wire -  << "Content-Type: text/plain;charset=UTF-8[\r][\n]"
22:09:27.420 [main] DEBUG org.apache.http.wire -  << "Content-Length: 6[\r][\n]"
22:09:27.420 [main] DEBUG org.apache.http.wire -  << "Date: Sun, 07 Feb 2021 21:09:27 GMT[\r][\n]"
22:09:27.420 [main] DEBUG org.apache.http.wire -  << "[\r][\n]"
22:09:27.420 [main] DEBUG o.a.h.i.conn.DefaultClientConnection - Receiving response: HTTP/1.1 200 OK
22:09:27.420 [main] DEBUG org.apache.http.headers - << HTTP/1.1 200 OK
22:09:27.420 [main] DEBUG org.apache.http.headers - << Server: Apache-Coyote/1.1
22:09:27.420 [main] DEBUG org.apache.http.headers - << Content-Type: text/plain;charset=UTF-8
22:09:27.420 [main] DEBUG org.apache.http.headers - << Content-Length: 6
22:09:27.420 [main] DEBUG org.apache.http.headers - << Date: Sun, 07 Feb 2021 21:09:27 GMT
22:09:27.420 [main] DEBUG o.a.h.impl.client.DefaultHttpClient - Connection can be kept alive indefinitely
22:09:27.420 [main] DEBUG i.r.i.RequestSpecificationImpl$RestAssuredHttpBuilder - Parsing response as: text/plain;charset=UTF-8
22:09:27.420 [main] DEBUG i.r.i.RequestSpecificationImpl$RestAssuredHttpBuilder - Parsed data to instance of: class org.apache.http.conn.EofSensorInputStream
22:09:27.421 [main] DEBUG org.apache.http.wire -  << "a:1500"
22:09:27.421 [main] DEBUG o.a.h.i.c.BasicClientConnectionManager - Releasing connection org.apache.http.impl.conn.ManagedClientConnectionImpl@3d24420b
22:09:27.421 [main] DEBUG o.a.h.i.c.BasicClientConnectionManager - Connection can be kept alive indefinitely
22:09:27.427 [main] DEBUG o.a.h.i.c.BasicClientConnectionManager - Get connection for route {}->http://localhost:8080
22:09:27.427 [main] DEBUG o.a.h.i.c.DefaultClientConnectionOperator - Connecting to localhost:8080
22:09:27.428 [main] DEBUG o.a.h.c.protocol.RequestAddCookies - CookieSpec selected: ignoreCookies
22:09:27.428 [main] DEBUG o.a.h.c.protocol.RequestAuthCache - Auth cache not set in the context
22:09:27.428 [main] DEBUG o.a.h.c.p.RequestTargetAuthentication - Target auth state: UNCHALLENGED
22:09:27.428 [main] DEBUG o.a.h.c.p.RequestProxyAuthentication - Proxy auth state: UNCHALLENGED
22:09:27.428 [main] DEBUG o.a.h.impl.client.DefaultHttpClient - Attempt 1 to execute request
22:09:27.428 [main] DEBUG o.a.h.i.conn.DefaultClientConnection - Sending request: GET /1?a=10&b=6 HTTP/1.1
22:09:27.428 [main] DEBUG org.apache.http.wire -  >> "GET /1?a=10&b=6 HTTP/1.1[\r][\n]"
22:09:27.428 [main] DEBUG org.apache.http.wire -  >> "Accept: */*[\r][\n]"
22:09:27.428 [main] DEBUG org.apache.http.wire -  >> "Host: localhost:8080[\r][\n]"
22:09:27.428 [main] DEBUG org.apache.http.wire -  >> "Connection: Keep-Alive[\r][\n]"
22:09:27.428 [main] DEBUG org.apache.http.wire -  >> "User-Agent: Apache-HttpClient/4.5.3 (Java/13.0.5.1)[\r][\n]"
22:09:27.428 [main] DEBUG org.apache.http.wire -  >> "Accept-Encoding: gzip,deflate[\r][\n]"
22:09:27.428 [main] DEBUG org.apache.http.wire -  >> "[\r][\n]"
22:09:27.428 [main] DEBUG org.apache.http.headers - >> GET /1?a=10&b=6 HTTP/1.1
22:09:27.428 [main] DEBUG org.apache.http.headers - >> Accept: */*
22:09:27.428 [main] DEBUG org.apache.http.headers - >> Host: localhost:8080
22:09:27.428 [main] DEBUG org.apache.http.headers - >> Connection: Keep-Alive
22:09:27.428 [main] DEBUG org.apache.http.headers - >> User-Agent: Apache-HttpClient/4.5.3 (Java/13.0.5.1)
22:09:27.428 [main] DEBUG org.apache.http.headers - >> Accept-Encoding: gzip,deflate
22:09:27.444 [main] DEBUG org.apache.http.wire -  << "HTTP/1.1 200 OK[\r][\n]"
22:09:27.444 [main] DEBUG org.apache.http.wire -  << "Server: Apache-Coyote/1.1[\r][\n]"
22:09:27.444 [main] DEBUG org.apache.http.wire -  << "Content-Type: text/plain;charset=UTF-8[\r][\n]"
22:09:27.444 [main] DEBUG org.apache.http.wire -  << "Content-Length: 6[\r][\n]"
22:09:27.444 [main] DEBUG org.apache.http.wire -  << "Date: Sun, 07 Feb 2021 21:09:27 GMT[\r][\n]"
22:09:27.444 [main] DEBUG org.apache.http.wire -  << "[\r][\n]"
22:09:27.444 [main] DEBUG o.a.h.i.conn.DefaultClientConnection - Receiving response: HTTP/1.1 200 OK
22:09:27.444 [main] DEBUG org.apache.http.headers - << HTTP/1.1 200 OK
22:09:27.444 [main] DEBUG org.apache.http.headers - << Server: Apache-Coyote/1.1
22:09:27.444 [main] DEBUG org.apache.http.headers - << Content-Type: text/plain;charset=UTF-8
22:09:27.444 [main] DEBUG org.apache.http.headers - << Content-Length: 6
22:09:27.444 [main] DEBUG org.apache.http.headers - << Date: Sun, 07 Feb 2021 21:09:27 GMT
22:09:27.444 [main] DEBUG o.a.h.impl.client.DefaultHttpClient - Connection can be kept alive indefinitely
22:09:27.444 [main] DEBUG i.r.i.RequestSpecificationImpl$RestAssuredHttpBuilder - Parsing response as: text/plain;charset=UTF-8
22:09:27.444 [main] DEBUG i.r.i.RequestSpecificationImpl$RestAssuredHttpBuilder - Parsed data to instance of: class org.apache.http.conn.EofSensorInputStream
22:09:27.444 [main] DEBUG org.apache.http.wire -  << "a:1500"
22:09:27.444 [main] DEBUG o.a.h.i.c.BasicClientConnectionManager - Releasing connection org.apache.http.impl.conn.ManagedClientConnectionImpl@32d5279
22:09:27.445 [main] DEBUG o.a.h.i.c.BasicClientConnectionManager - Connection can be kept alive indefinitely
22:09:27.447 [main] DEBUG o.a.h.i.c.BasicClientConnectionManager - Get connection for route {}->http://localhost:8080
22:09:27.447 [main] DEBUG o.a.h.i.c.DefaultClientConnectionOperator - Connecting to localhost:8080
22:09:27.448 [main] DEBUG o.a.h.c.protocol.RequestAddCookies - CookieSpec selected: ignoreCookies
22:09:27.448 [main] DEBUG o.a.h.c.protocol.RequestAuthCache - Auth cache not set in the context
22:09:27.448 [main] DEBUG o.a.h.c.p.RequestTargetAuthentication - Target auth state: UNCHALLENGED
22:09:27.448 [main] DEBUG o.a.h.c.p.RequestProxyAuthentication - Proxy auth state: UNCHALLENGED
22:09:27.448 [main] DEBUG o.a.h.impl.client.DefaultHttpClient - Attempt 1 to execute request
22:09:27.448 [main] DEBUG o.a.h.i.conn.DefaultClientConnection - Sending request: GET /1?a=10&b=6 HTTP/1.1
22:09:27.448 [main] DEBUG org.apache.http.wire -  >> "GET /1?a=10&b=6 HTTP/1.1[\r][\n]"
22:09:27.448 [main] DEBUG org.apache.http.wire -  >> "Accept: */*[\r][\n]"
22:09:27.448 [main] DEBUG org.apache.http.wire -  >> "Host: localhost:8080[\r][\n]"
22:09:27.448 [main] DEBUG org.apache.http.wire -  >> "Connection: Keep-Alive[\r][\n]"
22:09:27.448 [main] DEBUG org.apache.http.wire -  >> "User-Agent: Apache-HttpClient/4.5.3 (Java/13.0.5.1)[\r][\n]"
22:09:27.448 [main] DEBUG org.apache.http.wire -  >> "Accept-Encoding: gzip,deflate[\r][\n]"
22:09:27.448 [main] DEBUG org.apache.http.wire -  >> "[\r][\n]"
22:09:27.448 [main] DEBUG org.apache.http.headers - >> GET /1?a=10&b=6 HTTP/1.1
22:09:27.448 [main] DEBUG org.apache.http.headers - >> Accept: */*
22:09:27.449 [main] DEBUG org.apache.http.headers - >> Host: localhost:8080
22:09:27.449 [main] DEBUG org.apache.http.headers - >> Connection: Keep-Alive
22:09:27.449 [main] DEBUG org.apache.http.headers - >> User-Agent: Apache-HttpClient/4.5.3 (Java/13.0.5.1)
22:09:27.449 [main] DEBUG org.apache.http.headers - >> Accept-Encoding: gzip,deflate
22:09:27.468 [main] DEBUG org.apache.http.wire -  << "HTTP/1.1 200 OK[\r][\n]"
22:09:27.468 [main] DEBUG org.apache.http.wire -  << "Server: Apache-Coyote/1.1[\r][\n]"
22:09:27.468 [main] DEBUG org.apache.http.wire -  << "Content-Type: text/plain;charset=UTF-8[\r][\n]"
22:09:27.468 [main] DEBUG org.apache.http.wire -  << "Content-Length: 6[\r][\n]"
22:09:27.468 [main] DEBUG org.apache.http.wire -  << "Date: Sun, 07 Feb 2021 21:09:27 GMT[\r][\n]"
22:09:27.468 [main] DEBUG org.apache.http.wire -  << "[\r][\n]"
22:09:27.468 [main] DEBUG o.a.h.i.conn.DefaultClientConnection - Receiving response: HTTP/1.1 200 OK
22:09:27.468 [main] DEBUG org.apache.http.headers - << HTTP/1.1 200 OK
22:09:27.468 [main] DEBUG org.apache.http.headers - << Server: Apache-Coyote/1.1
22:09:27.468 [main] DEBUG org.apache.http.headers - << Content-Type: text/plain;charset=UTF-8
22:09:27.468 [main] DEBUG org.apache.http.headers - << Content-Length: 6
22:09:27.468 [main] DEBUG org.apache.http.headers - << Date: Sun, 07 Feb 2021 21:09:27 GMT
22:09:27.468 [main] DEBUG o.a.h.impl.client.DefaultHttpClient - Connection can be kept alive indefinitely
22:09:27.468 [main] DEBUG i.r.i.RequestSpecificationImpl$RestAssuredHttpBuilder - Parsing response as: text/plain;charset=UTF-8
22:09:27.468 [main] DEBUG i.r.i.RequestSpecificationImpl$RestAssuredHttpBuilder - Parsed data to instance of: class org.apache.http.conn.EofSensorInputStream
22:09:27.469 [main] DEBUG org.apache.http.wire -  << "a:1500"
22:09:27.469 [main] DEBUG o.a.h.i.c.BasicClientConnectionManager - Releasing connection org.apache.http.impl.conn.ManagedClientConnectionImpl@7f7b6639
22:09:27.469 [main] DEBUG o.a.h.i.c.BasicClientConnectionManager - Connection can be kept alive indefinitely
22:09:27.473 [main] DEBUG o.a.h.i.c.BasicClientConnectionManager - Get connection for route {}->http://localhost:8080
22:09:27.473 [main] DEBUG o.a.h.i.c.DefaultClientConnectionOperator - Connecting to localhost:8080
22:09:27.474 [main] DEBUG o.a.h.c.protocol.RequestAddCookies - CookieSpec selected: ignoreCookies
22:09:27.474 [main] DEBUG o.a.h.c.protocol.RequestAuthCache - Auth cache not set in the context
22:09:27.474 [main] DEBUG o.a.h.c.p.RequestTargetAuthentication - Target auth state: UNCHALLENGED
22:09:27.474 [main] DEBUG o.a.h.c.p.RequestProxyAuthentication - Proxy auth state: UNCHALLENGED
22:09:27.474 [main] DEBUG o.a.h.impl.client.DefaultHttpClient - Attempt 1 to execute request
22:09:27.474 [main] DEBUG o.a.h.i.conn.DefaultClientConnection - Sending request: GET /1?a=10&b=6 HTTP/1.1
22:09:27.474 [main] DEBUG org.apache.http.wire -  >> "GET /1?a=10&b=6 HTTP/1.1[\r][\n]"
22:09:27.474 [main] DEBUG org.apache.http.wire -  >> "Accept: */*[\r][\n]"
22:09:27.474 [main] DEBUG org.apache.http.wire -  >> "Host: localhost:8080[\r][\n]"
22:09:27.474 [main] DEBUG org.apache.http.wire -  >> "Connection: Keep-Alive[\r][\n]"
22:09:27.474 [main] DEBUG org.apache.http.wire -  >> "User-Agent: Apache-HttpClient/4.5.3 (Java/13.0.5.1)[\r][\n]"
22:09:27.474 [main] DEBUG org.apache.http.wire -  >> "Accept-Encoding: gzip,deflate[\r][\n]"
22:09:27.474 [main] DEBUG org.apache.http.wire -  >> "[\r][\n]"
22:09:27.474 [main] DEBUG org.apache.http.headers - >> GET /1?a=10&b=6 HTTP/1.1
22:09:27.474 [main] DEBUG org.apache.http.headers - >> Accept: */*
22:09:27.474 [main] DEBUG org.apache.http.headers - >> Host: localhost:8080
22:09:27.474 [main] DEBUG org.apache.http.headers - >> Connection: Keep-Alive
22:09:27.474 [main] DEBUG org.apache.http.headers - >> User-Agent: Apache-HttpClient/4.5.3 (Java/13.0.5.1)
22:09:27.474 [main] DEBUG org.apache.http.headers - >> Accept-Encoding: gzip,deflate
22:09:27.491 [main] DEBUG org.apache.http.wire -  << "HTTP/1.1 200 OK[\r][\n]"
22:09:27.491 [main] DEBUG org.apache.http.wire -  << "Server: Apache-Coyote/1.1[\r][\n]"
22:09:27.491 [main] DEBUG org.apache.http.wire -  << "Content-Type: text/plain;charset=UTF-8[\r][\n]"
22:09:27.491 [main] DEBUG org.apache.http.wire -  << "Content-Length: 6[\r][\n]"
22:09:27.491 [main] DEBUG org.apache.http.wire -  << "Date: Sun, 07 Feb 2021 21:09:27 GMT[\r][\n]"
22:09:27.491 [main] DEBUG org.apache.http.wire -  << "[\r][\n]"
22:09:27.491 [main] DEBUG o.a.h.i.conn.DefaultClientConnection - Receiving response: HTTP/1.1 200 OK
22:09:27.491 [main] DEBUG org.apache.http.headers - << HTTP/1.1 200 OK
22:09:27.491 [main] DEBUG org.apache.http.headers - << Server: Apache-Coyote/1.1
22:09:27.491 [main] DEBUG org.apache.http.headers - << Content-Type: text/plain;charset=UTF-8
22:09:27.491 [main] DEBUG org.apache.http.headers - << Content-Length: 6
22:09:27.491 [main] DEBUG org.apache.http.headers - << Date: Sun, 07 Feb 2021 21:09:27 GMT
22:09:27.492 [main] DEBUG o.a.h.impl.client.DefaultHttpClient - Connection can be kept alive indefinitely
22:09:27.492 [main] DEBUG i.r.i.RequestSpecificationImpl$RestAssuredHttpBuilder - Parsing response as: text/plain;charset=UTF-8
22:09:27.492 [main] DEBUG i.r.i.RequestSpecificationImpl$RestAssuredHttpBuilder - Parsed data to instance of: class org.apache.http.conn.EofSensorInputStream
22:09:27.492 [main] DEBUG org.apache.http.wire -  << "a:1500"
22:09:27.492 [main] DEBUG o.a.h.i.c.BasicClientConnectionManager - Releasing connection org.apache.http.impl.conn.ManagedClientConnectionImpl@3c0e00a8
22:09:27.493 [main] DEBUG o.a.h.i.c.BasicClientConnectionManager - Connection can be kept alive indefinitely
22:09:27.499 [main] DEBUG o.a.h.i.c.BasicClientConnectionManager - Get connection for route {}->http://localhost:8080
22:09:27.499 [main] DEBUG o.a.h.i.c.DefaultClientConnectionOperator - Connecting to localhost:8080
22:09:27.500 [main] DEBUG o.a.h.c.protocol.RequestAddCookies - CookieSpec selected: ignoreCookies
22:09:27.501 [main] DEBUG o.a.h.c.protocol.RequestAuthCache - Auth cache not set in the context
22:09:27.501 [main] DEBUG o.a.h.c.p.RequestTargetAuthentication - Target auth state: UNCHALLENGED
22:09:27.501 [main] DEBUG o.a.h.c.p.RequestProxyAuthentication - Proxy auth state: UNCHALLENGED
22:09:27.501 [main] DEBUG o.a.h.impl.client.DefaultHttpClient - Attempt 1 to execute request
22:09:27.501 [main] DEBUG o.a.h.i.conn.DefaultClientConnection - Sending request: GET /1?a=10&b=6 HTTP/1.1
22:09:27.501 [main] DEBUG org.apache.http.wire -  >> "GET /1?a=10&b=6 HTTP/1.1[\r][\n]"
22:09:27.501 [main] DEBUG org.apache.http.wire -  >> "Accept: */*[\r][\n]"
22:09:27.501 [main] DEBUG org.apache.http.wire -  >> "Host: localhost:8080[\r][\n]"
22:09:27.501 [main] DEBUG org.apache.http.wire -  >> "Connection: Keep-Alive[\r][\n]"
22:09:27.501 [main] DEBUG org.apache.http.wire -  >> "User-Agent: Apache-HttpClient/4.5.3 (Java/13.0.5.1)[\r][\n]"
22:09:27.501 [main] DEBUG org.apache.http.wire -  >> "Accept-Encoding: gzip,deflate[\r][\n]"
22:09:27.501 [main] DEBUG org.apache.http.wire -  >> "[\r][\n]"
22:09:27.501 [main] DEBUG org.apache.http.headers - >> GET /1?a=10&b=6 HTTP/1.1
22:09:27.501 [main] DEBUG org.apache.http.headers - >> Accept: */*
22:09:27.501 [main] DEBUG org.apache.http.headers - >> Host: localhost:8080
22:09:27.501 [main] DEBUG org.apache.http.headers - >> Connection: Keep-Alive
22:09:27.501 [main] DEBUG org.apache.http.headers - >> User-Agent: Apache-HttpClient/4.5.3 (Java/13.0.5.1)
22:09:27.501 [main] DEBUG org.apache.http.headers - >> Accept-Encoding: gzip,deflate
22:09:27.519 [main] DEBUG org.apache.http.wire -  << "HTTP/1.1 200 OK[\r][\n]"
22:09:27.519 [main] DEBUG org.apache.http.wire -  << "Server: Apache-Coyote/1.1[\r][\n]"
22:09:27.519 [main] DEBUG org.apache.http.wire -  << "Content-Type: text/plain;charset=UTF-8[\r][\n]"
22:09:27.519 [main] DEBUG org.apache.http.wire -  << "Content-Length: 6[\r][\n]"
22:09:27.519 [main] DEBUG org.apache.http.wire -  << "Date: Sun, 07 Feb 2021 21:09:27 GMT[\r][\n]"
22:09:27.519 [main] DEBUG org.apache.http.wire -  << "[\r][\n]"
22:09:27.519 [main] DEBUG o.a.h.i.conn.DefaultClientConnection - Receiving response: HTTP/1.1 200 OK
22:09:27.519 [main] DEBUG org.apache.http.headers - << HTTP/1.1 200 OK
22:09:27.519 [main] DEBUG org.apache.http.headers - << Server: Apache-Coyote/1.1
22:09:27.519 [main] DEBUG org.apache.http.headers - << Content-Type: text/plain;charset=UTF-8
22:09:27.519 [main] DEBUG org.apache.http.headers - << Content-Length: 6
22:09:27.519 [main] DEBUG org.apache.http.headers - << Date: Sun, 07 Feb 2021 21:09:27 GMT
22:09:27.519 [main] DEBUG o.a.h.impl.client.DefaultHttpClient - Connection can be kept alive indefinitely
22:09:27.519 [main] DEBUG i.r.i.RequestSpecificationImpl$RestAssuredHttpBuilder - Parsing response as: text/plain;charset=UTF-8
22:09:27.519 [main] DEBUG i.r.i.RequestSpecificationImpl$RestAssuredHttpBuilder - Parsed data to instance of: class org.apache.http.conn.EofSensorInputStream
22:09:27.520 [main] DEBUG org.apache.http.wire -  << "a:1500"
22:09:27.520 [main] DEBUG o.a.h.i.c.BasicClientConnectionManager - Releasing connection org.apache.http.impl.conn.ManagedClientConnectionImpl@78cfa264
22:09:27.520 [main] DEBUG o.a.h.i.c.BasicClientConnectionManager - Connection can be kept alive indefinitely
22:09:27.522 [main] DEBUG o.a.h.i.c.BasicClientConnectionManager - Get connection for route {}->http://localhost:8080
22:09:27.523 [main] DEBUG o.a.h.i.c.DefaultClientConnectionOperator - Connecting to localhost:8080
22:09:27.523 [main] DEBUG o.a.h.c.protocol.RequestAddCookies - CookieSpec selected: ignoreCookies
22:09:27.523 [main] DEBUG o.a.h.c.protocol.RequestAuthCache - Auth cache not set in the context
22:09:27.523 [main] DEBUG o.a.h.c.p.RequestTargetAuthentication - Target auth state: UNCHALLENGED
22:09:27.523 [main] DEBUG o.a.h.c.p.RequestProxyAuthentication - Proxy auth state: UNCHALLENGED
22:09:27.523 [main] DEBUG o.a.h.impl.client.DefaultHttpClient - Attempt 1 to execute request
22:09:27.523 [main] DEBUG o.a.h.i.conn.DefaultClientConnection - Sending request: GET /1?a=10&b=6 HTTP/1.1
22:09:27.523 [main] DEBUG org.apache.http.wire -  >> "GET /1?a=10&b=6 HTTP/1.1[\r][\n]"
22:09:27.523 [main] DEBUG org.apache.http.wire -  >> "Accept: */*[\r][\n]"
22:09:27.523 [main] DEBUG org.apache.http.wire -  >> "Host: localhost:8080[\r][\n]"
22:09:27.523 [main] DEBUG org.apache.http.wire -  >> "Connection: Keep-Alive[\r][\n]"
22:09:27.523 [main] DEBUG org.apache.http.wire -  >> "User-Agent: Apache-HttpClient/4.5.3 (Java/13.0.5.1)[\r][\n]"
22:09:27.523 [main] DEBUG org.apache.http.wire -  >> "Accept-Encoding: gzip,deflate[\r][\n]"
22:09:27.523 [main] DEBUG org.apache.http.wire -  >> "[\r][\n]"
22:09:27.523 [main] DEBUG org.apache.http.headers - >> GET /1?a=10&b=6 HTTP/1.1
22:09:27.523 [main] DEBUG org.apache.http.headers - >> Accept: */*
22:09:27.523 [main] DEBUG org.apache.http.headers - >> Host: localhost:8080
22:09:27.523 [main] DEBUG org.apache.http.headers - >> Connection: Keep-Alive
22:09:27.523 [main] DEBUG org.apache.http.headers - >> User-Agent: Apache-HttpClient/4.5.3 (Java/13.0.5.1)
22:09:27.523 [main] DEBUG org.apache.http.headers - >> Accept-Encoding: gzip,deflate
22:09:27.539 [main] DEBUG org.apache.http.wire -  << "HTTP/1.1 200 OK[\r][\n]"
22:09:27.539 [main] DEBUG org.apache.http.wire -  << "Server: Apache-Coyote/1.1[\r][\n]"
22:09:27.539 [main] DEBUG org.apache.http.wire -  << "Content-Type: text/plain;charset=UTF-8[\r][\n]"
22:09:27.539 [main] DEBUG org.apache.http.wire -  << "Content-Length: 6[\r][\n]"
22:09:27.539 [main] DEBUG org.apache.http.wire -  << "Date: Sun, 07 Feb 2021 21:09:27 GMT[\r][\n]"
22:09:27.539 [main] DEBUG org.apache.http.wire -  << "[\r][\n]"
22:09:27.539 [main] DEBUG o.a.h.i.conn.DefaultClientConnection - Receiving response: HTTP/1.1 200 OK
22:09:27.539 [main] DEBUG org.apache.http.headers - << HTTP/1.1 200 OK
22:09:27.539 [main] DEBUG org.apache.http.headers - << Server: Apache-Coyote/1.1
22:09:27.539 [main] DEBUG org.apache.http.headers - << Content-Type: text/plain;charset=UTF-8
22:09:27.539 [main] DEBUG org.apache.http.headers - << Content-Length: 6
22:09:27.539 [main] DEBUG org.apache.http.headers - << Date: Sun, 07 Feb 2021 21:09:27 GMT
22:09:27.539 [main] DEBUG o.a.h.impl.client.DefaultHttpClient - Connection can be kept alive indefinitely
22:09:27.539 [main] DEBUG i.r.i.RequestSpecificationImpl$RestAssuredHttpBuilder - Parsing response as: text/plain;charset=UTF-8
22:09:27.539 [main] DEBUG i.r.i.RequestSpecificationImpl$RestAssuredHttpBuilder - Parsed data to instance of: class org.apache.http.conn.EofSensorInputStream
22:09:27.540 [main] DEBUG org.apache.http.wire -  << "a:1500"
22:09:27.540 [main] DEBUG o.a.h.i.c.BasicClientConnectionManager - Releasing connection org.apache.http.impl.conn.ManagedClientConnectionImpl@4dde8976
22:09:27.540 [main] DEBUG o.a.h.i.c.BasicClientConnectionManager - Connection can be kept alive indefinitely
22:09:27.543 [main] DEBUG o.a.h.i.c.BasicClientConnectionManager - Get connection for route {}->http://localhost:8080
22:09:27.543 [main] DEBUG o.a.h.i.c.DefaultClientConnectionOperator - Connecting to localhost:8080
22:09:27.543 [main] DEBUG o.a.h.c.protocol.RequestAddCookies - CookieSpec selected: ignoreCookies
22:09:27.543 [main] DEBUG o.a.h.c.protocol.RequestAuthCache - Auth cache not set in the context
22:09:27.543 [main] DEBUG o.a.h.c.p.RequestTargetAuthentication - Target auth state: UNCHALLENGED
22:09:27.543 [main] DEBUG o.a.h.c.p.RequestProxyAuthentication - Proxy auth state: UNCHALLENGED
22:09:27.543 [main] DEBUG o.a.h.impl.client.DefaultHttpClient - Attempt 1 to execute request
22:09:27.543 [main] DEBUG o.a.h.i.conn.DefaultClientConnection - Sending request: GET /1?a=10&b=6 HTTP/1.1
22:09:27.543 [main] DEBUG org.apache.http.wire -  >> "GET /1?a=10&b=6 HTTP/1.1[\r][\n]"
22:09:27.543 [main] DEBUG org.apache.http.wire -  >> "Accept: */*[\r][\n]"
22:09:27.544 [main] DEBUG org.apache.http.wire -  >> "Host: localhost:8080[\r][\n]"
22:09:27.544 [main] DEBUG org.apache.http.wire -  >> "Connection: Keep-Alive[\r][\n]"
22:09:27.544 [main] DEBUG org.apache.http.wire -  >> "User-Agent: Apache-HttpClient/4.5.3 (Java/13.0.5.1)[\r][\n]"
22:09:27.544 [main] DEBUG org.apache.http.wire -  >> "Accept-Encoding: gzip,deflate[\r][\n]"
22:09:27.544 [main] DEBUG org.apache.http.wire -  >> "[\r][\n]"
22:09:27.544 [main] DEBUG org.apache.http.headers - >> GET /1?a=10&b=6 HTTP/1.1
22:09:27.544 [main] DEBUG org.apache.http.headers - >> Accept: */*
22:09:27.544 [main] DEBUG org.apache.http.headers - >> Host: localhost:8080
22:09:27.544 [main] DEBUG org.apache.http.headers - >> Connection: Keep-Alive
22:09:27.544 [main] DEBUG org.apache.http.headers - >> User-Agent: Apache-HttpClient/4.5.3 (Java/13.0.5.1)
22:09:27.544 [main] DEBUG org.apache.http.headers - >> Accept-Encoding: gzip,deflate
22:09:27.562 [main] DEBUG org.apache.http.wire -  << "HTTP/1.1 200 OK[\r][\n]"
22:09:27.562 [main] DEBUG org.apache.http.wire -  << "Server: Apache-Coyote/1.1[\r][\n]"
22:09:27.562 [main] DEBUG org.apache.http.wire -  << "Content-Type: text/plain;charset=UTF-8[\r][\n]"
22:09:27.562 [main] DEBUG org.apache.http.wire -  << "Content-Length: 6[\r][\n]"
22:09:27.563 [main] DEBUG org.apache.http.wire -  << "Date: Sun, 07 Feb 2021 21:09:27 GMT[\r][\n]"
22:09:27.563 [main] DEBUG org.apache.http.wire -  << "[\r][\n]"
22:09:27.563 [main] DEBUG o.a.h.i.conn.DefaultClientConnection - Receiving response: HTTP/1.1 200 OK
22:09:27.563 [main] DEBUG org.apache.http.headers - << HTTP/1.1 200 OK
22:09:27.563 [main] DEBUG org.apache.http.headers - << Server: Apache-Coyote/1.1
22:09:27.563 [main] DEBUG org.apache.http.headers - << Content-Type: text/plain;charset=UTF-8
22:09:27.563 [main] DEBUG org.apache.http.headers - << Content-Length: 6
22:09:27.563 [main] DEBUG org.apache.http.headers - << Date: Sun, 07 Feb 2021 21:09:27 GMT
22:09:27.563 [main] DEBUG o.a.h.impl.client.DefaultHttpClient - Connection can be kept alive indefinitely
22:09:27.563 [main] DEBUG i.r.i.RequestSpecificationImpl$RestAssuredHttpBuilder - Parsing response as: text/plain;charset=UTF-8
22:09:27.563 [main] DEBUG i.r.i.RequestSpecificationImpl$RestAssuredHttpBuilder - Parsed data to instance of: class org.apache.http.conn.EofSensorInputStream
22:09:27.563 [main] DEBUG org.apache.http.wire -  << "a:1500"
22:09:27.563 [main] DEBUG o.a.h.i.c.BasicClientConnectionManager - Releasing connection org.apache.http.impl.conn.ManagedClientConnectionImpl@40ac6b76
22:09:27.563 [main] DEBUG o.a.h.i.c.BasicClientConnectionManager - Connection can be kept alive indefinitely
22:09:27.566 [main] DEBUG o.a.h.i.c.BasicClientConnectionManager - Get connection for route {}->http://localhost:8080
22:09:27.566 [main] DEBUG o.a.h.i.c.DefaultClientConnectionOperator - Connecting to localhost:8080
22:09:27.567 [main] DEBUG o.a.h.c.protocol.RequestAddCookies - CookieSpec selected: ignoreCookies
22:09:27.567 [main] DEBUG o.a.h.c.protocol.RequestAuthCache - Auth cache not set in the context
22:09:27.567 [main] DEBUG o.a.h.c.p.RequestTargetAuthentication - Target auth state: UNCHALLENGED
22:09:27.567 [main] DEBUG o.a.h.c.p.RequestProxyAuthentication - Proxy auth state: UNCHALLENGED
22:09:27.567 [main] DEBUG o.a.h.impl.client.DefaultHttpClient - Attempt 1 to execute request
22:09:27.567 [main] DEBUG o.a.h.i.conn.DefaultClientConnection - Sending request: GET /1?a=10&b=6 HTTP/1.1
22:09:27.567 [main] DEBUG org.apache.http.wire -  >> "GET /1?a=10&b=6 HTTP/1.1[\r][\n]"
22:09:27.567 [main] DEBUG org.apache.http.wire -  >> "Accept: */*[\r][\n]"
22:09:27.567 [main] DEBUG org.apache.http.wire -  >> "Host: localhost:8080[\r][\n]"
22:09:27.567 [main] DEBUG org.apache.http.wire -  >> "Connection: Keep-Alive[\r][\n]"
22:09:27.567 [main] DEBUG org.apache.http.wire -  >> "User-Agent: Apache-HttpClient/4.5.3 (Java/13.0.5.1)[\r][\n]"
22:09:27.567 [main] DEBUG org.apache.http.wire -  >> "Accept-Encoding: gzip,deflate[\r][\n]"
22:09:27.567 [main] DEBUG org.apache.http.wire -  >> "[\r][\n]"
22:09:27.567 [main] DEBUG org.apache.http.headers - >> GET /1?a=10&b=6 HTTP/1.1
22:09:27.567 [main] DEBUG org.apache.http.headers - >> Accept: */*
22:09:27.567 [main] DEBUG org.apache.http.headers - >> Host: localhost:8080
22:09:27.567 [main] DEBUG org.apache.http.headers - >> Connection: Keep-Alive
22:09:27.567 [main] DEBUG org.apache.http.headers - >> User-Agent: Apache-HttpClient/4.5.3 (Java/13.0.5.1)
22:09:27.567 [main] DEBUG org.apache.http.headers - >> Accept-Encoding: gzip,deflate
22:09:27.585 [main] DEBUG org.apache.http.wire -  << "HTTP/1.1 200 OK[\r][\n]"
22:09:27.585 [main] DEBUG org.apache.http.wire -  << "Server: Apache-Coyote/1.1[\r][\n]"
22:09:27.585 [main] DEBUG org.apache.http.wire -  << "Content-Type: text/plain;charset=UTF-8[\r][\n]"
22:09:27.585 [main] DEBUG org.apache.http.wire -  << "Content-Length: 6[\r][\n]"
22:09:27.585 [main] DEBUG org.apache.http.wire -  << "Date: Sun, 07 Feb 2021 21:09:27 GMT[\r][\n]"
22:09:27.585 [main] DEBUG org.apache.http.wire -  << "[\r][\n]"
22:09:27.585 [main] DEBUG o.a.h.i.conn.DefaultClientConnection - Receiving response: HTTP/1.1 200 OK
22:09:27.585 [main] DEBUG org.apache.http.headers - << HTTP/1.1 200 OK
22:09:27.585 [main] DEBUG org.apache.http.headers - << Server: Apache-Coyote/1.1
22:09:27.585 [main] DEBUG org.apache.http.headers - << Content-Type: text/plain;charset=UTF-8
22:09:27.586 [main] DEBUG org.apache.http.headers - << Content-Length: 6
22:09:27.586 [main] DEBUG org.apache.http.headers - << Date: Sun, 07 Feb 2021 21:09:27 GMT
22:09:27.586 [main] DEBUG o.a.h.impl.client.DefaultHttpClient - Connection can be kept alive indefinitely
22:09:27.586 [main] DEBUG i.r.i.RequestSpecificationImpl$RestAssuredHttpBuilder - Parsing response as: text/plain;charset=UTF-8
22:09:27.586 [main] DEBUG i.r.i.RequestSpecificationImpl$RestAssuredHttpBuilder - Parsed data to instance of: class org.apache.http.conn.EofSensorInputStream
22:09:27.586 [main] DEBUG org.apache.http.wire -  << "a:1500"
22:09:27.586 [main] DEBUG o.a.h.i.c.BasicClientConnectionManager - Releasing connection org.apache.http.impl.conn.ManagedClientConnectionImpl@759de304
22:09:27.586 [main] DEBUG o.a.h.i.c.BasicClientConnectionManager - Connection can be kept alive indefinitely
22:09:27.590 [main] DEBUG o.a.h.i.c.BasicClientConnectionManager - Get connection for route {}->http://localhost:8080
22:09:27.590 [main] DEBUG o.a.h.i.c.DefaultClientConnectionOperator - Connecting to localhost:8080
22:09:27.590 [main] DEBUG o.a.h.c.protocol.RequestAddCookies - CookieSpec selected: ignoreCookies
22:09:27.591 [main] DEBUG o.a.h.c.protocol.RequestAuthCache - Auth cache not set in the context
22:09:27.591 [main] DEBUG o.a.h.c.p.RequestTargetAuthentication - Target auth state: UNCHALLENGED
22:09:27.591 [main] DEBUG o.a.h.c.p.RequestProxyAuthentication - Proxy auth state: UNCHALLENGED
22:09:27.591 [main] DEBUG o.a.h.impl.client.DefaultHttpClient - Attempt 1 to execute request
22:09:27.591 [main] DEBUG o.a.h.i.conn.DefaultClientConnection - Sending request: GET /1?a=10&b=6 HTTP/1.1
22:09:27.591 [main] DEBUG org.apache.http.wire -  >> "GET /1?a=10&b=6 HTTP/1.1[\r][\n]"
22:09:27.591 [main] DEBUG org.apache.http.wire -  >> "Accept: */*[\r][\n]"
22:09:27.591 [main] DEBUG org.apache.http.wire -  >> "Host: localhost:8080[\r][\n]"
22:09:27.591 [main] DEBUG org.apache.http.wire -  >> "Connection: Keep-Alive[\r][\n]"
22:09:27.591 [main] DEBUG org.apache.http.wire -  >> "User-Agent: Apache-HttpClient/4.5.3 (Java/13.0.5.1)[\r][\n]"
22:09:27.591 [main] DEBUG org.apache.http.wire -  >> "Accept-Encoding: gzip,deflate[\r][\n]"
22:09:27.591 [main] DEBUG org.apache.http.wire -  >> "[\r][\n]"
22:09:27.591 [main] DEBUG org.apache.http.headers - >> GET /1?a=10&b=6 HTTP/1.1
22:09:27.591 [main] DEBUG org.apache.http.headers - >> Accept: */*
22:09:27.591 [main] DEBUG org.apache.http.headers - >> Host: localhost:8080
22:09:27.591 [main] DEBUG org.apache.http.headers - >> Connection: Keep-Alive
22:09:27.591 [main] DEBUG org.apache.http.headers - >> User-Agent: Apache-HttpClient/4.5.3 (Java/13.0.5.1)
22:09:27.591 [main] DEBUG org.apache.http.headers - >> Accept-Encoding: gzip,deflate
22:09:27.606 [main] DEBUG org.apache.http.wire -  << "HTTP/1.1 200 OK[\r][\n]"
22:09:27.606 [main] DEBUG org.apache.http.wire -  << "Server: Apache-Coyote/1.1[\r][\n]"
22:09:27.606 [main] DEBUG org.apache.http.wire -  << "Content-Type: text/plain;charset=UTF-8[\r][\n]"
22:09:27.606 [main] DEBUG org.apache.http.wire -  << "Content-Length: 6[\r][\n]"
22:09:27.606 [main] DEBUG org.apache.http.wire -  << "Date: Sun, 07 Feb 2021 21:09:27 GMT[\r][\n]"
22:09:27.606 [main] DEBUG org.apache.http.wire -  << "[\r][\n]"
22:09:27.606 [main] DEBUG o.a.h.i.conn.DefaultClientConnection - Receiving response: HTTP/1.1 200 OK
22:09:27.606 [main] DEBUG org.apache.http.headers - << HTTP/1.1 200 OK
22:09:27.606 [main] DEBUG org.apache.http.headers - << Server: Apache-Coyote/1.1
22:09:27.606 [main] DEBUG org.apache.http.headers - << Content-Type: text/plain;charset=UTF-8
22:09:27.606 [main] DEBUG org.apache.http.headers - << Content-Length: 6
22:09:27.606 [main] DEBUG org.apache.http.headers - << Date: Sun, 07 Feb 2021 21:09:27 GMT
22:09:27.606 [main] DEBUG o.a.h.impl.client.DefaultHttpClient - Connection can be kept alive indefinitely
22:09:27.606 [main] DEBUG i.r.i.RequestSpecificationImpl$RestAssuredHttpBuilder - Parsing response as: text/plain;charset=UTF-8
22:09:27.606 [main] DEBUG i.r.i.RequestSpecificationImpl$RestAssuredHttpBuilder - Parsed data to instance of: class org.apache.http.conn.EofSensorInputStream
22:09:27.606 [main] DEBUG org.apache.http.wire -  << "a:1500"
22:09:27.606 [main] DEBUG o.a.h.i.c.BasicClientConnectionManager - Releasing connection org.apache.http.impl.conn.ManagedClientConnectionImpl@27443560
22:09:27.606 [main] DEBUG o.a.h.i.c.BasicClientConnectionManager - Connection can be kept alive indefinitely
22:09:27.610 [main] DEBUG o.a.h.i.c.BasicClientConnectionManager - Get connection for route {}->http://localhost:8080
22:09:27.610 [main] DEBUG o.a.h.i.c.DefaultClientConnectionOperator - Connecting to localhost:8080
22:09:27.611 [main] DEBUG o.a.h.c.protocol.RequestAddCookies - CookieSpec selected: ignoreCookies
22:09:27.611 [main] DEBUG o.a.h.c.protocol.RequestAuthCache - Auth cache not set in the context
22:09:27.611 [main] DEBUG o.a.h.c.p.RequestTargetAuthentication - Target auth state: UNCHALLENGED
22:09:27.611 [main] DEBUG o.a.h.c.p.RequestProxyAuthentication - Proxy auth state: UNCHALLENGED
22:09:27.611 [main] DEBUG o.a.h.impl.client.DefaultHttpClient - Attempt 1 to execute request
22:09:27.611 [main] DEBUG o.a.h.i.conn.DefaultClientConnection - Sending request: GET /1?a=10&b=6 HTTP/1.1
22:09:27.611 [main] DEBUG org.apache.http.wire -  >> "GET /1?a=10&b=6 HTTP/1.1[\r][\n]"
22:09:27.611 [main] DEBUG org.apache.http.wire -  >> "Accept: */*[\r][\n]"
22:09:27.611 [main] DEBUG org.apache.http.wire -  >> "Host: localhost:8080[\r][\n]"
22:09:27.611 [main] DEBUG org.apache.http.wire -  >> "Connection: Keep-Alive[\r][\n]"
22:09:27.611 [main] DEBUG org.apache.http.wire -  >> "User-Agent: Apache-HttpClient/4.5.3 (Java/13.0.5.1)[\r][\n]"
22:09:27.611 [main] DEBUG org.apache.http.wire -  >> "Accept-Encoding: gzip,deflate[\r][\n]"
22:09:27.611 [main] DEBUG org.apache.http.wire -  >> "[\r][\n]"
22:09:27.611 [main] DEBUG org.apache.http.headers - >> GET /1?a=10&b=6 HTTP/1.1
22:09:27.611 [main] DEBUG org.apache.http.headers - >> Accept: */*
22:09:27.611 [main] DEBUG org.apache.http.headers - >> Host: localhost:8080
22:09:27.611 [main] DEBUG org.apache.http.headers - >> Connection: Keep-Alive
22:09:27.611 [main] DEBUG org.apache.http.headers - >> User-Agent: Apache-HttpClient/4.5.3 (Java/13.0.5.1)
22:09:27.611 [main] DEBUG org.apache.http.headers - >> Accept-Encoding: gzip,deflate
22:09:27.637 [main] DEBUG org.apache.http.wire -  << "HTTP/1.1 200 OK[\r][\n]"
22:09:27.637 [main] DEBUG org.apache.http.wire -  << "Server: Apache-Coyote/1.1[\r][\n]"
22:09:27.637 [main] DEBUG org.apache.http.wire -  << "Content-Type: text/plain;charset=UTF-8[\r][\n]"
22:09:27.637 [main] DEBUG org.apache.http.wire -  << "Content-Length: 6[\r][\n]"
22:09:27.637 [main] DEBUG org.apache.http.wire -  << "Date: Sun, 07 Feb 2021 21:09:27 GMT[\r][\n]"
22:09:27.637 [main] DEBUG org.apache.http.wire -  << "[\r][\n]"
22:09:27.637 [main] DEBUG o.a.h.i.conn.DefaultClientConnection - Receiving response: HTTP/1.1 200 OK
22:09:27.637 [main] DEBUG org.apache.http.headers - << HTTP/1.1 200 OK
22:09:27.637 [main] DEBUG org.apache.http.headers - << Server: Apache-Coyote/1.1
22:09:27.637 [main] DEBUG org.apache.http.headers - << Content-Type: text/plain;charset=UTF-8
22:09:27.637 [main] DEBUG org.apache.http.headers - << Content-Length: 6
22:09:27.637 [main] DEBUG org.apache.http.headers - << Date: Sun, 07 Feb 2021 21:09:27 GMT
22:09:27.637 [main] DEBUG o.a.h.impl.client.DefaultHttpClient - Connection can be kept alive indefinitely
22:09:27.637 [main] DEBUG i.r.i.RequestSpecificationImpl$RestAssuredHttpBuilder - Parsing response as: text/plain;charset=UTF-8
22:09:27.637 [main] DEBUG i.r.i.RequestSpecificationImpl$RestAssuredHttpBuilder - Parsed data to instance of: class org.apache.http.conn.EofSensorInputStream
22:09:27.637 [main] DEBUG org.apache.http.wire -  << "a:1500"
22:09:27.637 [main] DEBUG o.a.h.i.c.BasicClientConnectionManager - Releasing connection org.apache.http.impl.conn.ManagedClientConnectionImpl@70721c12
22:09:27.637 [main] DEBUG o.a.h.i.c.BasicClientConnectionManager - Connection can be kept alive indefinitely
22:09:27.640 [main] DEBUG o.a.h.i.c.BasicClientConnectionManager - Get connection for route {}->http://localhost:8080
22:09:27.641 [main] DEBUG o.a.h.i.c.DefaultClientConnectionOperator - Connecting to localhost:8080
22:09:27.641 [main] DEBUG o.a.h.c.protocol.RequestAddCookies - CookieSpec selected: ignoreCookies
22:09:27.641 [main] DEBUG o.a.h.c.protocol.RequestAuthCache - Auth cache not set in the context
22:09:27.641 [main] DEBUG o.a.h.c.p.RequestTargetAuthentication - Target auth state: UNCHALLENGED
22:09:27.641 [main] DEBUG o.a.h.c.p.RequestProxyAuthentication - Proxy auth state: UNCHALLENGED
22:09:27.641 [main] DEBUG o.a.h.impl.client.DefaultHttpClient - Attempt 1 to execute request
22:09:27.641 [main] DEBUG o.a.h.i.conn.DefaultClientConnection - Sending request: GET /1?a=10&b=6 HTTP/1.1
22:09:27.641 [main] DEBUG org.apache.http.wire -  >> "GET /1?a=10&b=6 HTTP/1.1[\r][\n]"
22:09:27.641 [main] DEBUG org.apache.http.wire -  >> "Accept: */*[\r][\n]"
22:09:27.641 [main] DEBUG org.apache.http.wire -  >> "Host: localhost:8080[\r][\n]"
22:09:27.641 [main] DEBUG org.apache.http.wire -  >> "Connection: Keep-Alive[\r][\n]"
22:09:27.641 [main] DEBUG org.apache.http.wire -  >> "User-Agent: Apache-HttpClient/4.5.3 (Java/13.0.5.1)[\r][\n]"
22:09:27.641 [main] DEBUG org.apache.http.wire -  >> "Accept-Encoding: gzip,deflate[\r][\n]"
22:09:27.641 [main] DEBUG org.apache.http.wire -  >> "[\r][\n]"
22:09:27.641 [main] DEBUG org.apache.http.headers - >> GET /1?a=10&b=6 HTTP/1.1
22:09:27.641 [main] DEBUG org.apache.http.headers - >> Accept: */*
22:09:27.641 [main] DEBUG org.apache.http.headers - >> Host: localhost:8080
22:09:27.641 [main] DEBUG org.apache.http.headers - >> Connection: Keep-Alive
22:09:27.641 [main] DEBUG org.apache.http.headers - >> User-Agent: Apache-HttpClient/4.5.3 (Java/13.0.5.1)
22:09:27.641 [main] DEBUG org.apache.http.headers - >> Accept-Encoding: gzip,deflate
22:09:27.659 [main] DEBUG org.apache.http.wire -  << "HTTP/1.1 200 OK[\r][\n]"
22:09:27.659 [main] DEBUG org.apache.http.wire -  << "Server: Apache-Coyote/1.1[\r][\n]"
22:09:27.659 [main] DEBUG org.apache.http.wire -  << "Content-Type: text/plain;charset=UTF-8[\r][\n]"
22:09:27.659 [main] DEBUG org.apache.http.wire -  << "Content-Length: 6[\r][\n]"
22:09:27.659 [main] DEBUG org.apache.http.wire -  << "Date: Sun, 07 Feb 2021 21:09:27 GMT[\r][\n]"
22:09:27.659 [main] DEBUG org.apache.http.wire -  << "[\r][\n]"
22:09:27.659 [main] DEBUG o.a.h.i.conn.DefaultClientConnection - Receiving response: HTTP/1.1 200 OK
22:09:27.659 [main] DEBUG org.apache.http.headers - << HTTP/1.1 200 OK
22:09:27.659 [main] DEBUG org.apache.http.headers - << Server: Apache-Coyote/1.1
22:09:27.659 [main] DEBUG org.apache.http.headers - << Content-Type: text/plain;charset=UTF-8
22:09:27.659 [main] DEBUG org.apache.http.headers - << Content-Length: 6
22:09:27.659 [main] DEBUG org.apache.http.headers - << Date: Sun, 07 Feb 2021 21:09:27 GMT
22:09:27.659 [main] DEBUG o.a.h.impl.client.DefaultHttpClient - Connection can be kept alive indefinitely
22:09:27.660 [main] DEBUG i.r.i.RequestSpecificationImpl$RestAssuredHttpBuilder - Parsing response as: text/plain;charset=UTF-8
22:09:27.660 [main] DEBUG i.r.i.RequestSpecificationImpl$RestAssuredHttpBuilder - Parsed data to instance of: class org.apache.http.conn.EofSensorInputStream
22:09:27.660 [main] DEBUG org.apache.http.wire -  << "a:1500"
22:09:27.660 [main] DEBUG o.a.h.i.c.BasicClientConnectionManager - Releasing connection org.apache.http.impl.conn.ManagedClientConnectionImpl@20a967fe
22:09:27.660 [main] DEBUG o.a.h.i.c.BasicClientConnectionManager - Connection can be kept alive indefinitely
22:09:27.666 [main] DEBUG o.a.h.i.c.BasicClientConnectionManager - Get connection for route {}->http://localhost:8080
22:09:27.666 [main] DEBUG o.a.h.i.c.DefaultClientConnectionOperator - Connecting to localhost:8080
22:09:27.667 [main] DEBUG o.a.h.c.protocol.RequestAddCookies - CookieSpec selected: ignoreCookies
22:09:27.667 [main] DEBUG o.a.h.c.protocol.RequestAuthCache - Auth cache not set in the context
22:09:27.667 [main] DEBUG o.a.h.c.p.RequestTargetAuthentication - Target auth state: UNCHALLENGED
22:09:27.667 [main] DEBUG o.a.h.c.p.RequestProxyAuthentication - Proxy auth state: UNCHALLENGED
22:09:27.667 [main] DEBUG o.a.h.impl.client.DefaultHttpClient - Attempt 1 to execute request
22:09:27.667 [main] DEBUG o.a.h.i.conn.DefaultClientConnection - Sending request: GET /1?a=10&b=6 HTTP/1.1
22:09:27.667 [main] DEBUG org.apache.http.wire -  >> "GET /1?a=10&b=6 HTTP/1.1[\r][\n]"
22:09:27.667 [main] DEBUG org.apache.http.wire -  >> "Accept: */*[\r][\n]"
22:09:27.667 [main] DEBUG org.apache.http.wire -  >> "Host: localhost:8080[\r][\n]"
22:09:27.667 [main] DEBUG org.apache.http.wire -  >> "Connection: Keep-Alive[\r][\n]"
22:09:27.667 [main] DEBUG org.apache.http.wire -  >> "User-Agent: Apache-HttpClient/4.5.3 (Java/13.0.5.1)[\r][\n]"
22:09:27.667 [main] DEBUG org.apache.http.wire -  >> "Accept-Encoding: gzip,deflate[\r][\n]"
22:09:27.667 [main] DEBUG org.apache.http.wire -  >> "[\r][\n]"
22:09:27.667 [main] DEBUG org.apache.http.headers - >> GET /1?a=10&b=6 HTTP/1.1
22:09:27.667 [main] DEBUG org.apache.http.headers - >> Accept: */*
22:09:27.667 [main] DEBUG org.apache.http.headers - >> Host: localhost:8080
22:09:27.667 [main] DEBUG org.apache.http.headers - >> Connection: Keep-Alive
22:09:27.667 [main] DEBUG org.apache.http.headers - >> User-Agent: Apache-HttpClient/4.5.3 (Java/13.0.5.1)
22:09:27.667 [main] DEBUG org.apache.http.headers - >> Accept-Encoding: gzip,deflate
22:09:27.684 [main] DEBUG org.apache.http.wire -  << "HTTP/1.1 200 OK[\r][\n]"
22:09:27.684 [main] DEBUG org.apache.http.wire -  << "Server: Apache-Coyote/1.1[\r][\n]"
22:09:27.684 [main] DEBUG org.apache.http.wire -  << "Content-Type: text/plain;charset=UTF-8[\r][\n]"
22:09:27.684 [main] DEBUG org.apache.http.wire -  << "Content-Length: 6[\r][\n]"
22:09:27.684 [main] DEBUG org.apache.http.wire -  << "Date: Sun, 07 Feb 2021 21:09:27 GMT[\r][\n]"
22:09:27.684 [main] DEBUG org.apache.http.wire -  << "[\r][\n]"
22:09:27.684 [main] DEBUG o.a.h.i.conn.DefaultClientConnection - Receiving response: HTTP/1.1 200 OK
22:09:27.684 [main] DEBUG org.apache.http.headers - << HTTP/1.1 200 OK
22:09:27.684 [main] DEBUG org.apache.http.headers - << Server: Apache-Coyote/1.1
22:09:27.684 [main] DEBUG org.apache.http.headers - << Content-Type: text/plain;charset=UTF-8
22:09:27.684 [main] DEBUG org.apache.http.headers - << Content-Length: 6
22:09:27.684 [main] DEBUG org.apache.http.headers - << Date: Sun, 07 Feb 2021 21:09:27 GMT
22:09:27.684 [main] DEBUG o.a.h.impl.client.DefaultHttpClient - Connection can be kept alive indefinitely
22:09:27.685 [main] DEBUG i.r.i.RequestSpecificationImpl$RestAssuredHttpBuilder - Parsing response as: text/plain;charset=UTF-8
22:09:27.685 [main] DEBUG i.r.i.RequestSpecificationImpl$RestAssuredHttpBuilder - Parsed data to instance of: class org.apache.http.conn.EofSensorInputStream
22:09:27.685 [main] DEBUG org.apache.http.wire -  << "a:1500"
22:09:27.685 [main] DEBUG o.a.h.i.c.BasicClientConnectionManager - Releasing connection org.apache.http.impl.conn.ManagedClientConnectionImpl@1d858300
22:09:27.685 [main] DEBUG o.a.h.i.c.BasicClientConnectionManager - Connection can be kept alive indefinitely
22:09:27.687 [main] DEBUG o.a.h.i.c.BasicClientConnectionManager - Get connection for route {}->http://localhost:8080
22:09:27.687 [main] DEBUG o.a.h.i.c.DefaultClientConnectionOperator - Connecting to localhost:8080
22:09:27.688 [main] DEBUG o.a.h.c.protocol.RequestAddCookies - CookieSpec selected: ignoreCookies
22:09:27.688 [main] DEBUG o.a.h.c.protocol.RequestAuthCache - Auth cache not set in the context
22:09:27.688 [main] DEBUG o.a.h.c.p.RequestTargetAuthentication - Target auth state: UNCHALLENGED
22:09:27.688 [main] DEBUG o.a.h.c.p.RequestProxyAuthentication - Proxy auth state: UNCHALLENGED
22:09:27.688 [main] DEBUG o.a.h.impl.client.DefaultHttpClient - Attempt 1 to execute request
22:09:27.688 [main] DEBUG o.a.h.i.conn.DefaultClientConnection - Sending request: GET /1?a=10&b=6 HTTP/1.1
22:09:27.688 [main] DEBUG org.apache.http.wire -  >> "GET /1?a=10&b=6 HTTP/1.1[\r][\n]"
22:09:27.688 [main] DEBUG org.apache.http.wire -  >> "Accept: */*[\r][\n]"
22:09:27.688 [main] DEBUG org.apache.http.wire -  >> "Host: localhost:8080[\r][\n]"
22:09:27.688 [main] DEBUG org.apache.http.wire -  >> "Connection: Keep-Alive[\r][\n]"
22:09:27.688 [main] DEBUG org.apache.http.wire -  >> "User-Agent: Apache-HttpClient/4.5.3 (Java/13.0.5.1)[\r][\n]"
22:09:27.688 [main] DEBUG org.apache.http.wire -  >> "Accept-Encoding: gzip,deflate[\r][\n]"
22:09:27.688 [main] DEBUG org.apache.http.wire -  >> "[\r][\n]"
22:09:27.688 [main] DEBUG org.apache.http.headers - >> GET /1?a=10&b=6 HTTP/1.1
22:09:27.688 [main] DEBUG org.apache.http.headers - >> Accept: */*
22:09:27.688 [main] DEBUG org.apache.http.headers - >> Host: localhost:8080
22:09:27.688 [main] DEBUG org.apache.http.headers - >> Connection: Keep-Alive
22:09:27.688 [main] DEBUG org.apache.http.headers - >> User-Agent: Apache-HttpClient/4.5.3 (Java/13.0.5.1)
22:09:27.688 [main] DEBUG org.apache.http.headers - >> Accept-Encoding: gzip,deflate
22:09:27.711 [main] DEBUG org.apache.http.wire -  << "HTTP/1.1 200 OK[\r][\n]"
22:09:27.711 [main] DEBUG org.apache.http.wire -  << "Server: Apache-Coyote/1.1[\r][\n]"
22:09:27.711 [main] DEBUG org.apache.http.wire -  << "Content-Type: text/plain;charset=UTF-8[\r][\n]"
22:09:27.711 [main] DEBUG org.apache.http.wire -  << "Content-Length: 6[\r][\n]"
22:09:27.711 [main] DEBUG org.apache.http.wire -  << "Date: Sun, 07 Feb 2021 21:09:27 GMT[\r][\n]"
22:09:27.711 [main] DEBUG org.apache.http.wire -  << "[\r][\n]"
22:09:27.711 [main] DEBUG o.a.h.i.conn.DefaultClientConnection - Receiving response: HTTP/1.1 200 OK
22:09:27.711 [main] DEBUG org.apache.http.headers - << HTTP/1.1 200 OK
22:09:27.711 [main] DEBUG org.apache.http.headers - << Server: Apache-Coyote/1.1
22:09:27.711 [main] DEBUG org.apache.http.headers - << Content-Type: text/plain;charset=UTF-8
22:09:27.711 [main] DEBUG org.apache.http.headers - << Content-Length: 6
22:09:27.711 [main] DEBUG org.apache.http.headers - << Date: Sun, 07 Feb 2021 21:09:27 GMT
22:09:27.711 [main] DEBUG o.a.h.impl.client.DefaultHttpClient - Connection can be kept alive indefinitely
22:09:27.711 [main] DEBUG i.r.i.RequestSpecificationImpl$RestAssuredHttpBuilder - Parsing response as: text/plain;charset=UTF-8
22:09:27.711 [main] DEBUG i.r.i.RequestSpecificationImpl$RestAssuredHttpBuilder - Parsed data to instance of: class org.apache.http.conn.EofSensorInputStream
22:09:27.712 [main] DEBUG org.apache.http.wire -  << "a:1500"
22:09:27.712 [main] DEBUG o.a.h.i.c.BasicClientConnectionManager - Releasing connection org.apache.http.impl.conn.ManagedClientConnectionImpl@50a13c2f
22:09:27.712 [main] DEBUG o.a.h.i.c.BasicClientConnectionManager - Connection can be kept alive indefinitely
22:09:27.714 [main] DEBUG o.a.h.i.c.BasicClientConnectionManager - Get connection for route {}->http://localhost:8080
22:09:27.715 [main] DEBUG o.a.h.i.c.DefaultClientConnectionOperator - Connecting to localhost:8080
22:09:27.715 [main] DEBUG o.a.h.c.protocol.RequestAddCookies - CookieSpec selected: ignoreCookies
22:09:27.715 [main] DEBUG o.a.h.c.protocol.RequestAuthCache - Auth cache not set in the context
22:09:27.715 [main] DEBUG o.a.h.c.p.RequestTargetAuthentication - Target auth state: UNCHALLENGED
22:09:27.715 [main] DEBUG o.a.h.c.p.RequestProxyAuthentication - Proxy auth state: UNCHALLENGED
22:09:27.715 [main] DEBUG o.a.h.impl.client.DefaultHttpClient - Attempt 1 to execute request
22:09:27.715 [main] DEBUG o.a.h.i.conn.DefaultClientConnection - Sending request: GET /1?a=10&b=6 HTTP/1.1
22:09:27.715 [main] DEBUG org.apache.http.wire -  >> "GET /1?a=10&b=6 HTTP/1.1[\r][\n]"
22:09:27.715 [main] DEBUG org.apache.http.wire -  >> "Accept: */*[\r][\n]"
22:09:27.715 [main] DEBUG org.apache.http.wire -  >> "Host: localhost:8080[\r][\n]"
22:09:27.715 [main] DEBUG org.apache.http.wire -  >> "Connection: Keep-Alive[\r][\n]"
22:09:27.715 [main] DEBUG org.apache.http.wire -  >> "User-Agent: Apache-HttpClient/4.5.3 (Java/13.0.5.1)[\r][\n]"
22:09:27.715 [main] DEBUG org.apache.http.wire -  >> "Accept-Encoding: gzip,deflate[\r][\n]"
22:09:27.715 [main] DEBUG org.apache.http.wire -  >> "[\r][\n]"
22:09:27.715 [main] DEBUG org.apache.http.headers - >> GET /1?a=10&b=6 HTTP/1.1
22:09:27.715 [main] DEBUG org.apache.http.headers - >> Accept: */*
22:09:27.715 [main] DEBUG org.apache.http.headers - >> Host: localhost:8080
22:09:27.715 [main] DEBUG org.apache.http.headers - >> Connection: Keep-Alive
22:09:27.715 [main] DEBUG org.apache.http.headers - >> User-Agent: Apache-HttpClient/4.5.3 (Java/13.0.5.1)
22:09:27.715 [main] DEBUG org.apache.http.headers - >> Accept-Encoding: gzip,deflate
22:09:27.731 [main] DEBUG org.apache.http.wire -  << "HTTP/1.1 200 OK[\r][\n]"
22:09:27.731 [main] DEBUG org.apache.http.wire -  << "Server: Apache-Coyote/1.1[\r][\n]"
22:09:27.731 [main] DEBUG org.apache.http.wire -  << "Content-Type: text/plain;charset=UTF-8[\r][\n]"
22:09:27.731 [main] DEBUG org.apache.http.wire -  << "Content-Length: 6[\r][\n]"
22:09:27.731 [main] DEBUG org.apache.http.wire -  << "Date: Sun, 07 Feb 2021 21:09:27 GMT[\r][\n]"
22:09:27.731 [main] DEBUG org.apache.http.wire -  << "[\r][\n]"
22:09:27.731 [main] DEBUG o.a.h.i.conn.DefaultClientConnection - Receiving response: HTTP/1.1 200 OK
22:09:27.731 [main] DEBUG org.apache.http.headers - << HTTP/1.1 200 OK
22:09:27.731 [main] DEBUG org.apache.http.headers - << Server: Apache-Coyote/1.1
22:09:27.731 [main] DEBUG org.apache.http.headers - << Content-Type: text/plain;charset=UTF-8
22:09:27.731 [main] DEBUG org.apache.http.headers - << Content-Length: 6
22:09:27.731 [main] DEBUG org.apache.http.headers - << Date: Sun, 07 Feb 2021 21:09:27 GMT
22:09:27.731 [main] DEBUG o.a.h.impl.client.DefaultHttpClient - Connection can be kept alive indefinitely
22:09:27.731 [main] DEBUG i.r.i.RequestSpecificationImpl$RestAssuredHttpBuilder - Parsing response as: text/plain;charset=UTF-8
22:09:27.731 [main] DEBUG i.r.i.RequestSpecificationImpl$RestAssuredHttpBuilder - Parsed data to instance of: class org.apache.http.conn.EofSensorInputStream
22:09:27.732 [main] DEBUG org.apache.http.wire -  << "a:1500"
22:09:27.732 [main] DEBUG o.a.h.i.c.BasicClientConnectionManager - Releasing connection org.apache.http.impl.conn.ManagedClientConnectionImpl@2539cd1c
22:09:27.732 [main] DEBUG o.a.h.i.c.BasicClientConnectionManager - Connection can be kept alive indefinitely
22:09:27.735 [main] DEBUG o.a.h.i.c.BasicClientConnectionManager - Get connection for route {}->http://localhost:8080
22:09:27.735 [main] DEBUG o.a.h.i.c.DefaultClientConnectionOperator - Connecting to localhost:8080
22:09:27.735 [main] DEBUG o.a.h.c.protocol.RequestAddCookies - CookieSpec selected: ignoreCookies
22:09:27.735 [main] DEBUG o.a.h.c.protocol.RequestAuthCache - Auth cache not set in the context
22:09:27.735 [main] DEBUG o.a.h.c.p.RequestTargetAuthentication - Target auth state: UNCHALLENGED
22:09:27.735 [main] DEBUG o.a.h.c.p.RequestProxyAuthentication - Proxy auth state: UNCHALLENGED
22:09:27.735 [main] DEBUG o.a.h.impl.client.DefaultHttpClient - Attempt 1 to execute request
22:09:27.735 [main] DEBUG o.a.h.i.conn.DefaultClientConnection - Sending request: GET /1?a=10&b=6 HTTP/1.1
22:09:27.735 [main] DEBUG org.apache.http.wire -  >> "GET /1?a=10&b=6 HTTP/1.1[\r][\n]"
22:09:27.735 [main] DEBUG org.apache.http.wire -  >> "Accept: */*[\r][\n]"
22:09:27.735 [main] DEBUG org.apache.http.wire -  >> "Host: localhost:8080[\r][\n]"
22:09:27.735 [main] DEBUG org.apache.http.wire -  >> "Connection: Keep-Alive[\r][\n]"
22:09:27.735 [main] DEBUG org.apache.http.wire -  >> "User-Agent: Apache-HttpClient/4.5.3 (Java/13.0.5.1)[\r][\n]"
22:09:27.735 [main] DEBUG org.apache.http.wire -  >> "Accept-Encoding: gzip,deflate[\r][\n]"
22:09:27.735 [main] DEBUG org.apache.http.wire -  >> "[\r][\n]"
22:09:27.735 [main] DEBUG org.apache.http.headers - >> GET /1?a=10&b=6 HTTP/1.1
22:09:27.736 [main] DEBUG org.apache.http.headers - >> Accept: */*
22:09:27.736 [main] DEBUG org.apache.http.headers - >> Host: localhost:8080
22:09:27.736 [main] DEBUG org.apache.http.headers - >> Connection: Keep-Alive
22:09:27.736 [main] DEBUG org.apache.http.headers - >> User-Agent: Apache-HttpClient/4.5.3 (Java/13.0.5.1)
22:09:27.736 [main] DEBUG org.apache.http.headers - >> Accept-Encoding: gzip,deflate
22:09:27.752 [main] DEBUG org.apache.http.wire -  << "HTTP/1.1 200 OK[\r][\n]"
22:09:27.752 [main] DEBUG org.apache.http.wire -  << "Server: Apache-Coyote/1.1[\r][\n]"
22:09:27.752 [main] DEBUG org.apache.http.wire -  << "Content-Type: text/plain;charset=UTF-8[\r][\n]"
22:09:27.752 [main] DEBUG org.apache.http.wire -  << "Content-Length: 6[\r][\n]"
22:09:27.752 [main] DEBUG org.apache.http.wire -  << "Date: Sun, 07 Feb 2021 21:09:27 GMT[\r][\n]"
22:09:27.752 [main] DEBUG org.apache.http.wire -  << "[\r][\n]"
22:09:27.752 [main] DEBUG o.a.h.i.conn.DefaultClientConnection - Receiving response: HTTP/1.1 200 OK
22:09:27.752 [main] DEBUG org.apache.http.headers - << HTTP/1.1 200 OK
22:09:27.752 [main] DEBUG org.apache.http.headers - << Server: Apache-Coyote/1.1
22:09:27.752 [main] DEBUG org.apache.http.headers - << Content-Type: text/plain;charset=UTF-8
22:09:27.752 [main] DEBUG org.apache.http.headers - << Content-Length: 6
22:09:27.752 [main] DEBUG org.apache.http.headers - << Date: Sun, 07 Feb 2021 21:09:27 GMT
22:09:27.752 [main] DEBUG o.a.h.impl.client.DefaultHttpClient - Connection can be kept alive indefinitely
22:09:27.753 [main] DEBUG i.r.i.RequestSpecificationImpl$RestAssuredHttpBuilder - Parsing response as: text/plain;charset=UTF-8
22:09:27.753 [main] DEBUG i.r.i.RequestSpecificationImpl$RestAssuredHttpBuilder - Parsed data to instance of: class org.apache.http.conn.EofSensorInputStream
22:09:27.753 [main] DEBUG org.apache.http.wire -  << "a:1500"
22:09:27.753 [main] DEBUG o.a.h.i.c.BasicClientConnectionManager - Releasing connection org.apache.http.impl.conn.ManagedClientConnectionImpl@6b6eae52
22:09:27.753 [main] DEBUG o.a.h.i.c.BasicClientConnectionManager - Connection can be kept alive indefinitely
22:09:27.757 [main] DEBUG o.a.h.i.c.BasicClientConnectionManager - Get connection for route {}->http://localhost:8080
22:09:27.757 [main] DEBUG o.a.h.i.c.DefaultClientConnectionOperator - Connecting to localhost:8080
22:09:27.758 [main] DEBUG o.a.h.c.protocol.RequestAddCookies - CookieSpec selected: ignoreCookies
22:09:27.758 [main] DEBUG o.a.h.c.protocol.RequestAuthCache - Auth cache not set in the context
22:09:27.758 [main] DEBUG o.a.h.c.p.RequestTargetAuthentication - Target auth state: UNCHALLENGED
22:09:27.758 [main] DEBUG o.a.h.c.p.RequestProxyAuthentication - Proxy auth state: UNCHALLENGED
22:09:27.758 [main] DEBUG o.a.h.impl.client.DefaultHttpClient - Attempt 1 to execute request
22:09:27.758 [main] DEBUG o.a.h.i.conn.DefaultClientConnection - Sending request: GET /1?a=10&b=6 HTTP/1.1
22:09:27.758 [main] DEBUG org.apache.http.wire -  >> "GET /1?a=10&b=6 HTTP/1.1[\r][\n]"
22:09:27.758 [main] DEBUG org.apache.http.wire -  >> "Accept: */*[\r][\n]"
22:09:27.758 [main] DEBUG org.apache.http.wire -  >> "Host: localhost:8080[\r][\n]"
22:09:27.758 [main] DEBUG org.apache.http.wire -  >> "Connection: Keep-Alive[\r][\n]"
22:09:27.758 [main] DEBUG org.apache.http.wire -  >> "User-Agent: Apache-HttpClient/4.5.3 (Java/13.0.5.1)[\r][\n]"
22:09:27.758 [main] DEBUG org.apache.http.wire -  >> "Accept-Encoding: gzip,deflate[\r][\n]"
22:09:27.758 [main] DEBUG org.apache.http.wire -  >> "[\r][\n]"
22:09:27.758 [main] DEBUG org.apache.http.headers - >> GET /1?a=10&b=6 HTTP/1.1
22:09:27.758 [main] DEBUG org.apache.http.headers - >> Accept: */*
22:09:27.758 [main] DEBUG org.apache.http.headers - >> Host: localhost:8080
22:09:27.758 [main] DEBUG org.apache.http.headers - >> Connection: Keep-Alive
22:09:27.758 [main] DEBUG org.apache.http.headers - >> User-Agent: Apache-HttpClient/4.5.3 (Java/13.0.5.1)
22:09:27.758 [main] DEBUG org.apache.http.headers - >> Accept-Encoding: gzip,deflate
22:09:27.778 [main] DEBUG org.apache.http.wire -  << "HTTP/1.1 200 OK[\r][\n]"
22:09:27.778 [main] DEBUG org.apache.http.wire -  << "Server: Apache-Coyote/1.1[\r][\n]"
22:09:27.778 [main] DEBUG org.apache.http.wire -  << "Content-Type: text/plain;charset=UTF-8[\r][\n]"
22:09:27.778 [main] DEBUG org.apache.http.wire -  << "Content-Length: 6[\r][\n]"
22:09:27.778 [main] DEBUG org.apache.http.wire -  << "Date: Sun, 07 Feb 2021 21:09:27 GMT[\r][\n]"
22:09:27.778 [main] DEBUG org.apache.http.wire -  << "[\r][\n]"
22:09:27.778 [main] DEBUG o.a.h.i.conn.DefaultClientConnection - Receiving response: HTTP/1.1 200 OK
22:09:27.778 [main] DEBUG org.apache.http.headers - << HTTP/1.1 200 OK
22:09:27.778 [main] DEBUG org.apache.http.headers - << Server: Apache-Coyote/1.1
22:09:27.778 [main] DEBUG org.apache.http.headers - << Content-Type: text/plain;charset=UTF-8
22:09:27.778 [main] DEBUG org.apache.http.headers - << Content-Length: 6
22:09:27.778 [main] DEBUG org.apache.http.headers - << Date: Sun, 07 Feb 2021 21:09:27 GMT
22:09:27.778 [main] DEBUG o.a.h.impl.client.DefaultHttpClient - Connection can be kept alive indefinitely
22:09:27.778 [main] DEBUG i.r.i.RequestSpecificationImpl$RestAssuredHttpBuilder - Parsing response as: text/plain;charset=UTF-8
22:09:27.778 [main] DEBUG i.r.i.RequestSpecificationImpl$RestAssuredHttpBuilder - Parsed data to instance of: class org.apache.http.conn.EofSensorInputStream
22:09:27.779 [main] DEBUG org.apache.http.wire -  << "a:1500"
22:09:27.779 [main] DEBUG o.a.h.i.c.BasicClientConnectionManager - Releasing connection org.apache.http.impl.conn.ManagedClientConnectionImpl@de7e193
22:09:27.779 [main] DEBUG o.a.h.i.c.BasicClientConnectionManager - Connection can be kept alive indefinitely
22:09:27.781 [main] DEBUG o.a.h.i.c.BasicClientConnectionManager - Get connection for route {}->http://localhost:8080
22:09:27.781 [main] DEBUG o.a.h.i.c.DefaultClientConnectionOperator - Connecting to localhost:8080
22:09:27.782 [main] DEBUG o.a.h.c.protocol.RequestAddCookies - CookieSpec selected: ignoreCookies
22:09:27.782 [main] DEBUG o.a.h.c.protocol.RequestAuthCache - Auth cache not set in the context
22:09:27.782 [main] DEBUG o.a.h.c.p.RequestTargetAuthentication - Target auth state: UNCHALLENGED
22:09:27.782 [main] DEBUG o.a.h.c.p.RequestProxyAuthentication - Proxy auth state: UNCHALLENGED
22:09:27.782 [main] DEBUG o.a.h.impl.client.DefaultHttpClient - Attempt 1 to execute request
22:09:27.782 [main] DEBUG o.a.h.i.conn.DefaultClientConnection - Sending request: GET /1?a=10&b=6 HTTP/1.1
22:09:27.782 [main] DEBUG org.apache.http.wire -  >> "GET /1?a=10&b=6 HTTP/1.1[\r][\n]"
22:09:27.782 [main] DEBUG org.apache.http.wire -  >> "Accept: */*[\r][\n]"
22:09:27.782 [main] DEBUG org.apache.http.wire -  >> "Host: localhost:8080[\r][\n]"
22:09:27.782 [main] DEBUG org.apache.http.wire -  >> "Connection: Keep-Alive[\r][\n]"
22:09:27.782 [main] DEBUG org.apache.http.wire -  >> "User-Agent: Apache-HttpClient/4.5.3 (Java/13.0.5.1)[\r][\n]"
22:09:27.782 [main] DEBUG org.apache.http.wire -  >> "Accept-Encoding: gzip,deflate[\r][\n]"
22:09:27.782 [main] DEBUG org.apache.http.wire -  >> "[\r][\n]"
22:09:27.782 [main] DEBUG org.apache.http.headers - >> GET /1?a=10&b=6 HTTP/1.1
22:09:27.782 [main] DEBUG org.apache.http.headers - >> Accept: */*
22:09:27.782 [main] DEBUG org.apache.http.headers - >> Host: localhost:8080
22:09:27.782 [main] DEBUG org.apache.http.headers - >> Connection: Keep-Alive
22:09:27.782 [main] DEBUG org.apache.http.headers - >> User-Agent: Apache-HttpClient/4.5.3 (Java/13.0.5.1)
22:09:27.782 [main] DEBUG org.apache.http.headers - >> Accept-Encoding: gzip,deflate
22:09:27.800 [main] DEBUG org.apache.http.wire -  << "HTTP/1.1 200 OK[\r][\n]"
22:09:27.800 [main] DEBUG org.apache.http.wire -  << "Server: Apache-Coyote/1.1[\r][\n]"
22:09:27.800 [main] DEBUG org.apache.http.wire -  << "Content-Type: text/plain;charset=UTF-8[\r][\n]"
22:09:27.800 [main] DEBUG org.apache.http.wire -  << "Content-Length: 6[\r][\n]"
22:09:27.800 [main] DEBUG org.apache.http.wire -  << "Date: Sun, 07 Feb 2021 21:09:27 GMT[\r][\n]"
22:09:27.800 [main] DEBUG org.apache.http.wire -  << "[\r][\n]"
22:09:27.800 [main] DEBUG o.a.h.i.conn.DefaultClientConnection - Receiving response: HTTP/1.1 200 OK
22:09:27.800 [main] DEBUG org.apache.http.headers - << HTTP/1.1 200 OK
22:09:27.800 [main] DEBUG org.apache.http.headers - << Server: Apache-Coyote/1.1
22:09:27.800 [main] DEBUG org.apache.http.headers - << Content-Type: text/plain;charset=UTF-8
22:09:27.801 [main] DEBUG org.apache.http.headers - << Content-Length: 6
22:09:27.801 [main] DEBUG org.apache.http.headers - << Date: Sun, 07 Feb 2021 21:09:27 GMT
22:09:27.801 [main] DEBUG o.a.h.impl.client.DefaultHttpClient - Connection can be kept alive indefinitely
22:09:27.801 [main] DEBUG i.r.i.RequestSpecificationImpl$RestAssuredHttpBuilder - Parsing response as: text/plain;charset=UTF-8
22:09:27.801 [main] DEBUG i.r.i.RequestSpecificationImpl$RestAssuredHttpBuilder - Parsed data to instance of: class org.apache.http.conn.EofSensorInputStream
22:09:27.801 [main] DEBUG org.apache.http.wire -  << "a:1500"
22:09:27.801 [main] DEBUG o.a.h.i.c.BasicClientConnectionManager - Releasing connection org.apache.http.impl.conn.ManagedClientConnectionImpl@4997552e
22:09:27.801 [main] DEBUG o.a.h.i.c.BasicClientConnectionManager - Connection can be kept alive indefinitely
22:09:27.805 [main] DEBUG o.a.h.i.c.BasicClientConnectionManager - Get connection for route {}->http://localhost:8080
22:09:27.805 [main] DEBUG o.a.h.i.c.DefaultClientConnectionOperator - Connecting to localhost:8080
22:09:27.806 [main] DEBUG o.a.h.c.protocol.RequestAddCookies - CookieSpec selected: ignoreCookies
22:09:27.806 [main] DEBUG o.a.h.c.protocol.RequestAuthCache - Auth cache not set in the context
22:09:27.806 [main] DEBUG o.a.h.c.p.RequestTargetAuthentication - Target auth state: UNCHALLENGED
22:09:27.806 [main] DEBUG o.a.h.c.p.RequestProxyAuthentication - Proxy auth state: UNCHALLENGED
22:09:27.806 [main] DEBUG o.a.h.impl.client.DefaultHttpClient - Attempt 1 to execute request
22:09:27.806 [main] DEBUG o.a.h.i.conn.DefaultClientConnection - Sending request: GET /1?a=10&b=6 HTTP/1.1
22:09:27.806 [main] DEBUG org.apache.http.wire -  >> "GET /1?a=10&b=6 HTTP/1.1[\r][\n]"
22:09:27.806 [main] DEBUG org.apache.http.wire -  >> "Accept: */*[\r][\n]"
22:09:27.806 [main] DEBUG org.apache.http.wire -  >> "Host: localhost:8080[\r][\n]"
22:09:27.806 [main] DEBUG org.apache.http.wire -  >> "Connection: Keep-Alive[\r][\n]"
22:09:27.806 [main] DEBUG org.apache.http.wire -  >> "User-Agent: Apache-HttpClient/4.5.3 (Java/13.0.5.1)[\r][\n]"
22:09:27.806 [main] DEBUG org.apache.http.wire -  >> "Accept-Encoding: gzip,deflate[\r][\n]"
22:09:27.806 [main] DEBUG org.apache.http.wire -  >> "[\r][\n]"
22:09:27.806 [main] DEBUG org.apache.http.headers - >> GET /1?a=10&b=6 HTTP/1.1
22:09:27.806 [main] DEBUG org.apache.http.headers - >> Accept: */*
22:09:27.806 [main] DEBUG org.apache.http.headers - >> Host: localhost:8080
22:09:27.806 [main] DEBUG org.apache.http.headers - >> Connection: Keep-Alive
22:09:27.806 [main] DEBUG org.apache.http.headers - >> User-Agent: Apache-HttpClient/4.5.3 (Java/13.0.5.1)
22:09:27.807 [main] DEBUG org.apache.http.headers - >> Accept-Encoding: gzip,deflate
22:09:27.823 [main] DEBUG org.apache.http.wire -  << "HTTP/1.1 200 OK[\r][\n]"
22:09:27.823 [main] DEBUG org.apache.http.wire -  << "Server: Apache-Coyote/1.1[\r][\n]"
22:09:27.823 [main] DEBUG org.apache.http.wire -  << "Content-Type: text/plain;charset=UTF-8[\r][\n]"
22:09:27.823 [main] DEBUG org.apache.http.wire -  << "Content-Length: 6[\r][\n]"
22:09:27.823 [main] DEBUG org.apache.http.wire -  << "Date: Sun, 07 Feb 2021 21:09:27 GMT[\r][\n]"
22:09:27.823 [main] DEBUG org.apache.http.wire -  << "[\r][\n]"
22:09:27.823 [main] DEBUG o.a.h.i.conn.DefaultClientConnection - Receiving response: HTTP/1.1 200 OK
22:09:27.823 [main] DEBUG org.apache.http.headers - << HTTP/1.1 200 OK
22:09:27.823 [main] DEBUG org.apache.http.headers - << Server: Apache-Coyote/1.1
22:09:27.823 [main] DEBUG org.apache.http.headers - << Content-Type: text/plain;charset=UTF-8
22:09:27.823 [main] DEBUG org.apache.http.headers - << Content-Length: 6
22:09:27.823 [main] DEBUG org.apache.http.headers - << Date: Sun, 07 Feb 2021 21:09:27 GMT
22:09:27.823 [main] DEBUG o.a.h.impl.client.DefaultHttpClient - Connection can be kept alive indefinitely
22:09:27.824 [main] DEBUG i.r.i.RequestSpecificationImpl$RestAssuredHttpBuilder - Parsing response as: text/plain;charset=UTF-8
22:09:27.824 [main] DEBUG i.r.i.RequestSpecificationImpl$RestAssuredHttpBuilder - Parsed data to instance of: class org.apache.http.conn.EofSensorInputStream
22:09:27.824 [main] DEBUG org.apache.http.wire -  << "a:1500"
22:09:27.824 [main] DEBUG o.a.h.i.c.BasicClientConnectionManager - Releasing connection org.apache.http.impl.conn.ManagedClientConnectionImpl@93824eb
22:09:27.824 [main] DEBUG o.a.h.i.c.BasicClientConnectionManager - Connection can be kept alive indefinitely
22:09:27.826 [main] DEBUG o.a.h.i.c.BasicClientConnectionManager - Get connection for route {}->http://localhost:8080
22:09:27.827 [main] DEBUG o.a.h.i.c.DefaultClientConnectionOperator - Connecting to localhost:8080
22:09:27.827 [main] DEBUG o.a.h.c.protocol.RequestAddCookies - CookieSpec selected: ignoreCookies
22:09:27.827 [main] DEBUG o.a.h.c.protocol.RequestAuthCache - Auth cache not set in the context
22:09:27.827 [main] DEBUG o.a.h.c.p.RequestTargetAuthentication - Target auth state: UNCHALLENGED
22:09:27.827 [main] DEBUG o.a.h.c.p.RequestProxyAuthentication - Proxy auth state: UNCHALLENGED
22:09:27.827 [main] DEBUG o.a.h.impl.client.DefaultHttpClient - Attempt 1 to execute request
22:09:27.827 [main] DEBUG o.a.h.i.conn.DefaultClientConnection - Sending request: GET /1?a=10&b=6 HTTP/1.1
22:09:27.827 [main] DEBUG org.apache.http.wire -  >> "GET /1?a=10&b=6 HTTP/1.1[\r][\n]"
22:09:27.827 [main] DEBUG org.apache.http.wire -  >> "Accept: */*[\r][\n]"
22:09:27.827 [main] DEBUG org.apache.http.wire -  >> "Host: localhost:8080[\r][\n]"
22:09:27.827 [main] DEBUG org.apache.http.wire -  >> "Connection: Keep-Alive[\r][\n]"
22:09:27.827 [main] DEBUG org.apache.http.wire -  >> "User-Agent: Apache-HttpClient/4.5.3 (Java/13.0.5.1)[\r][\n]"
22:09:27.827 [main] DEBUG org.apache.http.wire -  >> "Accept-Encoding: gzip,deflate[\r][\n]"
22:09:27.827 [main] DEBUG org.apache.http.wire -  >> "[\r][\n]"
22:09:27.827 [main] DEBUG org.apache.http.headers - >> GET /1?a=10&b=6 HTTP/1.1
22:09:27.827 [main] DEBUG org.apache.http.headers - >> Accept: */*
22:09:27.827 [main] DEBUG org.apache.http.headers - >> Host: localhost:8080
22:09:27.827 [main] DEBUG org.apache.http.headers - >> Connection: Keep-Alive
22:09:27.827 [main] DEBUG org.apache.http.headers - >> User-Agent: Apache-HttpClient/4.5.3 (Java/13.0.5.1)
22:09:27.827 [main] DEBUG org.apache.http.headers - >> Accept-Encoding: gzip,deflate
22:09:27.842 [main] DEBUG org.apache.http.wire -  << "HTTP/1.1 200 OK[\r][\n]"
22:09:27.842 [main] DEBUG org.apache.http.wire -  << "Server: Apache-Coyote/1.1[\r][\n]"
22:09:27.842 [main] DEBUG org.apache.http.wire -  << "Content-Type: text/plain;charset=UTF-8[\r][\n]"
22:09:27.842 [main] DEBUG org.apache.http.wire -  << "Content-Length: 6[\r][\n]"
22:09:27.842 [main] DEBUG org.apache.http.wire -  << "Date: Sun, 07 Feb 2021 21:09:27 GMT[\r][\n]"
22:09:27.842 [main] DEBUG org.apache.http.wire -  << "[\r][\n]"
22:09:27.842 [main] DEBUG o.a.h.i.conn.DefaultClientConnection - Receiving response: HTTP/1.1 200 OK
22:09:27.842 [main] DEBUG org.apache.http.headers - << HTTP/1.1 200 OK
22:09:27.842 [main] DEBUG org.apache.http.headers - << Server: Apache-Coyote/1.1
22:09:27.842 [main] DEBUG org.apache.http.headers - << Content-Type: text/plain;charset=UTF-8
22:09:27.842 [main] DEBUG org.apache.http.headers - << Content-Length: 6
22:09:27.842 [main] DEBUG org.apache.http.headers - << Date: Sun, 07 Feb 2021 21:09:27 GMT
22:09:27.842 [main] DEBUG o.a.h.impl.client.DefaultHttpClient - Connection can be kept alive indefinitely
22:09:27.842 [main] DEBUG i.r.i.RequestSpecificationImpl$RestAssuredHttpBuilder - Parsing response as: text/plain;charset=UTF-8
22:09:27.842 [main] DEBUG i.r.i.RequestSpecificationImpl$RestAssuredHttpBuilder - Parsed data to instance of: class org.apache.http.conn.EofSensorInputStream
22:09:27.843 [main] DEBUG org.apache.http.wire -  << "a:1500"
22:09:27.843 [main] DEBUG o.a.h.i.c.BasicClientConnectionManager - Releasing connection org.apache.http.impl.conn.ManagedClientConnectionImpl@12c0c0b3
22:09:27.843 [main] DEBUG o.a.h.i.c.BasicClientConnectionManager - Connection can be kept alive indefinitely
22:09:27.850 [main] DEBUG o.a.h.i.c.BasicClientConnectionManager - Get connection for route {}->http://localhost:8080
22:09:27.850 [main] DEBUG o.a.h.i.c.DefaultClientConnectionOperator - Connecting to localhost:8080
22:09:27.851 [main] DEBUG o.a.h.c.protocol.RequestAddCookies - CookieSpec selected: ignoreCookies
22:09:27.851 [main] DEBUG o.a.h.c.protocol.RequestAuthCache - Auth cache not set in the context
22:09:27.851 [main] DEBUG o.a.h.c.p.RequestTargetAuthentication - Target auth state: UNCHALLENGED
22:09:27.851 [main] DEBUG o.a.h.c.p.RequestProxyAuthentication - Proxy auth state: UNCHALLENGED
22:09:27.851 [main] DEBUG o.a.h.impl.client.DefaultHttpClient - Attempt 1 to execute request
22:09:27.851 [main] DEBUG o.a.h.i.conn.DefaultClientConnection - Sending request: GET /1?a=10&b=6 HTTP/1.1
22:09:27.851 [main] DEBUG org.apache.http.wire -  >> "GET /1?a=10&b=6 HTTP/1.1[\r][\n]"
22:09:27.851 [main] DEBUG org.apache.http.wire -  >> "Accept: */*[\r][\n]"
22:09:27.851 [main] DEBUG org.apache.http.wire -  >> "Host: localhost:8080[\r][\n]"
22:09:27.851 [main] DEBUG org.apache.http.wire -  >> "Connection: Keep-Alive[\r][\n]"
22:09:27.851 [main] DEBUG org.apache.http.wire -  >> "User-Agent: Apache-HttpClient/4.5.3 (Java/13.0.5.1)[\r][\n]"
22:09:27.851 [main] DEBUG org.apache.http.wire -  >> "Accept-Encoding: gzip,deflate[\r][\n]"
22:09:27.851 [main] DEBUG org.apache.http.wire -  >> "[\r][\n]"
22:09:27.851 [main] DEBUG org.apache.http.headers - >> GET /1?a=10&b=6 HTTP/1.1
22:09:27.851 [main] DEBUG org.apache.http.headers - >> Accept: */*
22:09:27.851 [main] DEBUG org.apache.http.headers - >> Host: localhost:8080
22:09:27.851 [main] DEBUG org.apache.http.headers - >> Connection: Keep-Alive
22:09:27.851 [main] DEBUG org.apache.http.headers - >> User-Agent: Apache-HttpClient/4.5.3 (Java/13.0.5.1)
22:09:27.851 [main] DEBUG org.apache.http.headers - >> Accept-Encoding: gzip,deflate
22:09:27.869 [main] DEBUG org.apache.http.wire -  << "HTTP/1.1 200 OK[\r][\n]"
22:09:27.869 [main] DEBUG org.apache.http.wire -  << "Server: Apache-Coyote/1.1[\r][\n]"
22:09:27.869 [main] DEBUG org.apache.http.wire -  << "Content-Type: text/plain;charset=UTF-8[\r][\n]"
22:09:27.869 [main] DEBUG org.apache.http.wire -  << "Content-Length: 6[\r][\n]"
22:09:27.869 [main] DEBUG org.apache.http.wire -  << "Date: Sun, 07 Feb 2021 21:09:27 GMT[\r][\n]"
22:09:27.869 [main] DEBUG org.apache.http.wire -  << "[\r][\n]"
22:09:27.869 [main] DEBUG o.a.h.i.conn.DefaultClientConnection - Receiving response: HTTP/1.1 200 OK
22:09:27.869 [main] DEBUG org.apache.http.headers - << HTTP/1.1 200 OK
22:09:27.869 [main] DEBUG org.apache.http.headers - << Server: Apache-Coyote/1.1
22:09:27.869 [main] DEBUG org.apache.http.headers - << Content-Type: text/plain;charset=UTF-8
22:09:27.869 [main] DEBUG org.apache.http.headers - << Content-Length: 6
22:09:27.869 [main] DEBUG org.apache.http.headers - << Date: Sun, 07 Feb 2021 21:09:27 GMT
22:09:27.869 [main] DEBUG o.a.h.impl.client.DefaultHttpClient - Connection can be kept alive indefinitely
22:09:27.870 [main] DEBUG i.r.i.RequestSpecificationImpl$RestAssuredHttpBuilder - Parsing response as: text/plain;charset=UTF-8
22:09:27.870 [main] DEBUG i.r.i.RequestSpecificationImpl$RestAssuredHttpBuilder - Parsed data to instance of: class org.apache.http.conn.EofSensorInputStream
22:09:27.870 [main] DEBUG org.apache.http.wire -  << "a:1500"
22:09:27.870 [main] DEBUG o.a.h.i.c.BasicClientConnectionManager - Releasing connection org.apache.http.impl.conn.ManagedClientConnectionImpl@71cea1b8
22:09:27.870 [main] DEBUG o.a.h.i.c.BasicClientConnectionManager - Connection can be kept alive indefinitely
22:09:27.873 [main] DEBUG o.a.h.i.c.BasicClientConnectionManager - Get connection for route {}->http://localhost:8080
22:09:27.873 [main] DEBUG o.a.h.i.c.DefaultClientConnectionOperator - Connecting to localhost:8080
22:09:27.874 [main] DEBUG o.a.h.c.protocol.RequestAddCookies - CookieSpec selected: ignoreCookies
22:09:27.874 [main] DEBUG o.a.h.c.protocol.RequestAuthCache - Auth cache not set in the context
22:09:27.874 [main] DEBUG o.a.h.c.p.RequestTargetAuthentication - Target auth state: UNCHALLENGED
22:09:27.874 [main] DEBUG o.a.h.c.p.RequestProxyAuthentication - Proxy auth state: UNCHALLENGED
22:09:27.874 [main] DEBUG o.a.h.impl.client.DefaultHttpClient - Attempt 1 to execute request
22:09:27.874 [main] DEBUG o.a.h.i.conn.DefaultClientConnection - Sending request: GET /1?a=10&b=6 HTTP/1.1
22:09:27.874 [main] DEBUG org.apache.http.wire -  >> "GET /1?a=10&b=6 HTTP/1.1[\r][\n]"
22:09:27.874 [main] DEBUG org.apache.http.wire -  >> "Accept: */*[\r][\n]"
22:09:27.874 [main] DEBUG org.apache.http.wire -  >> "Host: localhost:8080[\r][\n]"
22:09:27.874 [main] DEBUG org.apache.http.wire -  >> "Connection: Keep-Alive[\r][\n]"
22:09:27.874 [main] DEBUG org.apache.http.wire -  >> "User-Agent: Apache-HttpClient/4.5.3 (Java/13.0.5.1)[\r][\n]"
22:09:27.874 [main] DEBUG org.apache.http.wire -  >> "Accept-Encoding: gzip,deflate[\r][\n]"
22:09:27.874 [main] DEBUG org.apache.http.wire -  >> "[\r][\n]"
22:09:27.874 [main] DEBUG org.apache.http.headers - >> GET /1?a=10&b=6 HTTP/1.1
22:09:27.874 [main] DEBUG org.apache.http.headers - >> Accept: */*
22:09:27.874 [main] DEBUG org.apache.http.headers - >> Host: localhost:8080
22:09:27.874 [main] DEBUG org.apache.http.headers - >> Connection: Keep-Alive
22:09:27.874 [main] DEBUG org.apache.http.headers - >> User-Agent: Apache-HttpClient/4.5.3 (Java/13.0.5.1)
22:09:27.874 [main] DEBUG org.apache.http.headers - >> Accept-Encoding: gzip,deflate
22:09:27.892 [main] DEBUG org.apache.http.wire -  << "HTTP/1.1 200 OK[\r][\n]"
22:09:27.892 [main] DEBUG org.apache.http.wire -  << "Server: Apache-Coyote/1.1[\r][\n]"
22:09:27.892 [main] DEBUG org.apache.http.wire -  << "Content-Type: text/plain;charset=UTF-8[\r][\n]"
22:09:27.892 [main] DEBUG org.apache.http.wire -  << "Content-Length: 6[\r][\n]"
22:09:27.892 [main] DEBUG org.apache.http.wire -  << "Date: Sun, 07 Feb 2021 21:09:27 GMT[\r][\n]"
22:09:27.892 [main] DEBUG org.apache.http.wire -  << "[\r][\n]"
22:09:27.892 [main] DEBUG o.a.h.i.conn.DefaultClientConnection - Receiving response: HTTP/1.1 200 OK
22:09:27.892 [main] DEBUG org.apache.http.headers - << HTTP/1.1 200 OK
22:09:27.892 [main] DEBUG org.apache.http.headers - << Server: Apache-Coyote/1.1
22:09:27.892 [main] DEBUG org.apache.http.headers - << Content-Type: text/plain;charset=UTF-8
22:09:27.892 [main] DEBUG org.apache.http.headers - << Content-Length: 6
22:09:27.892 [main] DEBUG org.apache.http.headers - << Date: Sun, 07 Feb 2021 21:09:27 GMT
22:09:27.892 [main] DEBUG o.a.h.impl.client.DefaultHttpClient - Connection can be kept alive indefinitely
22:09:27.893 [main] DEBUG i.r.i.RequestSpecificationImpl$RestAssuredHttpBuilder - Parsing response as: text/plain;charset=UTF-8
22:09:27.893 [main] DEBUG i.r.i.RequestSpecificationImpl$RestAssuredHttpBuilder - Parsed data to instance of: class org.apache.http.conn.EofSensorInputStream
22:09:27.893 [main] DEBUG org.apache.http.wire -  << "a:1500"
22:09:27.893 [main] DEBUG o.a.h.i.c.BasicClientConnectionManager - Releasing connection org.apache.http.impl.conn.ManagedClientConnectionImpl@32ec9c90
22:09:27.893 [main] DEBUG o.a.h.i.c.BasicClientConnectionManager - Connection can be kept alive indefinitely
22:09:27.901 [main] DEBUG o.a.h.i.c.BasicClientConnectionManager - Get connection for route {}->http://localhost:8080
22:09:27.901 [main] DEBUG o.a.h.i.c.DefaultClientConnectionOperator - Connecting to localhost:8080
22:09:27.902 [main] DEBUG o.a.h.c.protocol.RequestAddCookies - CookieSpec selected: ignoreCookies
22:09:27.902 [main] DEBUG o.a.h.c.protocol.RequestAuthCache - Auth cache not set in the context
22:09:27.902 [main] DEBUG o.a.h.c.p.RequestTargetAuthentication - Target auth state: UNCHALLENGED
22:09:27.902 [main] DEBUG o.a.h.c.p.RequestProxyAuthentication - Proxy auth state: UNCHALLENGED
22:09:27.902 [main] DEBUG o.a.h.impl.client.DefaultHttpClient - Attempt 1 to execute request
22:09:27.902 [main] DEBUG o.a.h.i.conn.DefaultClientConnection - Sending request: GET /1?a=10&b=6 HTTP/1.1
22:09:27.902 [main] DEBUG org.apache.http.wire -  >> "GET /1?a=10&b=6 HTTP/1.1[\r][\n]"
22:09:27.902 [main] DEBUG org.apache.http.wire -  >> "Accept: */*[\r][\n]"
22:09:27.902 [main] DEBUG org.apache.http.wire -  >> "Host: localhost:8080[\r][\n]"
22:09:27.902 [main] DEBUG org.apache.http.wire -  >> "Connection: Keep-Alive[\r][\n]"
22:09:27.902 [main] DEBUG org.apache.http.wire -  >> "User-Agent: Apache-HttpClient/4.5.3 (Java/13.0.5.1)[\r][\n]"
22:09:27.902 [main] DEBUG org.apache.http.wire -  >> "Accept-Encoding: gzip,deflate[\r][\n]"
22:09:27.902 [main] DEBUG org.apache.http.wire -  >> "[\r][\n]"
22:09:27.902 [main] DEBUG org.apache.http.headers - >> GET /1?a=10&b=6 HTTP/1.1
22:09:27.902 [main] DEBUG org.apache.http.headers - >> Accept: */*
22:09:27.902 [main] DEBUG org.apache.http.headers - >> Host: localhost:8080
22:09:27.902 [main] DEBUG org.apache.http.headers - >> Connection: Keep-Alive
22:09:27.902 [main] DEBUG org.apache.http.headers - >> User-Agent: Apache-HttpClient/4.5.3 (Java/13.0.5.1)
22:09:27.902 [main] DEBUG org.apache.http.headers - >> Accept-Encoding: gzip,deflate
22:09:27.921 [main] DEBUG org.apache.http.wire -  << "HTTP/1.1 200 OK[\r][\n]"
22:09:27.921 [main] DEBUG org.apache.http.wire -  << "Server: Apache-Coyote/1.1[\r][\n]"
22:09:27.921 [main] DEBUG org.apache.http.wire -  << "Content-Type: text/plain;charset=UTF-8[\r][\n]"
22:09:27.921 [main] DEBUG org.apache.http.wire -  << "Content-Length: 6[\r][\n]"
22:09:27.921 [main] DEBUG org.apache.http.wire -  << "Date: Sun, 07 Feb 2021 21:09:27 GMT[\r][\n]"
22:09:27.921 [main] DEBUG org.apache.http.wire -  << "[\r][\n]"
22:09:27.921 [main] DEBUG o.a.h.i.conn.DefaultClientConnection - Receiving response: HTTP/1.1 200 OK
22:09:27.921 [main] DEBUG org.apache.http.headers - << HTTP/1.1 200 OK
22:09:27.921 [main] DEBUG org.apache.http.headers - << Server: Apache-Coyote/1.1
22:09:27.921 [main] DEBUG org.apache.http.headers - << Content-Type: text/plain;charset=UTF-8
22:09:27.921 [main] DEBUG org.apache.http.headers - << Content-Length: 6
22:09:27.921 [main] DEBUG org.apache.http.headers - << Date: Sun, 07 Feb 2021 21:09:27 GMT
22:09:27.922 [main] DEBUG o.a.h.impl.client.DefaultHttpClient - Connection can be kept alive indefinitely
22:09:27.922 [main] DEBUG i.r.i.RequestSpecificationImpl$RestAssuredHttpBuilder - Parsing response as: text/plain;charset=UTF-8
22:09:27.922 [main] DEBUG i.r.i.RequestSpecificationImpl$RestAssuredHttpBuilder - Parsed data to instance of: class org.apache.http.conn.EofSensorInputStream
22:09:27.922 [main] DEBUG org.apache.http.wire -  << "a:1500"
22:09:27.922 [main] DEBUG o.a.h.i.c.BasicClientConnectionManager - Releasing connection org.apache.http.impl.conn.ManagedClientConnectionImpl@b61edb9
22:09:27.922 [main] DEBUG o.a.h.i.c.BasicClientConnectionManager - Connection can be kept alive indefinitely
str = aaaaaaaaaaaaaaaaaaaaaaaaaaaaaaaaaaaaaaaaaaaaaaaaaa
]]></system-out>
  </testcase>
  <testcase name="GET the winner and verify - 2 Same Highest Bids - 2 Query Parameters - Verify Random Selection #2" classname="User should be able to get the winner" time="1.188">
    <failure message="Verify that bidder is chosen randomly as b or c" type="java.lang.AssertionError">java.lang.AssertionError: Verify that bidder is chosen randomly as b or c
</failure>
    <system-out><![CDATA[22:09:27.940 [main] DEBUG o.a.h.i.c.BasicClientConnectionManager - Get connection for route {}->http://localhost:8080
22:09:27.940 [main] DEBUG o.a.h.i.c.DefaultClientConnectionOperator - Connecting to localhost:8080
22:09:27.941 [main] DEBUG o.a.h.c.protocol.RequestAddCookies - CookieSpec selected: ignoreCookies
22:09:27.941 [main] DEBUG o.a.h.c.protocol.RequestAuthCache - Auth cache not set in the context
22:09:27.941 [main] DEBUG o.a.h.c.p.RequestTargetAuthentication - Target auth state: UNCHALLENGED
22:09:27.941 [main] DEBUG o.a.h.c.p.RequestProxyAuthentication - Proxy auth state: UNCHALLENGED
22:09:27.941 [main] DEBUG o.a.h.impl.client.DefaultHttpClient - Attempt 1 to execute request
22:09:27.941 [main] DEBUG o.a.h.i.conn.DefaultClientConnection - Sending request: GET /2?b=6&c=3 HTTP/1.1
22:09:27.941 [main] DEBUG org.apache.http.wire -  >> "GET /2?b=6&c=3 HTTP/1.1[\r][\n]"
22:09:27.941 [main] DEBUG org.apache.http.wire -  >> "Accept: */*[\r][\n]"
22:09:27.941 [main] DEBUG org.apache.http.wire -  >> "Host: localhost:8080[\r][\n]"
22:09:27.941 [main] DEBUG org.apache.http.wire -  >> "Connection: Keep-Alive[\r][\n]"
22:09:27.941 [main] DEBUG org.apache.http.wire -  >> "User-Agent: Apache-HttpClient/4.5.3 (Java/13.0.5.1)[\r][\n]"
22:09:27.941 [main] DEBUG org.apache.http.wire -  >> "Accept-Encoding: gzip,deflate[\r][\n]"
22:09:27.941 [main] DEBUG org.apache.http.wire -  >> "[\r][\n]"
22:09:27.941 [main] DEBUG org.apache.http.headers - >> GET /2?b=6&c=3 HTTP/1.1
22:09:27.941 [main] DEBUG org.apache.http.headers - >> Accept: */*
22:09:27.941 [main] DEBUG org.apache.http.headers - >> Host: localhost:8080
22:09:27.941 [main] DEBUG org.apache.http.headers - >> Connection: Keep-Alive
22:09:27.941 [main] DEBUG org.apache.http.headers - >> User-Agent: Apache-HttpClient/4.5.3 (Java/13.0.5.1)
22:09:27.941 [main] DEBUG org.apache.http.headers - >> Accept-Encoding: gzip,deflate
22:09:27.961 [main] DEBUG org.apache.http.wire -  << "HTTP/1.1 200 OK[\r][\n]"
22:09:27.961 [main] DEBUG org.apache.http.wire -  << "Server: Apache-Coyote/1.1[\r][\n]"
22:09:27.962 [main] DEBUG org.apache.http.wire -  << "Content-Type: text/plain;charset=UTF-8[\r][\n]"
22:09:27.962 [main] DEBUG org.apache.http.wire -  << "Content-Length: 6[\r][\n]"
22:09:27.962 [main] DEBUG org.apache.http.wire -  << "Date: Sun, 07 Feb 2021 21:09:27 GMT[\r][\n]"
22:09:27.962 [main] DEBUG org.apache.http.wire -  << "[\r][\n]"
22:09:27.962 [main] DEBUG o.a.h.i.conn.DefaultClientConnection - Receiving response: HTTP/1.1 200 OK
22:09:27.962 [main] DEBUG org.apache.http.headers - << HTTP/1.1 200 OK
22:09:27.962 [main] DEBUG org.apache.http.headers - << Server: Apache-Coyote/1.1
22:09:27.962 [main] DEBUG org.apache.http.headers - << Content-Type: text/plain;charset=UTF-8
22:09:27.962 [main] DEBUG org.apache.http.headers - << Content-Length: 6
22:09:27.962 [main] DEBUG org.apache.http.headers - << Date: Sun, 07 Feb 2021 21:09:27 GMT
22:09:27.962 [main] DEBUG o.a.h.impl.client.DefaultHttpClient - Connection can be kept alive indefinitely
22:09:27.962 [main] DEBUG i.r.i.RequestSpecificationImpl$RestAssuredHttpBuilder - Parsing response as: text/plain;charset=UTF-8
22:09:27.962 [main] DEBUG i.r.i.RequestSpecificationImpl$RestAssuredHttpBuilder - Parsed data to instance of: class org.apache.http.conn.EofSensorInputStream
22:09:27.962 [main] DEBUG org.apache.http.wire -  << "b:1500"
22:09:27.962 [main] DEBUG o.a.h.i.c.BasicClientConnectionManager - Releasing connection org.apache.http.impl.conn.ManagedClientConnectionImpl@46e190ed
22:09:27.962 [main] DEBUG o.a.h.i.c.BasicClientConnectionManager - Connection can be kept alive indefinitely
22:09:27.965 [main] DEBUG o.a.h.i.c.BasicClientConnectionManager - Get connection for route {}->http://localhost:8080
22:09:27.965 [main] DEBUG o.a.h.i.c.DefaultClientConnectionOperator - Connecting to localhost:8080
22:09:27.965 [main] DEBUG o.a.h.c.protocol.RequestAddCookies - CookieSpec selected: ignoreCookies
22:09:27.965 [main] DEBUG o.a.h.c.protocol.RequestAuthCache - Auth cache not set in the context
22:09:27.965 [main] DEBUG o.a.h.c.p.RequestTargetAuthentication - Target auth state: UNCHALLENGED
22:09:27.965 [main] DEBUG o.a.h.c.p.RequestProxyAuthentication - Proxy auth state: UNCHALLENGED
22:09:27.965 [main] DEBUG o.a.h.impl.client.DefaultHttpClient - Attempt 1 to execute request
22:09:27.965 [main] DEBUG o.a.h.i.conn.DefaultClientConnection - Sending request: GET /2?b=6&c=3 HTTP/1.1
22:09:27.965 [main] DEBUG org.apache.http.wire -  >> "GET /2?b=6&c=3 HTTP/1.1[\r][\n]"
22:09:27.965 [main] DEBUG org.apache.http.wire -  >> "Accept: */*[\r][\n]"
22:09:27.966 [main] DEBUG org.apache.http.wire -  >> "Host: localhost:8080[\r][\n]"
22:09:27.966 [main] DEBUG org.apache.http.wire -  >> "Connection: Keep-Alive[\r][\n]"
22:09:27.966 [main] DEBUG org.apache.http.wire -  >> "User-Agent: Apache-HttpClient/4.5.3 (Java/13.0.5.1)[\r][\n]"
22:09:27.966 [main] DEBUG org.apache.http.wire -  >> "Accept-Encoding: gzip,deflate[\r][\n]"
22:09:27.966 [main] DEBUG org.apache.http.wire -  >> "[\r][\n]"
22:09:27.966 [main] DEBUG org.apache.http.headers - >> GET /2?b=6&c=3 HTTP/1.1
22:09:27.966 [main] DEBUG org.apache.http.headers - >> Accept: */*
22:09:27.966 [main] DEBUG org.apache.http.headers - >> Host: localhost:8080
22:09:27.966 [main] DEBUG org.apache.http.headers - >> Connection: Keep-Alive
22:09:27.966 [main] DEBUG org.apache.http.headers - >> User-Agent: Apache-HttpClient/4.5.3 (Java/13.0.5.1)
22:09:27.966 [main] DEBUG org.apache.http.headers - >> Accept-Encoding: gzip,deflate
22:09:27.983 [main] DEBUG org.apache.http.wire -  << "HTTP/1.1 200 OK[\r][\n]"
22:09:27.983 [main] DEBUG org.apache.http.wire -  << "Server: Apache-Coyote/1.1[\r][\n]"
22:09:27.983 [main] DEBUG org.apache.http.wire -  << "Content-Type: text/plain;charset=UTF-8[\r][\n]"
22:09:27.983 [main] DEBUG org.apache.http.wire -  << "Content-Length: 6[\r][\n]"
22:09:27.983 [main] DEBUG org.apache.http.wire -  << "Date: Sun, 07 Feb 2021 21:09:27 GMT[\r][\n]"
22:09:27.983 [main] DEBUG org.apache.http.wire -  << "[\r][\n]"
22:09:27.983 [main] DEBUG o.a.h.i.conn.DefaultClientConnection - Receiving response: HTTP/1.1 200 OK
22:09:27.983 [main] DEBUG org.apache.http.headers - << HTTP/1.1 200 OK
22:09:27.983 [main] DEBUG org.apache.http.headers - << Server: Apache-Coyote/1.1
22:09:27.983 [main] DEBUG org.apache.http.headers - << Content-Type: text/plain;charset=UTF-8
22:09:27.983 [main] DEBUG org.apache.http.headers - << Content-Length: 6
22:09:27.983 [main] DEBUG org.apache.http.headers - << Date: Sun, 07 Feb 2021 21:09:27 GMT
22:09:27.983 [main] DEBUG o.a.h.impl.client.DefaultHttpClient - Connection can be kept alive indefinitely
22:09:27.984 [main] DEBUG i.r.i.RequestSpecificationImpl$RestAssuredHttpBuilder - Parsing response as: text/plain;charset=UTF-8
22:09:27.984 [main] DEBUG i.r.i.RequestSpecificationImpl$RestAssuredHttpBuilder - Parsed data to instance of: class org.apache.http.conn.EofSensorInputStream
22:09:27.984 [main] DEBUG org.apache.http.wire -  << "b:1500"
22:09:27.984 [main] DEBUG o.a.h.i.c.BasicClientConnectionManager - Releasing connection org.apache.http.impl.conn.ManagedClientConnectionImpl@485caa8f
22:09:27.984 [main] DEBUG o.a.h.i.c.BasicClientConnectionManager - Connection can be kept alive indefinitely
22:09:27.987 [main] DEBUG o.a.h.i.c.BasicClientConnectionManager - Get connection for route {}->http://localhost:8080
22:09:27.987 [main] DEBUG o.a.h.i.c.DefaultClientConnectionOperator - Connecting to localhost:8080
22:09:27.988 [main] DEBUG o.a.h.c.protocol.RequestAddCookies - CookieSpec selected: ignoreCookies
22:09:27.988 [main] DEBUG o.a.h.c.protocol.RequestAuthCache - Auth cache not set in the context
22:09:27.988 [main] DEBUG o.a.h.c.p.RequestTargetAuthentication - Target auth state: UNCHALLENGED
22:09:27.988 [main] DEBUG o.a.h.c.p.RequestProxyAuthentication - Proxy auth state: UNCHALLENGED
22:09:27.988 [main] DEBUG o.a.h.impl.client.DefaultHttpClient - Attempt 1 to execute request
22:09:27.988 [main] DEBUG o.a.h.i.conn.DefaultClientConnection - Sending request: GET /2?b=6&c=3 HTTP/1.1
22:09:27.988 [main] DEBUG org.apache.http.wire -  >> "GET /2?b=6&c=3 HTTP/1.1[\r][\n]"
22:09:27.988 [main] DEBUG org.apache.http.wire -  >> "Accept: */*[\r][\n]"
22:09:27.988 [main] DEBUG org.apache.http.wire -  >> "Host: localhost:8080[\r][\n]"
22:09:27.988 [main] DEBUG org.apache.http.wire -  >> "Connection: Keep-Alive[\r][\n]"
22:09:27.988 [main] DEBUG org.apache.http.wire -  >> "User-Agent: Apache-HttpClient/4.5.3 (Java/13.0.5.1)[\r][\n]"
22:09:27.988 [main] DEBUG org.apache.http.wire -  >> "Accept-Encoding: gzip,deflate[\r][\n]"
22:09:27.988 [main] DEBUG org.apache.http.wire -  >> "[\r][\n]"
22:09:27.988 [main] DEBUG org.apache.http.headers - >> GET /2?b=6&c=3 HTTP/1.1
22:09:27.988 [main] DEBUG org.apache.http.headers - >> Accept: */*
22:09:27.988 [main] DEBUG org.apache.http.headers - >> Host: localhost:8080
22:09:27.988 [main] DEBUG org.apache.http.headers - >> Connection: Keep-Alive
22:09:27.988 [main] DEBUG org.apache.http.headers - >> User-Agent: Apache-HttpClient/4.5.3 (Java/13.0.5.1)
22:09:27.988 [main] DEBUG org.apache.http.headers - >> Accept-Encoding: gzip,deflate
22:09:28.004 [main] DEBUG org.apache.http.wire -  << "HTTP/1.1 200 OK[\r][\n]"
22:09:28.004 [main] DEBUG org.apache.http.wire -  << "Server: Apache-Coyote/1.1[\r][\n]"
22:09:28.004 [main] DEBUG org.apache.http.wire -  << "Content-Type: text/plain;charset=UTF-8[\r][\n]"
22:09:28.004 [main] DEBUG org.apache.http.wire -  << "Content-Length: 6[\r][\n]"
22:09:28.004 [main] DEBUG org.apache.http.wire -  << "Date: Sun, 07 Feb 2021 21:09:27 GMT[\r][\n]"
22:09:28.004 [main] DEBUG org.apache.http.wire -  << "[\r][\n]"
22:09:28.004 [main] DEBUG o.a.h.i.conn.DefaultClientConnection - Receiving response: HTTP/1.1 200 OK
22:09:28.004 [main] DEBUG org.apache.http.headers - << HTTP/1.1 200 OK
22:09:28.004 [main] DEBUG org.apache.http.headers - << Server: Apache-Coyote/1.1
22:09:28.004 [main] DEBUG org.apache.http.headers - << Content-Type: text/plain;charset=UTF-8
22:09:28.004 [main] DEBUG org.apache.http.headers - << Content-Length: 6
22:09:28.004 [main] DEBUG org.apache.http.headers - << Date: Sun, 07 Feb 2021 21:09:27 GMT
22:09:28.004 [main] DEBUG o.a.h.impl.client.DefaultHttpClient - Connection can be kept alive indefinitely
22:09:28.004 [main] DEBUG i.r.i.RequestSpecificationImpl$RestAssuredHttpBuilder - Parsing response as: text/plain;charset=UTF-8
22:09:28.004 [main] DEBUG i.r.i.RequestSpecificationImpl$RestAssuredHttpBuilder - Parsed data to instance of: class org.apache.http.conn.EofSensorInputStream
22:09:28.005 [main] DEBUG org.apache.http.wire -  << "b:1500"
22:09:28.005 [main] DEBUG o.a.h.i.c.BasicClientConnectionManager - Releasing connection org.apache.http.impl.conn.ManagedClientConnectionImpl@2007435e
22:09:28.005 [main] DEBUG o.a.h.i.c.BasicClientConnectionManager - Connection can be kept alive indefinitely
22:09:28.007 [main] DEBUG o.a.h.i.c.BasicClientConnectionManager - Get connection for route {}->http://localhost:8080
22:09:28.007 [main] DEBUG o.a.h.i.c.DefaultClientConnectionOperator - Connecting to localhost:8080
22:09:28.008 [main] DEBUG o.a.h.c.protocol.RequestAddCookies - CookieSpec selected: ignoreCookies
22:09:28.008 [main] DEBUG o.a.h.c.protocol.RequestAuthCache - Auth cache not set in the context
22:09:28.008 [main] DEBUG o.a.h.c.p.RequestTargetAuthentication - Target auth state: UNCHALLENGED
22:09:28.008 [main] DEBUG o.a.h.c.p.RequestProxyAuthentication - Proxy auth state: UNCHALLENGED
22:09:28.008 [main] DEBUG o.a.h.impl.client.DefaultHttpClient - Attempt 1 to execute request
22:09:28.008 [main] DEBUG o.a.h.i.conn.DefaultClientConnection - Sending request: GET /2?b=6&c=3 HTTP/1.1
22:09:28.008 [main] DEBUG org.apache.http.wire -  >> "GET /2?b=6&c=3 HTTP/1.1[\r][\n]"
22:09:28.008 [main] DEBUG org.apache.http.wire -  >> "Accept: */*[\r][\n]"
22:09:28.008 [main] DEBUG org.apache.http.wire -  >> "Host: localhost:8080[\r][\n]"
22:09:28.008 [main] DEBUG org.apache.http.wire -  >> "Connection: Keep-Alive[\r][\n]"
22:09:28.008 [main] DEBUG org.apache.http.wire -  >> "User-Agent: Apache-HttpClient/4.5.3 (Java/13.0.5.1)[\r][\n]"
22:09:28.008 [main] DEBUG org.apache.http.wire -  >> "Accept-Encoding: gzip,deflate[\r][\n]"
22:09:28.008 [main] DEBUG org.apache.http.wire -  >> "[\r][\n]"
22:09:28.008 [main] DEBUG org.apache.http.headers - >> GET /2?b=6&c=3 HTTP/1.1
22:09:28.008 [main] DEBUG org.apache.http.headers - >> Accept: */*
22:09:28.008 [main] DEBUG org.apache.http.headers - >> Host: localhost:8080
22:09:28.008 [main] DEBUG org.apache.http.headers - >> Connection: Keep-Alive
22:09:28.008 [main] DEBUG org.apache.http.headers - >> User-Agent: Apache-HttpClient/4.5.3 (Java/13.0.5.1)
22:09:28.008 [main] DEBUG org.apache.http.headers - >> Accept-Encoding: gzip,deflate
22:09:28.032 [main] DEBUG org.apache.http.wire -  << "HTTP/1.1 200 OK[\r][\n]"
22:09:28.033 [main] DEBUG org.apache.http.wire -  << "Server: Apache-Coyote/1.1[\r][\n]"
22:09:28.033 [main] DEBUG org.apache.http.wire -  << "Content-Type: text/plain;charset=UTF-8[\r][\n]"
22:09:28.033 [main] DEBUG org.apache.http.wire -  << "Content-Length: 6[\r][\n]"
22:09:28.033 [main] DEBUG org.apache.http.wire -  << "Date: Sun, 07 Feb 2021 21:09:28 GMT[\r][\n]"
22:09:28.033 [main] DEBUG org.apache.http.wire -  << "[\r][\n]"
22:09:28.033 [main] DEBUG o.a.h.i.conn.DefaultClientConnection - Receiving response: HTTP/1.1 200 OK
22:09:28.033 [main] DEBUG org.apache.http.headers - << HTTP/1.1 200 OK
22:09:28.033 [main] DEBUG org.apache.http.headers - << Server: Apache-Coyote/1.1
22:09:28.033 [main] DEBUG org.apache.http.headers - << Content-Type: text/plain;charset=UTF-8
22:09:28.033 [main] DEBUG org.apache.http.headers - << Content-Length: 6
22:09:28.033 [main] DEBUG org.apache.http.headers - << Date: Sun, 07 Feb 2021 21:09:28 GMT
22:09:28.033 [main] DEBUG o.a.h.impl.client.DefaultHttpClient - Connection can be kept alive indefinitely
22:09:28.033 [main] DEBUG i.r.i.RequestSpecificationImpl$RestAssuredHttpBuilder - Parsing response as: text/plain;charset=UTF-8
22:09:28.033 [main] DEBUG i.r.i.RequestSpecificationImpl$RestAssuredHttpBuilder - Parsed data to instance of: class org.apache.http.conn.EofSensorInputStream
22:09:28.033 [main] DEBUG org.apache.http.wire -  << "b:1500"
22:09:28.033 [main] DEBUG o.a.h.i.c.BasicClientConnectionManager - Releasing connection org.apache.http.impl.conn.ManagedClientConnectionImpl@5792c08c
22:09:28.033 [main] DEBUG o.a.h.i.c.BasicClientConnectionManager - Connection can be kept alive indefinitely
22:09:28.036 [main] DEBUG o.a.h.i.c.BasicClientConnectionManager - Get connection for route {}->http://localhost:8080
22:09:28.036 [main] DEBUG o.a.h.i.c.DefaultClientConnectionOperator - Connecting to localhost:8080
22:09:28.036 [main] DEBUG o.a.h.c.protocol.RequestAddCookies - CookieSpec selected: ignoreCookies
22:09:28.037 [main] DEBUG o.a.h.c.protocol.RequestAuthCache - Auth cache not set in the context
22:09:28.037 [main] DEBUG o.a.h.c.p.RequestTargetAuthentication - Target auth state: UNCHALLENGED
22:09:28.037 [main] DEBUG o.a.h.c.p.RequestProxyAuthentication - Proxy auth state: UNCHALLENGED
22:09:28.037 [main] DEBUG o.a.h.impl.client.DefaultHttpClient - Attempt 1 to execute request
22:09:28.037 [main] DEBUG o.a.h.i.conn.DefaultClientConnection - Sending request: GET /2?b=6&c=3 HTTP/1.1
22:09:28.037 [main] DEBUG org.apache.http.wire -  >> "GET /2?b=6&c=3 HTTP/1.1[\r][\n]"
22:09:28.037 [main] DEBUG org.apache.http.wire -  >> "Accept: */*[\r][\n]"
22:09:28.037 [main] DEBUG org.apache.http.wire -  >> "Host: localhost:8080[\r][\n]"
22:09:28.037 [main] DEBUG org.apache.http.wire -  >> "Connection: Keep-Alive[\r][\n]"
22:09:28.037 [main] DEBUG org.apache.http.wire -  >> "User-Agent: Apache-HttpClient/4.5.3 (Java/13.0.5.1)[\r][\n]"
22:09:28.037 [main] DEBUG org.apache.http.wire -  >> "Accept-Encoding: gzip,deflate[\r][\n]"
22:09:28.037 [main] DEBUG org.apache.http.wire -  >> "[\r][\n]"
22:09:28.037 [main] DEBUG org.apache.http.headers - >> GET /2?b=6&c=3 HTTP/1.1
22:09:28.037 [main] DEBUG org.apache.http.headers - >> Accept: */*
22:09:28.037 [main] DEBUG org.apache.http.headers - >> Host: localhost:8080
22:09:28.037 [main] DEBUG org.apache.http.headers - >> Connection: Keep-Alive
22:09:28.037 [main] DEBUG org.apache.http.headers - >> User-Agent: Apache-HttpClient/4.5.3 (Java/13.0.5.1)
22:09:28.037 [main] DEBUG org.apache.http.headers - >> Accept-Encoding: gzip,deflate
22:09:28.054 [main] DEBUG org.apache.http.wire -  << "HTTP/1.1 200 OK[\r][\n]"
22:09:28.054 [main] DEBUG org.apache.http.wire -  << "Server: Apache-Coyote/1.1[\r][\n]"
22:09:28.054 [main] DEBUG org.apache.http.wire -  << "Content-Type: text/plain;charset=UTF-8[\r][\n]"
22:09:28.054 [main] DEBUG org.apache.http.wire -  << "Content-Length: 6[\r][\n]"
22:09:28.054 [main] DEBUG org.apache.http.wire -  << "Date: Sun, 07 Feb 2021 21:09:28 GMT[\r][\n]"
22:09:28.054 [main] DEBUG org.apache.http.wire -  << "[\r][\n]"
22:09:28.054 [main] DEBUG o.a.h.i.conn.DefaultClientConnection - Receiving response: HTTP/1.1 200 OK
22:09:28.054 [main] DEBUG org.apache.http.headers - << HTTP/1.1 200 OK
22:09:28.054 [main] DEBUG org.apache.http.headers - << Server: Apache-Coyote/1.1
22:09:28.054 [main] DEBUG org.apache.http.headers - << Content-Type: text/plain;charset=UTF-8
22:09:28.054 [main] DEBUG org.apache.http.headers - << Content-Length: 6
22:09:28.054 [main] DEBUG org.apache.http.headers - << Date: Sun, 07 Feb 2021 21:09:28 GMT
22:09:28.055 [main] DEBUG o.a.h.impl.client.DefaultHttpClient - Connection can be kept alive indefinitely
22:09:28.055 [main] DEBUG i.r.i.RequestSpecificationImpl$RestAssuredHttpBuilder - Parsing response as: text/plain;charset=UTF-8
22:09:28.055 [main] DEBUG i.r.i.RequestSpecificationImpl$RestAssuredHttpBuilder - Parsed data to instance of: class org.apache.http.conn.EofSensorInputStream
22:09:28.055 [main] DEBUG org.apache.http.wire -  << "b:1500"
22:09:28.055 [main] DEBUG o.a.h.i.c.BasicClientConnectionManager - Releasing connection org.apache.http.impl.conn.ManagedClientConnectionImpl@37348491
22:09:28.055 [main] DEBUG o.a.h.i.c.BasicClientConnectionManager - Connection can be kept alive indefinitely
22:09:28.057 [main] DEBUG o.a.h.i.c.BasicClientConnectionManager - Get connection for route {}->http://localhost:8080
22:09:28.057 [main] DEBUG o.a.h.i.c.DefaultClientConnectionOperator - Connecting to localhost:8080
22:09:28.058 [main] DEBUG o.a.h.c.protocol.RequestAddCookies - CookieSpec selected: ignoreCookies
22:09:28.058 [main] DEBUG o.a.h.c.protocol.RequestAuthCache - Auth cache not set in the context
22:09:28.058 [main] DEBUG o.a.h.c.p.RequestTargetAuthentication - Target auth state: UNCHALLENGED
22:09:28.058 [main] DEBUG o.a.h.c.p.RequestProxyAuthentication - Proxy auth state: UNCHALLENGED
22:09:28.058 [main] DEBUG o.a.h.impl.client.DefaultHttpClient - Attempt 1 to execute request
22:09:28.058 [main] DEBUG o.a.h.i.conn.DefaultClientConnection - Sending request: GET /2?b=6&c=3 HTTP/1.1
22:09:28.058 [main] DEBUG org.apache.http.wire -  >> "GET /2?b=6&c=3 HTTP/1.1[\r][\n]"
22:09:28.058 [main] DEBUG org.apache.http.wire -  >> "Accept: */*[\r][\n]"
22:09:28.058 [main] DEBUG org.apache.http.wire -  >> "Host: localhost:8080[\r][\n]"
22:09:28.058 [main] DEBUG org.apache.http.wire -  >> "Connection: Keep-Alive[\r][\n]"
22:09:28.058 [main] DEBUG org.apache.http.wire -  >> "User-Agent: Apache-HttpClient/4.5.3 (Java/13.0.5.1)[\r][\n]"
22:09:28.058 [main] DEBUG org.apache.http.wire -  >> "Accept-Encoding: gzip,deflate[\r][\n]"
22:09:28.058 [main] DEBUG org.apache.http.wire -  >> "[\r][\n]"
22:09:28.058 [main] DEBUG org.apache.http.headers - >> GET /2?b=6&c=3 HTTP/1.1
22:09:28.058 [main] DEBUG org.apache.http.headers - >> Accept: */*
22:09:28.058 [main] DEBUG org.apache.http.headers - >> Host: localhost:8080
22:09:28.058 [main] DEBUG org.apache.http.headers - >> Connection: Keep-Alive
22:09:28.058 [main] DEBUG org.apache.http.headers - >> User-Agent: Apache-HttpClient/4.5.3 (Java/13.0.5.1)
22:09:28.058 [main] DEBUG org.apache.http.headers - >> Accept-Encoding: gzip,deflate
22:09:28.072 [main] DEBUG org.apache.http.wire -  << "HTTP/1.1 200 OK[\r][\n]"
22:09:28.072 [main] DEBUG org.apache.http.wire -  << "Server: Apache-Coyote/1.1[\r][\n]"
22:09:28.072 [main] DEBUG org.apache.http.wire -  << "Content-Type: text/plain;charset=UTF-8[\r][\n]"
22:09:28.072 [main] DEBUG org.apache.http.wire -  << "Content-Length: 6[\r][\n]"
22:09:28.072 [main] DEBUG org.apache.http.wire -  << "Date: Sun, 07 Feb 2021 21:09:28 GMT[\r][\n]"
22:09:28.072 [main] DEBUG org.apache.http.wire -  << "[\r][\n]"
22:09:28.072 [main] DEBUG o.a.h.i.conn.DefaultClientConnection - Receiving response: HTTP/1.1 200 OK
22:09:28.072 [main] DEBUG org.apache.http.headers - << HTTP/1.1 200 OK
22:09:28.072 [main] DEBUG org.apache.http.headers - << Server: Apache-Coyote/1.1
22:09:28.072 [main] DEBUG org.apache.http.headers - << Content-Type: text/plain;charset=UTF-8
22:09:28.072 [main] DEBUG org.apache.http.headers - << Content-Length: 6
22:09:28.072 [main] DEBUG org.apache.http.headers - << Date: Sun, 07 Feb 2021 21:09:28 GMT
22:09:28.072 [main] DEBUG o.a.h.impl.client.DefaultHttpClient - Connection can be kept alive indefinitely
22:09:28.072 [main] DEBUG i.r.i.RequestSpecificationImpl$RestAssuredHttpBuilder - Parsing response as: text/plain;charset=UTF-8
22:09:28.072 [main] DEBUG i.r.i.RequestSpecificationImpl$RestAssuredHttpBuilder - Parsed data to instance of: class org.apache.http.conn.EofSensorInputStream
22:09:28.072 [main] DEBUG org.apache.http.wire -  << "b:1500"
22:09:28.072 [main] DEBUG o.a.h.i.c.BasicClientConnectionManager - Releasing connection org.apache.http.impl.conn.ManagedClientConnectionImpl@75023c53
22:09:28.072 [main] DEBUG o.a.h.i.c.BasicClientConnectionManager - Connection can be kept alive indefinitely
22:09:28.075 [main] DEBUG o.a.h.i.c.BasicClientConnectionManager - Get connection for route {}->http://localhost:8080
22:09:28.075 [main] DEBUG o.a.h.i.c.DefaultClientConnectionOperator - Connecting to localhost:8080
22:09:28.076 [main] DEBUG o.a.h.c.protocol.RequestAddCookies - CookieSpec selected: ignoreCookies
22:09:28.076 [main] DEBUG o.a.h.c.protocol.RequestAuthCache - Auth cache not set in the context
22:09:28.076 [main] DEBUG o.a.h.c.p.RequestTargetAuthentication - Target auth state: UNCHALLENGED
22:09:28.076 [main] DEBUG o.a.h.c.p.RequestProxyAuthentication - Proxy auth state: UNCHALLENGED
22:09:28.076 [main] DEBUG o.a.h.impl.client.DefaultHttpClient - Attempt 1 to execute request
22:09:28.076 [main] DEBUG o.a.h.i.conn.DefaultClientConnection - Sending request: GET /2?b=6&c=3 HTTP/1.1
22:09:28.076 [main] DEBUG org.apache.http.wire -  >> "GET /2?b=6&c=3 HTTP/1.1[\r][\n]"
22:09:28.076 [main] DEBUG org.apache.http.wire -  >> "Accept: */*[\r][\n]"
22:09:28.076 [main] DEBUG org.apache.http.wire -  >> "Host: localhost:8080[\r][\n]"
22:09:28.076 [main] DEBUG org.apache.http.wire -  >> "Connection: Keep-Alive[\r][\n]"
22:09:28.076 [main] DEBUG org.apache.http.wire -  >> "User-Agent: Apache-HttpClient/4.5.3 (Java/13.0.5.1)[\r][\n]"
22:09:28.076 [main] DEBUG org.apache.http.wire -  >> "Accept-Encoding: gzip,deflate[\r][\n]"
22:09:28.076 [main] DEBUG org.apache.http.wire -  >> "[\r][\n]"
22:09:28.076 [main] DEBUG org.apache.http.headers - >> GET /2?b=6&c=3 HTTP/1.1
22:09:28.076 [main] DEBUG org.apache.http.headers - >> Accept: */*
22:09:28.076 [main] DEBUG org.apache.http.headers - >> Host: localhost:8080
22:09:28.076 [main] DEBUG org.apache.http.headers - >> Connection: Keep-Alive
22:09:28.076 [main] DEBUG org.apache.http.headers - >> User-Agent: Apache-HttpClient/4.5.3 (Java/13.0.5.1)
22:09:28.076 [main] DEBUG org.apache.http.headers - >> Accept-Encoding: gzip,deflate
22:09:28.095 [main] DEBUG org.apache.http.wire -  << "HTTP/1.1 200 OK[\r][\n]"
22:09:28.095 [main] DEBUG org.apache.http.wire -  << "Server: Apache-Coyote/1.1[\r][\n]"
22:09:28.095 [main] DEBUG org.apache.http.wire -  << "Content-Type: text/plain;charset=UTF-8[\r][\n]"
22:09:28.095 [main] DEBUG org.apache.http.wire -  << "Content-Length: 6[\r][\n]"
22:09:28.095 [main] DEBUG org.apache.http.wire -  << "Date: Sun, 07 Feb 2021 21:09:28 GMT[\r][\n]"
22:09:28.095 [main] DEBUG org.apache.http.wire -  << "[\r][\n]"
22:09:28.095 [main] DEBUG o.a.h.i.conn.DefaultClientConnection - Receiving response: HTTP/1.1 200 OK
22:09:28.095 [main] DEBUG org.apache.http.headers - << HTTP/1.1 200 OK
22:09:28.095 [main] DEBUG org.apache.http.headers - << Server: Apache-Coyote/1.1
22:09:28.095 [main] DEBUG org.apache.http.headers - << Content-Type: text/plain;charset=UTF-8
22:09:28.095 [main] DEBUG org.apache.http.headers - << Content-Length: 6
22:09:28.095 [main] DEBUG org.apache.http.headers - << Date: Sun, 07 Feb 2021 21:09:28 GMT
22:09:28.095 [main] DEBUG o.a.h.impl.client.DefaultHttpClient - Connection can be kept alive indefinitely
22:09:28.095 [main] DEBUG i.r.i.RequestSpecificationImpl$RestAssuredHttpBuilder - Parsing response as: text/plain;charset=UTF-8
22:09:28.095 [main] DEBUG i.r.i.RequestSpecificationImpl$RestAssuredHttpBuilder - Parsed data to instance of: class org.apache.http.conn.EofSensorInputStream
22:09:28.096 [main] DEBUG org.apache.http.wire -  << "b:1500"
22:09:28.096 [main] DEBUG o.a.h.i.c.BasicClientConnectionManager - Releasing connection org.apache.http.impl.conn.ManagedClientConnectionImpl@3a17b2e3
22:09:28.096 [main] DEBUG o.a.h.i.c.BasicClientConnectionManager - Connection can be kept alive indefinitely
22:09:28.098 [main] DEBUG o.a.h.i.c.BasicClientConnectionManager - Get connection for route {}->http://localhost:8080
22:09:28.098 [main] DEBUG o.a.h.i.c.DefaultClientConnectionOperator - Connecting to localhost:8080
22:09:28.099 [main] DEBUG o.a.h.c.protocol.RequestAddCookies - CookieSpec selected: ignoreCookies
22:09:28.099 [main] DEBUG o.a.h.c.protocol.RequestAuthCache - Auth cache not set in the context
22:09:28.099 [main] DEBUG o.a.h.c.p.RequestTargetAuthentication - Target auth state: UNCHALLENGED
22:09:28.099 [main] DEBUG o.a.h.c.p.RequestProxyAuthentication - Proxy auth state: UNCHALLENGED
22:09:28.099 [main] DEBUG o.a.h.impl.client.DefaultHttpClient - Attempt 1 to execute request
22:09:28.099 [main] DEBUG o.a.h.i.conn.DefaultClientConnection - Sending request: GET /2?b=6&c=3 HTTP/1.1
22:09:28.099 [main] DEBUG org.apache.http.wire -  >> "GET /2?b=6&c=3 HTTP/1.1[\r][\n]"
22:09:28.099 [main] DEBUG org.apache.http.wire -  >> "Accept: */*[\r][\n]"
22:09:28.099 [main] DEBUG org.apache.http.wire -  >> "Host: localhost:8080[\r][\n]"
22:09:28.099 [main] DEBUG org.apache.http.wire -  >> "Connection: Keep-Alive[\r][\n]"
22:09:28.099 [main] DEBUG org.apache.http.wire -  >> "User-Agent: Apache-HttpClient/4.5.3 (Java/13.0.5.1)[\r][\n]"
22:09:28.099 [main] DEBUG org.apache.http.wire -  >> "Accept-Encoding: gzip,deflate[\r][\n]"
22:09:28.099 [main] DEBUG org.apache.http.wire -  >> "[\r][\n]"
22:09:28.099 [main] DEBUG org.apache.http.headers - >> GET /2?b=6&c=3 HTTP/1.1
22:09:28.099 [main] DEBUG org.apache.http.headers - >> Accept: */*
22:09:28.099 [main] DEBUG org.apache.http.headers - >> Host: localhost:8080
22:09:28.099 [main] DEBUG org.apache.http.headers - >> Connection: Keep-Alive
22:09:28.099 [main] DEBUG org.apache.http.headers - >> User-Agent: Apache-HttpClient/4.5.3 (Java/13.0.5.1)
22:09:28.099 [main] DEBUG org.apache.http.headers - >> Accept-Encoding: gzip,deflate
22:09:28.117 [main] DEBUG org.apache.http.wire -  << "HTTP/1.1 200 OK[\r][\n]"
22:09:28.117 [main] DEBUG org.apache.http.wire -  << "Server: Apache-Coyote/1.1[\r][\n]"
22:09:28.117 [main] DEBUG org.apache.http.wire -  << "Content-Type: text/plain;charset=UTF-8[\r][\n]"
22:09:28.117 [main] DEBUG org.apache.http.wire -  << "Content-Length: 6[\r][\n]"
22:09:28.117 [main] DEBUG org.apache.http.wire -  << "Date: Sun, 07 Feb 2021 21:09:28 GMT[\r][\n]"
22:09:28.117 [main] DEBUG org.apache.http.wire -  << "[\r][\n]"
22:09:28.117 [main] DEBUG o.a.h.i.conn.DefaultClientConnection - Receiving response: HTTP/1.1 200 OK
22:09:28.117 [main] DEBUG org.apache.http.headers - << HTTP/1.1 200 OK
22:09:28.117 [main] DEBUG org.apache.http.headers - << Server: Apache-Coyote/1.1
22:09:28.117 [main] DEBUG org.apache.http.headers - << Content-Type: text/plain;charset=UTF-8
22:09:28.117 [main] DEBUG org.apache.http.headers - << Content-Length: 6
22:09:28.117 [main] DEBUG org.apache.http.headers - << Date: Sun, 07 Feb 2021 21:09:28 GMT
22:09:28.117 [main] DEBUG o.a.h.impl.client.DefaultHttpClient - Connection can be kept alive indefinitely
22:09:28.117 [main] DEBUG i.r.i.RequestSpecificationImpl$RestAssuredHttpBuilder - Parsing response as: text/plain;charset=UTF-8
22:09:28.117 [main] DEBUG i.r.i.RequestSpecificationImpl$RestAssuredHttpBuilder - Parsed data to instance of: class org.apache.http.conn.EofSensorInputStream
22:09:28.118 [main] DEBUG org.apache.http.wire -  << "b:1500"
22:09:28.118 [main] DEBUG o.a.h.i.c.BasicClientConnectionManager - Releasing connection org.apache.http.impl.conn.ManagedClientConnectionImpl@640cc04b
22:09:28.118 [main] DEBUG o.a.h.i.c.BasicClientConnectionManager - Connection can be kept alive indefinitely
22:09:28.122 [main] DEBUG o.a.h.i.c.BasicClientConnectionManager - Get connection for route {}->http://localhost:8080
22:09:28.122 [main] DEBUG o.a.h.i.c.DefaultClientConnectionOperator - Connecting to localhost:8080
22:09:28.123 [main] DEBUG o.a.h.c.protocol.RequestAddCookies - CookieSpec selected: ignoreCookies
22:09:28.123 [main] DEBUG o.a.h.c.protocol.RequestAuthCache - Auth cache not set in the context
22:09:28.123 [main] DEBUG o.a.h.c.p.RequestTargetAuthentication - Target auth state: UNCHALLENGED
22:09:28.123 [main] DEBUG o.a.h.c.p.RequestProxyAuthentication - Proxy auth state: UNCHALLENGED
22:09:28.123 [main] DEBUG o.a.h.impl.client.DefaultHttpClient - Attempt 1 to execute request
22:09:28.123 [main] DEBUG o.a.h.i.conn.DefaultClientConnection - Sending request: GET /2?b=6&c=3 HTTP/1.1
22:09:28.123 [main] DEBUG org.apache.http.wire -  >> "GET /2?b=6&c=3 HTTP/1.1[\r][\n]"
22:09:28.123 [main] DEBUG org.apache.http.wire -  >> "Accept: */*[\r][\n]"
22:09:28.123 [main] DEBUG org.apache.http.wire -  >> "Host: localhost:8080[\r][\n]"
22:09:28.123 [main] DEBUG org.apache.http.wire -  >> "Connection: Keep-Alive[\r][\n]"
22:09:28.124 [main] DEBUG org.apache.http.wire -  >> "User-Agent: Apache-HttpClient/4.5.3 (Java/13.0.5.1)[\r][\n]"
22:09:28.124 [main] DEBUG org.apache.http.wire -  >> "Accept-Encoding: gzip,deflate[\r][\n]"
22:09:28.124 [main] DEBUG org.apache.http.wire -  >> "[\r][\n]"
22:09:28.124 [main] DEBUG org.apache.http.headers - >> GET /2?b=6&c=3 HTTP/1.1
22:09:28.124 [main] DEBUG org.apache.http.headers - >> Accept: */*
22:09:28.124 [main] DEBUG org.apache.http.headers - >> Host: localhost:8080
22:09:28.124 [main] DEBUG org.apache.http.headers - >> Connection: Keep-Alive
22:09:28.124 [main] DEBUG org.apache.http.headers - >> User-Agent: Apache-HttpClient/4.5.3 (Java/13.0.5.1)
22:09:28.124 [main] DEBUG org.apache.http.headers - >> Accept-Encoding: gzip,deflate
22:09:28.141 [main] DEBUG org.apache.http.wire -  << "HTTP/1.1 200 OK[\r][\n]"
22:09:28.141 [main] DEBUG org.apache.http.wire -  << "Server: Apache-Coyote/1.1[\r][\n]"
22:09:28.141 [main] DEBUG org.apache.http.wire -  << "Content-Type: text/plain;charset=UTF-8[\r][\n]"
22:09:28.141 [main] DEBUG org.apache.http.wire -  << "Content-Length: 6[\r][\n]"
22:09:28.141 [main] DEBUG org.apache.http.wire -  << "Date: Sun, 07 Feb 2021 21:09:28 GMT[\r][\n]"
22:09:28.141 [main] DEBUG org.apache.http.wire -  << "[\r][\n]"
22:09:28.141 [main] DEBUG o.a.h.i.conn.DefaultClientConnection - Receiving response: HTTP/1.1 200 OK
22:09:28.141 [main] DEBUG org.apache.http.headers - << HTTP/1.1 200 OK
22:09:28.141 [main] DEBUG org.apache.http.headers - << Server: Apache-Coyote/1.1
22:09:28.141 [main] DEBUG org.apache.http.headers - << Content-Type: text/plain;charset=UTF-8
22:09:28.141 [main] DEBUG org.apache.http.headers - << Content-Length: 6
22:09:28.141 [main] DEBUG org.apache.http.headers - << Date: Sun, 07 Feb 2021 21:09:28 GMT
22:09:28.141 [main] DEBUG o.a.h.impl.client.DefaultHttpClient - Connection can be kept alive indefinitely
22:09:28.141 [main] DEBUG i.r.i.RequestSpecificationImpl$RestAssuredHttpBuilder - Parsing response as: text/plain;charset=UTF-8
22:09:28.141 [main] DEBUG i.r.i.RequestSpecificationImpl$RestAssuredHttpBuilder - Parsed data to instance of: class org.apache.http.conn.EofSensorInputStream
22:09:28.142 [main] DEBUG org.apache.http.wire -  << "b:1500"
22:09:28.142 [main] DEBUG o.a.h.i.c.BasicClientConnectionManager - Releasing connection org.apache.http.impl.conn.ManagedClientConnectionImpl@65afeb6d
22:09:28.142 [main] DEBUG o.a.h.i.c.BasicClientConnectionManager - Connection can be kept alive indefinitely
22:09:28.145 [main] DEBUG o.a.h.i.c.BasicClientConnectionManager - Get connection for route {}->http://localhost:8080
22:09:28.145 [main] DEBUG o.a.h.i.c.DefaultClientConnectionOperator - Connecting to localhost:8080
22:09:28.145 [main] DEBUG o.a.h.c.protocol.RequestAddCookies - CookieSpec selected: ignoreCookies
22:09:28.145 [main] DEBUG o.a.h.c.protocol.RequestAuthCache - Auth cache not set in the context
22:09:28.145 [main] DEBUG o.a.h.c.p.RequestTargetAuthentication - Target auth state: UNCHALLENGED
22:09:28.145 [main] DEBUG o.a.h.c.p.RequestProxyAuthentication - Proxy auth state: UNCHALLENGED
22:09:28.145 [main] DEBUG o.a.h.impl.client.DefaultHttpClient - Attempt 1 to execute request
22:09:28.145 [main] DEBUG o.a.h.i.conn.DefaultClientConnection - Sending request: GET /2?b=6&c=3 HTTP/1.1
22:09:28.145 [main] DEBUG org.apache.http.wire -  >> "GET /2?b=6&c=3 HTTP/1.1[\r][\n]"
22:09:28.146 [main] DEBUG org.apache.http.wire -  >> "Accept: */*[\r][\n]"
22:09:28.146 [main] DEBUG org.apache.http.wire -  >> "Host: localhost:8080[\r][\n]"
22:09:28.146 [main] DEBUG org.apache.http.wire -  >> "Connection: Keep-Alive[\r][\n]"
22:09:28.146 [main] DEBUG org.apache.http.wire -  >> "User-Agent: Apache-HttpClient/4.5.3 (Java/13.0.5.1)[\r][\n]"
22:09:28.146 [main] DEBUG org.apache.http.wire -  >> "Accept-Encoding: gzip,deflate[\r][\n]"
22:09:28.146 [main] DEBUG org.apache.http.wire -  >> "[\r][\n]"
22:09:28.146 [main] DEBUG org.apache.http.headers - >> GET /2?b=6&c=3 HTTP/1.1
22:09:28.146 [main] DEBUG org.apache.http.headers - >> Accept: */*
22:09:28.146 [main] DEBUG org.apache.http.headers - >> Host: localhost:8080
22:09:28.146 [main] DEBUG org.apache.http.headers - >> Connection: Keep-Alive
22:09:28.146 [main] DEBUG org.apache.http.headers - >> User-Agent: Apache-HttpClient/4.5.3 (Java/13.0.5.1)
22:09:28.146 [main] DEBUG org.apache.http.headers - >> Accept-Encoding: gzip,deflate
22:09:28.163 [main] DEBUG org.apache.http.wire -  << "HTTP/1.1 200 OK[\r][\n]"
22:09:28.163 [main] DEBUG org.apache.http.wire -  << "Server: Apache-Coyote/1.1[\r][\n]"
22:09:28.163 [main] DEBUG org.apache.http.wire -  << "Content-Type: text/plain;charset=UTF-8[\r][\n]"
22:09:28.163 [main] DEBUG org.apache.http.wire -  << "Content-Length: 6[\r][\n]"
22:09:28.163 [main] DEBUG org.apache.http.wire -  << "Date: Sun, 07 Feb 2021 21:09:28 GMT[\r][\n]"
22:09:28.163 [main] DEBUG org.apache.http.wire -  << "[\r][\n]"
22:09:28.163 [main] DEBUG o.a.h.i.conn.DefaultClientConnection - Receiving response: HTTP/1.1 200 OK
22:09:28.163 [main] DEBUG org.apache.http.headers - << HTTP/1.1 200 OK
22:09:28.163 [main] DEBUG org.apache.http.headers - << Server: Apache-Coyote/1.1
22:09:28.163 [main] DEBUG org.apache.http.headers - << Content-Type: text/plain;charset=UTF-8
22:09:28.163 [main] DEBUG org.apache.http.headers - << Content-Length: 6
22:09:28.163 [main] DEBUG org.apache.http.headers - << Date: Sun, 07 Feb 2021 21:09:28 GMT
22:09:28.163 [main] DEBUG o.a.h.impl.client.DefaultHttpClient - Connection can be kept alive indefinitely
22:09:28.164 [main] DEBUG i.r.i.RequestSpecificationImpl$RestAssuredHttpBuilder - Parsing response as: text/plain;charset=UTF-8
22:09:28.164 [main] DEBUG i.r.i.RequestSpecificationImpl$RestAssuredHttpBuilder - Parsed data to instance of: class org.apache.http.conn.EofSensorInputStream
22:09:28.165 [main] DEBUG org.apache.http.wire -  << "b:1500"
22:09:28.165 [main] DEBUG o.a.h.i.c.BasicClientConnectionManager - Releasing connection org.apache.http.impl.conn.ManagedClientConnectionImpl@60df7989
22:09:28.165 [main] DEBUG o.a.h.i.c.BasicClientConnectionManager - Connection can be kept alive indefinitely
22:09:28.170 [main] DEBUG o.a.h.i.c.BasicClientConnectionManager - Get connection for route {}->http://localhost:8080
22:09:28.170 [main] DEBUG o.a.h.i.c.DefaultClientConnectionOperator - Connecting to localhost:8080
22:09:28.171 [main] DEBUG o.a.h.c.protocol.RequestAddCookies - CookieSpec selected: ignoreCookies
22:09:28.171 [main] DEBUG o.a.h.c.protocol.RequestAuthCache - Auth cache not set in the context
22:09:28.171 [main] DEBUG o.a.h.c.p.RequestTargetAuthentication - Target auth state: UNCHALLENGED
22:09:28.171 [main] DEBUG o.a.h.c.p.RequestProxyAuthentication - Proxy auth state: UNCHALLENGED
22:09:28.171 [main] DEBUG o.a.h.impl.client.DefaultHttpClient - Attempt 1 to execute request
22:09:28.171 [main] DEBUG o.a.h.i.conn.DefaultClientConnection - Sending request: GET /2?b=6&c=3 HTTP/1.1
22:09:28.171 [main] DEBUG org.apache.http.wire -  >> "GET /2?b=6&c=3 HTTP/1.1[\r][\n]"
22:09:28.171 [main] DEBUG org.apache.http.wire -  >> "Accept: */*[\r][\n]"
22:09:28.171 [main] DEBUG org.apache.http.wire -  >> "Host: localhost:8080[\r][\n]"
22:09:28.171 [main] DEBUG org.apache.http.wire -  >> "Connection: Keep-Alive[\r][\n]"
22:09:28.172 [main] DEBUG org.apache.http.wire -  >> "User-Agent: Apache-HttpClient/4.5.3 (Java/13.0.5.1)[\r][\n]"
22:09:28.172 [main] DEBUG org.apache.http.wire -  >> "Accept-Encoding: gzip,deflate[\r][\n]"
22:09:28.172 [main] DEBUG org.apache.http.wire -  >> "[\r][\n]"
22:09:28.172 [main] DEBUG org.apache.http.headers - >> GET /2?b=6&c=3 HTTP/1.1
22:09:28.172 [main] DEBUG org.apache.http.headers - >> Accept: */*
22:09:28.172 [main] DEBUG org.apache.http.headers - >> Host: localhost:8080
22:09:28.172 [main] DEBUG org.apache.http.headers - >> Connection: Keep-Alive
22:09:28.172 [main] DEBUG org.apache.http.headers - >> User-Agent: Apache-HttpClient/4.5.3 (Java/13.0.5.1)
22:09:28.172 [main] DEBUG org.apache.http.headers - >> Accept-Encoding: gzip,deflate
22:09:28.189 [main] DEBUG org.apache.http.wire -  << "HTTP/1.1 200 OK[\r][\n]"
22:09:28.189 [main] DEBUG org.apache.http.wire -  << "Server: Apache-Coyote/1.1[\r][\n]"
22:09:28.189 [main] DEBUG org.apache.http.wire -  << "Content-Type: text/plain;charset=UTF-8[\r][\n]"
22:09:28.189 [main] DEBUG org.apache.http.wire -  << "Content-Length: 6[\r][\n]"
22:09:28.189 [main] DEBUG org.apache.http.wire -  << "Date: Sun, 07 Feb 2021 21:09:28 GMT[\r][\n]"
22:09:28.189 [main] DEBUG org.apache.http.wire -  << "[\r][\n]"
22:09:28.189 [main] DEBUG o.a.h.i.conn.DefaultClientConnection - Receiving response: HTTP/1.1 200 OK
22:09:28.189 [main] DEBUG org.apache.http.headers - << HTTP/1.1 200 OK
22:09:28.189 [main] DEBUG org.apache.http.headers - << Server: Apache-Coyote/1.1
22:09:28.189 [main] DEBUG org.apache.http.headers - << Content-Type: text/plain;charset=UTF-8
22:09:28.189 [main] DEBUG org.apache.http.headers - << Content-Length: 6
22:09:28.189 [main] DEBUG org.apache.http.headers - << Date: Sun, 07 Feb 2021 21:09:28 GMT
22:09:28.189 [main] DEBUG o.a.h.impl.client.DefaultHttpClient - Connection can be kept alive indefinitely
22:09:28.189 [main] DEBUG i.r.i.RequestSpecificationImpl$RestAssuredHttpBuilder - Parsing response as: text/plain;charset=UTF-8
22:09:28.189 [main] DEBUG i.r.i.RequestSpecificationImpl$RestAssuredHttpBuilder - Parsed data to instance of: class org.apache.http.conn.EofSensorInputStream
22:09:28.189 [main] DEBUG org.apache.http.wire -  << "b:1500"
22:09:28.189 [main] DEBUG o.a.h.i.c.BasicClientConnectionManager - Releasing connection org.apache.http.impl.conn.ManagedClientConnectionImpl@5cf8676a
22:09:28.189 [main] DEBUG o.a.h.i.c.BasicClientConnectionManager - Connection can be kept alive indefinitely
22:09:28.192 [main] DEBUG o.a.h.i.c.BasicClientConnectionManager - Get connection for route {}->http://localhost:8080
22:09:28.192 [main] DEBUG o.a.h.i.c.DefaultClientConnectionOperator - Connecting to localhost:8080
22:09:28.193 [main] DEBUG o.a.h.c.protocol.RequestAddCookies - CookieSpec selected: ignoreCookies
22:09:28.193 [main] DEBUG o.a.h.c.protocol.RequestAuthCache - Auth cache not set in the context
22:09:28.193 [main] DEBUG o.a.h.c.p.RequestTargetAuthentication - Target auth state: UNCHALLENGED
22:09:28.193 [main] DEBUG o.a.h.c.p.RequestProxyAuthentication - Proxy auth state: UNCHALLENGED
22:09:28.193 [main] DEBUG o.a.h.impl.client.DefaultHttpClient - Attempt 1 to execute request
22:09:28.193 [main] DEBUG o.a.h.i.conn.DefaultClientConnection - Sending request: GET /2?b=6&c=3 HTTP/1.1
22:09:28.193 [main] DEBUG org.apache.http.wire -  >> "GET /2?b=6&c=3 HTTP/1.1[\r][\n]"
22:09:28.193 [main] DEBUG org.apache.http.wire -  >> "Accept: */*[\r][\n]"
22:09:28.193 [main] DEBUG org.apache.http.wire -  >> "Host: localhost:8080[\r][\n]"
22:09:28.193 [main] DEBUG org.apache.http.wire -  >> "Connection: Keep-Alive[\r][\n]"
22:09:28.193 [main] DEBUG org.apache.http.wire -  >> "User-Agent: Apache-HttpClient/4.5.3 (Java/13.0.5.1)[\r][\n]"
22:09:28.193 [main] DEBUG org.apache.http.wire -  >> "Accept-Encoding: gzip,deflate[\r][\n]"
22:09:28.193 [main] DEBUG org.apache.http.wire -  >> "[\r][\n]"
22:09:28.193 [main] DEBUG org.apache.http.headers - >> GET /2?b=6&c=3 HTTP/1.1
22:09:28.193 [main] DEBUG org.apache.http.headers - >> Accept: */*
22:09:28.193 [main] DEBUG org.apache.http.headers - >> Host: localhost:8080
22:09:28.193 [main] DEBUG org.apache.http.headers - >> Connection: Keep-Alive
22:09:28.193 [main] DEBUG org.apache.http.headers - >> User-Agent: Apache-HttpClient/4.5.3 (Java/13.0.5.1)
22:09:28.193 [main] DEBUG org.apache.http.headers - >> Accept-Encoding: gzip,deflate
22:09:28.207 [main] DEBUG org.apache.http.wire -  << "HTTP/1.1 200 OK[\r][\n]"
22:09:28.207 [main] DEBUG org.apache.http.wire -  << "Server: Apache-Coyote/1.1[\r][\n]"
22:09:28.207 [main] DEBUG org.apache.http.wire -  << "Content-Type: text/plain;charset=UTF-8[\r][\n]"
22:09:28.207 [main] DEBUG org.apache.http.wire -  << "Content-Length: 6[\r][\n]"
22:09:28.207 [main] DEBUG org.apache.http.wire -  << "Date: Sun, 07 Feb 2021 21:09:28 GMT[\r][\n]"
22:09:28.207 [main] DEBUG org.apache.http.wire -  << "[\r][\n]"
22:09:28.207 [main] DEBUG o.a.h.i.conn.DefaultClientConnection - Receiving response: HTTP/1.1 200 OK
22:09:28.207 [main] DEBUG org.apache.http.headers - << HTTP/1.1 200 OK
22:09:28.207 [main] DEBUG org.apache.http.headers - << Server: Apache-Coyote/1.1
22:09:28.207 [main] DEBUG org.apache.http.headers - << Content-Type: text/plain;charset=UTF-8
22:09:28.207 [main] DEBUG org.apache.http.headers - << Content-Length: 6
22:09:28.207 [main] DEBUG org.apache.http.headers - << Date: Sun, 07 Feb 2021 21:09:28 GMT
22:09:28.207 [main] DEBUG o.a.h.impl.client.DefaultHttpClient - Connection can be kept alive indefinitely
22:09:28.207 [main] DEBUG i.r.i.RequestSpecificationImpl$RestAssuredHttpBuilder - Parsing response as: text/plain;charset=UTF-8
22:09:28.207 [main] DEBUG i.r.i.RequestSpecificationImpl$RestAssuredHttpBuilder - Parsed data to instance of: class org.apache.http.conn.EofSensorInputStream
22:09:28.207 [main] DEBUG org.apache.http.wire -  << "b:1500"
22:09:28.207 [main] DEBUG o.a.h.i.c.BasicClientConnectionManager - Releasing connection org.apache.http.impl.conn.ManagedClientConnectionImpl@388d14e
22:09:28.207 [main] DEBUG o.a.h.i.c.BasicClientConnectionManager - Connection can be kept alive indefinitely
22:09:28.213 [main] DEBUG o.a.h.i.c.BasicClientConnectionManager - Get connection for route {}->http://localhost:8080
22:09:28.213 [main] DEBUG o.a.h.i.c.DefaultClientConnectionOperator - Connecting to localhost:8080
22:09:28.215 [main] DEBUG o.a.h.c.protocol.RequestAddCookies - CookieSpec selected: ignoreCookies
22:09:28.215 [main] DEBUG o.a.h.c.protocol.RequestAuthCache - Auth cache not set in the context
22:09:28.215 [main] DEBUG o.a.h.c.p.RequestTargetAuthentication - Target auth state: UNCHALLENGED
22:09:28.215 [main] DEBUG o.a.h.c.p.RequestProxyAuthentication - Proxy auth state: UNCHALLENGED
22:09:28.215 [main] DEBUG o.a.h.impl.client.DefaultHttpClient - Attempt 1 to execute request
22:09:28.215 [main] DEBUG o.a.h.i.conn.DefaultClientConnection - Sending request: GET /2?b=6&c=3 HTTP/1.1
22:09:28.215 [main] DEBUG org.apache.http.wire -  >> "GET /2?b=6&c=3 HTTP/1.1[\r][\n]"
22:09:28.215 [main] DEBUG org.apache.http.wire -  >> "Accept: */*[\r][\n]"
22:09:28.215 [main] DEBUG org.apache.http.wire -  >> "Host: localhost:8080[\r][\n]"
22:09:28.215 [main] DEBUG org.apache.http.wire -  >> "Connection: Keep-Alive[\r][\n]"
22:09:28.215 [main] DEBUG org.apache.http.wire -  >> "User-Agent: Apache-HttpClient/4.5.3 (Java/13.0.5.1)[\r][\n]"
22:09:28.215 [main] DEBUG org.apache.http.wire -  >> "Accept-Encoding: gzip,deflate[\r][\n]"
22:09:28.215 [main] DEBUG org.apache.http.wire -  >> "[\r][\n]"
22:09:28.215 [main] DEBUG org.apache.http.headers - >> GET /2?b=6&c=3 HTTP/1.1
22:09:28.215 [main] DEBUG org.apache.http.headers - >> Accept: */*
22:09:28.215 [main] DEBUG org.apache.http.headers - >> Host: localhost:8080
22:09:28.215 [main] DEBUG org.apache.http.headers - >> Connection: Keep-Alive
22:09:28.215 [main] DEBUG org.apache.http.headers - >> User-Agent: Apache-HttpClient/4.5.3 (Java/13.0.5.1)
22:09:28.215 [main] DEBUG org.apache.http.headers - >> Accept-Encoding: gzip,deflate
22:09:28.230 [main] DEBUG org.apache.http.wire -  << "HTTP/1.1 200 OK[\r][\n]"
22:09:28.231 [main] DEBUG org.apache.http.wire -  << "Server: Apache-Coyote/1.1[\r][\n]"
22:09:28.231 [main] DEBUG org.apache.http.wire -  << "Content-Type: text/plain;charset=UTF-8[\r][\n]"
22:09:28.231 [main] DEBUG org.apache.http.wire -  << "Content-Length: 6[\r][\n]"
22:09:28.231 [main] DEBUG org.apache.http.wire -  << "Date: Sun, 07 Feb 2021 21:09:28 GMT[\r][\n]"
22:09:28.231 [main] DEBUG org.apache.http.wire -  << "[\r][\n]"
22:09:28.231 [main] DEBUG o.a.h.i.conn.DefaultClientConnection - Receiving response: HTTP/1.1 200 OK
22:09:28.231 [main] DEBUG org.apache.http.headers - << HTTP/1.1 200 OK
22:09:28.231 [main] DEBUG org.apache.http.headers - << Server: Apache-Coyote/1.1
22:09:28.231 [main] DEBUG org.apache.http.headers - << Content-Type: text/plain;charset=UTF-8
22:09:28.231 [main] DEBUG org.apache.http.headers - << Content-Length: 6
22:09:28.231 [main] DEBUG org.apache.http.headers - << Date: Sun, 07 Feb 2021 21:09:28 GMT
22:09:28.231 [main] DEBUG o.a.h.impl.client.DefaultHttpClient - Connection can be kept alive indefinitely
22:09:28.231 [main] DEBUG i.r.i.RequestSpecificationImpl$RestAssuredHttpBuilder - Parsing response as: text/plain;charset=UTF-8
22:09:28.231 [main] DEBUG i.r.i.RequestSpecificationImpl$RestAssuredHttpBuilder - Parsed data to instance of: class org.apache.http.conn.EofSensorInputStream
22:09:28.231 [main] DEBUG org.apache.http.wire -  << "b:1500"
22:09:28.231 [main] DEBUG o.a.h.i.c.BasicClientConnectionManager - Releasing connection org.apache.http.impl.conn.ManagedClientConnectionImpl@68b366e2
22:09:28.231 [main] DEBUG o.a.h.i.c.BasicClientConnectionManager - Connection can be kept alive indefinitely
22:09:28.234 [main] DEBUG o.a.h.i.c.BasicClientConnectionManager - Get connection for route {}->http://localhost:8080
22:09:28.234 [main] DEBUG o.a.h.i.c.DefaultClientConnectionOperator - Connecting to localhost:8080
22:09:28.235 [main] DEBUG o.a.h.c.protocol.RequestAddCookies - CookieSpec selected: ignoreCookies
22:09:28.235 [main] DEBUG o.a.h.c.protocol.RequestAuthCache - Auth cache not set in the context
22:09:28.235 [main] DEBUG o.a.h.c.p.RequestTargetAuthentication - Target auth state: UNCHALLENGED
22:09:28.235 [main] DEBUG o.a.h.c.p.RequestProxyAuthentication - Proxy auth state: UNCHALLENGED
22:09:28.235 [main] DEBUG o.a.h.impl.client.DefaultHttpClient - Attempt 1 to execute request
22:09:28.235 [main] DEBUG o.a.h.i.conn.DefaultClientConnection - Sending request: GET /2?b=6&c=3 HTTP/1.1
22:09:28.235 [main] DEBUG org.apache.http.wire -  >> "GET /2?b=6&c=3 HTTP/1.1[\r][\n]"
22:09:28.235 [main] DEBUG org.apache.http.wire -  >> "Accept: */*[\r][\n]"
22:09:28.235 [main] DEBUG org.apache.http.wire -  >> "Host: localhost:8080[\r][\n]"
22:09:28.235 [main] DEBUG org.apache.http.wire -  >> "Connection: Keep-Alive[\r][\n]"
22:09:28.235 [main] DEBUG org.apache.http.wire -  >> "User-Agent: Apache-HttpClient/4.5.3 (Java/13.0.5.1)[\r][\n]"
22:09:28.235 [main] DEBUG org.apache.http.wire -  >> "Accept-Encoding: gzip,deflate[\r][\n]"
22:09:28.235 [main] DEBUG org.apache.http.wire -  >> "[\r][\n]"
22:09:28.235 [main] DEBUG org.apache.http.headers - >> GET /2?b=6&c=3 HTTP/1.1
22:09:28.235 [main] DEBUG org.apache.http.headers - >> Accept: */*
22:09:28.235 [main] DEBUG org.apache.http.headers - >> Host: localhost:8080
22:09:28.235 [main] DEBUG org.apache.http.headers - >> Connection: Keep-Alive
22:09:28.235 [main] DEBUG org.apache.http.headers - >> User-Agent: Apache-HttpClient/4.5.3 (Java/13.0.5.1)
22:09:28.235 [main] DEBUG org.apache.http.headers - >> Accept-Encoding: gzip,deflate
22:09:28.252 [main] DEBUG org.apache.http.wire -  << "HTTP/1.1 200 OK[\r][\n]"
22:09:28.252 [main] DEBUG org.apache.http.wire -  << "Server: Apache-Coyote/1.1[\r][\n]"
22:09:28.252 [main] DEBUG org.apache.http.wire -  << "Content-Type: text/plain;charset=UTF-8[\r][\n]"
22:09:28.252 [main] DEBUG org.apache.http.wire -  << "Content-Length: 6[\r][\n]"
22:09:28.252 [main] DEBUG org.apache.http.wire -  << "Date: Sun, 07 Feb 2021 21:09:28 GMT[\r][\n]"
22:09:28.252 [main] DEBUG org.apache.http.wire -  << "[\r][\n]"
22:09:28.252 [main] DEBUG o.a.h.i.conn.DefaultClientConnection - Receiving response: HTTP/1.1 200 OK
22:09:28.252 [main] DEBUG org.apache.http.headers - << HTTP/1.1 200 OK
22:09:28.252 [main] DEBUG org.apache.http.headers - << Server: Apache-Coyote/1.1
22:09:28.252 [main] DEBUG org.apache.http.headers - << Content-Type: text/plain;charset=UTF-8
22:09:28.252 [main] DEBUG org.apache.http.headers - << Content-Length: 6
22:09:28.252 [main] DEBUG org.apache.http.headers - << Date: Sun, 07 Feb 2021 21:09:28 GMT
22:09:28.252 [main] DEBUG o.a.h.impl.client.DefaultHttpClient - Connection can be kept alive indefinitely
22:09:28.252 [main] DEBUG i.r.i.RequestSpecificationImpl$RestAssuredHttpBuilder - Parsing response as: text/plain;charset=UTF-8
22:09:28.252 [main] DEBUG i.r.i.RequestSpecificationImpl$RestAssuredHttpBuilder - Parsed data to instance of: class org.apache.http.conn.EofSensorInputStream
22:09:28.253 [main] DEBUG org.apache.http.wire -  << "b:1500"
22:09:28.253 [main] DEBUG o.a.h.i.c.BasicClientConnectionManager - Releasing connection org.apache.http.impl.conn.ManagedClientConnectionImpl@55f4887d
22:09:28.253 [main] DEBUG o.a.h.i.c.BasicClientConnectionManager - Connection can be kept alive indefinitely
22:09:28.255 [main] DEBUG o.a.h.i.c.BasicClientConnectionManager - Get connection for route {}->http://localhost:8080
22:09:28.255 [main] DEBUG o.a.h.i.c.DefaultClientConnectionOperator - Connecting to localhost:8080
22:09:28.256 [main] DEBUG o.a.h.c.protocol.RequestAddCookies - CookieSpec selected: ignoreCookies
22:09:28.256 [main] DEBUG o.a.h.c.protocol.RequestAuthCache - Auth cache not set in the context
22:09:28.256 [main] DEBUG o.a.h.c.p.RequestTargetAuthentication - Target auth state: UNCHALLENGED
22:09:28.256 [main] DEBUG o.a.h.c.p.RequestProxyAuthentication - Proxy auth state: UNCHALLENGED
22:09:28.256 [main] DEBUG o.a.h.impl.client.DefaultHttpClient - Attempt 1 to execute request
22:09:28.256 [main] DEBUG o.a.h.i.conn.DefaultClientConnection - Sending request: GET /2?b=6&c=3 HTTP/1.1
22:09:28.256 [main] DEBUG org.apache.http.wire -  >> "GET /2?b=6&c=3 HTTP/1.1[\r][\n]"
22:09:28.256 [main] DEBUG org.apache.http.wire -  >> "Accept: */*[\r][\n]"
22:09:28.256 [main] DEBUG org.apache.http.wire -  >> "Host: localhost:8080[\r][\n]"
22:09:28.256 [main] DEBUG org.apache.http.wire -  >> "Connection: Keep-Alive[\r][\n]"
22:09:28.256 [main] DEBUG org.apache.http.wire -  >> "User-Agent: Apache-HttpClient/4.5.3 (Java/13.0.5.1)[\r][\n]"
22:09:28.256 [main] DEBUG org.apache.http.wire -  >> "Accept-Encoding: gzip,deflate[\r][\n]"
22:09:28.256 [main] DEBUG org.apache.http.wire -  >> "[\r][\n]"
22:09:28.256 [main] DEBUG org.apache.http.headers - >> GET /2?b=6&c=3 HTTP/1.1
22:09:28.256 [main] DEBUG org.apache.http.headers - >> Accept: */*
22:09:28.256 [main] DEBUG org.apache.http.headers - >> Host: localhost:8080
22:09:28.256 [main] DEBUG org.apache.http.headers - >> Connection: Keep-Alive
22:09:28.256 [main] DEBUG org.apache.http.headers - >> User-Agent: Apache-HttpClient/4.5.3 (Java/13.0.5.1)
22:09:28.256 [main] DEBUG org.apache.http.headers - >> Accept-Encoding: gzip,deflate
22:09:28.275 [main] DEBUG org.apache.http.wire -  << "HTTP/1.1 200 OK[\r][\n]"
22:09:28.275 [main] DEBUG org.apache.http.wire -  << "Server: Apache-Coyote/1.1[\r][\n]"
22:09:28.275 [main] DEBUG org.apache.http.wire -  << "Content-Type: text/plain;charset=UTF-8[\r][\n]"
22:09:28.275 [main] DEBUG org.apache.http.wire -  << "Content-Length: 6[\r][\n]"
22:09:28.275 [main] DEBUG org.apache.http.wire -  << "Date: Sun, 07 Feb 2021 21:09:28 GMT[\r][\n]"
22:09:28.275 [main] DEBUG org.apache.http.wire -  << "[\r][\n]"
22:09:28.275 [main] DEBUG o.a.h.i.conn.DefaultClientConnection - Receiving response: HTTP/1.1 200 OK
22:09:28.275 [main] DEBUG org.apache.http.headers - << HTTP/1.1 200 OK
22:09:28.275 [main] DEBUG org.apache.http.headers - << Server: Apache-Coyote/1.1
22:09:28.275 [main] DEBUG org.apache.http.headers - << Content-Type: text/plain;charset=UTF-8
22:09:28.275 [main] DEBUG org.apache.http.headers - << Content-Length: 6
22:09:28.275 [main] DEBUG org.apache.http.headers - << Date: Sun, 07 Feb 2021 21:09:28 GMT
22:09:28.276 [main] DEBUG o.a.h.impl.client.DefaultHttpClient - Connection can be kept alive indefinitely
22:09:28.276 [main] DEBUG i.r.i.RequestSpecificationImpl$RestAssuredHttpBuilder - Parsing response as: text/plain;charset=UTF-8
22:09:28.276 [main] DEBUG i.r.i.RequestSpecificationImpl$RestAssuredHttpBuilder - Parsed data to instance of: class org.apache.http.conn.EofSensorInputStream
22:09:28.276 [main] DEBUG org.apache.http.wire -  << "b:1500"
22:09:28.276 [main] DEBUG o.a.h.i.c.BasicClientConnectionManager - Releasing connection org.apache.http.impl.conn.ManagedClientConnectionImpl@991cbde
22:09:28.276 [main] DEBUG o.a.h.i.c.BasicClientConnectionManager - Connection can be kept alive indefinitely
22:09:28.279 [main] DEBUG o.a.h.i.c.BasicClientConnectionManager - Get connection for route {}->http://localhost:8080
22:09:28.279 [main] DEBUG o.a.h.i.c.DefaultClientConnectionOperator - Connecting to localhost:8080
22:09:28.279 [main] DEBUG o.a.h.c.protocol.RequestAddCookies - CookieSpec selected: ignoreCookies
22:09:28.279 [main] DEBUG o.a.h.c.protocol.RequestAuthCache - Auth cache not set in the context
22:09:28.279 [main] DEBUG o.a.h.c.p.RequestTargetAuthentication - Target auth state: UNCHALLENGED
22:09:28.279 [main] DEBUG o.a.h.c.p.RequestProxyAuthentication - Proxy auth state: UNCHALLENGED
22:09:28.279 [main] DEBUG o.a.h.impl.client.DefaultHttpClient - Attempt 1 to execute request
22:09:28.279 [main] DEBUG o.a.h.i.conn.DefaultClientConnection - Sending request: GET /2?b=6&c=3 HTTP/1.1
22:09:28.279 [main] DEBUG org.apache.http.wire -  >> "GET /2?b=6&c=3 HTTP/1.1[\r][\n]"
22:09:28.279 [main] DEBUG org.apache.http.wire -  >> "Accept: */*[\r][\n]"
22:09:28.279 [main] DEBUG org.apache.http.wire -  >> "Host: localhost:8080[\r][\n]"
22:09:28.279 [main] DEBUG org.apache.http.wire -  >> "Connection: Keep-Alive[\r][\n]"
22:09:28.279 [main] DEBUG org.apache.http.wire -  >> "User-Agent: Apache-HttpClient/4.5.3 (Java/13.0.5.1)[\r][\n]"
22:09:28.279 [main] DEBUG org.apache.http.wire -  >> "Accept-Encoding: gzip,deflate[\r][\n]"
22:09:28.279 [main] DEBUG org.apache.http.wire -  >> "[\r][\n]"
22:09:28.279 [main] DEBUG org.apache.http.headers - >> GET /2?b=6&c=3 HTTP/1.1
22:09:28.279 [main] DEBUG org.apache.http.headers - >> Accept: */*
22:09:28.279 [main] DEBUG org.apache.http.headers - >> Host: localhost:8080
22:09:28.279 [main] DEBUG org.apache.http.headers - >> Connection: Keep-Alive
22:09:28.279 [main] DEBUG org.apache.http.headers - >> User-Agent: Apache-HttpClient/4.5.3 (Java/13.0.5.1)
22:09:28.279 [main] DEBUG org.apache.http.headers - >> Accept-Encoding: gzip,deflate
22:09:28.298 [main] DEBUG org.apache.http.wire -  << "HTTP/1.1 200 OK[\r][\n]"
22:09:28.299 [main] DEBUG org.apache.http.wire -  << "Server: Apache-Coyote/1.1[\r][\n]"
22:09:28.299 [main] DEBUG org.apache.http.wire -  << "Content-Type: text/plain;charset=UTF-8[\r][\n]"
22:09:28.299 [main] DEBUG org.apache.http.wire -  << "Content-Length: 6[\r][\n]"
22:09:28.299 [main] DEBUG org.apache.http.wire -  << "Date: Sun, 07 Feb 2021 21:09:28 GMT[\r][\n]"
22:09:28.299 [main] DEBUG org.apache.http.wire -  << "[\r][\n]"
22:09:28.299 [main] DEBUG o.a.h.i.conn.DefaultClientConnection - Receiving response: HTTP/1.1 200 OK
22:09:28.299 [main] DEBUG org.apache.http.headers - << HTTP/1.1 200 OK
22:09:28.299 [main] DEBUG org.apache.http.headers - << Server: Apache-Coyote/1.1
22:09:28.299 [main] DEBUG org.apache.http.headers - << Content-Type: text/plain;charset=UTF-8
22:09:28.299 [main] DEBUG org.apache.http.headers - << Content-Length: 6
22:09:28.299 [main] DEBUG org.apache.http.headers - << Date: Sun, 07 Feb 2021 21:09:28 GMT
22:09:28.299 [main] DEBUG o.a.h.impl.client.DefaultHttpClient - Connection can be kept alive indefinitely
22:09:28.300 [main] DEBUG i.r.i.RequestSpecificationImpl$RestAssuredHttpBuilder - Parsing response as: text/plain;charset=UTF-8
22:09:28.300 [main] DEBUG i.r.i.RequestSpecificationImpl$RestAssuredHttpBuilder - Parsed data to instance of: class org.apache.http.conn.EofSensorInputStream
22:09:28.300 [main] DEBUG org.apache.http.wire -  << "b:1500"
22:09:28.301 [main] DEBUG o.a.h.i.c.BasicClientConnectionManager - Releasing connection org.apache.http.impl.conn.ManagedClientConnectionImpl@a9c5b75
22:09:28.301 [main] DEBUG o.a.h.i.c.BasicClientConnectionManager - Connection can be kept alive indefinitely
22:09:28.305 [main] DEBUG o.a.h.i.c.BasicClientConnectionManager - Get connection for route {}->http://localhost:8080
22:09:28.305 [main] DEBUG o.a.h.i.c.DefaultClientConnectionOperator - Connecting to localhost:8080
22:09:28.306 [main] DEBUG o.a.h.c.protocol.RequestAddCookies - CookieSpec selected: ignoreCookies
22:09:28.306 [main] DEBUG o.a.h.c.protocol.RequestAuthCache - Auth cache not set in the context
22:09:28.306 [main] DEBUG o.a.h.c.p.RequestTargetAuthentication - Target auth state: UNCHALLENGED
22:09:28.306 [main] DEBUG o.a.h.c.p.RequestProxyAuthentication - Proxy auth state: UNCHALLENGED
22:09:28.306 [main] DEBUG o.a.h.impl.client.DefaultHttpClient - Attempt 1 to execute request
22:09:28.306 [main] DEBUG o.a.h.i.conn.DefaultClientConnection - Sending request: GET /2?b=6&c=3 HTTP/1.1
22:09:28.306 [main] DEBUG org.apache.http.wire -  >> "GET /2?b=6&c=3 HTTP/1.1[\r][\n]"
22:09:28.306 [main] DEBUG org.apache.http.wire -  >> "Accept: */*[\r][\n]"
22:09:28.306 [main] DEBUG org.apache.http.wire -  >> "Host: localhost:8080[\r][\n]"
22:09:28.306 [main] DEBUG org.apache.http.wire -  >> "Connection: Keep-Alive[\r][\n]"
22:09:28.306 [main] DEBUG org.apache.http.wire -  >> "User-Agent: Apache-HttpClient/4.5.3 (Java/13.0.5.1)[\r][\n]"
22:09:28.306 [main] DEBUG org.apache.http.wire -  >> "Accept-Encoding: gzip,deflate[\r][\n]"
22:09:28.306 [main] DEBUG org.apache.http.wire -  >> "[\r][\n]"
22:09:28.306 [main] DEBUG org.apache.http.headers - >> GET /2?b=6&c=3 HTTP/1.1
22:09:28.306 [main] DEBUG org.apache.http.headers - >> Accept: */*
22:09:28.306 [main] DEBUG org.apache.http.headers - >> Host: localhost:8080
22:09:28.306 [main] DEBUG org.apache.http.headers - >> Connection: Keep-Alive
22:09:28.306 [main] DEBUG org.apache.http.headers - >> User-Agent: Apache-HttpClient/4.5.3 (Java/13.0.5.1)
22:09:28.306 [main] DEBUG org.apache.http.headers - >> Accept-Encoding: gzip,deflate
22:09:28.323 [main] DEBUG org.apache.http.wire -  << "HTTP/1.1 200 OK[\r][\n]"
22:09:28.323 [main] DEBUG org.apache.http.wire -  << "Server: Apache-Coyote/1.1[\r][\n]"
22:09:28.323 [main] DEBUG org.apache.http.wire -  << "Content-Type: text/plain;charset=UTF-8[\r][\n]"
22:09:28.323 [main] DEBUG org.apache.http.wire -  << "Content-Length: 6[\r][\n]"
22:09:28.323 [main] DEBUG org.apache.http.wire -  << "Date: Sun, 07 Feb 2021 21:09:28 GMT[\r][\n]"
22:09:28.323 [main] DEBUG org.apache.http.wire -  << "[\r][\n]"
22:09:28.323 [main] DEBUG o.a.h.i.conn.DefaultClientConnection - Receiving response: HTTP/1.1 200 OK
22:09:28.323 [main] DEBUG org.apache.http.headers - << HTTP/1.1 200 OK
22:09:28.323 [main] DEBUG org.apache.http.headers - << Server: Apache-Coyote/1.1
22:09:28.323 [main] DEBUG org.apache.http.headers - << Content-Type: text/plain;charset=UTF-8
22:09:28.323 [main] DEBUG org.apache.http.headers - << Content-Length: 6
22:09:28.323 [main] DEBUG org.apache.http.headers - << Date: Sun, 07 Feb 2021 21:09:28 GMT
22:09:28.323 [main] DEBUG o.a.h.impl.client.DefaultHttpClient - Connection can be kept alive indefinitely
22:09:28.324 [main] DEBUG i.r.i.RequestSpecificationImpl$RestAssuredHttpBuilder - Parsing response as: text/plain;charset=UTF-8
22:09:28.324 [main] DEBUG i.r.i.RequestSpecificationImpl$RestAssuredHttpBuilder - Parsed data to instance of: class org.apache.http.conn.EofSensorInputStream
22:09:28.324 [main] DEBUG org.apache.http.wire -  << "b:1500"
22:09:28.324 [main] DEBUG o.a.h.i.c.BasicClientConnectionManager - Releasing connection org.apache.http.impl.conn.ManagedClientConnectionImpl@568750b7
22:09:28.324 [main] DEBUG o.a.h.i.c.BasicClientConnectionManager - Connection can be kept alive indefinitely
22:09:28.326 [main] DEBUG o.a.h.i.c.BasicClientConnectionManager - Get connection for route {}->http://localhost:8080
22:09:28.327 [main] DEBUG o.a.h.i.c.DefaultClientConnectionOperator - Connecting to localhost:8080
22:09:28.327 [main] DEBUG o.a.h.c.protocol.RequestAddCookies - CookieSpec selected: ignoreCookies
22:09:28.327 [main] DEBUG o.a.h.c.protocol.RequestAuthCache - Auth cache not set in the context
22:09:28.327 [main] DEBUG o.a.h.c.p.RequestTargetAuthentication - Target auth state: UNCHALLENGED
22:09:28.327 [main] DEBUG o.a.h.c.p.RequestProxyAuthentication - Proxy auth state: UNCHALLENGED
22:09:28.327 [main] DEBUG o.a.h.impl.client.DefaultHttpClient - Attempt 1 to execute request
22:09:28.327 [main] DEBUG o.a.h.i.conn.DefaultClientConnection - Sending request: GET /2?b=6&c=3 HTTP/1.1
22:09:28.327 [main] DEBUG org.apache.http.wire -  >> "GET /2?b=6&c=3 HTTP/1.1[\r][\n]"
22:09:28.327 [main] DEBUG org.apache.http.wire -  >> "Accept: */*[\r][\n]"
22:09:28.327 [main] DEBUG org.apache.http.wire -  >> "Host: localhost:8080[\r][\n]"
22:09:28.327 [main] DEBUG org.apache.http.wire -  >> "Connection: Keep-Alive[\r][\n]"
22:09:28.327 [main] DEBUG org.apache.http.wire -  >> "User-Agent: Apache-HttpClient/4.5.3 (Java/13.0.5.1)[\r][\n]"
22:09:28.327 [main] DEBUG org.apache.http.wire -  >> "Accept-Encoding: gzip,deflate[\r][\n]"
22:09:28.327 [main] DEBUG org.apache.http.wire -  >> "[\r][\n]"
22:09:28.327 [main] DEBUG org.apache.http.headers - >> GET /2?b=6&c=3 HTTP/1.1
22:09:28.327 [main] DEBUG org.apache.http.headers - >> Accept: */*
22:09:28.327 [main] DEBUG org.apache.http.headers - >> Host: localhost:8080
22:09:28.327 [main] DEBUG org.apache.http.headers - >> Connection: Keep-Alive
22:09:28.327 [main] DEBUG org.apache.http.headers - >> User-Agent: Apache-HttpClient/4.5.3 (Java/13.0.5.1)
22:09:28.327 [main] DEBUG org.apache.http.headers - >> Accept-Encoding: gzip,deflate
22:09:28.346 [main] DEBUG org.apache.http.wire -  << "HTTP/1.1 200 OK[\r][\n]"
22:09:28.346 [main] DEBUG org.apache.http.wire -  << "Server: Apache-Coyote/1.1[\r][\n]"
22:09:28.346 [main] DEBUG org.apache.http.wire -  << "Content-Type: text/plain;charset=UTF-8[\r][\n]"
22:09:28.346 [main] DEBUG org.apache.http.wire -  << "Content-Length: 6[\r][\n]"
22:09:28.346 [main] DEBUG org.apache.http.wire -  << "Date: Sun, 07 Feb 2021 21:09:28 GMT[\r][\n]"
22:09:28.346 [main] DEBUG org.apache.http.wire -  << "[\r][\n]"
22:09:28.346 [main] DEBUG o.a.h.i.conn.DefaultClientConnection - Receiving response: HTTP/1.1 200 OK
22:09:28.346 [main] DEBUG org.apache.http.headers - << HTTP/1.1 200 OK
22:09:28.346 [main] DEBUG org.apache.http.headers - << Server: Apache-Coyote/1.1
22:09:28.346 [main] DEBUG org.apache.http.headers - << Content-Type: text/plain;charset=UTF-8
22:09:28.346 [main] DEBUG org.apache.http.headers - << Content-Length: 6
22:09:28.346 [main] DEBUG org.apache.http.headers - << Date: Sun, 07 Feb 2021 21:09:28 GMT
22:09:28.346 [main] DEBUG o.a.h.impl.client.DefaultHttpClient - Connection can be kept alive indefinitely
22:09:28.346 [main] DEBUG i.r.i.RequestSpecificationImpl$RestAssuredHttpBuilder - Parsing response as: text/plain;charset=UTF-8
22:09:28.346 [main] DEBUG i.r.i.RequestSpecificationImpl$RestAssuredHttpBuilder - Parsed data to instance of: class org.apache.http.conn.EofSensorInputStream
22:09:28.347 [main] DEBUG org.apache.http.wire -  << "b:1500"
22:09:28.347 [main] DEBUG o.a.h.i.c.BasicClientConnectionManager - Releasing connection org.apache.http.impl.conn.ManagedClientConnectionImpl@3b332962
22:09:28.347 [main] DEBUG o.a.h.i.c.BasicClientConnectionManager - Connection can be kept alive indefinitely
22:09:28.351 [main] DEBUG o.a.h.i.c.BasicClientConnectionManager - Get connection for route {}->http://localhost:8080
22:09:28.351 [main] DEBUG o.a.h.i.c.DefaultClientConnectionOperator - Connecting to localhost:8080
22:09:28.352 [main] DEBUG o.a.h.c.protocol.RequestAddCookies - CookieSpec selected: ignoreCookies
22:09:28.352 [main] DEBUG o.a.h.c.protocol.RequestAuthCache - Auth cache not set in the context
22:09:28.352 [main] DEBUG o.a.h.c.p.RequestTargetAuthentication - Target auth state: UNCHALLENGED
22:09:28.352 [main] DEBUG o.a.h.c.p.RequestProxyAuthentication - Proxy auth state: UNCHALLENGED
22:09:28.352 [main] DEBUG o.a.h.impl.client.DefaultHttpClient - Attempt 1 to execute request
22:09:28.352 [main] DEBUG o.a.h.i.conn.DefaultClientConnection - Sending request: GET /2?b=6&c=3 HTTP/1.1
22:09:28.352 [main] DEBUG org.apache.http.wire -  >> "GET /2?b=6&c=3 HTTP/1.1[\r][\n]"
22:09:28.352 [main] DEBUG org.apache.http.wire -  >> "Accept: */*[\r][\n]"
22:09:28.352 [main] DEBUG org.apache.http.wire -  >> "Host: localhost:8080[\r][\n]"
22:09:28.352 [main] DEBUG org.apache.http.wire -  >> "Connection: Keep-Alive[\r][\n]"
22:09:28.352 [main] DEBUG org.apache.http.wire -  >> "User-Agent: Apache-HttpClient/4.5.3 (Java/13.0.5.1)[\r][\n]"
22:09:28.352 [main] DEBUG org.apache.http.wire -  >> "Accept-Encoding: gzip,deflate[\r][\n]"
22:09:28.352 [main] DEBUG org.apache.http.wire -  >> "[\r][\n]"
22:09:28.352 [main] DEBUG org.apache.http.headers - >> GET /2?b=6&c=3 HTTP/1.1
22:09:28.352 [main] DEBUG org.apache.http.headers - >> Accept: */*
22:09:28.352 [main] DEBUG org.apache.http.headers - >> Host: localhost:8080
22:09:28.352 [main] DEBUG org.apache.http.headers - >> Connection: Keep-Alive
22:09:28.352 [main] DEBUG org.apache.http.headers - >> User-Agent: Apache-HttpClient/4.5.3 (Java/13.0.5.1)
22:09:28.352 [main] DEBUG org.apache.http.headers - >> Accept-Encoding: gzip,deflate
22:09:28.370 [main] DEBUG org.apache.http.wire -  << "HTTP/1.1 200 OK[\r][\n]"
22:09:28.370 [main] DEBUG org.apache.http.wire -  << "Server: Apache-Coyote/1.1[\r][\n]"
22:09:28.370 [main] DEBUG org.apache.http.wire -  << "Content-Type: text/plain;charset=UTF-8[\r][\n]"
22:09:28.370 [main] DEBUG org.apache.http.wire -  << "Content-Length: 6[\r][\n]"
22:09:28.370 [main] DEBUG org.apache.http.wire -  << "Date: Sun, 07 Feb 2021 21:09:28 GMT[\r][\n]"
22:09:28.370 [main] DEBUG org.apache.http.wire -  << "[\r][\n]"
22:09:28.370 [main] DEBUG o.a.h.i.conn.DefaultClientConnection - Receiving response: HTTP/1.1 200 OK
22:09:28.370 [main] DEBUG org.apache.http.headers - << HTTP/1.1 200 OK
22:09:28.370 [main] DEBUG org.apache.http.headers - << Server: Apache-Coyote/1.1
22:09:28.370 [main] DEBUG org.apache.http.headers - << Content-Type: text/plain;charset=UTF-8
22:09:28.370 [main] DEBUG org.apache.http.headers - << Content-Length: 6
22:09:28.370 [main] DEBUG org.apache.http.headers - << Date: Sun, 07 Feb 2021 21:09:28 GMT
22:09:28.370 [main] DEBUG o.a.h.impl.client.DefaultHttpClient - Connection can be kept alive indefinitely
22:09:28.370 [main] DEBUG i.r.i.RequestSpecificationImpl$RestAssuredHttpBuilder - Parsing response as: text/plain;charset=UTF-8
22:09:28.370 [main] DEBUG i.r.i.RequestSpecificationImpl$RestAssuredHttpBuilder - Parsed data to instance of: class org.apache.http.conn.EofSensorInputStream
22:09:28.370 [main] DEBUG org.apache.http.wire -  << "b:1500"
22:09:28.370 [main] DEBUG o.a.h.i.c.BasicClientConnectionManager - Releasing connection org.apache.http.impl.conn.ManagedClientConnectionImpl@2fb25f4c
22:09:28.370 [main] DEBUG o.a.h.i.c.BasicClientConnectionManager - Connection can be kept alive indefinitely
22:09:28.373 [main] DEBUG o.a.h.i.c.BasicClientConnectionManager - Get connection for route {}->http://localhost:8080
22:09:28.373 [main] DEBUG o.a.h.i.c.DefaultClientConnectionOperator - Connecting to localhost:8080
22:09:28.374 [main] DEBUG o.a.h.c.protocol.RequestAddCookies - CookieSpec selected: ignoreCookies
22:09:28.374 [main] DEBUG o.a.h.c.protocol.RequestAuthCache - Auth cache not set in the context
22:09:28.374 [main] DEBUG o.a.h.c.p.RequestTargetAuthentication - Target auth state: UNCHALLENGED
22:09:28.374 [main] DEBUG o.a.h.c.p.RequestProxyAuthentication - Proxy auth state: UNCHALLENGED
22:09:28.374 [main] DEBUG o.a.h.impl.client.DefaultHttpClient - Attempt 1 to execute request
22:09:28.374 [main] DEBUG o.a.h.i.conn.DefaultClientConnection - Sending request: GET /2?b=6&c=3 HTTP/1.1
22:09:28.374 [main] DEBUG org.apache.http.wire -  >> "GET /2?b=6&c=3 HTTP/1.1[\r][\n]"
22:09:28.374 [main] DEBUG org.apache.http.wire -  >> "Accept: */*[\r][\n]"
22:09:28.374 [main] DEBUG org.apache.http.wire -  >> "Host: localhost:8080[\r][\n]"
22:09:28.374 [main] DEBUG org.apache.http.wire -  >> "Connection: Keep-Alive[\r][\n]"
22:09:28.374 [main] DEBUG org.apache.http.wire -  >> "User-Agent: Apache-HttpClient/4.5.3 (Java/13.0.5.1)[\r][\n]"
22:09:28.374 [main] DEBUG org.apache.http.wire -  >> "Accept-Encoding: gzip,deflate[\r][\n]"
22:09:28.374 [main] DEBUG org.apache.http.wire -  >> "[\r][\n]"
22:09:28.374 [main] DEBUG org.apache.http.headers - >> GET /2?b=6&c=3 HTTP/1.1
22:09:28.374 [main] DEBUG org.apache.http.headers - >> Accept: */*
22:09:28.374 [main] DEBUG org.apache.http.headers - >> Host: localhost:8080
22:09:28.374 [main] DEBUG org.apache.http.headers - >> Connection: Keep-Alive
22:09:28.374 [main] DEBUG org.apache.http.headers - >> User-Agent: Apache-HttpClient/4.5.3 (Java/13.0.5.1)
22:09:28.374 [main] DEBUG org.apache.http.headers - >> Accept-Encoding: gzip,deflate
22:09:28.394 [main] DEBUG org.apache.http.wire -  << "HTTP/1.1 200 OK[\r][\n]"
22:09:28.394 [main] DEBUG org.apache.http.wire -  << "Server: Apache-Coyote/1.1[\r][\n]"
22:09:28.394 [main] DEBUG org.apache.http.wire -  << "Content-Type: text/plain;charset=UTF-8[\r][\n]"
22:09:28.394 [main] DEBUG org.apache.http.wire -  << "Content-Length: 6[\r][\n]"
22:09:28.394 [main] DEBUG org.apache.http.wire -  << "Date: Sun, 07 Feb 2021 21:09:28 GMT[\r][\n]"
22:09:28.394 [main] DEBUG org.apache.http.wire -  << "[\r][\n]"
22:09:28.394 [main] DEBUG o.a.h.i.conn.DefaultClientConnection - Receiving response: HTTP/1.1 200 OK
22:09:28.394 [main] DEBUG org.apache.http.headers - << HTTP/1.1 200 OK
22:09:28.394 [main] DEBUG org.apache.http.headers - << Server: Apache-Coyote/1.1
22:09:28.394 [main] DEBUG org.apache.http.headers - << Content-Type: text/plain;charset=UTF-8
22:09:28.394 [main] DEBUG org.apache.http.headers - << Content-Length: 6
22:09:28.394 [main] DEBUG org.apache.http.headers - << Date: Sun, 07 Feb 2021 21:09:28 GMT
22:09:28.394 [main] DEBUG o.a.h.impl.client.DefaultHttpClient - Connection can be kept alive indefinitely
22:09:28.394 [main] DEBUG i.r.i.RequestSpecificationImpl$RestAssuredHttpBuilder - Parsing response as: text/plain;charset=UTF-8
22:09:28.394 [main] DEBUG i.r.i.RequestSpecificationImpl$RestAssuredHttpBuilder - Parsed data to instance of: class org.apache.http.conn.EofSensorInputStream
22:09:28.394 [main] DEBUG org.apache.http.wire -  << "b:1500"
22:09:28.394 [main] DEBUG o.a.h.i.c.BasicClientConnectionManager - Releasing connection org.apache.http.impl.conn.ManagedClientConnectionImpl@4519f676
22:09:28.394 [main] DEBUG o.a.h.i.c.BasicClientConnectionManager - Connection can be kept alive indefinitely
22:09:28.397 [main] DEBUG o.a.h.i.c.BasicClientConnectionManager - Get connection for route {}->http://localhost:8080
22:09:28.397 [main] DEBUG o.a.h.i.c.DefaultClientConnectionOperator - Connecting to localhost:8080
22:09:28.398 [main] DEBUG o.a.h.c.protocol.RequestAddCookies - CookieSpec selected: ignoreCookies
22:09:28.398 [main] DEBUG o.a.h.c.protocol.RequestAuthCache - Auth cache not set in the context
22:09:28.398 [main] DEBUG o.a.h.c.p.RequestTargetAuthentication - Target auth state: UNCHALLENGED
22:09:28.398 [main] DEBUG o.a.h.c.p.RequestProxyAuthentication - Proxy auth state: UNCHALLENGED
22:09:28.398 [main] DEBUG o.a.h.impl.client.DefaultHttpClient - Attempt 1 to execute request
22:09:28.398 [main] DEBUG o.a.h.i.conn.DefaultClientConnection - Sending request: GET /2?b=6&c=3 HTTP/1.1
22:09:28.398 [main] DEBUG org.apache.http.wire -  >> "GET /2?b=6&c=3 HTTP/1.1[\r][\n]"
22:09:28.398 [main] DEBUG org.apache.http.wire -  >> "Accept: */*[\r][\n]"
22:09:28.398 [main] DEBUG org.apache.http.wire -  >> "Host: localhost:8080[\r][\n]"
22:09:28.398 [main] DEBUG org.apache.http.wire -  >> "Connection: Keep-Alive[\r][\n]"
22:09:28.398 [main] DEBUG org.apache.http.wire -  >> "User-Agent: Apache-HttpClient/4.5.3 (Java/13.0.5.1)[\r][\n]"
22:09:28.398 [main] DEBUG org.apache.http.wire -  >> "Accept-Encoding: gzip,deflate[\r][\n]"
22:09:28.398 [main] DEBUG org.apache.http.wire -  >> "[\r][\n]"
22:09:28.398 [main] DEBUG org.apache.http.headers - >> GET /2?b=6&c=3 HTTP/1.1
22:09:28.398 [main] DEBUG org.apache.http.headers - >> Accept: */*
22:09:28.398 [main] DEBUG org.apache.http.headers - >> Host: localhost:8080
22:09:28.398 [main] DEBUG org.apache.http.headers - >> Connection: Keep-Alive
22:09:28.398 [main] DEBUG org.apache.http.headers - >> User-Agent: Apache-HttpClient/4.5.3 (Java/13.0.5.1)
22:09:28.398 [main] DEBUG org.apache.http.headers - >> Accept-Encoding: gzip,deflate
22:09:28.415 [main] DEBUG org.apache.http.wire -  << "HTTP/1.1 200 OK[\r][\n]"
22:09:28.415 [main] DEBUG org.apache.http.wire -  << "Server: Apache-Coyote/1.1[\r][\n]"
22:09:28.415 [main] DEBUG org.apache.http.wire -  << "Content-Type: text/plain;charset=UTF-8[\r][\n]"
22:09:28.415 [main] DEBUG org.apache.http.wire -  << "Content-Length: 6[\r][\n]"
22:09:28.415 [main] DEBUG org.apache.http.wire -  << "Date: Sun, 07 Feb 2021 21:09:28 GMT[\r][\n]"
22:09:28.415 [main] DEBUG org.apache.http.wire -  << "[\r][\n]"
22:09:28.415 [main] DEBUG o.a.h.i.conn.DefaultClientConnection - Receiving response: HTTP/1.1 200 OK
22:09:28.415 [main] DEBUG org.apache.http.headers - << HTTP/1.1 200 OK
22:09:28.415 [main] DEBUG org.apache.http.headers - << Server: Apache-Coyote/1.1
22:09:28.415 [main] DEBUG org.apache.http.headers - << Content-Type: text/plain;charset=UTF-8
22:09:28.415 [main] DEBUG org.apache.http.headers - << Content-Length: 6
22:09:28.415 [main] DEBUG org.apache.http.headers - << Date: Sun, 07 Feb 2021 21:09:28 GMT
22:09:28.416 [main] DEBUG o.a.h.impl.client.DefaultHttpClient - Connection can be kept alive indefinitely
22:09:28.416 [main] DEBUG i.r.i.RequestSpecificationImpl$RestAssuredHttpBuilder - Parsing response as: text/plain;charset=UTF-8
22:09:28.416 [main] DEBUG i.r.i.RequestSpecificationImpl$RestAssuredHttpBuilder - Parsed data to instance of: class org.apache.http.conn.EofSensorInputStream
22:09:28.416 [main] DEBUG org.apache.http.wire -  << "b:1500"
22:09:28.417 [main] DEBUG o.a.h.i.c.BasicClientConnectionManager - Releasing connection org.apache.http.impl.conn.ManagedClientConnectionImpl@7237f3c1
22:09:28.417 [main] DEBUG o.a.h.i.c.BasicClientConnectionManager - Connection can be kept alive indefinitely
22:09:28.421 [main] DEBUG o.a.h.i.c.BasicClientConnectionManager - Get connection for route {}->http://localhost:8080
22:09:28.421 [main] DEBUG o.a.h.i.c.DefaultClientConnectionOperator - Connecting to localhost:8080
22:09:28.422 [main] DEBUG o.a.h.c.protocol.RequestAddCookies - CookieSpec selected: ignoreCookies
22:09:28.422 [main] DEBUG o.a.h.c.protocol.RequestAuthCache - Auth cache not set in the context
22:09:28.422 [main] DEBUG o.a.h.c.p.RequestTargetAuthentication - Target auth state: UNCHALLENGED
22:09:28.422 [main] DEBUG o.a.h.c.p.RequestProxyAuthentication - Proxy auth state: UNCHALLENGED
22:09:28.422 [main] DEBUG o.a.h.impl.client.DefaultHttpClient - Attempt 1 to execute request
22:09:28.422 [main] DEBUG o.a.h.i.conn.DefaultClientConnection - Sending request: GET /2?b=6&c=3 HTTP/1.1
22:09:28.422 [main] DEBUG org.apache.http.wire -  >> "GET /2?b=6&c=3 HTTP/1.1[\r][\n]"
22:09:28.422 [main] DEBUG org.apache.http.wire -  >> "Accept: */*[\r][\n]"
22:09:28.422 [main] DEBUG org.apache.http.wire -  >> "Host: localhost:8080[\r][\n]"
22:09:28.422 [main] DEBUG org.apache.http.wire -  >> "Connection: Keep-Alive[\r][\n]"
22:09:28.422 [main] DEBUG org.apache.http.wire -  >> "User-Agent: Apache-HttpClient/4.5.3 (Java/13.0.5.1)[\r][\n]"
22:09:28.422 [main] DEBUG org.apache.http.wire -  >> "Accept-Encoding: gzip,deflate[\r][\n]"
22:09:28.422 [main] DEBUG org.apache.http.wire -  >> "[\r][\n]"
22:09:28.422 [main] DEBUG org.apache.http.headers - >> GET /2?b=6&c=3 HTTP/1.1
22:09:28.422 [main] DEBUG org.apache.http.headers - >> Accept: */*
22:09:28.422 [main] DEBUG org.apache.http.headers - >> Host: localhost:8080
22:09:28.422 [main] DEBUG org.apache.http.headers - >> Connection: Keep-Alive
22:09:28.422 [main] DEBUG org.apache.http.headers - >> User-Agent: Apache-HttpClient/4.5.3 (Java/13.0.5.1)
22:09:28.422 [main] DEBUG org.apache.http.headers - >> Accept-Encoding: gzip,deflate
22:09:28.441 [main] DEBUG org.apache.http.wire -  << "HTTP/1.1 200 OK[\r][\n]"
22:09:28.441 [main] DEBUG org.apache.http.wire -  << "Server: Apache-Coyote/1.1[\r][\n]"
22:09:28.441 [main] DEBUG org.apache.http.wire -  << "Content-Type: text/plain;charset=UTF-8[\r][\n]"
22:09:28.441 [main] DEBUG org.apache.http.wire -  << "Content-Length: 6[\r][\n]"
22:09:28.441 [main] DEBUG org.apache.http.wire -  << "Date: Sun, 07 Feb 2021 21:09:28 GMT[\r][\n]"
22:09:28.441 [main] DEBUG org.apache.http.wire -  << "[\r][\n]"
22:09:28.442 [main] DEBUG o.a.h.i.conn.DefaultClientConnection - Receiving response: HTTP/1.1 200 OK
22:09:28.442 [main] DEBUG org.apache.http.headers - << HTTP/1.1 200 OK
22:09:28.442 [main] DEBUG org.apache.http.headers - << Server: Apache-Coyote/1.1
22:09:28.442 [main] DEBUG org.apache.http.headers - << Content-Type: text/plain;charset=UTF-8
22:09:28.442 [main] DEBUG org.apache.http.headers - << Content-Length: 6
22:09:28.442 [main] DEBUG org.apache.http.headers - << Date: Sun, 07 Feb 2021 21:09:28 GMT
22:09:28.442 [main] DEBUG o.a.h.impl.client.DefaultHttpClient - Connection can be kept alive indefinitely
22:09:28.442 [main] DEBUG i.r.i.RequestSpecificationImpl$RestAssuredHttpBuilder - Parsing response as: text/plain;charset=UTF-8
22:09:28.442 [main] DEBUG i.r.i.RequestSpecificationImpl$RestAssuredHttpBuilder - Parsed data to instance of: class org.apache.http.conn.EofSensorInputStream
22:09:28.442 [main] DEBUG org.apache.http.wire -  << "b:1500"
22:09:28.442 [main] DEBUG o.a.h.i.c.BasicClientConnectionManager - Releasing connection org.apache.http.impl.conn.ManagedClientConnectionImpl@642ee49c
22:09:28.442 [main] DEBUG o.a.h.i.c.BasicClientConnectionManager - Connection can be kept alive indefinitely
22:09:28.449 [main] DEBUG o.a.h.i.c.BasicClientConnectionManager - Get connection for route {}->http://localhost:8080
22:09:28.449 [main] DEBUG o.a.h.i.c.DefaultClientConnectionOperator - Connecting to localhost:8080
22:09:28.451 [main] DEBUG o.a.h.c.protocol.RequestAddCookies - CookieSpec selected: ignoreCookies
22:09:28.451 [main] DEBUG o.a.h.c.protocol.RequestAuthCache - Auth cache not set in the context
22:09:28.451 [main] DEBUG o.a.h.c.p.RequestTargetAuthentication - Target auth state: UNCHALLENGED
22:09:28.451 [main] DEBUG o.a.h.c.p.RequestProxyAuthentication - Proxy auth state: UNCHALLENGED
22:09:28.452 [main] DEBUG o.a.h.impl.client.DefaultHttpClient - Attempt 1 to execute request
22:09:28.452 [main] DEBUG o.a.h.i.conn.DefaultClientConnection - Sending request: GET /2?b=6&c=3 HTTP/1.1
22:09:28.452 [main] DEBUG org.apache.http.wire -  >> "GET /2?b=6&c=3 HTTP/1.1[\r][\n]"
22:09:28.452 [main] DEBUG org.apache.http.wire -  >> "Accept: */*[\r][\n]"
22:09:28.452 [main] DEBUG org.apache.http.wire -  >> "Host: localhost:8080[\r][\n]"
22:09:28.452 [main] DEBUG org.apache.http.wire -  >> "Connection: Keep-Alive[\r][\n]"
22:09:28.452 [main] DEBUG org.apache.http.wire -  >> "User-Agent: Apache-HttpClient/4.5.3 (Java/13.0.5.1)[\r][\n]"
22:09:28.452 [main] DEBUG org.apache.http.wire -  >> "Accept-Encoding: gzip,deflate[\r][\n]"
22:09:28.452 [main] DEBUG org.apache.http.wire -  >> "[\r][\n]"
22:09:28.452 [main] DEBUG org.apache.http.headers - >> GET /2?b=6&c=3 HTTP/1.1
22:09:28.452 [main] DEBUG org.apache.http.headers - >> Accept: */*
22:09:28.452 [main] DEBUG org.apache.http.headers - >> Host: localhost:8080
22:09:28.452 [main] DEBUG org.apache.http.headers - >> Connection: Keep-Alive
22:09:28.452 [main] DEBUG org.apache.http.headers - >> User-Agent: Apache-HttpClient/4.5.3 (Java/13.0.5.1)
22:09:28.452 [main] DEBUG org.apache.http.headers - >> Accept-Encoding: gzip,deflate
22:09:28.479 [main] DEBUG org.apache.http.wire -  << "HTTP/1.1 200 OK[\r][\n]"
22:09:28.480 [main] DEBUG org.apache.http.wire -  << "Server: Apache-Coyote/1.1[\r][\n]"
22:09:28.480 [main] DEBUG org.apache.http.wire -  << "Content-Type: text/plain;charset=UTF-8[\r][\n]"
22:09:28.480 [main] DEBUG org.apache.http.wire -  << "Content-Length: 6[\r][\n]"
22:09:28.480 [main] DEBUG org.apache.http.wire -  << "Date: Sun, 07 Feb 2021 21:09:28 GMT[\r][\n]"
22:09:28.480 [main] DEBUG org.apache.http.wire -  << "[\r][\n]"
22:09:28.480 [main] DEBUG o.a.h.i.conn.DefaultClientConnection - Receiving response: HTTP/1.1 200 OK
22:09:28.480 [main] DEBUG org.apache.http.headers - << HTTP/1.1 200 OK
22:09:28.480 [main] DEBUG org.apache.http.headers - << Server: Apache-Coyote/1.1
22:09:28.480 [main] DEBUG org.apache.http.headers - << Content-Type: text/plain;charset=UTF-8
22:09:28.480 [main] DEBUG org.apache.http.headers - << Content-Length: 6
22:09:28.480 [main] DEBUG org.apache.http.headers - << Date: Sun, 07 Feb 2021 21:09:28 GMT
22:09:28.480 [main] DEBUG o.a.h.impl.client.DefaultHttpClient - Connection can be kept alive indefinitely
22:09:28.480 [main] DEBUG i.r.i.RequestSpecificationImpl$RestAssuredHttpBuilder - Parsing response as: text/plain;charset=UTF-8
22:09:28.480 [main] DEBUG i.r.i.RequestSpecificationImpl$RestAssuredHttpBuilder - Parsed data to instance of: class org.apache.http.conn.EofSensorInputStream
22:09:28.480 [main] DEBUG org.apache.http.wire -  << "b:1500"
22:09:28.480 [main] DEBUG o.a.h.i.c.BasicClientConnectionManager - Releasing connection org.apache.http.impl.conn.ManagedClientConnectionImpl@5d3b58ca
22:09:28.480 [main] DEBUG o.a.h.i.c.BasicClientConnectionManager - Connection can be kept alive indefinitely
22:09:28.483 [main] DEBUG o.a.h.i.c.BasicClientConnectionManager - Get connection for route {}->http://localhost:8080
22:09:28.484 [main] DEBUG o.a.h.i.c.DefaultClientConnectionOperator - Connecting to localhost:8080
22:09:28.484 [main] DEBUG o.a.h.c.protocol.RequestAddCookies - CookieSpec selected: ignoreCookies
22:09:28.484 [main] DEBUG o.a.h.c.protocol.RequestAuthCache - Auth cache not set in the context
22:09:28.484 [main] DEBUG o.a.h.c.p.RequestTargetAuthentication - Target auth state: UNCHALLENGED
22:09:28.484 [main] DEBUG o.a.h.c.p.RequestProxyAuthentication - Proxy auth state: UNCHALLENGED
22:09:28.484 [main] DEBUG o.a.h.impl.client.DefaultHttpClient - Attempt 1 to execute request
22:09:28.484 [main] DEBUG o.a.h.i.conn.DefaultClientConnection - Sending request: GET /2?b=6&c=3 HTTP/1.1
22:09:28.484 [main] DEBUG org.apache.http.wire -  >> "GET /2?b=6&c=3 HTTP/1.1[\r][\n]"
22:09:28.484 [main] DEBUG org.apache.http.wire -  >> "Accept: */*[\r][\n]"
22:09:28.484 [main] DEBUG org.apache.http.wire -  >> "Host: localhost:8080[\r][\n]"
22:09:28.484 [main] DEBUG org.apache.http.wire -  >> "Connection: Keep-Alive[\r][\n]"
22:09:28.484 [main] DEBUG org.apache.http.wire -  >> "User-Agent: Apache-HttpClient/4.5.3 (Java/13.0.5.1)[\r][\n]"
22:09:28.484 [main] DEBUG org.apache.http.wire -  >> "Accept-Encoding: gzip,deflate[\r][\n]"
22:09:28.484 [main] DEBUG org.apache.http.wire -  >> "[\r][\n]"
22:09:28.484 [main] DEBUG org.apache.http.headers - >> GET /2?b=6&c=3 HTTP/1.1
22:09:28.484 [main] DEBUG org.apache.http.headers - >> Accept: */*
22:09:28.484 [main] DEBUG org.apache.http.headers - >> Host: localhost:8080
22:09:28.484 [main] DEBUG org.apache.http.headers - >> Connection: Keep-Alive
22:09:28.484 [main] DEBUG org.apache.http.headers - >> User-Agent: Apache-HttpClient/4.5.3 (Java/13.0.5.1)
22:09:28.484 [main] DEBUG org.apache.http.headers - >> Accept-Encoding: gzip,deflate
22:09:28.508 [main] DEBUG org.apache.http.wire -  << "HTTP/1.1 200 OK[\r][\n]"
22:09:28.508 [main] DEBUG org.apache.http.wire -  << "Server: Apache-Coyote/1.1[\r][\n]"
22:09:28.508 [main] DEBUG org.apache.http.wire -  << "Content-Type: text/plain;charset=UTF-8[\r][\n]"
22:09:28.508 [main] DEBUG org.apache.http.wire -  << "Content-Length: 6[\r][\n]"
22:09:28.508 [main] DEBUG org.apache.http.wire -  << "Date: Sun, 07 Feb 2021 21:09:28 GMT[\r][\n]"
22:09:28.508 [main] DEBUG org.apache.http.wire -  << "[\r][\n]"
22:09:28.508 [main] DEBUG o.a.h.i.conn.DefaultClientConnection - Receiving response: HTTP/1.1 200 OK
22:09:28.508 [main] DEBUG org.apache.http.headers - << HTTP/1.1 200 OK
22:09:28.508 [main] DEBUG org.apache.http.headers - << Server: Apache-Coyote/1.1
22:09:28.508 [main] DEBUG org.apache.http.headers - << Content-Type: text/plain;charset=UTF-8
22:09:28.508 [main] DEBUG org.apache.http.headers - << Content-Length: 6
22:09:28.508 [main] DEBUG org.apache.http.headers - << Date: Sun, 07 Feb 2021 21:09:28 GMT
22:09:28.508 [main] DEBUG o.a.h.impl.client.DefaultHttpClient - Connection can be kept alive indefinitely
22:09:28.509 [main] DEBUG i.r.i.RequestSpecificationImpl$RestAssuredHttpBuilder - Parsing response as: text/plain;charset=UTF-8
22:09:28.509 [main] DEBUG i.r.i.RequestSpecificationImpl$RestAssuredHttpBuilder - Parsed data to instance of: class org.apache.http.conn.EofSensorInputStream
22:09:28.509 [main] DEBUG org.apache.http.wire -  << "b:1500"
22:09:28.509 [main] DEBUG o.a.h.i.c.BasicClientConnectionManager - Releasing connection org.apache.http.impl.conn.ManagedClientConnectionImpl@5f5827d0
22:09:28.509 [main] DEBUG o.a.h.i.c.BasicClientConnectionManager - Connection can be kept alive indefinitely
22:09:28.513 [main] DEBUG o.a.h.i.c.BasicClientConnectionManager - Get connection for route {}->http://localhost:8080
22:09:28.513 [main] DEBUG o.a.h.i.c.DefaultClientConnectionOperator - Connecting to localhost:8080
22:09:28.514 [main] DEBUG o.a.h.c.protocol.RequestAddCookies - CookieSpec selected: ignoreCookies
22:09:28.514 [main] DEBUG o.a.h.c.protocol.RequestAuthCache - Auth cache not set in the context
22:09:28.514 [main] DEBUG o.a.h.c.p.RequestTargetAuthentication - Target auth state: UNCHALLENGED
22:09:28.514 [main] DEBUG o.a.h.c.p.RequestProxyAuthentication - Proxy auth state: UNCHALLENGED
22:09:28.514 [main] DEBUG o.a.h.impl.client.DefaultHttpClient - Attempt 1 to execute request
22:09:28.514 [main] DEBUG o.a.h.i.conn.DefaultClientConnection - Sending request: GET /2?b=6&c=3 HTTP/1.1
22:09:28.514 [main] DEBUG org.apache.http.wire -  >> "GET /2?b=6&c=3 HTTP/1.1[\r][\n]"
22:09:28.514 [main] DEBUG org.apache.http.wire -  >> "Accept: */*[\r][\n]"
22:09:28.514 [main] DEBUG org.apache.http.wire -  >> "Host: localhost:8080[\r][\n]"
22:09:28.514 [main] DEBUG org.apache.http.wire -  >> "Connection: Keep-Alive[\r][\n]"
22:09:28.514 [main] DEBUG org.apache.http.wire -  >> "User-Agent: Apache-HttpClient/4.5.3 (Java/13.0.5.1)[\r][\n]"
22:09:28.514 [main] DEBUG org.apache.http.wire -  >> "Accept-Encoding: gzip,deflate[\r][\n]"
22:09:28.514 [main] DEBUG org.apache.http.wire -  >> "[\r][\n]"
22:09:28.514 [main] DEBUG org.apache.http.headers - >> GET /2?b=6&c=3 HTTP/1.1
22:09:28.514 [main] DEBUG org.apache.http.headers - >> Accept: */*
22:09:28.514 [main] DEBUG org.apache.http.headers - >> Host: localhost:8080
22:09:28.514 [main] DEBUG org.apache.http.headers - >> Connection: Keep-Alive
22:09:28.514 [main] DEBUG org.apache.http.headers - >> User-Agent: Apache-HttpClient/4.5.3 (Java/13.0.5.1)
22:09:28.514 [main] DEBUG org.apache.http.headers - >> Accept-Encoding: gzip,deflate
22:09:28.533 [main] DEBUG org.apache.http.wire -  << "HTTP/1.1 200 OK[\r][\n]"
22:09:28.533 [main] DEBUG org.apache.http.wire -  << "Server: Apache-Coyote/1.1[\r][\n]"
22:09:28.533 [main] DEBUG org.apache.http.wire -  << "Content-Type: text/plain;charset=UTF-8[\r][\n]"
22:09:28.533 [main] DEBUG org.apache.http.wire -  << "Content-Length: 6[\r][\n]"
22:09:28.533 [main] DEBUG org.apache.http.wire -  << "Date: Sun, 07 Feb 2021 21:09:28 GMT[\r][\n]"
22:09:28.533 [main] DEBUG org.apache.http.wire -  << "[\r][\n]"
22:09:28.533 [main] DEBUG o.a.h.i.conn.DefaultClientConnection - Receiving response: HTTP/1.1 200 OK
22:09:28.533 [main] DEBUG org.apache.http.headers - << HTTP/1.1 200 OK
22:09:28.533 [main] DEBUG org.apache.http.headers - << Server: Apache-Coyote/1.1
22:09:28.533 [main] DEBUG org.apache.http.headers - << Content-Type: text/plain;charset=UTF-8
22:09:28.533 [main] DEBUG org.apache.http.headers - << Content-Length: 6
22:09:28.533 [main] DEBUG org.apache.http.headers - << Date: Sun, 07 Feb 2021 21:09:28 GMT
22:09:28.533 [main] DEBUG o.a.h.impl.client.DefaultHttpClient - Connection can be kept alive indefinitely
22:09:28.534 [main] DEBUG i.r.i.RequestSpecificationImpl$RestAssuredHttpBuilder - Parsing response as: text/plain;charset=UTF-8
22:09:28.534 [main] DEBUG i.r.i.RequestSpecificationImpl$RestAssuredHttpBuilder - Parsed data to instance of: class org.apache.http.conn.EofSensorInputStream
22:09:28.534 [main] DEBUG org.apache.http.wire -  << "b:1500"
22:09:28.534 [main] DEBUG o.a.h.i.c.BasicClientConnectionManager - Releasing connection org.apache.http.impl.conn.ManagedClientConnectionImpl@1d02af26
22:09:28.534 [main] DEBUG o.a.h.i.c.BasicClientConnectionManager - Connection can be kept alive indefinitely
22:09:28.537 [main] DEBUG o.a.h.i.c.BasicClientConnectionManager - Get connection for route {}->http://localhost:8080
22:09:28.538 [main] DEBUG o.a.h.i.c.DefaultClientConnectionOperator - Connecting to localhost:8080
22:09:28.538 [main] DEBUG o.a.h.c.protocol.RequestAddCookies - CookieSpec selected: ignoreCookies
22:09:28.538 [main] DEBUG o.a.h.c.protocol.RequestAuthCache - Auth cache not set in the context
22:09:28.538 [main] DEBUG o.a.h.c.p.RequestTargetAuthentication - Target auth state: UNCHALLENGED
22:09:28.538 [main] DEBUG o.a.h.c.p.RequestProxyAuthentication - Proxy auth state: UNCHALLENGED
22:09:28.538 [main] DEBUG o.a.h.impl.client.DefaultHttpClient - Attempt 1 to execute request
22:09:28.538 [main] DEBUG o.a.h.i.conn.DefaultClientConnection - Sending request: GET /2?b=6&c=3 HTTP/1.1
22:09:28.538 [main] DEBUG org.apache.http.wire -  >> "GET /2?b=6&c=3 HTTP/1.1[\r][\n]"
22:09:28.538 [main] DEBUG org.apache.http.wire -  >> "Accept: */*[\r][\n]"
22:09:28.538 [main] DEBUG org.apache.http.wire -  >> "Host: localhost:8080[\r][\n]"
22:09:28.538 [main] DEBUG org.apache.http.wire -  >> "Connection: Keep-Alive[\r][\n]"
22:09:28.538 [main] DEBUG org.apache.http.wire -  >> "User-Agent: Apache-HttpClient/4.5.3 (Java/13.0.5.1)[\r][\n]"
22:09:28.538 [main] DEBUG org.apache.http.wire -  >> "Accept-Encoding: gzip,deflate[\r][\n]"
22:09:28.538 [main] DEBUG org.apache.http.wire -  >> "[\r][\n]"
22:09:28.538 [main] DEBUG org.apache.http.headers - >> GET /2?b=6&c=3 HTTP/1.1
22:09:28.538 [main] DEBUG org.apache.http.headers - >> Accept: */*
22:09:28.538 [main] DEBUG org.apache.http.headers - >> Host: localhost:8080
22:09:28.538 [main] DEBUG org.apache.http.headers - >> Connection: Keep-Alive
22:09:28.538 [main] DEBUG org.apache.http.headers - >> User-Agent: Apache-HttpClient/4.5.3 (Java/13.0.5.1)
22:09:28.538 [main] DEBUG org.apache.http.headers - >> Accept-Encoding: gzip,deflate
22:09:28.559 [main] DEBUG org.apache.http.wire -  << "HTTP/1.1 200 OK[\r][\n]"
22:09:28.559 [main] DEBUG org.apache.http.wire -  << "Server: Apache-Coyote/1.1[\r][\n]"
22:09:28.559 [main] DEBUG org.apache.http.wire -  << "Content-Type: text/plain;charset=UTF-8[\r][\n]"
22:09:28.559 [main] DEBUG org.apache.http.wire -  << "Content-Length: 6[\r][\n]"
22:09:28.559 [main] DEBUG org.apache.http.wire -  << "Date: Sun, 07 Feb 2021 21:09:28 GMT[\r][\n]"
22:09:28.559 [main] DEBUG org.apache.http.wire -  << "[\r][\n]"
22:09:28.559 [main] DEBUG o.a.h.i.conn.DefaultClientConnection - Receiving response: HTTP/1.1 200 OK
22:09:28.559 [main] DEBUG org.apache.http.headers - << HTTP/1.1 200 OK
22:09:28.559 [main] DEBUG org.apache.http.headers - << Server: Apache-Coyote/1.1
22:09:28.559 [main] DEBUG org.apache.http.headers - << Content-Type: text/plain;charset=UTF-8
22:09:28.559 [main] DEBUG org.apache.http.headers - << Content-Length: 6
22:09:28.559 [main] DEBUG org.apache.http.headers - << Date: Sun, 07 Feb 2021 21:09:28 GMT
22:09:28.559 [main] DEBUG o.a.h.impl.client.DefaultHttpClient - Connection can be kept alive indefinitely
22:09:28.560 [main] DEBUG i.r.i.RequestSpecificationImpl$RestAssuredHttpBuilder - Parsing response as: text/plain;charset=UTF-8
22:09:28.560 [main] DEBUG i.r.i.RequestSpecificationImpl$RestAssuredHttpBuilder - Parsed data to instance of: class org.apache.http.conn.EofSensorInputStream
22:09:28.560 [main] DEBUG org.apache.http.wire -  << "b:1500"
22:09:28.560 [main] DEBUG o.a.h.i.c.BasicClientConnectionManager - Releasing connection org.apache.http.impl.conn.ManagedClientConnectionImpl@52227eb2
22:09:28.560 [main] DEBUG o.a.h.i.c.BasicClientConnectionManager - Connection can be kept alive indefinitely
22:09:28.564 [main] DEBUG o.a.h.i.c.BasicClientConnectionManager - Get connection for route {}->http://localhost:8080
22:09:28.564 [main] DEBUG o.a.h.i.c.DefaultClientConnectionOperator - Connecting to localhost:8080
22:09:28.565 [main] DEBUG o.a.h.c.protocol.RequestAddCookies - CookieSpec selected: ignoreCookies
22:09:28.565 [main] DEBUG o.a.h.c.protocol.RequestAuthCache - Auth cache not set in the context
22:09:28.565 [main] DEBUG o.a.h.c.p.RequestTargetAuthentication - Target auth state: UNCHALLENGED
22:09:28.565 [main] DEBUG o.a.h.c.p.RequestProxyAuthentication - Proxy auth state: UNCHALLENGED
22:09:28.565 [main] DEBUG o.a.h.impl.client.DefaultHttpClient - Attempt 1 to execute request
22:09:28.565 [main] DEBUG o.a.h.i.conn.DefaultClientConnection - Sending request: GET /2?b=6&c=3 HTTP/1.1
22:09:28.565 [main] DEBUG org.apache.http.wire -  >> "GET /2?b=6&c=3 HTTP/1.1[\r][\n]"
22:09:28.565 [main] DEBUG org.apache.http.wire -  >> "Accept: */*[\r][\n]"
22:09:28.565 [main] DEBUG org.apache.http.wire -  >> "Host: localhost:8080[\r][\n]"
22:09:28.565 [main] DEBUG org.apache.http.wire -  >> "Connection: Keep-Alive[\r][\n]"
22:09:28.565 [main] DEBUG org.apache.http.wire -  >> "User-Agent: Apache-HttpClient/4.5.3 (Java/13.0.5.1)[\r][\n]"
22:09:28.565 [main] DEBUG org.apache.http.wire -  >> "Accept-Encoding: gzip,deflate[\r][\n]"
22:09:28.565 [main] DEBUG org.apache.http.wire -  >> "[\r][\n]"
22:09:28.565 [main] DEBUG org.apache.http.headers - >> GET /2?b=6&c=3 HTTP/1.1
22:09:28.565 [main] DEBUG org.apache.http.headers - >> Accept: */*
22:09:28.565 [main] DEBUG org.apache.http.headers - >> Host: localhost:8080
22:09:28.565 [main] DEBUG org.apache.http.headers - >> Connection: Keep-Alive
22:09:28.565 [main] DEBUG org.apache.http.headers - >> User-Agent: Apache-HttpClient/4.5.3 (Java/13.0.5.1)
22:09:28.565 [main] DEBUG org.apache.http.headers - >> Accept-Encoding: gzip,deflate
22:09:28.585 [main] DEBUG org.apache.http.wire -  << "HTTP/1.1 200 OK[\r][\n]"
22:09:28.585 [main] DEBUG org.apache.http.wire -  << "Server: Apache-Coyote/1.1[\r][\n]"
22:09:28.585 [main] DEBUG org.apache.http.wire -  << "Content-Type: text/plain;charset=UTF-8[\r][\n]"
22:09:28.585 [main] DEBUG org.apache.http.wire -  << "Content-Length: 6[\r][\n]"
22:09:28.585 [main] DEBUG org.apache.http.wire -  << "Date: Sun, 07 Feb 2021 21:09:28 GMT[\r][\n]"
22:09:28.585 [main] DEBUG org.apache.http.wire -  << "[\r][\n]"
22:09:28.585 [main] DEBUG o.a.h.i.conn.DefaultClientConnection - Receiving response: HTTP/1.1 200 OK
22:09:28.585 [main] DEBUG org.apache.http.headers - << HTTP/1.1 200 OK
22:09:28.585 [main] DEBUG org.apache.http.headers - << Server: Apache-Coyote/1.1
22:09:28.585 [main] DEBUG org.apache.http.headers - << Content-Type: text/plain;charset=UTF-8
22:09:28.585 [main] DEBUG org.apache.http.headers - << Content-Length: 6
22:09:28.585 [main] DEBUG org.apache.http.headers - << Date: Sun, 07 Feb 2021 21:09:28 GMT
22:09:28.585 [main] DEBUG o.a.h.impl.client.DefaultHttpClient - Connection can be kept alive indefinitely
22:09:28.586 [main] DEBUG i.r.i.RequestSpecificationImpl$RestAssuredHttpBuilder - Parsing response as: text/plain;charset=UTF-8
22:09:28.586 [main] DEBUG i.r.i.RequestSpecificationImpl$RestAssuredHttpBuilder - Parsed data to instance of: class org.apache.http.conn.EofSensorInputStream
22:09:28.586 [main] DEBUG org.apache.http.wire -  << "b:1500"
22:09:28.586 [main] DEBUG o.a.h.i.c.BasicClientConnectionManager - Releasing connection org.apache.http.impl.conn.ManagedClientConnectionImpl@f438904
22:09:28.586 [main] DEBUG o.a.h.i.c.BasicClientConnectionManager - Connection can be kept alive indefinitely
22:09:28.589 [main] DEBUG o.a.h.i.c.BasicClientConnectionManager - Get connection for route {}->http://localhost:8080
22:09:28.589 [main] DEBUG o.a.h.i.c.DefaultClientConnectionOperator - Connecting to localhost:8080
22:09:28.589 [main] DEBUG o.a.h.c.protocol.RequestAddCookies - CookieSpec selected: ignoreCookies
22:09:28.590 [main] DEBUG o.a.h.c.protocol.RequestAuthCache - Auth cache not set in the context
22:09:28.590 [main] DEBUG o.a.h.c.p.RequestTargetAuthentication - Target auth state: UNCHALLENGED
22:09:28.590 [main] DEBUG o.a.h.c.p.RequestProxyAuthentication - Proxy auth state: UNCHALLENGED
22:09:28.590 [main] DEBUG o.a.h.impl.client.DefaultHttpClient - Attempt 1 to execute request
22:09:28.590 [main] DEBUG o.a.h.i.conn.DefaultClientConnection - Sending request: GET /2?b=6&c=3 HTTP/1.1
22:09:28.590 [main] DEBUG org.apache.http.wire -  >> "GET /2?b=6&c=3 HTTP/1.1[\r][\n]"
22:09:28.590 [main] DEBUG org.apache.http.wire -  >> "Accept: */*[\r][\n]"
22:09:28.590 [main] DEBUG org.apache.http.wire -  >> "Host: localhost:8080[\r][\n]"
22:09:28.590 [main] DEBUG org.apache.http.wire -  >> "Connection: Keep-Alive[\r][\n]"
22:09:28.590 [main] DEBUG org.apache.http.wire -  >> "User-Agent: Apache-HttpClient/4.5.3 (Java/13.0.5.1)[\r][\n]"
22:09:28.590 [main] DEBUG org.apache.http.wire -  >> "Accept-Encoding: gzip,deflate[\r][\n]"
22:09:28.590 [main] DEBUG org.apache.http.wire -  >> "[\r][\n]"
22:09:28.590 [main] DEBUG org.apache.http.headers - >> GET /2?b=6&c=3 HTTP/1.1
22:09:28.590 [main] DEBUG org.apache.http.headers - >> Accept: */*
22:09:28.590 [main] DEBUG org.apache.http.headers - >> Host: localhost:8080
22:09:28.590 [main] DEBUG org.apache.http.headers - >> Connection: Keep-Alive
22:09:28.590 [main] DEBUG org.apache.http.headers - >> User-Agent: Apache-HttpClient/4.5.3 (Java/13.0.5.1)
22:09:28.590 [main] DEBUG org.apache.http.headers - >> Accept-Encoding: gzip,deflate
22:09:28.615 [main] DEBUG org.apache.http.wire -  << "HTTP/1.1 200 OK[\r][\n]"
22:09:28.615 [main] DEBUG org.apache.http.wire -  << "Server: Apache-Coyote/1.1[\r][\n]"
22:09:28.615 [main] DEBUG org.apache.http.wire -  << "Content-Type: text/plain;charset=UTF-8[\r][\n]"
22:09:28.615 [main] DEBUG org.apache.http.wire -  << "Content-Length: 6[\r][\n]"
22:09:28.615 [main] DEBUG org.apache.http.wire -  << "Date: Sun, 07 Feb 2021 21:09:28 GMT[\r][\n]"
22:09:28.615 [main] DEBUG org.apache.http.wire -  << "[\r][\n]"
22:09:28.615 [main] DEBUG o.a.h.i.conn.DefaultClientConnection - Receiving response: HTTP/1.1 200 OK
22:09:28.615 [main] DEBUG org.apache.http.headers - << HTTP/1.1 200 OK
22:09:28.615 [main] DEBUG org.apache.http.headers - << Server: Apache-Coyote/1.1
22:09:28.615 [main] DEBUG org.apache.http.headers - << Content-Type: text/plain;charset=UTF-8
22:09:28.615 [main] DEBUG org.apache.http.headers - << Content-Length: 6
22:09:28.615 [main] DEBUG org.apache.http.headers - << Date: Sun, 07 Feb 2021 21:09:28 GMT
22:09:28.616 [main] DEBUG o.a.h.impl.client.DefaultHttpClient - Connection can be kept alive indefinitely
22:09:28.616 [main] DEBUG i.r.i.RequestSpecificationImpl$RestAssuredHttpBuilder - Parsing response as: text/plain;charset=UTF-8
22:09:28.616 [main] DEBUG i.r.i.RequestSpecificationImpl$RestAssuredHttpBuilder - Parsed data to instance of: class org.apache.http.conn.EofSensorInputStream
22:09:28.616 [main] DEBUG org.apache.http.wire -  << "b:1500"
22:09:28.616 [main] DEBUG o.a.h.i.c.BasicClientConnectionManager - Releasing connection org.apache.http.impl.conn.ManagedClientConnectionImpl@3135bf25
22:09:28.616 [main] DEBUG o.a.h.i.c.BasicClientConnectionManager - Connection can be kept alive indefinitely
22:09:28.618 [main] DEBUG o.a.h.i.c.BasicClientConnectionManager - Get connection for route {}->http://localhost:8080
22:09:28.618 [main] DEBUG o.a.h.i.c.DefaultClientConnectionOperator - Connecting to localhost:8080
22:09:28.619 [main] DEBUG o.a.h.c.protocol.RequestAddCookies - CookieSpec selected: ignoreCookies
22:09:28.619 [main] DEBUG o.a.h.c.protocol.RequestAuthCache - Auth cache not set in the context
22:09:28.619 [main] DEBUG o.a.h.c.p.RequestTargetAuthentication - Target auth state: UNCHALLENGED
22:09:28.619 [main] DEBUG o.a.h.c.p.RequestProxyAuthentication - Proxy auth state: UNCHALLENGED
22:09:28.619 [main] DEBUG o.a.h.impl.client.DefaultHttpClient - Attempt 1 to execute request
22:09:28.619 [main] DEBUG o.a.h.i.conn.DefaultClientConnection - Sending request: GET /2?b=6&c=3 HTTP/1.1
22:09:28.619 [main] DEBUG org.apache.http.wire -  >> "GET /2?b=6&c=3 HTTP/1.1[\r][\n]"
22:09:28.619 [main] DEBUG org.apache.http.wire -  >> "Accept: */*[\r][\n]"
22:09:28.619 [main] DEBUG org.apache.http.wire -  >> "Host: localhost:8080[\r][\n]"
22:09:28.619 [main] DEBUG org.apache.http.wire -  >> "Connection: Keep-Alive[\r][\n]"
22:09:28.619 [main] DEBUG org.apache.http.wire -  >> "User-Agent: Apache-HttpClient/4.5.3 (Java/13.0.5.1)[\r][\n]"
22:09:28.619 [main] DEBUG org.apache.http.wire -  >> "Accept-Encoding: gzip,deflate[\r][\n]"
22:09:28.619 [main] DEBUG org.apache.http.wire -  >> "[\r][\n]"
22:09:28.619 [main] DEBUG org.apache.http.headers - >> GET /2?b=6&c=3 HTTP/1.1
22:09:28.619 [main] DEBUG org.apache.http.headers - >> Accept: */*
22:09:28.619 [main] DEBUG org.apache.http.headers - >> Host: localhost:8080
22:09:28.619 [main] DEBUG org.apache.http.headers - >> Connection: Keep-Alive
22:09:28.619 [main] DEBUG org.apache.http.headers - >> User-Agent: Apache-HttpClient/4.5.3 (Java/13.0.5.1)
22:09:28.619 [main] DEBUG org.apache.http.headers - >> Accept-Encoding: gzip,deflate
22:09:28.636 [main] DEBUG org.apache.http.wire -  << "HTTP/1.1 200 OK[\r][\n]"
22:09:28.636 [main] DEBUG org.apache.http.wire -  << "Server: Apache-Coyote/1.1[\r][\n]"
22:09:28.636 [main] DEBUG org.apache.http.wire -  << "Content-Type: text/plain;charset=UTF-8[\r][\n]"
22:09:28.636 [main] DEBUG org.apache.http.wire -  << "Content-Length: 6[\r][\n]"
22:09:28.636 [main] DEBUG org.apache.http.wire -  << "Date: Sun, 07 Feb 2021 21:09:28 GMT[\r][\n]"
22:09:28.636 [main] DEBUG org.apache.http.wire -  << "[\r][\n]"
22:09:28.636 [main] DEBUG o.a.h.i.conn.DefaultClientConnection - Receiving response: HTTP/1.1 200 OK
22:09:28.636 [main] DEBUG org.apache.http.headers - << HTTP/1.1 200 OK
22:09:28.636 [main] DEBUG org.apache.http.headers - << Server: Apache-Coyote/1.1
22:09:28.636 [main] DEBUG org.apache.http.headers - << Content-Type: text/plain;charset=UTF-8
22:09:28.636 [main] DEBUG org.apache.http.headers - << Content-Length: 6
22:09:28.636 [main] DEBUG org.apache.http.headers - << Date: Sun, 07 Feb 2021 21:09:28 GMT
22:09:28.636 [main] DEBUG o.a.h.impl.client.DefaultHttpClient - Connection can be kept alive indefinitely
22:09:28.636 [main] DEBUG i.r.i.RequestSpecificationImpl$RestAssuredHttpBuilder - Parsing response as: text/plain;charset=UTF-8
22:09:28.636 [main] DEBUG i.r.i.RequestSpecificationImpl$RestAssuredHttpBuilder - Parsed data to instance of: class org.apache.http.conn.EofSensorInputStream
22:09:28.637 [main] DEBUG org.apache.http.wire -  << "b:1500"
22:09:28.637 [main] DEBUG o.a.h.i.c.BasicClientConnectionManager - Releasing connection org.apache.http.impl.conn.ManagedClientConnectionImpl@59c04bee
22:09:28.637 [main] DEBUG o.a.h.i.c.BasicClientConnectionManager - Connection can be kept alive indefinitely
22:09:28.639 [main] DEBUG o.a.h.i.c.BasicClientConnectionManager - Get connection for route {}->http://localhost:8080
22:09:28.639 [main] DEBUG o.a.h.i.c.DefaultClientConnectionOperator - Connecting to localhost:8080
22:09:28.639 [main] DEBUG o.a.h.c.protocol.RequestAddCookies - CookieSpec selected: ignoreCookies
22:09:28.640 [main] DEBUG o.a.h.c.protocol.RequestAuthCache - Auth cache not set in the context
22:09:28.640 [main] DEBUG o.a.h.c.p.RequestTargetAuthentication - Target auth state: UNCHALLENGED
22:09:28.640 [main] DEBUG o.a.h.c.p.RequestProxyAuthentication - Proxy auth state: UNCHALLENGED
22:09:28.640 [main] DEBUG o.a.h.impl.client.DefaultHttpClient - Attempt 1 to execute request
22:09:28.640 [main] DEBUG o.a.h.i.conn.DefaultClientConnection - Sending request: GET /2?b=6&c=3 HTTP/1.1
22:09:28.640 [main] DEBUG org.apache.http.wire -  >> "GET /2?b=6&c=3 HTTP/1.1[\r][\n]"
22:09:28.640 [main] DEBUG org.apache.http.wire -  >> "Accept: */*[\r][\n]"
22:09:28.640 [main] DEBUG org.apache.http.wire -  >> "Host: localhost:8080[\r][\n]"
22:09:28.640 [main] DEBUG org.apache.http.wire -  >> "Connection: Keep-Alive[\r][\n]"
22:09:28.640 [main] DEBUG org.apache.http.wire -  >> "User-Agent: Apache-HttpClient/4.5.3 (Java/13.0.5.1)[\r][\n]"
22:09:28.640 [main] DEBUG org.apache.http.wire -  >> "Accept-Encoding: gzip,deflate[\r][\n]"
22:09:28.640 [main] DEBUG org.apache.http.wire -  >> "[\r][\n]"
22:09:28.640 [main] DEBUG org.apache.http.headers - >> GET /2?b=6&c=3 HTTP/1.1
22:09:28.640 [main] DEBUG org.apache.http.headers - >> Accept: */*
22:09:28.640 [main] DEBUG org.apache.http.headers - >> Host: localhost:8080
22:09:28.640 [main] DEBUG org.apache.http.headers - >> Connection: Keep-Alive
22:09:28.640 [main] DEBUG org.apache.http.headers - >> User-Agent: Apache-HttpClient/4.5.3 (Java/13.0.5.1)
22:09:28.640 [main] DEBUG org.apache.http.headers - >> Accept-Encoding: gzip,deflate
22:09:28.659 [main] DEBUG org.apache.http.wire -  << "HTTP/1.1 200 OK[\r][\n]"
22:09:28.659 [main] DEBUG org.apache.http.wire -  << "Server: Apache-Coyote/1.1[\r][\n]"
22:09:28.660 [main] DEBUG org.apache.http.wire -  << "Content-Type: text/plain;charset=UTF-8[\r][\n]"
22:09:28.660 [main] DEBUG org.apache.http.wire -  << "Content-Length: 6[\r][\n]"
22:09:28.660 [main] DEBUG org.apache.http.wire -  << "Date: Sun, 07 Feb 2021 21:09:28 GMT[\r][\n]"
22:09:28.660 [main] DEBUG org.apache.http.wire -  << "[\r][\n]"
22:09:28.660 [main] DEBUG o.a.h.i.conn.DefaultClientConnection - Receiving response: HTTP/1.1 200 OK
22:09:28.660 [main] DEBUG org.apache.http.headers - << HTTP/1.1 200 OK
22:09:28.660 [main] DEBUG org.apache.http.headers - << Server: Apache-Coyote/1.1
22:09:28.660 [main] DEBUG org.apache.http.headers - << Content-Type: text/plain;charset=UTF-8
22:09:28.660 [main] DEBUG org.apache.http.headers - << Content-Length: 6
22:09:28.660 [main] DEBUG org.apache.http.headers - << Date: Sun, 07 Feb 2021 21:09:28 GMT
22:09:28.660 [main] DEBUG o.a.h.impl.client.DefaultHttpClient - Connection can be kept alive indefinitely
22:09:28.660 [main] DEBUG i.r.i.RequestSpecificationImpl$RestAssuredHttpBuilder - Parsing response as: text/plain;charset=UTF-8
22:09:28.660 [main] DEBUG i.r.i.RequestSpecificationImpl$RestAssuredHttpBuilder - Parsed data to instance of: class org.apache.http.conn.EofSensorInputStream
22:09:28.660 [main] DEBUG org.apache.http.wire -  << "b:1500"
22:09:28.660 [main] DEBUG o.a.h.i.c.BasicClientConnectionManager - Releasing connection org.apache.http.impl.conn.ManagedClientConnectionImpl@79f90a3a
22:09:28.660 [main] DEBUG o.a.h.i.c.BasicClientConnectionManager - Connection can be kept alive indefinitely
22:09:28.663 [main] DEBUG o.a.h.i.c.BasicClientConnectionManager - Get connection for route {}->http://localhost:8080
22:09:28.663 [main] DEBUG o.a.h.i.c.DefaultClientConnectionOperator - Connecting to localhost:8080
22:09:28.664 [main] DEBUG o.a.h.c.protocol.RequestAddCookies - CookieSpec selected: ignoreCookies
22:09:28.664 [main] DEBUG o.a.h.c.protocol.RequestAuthCache - Auth cache not set in the context
22:09:28.664 [main] DEBUG o.a.h.c.p.RequestTargetAuthentication - Target auth state: UNCHALLENGED
22:09:28.664 [main] DEBUG o.a.h.c.p.RequestProxyAuthentication - Proxy auth state: UNCHALLENGED
22:09:28.664 [main] DEBUG o.a.h.impl.client.DefaultHttpClient - Attempt 1 to execute request
22:09:28.664 [main] DEBUG o.a.h.i.conn.DefaultClientConnection - Sending request: GET /2?b=6&c=3 HTTP/1.1
22:09:28.664 [main] DEBUG org.apache.http.wire -  >> "GET /2?b=6&c=3 HTTP/1.1[\r][\n]"
22:09:28.664 [main] DEBUG org.apache.http.wire -  >> "Accept: */*[\r][\n]"
22:09:28.664 [main] DEBUG org.apache.http.wire -  >> "Host: localhost:8080[\r][\n]"
22:09:28.664 [main] DEBUG org.apache.http.wire -  >> "Connection: Keep-Alive[\r][\n]"
22:09:28.664 [main] DEBUG org.apache.http.wire -  >> "User-Agent: Apache-HttpClient/4.5.3 (Java/13.0.5.1)[\r][\n]"
22:09:28.664 [main] DEBUG org.apache.http.wire -  >> "Accept-Encoding: gzip,deflate[\r][\n]"
22:09:28.664 [main] DEBUG org.apache.http.wire -  >> "[\r][\n]"
22:09:28.664 [main] DEBUG org.apache.http.headers - >> GET /2?b=6&c=3 HTTP/1.1
22:09:28.664 [main] DEBUG org.apache.http.headers - >> Accept: */*
22:09:28.664 [main] DEBUG org.apache.http.headers - >> Host: localhost:8080
22:09:28.664 [main] DEBUG org.apache.http.headers - >> Connection: Keep-Alive
22:09:28.664 [main] DEBUG org.apache.http.headers - >> User-Agent: Apache-HttpClient/4.5.3 (Java/13.0.5.1)
22:09:28.664 [main] DEBUG org.apache.http.headers - >> Accept-Encoding: gzip,deflate
22:09:28.677 [main] DEBUG org.apache.http.wire -  << "HTTP/1.1 200 OK[\r][\n]"
22:09:28.678 [main] DEBUG org.apache.http.wire -  << "Server: Apache-Coyote/1.1[\r][\n]"
22:09:28.678 [main] DEBUG org.apache.http.wire -  << "Content-Type: text/plain;charset=UTF-8[\r][\n]"
22:09:28.678 [main] DEBUG org.apache.http.wire -  << "Content-Length: 6[\r][\n]"
22:09:28.678 [main] DEBUG org.apache.http.wire -  << "Date: Sun, 07 Feb 2021 21:09:28 GMT[\r][\n]"
22:09:28.678 [main] DEBUG org.apache.http.wire -  << "[\r][\n]"
22:09:28.678 [main] DEBUG o.a.h.i.conn.DefaultClientConnection - Receiving response: HTTP/1.1 200 OK
22:09:28.678 [main] DEBUG org.apache.http.headers - << HTTP/1.1 200 OK
22:09:28.678 [main] DEBUG org.apache.http.headers - << Server: Apache-Coyote/1.1
22:09:28.678 [main] DEBUG org.apache.http.headers - << Content-Type: text/plain;charset=UTF-8
22:09:28.678 [main] DEBUG org.apache.http.headers - << Content-Length: 6
22:09:28.678 [main] DEBUG org.apache.http.headers - << Date: Sun, 07 Feb 2021 21:09:28 GMT
22:09:28.678 [main] DEBUG o.a.h.impl.client.DefaultHttpClient - Connection can be kept alive indefinitely
22:09:28.679 [main] DEBUG i.r.i.RequestSpecificationImpl$RestAssuredHttpBuilder - Parsing response as: text/plain;charset=UTF-8
22:09:28.679 [main] DEBUG i.r.i.RequestSpecificationImpl$RestAssuredHttpBuilder - Parsed data to instance of: class org.apache.http.conn.EofSensorInputStream
22:09:28.679 [main] DEBUG org.apache.http.wire -  << "b:1500"
22:09:28.679 [main] DEBUG o.a.h.i.c.BasicClientConnectionManager - Releasing connection org.apache.http.impl.conn.ManagedClientConnectionImpl@388623ad
22:09:28.679 [main] DEBUG o.a.h.i.c.BasicClientConnectionManager - Connection can be kept alive indefinitely
22:09:28.686 [main] DEBUG o.a.h.i.c.BasicClientConnectionManager - Get connection for route {}->http://localhost:8080
22:09:28.686 [main] DEBUG o.a.h.i.c.DefaultClientConnectionOperator - Connecting to localhost:8080
22:09:28.686 [main] DEBUG o.a.h.c.protocol.RequestAddCookies - CookieSpec selected: ignoreCookies
22:09:28.686 [main] DEBUG o.a.h.c.protocol.RequestAuthCache - Auth cache not set in the context
22:09:28.686 [main] DEBUG o.a.h.c.p.RequestTargetAuthentication - Target auth state: UNCHALLENGED
22:09:28.686 [main] DEBUG o.a.h.c.p.RequestProxyAuthentication - Proxy auth state: UNCHALLENGED
22:09:28.686 [main] DEBUG o.a.h.impl.client.DefaultHttpClient - Attempt 1 to execute request
22:09:28.686 [main] DEBUG o.a.h.i.conn.DefaultClientConnection - Sending request: GET /2?b=6&c=3 HTTP/1.1
22:09:28.686 [main] DEBUG org.apache.http.wire -  >> "GET /2?b=6&c=3 HTTP/1.1[\r][\n]"
22:09:28.686 [main] DEBUG org.apache.http.wire -  >> "Accept: */*[\r][\n]"
22:09:28.686 [main] DEBUG org.apache.http.wire -  >> "Host: localhost:8080[\r][\n]"
22:09:28.686 [main] DEBUG org.apache.http.wire -  >> "Connection: Keep-Alive[\r][\n]"
22:09:28.686 [main] DEBUG org.apache.http.wire -  >> "User-Agent: Apache-HttpClient/4.5.3 (Java/13.0.5.1)[\r][\n]"
22:09:28.686 [main] DEBUG org.apache.http.wire -  >> "Accept-Encoding: gzip,deflate[\r][\n]"
22:09:28.686 [main] DEBUG org.apache.http.wire -  >> "[\r][\n]"
22:09:28.686 [main] DEBUG org.apache.http.headers - >> GET /2?b=6&c=3 HTTP/1.1
22:09:28.686 [main] DEBUG org.apache.http.headers - >> Accept: */*
22:09:28.686 [main] DEBUG org.apache.http.headers - >> Host: localhost:8080
22:09:28.686 [main] DEBUG org.apache.http.headers - >> Connection: Keep-Alive
22:09:28.686 [main] DEBUG org.apache.http.headers - >> User-Agent: Apache-HttpClient/4.5.3 (Java/13.0.5.1)
22:09:28.686 [main] DEBUG org.apache.http.headers - >> Accept-Encoding: gzip,deflate
22:09:28.705 [main] DEBUG org.apache.http.wire -  << "HTTP/1.1 200 OK[\r][\n]"
22:09:28.705 [main] DEBUG org.apache.http.wire -  << "Server: Apache-Coyote/1.1[\r][\n]"
22:09:28.705 [main] DEBUG org.apache.http.wire -  << "Content-Type: text/plain;charset=UTF-8[\r][\n]"
22:09:28.705 [main] DEBUG org.apache.http.wire -  << "Content-Length: 6[\r][\n]"
22:09:28.705 [main] DEBUG org.apache.http.wire -  << "Date: Sun, 07 Feb 2021 21:09:28 GMT[\r][\n]"
22:09:28.705 [main] DEBUG org.apache.http.wire -  << "[\r][\n]"
22:09:28.705 [main] DEBUG o.a.h.i.conn.DefaultClientConnection - Receiving response: HTTP/1.1 200 OK
22:09:28.705 [main] DEBUG org.apache.http.headers - << HTTP/1.1 200 OK
22:09:28.705 [main] DEBUG org.apache.http.headers - << Server: Apache-Coyote/1.1
22:09:28.705 [main] DEBUG org.apache.http.headers - << Content-Type: text/plain;charset=UTF-8
22:09:28.705 [main] DEBUG org.apache.http.headers - << Content-Length: 6
22:09:28.705 [main] DEBUG org.apache.http.headers - << Date: Sun, 07 Feb 2021 21:09:28 GMT
22:09:28.705 [main] DEBUG o.a.h.impl.client.DefaultHttpClient - Connection can be kept alive indefinitely
22:09:28.706 [main] DEBUG i.r.i.RequestSpecificationImpl$RestAssuredHttpBuilder - Parsing response as: text/plain;charset=UTF-8
22:09:28.706 [main] DEBUG i.r.i.RequestSpecificationImpl$RestAssuredHttpBuilder - Parsed data to instance of: class org.apache.http.conn.EofSensorInputStream
22:09:28.706 [main] DEBUG org.apache.http.wire -  << "b:1500"
22:09:28.706 [main] DEBUG o.a.h.i.c.BasicClientConnectionManager - Releasing connection org.apache.http.impl.conn.ManagedClientConnectionImpl@3b83459e
22:09:28.706 [main] DEBUG o.a.h.i.c.BasicClientConnectionManager - Connection can be kept alive indefinitely
22:09:28.709 [main] DEBUG o.a.h.i.c.BasicClientConnectionManager - Get connection for route {}->http://localhost:8080
22:09:28.709 [main] DEBUG o.a.h.i.c.DefaultClientConnectionOperator - Connecting to localhost:8080
22:09:28.710 [main] DEBUG o.a.h.c.protocol.RequestAddCookies - CookieSpec selected: ignoreCookies
22:09:28.710 [main] DEBUG o.a.h.c.protocol.RequestAuthCache - Auth cache not set in the context
22:09:28.710 [main] DEBUG o.a.h.c.p.RequestTargetAuthentication - Target auth state: UNCHALLENGED
22:09:28.710 [main] DEBUG o.a.h.c.p.RequestProxyAuthentication - Proxy auth state: UNCHALLENGED
22:09:28.710 [main] DEBUG o.a.h.impl.client.DefaultHttpClient - Attempt 1 to execute request
22:09:28.710 [main] DEBUG o.a.h.i.conn.DefaultClientConnection - Sending request: GET /2?b=6&c=3 HTTP/1.1
22:09:28.710 [main] DEBUG org.apache.http.wire -  >> "GET /2?b=6&c=3 HTTP/1.1[\r][\n]"
22:09:28.710 [main] DEBUG org.apache.http.wire -  >> "Accept: */*[\r][\n]"
22:09:28.710 [main] DEBUG org.apache.http.wire -  >> "Host: localhost:8080[\r][\n]"
22:09:28.710 [main] DEBUG org.apache.http.wire -  >> "Connection: Keep-Alive[\r][\n]"
22:09:28.710 [main] DEBUG org.apache.http.wire -  >> "User-Agent: Apache-HttpClient/4.5.3 (Java/13.0.5.1)[\r][\n]"
22:09:28.710 [main] DEBUG org.apache.http.wire -  >> "Accept-Encoding: gzip,deflate[\r][\n]"
22:09:28.710 [main] DEBUG org.apache.http.wire -  >> "[\r][\n]"
22:09:28.710 [main] DEBUG org.apache.http.headers - >> GET /2?b=6&c=3 HTTP/1.1
22:09:28.710 [main] DEBUG org.apache.http.headers - >> Accept: */*
22:09:28.710 [main] DEBUG org.apache.http.headers - >> Host: localhost:8080
22:09:28.710 [main] DEBUG org.apache.http.headers - >> Connection: Keep-Alive
22:09:28.710 [main] DEBUG org.apache.http.headers - >> User-Agent: Apache-HttpClient/4.5.3 (Java/13.0.5.1)
22:09:28.710 [main] DEBUG org.apache.http.headers - >> Accept-Encoding: gzip,deflate
22:09:28.725 [main] DEBUG org.apache.http.wire -  << "HTTP/1.1 200 OK[\r][\n]"
22:09:28.725 [main] DEBUG org.apache.http.wire -  << "Server: Apache-Coyote/1.1[\r][\n]"
22:09:28.725 [main] DEBUG org.apache.http.wire -  << "Content-Type: text/plain;charset=UTF-8[\r][\n]"
22:09:28.725 [main] DEBUG org.apache.http.wire -  << "Content-Length: 6[\r][\n]"
22:09:28.725 [main] DEBUG org.apache.http.wire -  << "Date: Sun, 07 Feb 2021 21:09:28 GMT[\r][\n]"
22:09:28.725 [main] DEBUG org.apache.http.wire -  << "[\r][\n]"
22:09:28.725 [main] DEBUG o.a.h.i.conn.DefaultClientConnection - Receiving response: HTTP/1.1 200 OK
22:09:28.725 [main] DEBUG org.apache.http.headers - << HTTP/1.1 200 OK
22:09:28.725 [main] DEBUG org.apache.http.headers - << Server: Apache-Coyote/1.1
22:09:28.725 [main] DEBUG org.apache.http.headers - << Content-Type: text/plain;charset=UTF-8
22:09:28.725 [main] DEBUG org.apache.http.headers - << Content-Length: 6
22:09:28.725 [main] DEBUG org.apache.http.headers - << Date: Sun, 07 Feb 2021 21:09:28 GMT
22:09:28.725 [main] DEBUG o.a.h.impl.client.DefaultHttpClient - Connection can be kept alive indefinitely
22:09:28.726 [main] DEBUG i.r.i.RequestSpecificationImpl$RestAssuredHttpBuilder - Parsing response as: text/plain;charset=UTF-8
22:09:28.726 [main] DEBUG i.r.i.RequestSpecificationImpl$RestAssuredHttpBuilder - Parsed data to instance of: class org.apache.http.conn.EofSensorInputStream
22:09:28.726 [main] DEBUG org.apache.http.wire -  << "b:1500"
22:09:28.726 [main] DEBUG o.a.h.i.c.BasicClientConnectionManager - Releasing connection org.apache.http.impl.conn.ManagedClientConnectionImpl@1ddc6db2
22:09:28.726 [main] DEBUG o.a.h.i.c.BasicClientConnectionManager - Connection can be kept alive indefinitely
22:09:28.731 [main] DEBUG o.a.h.i.c.BasicClientConnectionManager - Get connection for route {}->http://localhost:8080
22:09:28.732 [main] DEBUG o.a.h.i.c.DefaultClientConnectionOperator - Connecting to localhost:8080
22:09:28.734 [main] DEBUG o.a.h.c.protocol.RequestAddCookies - CookieSpec selected: ignoreCookies
22:09:28.734 [main] DEBUG o.a.h.c.protocol.RequestAuthCache - Auth cache not set in the context
22:09:28.735 [main] DEBUG o.a.h.c.p.RequestTargetAuthentication - Target auth state: UNCHALLENGED
22:09:28.735 [main] DEBUG o.a.h.c.p.RequestProxyAuthentication - Proxy auth state: UNCHALLENGED
22:09:28.735 [main] DEBUG o.a.h.impl.client.DefaultHttpClient - Attempt 1 to execute request
22:09:28.735 [main] DEBUG o.a.h.i.conn.DefaultClientConnection - Sending request: GET /2?b=6&c=3 HTTP/1.1
22:09:28.735 [main] DEBUG org.apache.http.wire -  >> "GET /2?b=6&c=3 HTTP/1.1[\r][\n]"
22:09:28.735 [main] DEBUG org.apache.http.wire -  >> "Accept: */*[\r][\n]"
22:09:28.735 [main] DEBUG org.apache.http.wire -  >> "Host: localhost:8080[\r][\n]"
22:09:28.735 [main] DEBUG org.apache.http.wire -  >> "Connection: Keep-Alive[\r][\n]"
22:09:28.735 [main] DEBUG org.apache.http.wire -  >> "User-Agent: Apache-HttpClient/4.5.3 (Java/13.0.5.1)[\r][\n]"
22:09:28.735 [main] DEBUG org.apache.http.wire -  >> "Accept-Encoding: gzip,deflate[\r][\n]"
22:09:28.735 [main] DEBUG org.apache.http.wire -  >> "[\r][\n]"
22:09:28.735 [main] DEBUG org.apache.http.headers - >> GET /2?b=6&c=3 HTTP/1.1
22:09:28.735 [main] DEBUG org.apache.http.headers - >> Accept: */*
22:09:28.735 [main] DEBUG org.apache.http.headers - >> Host: localhost:8080
22:09:28.735 [main] DEBUG org.apache.http.headers - >> Connection: Keep-Alive
22:09:28.735 [main] DEBUG org.apache.http.headers - >> User-Agent: Apache-HttpClient/4.5.3 (Java/13.0.5.1)
22:09:28.735 [main] DEBUG org.apache.http.headers - >> Accept-Encoding: gzip,deflate
22:09:28.753 [main] DEBUG org.apache.http.wire -  << "HTTP/1.1 200 OK[\r][\n]"
22:09:28.753 [main] DEBUG org.apache.http.wire -  << "Server: Apache-Coyote/1.1[\r][\n]"
22:09:28.753 [main] DEBUG org.apache.http.wire -  << "Content-Type: text/plain;charset=UTF-8[\r][\n]"
22:09:28.753 [main] DEBUG org.apache.http.wire -  << "Content-Length: 6[\r][\n]"
22:09:28.753 [main] DEBUG org.apache.http.wire -  << "Date: Sun, 07 Feb 2021 21:09:28 GMT[\r][\n]"
22:09:28.753 [main] DEBUG org.apache.http.wire -  << "[\r][\n]"
22:09:28.753 [main] DEBUG o.a.h.i.conn.DefaultClientConnection - Receiving response: HTTP/1.1 200 OK
22:09:28.753 [main] DEBUG org.apache.http.headers - << HTTP/1.1 200 OK
22:09:28.753 [main] DEBUG org.apache.http.headers - << Server: Apache-Coyote/1.1
22:09:28.753 [main] DEBUG org.apache.http.headers - << Content-Type: text/plain;charset=UTF-8
22:09:28.753 [main] DEBUG org.apache.http.headers - << Content-Length: 6
22:09:28.753 [main] DEBUG org.apache.http.headers - << Date: Sun, 07 Feb 2021 21:09:28 GMT
22:09:28.753 [main] DEBUG o.a.h.impl.client.DefaultHttpClient - Connection can be kept alive indefinitely
22:09:28.753 [main] DEBUG i.r.i.RequestSpecificationImpl$RestAssuredHttpBuilder - Parsing response as: text/plain;charset=UTF-8
22:09:28.753 [main] DEBUG i.r.i.RequestSpecificationImpl$RestAssuredHttpBuilder - Parsed data to instance of: class org.apache.http.conn.EofSensorInputStream
22:09:28.754 [main] DEBUG org.apache.http.wire -  << "b:1500"
22:09:28.754 [main] DEBUG o.a.h.i.c.BasicClientConnectionManager - Releasing connection org.apache.http.impl.conn.ManagedClientConnectionImpl@3fa21d49
22:09:28.754 [main] DEBUG o.a.h.i.c.BasicClientConnectionManager - Connection can be kept alive indefinitely
22:09:28.756 [main] DEBUG o.a.h.i.c.BasicClientConnectionManager - Get connection for route {}->http://localhost:8080
22:09:28.756 [main] DEBUG o.a.h.i.c.DefaultClientConnectionOperator - Connecting to localhost:8080
22:09:28.757 [main] DEBUG o.a.h.c.protocol.RequestAddCookies - CookieSpec selected: ignoreCookies
22:09:28.757 [main] DEBUG o.a.h.c.protocol.RequestAuthCache - Auth cache not set in the context
22:09:28.757 [main] DEBUG o.a.h.c.p.RequestTargetAuthentication - Target auth state: UNCHALLENGED
22:09:28.757 [main] DEBUG o.a.h.c.p.RequestProxyAuthentication - Proxy auth state: UNCHALLENGED
22:09:28.757 [main] DEBUG o.a.h.impl.client.DefaultHttpClient - Attempt 1 to execute request
22:09:28.757 [main] DEBUG o.a.h.i.conn.DefaultClientConnection - Sending request: GET /2?b=6&c=3 HTTP/1.1
22:09:28.757 [main] DEBUG org.apache.http.wire -  >> "GET /2?b=6&c=3 HTTP/1.1[\r][\n]"
22:09:28.757 [main] DEBUG org.apache.http.wire -  >> "Accept: */*[\r][\n]"
22:09:28.757 [main] DEBUG org.apache.http.wire -  >> "Host: localhost:8080[\r][\n]"
22:09:28.757 [main] DEBUG org.apache.http.wire -  >> "Connection: Keep-Alive[\r][\n]"
22:09:28.757 [main] DEBUG org.apache.http.wire -  >> "User-Agent: Apache-HttpClient/4.5.3 (Java/13.0.5.1)[\r][\n]"
22:09:28.757 [main] DEBUG org.apache.http.wire -  >> "Accept-Encoding: gzip,deflate[\r][\n]"
22:09:28.757 [main] DEBUG org.apache.http.wire -  >> "[\r][\n]"
22:09:28.757 [main] DEBUG org.apache.http.headers - >> GET /2?b=6&c=3 HTTP/1.1
22:09:28.757 [main] DEBUG org.apache.http.headers - >> Accept: */*
22:09:28.757 [main] DEBUG org.apache.http.headers - >> Host: localhost:8080
22:09:28.757 [main] DEBUG org.apache.http.headers - >> Connection: Keep-Alive
22:09:28.757 [main] DEBUG org.apache.http.headers - >> User-Agent: Apache-HttpClient/4.5.3 (Java/13.0.5.1)
22:09:28.757 [main] DEBUG org.apache.http.headers - >> Accept-Encoding: gzip,deflate
22:09:28.777 [main] DEBUG org.apache.http.wire -  << "HTTP/1.1 200 OK[\r][\n]"
22:09:28.777 [main] DEBUG org.apache.http.wire -  << "Server: Apache-Coyote/1.1[\r][\n]"
22:09:28.777 [main] DEBUG org.apache.http.wire -  << "Content-Type: text/plain;charset=UTF-8[\r][\n]"
22:09:28.777 [main] DEBUG org.apache.http.wire -  << "Content-Length: 6[\r][\n]"
22:09:28.777 [main] DEBUG org.apache.http.wire -  << "Date: Sun, 07 Feb 2021 21:09:28 GMT[\r][\n]"
22:09:28.777 [main] DEBUG org.apache.http.wire -  << "[\r][\n]"
22:09:28.777 [main] DEBUG o.a.h.i.conn.DefaultClientConnection - Receiving response: HTTP/1.1 200 OK
22:09:28.777 [main] DEBUG org.apache.http.headers - << HTTP/1.1 200 OK
22:09:28.777 [main] DEBUG org.apache.http.headers - << Server: Apache-Coyote/1.1
22:09:28.777 [main] DEBUG org.apache.http.headers - << Content-Type: text/plain;charset=UTF-8
22:09:28.777 [main] DEBUG org.apache.http.headers - << Content-Length: 6
22:09:28.777 [main] DEBUG org.apache.http.headers - << Date: Sun, 07 Feb 2021 21:09:28 GMT
22:09:28.777 [main] DEBUG o.a.h.impl.client.DefaultHttpClient - Connection can be kept alive indefinitely
22:09:28.777 [main] DEBUG i.r.i.RequestSpecificationImpl$RestAssuredHttpBuilder - Parsing response as: text/plain;charset=UTF-8
22:09:28.777 [main] DEBUG i.r.i.RequestSpecificationImpl$RestAssuredHttpBuilder - Parsed data to instance of: class org.apache.http.conn.EofSensorInputStream
22:09:28.777 [main] DEBUG org.apache.http.wire -  << "b:1500"
22:09:28.778 [main] DEBUG o.a.h.i.c.BasicClientConnectionManager - Releasing connection org.apache.http.impl.conn.ManagedClientConnectionImpl@1b01a0d
22:09:28.778 [main] DEBUG o.a.h.i.c.BasicClientConnectionManager - Connection can be kept alive indefinitely
22:09:28.780 [main] DEBUG o.a.h.i.c.BasicClientConnectionManager - Get connection for route {}->http://localhost:8080
22:09:28.780 [main] DEBUG o.a.h.i.c.DefaultClientConnectionOperator - Connecting to localhost:8080
22:09:28.781 [main] DEBUG o.a.h.c.protocol.RequestAddCookies - CookieSpec selected: ignoreCookies
22:09:28.781 [main] DEBUG o.a.h.c.protocol.RequestAuthCache - Auth cache not set in the context
22:09:28.781 [main] DEBUG o.a.h.c.p.RequestTargetAuthentication - Target auth state: UNCHALLENGED
22:09:28.781 [main] DEBUG o.a.h.c.p.RequestProxyAuthentication - Proxy auth state: UNCHALLENGED
22:09:28.781 [main] DEBUG o.a.h.impl.client.DefaultHttpClient - Attempt 1 to execute request
22:09:28.781 [main] DEBUG o.a.h.i.conn.DefaultClientConnection - Sending request: GET /2?b=6&c=3 HTTP/1.1
22:09:28.781 [main] DEBUG org.apache.http.wire -  >> "GET /2?b=6&c=3 HTTP/1.1[\r][\n]"
22:09:28.781 [main] DEBUG org.apache.http.wire -  >> "Accept: */*[\r][\n]"
22:09:28.781 [main] DEBUG org.apache.http.wire -  >> "Host: localhost:8080[\r][\n]"
22:09:28.781 [main] DEBUG org.apache.http.wire -  >> "Connection: Keep-Alive[\r][\n]"
22:09:28.781 [main] DEBUG org.apache.http.wire -  >> "User-Agent: Apache-HttpClient/4.5.3 (Java/13.0.5.1)[\r][\n]"
22:09:28.781 [main] DEBUG org.apache.http.wire -  >> "Accept-Encoding: gzip,deflate[\r][\n]"
22:09:28.781 [main] DEBUG org.apache.http.wire -  >> "[\r][\n]"
22:09:28.781 [main] DEBUG org.apache.http.headers - >> GET /2?b=6&c=3 HTTP/1.1
22:09:28.781 [main] DEBUG org.apache.http.headers - >> Accept: */*
22:09:28.781 [main] DEBUG org.apache.http.headers - >> Host: localhost:8080
22:09:28.781 [main] DEBUG org.apache.http.headers - >> Connection: Keep-Alive
22:09:28.781 [main] DEBUG org.apache.http.headers - >> User-Agent: Apache-HttpClient/4.5.3 (Java/13.0.5.1)
22:09:28.781 [main] DEBUG org.apache.http.headers - >> Accept-Encoding: gzip,deflate
22:09:28.795 [main] DEBUG org.apache.http.wire -  << "HTTP/1.1 200 OK[\r][\n]"
22:09:28.795 [main] DEBUG org.apache.http.wire -  << "Server: Apache-Coyote/1.1[\r][\n]"
22:09:28.795 [main] DEBUG org.apache.http.wire -  << "Content-Type: text/plain;charset=UTF-8[\r][\n]"
22:09:28.795 [main] DEBUG org.apache.http.wire -  << "Content-Length: 6[\r][\n]"
22:09:28.795 [main] DEBUG org.apache.http.wire -  << "Date: Sun, 07 Feb 2021 21:09:28 GMT[\r][\n]"
22:09:28.795 [main] DEBUG org.apache.http.wire -  << "[\r][\n]"
22:09:28.795 [main] DEBUG o.a.h.i.conn.DefaultClientConnection - Receiving response: HTTP/1.1 200 OK
22:09:28.795 [main] DEBUG org.apache.http.headers - << HTTP/1.1 200 OK
22:09:28.795 [main] DEBUG org.apache.http.headers - << Server: Apache-Coyote/1.1
22:09:28.795 [main] DEBUG org.apache.http.headers - << Content-Type: text/plain;charset=UTF-8
22:09:28.795 [main] DEBUG org.apache.http.headers - << Content-Length: 6
22:09:28.795 [main] DEBUG org.apache.http.headers - << Date: Sun, 07 Feb 2021 21:09:28 GMT
22:09:28.795 [main] DEBUG o.a.h.impl.client.DefaultHttpClient - Connection can be kept alive indefinitely
22:09:28.796 [main] DEBUG i.r.i.RequestSpecificationImpl$RestAssuredHttpBuilder - Parsing response as: text/plain;charset=UTF-8
22:09:28.796 [main] DEBUG i.r.i.RequestSpecificationImpl$RestAssuredHttpBuilder - Parsed data to instance of: class org.apache.http.conn.EofSensorInputStream
22:09:28.796 [main] DEBUG org.apache.http.wire -  << "b:1500"
22:09:28.796 [main] DEBUG o.a.h.i.c.BasicClientConnectionManager - Releasing connection org.apache.http.impl.conn.ManagedClientConnectionImpl@65bb6275
22:09:28.796 [main] DEBUG o.a.h.i.c.BasicClientConnectionManager - Connection can be kept alive indefinitely
22:09:28.798 [main] DEBUG o.a.h.i.c.BasicClientConnectionManager - Get connection for route {}->http://localhost:8080
22:09:28.798 [main] DEBUG o.a.h.i.c.DefaultClientConnectionOperator - Connecting to localhost:8080
22:09:28.799 [main] DEBUG o.a.h.c.protocol.RequestAddCookies - CookieSpec selected: ignoreCookies
22:09:28.799 [main] DEBUG o.a.h.c.protocol.RequestAuthCache - Auth cache not set in the context
22:09:28.799 [main] DEBUG o.a.h.c.p.RequestTargetAuthentication - Target auth state: UNCHALLENGED
22:09:28.799 [main] DEBUG o.a.h.c.p.RequestProxyAuthentication - Proxy auth state: UNCHALLENGED
22:09:28.799 [main] DEBUG o.a.h.impl.client.DefaultHttpClient - Attempt 1 to execute request
22:09:28.799 [main] DEBUG o.a.h.i.conn.DefaultClientConnection - Sending request: GET /2?b=6&c=3 HTTP/1.1
22:09:28.799 [main] DEBUG org.apache.http.wire -  >> "GET /2?b=6&c=3 HTTP/1.1[\r][\n]"
22:09:28.799 [main] DEBUG org.apache.http.wire -  >> "Accept: */*[\r][\n]"
22:09:28.799 [main] DEBUG org.apache.http.wire -  >> "Host: localhost:8080[\r][\n]"
22:09:28.799 [main] DEBUG org.apache.http.wire -  >> "Connection: Keep-Alive[\r][\n]"
22:09:28.799 [main] DEBUG org.apache.http.wire -  >> "User-Agent: Apache-HttpClient/4.5.3 (Java/13.0.5.1)[\r][\n]"
22:09:28.799 [main] DEBUG org.apache.http.wire -  >> "Accept-Encoding: gzip,deflate[\r][\n]"
22:09:28.799 [main] DEBUG org.apache.http.wire -  >> "[\r][\n]"
22:09:28.799 [main] DEBUG org.apache.http.headers - >> GET /2?b=6&c=3 HTTP/1.1
22:09:28.799 [main] DEBUG org.apache.http.headers - >> Accept: */*
22:09:28.799 [main] DEBUG org.apache.http.headers - >> Host: localhost:8080
22:09:28.799 [main] DEBUG org.apache.http.headers - >> Connection: Keep-Alive
22:09:28.799 [main] DEBUG org.apache.http.headers - >> User-Agent: Apache-HttpClient/4.5.3 (Java/13.0.5.1)
22:09:28.799 [main] DEBUG org.apache.http.headers - >> Accept-Encoding: gzip,deflate
22:09:28.819 [main] DEBUG org.apache.http.wire -  << "HTTP/1.1 200 OK[\r][\n]"
22:09:28.819 [main] DEBUG org.apache.http.wire -  << "Server: Apache-Coyote/1.1[\r][\n]"
22:09:28.819 [main] DEBUG org.apache.http.wire -  << "Content-Type: text/plain;charset=UTF-8[\r][\n]"
22:09:28.819 [main] DEBUG org.apache.http.wire -  << "Content-Length: 6[\r][\n]"
22:09:28.819 [main] DEBUG org.apache.http.wire -  << "Date: Sun, 07 Feb 2021 21:09:28 GMT[\r][\n]"
22:09:28.819 [main] DEBUG org.apache.http.wire -  << "[\r][\n]"
22:09:28.819 [main] DEBUG o.a.h.i.conn.DefaultClientConnection - Receiving response: HTTP/1.1 200 OK
22:09:28.819 [main] DEBUG org.apache.http.headers - << HTTP/1.1 200 OK
22:09:28.819 [main] DEBUG org.apache.http.headers - << Server: Apache-Coyote/1.1
22:09:28.819 [main] DEBUG org.apache.http.headers - << Content-Type: text/plain;charset=UTF-8
22:09:28.819 [main] DEBUG org.apache.http.headers - << Content-Length: 6
22:09:28.819 [main] DEBUG org.apache.http.headers - << Date: Sun, 07 Feb 2021 21:09:28 GMT
22:09:28.819 [main] DEBUG o.a.h.impl.client.DefaultHttpClient - Connection can be kept alive indefinitely
22:09:28.819 [main] DEBUG i.r.i.RequestSpecificationImpl$RestAssuredHttpBuilder - Parsing response as: text/plain;charset=UTF-8
22:09:28.820 [main] DEBUG i.r.i.RequestSpecificationImpl$RestAssuredHttpBuilder - Parsed data to instance of: class org.apache.http.conn.EofSensorInputStream
22:09:28.820 [main] DEBUG org.apache.http.wire -  << "b:1500"
22:09:28.820 [main] DEBUG o.a.h.i.c.BasicClientConnectionManager - Releasing connection org.apache.http.impl.conn.ManagedClientConnectionImpl@47c7a9e5
22:09:28.820 [main] DEBUG o.a.h.i.c.BasicClientConnectionManager - Connection can be kept alive indefinitely
22:09:28.824 [main] DEBUG o.a.h.i.c.BasicClientConnectionManager - Get connection for route {}->http://localhost:8080
22:09:28.825 [main] DEBUG o.a.h.i.c.DefaultClientConnectionOperator - Connecting to localhost:8080
22:09:28.826 [main] DEBUG o.a.h.c.protocol.RequestAddCookies - CookieSpec selected: ignoreCookies
22:09:28.826 [main] DEBUG o.a.h.c.protocol.RequestAuthCache - Auth cache not set in the context
22:09:28.826 [main] DEBUG o.a.h.c.p.RequestTargetAuthentication - Target auth state: UNCHALLENGED
22:09:28.826 [main] DEBUG o.a.h.c.p.RequestProxyAuthentication - Proxy auth state: UNCHALLENGED
22:09:28.826 [main] DEBUG o.a.h.impl.client.DefaultHttpClient - Attempt 1 to execute request
22:09:28.826 [main] DEBUG o.a.h.i.conn.DefaultClientConnection - Sending request: GET /2?b=6&c=3 HTTP/1.1
22:09:28.826 [main] DEBUG org.apache.http.wire -  >> "GET /2?b=6&c=3 HTTP/1.1[\r][\n]"
22:09:28.826 [main] DEBUG org.apache.http.wire -  >> "Accept: */*[\r][\n]"
22:09:28.826 [main] DEBUG org.apache.http.wire -  >> "Host: localhost:8080[\r][\n]"
22:09:28.826 [main] DEBUG org.apache.http.wire -  >> "Connection: Keep-Alive[\r][\n]"
22:09:28.826 [main] DEBUG org.apache.http.wire -  >> "User-Agent: Apache-HttpClient/4.5.3 (Java/13.0.5.1)[\r][\n]"
22:09:28.826 [main] DEBUG org.apache.http.wire -  >> "Accept-Encoding: gzip,deflate[\r][\n]"
22:09:28.826 [main] DEBUG org.apache.http.wire -  >> "[\r][\n]"
22:09:28.826 [main] DEBUG org.apache.http.headers - >> GET /2?b=6&c=3 HTTP/1.1
22:09:28.826 [main] DEBUG org.apache.http.headers - >> Accept: */*
22:09:28.826 [main] DEBUG org.apache.http.headers - >> Host: localhost:8080
22:09:28.826 [main] DEBUG org.apache.http.headers - >> Connection: Keep-Alive
22:09:28.826 [main] DEBUG org.apache.http.headers - >> User-Agent: Apache-HttpClient/4.5.3 (Java/13.0.5.1)
22:09:28.826 [main] DEBUG org.apache.http.headers - >> Accept-Encoding: gzip,deflate
22:09:28.841 [main] DEBUG org.apache.http.wire -  << "HTTP/1.1 200 OK[\r][\n]"
22:09:28.841 [main] DEBUG org.apache.http.wire -  << "Server: Apache-Coyote/1.1[\r][\n]"
22:09:28.841 [main] DEBUG org.apache.http.wire -  << "Content-Type: text/plain;charset=UTF-8[\r][\n]"
22:09:28.841 [main] DEBUG org.apache.http.wire -  << "Content-Length: 6[\r][\n]"
22:09:28.841 [main] DEBUG org.apache.http.wire -  << "Date: Sun, 07 Feb 2021 21:09:28 GMT[\r][\n]"
22:09:28.841 [main] DEBUG org.apache.http.wire -  << "[\r][\n]"
22:09:28.841 [main] DEBUG o.a.h.i.conn.DefaultClientConnection - Receiving response: HTTP/1.1 200 OK
22:09:28.841 [main] DEBUG org.apache.http.headers - << HTTP/1.1 200 OK
22:09:28.841 [main] DEBUG org.apache.http.headers - << Server: Apache-Coyote/1.1
22:09:28.841 [main] DEBUG org.apache.http.headers - << Content-Type: text/plain;charset=UTF-8
22:09:28.841 [main] DEBUG org.apache.http.headers - << Content-Length: 6
22:09:28.841 [main] DEBUG org.apache.http.headers - << Date: Sun, 07 Feb 2021 21:09:28 GMT
22:09:28.841 [main] DEBUG o.a.h.impl.client.DefaultHttpClient - Connection can be kept alive indefinitely
22:09:28.841 [main] DEBUG i.r.i.RequestSpecificationImpl$RestAssuredHttpBuilder - Parsing response as: text/plain;charset=UTF-8
22:09:28.841 [main] DEBUG i.r.i.RequestSpecificationImpl$RestAssuredHttpBuilder - Parsed data to instance of: class org.apache.http.conn.EofSensorInputStream
22:09:28.842 [main] DEBUG org.apache.http.wire -  << "b:1500"
22:09:28.842 [main] DEBUG o.a.h.i.c.BasicClientConnectionManager - Releasing connection org.apache.http.impl.conn.ManagedClientConnectionImpl@2d119405
22:09:28.842 [main] DEBUG o.a.h.i.c.BasicClientConnectionManager - Connection can be kept alive indefinitely
22:09:28.845 [main] DEBUG o.a.h.i.c.BasicClientConnectionManager - Get connection for route {}->http://localhost:8080
22:09:28.845 [main] DEBUG o.a.h.i.c.DefaultClientConnectionOperator - Connecting to localhost:8080
22:09:28.846 [main] DEBUG o.a.h.c.protocol.RequestAddCookies - CookieSpec selected: ignoreCookies
22:09:28.846 [main] DEBUG o.a.h.c.protocol.RequestAuthCache - Auth cache not set in the context
22:09:28.846 [main] DEBUG o.a.h.c.p.RequestTargetAuthentication - Target auth state: UNCHALLENGED
22:09:28.846 [main] DEBUG o.a.h.c.p.RequestProxyAuthentication - Proxy auth state: UNCHALLENGED
22:09:28.846 [main] DEBUG o.a.h.impl.client.DefaultHttpClient - Attempt 1 to execute request
22:09:28.846 [main] DEBUG o.a.h.i.conn.DefaultClientConnection - Sending request: GET /2?b=6&c=3 HTTP/1.1
22:09:28.846 [main] DEBUG org.apache.http.wire -  >> "GET /2?b=6&c=3 HTTP/1.1[\r][\n]"
22:09:28.846 [main] DEBUG org.apache.http.wire -  >> "Accept: */*[\r][\n]"
22:09:28.846 [main] DEBUG org.apache.http.wire -  >> "Host: localhost:8080[\r][\n]"
22:09:28.846 [main] DEBUG org.apache.http.wire -  >> "Connection: Keep-Alive[\r][\n]"
22:09:28.846 [main] DEBUG org.apache.http.wire -  >> "User-Agent: Apache-HttpClient/4.5.3 (Java/13.0.5.1)[\r][\n]"
22:09:28.846 [main] DEBUG org.apache.http.wire -  >> "Accept-Encoding: gzip,deflate[\r][\n]"
22:09:28.846 [main] DEBUG org.apache.http.wire -  >> "[\r][\n]"
22:09:28.846 [main] DEBUG org.apache.http.headers - >> GET /2?b=6&c=3 HTTP/1.1
22:09:28.846 [main] DEBUG org.apache.http.headers - >> Accept: */*
22:09:28.846 [main] DEBUG org.apache.http.headers - >> Host: localhost:8080
22:09:28.846 [main] DEBUG org.apache.http.headers - >> Connection: Keep-Alive
22:09:28.846 [main] DEBUG org.apache.http.headers - >> User-Agent: Apache-HttpClient/4.5.3 (Java/13.0.5.1)
22:09:28.846 [main] DEBUG org.apache.http.headers - >> Accept-Encoding: gzip,deflate
22:09:28.864 [main] DEBUG org.apache.http.wire -  << "HTTP/1.1 200 OK[\r][\n]"
22:09:28.864 [main] DEBUG org.apache.http.wire -  << "Server: Apache-Coyote/1.1[\r][\n]"
22:09:28.864 [main] DEBUG org.apache.http.wire -  << "Content-Type: text/plain;charset=UTF-8[\r][\n]"
22:09:28.864 [main] DEBUG org.apache.http.wire -  << "Content-Length: 6[\r][\n]"
22:09:28.864 [main] DEBUG org.apache.http.wire -  << "Date: Sun, 07 Feb 2021 21:09:28 GMT[\r][\n]"
22:09:28.864 [main] DEBUG org.apache.http.wire -  << "[\r][\n]"
22:09:28.864 [main] DEBUG o.a.h.i.conn.DefaultClientConnection - Receiving response: HTTP/1.1 200 OK
22:09:28.864 [main] DEBUG org.apache.http.headers - << HTTP/1.1 200 OK
22:09:28.864 [main] DEBUG org.apache.http.headers - << Server: Apache-Coyote/1.1
22:09:28.864 [main] DEBUG org.apache.http.headers - << Content-Type: text/plain;charset=UTF-8
22:09:28.864 [main] DEBUG org.apache.http.headers - << Content-Length: 6
22:09:28.864 [main] DEBUG org.apache.http.headers - << Date: Sun, 07 Feb 2021 21:09:28 GMT
22:09:28.864 [main] DEBUG o.a.h.impl.client.DefaultHttpClient - Connection can be kept alive indefinitely
22:09:28.864 [main] DEBUG i.r.i.RequestSpecificationImpl$RestAssuredHttpBuilder - Parsing response as: text/plain;charset=UTF-8
22:09:28.864 [main] DEBUG i.r.i.RequestSpecificationImpl$RestAssuredHttpBuilder - Parsed data to instance of: class org.apache.http.conn.EofSensorInputStream
22:09:28.865 [main] DEBUG org.apache.http.wire -  << "b:1500"
22:09:28.865 [main] DEBUG o.a.h.i.c.BasicClientConnectionManager - Releasing connection org.apache.http.impl.conn.ManagedClientConnectionImpl@21bd128b
22:09:28.865 [main] DEBUG o.a.h.i.c.BasicClientConnectionManager - Connection can be kept alive indefinitely
22:09:28.870 [main] DEBUG o.a.h.i.c.BasicClientConnectionManager - Get connection for route {}->http://localhost:8080
22:09:28.870 [main] DEBUG o.a.h.i.c.DefaultClientConnectionOperator - Connecting to localhost:8080
22:09:28.871 [main] DEBUG o.a.h.c.protocol.RequestAddCookies - CookieSpec selected: ignoreCookies
22:09:28.871 [main] DEBUG o.a.h.c.protocol.RequestAuthCache - Auth cache not set in the context
22:09:28.871 [main] DEBUG o.a.h.c.p.RequestTargetAuthentication - Target auth state: UNCHALLENGED
22:09:28.871 [main] DEBUG o.a.h.c.p.RequestProxyAuthentication - Proxy auth state: UNCHALLENGED
22:09:28.871 [main] DEBUG o.a.h.impl.client.DefaultHttpClient - Attempt 1 to execute request
22:09:28.871 [main] DEBUG o.a.h.i.conn.DefaultClientConnection - Sending request: GET /2?b=6&c=3 HTTP/1.1
22:09:28.871 [main] DEBUG org.apache.http.wire -  >> "GET /2?b=6&c=3 HTTP/1.1[\r][\n]"
22:09:28.871 [main] DEBUG org.apache.http.wire -  >> "Accept: */*[\r][\n]"
22:09:28.871 [main] DEBUG org.apache.http.wire -  >> "Host: localhost:8080[\r][\n]"
22:09:28.871 [main] DEBUG org.apache.http.wire -  >> "Connection: Keep-Alive[\r][\n]"
22:09:28.871 [main] DEBUG org.apache.http.wire -  >> "User-Agent: Apache-HttpClient/4.5.3 (Java/13.0.5.1)[\r][\n]"
22:09:28.871 [main] DEBUG org.apache.http.wire -  >> "Accept-Encoding: gzip,deflate[\r][\n]"
22:09:28.871 [main] DEBUG org.apache.http.wire -  >> "[\r][\n]"
22:09:28.871 [main] DEBUG org.apache.http.headers - >> GET /2?b=6&c=3 HTTP/1.1
22:09:28.871 [main] DEBUG org.apache.http.headers - >> Accept: */*
22:09:28.871 [main] DEBUG org.apache.http.headers - >> Host: localhost:8080
22:09:28.871 [main] DEBUG org.apache.http.headers - >> Connection: Keep-Alive
22:09:28.871 [main] DEBUG org.apache.http.headers - >> User-Agent: Apache-HttpClient/4.5.3 (Java/13.0.5.1)
22:09:28.871 [main] DEBUG org.apache.http.headers - >> Accept-Encoding: gzip,deflate
22:09:28.886 [main] DEBUG org.apache.http.wire -  << "HTTP/1.1 200 OK[\r][\n]"
22:09:28.886 [main] DEBUG org.apache.http.wire -  << "Server: Apache-Coyote/1.1[\r][\n]"
22:09:28.886 [main] DEBUG org.apache.http.wire -  << "Content-Type: text/plain;charset=UTF-8[\r][\n]"
22:09:28.886 [main] DEBUG org.apache.http.wire -  << "Content-Length: 6[\r][\n]"
22:09:28.886 [main] DEBUG org.apache.http.wire -  << "Date: Sun, 07 Feb 2021 21:09:28 GMT[\r][\n]"
22:09:28.886 [main] DEBUG org.apache.http.wire -  << "[\r][\n]"
22:09:28.886 [main] DEBUG o.a.h.i.conn.DefaultClientConnection - Receiving response: HTTP/1.1 200 OK
22:09:28.886 [main] DEBUG org.apache.http.headers - << HTTP/1.1 200 OK
22:09:28.886 [main] DEBUG org.apache.http.headers - << Server: Apache-Coyote/1.1
22:09:28.886 [main] DEBUG org.apache.http.headers - << Content-Type: text/plain;charset=UTF-8
22:09:28.886 [main] DEBUG org.apache.http.headers - << Content-Length: 6
22:09:28.886 [main] DEBUG org.apache.http.headers - << Date: Sun, 07 Feb 2021 21:09:28 GMT
22:09:28.886 [main] DEBUG o.a.h.impl.client.DefaultHttpClient - Connection can be kept alive indefinitely
22:09:28.886 [main] DEBUG i.r.i.RequestSpecificationImpl$RestAssuredHttpBuilder - Parsing response as: text/plain;charset=UTF-8
22:09:28.886 [main] DEBUG i.r.i.RequestSpecificationImpl$RestAssuredHttpBuilder - Parsed data to instance of: class org.apache.http.conn.EofSensorInputStream
22:09:28.887 [main] DEBUG org.apache.http.wire -  << "b:1500"
22:09:28.887 [main] DEBUG o.a.h.i.c.BasicClientConnectionManager - Releasing connection org.apache.http.impl.conn.ManagedClientConnectionImpl@2b916808
22:09:28.887 [main] DEBUG o.a.h.i.c.BasicClientConnectionManager - Connection can be kept alive indefinitely
22:09:28.890 [main] DEBUG o.a.h.i.c.BasicClientConnectionManager - Get connection for route {}->http://localhost:8080
22:09:28.890 [main] DEBUG o.a.h.i.c.DefaultClientConnectionOperator - Connecting to localhost:8080
22:09:28.891 [main] DEBUG o.a.h.c.protocol.RequestAddCookies - CookieSpec selected: ignoreCookies
22:09:28.891 [main] DEBUG o.a.h.c.protocol.RequestAuthCache - Auth cache not set in the context
22:09:28.891 [main] DEBUG o.a.h.c.p.RequestTargetAuthentication - Target auth state: UNCHALLENGED
22:09:28.891 [main] DEBUG o.a.h.c.p.RequestProxyAuthentication - Proxy auth state: UNCHALLENGED
22:09:28.891 [main] DEBUG o.a.h.impl.client.DefaultHttpClient - Attempt 1 to execute request
22:09:28.891 [main] DEBUG o.a.h.i.conn.DefaultClientConnection - Sending request: GET /2?b=6&c=3 HTTP/1.1
22:09:28.891 [main] DEBUG org.apache.http.wire -  >> "GET /2?b=6&c=3 HTTP/1.1[\r][\n]"
22:09:28.891 [main] DEBUG org.apache.http.wire -  >> "Accept: */*[\r][\n]"
22:09:28.891 [main] DEBUG org.apache.http.wire -  >> "Host: localhost:8080[\r][\n]"
22:09:28.891 [main] DEBUG org.apache.http.wire -  >> "Connection: Keep-Alive[\r][\n]"
22:09:28.891 [main] DEBUG org.apache.http.wire -  >> "User-Agent: Apache-HttpClient/4.5.3 (Java/13.0.5.1)[\r][\n]"
22:09:28.891 [main] DEBUG org.apache.http.wire -  >> "Accept-Encoding: gzip,deflate[\r][\n]"
22:09:28.891 [main] DEBUG org.apache.http.wire -  >> "[\r][\n]"
22:09:28.891 [main] DEBUG org.apache.http.headers - >> GET /2?b=6&c=3 HTTP/1.1
22:09:28.891 [main] DEBUG org.apache.http.headers - >> Accept: */*
22:09:28.891 [main] DEBUG org.apache.http.headers - >> Host: localhost:8080
22:09:28.891 [main] DEBUG org.apache.http.headers - >> Connection: Keep-Alive
22:09:28.891 [main] DEBUG org.apache.http.headers - >> User-Agent: Apache-HttpClient/4.5.3 (Java/13.0.5.1)
22:09:28.891 [main] DEBUG org.apache.http.headers - >> Accept-Encoding: gzip,deflate
22:09:28.912 [main] DEBUG org.apache.http.wire -  << "HTTP/1.1 200 OK[\r][\n]"
22:09:28.912 [main] DEBUG org.apache.http.wire -  << "Server: Apache-Coyote/1.1[\r][\n]"
22:09:28.912 [main] DEBUG org.apache.http.wire -  << "Content-Type: text/plain;charset=UTF-8[\r][\n]"
22:09:28.912 [main] DEBUG org.apache.http.wire -  << "Content-Length: 6[\r][\n]"
22:09:28.912 [main] DEBUG org.apache.http.wire -  << "Date: Sun, 07 Feb 2021 21:09:28 GMT[\r][\n]"
22:09:28.912 [main] DEBUG org.apache.http.wire -  << "[\r][\n]"
22:09:28.912 [main] DEBUG o.a.h.i.conn.DefaultClientConnection - Receiving response: HTTP/1.1 200 OK
22:09:28.912 [main] DEBUG org.apache.http.headers - << HTTP/1.1 200 OK
22:09:28.912 [main] DEBUG org.apache.http.headers - << Server: Apache-Coyote/1.1
22:09:28.912 [main] DEBUG org.apache.http.headers - << Content-Type: text/plain;charset=UTF-8
22:09:28.912 [main] DEBUG org.apache.http.headers - << Content-Length: 6
22:09:28.912 [main] DEBUG org.apache.http.headers - << Date: Sun, 07 Feb 2021 21:09:28 GMT
22:09:28.912 [main] DEBUG o.a.h.impl.client.DefaultHttpClient - Connection can be kept alive indefinitely
22:09:28.912 [main] DEBUG i.r.i.RequestSpecificationImpl$RestAssuredHttpBuilder - Parsing response as: text/plain;charset=UTF-8
22:09:28.912 [main] DEBUG i.r.i.RequestSpecificationImpl$RestAssuredHttpBuilder - Parsed data to instance of: class org.apache.http.conn.EofSensorInputStream
22:09:28.913 [main] DEBUG org.apache.http.wire -  << "b:1500"
22:09:28.913 [main] DEBUG o.a.h.i.c.BasicClientConnectionManager - Releasing connection org.apache.http.impl.conn.ManagedClientConnectionImpl@580fd26b
22:09:28.913 [main] DEBUG o.a.h.i.c.BasicClientConnectionManager - Connection can be kept alive indefinitely
22:09:28.915 [main] DEBUG o.a.h.i.c.BasicClientConnectionManager - Get connection for route {}->http://localhost:8080
22:09:28.915 [main] DEBUG o.a.h.i.c.DefaultClientConnectionOperator - Connecting to localhost:8080
22:09:28.916 [main] DEBUG o.a.h.c.protocol.RequestAddCookies - CookieSpec selected: ignoreCookies
22:09:28.916 [main] DEBUG o.a.h.c.protocol.RequestAuthCache - Auth cache not set in the context
22:09:28.916 [main] DEBUG o.a.h.c.p.RequestTargetAuthentication - Target auth state: UNCHALLENGED
22:09:28.916 [main] DEBUG o.a.h.c.p.RequestProxyAuthentication - Proxy auth state: UNCHALLENGED
22:09:28.916 [main] DEBUG o.a.h.impl.client.DefaultHttpClient - Attempt 1 to execute request
22:09:28.916 [main] DEBUG o.a.h.i.conn.DefaultClientConnection - Sending request: GET /2?b=6&c=3 HTTP/1.1
22:09:28.916 [main] DEBUG org.apache.http.wire -  >> "GET /2?b=6&c=3 HTTP/1.1[\r][\n]"
22:09:28.916 [main] DEBUG org.apache.http.wire -  >> "Accept: */*[\r][\n]"
22:09:28.916 [main] DEBUG org.apache.http.wire -  >> "Host: localhost:8080[\r][\n]"
22:09:28.916 [main] DEBUG org.apache.http.wire -  >> "Connection: Keep-Alive[\r][\n]"
22:09:28.916 [main] DEBUG org.apache.http.wire -  >> "User-Agent: Apache-HttpClient/4.5.3 (Java/13.0.5.1)[\r][\n]"
22:09:28.916 [main] DEBUG org.apache.http.wire -  >> "Accept-Encoding: gzip,deflate[\r][\n]"
22:09:28.916 [main] DEBUG org.apache.http.wire -  >> "[\r][\n]"
22:09:28.916 [main] DEBUG org.apache.http.headers - >> GET /2?b=6&c=3 HTTP/1.1
22:09:28.916 [main] DEBUG org.apache.http.headers - >> Accept: */*
22:09:28.916 [main] DEBUG org.apache.http.headers - >> Host: localhost:8080
22:09:28.916 [main] DEBUG org.apache.http.headers - >> Connection: Keep-Alive
22:09:28.916 [main] DEBUG org.apache.http.headers - >> User-Agent: Apache-HttpClient/4.5.3 (Java/13.0.5.1)
22:09:28.916 [main] DEBUG org.apache.http.headers - >> Accept-Encoding: gzip,deflate
22:09:28.933 [main] DEBUG org.apache.http.wire -  << "HTTP/1.1 200 OK[\r][\n]"
22:09:28.933 [main] DEBUG org.apache.http.wire -  << "Server: Apache-Coyote/1.1[\r][\n]"
22:09:28.933 [main] DEBUG org.apache.http.wire -  << "Content-Type: text/plain;charset=UTF-8[\r][\n]"
22:09:28.933 [main] DEBUG org.apache.http.wire -  << "Content-Length: 6[\r][\n]"
22:09:28.933 [main] DEBUG org.apache.http.wire -  << "Date: Sun, 07 Feb 2021 21:09:28 GMT[\r][\n]"
22:09:28.933 [main] DEBUG org.apache.http.wire -  << "[\r][\n]"
22:09:28.933 [main] DEBUG o.a.h.i.conn.DefaultClientConnection - Receiving response: HTTP/1.1 200 OK
22:09:28.933 [main] DEBUG org.apache.http.headers - << HTTP/1.1 200 OK
22:09:28.933 [main] DEBUG org.apache.http.headers - << Server: Apache-Coyote/1.1
22:09:28.933 [main] DEBUG org.apache.http.headers - << Content-Type: text/plain;charset=UTF-8
22:09:28.933 [main] DEBUG org.apache.http.headers - << Content-Length: 6
22:09:28.933 [main] DEBUG org.apache.http.headers - << Date: Sun, 07 Feb 2021 21:09:28 GMT
22:09:28.933 [main] DEBUG o.a.h.impl.client.DefaultHttpClient - Connection can be kept alive indefinitely
22:09:28.933 [main] DEBUG i.r.i.RequestSpecificationImpl$RestAssuredHttpBuilder - Parsing response as: text/plain;charset=UTF-8
22:09:28.933 [main] DEBUG i.r.i.RequestSpecificationImpl$RestAssuredHttpBuilder - Parsed data to instance of: class org.apache.http.conn.EofSensorInputStream
22:09:28.934 [main] DEBUG org.apache.http.wire -  << "b:1500"
22:09:28.934 [main] DEBUG o.a.h.i.c.BasicClientConnectionManager - Releasing connection org.apache.http.impl.conn.ManagedClientConnectionImpl@7a3269f5
22:09:28.934 [main] DEBUG o.a.h.i.c.BasicClientConnectionManager - Connection can be kept alive indefinitely
22:09:28.936 [main] DEBUG o.a.h.i.c.BasicClientConnectionManager - Get connection for route {}->http://localhost:8080
22:09:28.936 [main] DEBUG o.a.h.i.c.DefaultClientConnectionOperator - Connecting to localhost:8080
22:09:28.937 [main] DEBUG o.a.h.c.protocol.RequestAddCookies - CookieSpec selected: ignoreCookies
22:09:28.937 [main] DEBUG o.a.h.c.protocol.RequestAuthCache - Auth cache not set in the context
22:09:28.937 [main] DEBUG o.a.h.c.p.RequestTargetAuthentication - Target auth state: UNCHALLENGED
22:09:28.937 [main] DEBUG o.a.h.c.p.RequestProxyAuthentication - Proxy auth state: UNCHALLENGED
22:09:28.937 [main] DEBUG o.a.h.impl.client.DefaultHttpClient - Attempt 1 to execute request
22:09:28.937 [main] DEBUG o.a.h.i.conn.DefaultClientConnection - Sending request: GET /2?b=6&c=3 HTTP/1.1
22:09:28.937 [main] DEBUG org.apache.http.wire -  >> "GET /2?b=6&c=3 HTTP/1.1[\r][\n]"
22:09:28.937 [main] DEBUG org.apache.http.wire -  >> "Accept: */*[\r][\n]"
22:09:28.937 [main] DEBUG org.apache.http.wire -  >> "Host: localhost:8080[\r][\n]"
22:09:28.937 [main] DEBUG org.apache.http.wire -  >> "Connection: Keep-Alive[\r][\n]"
22:09:28.937 [main] DEBUG org.apache.http.wire -  >> "User-Agent: Apache-HttpClient/4.5.3 (Java/13.0.5.1)[\r][\n]"
22:09:28.937 [main] DEBUG org.apache.http.wire -  >> "Accept-Encoding: gzip,deflate[\r][\n]"
22:09:28.937 [main] DEBUG org.apache.http.wire -  >> "[\r][\n]"
22:09:28.937 [main] DEBUG org.apache.http.headers - >> GET /2?b=6&c=3 HTTP/1.1
22:09:28.937 [main] DEBUG org.apache.http.headers - >> Accept: */*
22:09:28.937 [main] DEBUG org.apache.http.headers - >> Host: localhost:8080
22:09:28.937 [main] DEBUG org.apache.http.headers - >> Connection: Keep-Alive
22:09:28.937 [main] DEBUG org.apache.http.headers - >> User-Agent: Apache-HttpClient/4.5.3 (Java/13.0.5.1)
22:09:28.937 [main] DEBUG org.apache.http.headers - >> Accept-Encoding: gzip,deflate
22:09:28.956 [main] DEBUG org.apache.http.wire -  << "HTTP/1.1 200 OK[\r][\n]"
22:09:28.956 [main] DEBUG org.apache.http.wire -  << "Server: Apache-Coyote/1.1[\r][\n]"
22:09:28.956 [main] DEBUG org.apache.http.wire -  << "Content-Type: text/plain;charset=UTF-8[\r][\n]"
22:09:28.956 [main] DEBUG org.apache.http.wire -  << "Content-Length: 6[\r][\n]"
22:09:28.956 [main] DEBUG org.apache.http.wire -  << "Date: Sun, 07 Feb 2021 21:09:28 GMT[\r][\n]"
22:09:28.956 [main] DEBUG org.apache.http.wire -  << "[\r][\n]"
22:09:28.956 [main] DEBUG o.a.h.i.conn.DefaultClientConnection - Receiving response: HTTP/1.1 200 OK
22:09:28.956 [main] DEBUG org.apache.http.headers - << HTTP/1.1 200 OK
22:09:28.956 [main] DEBUG org.apache.http.headers - << Server: Apache-Coyote/1.1
22:09:28.956 [main] DEBUG org.apache.http.headers - << Content-Type: text/plain;charset=UTF-8
22:09:28.956 [main] DEBUG org.apache.http.headers - << Content-Length: 6
22:09:28.956 [main] DEBUG org.apache.http.headers - << Date: Sun, 07 Feb 2021 21:09:28 GMT
22:09:28.956 [main] DEBUG o.a.h.impl.client.DefaultHttpClient - Connection can be kept alive indefinitely
22:09:28.956 [main] DEBUG i.r.i.RequestSpecificationImpl$RestAssuredHttpBuilder - Parsing response as: text/plain;charset=UTF-8
22:09:28.956 [main] DEBUG i.r.i.RequestSpecificationImpl$RestAssuredHttpBuilder - Parsed data to instance of: class org.apache.http.conn.EofSensorInputStream
22:09:28.957 [main] DEBUG org.apache.http.wire -  << "b:1500"
22:09:28.957 [main] DEBUG o.a.h.i.c.BasicClientConnectionManager - Releasing connection org.apache.http.impl.conn.ManagedClientConnectionImpl@4091b9c3
22:09:28.957 [main] DEBUG o.a.h.i.c.BasicClientConnectionManager - Connection can be kept alive indefinitely
22:09:28.960 [main] DEBUG o.a.h.i.c.BasicClientConnectionManager - Get connection for route {}->http://localhost:8080
22:09:28.960 [main] DEBUG o.a.h.i.c.DefaultClientConnectionOperator - Connecting to localhost:8080
22:09:28.961 [main] DEBUG o.a.h.c.protocol.RequestAddCookies - CookieSpec selected: ignoreCookies
22:09:28.961 [main] DEBUG o.a.h.c.protocol.RequestAuthCache - Auth cache not set in the context
22:09:28.961 [main] DEBUG o.a.h.c.p.RequestTargetAuthentication - Target auth state: UNCHALLENGED
22:09:28.961 [main] DEBUG o.a.h.c.p.RequestProxyAuthentication - Proxy auth state: UNCHALLENGED
22:09:28.961 [main] DEBUG o.a.h.impl.client.DefaultHttpClient - Attempt 1 to execute request
22:09:28.961 [main] DEBUG o.a.h.i.conn.DefaultClientConnection - Sending request: GET /2?b=6&c=3 HTTP/1.1
22:09:28.961 [main] DEBUG org.apache.http.wire -  >> "GET /2?b=6&c=3 HTTP/1.1[\r][\n]"
22:09:28.961 [main] DEBUG org.apache.http.wire -  >> "Accept: */*[\r][\n]"
22:09:28.961 [main] DEBUG org.apache.http.wire -  >> "Host: localhost:8080[\r][\n]"
22:09:28.961 [main] DEBUG org.apache.http.wire -  >> "Connection: Keep-Alive[\r][\n]"
22:09:28.961 [main] DEBUG org.apache.http.wire -  >> "User-Agent: Apache-HttpClient/4.5.3 (Java/13.0.5.1)[\r][\n]"
22:09:28.961 [main] DEBUG org.apache.http.wire -  >> "Accept-Encoding: gzip,deflate[\r][\n]"
22:09:28.961 [main] DEBUG org.apache.http.wire -  >> "[\r][\n]"
22:09:28.961 [main] DEBUG org.apache.http.headers - >> GET /2?b=6&c=3 HTTP/1.1
22:09:28.961 [main] DEBUG org.apache.http.headers - >> Accept: */*
22:09:28.961 [main] DEBUG org.apache.http.headers - >> Host: localhost:8080
22:09:28.961 [main] DEBUG org.apache.http.headers - >> Connection: Keep-Alive
22:09:28.961 [main] DEBUG org.apache.http.headers - >> User-Agent: Apache-HttpClient/4.5.3 (Java/13.0.5.1)
22:09:28.961 [main] DEBUG org.apache.http.headers - >> Accept-Encoding: gzip,deflate
22:09:28.981 [main] DEBUG org.apache.http.wire -  << "HTTP/1.1 200 OK[\r][\n]"
22:09:28.981 [main] DEBUG org.apache.http.wire -  << "Server: Apache-Coyote/1.1[\r][\n]"
22:09:28.981 [main] DEBUG org.apache.http.wire -  << "Content-Type: text/plain;charset=UTF-8[\r][\n]"
22:09:28.981 [main] DEBUG org.apache.http.wire -  << "Content-Length: 6[\r][\n]"
22:09:28.981 [main] DEBUG org.apache.http.wire -  << "Date: Sun, 07 Feb 2021 21:09:28 GMT[\r][\n]"
22:09:28.981 [main] DEBUG org.apache.http.wire -  << "[\r][\n]"
22:09:28.981 [main] DEBUG o.a.h.i.conn.DefaultClientConnection - Receiving response: HTTP/1.1 200 OK
22:09:28.981 [main] DEBUG org.apache.http.headers - << HTTP/1.1 200 OK
22:09:28.981 [main] DEBUG org.apache.http.headers - << Server: Apache-Coyote/1.1
22:09:28.981 [main] DEBUG org.apache.http.headers - << Content-Type: text/plain;charset=UTF-8
22:09:28.981 [main] DEBUG org.apache.http.headers - << Content-Length: 6
22:09:28.981 [main] DEBUG org.apache.http.headers - << Date: Sun, 07 Feb 2021 21:09:28 GMT
22:09:28.981 [main] DEBUG o.a.h.impl.client.DefaultHttpClient - Connection can be kept alive indefinitely
22:09:28.982 [main] DEBUG i.r.i.RequestSpecificationImpl$RestAssuredHttpBuilder - Parsing response as: text/plain;charset=UTF-8
22:09:28.982 [main] DEBUG i.r.i.RequestSpecificationImpl$RestAssuredHttpBuilder - Parsed data to instance of: class org.apache.http.conn.EofSensorInputStream
22:09:28.982 [main] DEBUG org.apache.http.wire -  << "b:1500"
22:09:28.982 [main] DEBUG o.a.h.i.c.BasicClientConnectionManager - Releasing connection org.apache.http.impl.conn.ManagedClientConnectionImpl@c689973
22:09:28.982 [main] DEBUG o.a.h.i.c.BasicClientConnectionManager - Connection can be kept alive indefinitely
22:09:28.984 [main] DEBUG o.a.h.i.c.BasicClientConnectionManager - Get connection for route {}->http://localhost:8080
22:09:28.985 [main] DEBUG o.a.h.i.c.DefaultClientConnectionOperator - Connecting to localhost:8080
22:09:28.985 [main] DEBUG o.a.h.c.protocol.RequestAddCookies - CookieSpec selected: ignoreCookies
22:09:28.985 [main] DEBUG o.a.h.c.protocol.RequestAuthCache - Auth cache not set in the context
22:09:28.985 [main] DEBUG o.a.h.c.p.RequestTargetAuthentication - Target auth state: UNCHALLENGED
22:09:28.985 [main] DEBUG o.a.h.c.p.RequestProxyAuthentication - Proxy auth state: UNCHALLENGED
22:09:28.985 [main] DEBUG o.a.h.impl.client.DefaultHttpClient - Attempt 1 to execute request
22:09:28.985 [main] DEBUG o.a.h.i.conn.DefaultClientConnection - Sending request: GET /2?b=6&c=3 HTTP/1.1
22:09:28.985 [main] DEBUG org.apache.http.wire -  >> "GET /2?b=6&c=3 HTTP/1.1[\r][\n]"
22:09:28.985 [main] DEBUG org.apache.http.wire -  >> "Accept: */*[\r][\n]"
22:09:28.985 [main] DEBUG org.apache.http.wire -  >> "Host: localhost:8080[\r][\n]"
22:09:28.985 [main] DEBUG org.apache.http.wire -  >> "Connection: Keep-Alive[\r][\n]"
22:09:28.985 [main] DEBUG org.apache.http.wire -  >> "User-Agent: Apache-HttpClient/4.5.3 (Java/13.0.5.1)[\r][\n]"
22:09:28.985 [main] DEBUG org.apache.http.wire -  >> "Accept-Encoding: gzip,deflate[\r][\n]"
22:09:28.985 [main] DEBUG org.apache.http.wire -  >> "[\r][\n]"
22:09:28.985 [main] DEBUG org.apache.http.headers - >> GET /2?b=6&c=3 HTTP/1.1
22:09:28.985 [main] DEBUG org.apache.http.headers - >> Accept: */*
22:09:28.985 [main] DEBUG org.apache.http.headers - >> Host: localhost:8080
22:09:28.985 [main] DEBUG org.apache.http.headers - >> Connection: Keep-Alive
22:09:28.985 [main] DEBUG org.apache.http.headers - >> User-Agent: Apache-HttpClient/4.5.3 (Java/13.0.5.1)
22:09:28.985 [main] DEBUG org.apache.http.headers - >> Accept-Encoding: gzip,deflate
22:09:29.002 [main] DEBUG org.apache.http.wire -  << "HTTP/1.1 200 OK[\r][\n]"
22:09:29.002 [main] DEBUG org.apache.http.wire -  << "Server: Apache-Coyote/1.1[\r][\n]"
22:09:29.002 [main] DEBUG org.apache.http.wire -  << "Content-Type: text/plain;charset=UTF-8[\r][\n]"
22:09:29.002 [main] DEBUG org.apache.http.wire -  << "Content-Length: 6[\r][\n]"
22:09:29.002 [main] DEBUG org.apache.http.wire -  << "Date: Sun, 07 Feb 2021 21:09:28 GMT[\r][\n]"
22:09:29.002 [main] DEBUG org.apache.http.wire -  << "[\r][\n]"
22:09:29.002 [main] DEBUG o.a.h.i.conn.DefaultClientConnection - Receiving response: HTTP/1.1 200 OK
22:09:29.002 [main] DEBUG org.apache.http.headers - << HTTP/1.1 200 OK
22:09:29.002 [main] DEBUG org.apache.http.headers - << Server: Apache-Coyote/1.1
22:09:29.002 [main] DEBUG org.apache.http.headers - << Content-Type: text/plain;charset=UTF-8
22:09:29.002 [main] DEBUG org.apache.http.headers - << Content-Length: 6
22:09:29.002 [main] DEBUG org.apache.http.headers - << Date: Sun, 07 Feb 2021 21:09:28 GMT
22:09:29.002 [main] DEBUG o.a.h.impl.client.DefaultHttpClient - Connection can be kept alive indefinitely
22:09:29.002 [main] DEBUG i.r.i.RequestSpecificationImpl$RestAssuredHttpBuilder - Parsing response as: text/plain;charset=UTF-8
22:09:29.002 [main] DEBUG i.r.i.RequestSpecificationImpl$RestAssuredHttpBuilder - Parsed data to instance of: class org.apache.http.conn.EofSensorInputStream
22:09:29.003 [main] DEBUG org.apache.http.wire -  << "b:1500"
22:09:29.003 [main] DEBUG o.a.h.i.c.BasicClientConnectionManager - Releasing connection org.apache.http.impl.conn.ManagedClientConnectionImpl@2b148329
22:09:29.003 [main] DEBUG o.a.h.i.c.BasicClientConnectionManager - Connection can be kept alive indefinitely
22:09:29.007 [main] DEBUG o.a.h.i.c.BasicClientConnectionManager - Get connection for route {}->http://localhost:8080
22:09:29.007 [main] DEBUG o.a.h.i.c.DefaultClientConnectionOperator - Connecting to localhost:8080
22:09:29.008 [main] DEBUG o.a.h.c.protocol.RequestAddCookies - CookieSpec selected: ignoreCookies
22:09:29.008 [main] DEBUG o.a.h.c.protocol.RequestAuthCache - Auth cache not set in the context
22:09:29.008 [main] DEBUG o.a.h.c.p.RequestTargetAuthentication - Target auth state: UNCHALLENGED
22:09:29.008 [main] DEBUG o.a.h.c.p.RequestProxyAuthentication - Proxy auth state: UNCHALLENGED
22:09:29.008 [main] DEBUG o.a.h.impl.client.DefaultHttpClient - Attempt 1 to execute request
22:09:29.008 [main] DEBUG o.a.h.i.conn.DefaultClientConnection - Sending request: GET /2?b=6&c=3 HTTP/1.1
22:09:29.008 [main] DEBUG org.apache.http.wire -  >> "GET /2?b=6&c=3 HTTP/1.1[\r][\n]"
22:09:29.008 [main] DEBUG org.apache.http.wire -  >> "Accept: */*[\r][\n]"
22:09:29.008 [main] DEBUG org.apache.http.wire -  >> "Host: localhost:8080[\r][\n]"
22:09:29.008 [main] DEBUG org.apache.http.wire -  >> "Connection: Keep-Alive[\r][\n]"
22:09:29.008 [main] DEBUG org.apache.http.wire -  >> "User-Agent: Apache-HttpClient/4.5.3 (Java/13.0.5.1)[\r][\n]"
22:09:29.008 [main] DEBUG org.apache.http.wire -  >> "Accept-Encoding: gzip,deflate[\r][\n]"
22:09:29.008 [main] DEBUG org.apache.http.wire -  >> "[\r][\n]"
22:09:29.008 [main] DEBUG org.apache.http.headers - >> GET /2?b=6&c=3 HTTP/1.1
22:09:29.008 [main] DEBUG org.apache.http.headers - >> Accept: */*
22:09:29.008 [main] DEBUG org.apache.http.headers - >> Host: localhost:8080
22:09:29.009 [main] DEBUG org.apache.http.headers - >> Connection: Keep-Alive
22:09:29.009 [main] DEBUG org.apache.http.headers - >> User-Agent: Apache-HttpClient/4.5.3 (Java/13.0.5.1)
22:09:29.009 [main] DEBUG org.apache.http.headers - >> Accept-Encoding: gzip,deflate
22:09:29.027 [main] DEBUG org.apache.http.wire -  << "HTTP/1.1 200 OK[\r][\n]"
22:09:29.027 [main] DEBUG org.apache.http.wire -  << "Server: Apache-Coyote/1.1[\r][\n]"
22:09:29.027 [main] DEBUG org.apache.http.wire -  << "Content-Type: text/plain;charset=UTF-8[\r][\n]"
22:09:29.027 [main] DEBUG org.apache.http.wire -  << "Content-Length: 6[\r][\n]"
22:09:29.027 [main] DEBUG org.apache.http.wire -  << "Date: Sun, 07 Feb 2021 21:09:28 GMT[\r][\n]"
22:09:29.027 [main] DEBUG org.apache.http.wire -  << "[\r][\n]"
22:09:29.027 [main] DEBUG o.a.h.i.conn.DefaultClientConnection - Receiving response: HTTP/1.1 200 OK
22:09:29.027 [main] DEBUG org.apache.http.headers - << HTTP/1.1 200 OK
22:09:29.027 [main] DEBUG org.apache.http.headers - << Server: Apache-Coyote/1.1
22:09:29.027 [main] DEBUG org.apache.http.headers - << Content-Type: text/plain;charset=UTF-8
22:09:29.027 [main] DEBUG org.apache.http.headers - << Content-Length: 6
22:09:29.027 [main] DEBUG org.apache.http.headers - << Date: Sun, 07 Feb 2021 21:09:28 GMT
22:09:29.027 [main] DEBUG o.a.h.impl.client.DefaultHttpClient - Connection can be kept alive indefinitely
22:09:29.028 [main] DEBUG i.r.i.RequestSpecificationImpl$RestAssuredHttpBuilder - Parsing response as: text/plain;charset=UTF-8
22:09:29.028 [main] DEBUG i.r.i.RequestSpecificationImpl$RestAssuredHttpBuilder - Parsed data to instance of: class org.apache.http.conn.EofSensorInputStream
22:09:29.028 [main] DEBUG org.apache.http.wire -  << "b:1500"
22:09:29.028 [main] DEBUG o.a.h.i.c.BasicClientConnectionManager - Releasing connection org.apache.http.impl.conn.ManagedClientConnectionImpl@77db3d02
22:09:29.028 [main] DEBUG o.a.h.i.c.BasicClientConnectionManager - Connection can be kept alive indefinitely
22:09:29.031 [main] DEBUG o.a.h.i.c.BasicClientConnectionManager - Get connection for route {}->http://localhost:8080
22:09:29.031 [main] DEBUG o.a.h.i.c.DefaultClientConnectionOperator - Connecting to localhost:8080
22:09:29.031 [main] DEBUG o.a.h.c.protocol.RequestAddCookies - CookieSpec selected: ignoreCookies
22:09:29.031 [main] DEBUG o.a.h.c.protocol.RequestAuthCache - Auth cache not set in the context
22:09:29.032 [main] DEBUG o.a.h.c.p.RequestTargetAuthentication - Target auth state: UNCHALLENGED
22:09:29.032 [main] DEBUG o.a.h.c.p.RequestProxyAuthentication - Proxy auth state: UNCHALLENGED
22:09:29.032 [main] DEBUG o.a.h.impl.client.DefaultHttpClient - Attempt 1 to execute request
22:09:29.032 [main] DEBUG o.a.h.i.conn.DefaultClientConnection - Sending request: GET /2?b=6&c=3 HTTP/1.1
22:09:29.032 [main] DEBUG org.apache.http.wire -  >> "GET /2?b=6&c=3 HTTP/1.1[\r][\n]"
22:09:29.032 [main] DEBUG org.apache.http.wire -  >> "Accept: */*[\r][\n]"
22:09:29.032 [main] DEBUG org.apache.http.wire -  >> "Host: localhost:8080[\r][\n]"
22:09:29.032 [main] DEBUG org.apache.http.wire -  >> "Connection: Keep-Alive[\r][\n]"
22:09:29.032 [main] DEBUG org.apache.http.wire -  >> "User-Agent: Apache-HttpClient/4.5.3 (Java/13.0.5.1)[\r][\n]"
22:09:29.032 [main] DEBUG org.apache.http.wire -  >> "Accept-Encoding: gzip,deflate[\r][\n]"
22:09:29.032 [main] DEBUG org.apache.http.wire -  >> "[\r][\n]"
22:09:29.032 [main] DEBUG org.apache.http.headers - >> GET /2?b=6&c=3 HTTP/1.1
22:09:29.032 [main] DEBUG org.apache.http.headers - >> Accept: */*
22:09:29.032 [main] DEBUG org.apache.http.headers - >> Host: localhost:8080
22:09:29.032 [main] DEBUG org.apache.http.headers - >> Connection: Keep-Alive
22:09:29.032 [main] DEBUG org.apache.http.headers - >> User-Agent: Apache-HttpClient/4.5.3 (Java/13.0.5.1)
22:09:29.032 [main] DEBUG org.apache.http.headers - >> Accept-Encoding: gzip,deflate
22:09:29.048 [main] DEBUG org.apache.http.wire -  << "HTTP/1.1 200 OK[\r][\n]"
22:09:29.048 [main] DEBUG org.apache.http.wire -  << "Server: Apache-Coyote/1.1[\r][\n]"
22:09:29.048 [main] DEBUG org.apache.http.wire -  << "Content-Type: text/plain;charset=UTF-8[\r][\n]"
22:09:29.048 [main] DEBUG org.apache.http.wire -  << "Content-Length: 6[\r][\n]"
22:09:29.048 [main] DEBUG org.apache.http.wire -  << "Date: Sun, 07 Feb 2021 21:09:29 GMT[\r][\n]"
22:09:29.048 [main] DEBUG org.apache.http.wire -  << "[\r][\n]"
22:09:29.048 [main] DEBUG o.a.h.i.conn.DefaultClientConnection - Receiving response: HTTP/1.1 200 OK
22:09:29.048 [main] DEBUG org.apache.http.headers - << HTTP/1.1 200 OK
22:09:29.048 [main] DEBUG org.apache.http.headers - << Server: Apache-Coyote/1.1
22:09:29.048 [main] DEBUG org.apache.http.headers - << Content-Type: text/plain;charset=UTF-8
22:09:29.048 [main] DEBUG org.apache.http.headers - << Content-Length: 6
22:09:29.048 [main] DEBUG org.apache.http.headers - << Date: Sun, 07 Feb 2021 21:09:29 GMT
22:09:29.048 [main] DEBUG o.a.h.impl.client.DefaultHttpClient - Connection can be kept alive indefinitely
22:09:29.049 [main] DEBUG i.r.i.RequestSpecificationImpl$RestAssuredHttpBuilder - Parsing response as: text/plain;charset=UTF-8
22:09:29.049 [main] DEBUG i.r.i.RequestSpecificationImpl$RestAssuredHttpBuilder - Parsed data to instance of: class org.apache.http.conn.EofSensorInputStream
22:09:29.050 [main] DEBUG org.apache.http.wire -  << "b:1500"
22:09:29.050 [main] DEBUG o.a.h.i.c.BasicClientConnectionManager - Releasing connection org.apache.http.impl.conn.ManagedClientConnectionImpl@6bedd4e4
22:09:29.050 [main] DEBUG o.a.h.i.c.BasicClientConnectionManager - Connection can be kept alive indefinitely
22:09:29.053 [main] DEBUG o.a.h.i.c.BasicClientConnectionManager - Get connection for route {}->http://localhost:8080
22:09:29.054 [main] DEBUG o.a.h.i.c.DefaultClientConnectionOperator - Connecting to localhost:8080
22:09:29.054 [main] DEBUG o.a.h.c.protocol.RequestAddCookies - CookieSpec selected: ignoreCookies
22:09:29.054 [main] DEBUG o.a.h.c.protocol.RequestAuthCache - Auth cache not set in the context
22:09:29.054 [main] DEBUG o.a.h.c.p.RequestTargetAuthentication - Target auth state: UNCHALLENGED
22:09:29.054 [main] DEBUG o.a.h.c.p.RequestProxyAuthentication - Proxy auth state: UNCHALLENGED
22:09:29.054 [main] DEBUG o.a.h.impl.client.DefaultHttpClient - Attempt 1 to execute request
22:09:29.054 [main] DEBUG o.a.h.i.conn.DefaultClientConnection - Sending request: GET /2?b=6&c=3 HTTP/1.1
22:09:29.054 [main] DEBUG org.apache.http.wire -  >> "GET /2?b=6&c=3 HTTP/1.1[\r][\n]"
22:09:29.054 [main] DEBUG org.apache.http.wire -  >> "Accept: */*[\r][\n]"
22:09:29.054 [main] DEBUG org.apache.http.wire -  >> "Host: localhost:8080[\r][\n]"
22:09:29.054 [main] DEBUG org.apache.http.wire -  >> "Connection: Keep-Alive[\r][\n]"
22:09:29.054 [main] DEBUG org.apache.http.wire -  >> "User-Agent: Apache-HttpClient/4.5.3 (Java/13.0.5.1)[\r][\n]"
22:09:29.054 [main] DEBUG org.apache.http.wire -  >> "Accept-Encoding: gzip,deflate[\r][\n]"
22:09:29.054 [main] DEBUG org.apache.http.wire -  >> "[\r][\n]"
22:09:29.054 [main] DEBUG org.apache.http.headers - >> GET /2?b=6&c=3 HTTP/1.1
22:09:29.054 [main] DEBUG org.apache.http.headers - >> Accept: */*
22:09:29.054 [main] DEBUG org.apache.http.headers - >> Host: localhost:8080
22:09:29.054 [main] DEBUG org.apache.http.headers - >> Connection: Keep-Alive
22:09:29.054 [main] DEBUG org.apache.http.headers - >> User-Agent: Apache-HttpClient/4.5.3 (Java/13.0.5.1)
22:09:29.054 [main] DEBUG org.apache.http.headers - >> Accept-Encoding: gzip,deflate
22:09:29.070 [main] DEBUG org.apache.http.wire -  << "HTTP/1.1 200 OK[\r][\n]"
22:09:29.070 [main] DEBUG org.apache.http.wire -  << "Server: Apache-Coyote/1.1[\r][\n]"
22:09:29.070 [main] DEBUG org.apache.http.wire -  << "Content-Type: text/plain;charset=UTF-8[\r][\n]"
22:09:29.070 [main] DEBUG org.apache.http.wire -  << "Content-Length: 6[\r][\n]"
22:09:29.070 [main] DEBUG org.apache.http.wire -  << "Date: Sun, 07 Feb 2021 21:09:29 GMT[\r][\n]"
22:09:29.070 [main] DEBUG org.apache.http.wire -  << "[\r][\n]"
22:09:29.070 [main] DEBUG o.a.h.i.conn.DefaultClientConnection - Receiving response: HTTP/1.1 200 OK
22:09:29.070 [main] DEBUG org.apache.http.headers - << HTTP/1.1 200 OK
22:09:29.070 [main] DEBUG org.apache.http.headers - << Server: Apache-Coyote/1.1
22:09:29.070 [main] DEBUG org.apache.http.headers - << Content-Type: text/plain;charset=UTF-8
22:09:29.070 [main] DEBUG org.apache.http.headers - << Content-Length: 6
22:09:29.070 [main] DEBUG org.apache.http.headers - << Date: Sun, 07 Feb 2021 21:09:29 GMT
22:09:29.070 [main] DEBUG o.a.h.impl.client.DefaultHttpClient - Connection can be kept alive indefinitely
22:09:29.070 [main] DEBUG i.r.i.RequestSpecificationImpl$RestAssuredHttpBuilder - Parsing response as: text/plain;charset=UTF-8
22:09:29.070 [main] DEBUG i.r.i.RequestSpecificationImpl$RestAssuredHttpBuilder - Parsed data to instance of: class org.apache.http.conn.EofSensorInputStream
22:09:29.071 [main] DEBUG org.apache.http.wire -  << "b:1500"
22:09:29.071 [main] DEBUG o.a.h.i.c.BasicClientConnectionManager - Releasing connection org.apache.http.impl.conn.ManagedClientConnectionImpl@3850e90c
22:09:29.071 [main] DEBUG o.a.h.i.c.BasicClientConnectionManager - Connection can be kept alive indefinitely
22:09:29.073 [main] DEBUG o.a.h.i.c.BasicClientConnectionManager - Get connection for route {}->http://localhost:8080
22:09:29.073 [main] DEBUG o.a.h.i.c.DefaultClientConnectionOperator - Connecting to localhost:8080
22:09:29.073 [main] DEBUG o.a.h.c.protocol.RequestAddCookies - CookieSpec selected: ignoreCookies
22:09:29.073 [main] DEBUG o.a.h.c.protocol.RequestAuthCache - Auth cache not set in the context
22:09:29.073 [main] DEBUG o.a.h.c.p.RequestTargetAuthentication - Target auth state: UNCHALLENGED
22:09:29.073 [main] DEBUG o.a.h.c.p.RequestProxyAuthentication - Proxy auth state: UNCHALLENGED
22:09:29.073 [main] DEBUG o.a.h.impl.client.DefaultHttpClient - Attempt 1 to execute request
22:09:29.074 [main] DEBUG o.a.h.i.conn.DefaultClientConnection - Sending request: GET /2?b=6&c=3 HTTP/1.1
22:09:29.074 [main] DEBUG org.apache.http.wire -  >> "GET /2?b=6&c=3 HTTP/1.1[\r][\n]"
22:09:29.074 [main] DEBUG org.apache.http.wire -  >> "Accept: */*[\r][\n]"
22:09:29.074 [main] DEBUG org.apache.http.wire -  >> "Host: localhost:8080[\r][\n]"
22:09:29.074 [main] DEBUG org.apache.http.wire -  >> "Connection: Keep-Alive[\r][\n]"
22:09:29.074 [main] DEBUG org.apache.http.wire -  >> "User-Agent: Apache-HttpClient/4.5.3 (Java/13.0.5.1)[\r][\n]"
22:09:29.074 [main] DEBUG org.apache.http.wire -  >> "Accept-Encoding: gzip,deflate[\r][\n]"
22:09:29.074 [main] DEBUG org.apache.http.wire -  >> "[\r][\n]"
22:09:29.074 [main] DEBUG org.apache.http.headers - >> GET /2?b=6&c=3 HTTP/1.1
22:09:29.074 [main] DEBUG org.apache.http.headers - >> Accept: */*
22:09:29.074 [main] DEBUG org.apache.http.headers - >> Host: localhost:8080
22:09:29.074 [main] DEBUG org.apache.http.headers - >> Connection: Keep-Alive
22:09:29.074 [main] DEBUG org.apache.http.headers - >> User-Agent: Apache-HttpClient/4.5.3 (Java/13.0.5.1)
22:09:29.074 [main] DEBUG org.apache.http.headers - >> Accept-Encoding: gzip,deflate
22:09:29.094 [main] DEBUG org.apache.http.wire -  << "HTTP/1.1 200 OK[\r][\n]"
22:09:29.094 [main] DEBUG org.apache.http.wire -  << "Server: Apache-Coyote/1.1[\r][\n]"
22:09:29.094 [main] DEBUG org.apache.http.wire -  << "Content-Type: text/plain;charset=UTF-8[\r][\n]"
22:09:29.094 [main] DEBUG org.apache.http.wire -  << "Content-Length: 6[\r][\n]"
22:09:29.094 [main] DEBUG org.apache.http.wire -  << "Date: Sun, 07 Feb 2021 21:09:29 GMT[\r][\n]"
22:09:29.094 [main] DEBUG org.apache.http.wire -  << "[\r][\n]"
22:09:29.094 [main] DEBUG o.a.h.i.conn.DefaultClientConnection - Receiving response: HTTP/1.1 200 OK
22:09:29.094 [main] DEBUG org.apache.http.headers - << HTTP/1.1 200 OK
22:09:29.094 [main] DEBUG org.apache.http.headers - << Server: Apache-Coyote/1.1
22:09:29.094 [main] DEBUG org.apache.http.headers - << Content-Type: text/plain;charset=UTF-8
22:09:29.094 [main] DEBUG org.apache.http.headers - << Content-Length: 6
22:09:29.094 [main] DEBUG org.apache.http.headers - << Date: Sun, 07 Feb 2021 21:09:29 GMT
22:09:29.094 [main] DEBUG o.a.h.impl.client.DefaultHttpClient - Connection can be kept alive indefinitely
22:09:29.095 [main] DEBUG i.r.i.RequestSpecificationImpl$RestAssuredHttpBuilder - Parsing response as: text/plain;charset=UTF-8
22:09:29.095 [main] DEBUG i.r.i.RequestSpecificationImpl$RestAssuredHttpBuilder - Parsed data to instance of: class org.apache.http.conn.EofSensorInputStream
22:09:29.095 [main] DEBUG org.apache.http.wire -  << "b:1500"
22:09:29.095 [main] DEBUG o.a.h.i.c.BasicClientConnectionManager - Releasing connection org.apache.http.impl.conn.ManagedClientConnectionImpl@3878be7b
22:09:29.095 [main] DEBUG o.a.h.i.c.BasicClientConnectionManager - Connection can be kept alive indefinitely
22:09:29.099 [main] DEBUG o.a.h.i.c.BasicClientConnectionManager - Get connection for route {}->http://localhost:8080
22:09:29.099 [main] DEBUG o.a.h.i.c.DefaultClientConnectionOperator - Connecting to localhost:8080
22:09:29.099 [main] DEBUG o.a.h.c.protocol.RequestAddCookies - CookieSpec selected: ignoreCookies
22:09:29.099 [main] DEBUG o.a.h.c.protocol.RequestAuthCache - Auth cache not set in the context
22:09:29.099 [main] DEBUG o.a.h.c.p.RequestTargetAuthentication - Target auth state: UNCHALLENGED
22:09:29.099 [main] DEBUG o.a.h.c.p.RequestProxyAuthentication - Proxy auth state: UNCHALLENGED
22:09:29.099 [main] DEBUG o.a.h.impl.client.DefaultHttpClient - Attempt 1 to execute request
22:09:29.099 [main] DEBUG o.a.h.i.conn.DefaultClientConnection - Sending request: GET /2?b=6&c=3 HTTP/1.1
22:09:29.100 [main] DEBUG org.apache.http.wire -  >> "GET /2?b=6&c=3 HTTP/1.1[\r][\n]"
22:09:29.100 [main] DEBUG org.apache.http.wire -  >> "Accept: */*[\r][\n]"
22:09:29.100 [main] DEBUG org.apache.http.wire -  >> "Host: localhost:8080[\r][\n]"
22:09:29.100 [main] DEBUG org.apache.http.wire -  >> "Connection: Keep-Alive[\r][\n]"
22:09:29.100 [main] DEBUG org.apache.http.wire -  >> "User-Agent: Apache-HttpClient/4.5.3 (Java/13.0.5.1)[\r][\n]"
22:09:29.100 [main] DEBUG org.apache.http.wire -  >> "Accept-Encoding: gzip,deflate[\r][\n]"
22:09:29.100 [main] DEBUG org.apache.http.wire -  >> "[\r][\n]"
22:09:29.100 [main] DEBUG org.apache.http.headers - >> GET /2?b=6&c=3 HTTP/1.1
22:09:29.100 [main] DEBUG org.apache.http.headers - >> Accept: */*
22:09:29.100 [main] DEBUG org.apache.http.headers - >> Host: localhost:8080
22:09:29.100 [main] DEBUG org.apache.http.headers - >> Connection: Keep-Alive
22:09:29.100 [main] DEBUG org.apache.http.headers - >> User-Agent: Apache-HttpClient/4.5.3 (Java/13.0.5.1)
22:09:29.100 [main] DEBUG org.apache.http.headers - >> Accept-Encoding: gzip,deflate
22:09:29.117 [main] DEBUG org.apache.http.wire -  << "HTTP/1.1 200 OK[\r][\n]"
22:09:29.117 [main] DEBUG org.apache.http.wire -  << "Server: Apache-Coyote/1.1[\r][\n]"
22:09:29.117 [main] DEBUG org.apache.http.wire -  << "Content-Type: text/plain;charset=UTF-8[\r][\n]"
22:09:29.117 [main] DEBUG org.apache.http.wire -  << "Content-Length: 6[\r][\n]"
22:09:29.117 [main] DEBUG org.apache.http.wire -  << "Date: Sun, 07 Feb 2021 21:09:29 GMT[\r][\n]"
22:09:29.117 [main] DEBUG org.apache.http.wire -  << "[\r][\n]"
22:09:29.117 [main] DEBUG o.a.h.i.conn.DefaultClientConnection - Receiving response: HTTP/1.1 200 OK
22:09:29.117 [main] DEBUG org.apache.http.headers - << HTTP/1.1 200 OK
22:09:29.117 [main] DEBUG org.apache.http.headers - << Server: Apache-Coyote/1.1
22:09:29.117 [main] DEBUG org.apache.http.headers - << Content-Type: text/plain;charset=UTF-8
22:09:29.117 [main] DEBUG org.apache.http.headers - << Content-Length: 6
22:09:29.117 [main] DEBUG org.apache.http.headers - << Date: Sun, 07 Feb 2021 21:09:29 GMT
22:09:29.117 [main] DEBUG o.a.h.impl.client.DefaultHttpClient - Connection can be kept alive indefinitely
22:09:29.117 [main] DEBUG i.r.i.RequestSpecificationImpl$RestAssuredHttpBuilder - Parsing response as: text/plain;charset=UTF-8
22:09:29.117 [main] DEBUG i.r.i.RequestSpecificationImpl$RestAssuredHttpBuilder - Parsed data to instance of: class org.apache.http.conn.EofSensorInputStream
22:09:29.118 [main] DEBUG org.apache.http.wire -  << "b:1500"
22:09:29.118 [main] DEBUG o.a.h.i.c.BasicClientConnectionManager - Releasing connection org.apache.http.impl.conn.ManagedClientConnectionImpl@321ca237
22:09:29.118 [main] DEBUG o.a.h.i.c.BasicClientConnectionManager - Connection can be kept alive indefinitely
str = bbbbbbbbbbbbbbbbbbbbbbbbbbbbbbbbbbbbbbbbbbbbbbbbbb
]]></system-out>
  </testcase>
  <testcase name="GET the winner and verify - 2 Same Highest Bids - 2 Query Parameters - Verify Random Selection #3" classname="User should be able to get the winner" time="1.269">
    <failure message="Verify that bidder is chosen randomly as c or b" type="java.lang.AssertionError">java.lang.AssertionError: Verify that bidder is chosen randomly as c or b
</failure>
    <system-out><![CDATA[22:09:29.129 [main] DEBUG o.a.h.i.c.BasicClientConnectionManager - Get connection for route {}->http://localhost:8080
22:09:29.129 [main] DEBUG o.a.h.i.c.DefaultClientConnectionOperator - Connecting to localhost:8080
22:09:29.131 [main] DEBUG o.a.h.c.protocol.RequestAddCookies - CookieSpec selected: ignoreCookies
22:09:29.131 [main] DEBUG o.a.h.c.protocol.RequestAuthCache - Auth cache not set in the context
22:09:29.131 [main] DEBUG o.a.h.c.p.RequestTargetAuthentication - Target auth state: UNCHALLENGED
22:09:29.131 [main] DEBUG o.a.h.c.p.RequestProxyAuthentication - Proxy auth state: UNCHALLENGED
22:09:29.131 [main] DEBUG o.a.h.impl.client.DefaultHttpClient - Attempt 1 to execute request
22:09:29.131 [main] DEBUG o.a.h.i.conn.DefaultClientConnection - Sending request: GET /3?c=2&b=4 HTTP/1.1
22:09:29.131 [main] DEBUG org.apache.http.wire -  >> "GET /3?c=2&b=4 HTTP/1.1[\r][\n]"
22:09:29.131 [main] DEBUG org.apache.http.wire -  >> "Accept: */*[\r][\n]"
22:09:29.131 [main] DEBUG org.apache.http.wire -  >> "Host: localhost:8080[\r][\n]"
22:09:29.131 [main] DEBUG org.apache.http.wire -  >> "Connection: Keep-Alive[\r][\n]"
22:09:29.131 [main] DEBUG org.apache.http.wire -  >> "User-Agent: Apache-HttpClient/4.5.3 (Java/13.0.5.1)[\r][\n]"
22:09:29.131 [main] DEBUG org.apache.http.wire -  >> "Accept-Encoding: gzip,deflate[\r][\n]"
22:09:29.131 [main] DEBUG org.apache.http.wire -  >> "[\r][\n]"
22:09:29.131 [main] DEBUG org.apache.http.headers - >> GET /3?c=2&b=4 HTTP/1.1
22:09:29.131 [main] DEBUG org.apache.http.headers - >> Accept: */*
22:09:29.131 [main] DEBUG org.apache.http.headers - >> Host: localhost:8080
22:09:29.131 [main] DEBUG org.apache.http.headers - >> Connection: Keep-Alive
22:09:29.131 [main] DEBUG org.apache.http.headers - >> User-Agent: Apache-HttpClient/4.5.3 (Java/13.0.5.1)
22:09:29.131 [main] DEBUG org.apache.http.headers - >> Accept-Encoding: gzip,deflate
22:09:29.157 [main] DEBUG org.apache.http.wire -  << "HTTP/1.1 200 OK[\r][\n]"
22:09:29.157 [main] DEBUG org.apache.http.wire -  << "Server: Apache-Coyote/1.1[\r][\n]"
22:09:29.157 [main] DEBUG org.apache.http.wire -  << "Content-Type: text/plain;charset=UTF-8[\r][\n]"
22:09:29.157 [main] DEBUG org.apache.http.wire -  << "Content-Length: 6[\r][\n]"
22:09:29.157 [main] DEBUG org.apache.http.wire -  << "Date: Sun, 07 Feb 2021 21:09:29 GMT[\r][\n]"
22:09:29.157 [main] DEBUG org.apache.http.wire -  << "[\r][\n]"
22:09:29.157 [main] DEBUG o.a.h.i.conn.DefaultClientConnection - Receiving response: HTTP/1.1 200 OK
22:09:29.157 [main] DEBUG org.apache.http.headers - << HTTP/1.1 200 OK
22:09:29.157 [main] DEBUG org.apache.http.headers - << Server: Apache-Coyote/1.1
22:09:29.157 [main] DEBUG org.apache.http.headers - << Content-Type: text/plain;charset=UTF-8
22:09:29.157 [main] DEBUG org.apache.http.headers - << Content-Length: 6
22:09:29.157 [main] DEBUG org.apache.http.headers - << Date: Sun, 07 Feb 2021 21:09:29 GMT
22:09:29.157 [main] DEBUG o.a.h.impl.client.DefaultHttpClient - Connection can be kept alive indefinitely
22:09:29.158 [main] DEBUG i.r.i.RequestSpecificationImpl$RestAssuredHttpBuilder - Parsing response as: text/plain;charset=UTF-8
22:09:29.158 [main] DEBUG i.r.i.RequestSpecificationImpl$RestAssuredHttpBuilder - Parsed data to instance of: class org.apache.http.conn.EofSensorInputStream
22:09:29.158 [main] DEBUG org.apache.http.wire -  << "b:1000"
22:09:29.158 [main] DEBUG o.a.h.i.c.BasicClientConnectionManager - Releasing connection org.apache.http.impl.conn.ManagedClientConnectionImpl@516592b1
22:09:29.158 [main] DEBUG o.a.h.i.c.BasicClientConnectionManager - Connection can be kept alive indefinitely
22:09:29.162 [main] DEBUG o.a.h.i.c.BasicClientConnectionManager - Get connection for route {}->http://localhost:8080
22:09:29.162 [main] DEBUG o.a.h.i.c.DefaultClientConnectionOperator - Connecting to localhost:8080
22:09:29.163 [main] DEBUG o.a.h.c.protocol.RequestAddCookies - CookieSpec selected: ignoreCookies
22:09:29.163 [main] DEBUG o.a.h.c.protocol.RequestAuthCache - Auth cache not set in the context
22:09:29.163 [main] DEBUG o.a.h.c.p.RequestTargetAuthentication - Target auth state: UNCHALLENGED
22:09:29.163 [main] DEBUG o.a.h.c.p.RequestProxyAuthentication - Proxy auth state: UNCHALLENGED
22:09:29.163 [main] DEBUG o.a.h.impl.client.DefaultHttpClient - Attempt 1 to execute request
22:09:29.163 [main] DEBUG o.a.h.i.conn.DefaultClientConnection - Sending request: GET /3?c=2&b=4 HTTP/1.1
22:09:29.163 [main] DEBUG org.apache.http.wire -  >> "GET /3?c=2&b=4 HTTP/1.1[\r][\n]"
22:09:29.163 [main] DEBUG org.apache.http.wire -  >> "Accept: */*[\r][\n]"
22:09:29.163 [main] DEBUG org.apache.http.wire -  >> "Host: localhost:8080[\r][\n]"
22:09:29.163 [main] DEBUG org.apache.http.wire -  >> "Connection: Keep-Alive[\r][\n]"
22:09:29.163 [main] DEBUG org.apache.http.wire -  >> "User-Agent: Apache-HttpClient/4.5.3 (Java/13.0.5.1)[\r][\n]"
22:09:29.163 [main] DEBUG org.apache.http.wire -  >> "Accept-Encoding: gzip,deflate[\r][\n]"
22:09:29.163 [main] DEBUG org.apache.http.wire -  >> "[\r][\n]"
22:09:29.163 [main] DEBUG org.apache.http.headers - >> GET /3?c=2&b=4 HTTP/1.1
22:09:29.163 [main] DEBUG org.apache.http.headers - >> Accept: */*
22:09:29.163 [main] DEBUG org.apache.http.headers - >> Host: localhost:8080
22:09:29.163 [main] DEBUG org.apache.http.headers - >> Connection: Keep-Alive
22:09:29.163 [main] DEBUG org.apache.http.headers - >> User-Agent: Apache-HttpClient/4.5.3 (Java/13.0.5.1)
22:09:29.163 [main] DEBUG org.apache.http.headers - >> Accept-Encoding: gzip,deflate
22:09:29.185 [main] DEBUG org.apache.http.wire -  << "HTTP/1.1 200 OK[\r][\n]"
22:09:29.185 [main] DEBUG org.apache.http.wire -  << "Server: Apache-Coyote/1.1[\r][\n]"
22:09:29.185 [main] DEBUG org.apache.http.wire -  << "Content-Type: text/plain;charset=UTF-8[\r][\n]"
22:09:29.185 [main] DEBUG org.apache.http.wire -  << "Content-Length: 6[\r][\n]"
22:09:29.185 [main] DEBUG org.apache.http.wire -  << "Date: Sun, 07 Feb 2021 21:09:29 GMT[\r][\n]"
22:09:29.185 [main] DEBUG org.apache.http.wire -  << "[\r][\n]"
22:09:29.185 [main] DEBUG o.a.h.i.conn.DefaultClientConnection - Receiving response: HTTP/1.1 200 OK
22:09:29.185 [main] DEBUG org.apache.http.headers - << HTTP/1.1 200 OK
22:09:29.185 [main] DEBUG org.apache.http.headers - << Server: Apache-Coyote/1.1
22:09:29.185 [main] DEBUG org.apache.http.headers - << Content-Type: text/plain;charset=UTF-8
22:09:29.185 [main] DEBUG org.apache.http.headers - << Content-Length: 6
22:09:29.185 [main] DEBUG org.apache.http.headers - << Date: Sun, 07 Feb 2021 21:09:29 GMT
22:09:29.185 [main] DEBUG o.a.h.impl.client.DefaultHttpClient - Connection can be kept alive indefinitely
22:09:29.185 [main] DEBUG i.r.i.RequestSpecificationImpl$RestAssuredHttpBuilder - Parsing response as: text/plain;charset=UTF-8
22:09:29.185 [main] DEBUG i.r.i.RequestSpecificationImpl$RestAssuredHttpBuilder - Parsed data to instance of: class org.apache.http.conn.EofSensorInputStream
22:09:29.186 [main] DEBUG org.apache.http.wire -  << "b:1000"
22:09:29.186 [main] DEBUG o.a.h.i.c.BasicClientConnectionManager - Releasing connection org.apache.http.impl.conn.ManagedClientConnectionImpl@399ca607
22:09:29.186 [main] DEBUG o.a.h.i.c.BasicClientConnectionManager - Connection can be kept alive indefinitely
22:09:29.190 [main] DEBUG o.a.h.i.c.BasicClientConnectionManager - Get connection for route {}->http://localhost:8080
22:09:29.190 [main] DEBUG o.a.h.i.c.DefaultClientConnectionOperator - Connecting to localhost:8080
22:09:29.190 [main] DEBUG o.a.h.c.protocol.RequestAddCookies - CookieSpec selected: ignoreCookies
22:09:29.191 [main] DEBUG o.a.h.c.protocol.RequestAuthCache - Auth cache not set in the context
22:09:29.191 [main] DEBUG o.a.h.c.p.RequestTargetAuthentication - Target auth state: UNCHALLENGED
22:09:29.191 [main] DEBUG o.a.h.c.p.RequestProxyAuthentication - Proxy auth state: UNCHALLENGED
22:09:29.191 [main] DEBUG o.a.h.impl.client.DefaultHttpClient - Attempt 1 to execute request
22:09:29.191 [main] DEBUG o.a.h.i.conn.DefaultClientConnection - Sending request: GET /3?c=2&b=4 HTTP/1.1
22:09:29.191 [main] DEBUG org.apache.http.wire -  >> "GET /3?c=2&b=4 HTTP/1.1[\r][\n]"
22:09:29.191 [main] DEBUG org.apache.http.wire -  >> "Accept: */*[\r][\n]"
22:09:29.191 [main] DEBUG org.apache.http.wire -  >> "Host: localhost:8080[\r][\n]"
22:09:29.191 [main] DEBUG org.apache.http.wire -  >> "Connection: Keep-Alive[\r][\n]"
22:09:29.191 [main] DEBUG org.apache.http.wire -  >> "User-Agent: Apache-HttpClient/4.5.3 (Java/13.0.5.1)[\r][\n]"
22:09:29.191 [main] DEBUG org.apache.http.wire -  >> "Accept-Encoding: gzip,deflate[\r][\n]"
22:09:29.191 [main] DEBUG org.apache.http.wire -  >> "[\r][\n]"
22:09:29.191 [main] DEBUG org.apache.http.headers - >> GET /3?c=2&b=4 HTTP/1.1
22:09:29.191 [main] DEBUG org.apache.http.headers - >> Accept: */*
22:09:29.191 [main] DEBUG org.apache.http.headers - >> Host: localhost:8080
22:09:29.191 [main] DEBUG org.apache.http.headers - >> Connection: Keep-Alive
22:09:29.191 [main] DEBUG org.apache.http.headers - >> User-Agent: Apache-HttpClient/4.5.3 (Java/13.0.5.1)
22:09:29.191 [main] DEBUG org.apache.http.headers - >> Accept-Encoding: gzip,deflate
22:09:29.209 [main] DEBUG org.apache.http.wire -  << "HTTP/1.1 200 OK[\r][\n]"
22:09:29.209 [main] DEBUG org.apache.http.wire -  << "Server: Apache-Coyote/1.1[\r][\n]"
22:09:29.209 [main] DEBUG org.apache.http.wire -  << "Content-Type: text/plain;charset=UTF-8[\r][\n]"
22:09:29.209 [main] DEBUG org.apache.http.wire -  << "Content-Length: 6[\r][\n]"
22:09:29.209 [main] DEBUG org.apache.http.wire -  << "Date: Sun, 07 Feb 2021 21:09:29 GMT[\r][\n]"
22:09:29.209 [main] DEBUG org.apache.http.wire -  << "[\r][\n]"
22:09:29.209 [main] DEBUG o.a.h.i.conn.DefaultClientConnection - Receiving response: HTTP/1.1 200 OK
22:09:29.209 [main] DEBUG org.apache.http.headers - << HTTP/1.1 200 OK
22:09:29.209 [main] DEBUG org.apache.http.headers - << Server: Apache-Coyote/1.1
22:09:29.209 [main] DEBUG org.apache.http.headers - << Content-Type: text/plain;charset=UTF-8
22:09:29.209 [main] DEBUG org.apache.http.headers - << Content-Length: 6
22:09:29.209 [main] DEBUG org.apache.http.headers - << Date: Sun, 07 Feb 2021 21:09:29 GMT
22:09:29.209 [main] DEBUG o.a.h.impl.client.DefaultHttpClient - Connection can be kept alive indefinitely
22:09:29.209 [main] DEBUG i.r.i.RequestSpecificationImpl$RestAssuredHttpBuilder - Parsing response as: text/plain;charset=UTF-8
22:09:29.209 [main] DEBUG i.r.i.RequestSpecificationImpl$RestAssuredHttpBuilder - Parsed data to instance of: class org.apache.http.conn.EofSensorInputStream
22:09:29.210 [main] DEBUG org.apache.http.wire -  << "b:1000"
22:09:29.210 [main] DEBUG o.a.h.i.c.BasicClientConnectionManager - Releasing connection org.apache.http.impl.conn.ManagedClientConnectionImpl@2a235b8e
22:09:29.210 [main] DEBUG o.a.h.i.c.BasicClientConnectionManager - Connection can be kept alive indefinitely
22:09:29.214 [main] DEBUG o.a.h.i.c.BasicClientConnectionManager - Get connection for route {}->http://localhost:8080
22:09:29.214 [main] DEBUG o.a.h.i.c.DefaultClientConnectionOperator - Connecting to localhost:8080
22:09:29.214 [main] DEBUG o.a.h.c.protocol.RequestAddCookies - CookieSpec selected: ignoreCookies
22:09:29.214 [main] DEBUG o.a.h.c.protocol.RequestAuthCache - Auth cache not set in the context
22:09:29.214 [main] DEBUG o.a.h.c.p.RequestTargetAuthentication - Target auth state: UNCHALLENGED
22:09:29.214 [main] DEBUG o.a.h.c.p.RequestProxyAuthentication - Proxy auth state: UNCHALLENGED
22:09:29.214 [main] DEBUG o.a.h.impl.client.DefaultHttpClient - Attempt 1 to execute request
22:09:29.214 [main] DEBUG o.a.h.i.conn.DefaultClientConnection - Sending request: GET /3?c=2&b=4 HTTP/1.1
22:09:29.214 [main] DEBUG org.apache.http.wire -  >> "GET /3?c=2&b=4 HTTP/1.1[\r][\n]"
22:09:29.214 [main] DEBUG org.apache.http.wire -  >> "Accept: */*[\r][\n]"
22:09:29.214 [main] DEBUG org.apache.http.wire -  >> "Host: localhost:8080[\r][\n]"
22:09:29.214 [main] DEBUG org.apache.http.wire -  >> "Connection: Keep-Alive[\r][\n]"
22:09:29.214 [main] DEBUG org.apache.http.wire -  >> "User-Agent: Apache-HttpClient/4.5.3 (Java/13.0.5.1)[\r][\n]"
22:09:29.214 [main] DEBUG org.apache.http.wire -  >> "Accept-Encoding: gzip,deflate[\r][\n]"
22:09:29.214 [main] DEBUG org.apache.http.wire -  >> "[\r][\n]"
22:09:29.214 [main] DEBUG org.apache.http.headers - >> GET /3?c=2&b=4 HTTP/1.1
22:09:29.214 [main] DEBUG org.apache.http.headers - >> Accept: */*
22:09:29.214 [main] DEBUG org.apache.http.headers - >> Host: localhost:8080
22:09:29.214 [main] DEBUG org.apache.http.headers - >> Connection: Keep-Alive
22:09:29.214 [main] DEBUG org.apache.http.headers - >> User-Agent: Apache-HttpClient/4.5.3 (Java/13.0.5.1)
22:09:29.214 [main] DEBUG org.apache.http.headers - >> Accept-Encoding: gzip,deflate
22:09:29.235 [main] DEBUG org.apache.http.wire -  << "HTTP/1.1 200 OK[\r][\n]"
22:09:29.235 [main] DEBUG org.apache.http.wire -  << "Server: Apache-Coyote/1.1[\r][\n]"
22:09:29.235 [main] DEBUG org.apache.http.wire -  << "Content-Type: text/plain;charset=UTF-8[\r][\n]"
22:09:29.235 [main] DEBUG org.apache.http.wire -  << "Content-Length: 6[\r][\n]"
22:09:29.235 [main] DEBUG org.apache.http.wire -  << "Date: Sun, 07 Feb 2021 21:09:29 GMT[\r][\n]"
22:09:29.235 [main] DEBUG org.apache.http.wire -  << "[\r][\n]"
22:09:29.235 [main] DEBUG o.a.h.i.conn.DefaultClientConnection - Receiving response: HTTP/1.1 200 OK
22:09:29.235 [main] DEBUG org.apache.http.headers - << HTTP/1.1 200 OK
22:09:29.235 [main] DEBUG org.apache.http.headers - << Server: Apache-Coyote/1.1
22:09:29.235 [main] DEBUG org.apache.http.headers - << Content-Type: text/plain;charset=UTF-8
22:09:29.235 [main] DEBUG org.apache.http.headers - << Content-Length: 6
22:09:29.235 [main] DEBUG org.apache.http.headers - << Date: Sun, 07 Feb 2021 21:09:29 GMT
22:09:29.235 [main] DEBUG o.a.h.impl.client.DefaultHttpClient - Connection can be kept alive indefinitely
22:09:29.236 [main] DEBUG i.r.i.RequestSpecificationImpl$RestAssuredHttpBuilder - Parsing response as: text/plain;charset=UTF-8
22:09:29.236 [main] DEBUG i.r.i.RequestSpecificationImpl$RestAssuredHttpBuilder - Parsed data to instance of: class org.apache.http.conn.EofSensorInputStream
22:09:29.236 [main] DEBUG org.apache.http.wire -  << "b:1000"
22:09:29.236 [main] DEBUG o.a.h.i.c.BasicClientConnectionManager - Releasing connection org.apache.http.impl.conn.ManagedClientConnectionImpl@363c32cc
22:09:29.236 [main] DEBUG o.a.h.i.c.BasicClientConnectionManager - Connection can be kept alive indefinitely
22:09:29.241 [main] DEBUG o.a.h.i.c.BasicClientConnectionManager - Get connection for route {}->http://localhost:8080
22:09:29.241 [main] DEBUG o.a.h.i.c.DefaultClientConnectionOperator - Connecting to localhost:8080
22:09:29.242 [main] DEBUG o.a.h.c.protocol.RequestAddCookies - CookieSpec selected: ignoreCookies
22:09:29.242 [main] DEBUG o.a.h.c.protocol.RequestAuthCache - Auth cache not set in the context
22:09:29.242 [main] DEBUG o.a.h.c.p.RequestTargetAuthentication - Target auth state: UNCHALLENGED
22:09:29.242 [main] DEBUG o.a.h.c.p.RequestProxyAuthentication - Proxy auth state: UNCHALLENGED
22:09:29.242 [main] DEBUG o.a.h.impl.client.DefaultHttpClient - Attempt 1 to execute request
22:09:29.242 [main] DEBUG o.a.h.i.conn.DefaultClientConnection - Sending request: GET /3?c=2&b=4 HTTP/1.1
22:09:29.242 [main] DEBUG org.apache.http.wire -  >> "GET /3?c=2&b=4 HTTP/1.1[\r][\n]"
22:09:29.242 [main] DEBUG org.apache.http.wire -  >> "Accept: */*[\r][\n]"
22:09:29.242 [main] DEBUG org.apache.http.wire -  >> "Host: localhost:8080[\r][\n]"
22:09:29.242 [main] DEBUG org.apache.http.wire -  >> "Connection: Keep-Alive[\r][\n]"
22:09:29.242 [main] DEBUG org.apache.http.wire -  >> "User-Agent: Apache-HttpClient/4.5.3 (Java/13.0.5.1)[\r][\n]"
22:09:29.242 [main] DEBUG org.apache.http.wire -  >> "Accept-Encoding: gzip,deflate[\r][\n]"
22:09:29.242 [main] DEBUG org.apache.http.wire -  >> "[\r][\n]"
22:09:29.242 [main] DEBUG org.apache.http.headers - >> GET /3?c=2&b=4 HTTP/1.1
22:09:29.242 [main] DEBUG org.apache.http.headers - >> Accept: */*
22:09:29.242 [main] DEBUG org.apache.http.headers - >> Host: localhost:8080
22:09:29.242 [main] DEBUG org.apache.http.headers - >> Connection: Keep-Alive
22:09:29.242 [main] DEBUG org.apache.http.headers - >> User-Agent: Apache-HttpClient/4.5.3 (Java/13.0.5.1)
22:09:29.242 [main] DEBUG org.apache.http.headers - >> Accept-Encoding: gzip,deflate
22:09:29.261 [main] DEBUG org.apache.http.wire -  << "HTTP/1.1 200 OK[\r][\n]"
22:09:29.261 [main] DEBUG org.apache.http.wire -  << "Server: Apache-Coyote/1.1[\r][\n]"
22:09:29.261 [main] DEBUG org.apache.http.wire -  << "Content-Type: text/plain;charset=UTF-8[\r][\n]"
22:09:29.261 [main] DEBUG org.apache.http.wire -  << "Content-Length: 6[\r][\n]"
22:09:29.261 [main] DEBUG org.apache.http.wire -  << "Date: Sun, 07 Feb 2021 21:09:29 GMT[\r][\n]"
22:09:29.261 [main] DEBUG org.apache.http.wire -  << "[\r][\n]"
22:09:29.261 [main] DEBUG o.a.h.i.conn.DefaultClientConnection - Receiving response: HTTP/1.1 200 OK
22:09:29.261 [main] DEBUG org.apache.http.headers - << HTTP/1.1 200 OK
22:09:29.261 [main] DEBUG org.apache.http.headers - << Server: Apache-Coyote/1.1
22:09:29.261 [main] DEBUG org.apache.http.headers - << Content-Type: text/plain;charset=UTF-8
22:09:29.261 [main] DEBUG org.apache.http.headers - << Content-Length: 6
22:09:29.261 [main] DEBUG org.apache.http.headers - << Date: Sun, 07 Feb 2021 21:09:29 GMT
22:09:29.261 [main] DEBUG o.a.h.impl.client.DefaultHttpClient - Connection can be kept alive indefinitely
22:09:29.261 [main] DEBUG i.r.i.RequestSpecificationImpl$RestAssuredHttpBuilder - Parsing response as: text/plain;charset=UTF-8
22:09:29.261 [main] DEBUG i.r.i.RequestSpecificationImpl$RestAssuredHttpBuilder - Parsed data to instance of: class org.apache.http.conn.EofSensorInputStream
22:09:29.261 [main] DEBUG org.apache.http.wire -  << "b:1000"
22:09:29.261 [main] DEBUG o.a.h.i.c.BasicClientConnectionManager - Releasing connection org.apache.http.impl.conn.ManagedClientConnectionImpl@57a6a933
22:09:29.261 [main] DEBUG o.a.h.i.c.BasicClientConnectionManager - Connection can be kept alive indefinitely
22:09:29.264 [main] DEBUG o.a.h.i.c.BasicClientConnectionManager - Get connection for route {}->http://localhost:8080
22:09:29.264 [main] DEBUG o.a.h.i.c.DefaultClientConnectionOperator - Connecting to localhost:8080
22:09:29.264 [main] DEBUG o.a.h.c.protocol.RequestAddCookies - CookieSpec selected: ignoreCookies
22:09:29.265 [main] DEBUG o.a.h.c.protocol.RequestAuthCache - Auth cache not set in the context
22:09:29.265 [main] DEBUG o.a.h.c.p.RequestTargetAuthentication - Target auth state: UNCHALLENGED
22:09:29.265 [main] DEBUG o.a.h.c.p.RequestProxyAuthentication - Proxy auth state: UNCHALLENGED
22:09:29.265 [main] DEBUG o.a.h.impl.client.DefaultHttpClient - Attempt 1 to execute request
22:09:29.265 [main] DEBUG o.a.h.i.conn.DefaultClientConnection - Sending request: GET /3?c=2&b=4 HTTP/1.1
22:09:29.265 [main] DEBUG org.apache.http.wire -  >> "GET /3?c=2&b=4 HTTP/1.1[\r][\n]"
22:09:29.265 [main] DEBUG org.apache.http.wire -  >> "Accept: */*[\r][\n]"
22:09:29.265 [main] DEBUG org.apache.http.wire -  >> "Host: localhost:8080[\r][\n]"
22:09:29.265 [main] DEBUG org.apache.http.wire -  >> "Connection: Keep-Alive[\r][\n]"
22:09:29.265 [main] DEBUG org.apache.http.wire -  >> "User-Agent: Apache-HttpClient/4.5.3 (Java/13.0.5.1)[\r][\n]"
22:09:29.265 [main] DEBUG org.apache.http.wire -  >> "Accept-Encoding: gzip,deflate[\r][\n]"
22:09:29.265 [main] DEBUG org.apache.http.wire -  >> "[\r][\n]"
22:09:29.265 [main] DEBUG org.apache.http.headers - >> GET /3?c=2&b=4 HTTP/1.1
22:09:29.265 [main] DEBUG org.apache.http.headers - >> Accept: */*
22:09:29.265 [main] DEBUG org.apache.http.headers - >> Host: localhost:8080
22:09:29.265 [main] DEBUG org.apache.http.headers - >> Connection: Keep-Alive
22:09:29.265 [main] DEBUG org.apache.http.headers - >> User-Agent: Apache-HttpClient/4.5.3 (Java/13.0.5.1)
22:09:29.265 [main] DEBUG org.apache.http.headers - >> Accept-Encoding: gzip,deflate
22:09:29.316 [main] DEBUG org.apache.http.wire -  << "HTTP/1.1 200 OK[\r][\n]"
22:09:29.316 [main] DEBUG org.apache.http.wire -  << "Server: Apache-Coyote/1.1[\r][\n]"
22:09:29.316 [main] DEBUG org.apache.http.wire -  << "Content-Type: text/plain;charset=UTF-8[\r][\n]"
22:09:29.316 [main] DEBUG org.apache.http.wire -  << "Content-Length: 6[\r][\n]"
22:09:29.316 [main] DEBUG org.apache.http.wire -  << "Date: Sun, 07 Feb 2021 21:09:29 GMT[\r][\n]"
22:09:29.316 [main] DEBUG org.apache.http.wire -  << "[\r][\n]"
22:09:29.316 [main] DEBUG o.a.h.i.conn.DefaultClientConnection - Receiving response: HTTP/1.1 200 OK
22:09:29.316 [main] DEBUG org.apache.http.headers - << HTTP/1.1 200 OK
22:09:29.316 [main] DEBUG org.apache.http.headers - << Server: Apache-Coyote/1.1
22:09:29.316 [main] DEBUG org.apache.http.headers - << Content-Type: text/plain;charset=UTF-8
22:09:29.316 [main] DEBUG org.apache.http.headers - << Content-Length: 6
22:09:29.316 [main] DEBUG org.apache.http.headers - << Date: Sun, 07 Feb 2021 21:09:29 GMT
22:09:29.316 [main] DEBUG o.a.h.impl.client.DefaultHttpClient - Connection can be kept alive indefinitely
22:09:29.316 [main] DEBUG i.r.i.RequestSpecificationImpl$RestAssuredHttpBuilder - Parsing response as: text/plain;charset=UTF-8
22:09:29.316 [main] DEBUG i.r.i.RequestSpecificationImpl$RestAssuredHttpBuilder - Parsed data to instance of: class org.apache.http.conn.EofSensorInputStream
22:09:29.316 [main] DEBUG org.apache.http.wire -  << "b:1000"
22:09:29.316 [main] DEBUG o.a.h.i.c.BasicClientConnectionManager - Releasing connection org.apache.http.impl.conn.ManagedClientConnectionImpl@b27b210
22:09:29.316 [main] DEBUG o.a.h.i.c.BasicClientConnectionManager - Connection can be kept alive indefinitely
22:09:29.318 [main] DEBUG o.a.h.i.c.BasicClientConnectionManager - Get connection for route {}->http://localhost:8080
22:09:29.319 [main] DEBUG o.a.h.i.c.DefaultClientConnectionOperator - Connecting to localhost:8080
22:09:29.319 [main] DEBUG o.a.h.c.protocol.RequestAddCookies - CookieSpec selected: ignoreCookies
22:09:29.319 [main] DEBUG o.a.h.c.protocol.RequestAuthCache - Auth cache not set in the context
22:09:29.319 [main] DEBUG o.a.h.c.p.RequestTargetAuthentication - Target auth state: UNCHALLENGED
22:09:29.319 [main] DEBUG o.a.h.c.p.RequestProxyAuthentication - Proxy auth state: UNCHALLENGED
22:09:29.319 [main] DEBUG o.a.h.impl.client.DefaultHttpClient - Attempt 1 to execute request
22:09:29.319 [main] DEBUG o.a.h.i.conn.DefaultClientConnection - Sending request: GET /3?c=2&b=4 HTTP/1.1
22:09:29.319 [main] DEBUG org.apache.http.wire -  >> "GET /3?c=2&b=4 HTTP/1.1[\r][\n]"
22:09:29.319 [main] DEBUG org.apache.http.wire -  >> "Accept: */*[\r][\n]"
22:09:29.319 [main] DEBUG org.apache.http.wire -  >> "Host: localhost:8080[\r][\n]"
22:09:29.319 [main] DEBUG org.apache.http.wire -  >> "Connection: Keep-Alive[\r][\n]"
22:09:29.319 [main] DEBUG org.apache.http.wire -  >> "User-Agent: Apache-HttpClient/4.5.3 (Java/13.0.5.1)[\r][\n]"
22:09:29.319 [main] DEBUG org.apache.http.wire -  >> "Accept-Encoding: gzip,deflate[\r][\n]"
22:09:29.319 [main] DEBUG org.apache.http.wire -  >> "[\r][\n]"
22:09:29.319 [main] DEBUG org.apache.http.headers - >> GET /3?c=2&b=4 HTTP/1.1
22:09:29.319 [main] DEBUG org.apache.http.headers - >> Accept: */*
22:09:29.319 [main] DEBUG org.apache.http.headers - >> Host: localhost:8080
22:09:29.319 [main] DEBUG org.apache.http.headers - >> Connection: Keep-Alive
22:09:29.319 [main] DEBUG org.apache.http.headers - >> User-Agent: Apache-HttpClient/4.5.3 (Java/13.0.5.1)
22:09:29.319 [main] DEBUG org.apache.http.headers - >> Accept-Encoding: gzip,deflate
22:09:29.338 [main] DEBUG org.apache.http.wire -  << "HTTP/1.1 200 OK[\r][\n]"
22:09:29.338 [main] DEBUG org.apache.http.wire -  << "Server: Apache-Coyote/1.1[\r][\n]"
22:09:29.338 [main] DEBUG org.apache.http.wire -  << "Content-Type: text/plain;charset=UTF-8[\r][\n]"
22:09:29.338 [main] DEBUG org.apache.http.wire -  << "Content-Length: 6[\r][\n]"
22:09:29.338 [main] DEBUG org.apache.http.wire -  << "Date: Sun, 07 Feb 2021 21:09:29 GMT[\r][\n]"
22:09:29.338 [main] DEBUG org.apache.http.wire -  << "[\r][\n]"
22:09:29.338 [main] DEBUG o.a.h.i.conn.DefaultClientConnection - Receiving response: HTTP/1.1 200 OK
22:09:29.338 [main] DEBUG org.apache.http.headers - << HTTP/1.1 200 OK
22:09:29.338 [main] DEBUG org.apache.http.headers - << Server: Apache-Coyote/1.1
22:09:29.338 [main] DEBUG org.apache.http.headers - << Content-Type: text/plain;charset=UTF-8
22:09:29.338 [main] DEBUG org.apache.http.headers - << Content-Length: 6
22:09:29.338 [main] DEBUG org.apache.http.headers - << Date: Sun, 07 Feb 2021 21:09:29 GMT
22:09:29.338 [main] DEBUG o.a.h.impl.client.DefaultHttpClient - Connection can be kept alive indefinitely
22:09:29.338 [main] DEBUG i.r.i.RequestSpecificationImpl$RestAssuredHttpBuilder - Parsing response as: text/plain;charset=UTF-8
22:09:29.338 [main] DEBUG i.r.i.RequestSpecificationImpl$RestAssuredHttpBuilder - Parsed data to instance of: class org.apache.http.conn.EofSensorInputStream
22:09:29.338 [main] DEBUG org.apache.http.wire -  << "b:1000"
22:09:29.338 [main] DEBUG o.a.h.i.c.BasicClientConnectionManager - Releasing connection org.apache.http.impl.conn.ManagedClientConnectionImpl@f1266c6
22:09:29.338 [main] DEBUG o.a.h.i.c.BasicClientConnectionManager - Connection can be kept alive indefinitely
22:09:29.341 [main] DEBUG o.a.h.i.c.BasicClientConnectionManager - Get connection for route {}->http://localhost:8080
22:09:29.341 [main] DEBUG o.a.h.i.c.DefaultClientConnectionOperator - Connecting to localhost:8080
22:09:29.341 [main] DEBUG o.a.h.c.protocol.RequestAddCookies - CookieSpec selected: ignoreCookies
22:09:29.341 [main] DEBUG o.a.h.c.protocol.RequestAuthCache - Auth cache not set in the context
22:09:29.341 [main] DEBUG o.a.h.c.p.RequestTargetAuthentication - Target auth state: UNCHALLENGED
22:09:29.341 [main] DEBUG o.a.h.c.p.RequestProxyAuthentication - Proxy auth state: UNCHALLENGED
22:09:29.341 [main] DEBUG o.a.h.impl.client.DefaultHttpClient - Attempt 1 to execute request
22:09:29.341 [main] DEBUG o.a.h.i.conn.DefaultClientConnection - Sending request: GET /3?c=2&b=4 HTTP/1.1
22:09:29.341 [main] DEBUG org.apache.http.wire -  >> "GET /3?c=2&b=4 HTTP/1.1[\r][\n]"
22:09:29.341 [main] DEBUG org.apache.http.wire -  >> "Accept: */*[\r][\n]"
22:09:29.341 [main] DEBUG org.apache.http.wire -  >> "Host: localhost:8080[\r][\n]"
22:09:29.341 [main] DEBUG org.apache.http.wire -  >> "Connection: Keep-Alive[\r][\n]"
22:09:29.342 [main] DEBUG org.apache.http.wire -  >> "User-Agent: Apache-HttpClient/4.5.3 (Java/13.0.5.1)[\r][\n]"
22:09:29.342 [main] DEBUG org.apache.http.wire -  >> "Accept-Encoding: gzip,deflate[\r][\n]"
22:09:29.342 [main] DEBUG org.apache.http.wire -  >> "[\r][\n]"
22:09:29.342 [main] DEBUG org.apache.http.headers - >> GET /3?c=2&b=4 HTTP/1.1
22:09:29.342 [main] DEBUG org.apache.http.headers - >> Accept: */*
22:09:29.342 [main] DEBUG org.apache.http.headers - >> Host: localhost:8080
22:09:29.342 [main] DEBUG org.apache.http.headers - >> Connection: Keep-Alive
22:09:29.342 [main] DEBUG org.apache.http.headers - >> User-Agent: Apache-HttpClient/4.5.3 (Java/13.0.5.1)
22:09:29.342 [main] DEBUG org.apache.http.headers - >> Accept-Encoding: gzip,deflate
22:09:29.356 [main] DEBUG org.apache.http.wire -  << "HTTP/1.1 200 OK[\r][\n]"
22:09:29.357 [main] DEBUG org.apache.http.wire -  << "Server: Apache-Coyote/1.1[\r][\n]"
22:09:29.357 [main] DEBUG org.apache.http.wire -  << "Content-Type: text/plain;charset=UTF-8[\r][\n]"
22:09:29.357 [main] DEBUG org.apache.http.wire -  << "Content-Length: 6[\r][\n]"
22:09:29.357 [main] DEBUG org.apache.http.wire -  << "Date: Sun, 07 Feb 2021 21:09:29 GMT[\r][\n]"
22:09:29.357 [main] DEBUG org.apache.http.wire -  << "[\r][\n]"
22:09:29.357 [main] DEBUG o.a.h.i.conn.DefaultClientConnection - Receiving response: HTTP/1.1 200 OK
22:09:29.357 [main] DEBUG org.apache.http.headers - << HTTP/1.1 200 OK
22:09:29.357 [main] DEBUG org.apache.http.headers - << Server: Apache-Coyote/1.1
22:09:29.357 [main] DEBUG org.apache.http.headers - << Content-Type: text/plain;charset=UTF-8
22:09:29.357 [main] DEBUG org.apache.http.headers - << Content-Length: 6
22:09:29.357 [main] DEBUG org.apache.http.headers - << Date: Sun, 07 Feb 2021 21:09:29 GMT
22:09:29.357 [main] DEBUG o.a.h.impl.client.DefaultHttpClient - Connection can be kept alive indefinitely
22:09:29.357 [main] DEBUG i.r.i.RequestSpecificationImpl$RestAssuredHttpBuilder - Parsing response as: text/plain;charset=UTF-8
22:09:29.357 [main] DEBUG i.r.i.RequestSpecificationImpl$RestAssuredHttpBuilder - Parsed data to instance of: class org.apache.http.conn.EofSensorInputStream
22:09:29.357 [main] DEBUG org.apache.http.wire -  << "b:1000"
22:09:29.357 [main] DEBUG o.a.h.i.c.BasicClientConnectionManager - Releasing connection org.apache.http.impl.conn.ManagedClientConnectionImpl@3b353651
22:09:29.357 [main] DEBUG o.a.h.i.c.BasicClientConnectionManager - Connection can be kept alive indefinitely
22:09:29.360 [main] DEBUG o.a.h.i.c.BasicClientConnectionManager - Get connection for route {}->http://localhost:8080
22:09:29.360 [main] DEBUG o.a.h.i.c.DefaultClientConnectionOperator - Connecting to localhost:8080
22:09:29.361 [main] DEBUG o.a.h.c.protocol.RequestAddCookies - CookieSpec selected: ignoreCookies
22:09:29.361 [main] DEBUG o.a.h.c.protocol.RequestAuthCache - Auth cache not set in the context
22:09:29.361 [main] DEBUG o.a.h.c.p.RequestTargetAuthentication - Target auth state: UNCHALLENGED
22:09:29.361 [main] DEBUG o.a.h.c.p.RequestProxyAuthentication - Proxy auth state: UNCHALLENGED
22:09:29.361 [main] DEBUG o.a.h.impl.client.DefaultHttpClient - Attempt 1 to execute request
22:09:29.361 [main] DEBUG o.a.h.i.conn.DefaultClientConnection - Sending request: GET /3?c=2&b=4 HTTP/1.1
22:09:29.361 [main] DEBUG org.apache.http.wire -  >> "GET /3?c=2&b=4 HTTP/1.1[\r][\n]"
22:09:29.361 [main] DEBUG org.apache.http.wire -  >> "Accept: */*[\r][\n]"
22:09:29.361 [main] DEBUG org.apache.http.wire -  >> "Host: localhost:8080[\r][\n]"
22:09:29.361 [main] DEBUG org.apache.http.wire -  >> "Connection: Keep-Alive[\r][\n]"
22:09:29.361 [main] DEBUG org.apache.http.wire -  >> "User-Agent: Apache-HttpClient/4.5.3 (Java/13.0.5.1)[\r][\n]"
22:09:29.361 [main] DEBUG org.apache.http.wire -  >> "Accept-Encoding: gzip,deflate[\r][\n]"
22:09:29.361 [main] DEBUG org.apache.http.wire -  >> "[\r][\n]"
22:09:29.361 [main] DEBUG org.apache.http.headers - >> GET /3?c=2&b=4 HTTP/1.1
22:09:29.361 [main] DEBUG org.apache.http.headers - >> Accept: */*
22:09:29.361 [main] DEBUG org.apache.http.headers - >> Host: localhost:8080
22:09:29.361 [main] DEBUG org.apache.http.headers - >> Connection: Keep-Alive
22:09:29.361 [main] DEBUG org.apache.http.headers - >> User-Agent: Apache-HttpClient/4.5.3 (Java/13.0.5.1)
22:09:29.361 [main] DEBUG org.apache.http.headers - >> Accept-Encoding: gzip,deflate
22:09:29.386 [main] DEBUG org.apache.http.wire -  << "HTTP/1.1 200 OK[\r][\n]"
22:09:29.386 [main] DEBUG org.apache.http.wire -  << "Server: Apache-Coyote/1.1[\r][\n]"
22:09:29.386 [main] DEBUG org.apache.http.wire -  << "Content-Type: text/plain;charset=UTF-8[\r][\n]"
22:09:29.386 [main] DEBUG org.apache.http.wire -  << "Content-Length: 6[\r][\n]"
22:09:29.386 [main] DEBUG org.apache.http.wire -  << "Date: Sun, 07 Feb 2021 21:09:29 GMT[\r][\n]"
22:09:29.386 [main] DEBUG org.apache.http.wire -  << "[\r][\n]"
22:09:29.386 [main] DEBUG o.a.h.i.conn.DefaultClientConnection - Receiving response: HTTP/1.1 200 OK
22:09:29.386 [main] DEBUG org.apache.http.headers - << HTTP/1.1 200 OK
22:09:29.386 [main] DEBUG org.apache.http.headers - << Server: Apache-Coyote/1.1
22:09:29.386 [main] DEBUG org.apache.http.headers - << Content-Type: text/plain;charset=UTF-8
22:09:29.386 [main] DEBUG org.apache.http.headers - << Content-Length: 6
22:09:29.386 [main] DEBUG org.apache.http.headers - << Date: Sun, 07 Feb 2021 21:09:29 GMT
22:09:29.386 [main] DEBUG o.a.h.impl.client.DefaultHttpClient - Connection can be kept alive indefinitely
22:09:29.386 [main] DEBUG i.r.i.RequestSpecificationImpl$RestAssuredHttpBuilder - Parsing response as: text/plain;charset=UTF-8
22:09:29.386 [main] DEBUG i.r.i.RequestSpecificationImpl$RestAssuredHttpBuilder - Parsed data to instance of: class org.apache.http.conn.EofSensorInputStream
22:09:29.387 [main] DEBUG org.apache.http.wire -  << "b:1000"
22:09:29.387 [main] DEBUG o.a.h.i.c.BasicClientConnectionManager - Releasing connection org.apache.http.impl.conn.ManagedClientConnectionImpl@41ccb3b9
22:09:29.387 [main] DEBUG o.a.h.i.c.BasicClientConnectionManager - Connection can be kept alive indefinitely
22:09:29.389 [main] DEBUG o.a.h.i.c.BasicClientConnectionManager - Get connection for route {}->http://localhost:8080
22:09:29.389 [main] DEBUG o.a.h.i.c.DefaultClientConnectionOperator - Connecting to localhost:8080
22:09:29.389 [main] DEBUG o.a.h.c.protocol.RequestAddCookies - CookieSpec selected: ignoreCookies
22:09:29.389 [main] DEBUG o.a.h.c.protocol.RequestAuthCache - Auth cache not set in the context
22:09:29.389 [main] DEBUG o.a.h.c.p.RequestTargetAuthentication - Target auth state: UNCHALLENGED
22:09:29.389 [main] DEBUG o.a.h.c.p.RequestProxyAuthentication - Proxy auth state: UNCHALLENGED
22:09:29.389 [main] DEBUG o.a.h.impl.client.DefaultHttpClient - Attempt 1 to execute request
22:09:29.389 [main] DEBUG o.a.h.i.conn.DefaultClientConnection - Sending request: GET /3?c=2&b=4 HTTP/1.1
22:09:29.389 [main] DEBUG org.apache.http.wire -  >> "GET /3?c=2&b=4 HTTP/1.1[\r][\n]"
22:09:29.389 [main] DEBUG org.apache.http.wire -  >> "Accept: */*[\r][\n]"
22:09:29.390 [main] DEBUG org.apache.http.wire -  >> "Host: localhost:8080[\r][\n]"
22:09:29.390 [main] DEBUG org.apache.http.wire -  >> "Connection: Keep-Alive[\r][\n]"
22:09:29.390 [main] DEBUG org.apache.http.wire -  >> "User-Agent: Apache-HttpClient/4.5.3 (Java/13.0.5.1)[\r][\n]"
22:09:29.390 [main] DEBUG org.apache.http.wire -  >> "Accept-Encoding: gzip,deflate[\r][\n]"
22:09:29.390 [main] DEBUG org.apache.http.wire -  >> "[\r][\n]"
22:09:29.390 [main] DEBUG org.apache.http.headers - >> GET /3?c=2&b=4 HTTP/1.1
22:09:29.390 [main] DEBUG org.apache.http.headers - >> Accept: */*
22:09:29.390 [main] DEBUG org.apache.http.headers - >> Host: localhost:8080
22:09:29.390 [main] DEBUG org.apache.http.headers - >> Connection: Keep-Alive
22:09:29.390 [main] DEBUG org.apache.http.headers - >> User-Agent: Apache-HttpClient/4.5.3 (Java/13.0.5.1)
22:09:29.390 [main] DEBUG org.apache.http.headers - >> Accept-Encoding: gzip,deflate
22:09:29.406 [main] DEBUG org.apache.http.wire -  << "HTTP/1.1 200 OK[\r][\n]"
22:09:29.406 [main] DEBUG org.apache.http.wire -  << "Server: Apache-Coyote/1.1[\r][\n]"
22:09:29.406 [main] DEBUG org.apache.http.wire -  << "Content-Type: text/plain;charset=UTF-8[\r][\n]"
22:09:29.406 [main] DEBUG org.apache.http.wire -  << "Content-Length: 6[\r][\n]"
22:09:29.406 [main] DEBUG org.apache.http.wire -  << "Date: Sun, 07 Feb 2021 21:09:29 GMT[\r][\n]"
22:09:29.406 [main] DEBUG org.apache.http.wire -  << "[\r][\n]"
22:09:29.406 [main] DEBUG o.a.h.i.conn.DefaultClientConnection - Receiving response: HTTP/1.1 200 OK
22:09:29.406 [main] DEBUG org.apache.http.headers - << HTTP/1.1 200 OK
22:09:29.406 [main] DEBUG org.apache.http.headers - << Server: Apache-Coyote/1.1
22:09:29.406 [main] DEBUG org.apache.http.headers - << Content-Type: text/plain;charset=UTF-8
22:09:29.406 [main] DEBUG org.apache.http.headers - << Content-Length: 6
22:09:29.406 [main] DEBUG org.apache.http.headers - << Date: Sun, 07 Feb 2021 21:09:29 GMT
22:09:29.406 [main] DEBUG o.a.h.impl.client.DefaultHttpClient - Connection can be kept alive indefinitely
22:09:29.407 [main] DEBUG i.r.i.RequestSpecificationImpl$RestAssuredHttpBuilder - Parsing response as: text/plain;charset=UTF-8
22:09:29.407 [main] DEBUG i.r.i.RequestSpecificationImpl$RestAssuredHttpBuilder - Parsed data to instance of: class org.apache.http.conn.EofSensorInputStream
22:09:29.407 [main] DEBUG org.apache.http.wire -  << "b:1000"
22:09:29.407 [main] DEBUG o.a.h.i.c.BasicClientConnectionManager - Releasing connection org.apache.http.impl.conn.ManagedClientConnectionImpl@5f59ea8c
22:09:29.407 [main] DEBUG o.a.h.i.c.BasicClientConnectionManager - Connection can be kept alive indefinitely
22:09:29.410 [main] DEBUG o.a.h.i.c.BasicClientConnectionManager - Get connection for route {}->http://localhost:8080
22:09:29.410 [main] DEBUG o.a.h.i.c.DefaultClientConnectionOperator - Connecting to localhost:8080
22:09:29.411 [main] DEBUG o.a.h.c.protocol.RequestAddCookies - CookieSpec selected: ignoreCookies
22:09:29.411 [main] DEBUG o.a.h.c.protocol.RequestAuthCache - Auth cache not set in the context
22:09:29.411 [main] DEBUG o.a.h.c.p.RequestTargetAuthentication - Target auth state: UNCHALLENGED
22:09:29.411 [main] DEBUG o.a.h.c.p.RequestProxyAuthentication - Proxy auth state: UNCHALLENGED
22:09:29.411 [main] DEBUG o.a.h.impl.client.DefaultHttpClient - Attempt 1 to execute request
22:09:29.411 [main] DEBUG o.a.h.i.conn.DefaultClientConnection - Sending request: GET /3?c=2&b=4 HTTP/1.1
22:09:29.411 [main] DEBUG org.apache.http.wire -  >> "GET /3?c=2&b=4 HTTP/1.1[\r][\n]"
22:09:29.411 [main] DEBUG org.apache.http.wire -  >> "Accept: */*[\r][\n]"
22:09:29.411 [main] DEBUG org.apache.http.wire -  >> "Host: localhost:8080[\r][\n]"
22:09:29.411 [main] DEBUG org.apache.http.wire -  >> "Connection: Keep-Alive[\r][\n]"
22:09:29.411 [main] DEBUG org.apache.http.wire -  >> "User-Agent: Apache-HttpClient/4.5.3 (Java/13.0.5.1)[\r][\n]"
22:09:29.411 [main] DEBUG org.apache.http.wire -  >> "Accept-Encoding: gzip,deflate[\r][\n]"
22:09:29.411 [main] DEBUG org.apache.http.wire -  >> "[\r][\n]"
22:09:29.411 [main] DEBUG org.apache.http.headers - >> GET /3?c=2&b=4 HTTP/1.1
22:09:29.411 [main] DEBUG org.apache.http.headers - >> Accept: */*
22:09:29.411 [main] DEBUG org.apache.http.headers - >> Host: localhost:8080
22:09:29.411 [main] DEBUG org.apache.http.headers - >> Connection: Keep-Alive
22:09:29.411 [main] DEBUG org.apache.http.headers - >> User-Agent: Apache-HttpClient/4.5.3 (Java/13.0.5.1)
22:09:29.411 [main] DEBUG org.apache.http.headers - >> Accept-Encoding: gzip,deflate
22:09:29.430 [main] DEBUG org.apache.http.wire -  << "HTTP/1.1 200 OK[\r][\n]"
22:09:29.430 [main] DEBUG org.apache.http.wire -  << "Server: Apache-Coyote/1.1[\r][\n]"
22:09:29.430 [main] DEBUG org.apache.http.wire -  << "Content-Type: text/plain;charset=UTF-8[\r][\n]"
22:09:29.430 [main] DEBUG org.apache.http.wire -  << "Content-Length: 6[\r][\n]"
22:09:29.430 [main] DEBUG org.apache.http.wire -  << "Date: Sun, 07 Feb 2021 21:09:29 GMT[\r][\n]"
22:09:29.430 [main] DEBUG org.apache.http.wire -  << "[\r][\n]"
22:09:29.430 [main] DEBUG o.a.h.i.conn.DefaultClientConnection - Receiving response: HTTP/1.1 200 OK
22:09:29.430 [main] DEBUG org.apache.http.headers - << HTTP/1.1 200 OK
22:09:29.430 [main] DEBUG org.apache.http.headers - << Server: Apache-Coyote/1.1
22:09:29.430 [main] DEBUG org.apache.http.headers - << Content-Type: text/plain;charset=UTF-8
22:09:29.430 [main] DEBUG org.apache.http.headers - << Content-Length: 6
22:09:29.430 [main] DEBUG org.apache.http.headers - << Date: Sun, 07 Feb 2021 21:09:29 GMT
22:09:29.430 [main] DEBUG o.a.h.impl.client.DefaultHttpClient - Connection can be kept alive indefinitely
22:09:29.431 [main] DEBUG i.r.i.RequestSpecificationImpl$RestAssuredHttpBuilder - Parsing response as: text/plain;charset=UTF-8
22:09:29.431 [main] DEBUG i.r.i.RequestSpecificationImpl$RestAssuredHttpBuilder - Parsed data to instance of: class org.apache.http.conn.EofSensorInputStream
22:09:29.431 [main] DEBUG org.apache.http.wire -  << "b:1000"
22:09:29.431 [main] DEBUG o.a.h.i.c.BasicClientConnectionManager - Releasing connection org.apache.http.impl.conn.ManagedClientConnectionImpl@5d5a51b1
22:09:29.431 [main] DEBUG o.a.h.i.c.BasicClientConnectionManager - Connection can be kept alive indefinitely
22:09:29.433 [main] DEBUG o.a.h.i.c.BasicClientConnectionManager - Get connection for route {}->http://localhost:8080
22:09:29.433 [main] DEBUG o.a.h.i.c.DefaultClientConnectionOperator - Connecting to localhost:8080
22:09:29.434 [main] DEBUG o.a.h.c.protocol.RequestAddCookies - CookieSpec selected: ignoreCookies
22:09:29.434 [main] DEBUG o.a.h.c.protocol.RequestAuthCache - Auth cache not set in the context
22:09:29.434 [main] DEBUG o.a.h.c.p.RequestTargetAuthentication - Target auth state: UNCHALLENGED
22:09:29.434 [main] DEBUG o.a.h.c.p.RequestProxyAuthentication - Proxy auth state: UNCHALLENGED
22:09:29.434 [main] DEBUG o.a.h.impl.client.DefaultHttpClient - Attempt 1 to execute request
22:09:29.434 [main] DEBUG o.a.h.i.conn.DefaultClientConnection - Sending request: GET /3?c=2&b=4 HTTP/1.1
22:09:29.434 [main] DEBUG org.apache.http.wire -  >> "GET /3?c=2&b=4 HTTP/1.1[\r][\n]"
22:09:29.434 [main] DEBUG org.apache.http.wire -  >> "Accept: */*[\r][\n]"
22:09:29.434 [main] DEBUG org.apache.http.wire -  >> "Host: localhost:8080[\r][\n]"
22:09:29.434 [main] DEBUG org.apache.http.wire -  >> "Connection: Keep-Alive[\r][\n]"
22:09:29.434 [main] DEBUG org.apache.http.wire -  >> "User-Agent: Apache-HttpClient/4.5.3 (Java/13.0.5.1)[\r][\n]"
22:09:29.434 [main] DEBUG org.apache.http.wire -  >> "Accept-Encoding: gzip,deflate[\r][\n]"
22:09:29.434 [main] DEBUG org.apache.http.wire -  >> "[\r][\n]"
22:09:29.434 [main] DEBUG org.apache.http.headers - >> GET /3?c=2&b=4 HTTP/1.1
22:09:29.434 [main] DEBUG org.apache.http.headers - >> Accept: */*
22:09:29.434 [main] DEBUG org.apache.http.headers - >> Host: localhost:8080
22:09:29.434 [main] DEBUG org.apache.http.headers - >> Connection: Keep-Alive
22:09:29.434 [main] DEBUG org.apache.http.headers - >> User-Agent: Apache-HttpClient/4.5.3 (Java/13.0.5.1)
22:09:29.434 [main] DEBUG org.apache.http.headers - >> Accept-Encoding: gzip,deflate
22:09:29.449 [main] DEBUG org.apache.http.wire -  << "HTTP/1.1 200 OK[\r][\n]"
22:09:29.449 [main] DEBUG org.apache.http.wire -  << "Server: Apache-Coyote/1.1[\r][\n]"
22:09:29.450 [main] DEBUG org.apache.http.wire -  << "Content-Type: text/plain;charset=UTF-8[\r][\n]"
22:09:29.450 [main] DEBUG org.apache.http.wire -  << "Content-Length: 6[\r][\n]"
22:09:29.450 [main] DEBUG org.apache.http.wire -  << "Date: Sun, 07 Feb 2021 21:09:29 GMT[\r][\n]"
22:09:29.450 [main] DEBUG org.apache.http.wire -  << "[\r][\n]"
22:09:29.450 [main] DEBUG o.a.h.i.conn.DefaultClientConnection - Receiving response: HTTP/1.1 200 OK
22:09:29.450 [main] DEBUG org.apache.http.headers - << HTTP/1.1 200 OK
22:09:29.450 [main] DEBUG org.apache.http.headers - << Server: Apache-Coyote/1.1
22:09:29.450 [main] DEBUG org.apache.http.headers - << Content-Type: text/plain;charset=UTF-8
22:09:29.450 [main] DEBUG org.apache.http.headers - << Content-Length: 6
22:09:29.450 [main] DEBUG org.apache.http.headers - << Date: Sun, 07 Feb 2021 21:09:29 GMT
22:09:29.450 [main] DEBUG o.a.h.impl.client.DefaultHttpClient - Connection can be kept alive indefinitely
22:09:29.450 [main] DEBUG i.r.i.RequestSpecificationImpl$RestAssuredHttpBuilder - Parsing response as: text/plain;charset=UTF-8
22:09:29.450 [main] DEBUG i.r.i.RequestSpecificationImpl$RestAssuredHttpBuilder - Parsed data to instance of: class org.apache.http.conn.EofSensorInputStream
22:09:29.450 [main] DEBUG org.apache.http.wire -  << "b:1000"
22:09:29.450 [main] DEBUG o.a.h.i.c.BasicClientConnectionManager - Releasing connection org.apache.http.impl.conn.ManagedClientConnectionImpl@7b5b5bfe
22:09:29.450 [main] DEBUG o.a.h.i.c.BasicClientConnectionManager - Connection can be kept alive indefinitely
22:09:29.453 [main] DEBUG o.a.h.i.c.BasicClientConnectionManager - Get connection for route {}->http://localhost:8080
22:09:29.453 [main] DEBUG o.a.h.i.c.DefaultClientConnectionOperator - Connecting to localhost:8080
22:09:29.453 [main] DEBUG o.a.h.c.protocol.RequestAddCookies - CookieSpec selected: ignoreCookies
22:09:29.453 [main] DEBUG o.a.h.c.protocol.RequestAuthCache - Auth cache not set in the context
22:09:29.453 [main] DEBUG o.a.h.c.p.RequestTargetAuthentication - Target auth state: UNCHALLENGED
22:09:29.453 [main] DEBUG o.a.h.c.p.RequestProxyAuthentication - Proxy auth state: UNCHALLENGED
22:09:29.453 [main] DEBUG o.a.h.impl.client.DefaultHttpClient - Attempt 1 to execute request
22:09:29.453 [main] DEBUG o.a.h.i.conn.DefaultClientConnection - Sending request: GET /3?c=2&b=4 HTTP/1.1
22:09:29.453 [main] DEBUG org.apache.http.wire -  >> "GET /3?c=2&b=4 HTTP/1.1[\r][\n]"
22:09:29.453 [main] DEBUG org.apache.http.wire -  >> "Accept: */*[\r][\n]"
22:09:29.453 [main] DEBUG org.apache.http.wire -  >> "Host: localhost:8080[\r][\n]"
22:09:29.453 [main] DEBUG org.apache.http.wire -  >> "Connection: Keep-Alive[\r][\n]"
22:09:29.453 [main] DEBUG org.apache.http.wire -  >> "User-Agent: Apache-HttpClient/4.5.3 (Java/13.0.5.1)[\r][\n]"
22:09:29.453 [main] DEBUG org.apache.http.wire -  >> "Accept-Encoding: gzip,deflate[\r][\n]"
22:09:29.453 [main] DEBUG org.apache.http.wire -  >> "[\r][\n]"
22:09:29.453 [main] DEBUG org.apache.http.headers - >> GET /3?c=2&b=4 HTTP/1.1
22:09:29.453 [main] DEBUG org.apache.http.headers - >> Accept: */*
22:09:29.453 [main] DEBUG org.apache.http.headers - >> Host: localhost:8080
22:09:29.453 [main] DEBUG org.apache.http.headers - >> Connection: Keep-Alive
22:09:29.453 [main] DEBUG org.apache.http.headers - >> User-Agent: Apache-HttpClient/4.5.3 (Java/13.0.5.1)
22:09:29.453 [main] DEBUG org.apache.http.headers - >> Accept-Encoding: gzip,deflate
22:09:29.470 [main] DEBUG org.apache.http.wire -  << "HTTP/1.1 200 OK[\r][\n]"
22:09:29.470 [main] DEBUG org.apache.http.wire -  << "Server: Apache-Coyote/1.1[\r][\n]"
22:09:29.470 [main] DEBUG org.apache.http.wire -  << "Content-Type: text/plain;charset=UTF-8[\r][\n]"
22:09:29.470 [main] DEBUG org.apache.http.wire -  << "Content-Length: 6[\r][\n]"
22:09:29.470 [main] DEBUG org.apache.http.wire -  << "Date: Sun, 07 Feb 2021 21:09:29 GMT[\r][\n]"
22:09:29.470 [main] DEBUG org.apache.http.wire -  << "[\r][\n]"
22:09:29.470 [main] DEBUG o.a.h.i.conn.DefaultClientConnection - Receiving response: HTTP/1.1 200 OK
22:09:29.470 [main] DEBUG org.apache.http.headers - << HTTP/1.1 200 OK
22:09:29.470 [main] DEBUG org.apache.http.headers - << Server: Apache-Coyote/1.1
22:09:29.470 [main] DEBUG org.apache.http.headers - << Content-Type: text/plain;charset=UTF-8
22:09:29.470 [main] DEBUG org.apache.http.headers - << Content-Length: 6
22:09:29.470 [main] DEBUG org.apache.http.headers - << Date: Sun, 07 Feb 2021 21:09:29 GMT
22:09:29.470 [main] DEBUG o.a.h.impl.client.DefaultHttpClient - Connection can be kept alive indefinitely
22:09:29.471 [main] DEBUG i.r.i.RequestSpecificationImpl$RestAssuredHttpBuilder - Parsing response as: text/plain;charset=UTF-8
22:09:29.471 [main] DEBUG i.r.i.RequestSpecificationImpl$RestAssuredHttpBuilder - Parsed data to instance of: class org.apache.http.conn.EofSensorInputStream
22:09:29.471 [main] DEBUG org.apache.http.wire -  << "b:1000"
22:09:29.471 [main] DEBUG o.a.h.i.c.BasicClientConnectionManager - Releasing connection org.apache.http.impl.conn.ManagedClientConnectionImpl@d499c13
22:09:29.471 [main] DEBUG o.a.h.i.c.BasicClientConnectionManager - Connection can be kept alive indefinitely
22:09:29.474 [main] DEBUG o.a.h.i.c.BasicClientConnectionManager - Get connection for route {}->http://localhost:8080
22:09:29.474 [main] DEBUG o.a.h.i.c.DefaultClientConnectionOperator - Connecting to localhost:8080
22:09:29.474 [main] DEBUG o.a.h.c.protocol.RequestAddCookies - CookieSpec selected: ignoreCookies
22:09:29.474 [main] DEBUG o.a.h.c.protocol.RequestAuthCache - Auth cache not set in the context
22:09:29.474 [main] DEBUG o.a.h.c.p.RequestTargetAuthentication - Target auth state: UNCHALLENGED
22:09:29.474 [main] DEBUG o.a.h.c.p.RequestProxyAuthentication - Proxy auth state: UNCHALLENGED
22:09:29.474 [main] DEBUG o.a.h.impl.client.DefaultHttpClient - Attempt 1 to execute request
22:09:29.474 [main] DEBUG o.a.h.i.conn.DefaultClientConnection - Sending request: GET /3?c=2&b=4 HTTP/1.1
22:09:29.474 [main] DEBUG org.apache.http.wire -  >> "GET /3?c=2&b=4 HTTP/1.1[\r][\n]"
22:09:29.474 [main] DEBUG org.apache.http.wire -  >> "Accept: */*[\r][\n]"
22:09:29.474 [main] DEBUG org.apache.http.wire -  >> "Host: localhost:8080[\r][\n]"
22:09:29.474 [main] DEBUG org.apache.http.wire -  >> "Connection: Keep-Alive[\r][\n]"
22:09:29.474 [main] DEBUG org.apache.http.wire -  >> "User-Agent: Apache-HttpClient/4.5.3 (Java/13.0.5.1)[\r][\n]"
22:09:29.474 [main] DEBUG org.apache.http.wire -  >> "Accept-Encoding: gzip,deflate[\r][\n]"
22:09:29.474 [main] DEBUG org.apache.http.wire -  >> "[\r][\n]"
22:09:29.474 [main] DEBUG org.apache.http.headers - >> GET /3?c=2&b=4 HTTP/1.1
22:09:29.474 [main] DEBUG org.apache.http.headers - >> Accept: */*
22:09:29.474 [main] DEBUG org.apache.http.headers - >> Host: localhost:8080
22:09:29.474 [main] DEBUG org.apache.http.headers - >> Connection: Keep-Alive
22:09:29.474 [main] DEBUG org.apache.http.headers - >> User-Agent: Apache-HttpClient/4.5.3 (Java/13.0.5.1)
22:09:29.474 [main] DEBUG org.apache.http.headers - >> Accept-Encoding: gzip,deflate
22:09:29.490 [main] DEBUG org.apache.http.wire -  << "HTTP/1.1 200 OK[\r][\n]"
22:09:29.490 [main] DEBUG org.apache.http.wire -  << "Server: Apache-Coyote/1.1[\r][\n]"
22:09:29.490 [main] DEBUG org.apache.http.wire -  << "Content-Type: text/plain;charset=UTF-8[\r][\n]"
22:09:29.490 [main] DEBUG org.apache.http.wire -  << "Content-Length: 6[\r][\n]"
22:09:29.490 [main] DEBUG org.apache.http.wire -  << "Date: Sun, 07 Feb 2021 21:09:29 GMT[\r][\n]"
22:09:29.490 [main] DEBUG org.apache.http.wire -  << "[\r][\n]"
22:09:29.490 [main] DEBUG o.a.h.i.conn.DefaultClientConnection - Receiving response: HTTP/1.1 200 OK
22:09:29.490 [main] DEBUG org.apache.http.headers - << HTTP/1.1 200 OK
22:09:29.490 [main] DEBUG org.apache.http.headers - << Server: Apache-Coyote/1.1
22:09:29.490 [main] DEBUG org.apache.http.headers - << Content-Type: text/plain;charset=UTF-8
22:09:29.490 [main] DEBUG org.apache.http.headers - << Content-Length: 6
22:09:29.490 [main] DEBUG org.apache.http.headers - << Date: Sun, 07 Feb 2021 21:09:29 GMT
22:09:29.490 [main] DEBUG o.a.h.impl.client.DefaultHttpClient - Connection can be kept alive indefinitely
22:09:29.490 [main] DEBUG i.r.i.RequestSpecificationImpl$RestAssuredHttpBuilder - Parsing response as: text/plain;charset=UTF-8
22:09:29.490 [main] DEBUG i.r.i.RequestSpecificationImpl$RestAssuredHttpBuilder - Parsed data to instance of: class org.apache.http.conn.EofSensorInputStream
22:09:29.491 [main] DEBUG org.apache.http.wire -  << "b:1000"
22:09:29.491 [main] DEBUG o.a.h.i.c.BasicClientConnectionManager - Releasing connection org.apache.http.impl.conn.ManagedClientConnectionImpl@3b42121d
22:09:29.491 [main] DEBUG o.a.h.i.c.BasicClientConnectionManager - Connection can be kept alive indefinitely
22:09:29.495 [main] DEBUG o.a.h.i.c.BasicClientConnectionManager - Get connection for route {}->http://localhost:8080
22:09:29.496 [main] DEBUG o.a.h.i.c.DefaultClientConnectionOperator - Connecting to localhost:8080
22:09:29.497 [main] DEBUG o.a.h.c.protocol.RequestAddCookies - CookieSpec selected: ignoreCookies
22:09:29.497 [main] DEBUG o.a.h.c.protocol.RequestAuthCache - Auth cache not set in the context
22:09:29.497 [main] DEBUG o.a.h.c.p.RequestTargetAuthentication - Target auth state: UNCHALLENGED
22:09:29.497 [main] DEBUG o.a.h.c.p.RequestProxyAuthentication - Proxy auth state: UNCHALLENGED
22:09:29.497 [main] DEBUG o.a.h.impl.client.DefaultHttpClient - Attempt 1 to execute request
22:09:29.497 [main] DEBUG o.a.h.i.conn.DefaultClientConnection - Sending request: GET /3?c=2&b=4 HTTP/1.1
22:09:29.497 [main] DEBUG org.apache.http.wire -  >> "GET /3?c=2&b=4 HTTP/1.1[\r][\n]"
22:09:29.497 [main] DEBUG org.apache.http.wire -  >> "Accept: */*[\r][\n]"
22:09:29.497 [main] DEBUG org.apache.http.wire -  >> "Host: localhost:8080[\r][\n]"
22:09:29.497 [main] DEBUG org.apache.http.wire -  >> "Connection: Keep-Alive[\r][\n]"
22:09:29.497 [main] DEBUG org.apache.http.wire -  >> "User-Agent: Apache-HttpClient/4.5.3 (Java/13.0.5.1)[\r][\n]"
22:09:29.497 [main] DEBUG org.apache.http.wire -  >> "Accept-Encoding: gzip,deflate[\r][\n]"
22:09:29.497 [main] DEBUG org.apache.http.wire -  >> "[\r][\n]"
22:09:29.497 [main] DEBUG org.apache.http.headers - >> GET /3?c=2&b=4 HTTP/1.1
22:09:29.497 [main] DEBUG org.apache.http.headers - >> Accept: */*
22:09:29.497 [main] DEBUG org.apache.http.headers - >> Host: localhost:8080
22:09:29.497 [main] DEBUG org.apache.http.headers - >> Connection: Keep-Alive
22:09:29.497 [main] DEBUG org.apache.http.headers - >> User-Agent: Apache-HttpClient/4.5.3 (Java/13.0.5.1)
22:09:29.497 [main] DEBUG org.apache.http.headers - >> Accept-Encoding: gzip,deflate
22:09:29.517 [main] DEBUG org.apache.http.wire -  << "HTTP/1.1 200 OK[\r][\n]"
22:09:29.517 [main] DEBUG org.apache.http.wire -  << "Server: Apache-Coyote/1.1[\r][\n]"
22:09:29.517 [main] DEBUG org.apache.http.wire -  << "Content-Type: text/plain;charset=UTF-8[\r][\n]"
22:09:29.517 [main] DEBUG org.apache.http.wire -  << "Content-Length: 6[\r][\n]"
22:09:29.517 [main] DEBUG org.apache.http.wire -  << "Date: Sun, 07 Feb 2021 21:09:29 GMT[\r][\n]"
22:09:29.517 [main] DEBUG org.apache.http.wire -  << "[\r][\n]"
22:09:29.517 [main] DEBUG o.a.h.i.conn.DefaultClientConnection - Receiving response: HTTP/1.1 200 OK
22:09:29.517 [main] DEBUG org.apache.http.headers - << HTTP/1.1 200 OK
22:09:29.517 [main] DEBUG org.apache.http.headers - << Server: Apache-Coyote/1.1
22:09:29.517 [main] DEBUG org.apache.http.headers - << Content-Type: text/plain;charset=UTF-8
22:09:29.517 [main] DEBUG org.apache.http.headers - << Content-Length: 6
22:09:29.517 [main] DEBUG org.apache.http.headers - << Date: Sun, 07 Feb 2021 21:09:29 GMT
22:09:29.517 [main] DEBUG o.a.h.impl.client.DefaultHttpClient - Connection can be kept alive indefinitely
22:09:29.517 [main] DEBUG i.r.i.RequestSpecificationImpl$RestAssuredHttpBuilder - Parsing response as: text/plain;charset=UTF-8
22:09:29.517 [main] DEBUG i.r.i.RequestSpecificationImpl$RestAssuredHttpBuilder - Parsed data to instance of: class org.apache.http.conn.EofSensorInputStream
22:09:29.518 [main] DEBUG org.apache.http.wire -  << "b:1000"
22:09:29.518 [main] DEBUG o.a.h.i.c.BasicClientConnectionManager - Releasing connection org.apache.http.impl.conn.ManagedClientConnectionImpl@4733f6f5
22:09:29.518 [main] DEBUG o.a.h.i.c.BasicClientConnectionManager - Connection can be kept alive indefinitely
22:09:29.520 [main] DEBUG o.a.h.i.c.BasicClientConnectionManager - Get connection for route {}->http://localhost:8080
22:09:29.520 [main] DEBUG o.a.h.i.c.DefaultClientConnectionOperator - Connecting to localhost:8080
22:09:29.520 [main] DEBUG o.a.h.c.protocol.RequestAddCookies - CookieSpec selected: ignoreCookies
22:09:29.520 [main] DEBUG o.a.h.c.protocol.RequestAuthCache - Auth cache not set in the context
22:09:29.520 [main] DEBUG o.a.h.c.p.RequestTargetAuthentication - Target auth state: UNCHALLENGED
22:09:29.520 [main] DEBUG o.a.h.c.p.RequestProxyAuthentication - Proxy auth state: UNCHALLENGED
22:09:29.520 [main] DEBUG o.a.h.impl.client.DefaultHttpClient - Attempt 1 to execute request
22:09:29.520 [main] DEBUG o.a.h.i.conn.DefaultClientConnection - Sending request: GET /3?c=2&b=4 HTTP/1.1
22:09:29.520 [main] DEBUG org.apache.http.wire -  >> "GET /3?c=2&b=4 HTTP/1.1[\r][\n]"
22:09:29.520 [main] DEBUG org.apache.http.wire -  >> "Accept: */*[\r][\n]"
22:09:29.520 [main] DEBUG org.apache.http.wire -  >> "Host: localhost:8080[\r][\n]"
22:09:29.520 [main] DEBUG org.apache.http.wire -  >> "Connection: Keep-Alive[\r][\n]"
22:09:29.520 [main] DEBUG org.apache.http.wire -  >> "User-Agent: Apache-HttpClient/4.5.3 (Java/13.0.5.1)[\r][\n]"
22:09:29.520 [main] DEBUG org.apache.http.wire -  >> "Accept-Encoding: gzip,deflate[\r][\n]"
22:09:29.520 [main] DEBUG org.apache.http.wire -  >> "[\r][\n]"
22:09:29.520 [main] DEBUG org.apache.http.headers - >> GET /3?c=2&b=4 HTTP/1.1
22:09:29.520 [main] DEBUG org.apache.http.headers - >> Accept: */*
22:09:29.520 [main] DEBUG org.apache.http.headers - >> Host: localhost:8080
22:09:29.520 [main] DEBUG org.apache.http.headers - >> Connection: Keep-Alive
22:09:29.520 [main] DEBUG org.apache.http.headers - >> User-Agent: Apache-HttpClient/4.5.3 (Java/13.0.5.1)
22:09:29.520 [main] DEBUG org.apache.http.headers - >> Accept-Encoding: gzip,deflate
22:09:29.541 [main] DEBUG org.apache.http.wire -  << "HTTP/1.1 200 OK[\r][\n]"
22:09:29.541 [main] DEBUG org.apache.http.wire -  << "Server: Apache-Coyote/1.1[\r][\n]"
22:09:29.541 [main] DEBUG org.apache.http.wire -  << "Content-Type: text/plain;charset=UTF-8[\r][\n]"
22:09:29.541 [main] DEBUG org.apache.http.wire -  << "Content-Length: 6[\r][\n]"
22:09:29.541 [main] DEBUG org.apache.http.wire -  << "Date: Sun, 07 Feb 2021 21:09:29 GMT[\r][\n]"
22:09:29.541 [main] DEBUG org.apache.http.wire -  << "[\r][\n]"
22:09:29.541 [main] DEBUG o.a.h.i.conn.DefaultClientConnection - Receiving response: HTTP/1.1 200 OK
22:09:29.541 [main] DEBUG org.apache.http.headers - << HTTP/1.1 200 OK
22:09:29.541 [main] DEBUG org.apache.http.headers - << Server: Apache-Coyote/1.1
22:09:29.541 [main] DEBUG org.apache.http.headers - << Content-Type: text/plain;charset=UTF-8
22:09:29.541 [main] DEBUG org.apache.http.headers - << Content-Length: 6
22:09:29.541 [main] DEBUG org.apache.http.headers - << Date: Sun, 07 Feb 2021 21:09:29 GMT
22:09:29.541 [main] DEBUG o.a.h.impl.client.DefaultHttpClient - Connection can be kept alive indefinitely
22:09:29.542 [main] DEBUG i.r.i.RequestSpecificationImpl$RestAssuredHttpBuilder - Parsing response as: text/plain;charset=UTF-8
22:09:29.542 [main] DEBUG i.r.i.RequestSpecificationImpl$RestAssuredHttpBuilder - Parsed data to instance of: class org.apache.http.conn.EofSensorInputStream
22:09:29.542 [main] DEBUG org.apache.http.wire -  << "b:1000"
22:09:29.542 [main] DEBUG o.a.h.i.c.BasicClientConnectionManager - Releasing connection org.apache.http.impl.conn.ManagedClientConnectionImpl@3453acd2
22:09:29.542 [main] DEBUG o.a.h.i.c.BasicClientConnectionManager - Connection can be kept alive indefinitely
22:09:29.545 [main] DEBUG o.a.h.i.c.BasicClientConnectionManager - Get connection for route {}->http://localhost:8080
22:09:29.545 [main] DEBUG o.a.h.i.c.DefaultClientConnectionOperator - Connecting to localhost:8080
22:09:29.545 [main] DEBUG o.a.h.c.protocol.RequestAddCookies - CookieSpec selected: ignoreCookies
22:09:29.545 [main] DEBUG o.a.h.c.protocol.RequestAuthCache - Auth cache not set in the context
22:09:29.545 [main] DEBUG o.a.h.c.p.RequestTargetAuthentication - Target auth state: UNCHALLENGED
22:09:29.545 [main] DEBUG o.a.h.c.p.RequestProxyAuthentication - Proxy auth state: UNCHALLENGED
22:09:29.545 [main] DEBUG o.a.h.impl.client.DefaultHttpClient - Attempt 1 to execute request
22:09:29.545 [main] DEBUG o.a.h.i.conn.DefaultClientConnection - Sending request: GET /3?c=2&b=4 HTTP/1.1
22:09:29.545 [main] DEBUG org.apache.http.wire -  >> "GET /3?c=2&b=4 HTTP/1.1[\r][\n]"
22:09:29.545 [main] DEBUG org.apache.http.wire -  >> "Accept: */*[\r][\n]"
22:09:29.545 [main] DEBUG org.apache.http.wire -  >> "Host: localhost:8080[\r][\n]"
22:09:29.545 [main] DEBUG org.apache.http.wire -  >> "Connection: Keep-Alive[\r][\n]"
22:09:29.545 [main] DEBUG org.apache.http.wire -  >> "User-Agent: Apache-HttpClient/4.5.3 (Java/13.0.5.1)[\r][\n]"
22:09:29.545 [main] DEBUG org.apache.http.wire -  >> "Accept-Encoding: gzip,deflate[\r][\n]"
22:09:29.545 [main] DEBUG org.apache.http.wire -  >> "[\r][\n]"
22:09:29.545 [main] DEBUG org.apache.http.headers - >> GET /3?c=2&b=4 HTTP/1.1
22:09:29.545 [main] DEBUG org.apache.http.headers - >> Accept: */*
22:09:29.545 [main] DEBUG org.apache.http.headers - >> Host: localhost:8080
22:09:29.545 [main] DEBUG org.apache.http.headers - >> Connection: Keep-Alive
22:09:29.545 [main] DEBUG org.apache.http.headers - >> User-Agent: Apache-HttpClient/4.5.3 (Java/13.0.5.1)
22:09:29.545 [main] DEBUG org.apache.http.headers - >> Accept-Encoding: gzip,deflate
22:09:29.560 [main] DEBUG org.apache.http.wire -  << "HTTP/1.1 200 OK[\r][\n]"
22:09:29.560 [main] DEBUG org.apache.http.wire -  << "Server: Apache-Coyote/1.1[\r][\n]"
22:09:29.560 [main] DEBUG org.apache.http.wire -  << "Content-Type: text/plain;charset=UTF-8[\r][\n]"
22:09:29.560 [main] DEBUG org.apache.http.wire -  << "Content-Length: 6[\r][\n]"
22:09:29.560 [main] DEBUG org.apache.http.wire -  << "Date: Sun, 07 Feb 2021 21:09:29 GMT[\r][\n]"
22:09:29.560 [main] DEBUG org.apache.http.wire -  << "[\r][\n]"
22:09:29.560 [main] DEBUG o.a.h.i.conn.DefaultClientConnection - Receiving response: HTTP/1.1 200 OK
22:09:29.560 [main] DEBUG org.apache.http.headers - << HTTP/1.1 200 OK
22:09:29.560 [main] DEBUG org.apache.http.headers - << Server: Apache-Coyote/1.1
22:09:29.560 [main] DEBUG org.apache.http.headers - << Content-Type: text/plain;charset=UTF-8
22:09:29.560 [main] DEBUG org.apache.http.headers - << Content-Length: 6
22:09:29.560 [main] DEBUG org.apache.http.headers - << Date: Sun, 07 Feb 2021 21:09:29 GMT
22:09:29.560 [main] DEBUG o.a.h.impl.client.DefaultHttpClient - Connection can be kept alive indefinitely
22:09:29.561 [main] DEBUG i.r.i.RequestSpecificationImpl$RestAssuredHttpBuilder - Parsing response as: text/plain;charset=UTF-8
22:09:29.561 [main] DEBUG i.r.i.RequestSpecificationImpl$RestAssuredHttpBuilder - Parsed data to instance of: class org.apache.http.conn.EofSensorInputStream
22:09:29.561 [main] DEBUG org.apache.http.wire -  << "b:1000"
22:09:29.561 [main] DEBUG o.a.h.i.c.BasicClientConnectionManager - Releasing connection org.apache.http.impl.conn.ManagedClientConnectionImpl@71b6172c
22:09:29.561 [main] DEBUG o.a.h.i.c.BasicClientConnectionManager - Connection can be kept alive indefinitely
22:09:29.563 [main] DEBUG o.a.h.i.c.BasicClientConnectionManager - Get connection for route {}->http://localhost:8080
22:09:29.564 [main] DEBUG o.a.h.i.c.DefaultClientConnectionOperator - Connecting to localhost:8080
22:09:29.564 [main] DEBUG o.a.h.c.protocol.RequestAddCookies - CookieSpec selected: ignoreCookies
22:09:29.564 [main] DEBUG o.a.h.c.protocol.RequestAuthCache - Auth cache not set in the context
22:09:29.564 [main] DEBUG o.a.h.c.p.RequestTargetAuthentication - Target auth state: UNCHALLENGED
22:09:29.564 [main] DEBUG o.a.h.c.p.RequestProxyAuthentication - Proxy auth state: UNCHALLENGED
22:09:29.564 [main] DEBUG o.a.h.impl.client.DefaultHttpClient - Attempt 1 to execute request
22:09:29.564 [main] DEBUG o.a.h.i.conn.DefaultClientConnection - Sending request: GET /3?c=2&b=4 HTTP/1.1
22:09:29.564 [main] DEBUG org.apache.http.wire -  >> "GET /3?c=2&b=4 HTTP/1.1[\r][\n]"
22:09:29.564 [main] DEBUG org.apache.http.wire -  >> "Accept: */*[\r][\n]"
22:09:29.564 [main] DEBUG org.apache.http.wire -  >> "Host: localhost:8080[\r][\n]"
22:09:29.564 [main] DEBUG org.apache.http.wire -  >> "Connection: Keep-Alive[\r][\n]"
22:09:29.564 [main] DEBUG org.apache.http.wire -  >> "User-Agent: Apache-HttpClient/4.5.3 (Java/13.0.5.1)[\r][\n]"
22:09:29.564 [main] DEBUG org.apache.http.wire -  >> "Accept-Encoding: gzip,deflate[\r][\n]"
22:09:29.564 [main] DEBUG org.apache.http.wire -  >> "[\r][\n]"
22:09:29.564 [main] DEBUG org.apache.http.headers - >> GET /3?c=2&b=4 HTTP/1.1
22:09:29.564 [main] DEBUG org.apache.http.headers - >> Accept: */*
22:09:29.564 [main] DEBUG org.apache.http.headers - >> Host: localhost:8080
22:09:29.564 [main] DEBUG org.apache.http.headers - >> Connection: Keep-Alive
22:09:29.564 [main] DEBUG org.apache.http.headers - >> User-Agent: Apache-HttpClient/4.5.3 (Java/13.0.5.1)
22:09:29.564 [main] DEBUG org.apache.http.headers - >> Accept-Encoding: gzip,deflate
22:09:29.581 [main] DEBUG org.apache.http.wire -  << "HTTP/1.1 200 OK[\r][\n]"
22:09:29.581 [main] DEBUG org.apache.http.wire -  << "Server: Apache-Coyote/1.1[\r][\n]"
22:09:29.581 [main] DEBUG org.apache.http.wire -  << "Content-Type: text/plain;charset=UTF-8[\r][\n]"
22:09:29.581 [main] DEBUG org.apache.http.wire -  << "Content-Length: 6[\r][\n]"
22:09:29.581 [main] DEBUG org.apache.http.wire -  << "Date: Sun, 07 Feb 2021 21:09:29 GMT[\r][\n]"
22:09:29.581 [main] DEBUG org.apache.http.wire -  << "[\r][\n]"
22:09:29.581 [main] DEBUG o.a.h.i.conn.DefaultClientConnection - Receiving response: HTTP/1.1 200 OK
22:09:29.581 [main] DEBUG org.apache.http.headers - << HTTP/1.1 200 OK
22:09:29.581 [main] DEBUG org.apache.http.headers - << Server: Apache-Coyote/1.1
22:09:29.581 [main] DEBUG org.apache.http.headers - << Content-Type: text/plain;charset=UTF-8
22:09:29.581 [main] DEBUG org.apache.http.headers - << Content-Length: 6
22:09:29.581 [main] DEBUG org.apache.http.headers - << Date: Sun, 07 Feb 2021 21:09:29 GMT
22:09:29.581 [main] DEBUG o.a.h.impl.client.DefaultHttpClient - Connection can be kept alive indefinitely
22:09:29.581 [main] DEBUG i.r.i.RequestSpecificationImpl$RestAssuredHttpBuilder - Parsing response as: text/plain;charset=UTF-8
22:09:29.581 [main] DEBUG i.r.i.RequestSpecificationImpl$RestAssuredHttpBuilder - Parsed data to instance of: class org.apache.http.conn.EofSensorInputStream
22:09:29.582 [main] DEBUG org.apache.http.wire -  << "b:1000"
22:09:29.582 [main] DEBUG o.a.h.i.c.BasicClientConnectionManager - Releasing connection org.apache.http.impl.conn.ManagedClientConnectionImpl@5e5beb8a
22:09:29.582 [main] DEBUG o.a.h.i.c.BasicClientConnectionManager - Connection can be kept alive indefinitely
22:09:29.585 [main] DEBUG o.a.h.i.c.BasicClientConnectionManager - Get connection for route {}->http://localhost:8080
22:09:29.585 [main] DEBUG o.a.h.i.c.DefaultClientConnectionOperator - Connecting to localhost:8080
22:09:29.586 [main] DEBUG o.a.h.c.protocol.RequestAddCookies - CookieSpec selected: ignoreCookies
22:09:29.586 [main] DEBUG o.a.h.c.protocol.RequestAuthCache - Auth cache not set in the context
22:09:29.586 [main] DEBUG o.a.h.c.p.RequestTargetAuthentication - Target auth state: UNCHALLENGED
22:09:29.586 [main] DEBUG o.a.h.c.p.RequestProxyAuthentication - Proxy auth state: UNCHALLENGED
22:09:29.586 [main] DEBUG o.a.h.impl.client.DefaultHttpClient - Attempt 1 to execute request
22:09:29.586 [main] DEBUG o.a.h.i.conn.DefaultClientConnection - Sending request: GET /3?c=2&b=4 HTTP/1.1
22:09:29.586 [main] DEBUG org.apache.http.wire -  >> "GET /3?c=2&b=4 HTTP/1.1[\r][\n]"
22:09:29.586 [main] DEBUG org.apache.http.wire -  >> "Accept: */*[\r][\n]"
22:09:29.586 [main] DEBUG org.apache.http.wire -  >> "Host: localhost:8080[\r][\n]"
22:09:29.586 [main] DEBUG org.apache.http.wire -  >> "Connection: Keep-Alive[\r][\n]"
22:09:29.586 [main] DEBUG org.apache.http.wire -  >> "User-Agent: Apache-HttpClient/4.5.3 (Java/13.0.5.1)[\r][\n]"
22:09:29.586 [main] DEBUG org.apache.http.wire -  >> "Accept-Encoding: gzip,deflate[\r][\n]"
22:09:29.586 [main] DEBUG org.apache.http.wire -  >> "[\r][\n]"
22:09:29.586 [main] DEBUG org.apache.http.headers - >> GET /3?c=2&b=4 HTTP/1.1
22:09:29.586 [main] DEBUG org.apache.http.headers - >> Accept: */*
22:09:29.586 [main] DEBUG org.apache.http.headers - >> Host: localhost:8080
22:09:29.586 [main] DEBUG org.apache.http.headers - >> Connection: Keep-Alive
22:09:29.586 [main] DEBUG org.apache.http.headers - >> User-Agent: Apache-HttpClient/4.5.3 (Java/13.0.5.1)
22:09:29.586 [main] DEBUG org.apache.http.headers - >> Accept-Encoding: gzip,deflate
22:09:29.601 [main] DEBUG org.apache.http.wire -  << "HTTP/1.1 200 OK[\r][\n]"
22:09:29.601 [main] DEBUG org.apache.http.wire -  << "Server: Apache-Coyote/1.1[\r][\n]"
22:09:29.601 [main] DEBUG org.apache.http.wire -  << "Content-Type: text/plain;charset=UTF-8[\r][\n]"
22:09:29.601 [main] DEBUG org.apache.http.wire -  << "Content-Length: 6[\r][\n]"
22:09:29.601 [main] DEBUG org.apache.http.wire -  << "Date: Sun, 07 Feb 2021 21:09:29 GMT[\r][\n]"
22:09:29.601 [main] DEBUG org.apache.http.wire -  << "[\r][\n]"
22:09:29.601 [main] DEBUG o.a.h.i.conn.DefaultClientConnection - Receiving response: HTTP/1.1 200 OK
22:09:29.601 [main] DEBUG org.apache.http.headers - << HTTP/1.1 200 OK
22:09:29.601 [main] DEBUG org.apache.http.headers - << Server: Apache-Coyote/1.1
22:09:29.601 [main] DEBUG org.apache.http.headers - << Content-Type: text/plain;charset=UTF-8
22:09:29.601 [main] DEBUG org.apache.http.headers - << Content-Length: 6
22:09:29.601 [main] DEBUG org.apache.http.headers - << Date: Sun, 07 Feb 2021 21:09:29 GMT
22:09:29.601 [main] DEBUG o.a.h.impl.client.DefaultHttpClient - Connection can be kept alive indefinitely
22:09:29.601 [main] DEBUG i.r.i.RequestSpecificationImpl$RestAssuredHttpBuilder - Parsing response as: text/plain;charset=UTF-8
22:09:29.601 [main] DEBUG i.r.i.RequestSpecificationImpl$RestAssuredHttpBuilder - Parsed data to instance of: class org.apache.http.conn.EofSensorInputStream
22:09:29.602 [main] DEBUG org.apache.http.wire -  << "b:1000"
22:09:29.602 [main] DEBUG o.a.h.i.c.BasicClientConnectionManager - Releasing connection org.apache.http.impl.conn.ManagedClientConnectionImpl@733ec58b
22:09:29.602 [main] DEBUG o.a.h.i.c.BasicClientConnectionManager - Connection can be kept alive indefinitely
22:09:29.605 [main] DEBUG o.a.h.i.c.BasicClientConnectionManager - Get connection for route {}->http://localhost:8080
22:09:29.605 [main] DEBUG o.a.h.i.c.DefaultClientConnectionOperator - Connecting to localhost:8080
22:09:29.605 [main] DEBUG o.a.h.c.protocol.RequestAddCookies - CookieSpec selected: ignoreCookies
22:09:29.605 [main] DEBUG o.a.h.c.protocol.RequestAuthCache - Auth cache not set in the context
22:09:29.605 [main] DEBUG o.a.h.c.p.RequestTargetAuthentication - Target auth state: UNCHALLENGED
22:09:29.605 [main] DEBUG o.a.h.c.p.RequestProxyAuthentication - Proxy auth state: UNCHALLENGED
22:09:29.605 [main] DEBUG o.a.h.impl.client.DefaultHttpClient - Attempt 1 to execute request
22:09:29.605 [main] DEBUG o.a.h.i.conn.DefaultClientConnection - Sending request: GET /3?c=2&b=4 HTTP/1.1
22:09:29.605 [main] DEBUG org.apache.http.wire -  >> "GET /3?c=2&b=4 HTTP/1.1[\r][\n]"
22:09:29.605 [main] DEBUG org.apache.http.wire -  >> "Accept: */*[\r][\n]"
22:09:29.605 [main] DEBUG org.apache.http.wire -  >> "Host: localhost:8080[\r][\n]"
22:09:29.605 [main] DEBUG org.apache.http.wire -  >> "Connection: Keep-Alive[\r][\n]"
22:09:29.605 [main] DEBUG org.apache.http.wire -  >> "User-Agent: Apache-HttpClient/4.5.3 (Java/13.0.5.1)[\r][\n]"
22:09:29.605 [main] DEBUG org.apache.http.wire -  >> "Accept-Encoding: gzip,deflate[\r][\n]"
22:09:29.605 [main] DEBUG org.apache.http.wire -  >> "[\r][\n]"
22:09:29.605 [main] DEBUG org.apache.http.headers - >> GET /3?c=2&b=4 HTTP/1.1
22:09:29.605 [main] DEBUG org.apache.http.headers - >> Accept: */*
22:09:29.605 [main] DEBUG org.apache.http.headers - >> Host: localhost:8080
22:09:29.606 [main] DEBUG org.apache.http.headers - >> Connection: Keep-Alive
22:09:29.606 [main] DEBUG org.apache.http.headers - >> User-Agent: Apache-HttpClient/4.5.3 (Java/13.0.5.1)
22:09:29.606 [main] DEBUG org.apache.http.headers - >> Accept-Encoding: gzip,deflate
22:09:29.625 [main] DEBUG org.apache.http.wire -  << "HTTP/1.1 200 OK[\r][\n]"
22:09:29.625 [main] DEBUG org.apache.http.wire -  << "Server: Apache-Coyote/1.1[\r][\n]"
22:09:29.626 [main] DEBUG org.apache.http.wire -  << "Content-Type: text/plain;charset=UTF-8[\r][\n]"
22:09:29.626 [main] DEBUG org.apache.http.wire -  << "Content-Length: 6[\r][\n]"
22:09:29.626 [main] DEBUG org.apache.http.wire -  << "Date: Sun, 07 Feb 2021 21:09:29 GMT[\r][\n]"
22:09:29.626 [main] DEBUG org.apache.http.wire -  << "[\r][\n]"
22:09:29.626 [main] DEBUG o.a.h.i.conn.DefaultClientConnection - Receiving response: HTTP/1.1 200 OK
22:09:29.626 [main] DEBUG org.apache.http.headers - << HTTP/1.1 200 OK
22:09:29.626 [main] DEBUG org.apache.http.headers - << Server: Apache-Coyote/1.1
22:09:29.626 [main] DEBUG org.apache.http.headers - << Content-Type: text/plain;charset=UTF-8
22:09:29.626 [main] DEBUG org.apache.http.headers - << Content-Length: 6
22:09:29.626 [main] DEBUG org.apache.http.headers - << Date: Sun, 07 Feb 2021 21:09:29 GMT
22:09:29.626 [main] DEBUG o.a.h.impl.client.DefaultHttpClient - Connection can be kept alive indefinitely
22:09:29.626 [main] DEBUG i.r.i.RequestSpecificationImpl$RestAssuredHttpBuilder - Parsing response as: text/plain;charset=UTF-8
22:09:29.626 [main] DEBUG i.r.i.RequestSpecificationImpl$RestAssuredHttpBuilder - Parsed data to instance of: class org.apache.http.conn.EofSensorInputStream
22:09:29.626 [main] DEBUG org.apache.http.wire -  << "b:1000"
22:09:29.626 [main] DEBUG o.a.h.i.c.BasicClientConnectionManager - Releasing connection org.apache.http.impl.conn.ManagedClientConnectionImpl@56cc9f29
22:09:29.626 [main] DEBUG o.a.h.i.c.BasicClientConnectionManager - Connection can be kept alive indefinitely
22:09:29.634 [main] DEBUG o.a.h.i.c.BasicClientConnectionManager - Get connection for route {}->http://localhost:8080
22:09:29.634 [main] DEBUG o.a.h.i.c.DefaultClientConnectionOperator - Connecting to localhost:8080
22:09:29.635 [main] DEBUG o.a.h.c.protocol.RequestAddCookies - CookieSpec selected: ignoreCookies
22:09:29.635 [main] DEBUG o.a.h.c.protocol.RequestAuthCache - Auth cache not set in the context
22:09:29.635 [main] DEBUG o.a.h.c.p.RequestTargetAuthentication - Target auth state: UNCHALLENGED
22:09:29.635 [main] DEBUG o.a.h.c.p.RequestProxyAuthentication - Proxy auth state: UNCHALLENGED
22:09:29.635 [main] DEBUG o.a.h.impl.client.DefaultHttpClient - Attempt 1 to execute request
22:09:29.635 [main] DEBUG o.a.h.i.conn.DefaultClientConnection - Sending request: GET /3?c=2&b=4 HTTP/1.1
22:09:29.635 [main] DEBUG org.apache.http.wire -  >> "GET /3?c=2&b=4 HTTP/1.1[\r][\n]"
22:09:29.635 [main] DEBUG org.apache.http.wire -  >> "Accept: */*[\r][\n]"
22:09:29.636 [main] DEBUG org.apache.http.wire -  >> "Host: localhost:8080[\r][\n]"
22:09:29.636 [main] DEBUG org.apache.http.wire -  >> "Connection: Keep-Alive[\r][\n]"
22:09:29.636 [main] DEBUG org.apache.http.wire -  >> "User-Agent: Apache-HttpClient/4.5.3 (Java/13.0.5.1)[\r][\n]"
22:09:29.636 [main] DEBUG org.apache.http.wire -  >> "Accept-Encoding: gzip,deflate[\r][\n]"
22:09:29.636 [main] DEBUG org.apache.http.wire -  >> "[\r][\n]"
22:09:29.636 [main] DEBUG org.apache.http.headers - >> GET /3?c=2&b=4 HTTP/1.1
22:09:29.636 [main] DEBUG org.apache.http.headers - >> Accept: */*
22:09:29.636 [main] DEBUG org.apache.http.headers - >> Host: localhost:8080
22:09:29.636 [main] DEBUG org.apache.http.headers - >> Connection: Keep-Alive
22:09:29.636 [main] DEBUG org.apache.http.headers - >> User-Agent: Apache-HttpClient/4.5.3 (Java/13.0.5.1)
22:09:29.636 [main] DEBUG org.apache.http.headers - >> Accept-Encoding: gzip,deflate
22:09:29.659 [main] DEBUG org.apache.http.wire -  << "HTTP/1.1 200 OK[\r][\n]"
22:09:29.659 [main] DEBUG org.apache.http.wire -  << "Server: Apache-Coyote/1.1[\r][\n]"
22:09:29.659 [main] DEBUG org.apache.http.wire -  << "Content-Type: text/plain;charset=UTF-8[\r][\n]"
22:09:29.659 [main] DEBUG org.apache.http.wire -  << "Content-Length: 6[\r][\n]"
22:09:29.659 [main] DEBUG org.apache.http.wire -  << "Date: Sun, 07 Feb 2021 21:09:29 GMT[\r][\n]"
22:09:29.659 [main] DEBUG org.apache.http.wire -  << "[\r][\n]"
22:09:29.659 [main] DEBUG o.a.h.i.conn.DefaultClientConnection - Receiving response: HTTP/1.1 200 OK
22:09:29.659 [main] DEBUG org.apache.http.headers - << HTTP/1.1 200 OK
22:09:29.659 [main] DEBUG org.apache.http.headers - << Server: Apache-Coyote/1.1
22:09:29.659 [main] DEBUG org.apache.http.headers - << Content-Type: text/plain;charset=UTF-8
22:09:29.659 [main] DEBUG org.apache.http.headers - << Content-Length: 6
22:09:29.659 [main] DEBUG org.apache.http.headers - << Date: Sun, 07 Feb 2021 21:09:29 GMT
22:09:29.659 [main] DEBUG o.a.h.impl.client.DefaultHttpClient - Connection can be kept alive indefinitely
22:09:29.660 [main] DEBUG i.r.i.RequestSpecificationImpl$RestAssuredHttpBuilder - Parsing response as: text/plain;charset=UTF-8
22:09:29.660 [main] DEBUG i.r.i.RequestSpecificationImpl$RestAssuredHttpBuilder - Parsed data to instance of: class org.apache.http.conn.EofSensorInputStream
22:09:29.660 [main] DEBUG org.apache.http.wire -  << "b:1000"
22:09:29.660 [main] DEBUG o.a.h.i.c.BasicClientConnectionManager - Releasing connection org.apache.http.impl.conn.ManagedClientConnectionImpl@54a2d96e
22:09:29.660 [main] DEBUG o.a.h.i.c.BasicClientConnectionManager - Connection can be kept alive indefinitely
22:09:29.663 [main] DEBUG o.a.h.i.c.BasicClientConnectionManager - Get connection for route {}->http://localhost:8080
22:09:29.663 [main] DEBUG o.a.h.i.c.DefaultClientConnectionOperator - Connecting to localhost:8080
22:09:29.664 [main] DEBUG o.a.h.c.protocol.RequestAddCookies - CookieSpec selected: ignoreCookies
22:09:29.664 [main] DEBUG o.a.h.c.protocol.RequestAuthCache - Auth cache not set in the context
22:09:29.664 [main] DEBUG o.a.h.c.p.RequestTargetAuthentication - Target auth state: UNCHALLENGED
22:09:29.664 [main] DEBUG o.a.h.c.p.RequestProxyAuthentication - Proxy auth state: UNCHALLENGED
22:09:29.664 [main] DEBUG o.a.h.impl.client.DefaultHttpClient - Attempt 1 to execute request
22:09:29.664 [main] DEBUG o.a.h.i.conn.DefaultClientConnection - Sending request: GET /3?c=2&b=4 HTTP/1.1
22:09:29.664 [main] DEBUG org.apache.http.wire -  >> "GET /3?c=2&b=4 HTTP/1.1[\r][\n]"
22:09:29.664 [main] DEBUG org.apache.http.wire -  >> "Accept: */*[\r][\n]"
22:09:29.664 [main] DEBUG org.apache.http.wire -  >> "Host: localhost:8080[\r][\n]"
22:09:29.664 [main] DEBUG org.apache.http.wire -  >> "Connection: Keep-Alive[\r][\n]"
22:09:29.664 [main] DEBUG org.apache.http.wire -  >> "User-Agent: Apache-HttpClient/4.5.3 (Java/13.0.5.1)[\r][\n]"
22:09:29.664 [main] DEBUG org.apache.http.wire -  >> "Accept-Encoding: gzip,deflate[\r][\n]"
22:09:29.664 [main] DEBUG org.apache.http.wire -  >> "[\r][\n]"
22:09:29.664 [main] DEBUG org.apache.http.headers - >> GET /3?c=2&b=4 HTTP/1.1
22:09:29.664 [main] DEBUG org.apache.http.headers - >> Accept: */*
22:09:29.664 [main] DEBUG org.apache.http.headers - >> Host: localhost:8080
22:09:29.664 [main] DEBUG org.apache.http.headers - >> Connection: Keep-Alive
22:09:29.664 [main] DEBUG org.apache.http.headers - >> User-Agent: Apache-HttpClient/4.5.3 (Java/13.0.5.1)
22:09:29.664 [main] DEBUG org.apache.http.headers - >> Accept-Encoding: gzip,deflate
22:09:29.684 [main] DEBUG org.apache.http.wire -  << "HTTP/1.1 200 OK[\r][\n]"
22:09:29.684 [main] DEBUG org.apache.http.wire -  << "Server: Apache-Coyote/1.1[\r][\n]"
22:09:29.684 [main] DEBUG org.apache.http.wire -  << "Content-Type: text/plain;charset=UTF-8[\r][\n]"
22:09:29.684 [main] DEBUG org.apache.http.wire -  << "Content-Length: 6[\r][\n]"
22:09:29.684 [main] DEBUG org.apache.http.wire -  << "Date: Sun, 07 Feb 2021 21:09:29 GMT[\r][\n]"
22:09:29.684 [main] DEBUG org.apache.http.wire -  << "[\r][\n]"
22:09:29.684 [main] DEBUG o.a.h.i.conn.DefaultClientConnection - Receiving response: HTTP/1.1 200 OK
22:09:29.684 [main] DEBUG org.apache.http.headers - << HTTP/1.1 200 OK
22:09:29.684 [main] DEBUG org.apache.http.headers - << Server: Apache-Coyote/1.1
22:09:29.684 [main] DEBUG org.apache.http.headers - << Content-Type: text/plain;charset=UTF-8
22:09:29.684 [main] DEBUG org.apache.http.headers - << Content-Length: 6
22:09:29.684 [main] DEBUG org.apache.http.headers - << Date: Sun, 07 Feb 2021 21:09:29 GMT
22:09:29.684 [main] DEBUG o.a.h.impl.client.DefaultHttpClient - Connection can be kept alive indefinitely
22:09:29.684 [main] DEBUG i.r.i.RequestSpecificationImpl$RestAssuredHttpBuilder - Parsing response as: text/plain;charset=UTF-8
22:09:29.684 [main] DEBUG i.r.i.RequestSpecificationImpl$RestAssuredHttpBuilder - Parsed data to instance of: class org.apache.http.conn.EofSensorInputStream
22:09:29.685 [main] DEBUG org.apache.http.wire -  << "b:1000"
22:09:29.685 [main] DEBUG o.a.h.i.c.BasicClientConnectionManager - Releasing connection org.apache.http.impl.conn.ManagedClientConnectionImpl@6f825516
22:09:29.685 [main] DEBUG o.a.h.i.c.BasicClientConnectionManager - Connection can be kept alive indefinitely
22:09:29.689 [main] DEBUG o.a.h.i.c.BasicClientConnectionManager - Get connection for route {}->http://localhost:8080
22:09:29.689 [main] DEBUG o.a.h.i.c.DefaultClientConnectionOperator - Connecting to localhost:8080
22:09:29.690 [main] DEBUG o.a.h.c.protocol.RequestAddCookies - CookieSpec selected: ignoreCookies
22:09:29.690 [main] DEBUG o.a.h.c.protocol.RequestAuthCache - Auth cache not set in the context
22:09:29.690 [main] DEBUG o.a.h.c.p.RequestTargetAuthentication - Target auth state: UNCHALLENGED
22:09:29.690 [main] DEBUG o.a.h.c.p.RequestProxyAuthentication - Proxy auth state: UNCHALLENGED
22:09:29.690 [main] DEBUG o.a.h.impl.client.DefaultHttpClient - Attempt 1 to execute request
22:09:29.690 [main] DEBUG o.a.h.i.conn.DefaultClientConnection - Sending request: GET /3?c=2&b=4 HTTP/1.1
22:09:29.690 [main] DEBUG org.apache.http.wire -  >> "GET /3?c=2&b=4 HTTP/1.1[\r][\n]"
22:09:29.690 [main] DEBUG org.apache.http.wire -  >> "Accept: */*[\r][\n]"
22:09:29.690 [main] DEBUG org.apache.http.wire -  >> "Host: localhost:8080[\r][\n]"
22:09:29.690 [main] DEBUG org.apache.http.wire -  >> "Connection: Keep-Alive[\r][\n]"
22:09:29.690 [main] DEBUG org.apache.http.wire -  >> "User-Agent: Apache-HttpClient/4.5.3 (Java/13.0.5.1)[\r][\n]"
22:09:29.690 [main] DEBUG org.apache.http.wire -  >> "Accept-Encoding: gzip,deflate[\r][\n]"
22:09:29.690 [main] DEBUG org.apache.http.wire -  >> "[\r][\n]"
22:09:29.690 [main] DEBUG org.apache.http.headers - >> GET /3?c=2&b=4 HTTP/1.1
22:09:29.690 [main] DEBUG org.apache.http.headers - >> Accept: */*
22:09:29.690 [main] DEBUG org.apache.http.headers - >> Host: localhost:8080
22:09:29.690 [main] DEBUG org.apache.http.headers - >> Connection: Keep-Alive
22:09:29.690 [main] DEBUG org.apache.http.headers - >> User-Agent: Apache-HttpClient/4.5.3 (Java/13.0.5.1)
22:09:29.690 [main] DEBUG org.apache.http.headers - >> Accept-Encoding: gzip,deflate
22:09:29.707 [main] DEBUG org.apache.http.wire -  << "HTTP/1.1 200 OK[\r][\n]"
22:09:29.707 [main] DEBUG org.apache.http.wire -  << "Server: Apache-Coyote/1.1[\r][\n]"
22:09:29.707 [main] DEBUG org.apache.http.wire -  << "Content-Type: text/plain;charset=UTF-8[\r][\n]"
22:09:29.707 [main] DEBUG org.apache.http.wire -  << "Content-Length: 6[\r][\n]"
22:09:29.707 [main] DEBUG org.apache.http.wire -  << "Date: Sun, 07 Feb 2021 21:09:29 GMT[\r][\n]"
22:09:29.707 [main] DEBUG org.apache.http.wire -  << "[\r][\n]"
22:09:29.707 [main] DEBUG o.a.h.i.conn.DefaultClientConnection - Receiving response: HTTP/1.1 200 OK
22:09:29.707 [main] DEBUG org.apache.http.headers - << HTTP/1.1 200 OK
22:09:29.707 [main] DEBUG org.apache.http.headers - << Server: Apache-Coyote/1.1
22:09:29.707 [main] DEBUG org.apache.http.headers - << Content-Type: text/plain;charset=UTF-8
22:09:29.707 [main] DEBUG org.apache.http.headers - << Content-Length: 6
22:09:29.707 [main] DEBUG org.apache.http.headers - << Date: Sun, 07 Feb 2021 21:09:29 GMT
22:09:29.707 [main] DEBUG o.a.h.impl.client.DefaultHttpClient - Connection can be kept alive indefinitely
22:09:29.708 [main] DEBUG i.r.i.RequestSpecificationImpl$RestAssuredHttpBuilder - Parsing response as: text/plain;charset=UTF-8
22:09:29.708 [main] DEBUG i.r.i.RequestSpecificationImpl$RestAssuredHttpBuilder - Parsed data to instance of: class org.apache.http.conn.EofSensorInputStream
22:09:29.708 [main] DEBUG org.apache.http.wire -  << "b:1000"
22:09:29.708 [main] DEBUG o.a.h.i.c.BasicClientConnectionManager - Releasing connection org.apache.http.impl.conn.ManagedClientConnectionImpl@1b482cbf
22:09:29.708 [main] DEBUG o.a.h.i.c.BasicClientConnectionManager - Connection can be kept alive indefinitely
22:09:29.711 [main] DEBUG o.a.h.i.c.BasicClientConnectionManager - Get connection for route {}->http://localhost:8080
22:09:29.711 [main] DEBUG o.a.h.i.c.DefaultClientConnectionOperator - Connecting to localhost:8080
22:09:29.712 [main] DEBUG o.a.h.c.protocol.RequestAddCookies - CookieSpec selected: ignoreCookies
22:09:29.712 [main] DEBUG o.a.h.c.protocol.RequestAuthCache - Auth cache not set in the context
22:09:29.712 [main] DEBUG o.a.h.c.p.RequestTargetAuthentication - Target auth state: UNCHALLENGED
22:09:29.712 [main] DEBUG o.a.h.c.p.RequestProxyAuthentication - Proxy auth state: UNCHALLENGED
22:09:29.712 [main] DEBUG o.a.h.impl.client.DefaultHttpClient - Attempt 1 to execute request
22:09:29.712 [main] DEBUG o.a.h.i.conn.DefaultClientConnection - Sending request: GET /3?c=2&b=4 HTTP/1.1
22:09:29.712 [main] DEBUG org.apache.http.wire -  >> "GET /3?c=2&b=4 HTTP/1.1[\r][\n]"
22:09:29.712 [main] DEBUG org.apache.http.wire -  >> "Accept: */*[\r][\n]"
22:09:29.712 [main] DEBUG org.apache.http.wire -  >> "Host: localhost:8080[\r][\n]"
22:09:29.712 [main] DEBUG org.apache.http.wire -  >> "Connection: Keep-Alive[\r][\n]"
22:09:29.712 [main] DEBUG org.apache.http.wire -  >> "User-Agent: Apache-HttpClient/4.5.3 (Java/13.0.5.1)[\r][\n]"
22:09:29.712 [main] DEBUG org.apache.http.wire -  >> "Accept-Encoding: gzip,deflate[\r][\n]"
22:09:29.712 [main] DEBUG org.apache.http.wire -  >> "[\r][\n]"
22:09:29.712 [main] DEBUG org.apache.http.headers - >> GET /3?c=2&b=4 HTTP/1.1
22:09:29.712 [main] DEBUG org.apache.http.headers - >> Accept: */*
22:09:29.712 [main] DEBUG org.apache.http.headers - >> Host: localhost:8080
22:09:29.712 [main] DEBUG org.apache.http.headers - >> Connection: Keep-Alive
22:09:29.712 [main] DEBUG org.apache.http.headers - >> User-Agent: Apache-HttpClient/4.5.3 (Java/13.0.5.1)
22:09:29.712 [main] DEBUG org.apache.http.headers - >> Accept-Encoding: gzip,deflate
22:09:29.726 [main] DEBUG org.apache.http.wire -  << "HTTP/1.1 200 OK[\r][\n]"
22:09:29.726 [main] DEBUG org.apache.http.wire -  << "Server: Apache-Coyote/1.1[\r][\n]"
22:09:29.726 [main] DEBUG org.apache.http.wire -  << "Content-Type: text/plain;charset=UTF-8[\r][\n]"
22:09:29.726 [main] DEBUG org.apache.http.wire -  << "Content-Length: 6[\r][\n]"
22:09:29.727 [main] DEBUG org.apache.http.wire -  << "Date: Sun, 07 Feb 2021 21:09:29 GMT[\r][\n]"
22:09:29.727 [main] DEBUG org.apache.http.wire -  << "[\r][\n]"
22:09:29.727 [main] DEBUG o.a.h.i.conn.DefaultClientConnection - Receiving response: HTTP/1.1 200 OK
22:09:29.727 [main] DEBUG org.apache.http.headers - << HTTP/1.1 200 OK
22:09:29.727 [main] DEBUG org.apache.http.headers - << Server: Apache-Coyote/1.1
22:09:29.727 [main] DEBUG org.apache.http.headers - << Content-Type: text/plain;charset=UTF-8
22:09:29.727 [main] DEBUG org.apache.http.headers - << Content-Length: 6
22:09:29.727 [main] DEBUG org.apache.http.headers - << Date: Sun, 07 Feb 2021 21:09:29 GMT
22:09:29.727 [main] DEBUG o.a.h.impl.client.DefaultHttpClient - Connection can be kept alive indefinitely
22:09:29.727 [main] DEBUG i.r.i.RequestSpecificationImpl$RestAssuredHttpBuilder - Parsing response as: text/plain;charset=UTF-8
22:09:29.727 [main] DEBUG i.r.i.RequestSpecificationImpl$RestAssuredHttpBuilder - Parsed data to instance of: class org.apache.http.conn.EofSensorInputStream
22:09:29.729 [main] DEBUG org.apache.http.wire -  << "b:1000"
22:09:29.729 [main] DEBUG o.a.h.i.c.BasicClientConnectionManager - Releasing connection org.apache.http.impl.conn.ManagedClientConnectionImpl@38ee7a9d
22:09:29.729 [main] DEBUG o.a.h.i.c.BasicClientConnectionManager - Connection can be kept alive indefinitely
22:09:29.737 [main] DEBUG o.a.h.i.c.BasicClientConnectionManager - Get connection for route {}->http://localhost:8080
22:09:29.737 [main] DEBUG o.a.h.i.c.DefaultClientConnectionOperator - Connecting to localhost:8080
22:09:29.738 [main] DEBUG o.a.h.c.protocol.RequestAddCookies - CookieSpec selected: ignoreCookies
22:09:29.738 [main] DEBUG o.a.h.c.protocol.RequestAuthCache - Auth cache not set in the context
22:09:29.738 [main] DEBUG o.a.h.c.p.RequestTargetAuthentication - Target auth state: UNCHALLENGED
22:09:29.738 [main] DEBUG o.a.h.c.p.RequestProxyAuthentication - Proxy auth state: UNCHALLENGED
22:09:29.738 [main] DEBUG o.a.h.impl.client.DefaultHttpClient - Attempt 1 to execute request
22:09:29.738 [main] DEBUG o.a.h.i.conn.DefaultClientConnection - Sending request: GET /3?c=2&b=4 HTTP/1.1
22:09:29.738 [main] DEBUG org.apache.http.wire -  >> "GET /3?c=2&b=4 HTTP/1.1[\r][\n]"
22:09:29.738 [main] DEBUG org.apache.http.wire -  >> "Accept: */*[\r][\n]"
22:09:29.738 [main] DEBUG org.apache.http.wire -  >> "Host: localhost:8080[\r][\n]"
22:09:29.738 [main] DEBUG org.apache.http.wire -  >> "Connection: Keep-Alive[\r][\n]"
22:09:29.738 [main] DEBUG org.apache.http.wire -  >> "User-Agent: Apache-HttpClient/4.5.3 (Java/13.0.5.1)[\r][\n]"
22:09:29.738 [main] DEBUG org.apache.http.wire -  >> "Accept-Encoding: gzip,deflate[\r][\n]"
22:09:29.738 [main] DEBUG org.apache.http.wire -  >> "[\r][\n]"
22:09:29.738 [main] DEBUG org.apache.http.headers - >> GET /3?c=2&b=4 HTTP/1.1
22:09:29.738 [main] DEBUG org.apache.http.headers - >> Accept: */*
22:09:29.738 [main] DEBUG org.apache.http.headers - >> Host: localhost:8080
22:09:29.738 [main] DEBUG org.apache.http.headers - >> Connection: Keep-Alive
22:09:29.738 [main] DEBUG org.apache.http.headers - >> User-Agent: Apache-HttpClient/4.5.3 (Java/13.0.5.1)
22:09:29.738 [main] DEBUG org.apache.http.headers - >> Accept-Encoding: gzip,deflate
22:09:29.759 [main] DEBUG org.apache.http.wire -  << "HTTP/1.1 200 OK[\r][\n]"
22:09:29.759 [main] DEBUG org.apache.http.wire -  << "Server: Apache-Coyote/1.1[\r][\n]"
22:09:29.759 [main] DEBUG org.apache.http.wire -  << "Content-Type: text/plain;charset=UTF-8[\r][\n]"
22:09:29.759 [main] DEBUG org.apache.http.wire -  << "Content-Length: 6[\r][\n]"
22:09:29.759 [main] DEBUG org.apache.http.wire -  << "Date: Sun, 07 Feb 2021 21:09:29 GMT[\r][\n]"
22:09:29.759 [main] DEBUG org.apache.http.wire -  << "[\r][\n]"
22:09:29.759 [main] DEBUG o.a.h.i.conn.DefaultClientConnection - Receiving response: HTTP/1.1 200 OK
22:09:29.759 [main] DEBUG org.apache.http.headers - << HTTP/1.1 200 OK
22:09:29.759 [main] DEBUG org.apache.http.headers - << Server: Apache-Coyote/1.1
22:09:29.759 [main] DEBUG org.apache.http.headers - << Content-Type: text/plain;charset=UTF-8
22:09:29.759 [main] DEBUG org.apache.http.headers - << Content-Length: 6
22:09:29.759 [main] DEBUG org.apache.http.headers - << Date: Sun, 07 Feb 2021 21:09:29 GMT
22:09:29.759 [main] DEBUG o.a.h.impl.client.DefaultHttpClient - Connection can be kept alive indefinitely
22:09:29.759 [main] DEBUG i.r.i.RequestSpecificationImpl$RestAssuredHttpBuilder - Parsing response as: text/plain;charset=UTF-8
22:09:29.759 [main] DEBUG i.r.i.RequestSpecificationImpl$RestAssuredHttpBuilder - Parsed data to instance of: class org.apache.http.conn.EofSensorInputStream
22:09:29.760 [main] DEBUG org.apache.http.wire -  << "b:1000"
22:09:29.760 [main] DEBUG o.a.h.i.c.BasicClientConnectionManager - Releasing connection org.apache.http.impl.conn.ManagedClientConnectionImpl@4c1d59cd
22:09:29.760 [main] DEBUG o.a.h.i.c.BasicClientConnectionManager - Connection can be kept alive indefinitely
22:09:29.763 [main] DEBUG o.a.h.i.c.BasicClientConnectionManager - Get connection for route {}->http://localhost:8080
22:09:29.763 [main] DEBUG o.a.h.i.c.DefaultClientConnectionOperator - Connecting to localhost:8080
22:09:29.764 [main] DEBUG o.a.h.c.protocol.RequestAddCookies - CookieSpec selected: ignoreCookies
22:09:29.764 [main] DEBUG o.a.h.c.protocol.RequestAuthCache - Auth cache not set in the context
22:09:29.764 [main] DEBUG o.a.h.c.p.RequestTargetAuthentication - Target auth state: UNCHALLENGED
22:09:29.764 [main] DEBUG o.a.h.c.p.RequestProxyAuthentication - Proxy auth state: UNCHALLENGED
22:09:29.764 [main] DEBUG o.a.h.impl.client.DefaultHttpClient - Attempt 1 to execute request
22:09:29.764 [main] DEBUG o.a.h.i.conn.DefaultClientConnection - Sending request: GET /3?c=2&b=4 HTTP/1.1
22:09:29.764 [main] DEBUG org.apache.http.wire -  >> "GET /3?c=2&b=4 HTTP/1.1[\r][\n]"
22:09:29.764 [main] DEBUG org.apache.http.wire -  >> "Accept: */*[\r][\n]"
22:09:29.764 [main] DEBUG org.apache.http.wire -  >> "Host: localhost:8080[\r][\n]"
22:09:29.764 [main] DEBUG org.apache.http.wire -  >> "Connection: Keep-Alive[\r][\n]"
22:09:29.764 [main] DEBUG org.apache.http.wire -  >> "User-Agent: Apache-HttpClient/4.5.3 (Java/13.0.5.1)[\r][\n]"
22:09:29.764 [main] DEBUG org.apache.http.wire -  >> "Accept-Encoding: gzip,deflate[\r][\n]"
22:09:29.764 [main] DEBUG org.apache.http.wire -  >> "[\r][\n]"
22:09:29.764 [main] DEBUG org.apache.http.headers - >> GET /3?c=2&b=4 HTTP/1.1
22:09:29.764 [main] DEBUG org.apache.http.headers - >> Accept: */*
22:09:29.764 [main] DEBUG org.apache.http.headers - >> Host: localhost:8080
22:09:29.764 [main] DEBUG org.apache.http.headers - >> Connection: Keep-Alive
22:09:29.764 [main] DEBUG org.apache.http.headers - >> User-Agent: Apache-HttpClient/4.5.3 (Java/13.0.5.1)
22:09:29.764 [main] DEBUG org.apache.http.headers - >> Accept-Encoding: gzip,deflate
22:09:29.789 [main] DEBUG org.apache.http.wire -  << "HTTP/1.1 200 OK[\r][\n]"
22:09:29.789 [main] DEBUG org.apache.http.wire -  << "Server: Apache-Coyote/1.1[\r][\n]"
22:09:29.789 [main] DEBUG org.apache.http.wire -  << "Content-Type: text/plain;charset=UTF-8[\r][\n]"
22:09:29.789 [main] DEBUG org.apache.http.wire -  << "Content-Length: 6[\r][\n]"
22:09:29.789 [main] DEBUG org.apache.http.wire -  << "Date: Sun, 07 Feb 2021 21:09:29 GMT[\r][\n]"
22:09:29.789 [main] DEBUG org.apache.http.wire -  << "[\r][\n]"
22:09:29.789 [main] DEBUG o.a.h.i.conn.DefaultClientConnection - Receiving response: HTTP/1.1 200 OK
22:09:29.789 [main] DEBUG org.apache.http.headers - << HTTP/1.1 200 OK
22:09:29.789 [main] DEBUG org.apache.http.headers - << Server: Apache-Coyote/1.1
22:09:29.789 [main] DEBUG org.apache.http.headers - << Content-Type: text/plain;charset=UTF-8
22:09:29.789 [main] DEBUG org.apache.http.headers - << Content-Length: 6
22:09:29.789 [main] DEBUG org.apache.http.headers - << Date: Sun, 07 Feb 2021 21:09:29 GMT
22:09:29.789 [main] DEBUG o.a.h.impl.client.DefaultHttpClient - Connection can be kept alive indefinitely
22:09:29.789 [main] DEBUG i.r.i.RequestSpecificationImpl$RestAssuredHttpBuilder - Parsing response as: text/plain;charset=UTF-8
22:09:29.789 [main] DEBUG i.r.i.RequestSpecificationImpl$RestAssuredHttpBuilder - Parsed data to instance of: class org.apache.http.conn.EofSensorInputStream
22:09:29.790 [main] DEBUG org.apache.http.wire -  << "b:1000"
22:09:29.790 [main] DEBUG o.a.h.i.c.BasicClientConnectionManager - Releasing connection org.apache.http.impl.conn.ManagedClientConnectionImpl@20999517
22:09:29.790 [main] DEBUG o.a.h.i.c.BasicClientConnectionManager - Connection can be kept alive indefinitely
22:09:29.792 [main] DEBUG o.a.h.i.c.BasicClientConnectionManager - Get connection for route {}->http://localhost:8080
22:09:29.793 [main] DEBUG o.a.h.i.c.DefaultClientConnectionOperator - Connecting to localhost:8080
22:09:29.793 [main] DEBUG o.a.h.c.protocol.RequestAddCookies - CookieSpec selected: ignoreCookies
22:09:29.793 [main] DEBUG o.a.h.c.protocol.RequestAuthCache - Auth cache not set in the context
22:09:29.793 [main] DEBUG o.a.h.c.p.RequestTargetAuthentication - Target auth state: UNCHALLENGED
22:09:29.793 [main] DEBUG o.a.h.c.p.RequestProxyAuthentication - Proxy auth state: UNCHALLENGED
22:09:29.793 [main] DEBUG o.a.h.impl.client.DefaultHttpClient - Attempt 1 to execute request
22:09:29.793 [main] DEBUG o.a.h.i.conn.DefaultClientConnection - Sending request: GET /3?c=2&b=4 HTTP/1.1
22:09:29.793 [main] DEBUG org.apache.http.wire -  >> "GET /3?c=2&b=4 HTTP/1.1[\r][\n]"
22:09:29.793 [main] DEBUG org.apache.http.wire -  >> "Accept: */*[\r][\n]"
22:09:29.793 [main] DEBUG org.apache.http.wire -  >> "Host: localhost:8080[\r][\n]"
22:09:29.793 [main] DEBUG org.apache.http.wire -  >> "Connection: Keep-Alive[\r][\n]"
22:09:29.793 [main] DEBUG org.apache.http.wire -  >> "User-Agent: Apache-HttpClient/4.5.3 (Java/13.0.5.1)[\r][\n]"
22:09:29.793 [main] DEBUG org.apache.http.wire -  >> "Accept-Encoding: gzip,deflate[\r][\n]"
22:09:29.793 [main] DEBUG org.apache.http.wire -  >> "[\r][\n]"
22:09:29.793 [main] DEBUG org.apache.http.headers - >> GET /3?c=2&b=4 HTTP/1.1
22:09:29.793 [main] DEBUG org.apache.http.headers - >> Accept: */*
22:09:29.793 [main] DEBUG org.apache.http.headers - >> Host: localhost:8080
22:09:29.793 [main] DEBUG org.apache.http.headers - >> Connection: Keep-Alive
22:09:29.793 [main] DEBUG org.apache.http.headers - >> User-Agent: Apache-HttpClient/4.5.3 (Java/13.0.5.1)
22:09:29.793 [main] DEBUG org.apache.http.headers - >> Accept-Encoding: gzip,deflate
22:09:29.812 [main] DEBUG org.apache.http.wire -  << "HTTP/1.1 200 OK[\r][\n]"
22:09:29.812 [main] DEBUG org.apache.http.wire -  << "Server: Apache-Coyote/1.1[\r][\n]"
22:09:29.812 [main] DEBUG org.apache.http.wire -  << "Content-Type: text/plain;charset=UTF-8[\r][\n]"
22:09:29.812 [main] DEBUG org.apache.http.wire -  << "Content-Length: 6[\r][\n]"
22:09:29.812 [main] DEBUG org.apache.http.wire -  << "Date: Sun, 07 Feb 2021 21:09:29 GMT[\r][\n]"
22:09:29.812 [main] DEBUG org.apache.http.wire -  << "[\r][\n]"
22:09:29.812 [main] DEBUG o.a.h.i.conn.DefaultClientConnection - Receiving response: HTTP/1.1 200 OK
22:09:29.812 [main] DEBUG org.apache.http.headers - << HTTP/1.1 200 OK
22:09:29.813 [main] DEBUG org.apache.http.headers - << Server: Apache-Coyote/1.1
22:09:29.813 [main] DEBUG org.apache.http.headers - << Content-Type: text/plain;charset=UTF-8
22:09:29.813 [main] DEBUG org.apache.http.headers - << Content-Length: 6
22:09:29.813 [main] DEBUG org.apache.http.headers - << Date: Sun, 07 Feb 2021 21:09:29 GMT
22:09:29.813 [main] DEBUG o.a.h.impl.client.DefaultHttpClient - Connection can be kept alive indefinitely
22:09:29.813 [main] DEBUG i.r.i.RequestSpecificationImpl$RestAssuredHttpBuilder - Parsing response as: text/plain;charset=UTF-8
22:09:29.813 [main] DEBUG i.r.i.RequestSpecificationImpl$RestAssuredHttpBuilder - Parsed data to instance of: class org.apache.http.conn.EofSensorInputStream
22:09:29.814 [main] DEBUG org.apache.http.wire -  << "b:1000"
22:09:29.814 [main] DEBUG o.a.h.i.c.BasicClientConnectionManager - Releasing connection org.apache.http.impl.conn.ManagedClientConnectionImpl@2bc7db89
22:09:29.814 [main] DEBUG o.a.h.i.c.BasicClientConnectionManager - Connection can be kept alive indefinitely
22:09:29.818 [main] DEBUG o.a.h.i.c.BasicClientConnectionManager - Get connection for route {}->http://localhost:8080
22:09:29.818 [main] DEBUG o.a.h.i.c.DefaultClientConnectionOperator - Connecting to localhost:8080
22:09:29.818 [main] DEBUG o.a.h.c.protocol.RequestAddCookies - CookieSpec selected: ignoreCookies
22:09:29.818 [main] DEBUG o.a.h.c.protocol.RequestAuthCache - Auth cache not set in the context
22:09:29.818 [main] DEBUG o.a.h.c.p.RequestTargetAuthentication - Target auth state: UNCHALLENGED
22:09:29.818 [main] DEBUG o.a.h.c.p.RequestProxyAuthentication - Proxy auth state: UNCHALLENGED
22:09:29.818 [main] DEBUG o.a.h.impl.client.DefaultHttpClient - Attempt 1 to execute request
22:09:29.818 [main] DEBUG o.a.h.i.conn.DefaultClientConnection - Sending request: GET /3?c=2&b=4 HTTP/1.1
22:09:29.818 [main] DEBUG org.apache.http.wire -  >> "GET /3?c=2&b=4 HTTP/1.1[\r][\n]"
22:09:29.818 [main] DEBUG org.apache.http.wire -  >> "Accept: */*[\r][\n]"
22:09:29.818 [main] DEBUG org.apache.http.wire -  >> "Host: localhost:8080[\r][\n]"
22:09:29.818 [main] DEBUG org.apache.http.wire -  >> "Connection: Keep-Alive[\r][\n]"
22:09:29.818 [main] DEBUG org.apache.http.wire -  >> "User-Agent: Apache-HttpClient/4.5.3 (Java/13.0.5.1)[\r][\n]"
22:09:29.818 [main] DEBUG org.apache.http.wire -  >> "Accept-Encoding: gzip,deflate[\r][\n]"
22:09:29.819 [main] DEBUG org.apache.http.wire -  >> "[\r][\n]"
22:09:29.819 [main] DEBUG org.apache.http.headers - >> GET /3?c=2&b=4 HTTP/1.1
22:09:29.819 [main] DEBUG org.apache.http.headers - >> Accept: */*
22:09:29.819 [main] DEBUG org.apache.http.headers - >> Host: localhost:8080
22:09:29.819 [main] DEBUG org.apache.http.headers - >> Connection: Keep-Alive
22:09:29.819 [main] DEBUG org.apache.http.headers - >> User-Agent: Apache-HttpClient/4.5.3 (Java/13.0.5.1)
22:09:29.819 [main] DEBUG org.apache.http.headers - >> Accept-Encoding: gzip,deflate
22:09:29.835 [main] DEBUG org.apache.http.wire -  << "HTTP/1.1 200 OK[\r][\n]"
22:09:29.835 [main] DEBUG org.apache.http.wire -  << "Server: Apache-Coyote/1.1[\r][\n]"
22:09:29.835 [main] DEBUG org.apache.http.wire -  << "Content-Type: text/plain;charset=UTF-8[\r][\n]"
22:09:29.835 [main] DEBUG org.apache.http.wire -  << "Content-Length: 6[\r][\n]"
22:09:29.835 [main] DEBUG org.apache.http.wire -  << "Date: Sun, 07 Feb 2021 21:09:29 GMT[\r][\n]"
22:09:29.835 [main] DEBUG org.apache.http.wire -  << "[\r][\n]"
22:09:29.835 [main] DEBUG o.a.h.i.conn.DefaultClientConnection - Receiving response: HTTP/1.1 200 OK
22:09:29.835 [main] DEBUG org.apache.http.headers - << HTTP/1.1 200 OK
22:09:29.835 [main] DEBUG org.apache.http.headers - << Server: Apache-Coyote/1.1
22:09:29.835 [main] DEBUG org.apache.http.headers - << Content-Type: text/plain;charset=UTF-8
22:09:29.835 [main] DEBUG org.apache.http.headers - << Content-Length: 6
22:09:29.835 [main] DEBUG org.apache.http.headers - << Date: Sun, 07 Feb 2021 21:09:29 GMT
22:09:29.835 [main] DEBUG o.a.h.impl.client.DefaultHttpClient - Connection can be kept alive indefinitely
22:09:29.835 [main] DEBUG i.r.i.RequestSpecificationImpl$RestAssuredHttpBuilder - Parsing response as: text/plain;charset=UTF-8
22:09:29.835 [main] DEBUG i.r.i.RequestSpecificationImpl$RestAssuredHttpBuilder - Parsed data to instance of: class org.apache.http.conn.EofSensorInputStream
22:09:29.835 [main] DEBUG org.apache.http.wire -  << "b:1000"
22:09:29.836 [main] DEBUG o.a.h.i.c.BasicClientConnectionManager - Releasing connection org.apache.http.impl.conn.ManagedClientConnectionImpl@55b5cd2b
22:09:29.836 [main] DEBUG o.a.h.i.c.BasicClientConnectionManager - Connection can be kept alive indefinitely
22:09:29.837 [main] DEBUG o.a.h.i.c.BasicClientConnectionManager - Get connection for route {}->http://localhost:8080
22:09:29.838 [main] DEBUG o.a.h.i.c.DefaultClientConnectionOperator - Connecting to localhost:8080
22:09:29.838 [main] DEBUG o.a.h.c.protocol.RequestAddCookies - CookieSpec selected: ignoreCookies
22:09:29.838 [main] DEBUG o.a.h.c.protocol.RequestAuthCache - Auth cache not set in the context
22:09:29.838 [main] DEBUG o.a.h.c.p.RequestTargetAuthentication - Target auth state: UNCHALLENGED
22:09:29.838 [main] DEBUG o.a.h.c.p.RequestProxyAuthentication - Proxy auth state: UNCHALLENGED
22:09:29.838 [main] DEBUG o.a.h.impl.client.DefaultHttpClient - Attempt 1 to execute request
22:09:29.838 [main] DEBUG o.a.h.i.conn.DefaultClientConnection - Sending request: GET /3?c=2&b=4 HTTP/1.1
22:09:29.838 [main] DEBUG org.apache.http.wire -  >> "GET /3?c=2&b=4 HTTP/1.1[\r][\n]"
22:09:29.838 [main] DEBUG org.apache.http.wire -  >> "Accept: */*[\r][\n]"
22:09:29.838 [main] DEBUG org.apache.http.wire -  >> "Host: localhost:8080[\r][\n]"
22:09:29.838 [main] DEBUG org.apache.http.wire -  >> "Connection: Keep-Alive[\r][\n]"
22:09:29.838 [main] DEBUG org.apache.http.wire -  >> "User-Agent: Apache-HttpClient/4.5.3 (Java/13.0.5.1)[\r][\n]"
22:09:29.838 [main] DEBUG org.apache.http.wire -  >> "Accept-Encoding: gzip,deflate[\r][\n]"
22:09:29.838 [main] DEBUG org.apache.http.wire -  >> "[\r][\n]"
22:09:29.838 [main] DEBUG org.apache.http.headers - >> GET /3?c=2&b=4 HTTP/1.1
22:09:29.838 [main] DEBUG org.apache.http.headers - >> Accept: */*
22:09:29.838 [main] DEBUG org.apache.http.headers - >> Host: localhost:8080
22:09:29.838 [main] DEBUG org.apache.http.headers - >> Connection: Keep-Alive
22:09:29.838 [main] DEBUG org.apache.http.headers - >> User-Agent: Apache-HttpClient/4.5.3 (Java/13.0.5.1)
22:09:29.838 [main] DEBUG org.apache.http.headers - >> Accept-Encoding: gzip,deflate
22:09:29.856 [main] DEBUG org.apache.http.wire -  << "HTTP/1.1 200 OK[\r][\n]"
22:09:29.856 [main] DEBUG org.apache.http.wire -  << "Server: Apache-Coyote/1.1[\r][\n]"
22:09:29.856 [main] DEBUG org.apache.http.wire -  << "Content-Type: text/plain;charset=UTF-8[\r][\n]"
22:09:29.856 [main] DEBUG org.apache.http.wire -  << "Content-Length: 6[\r][\n]"
22:09:29.856 [main] DEBUG org.apache.http.wire -  << "Date: Sun, 07 Feb 2021 21:09:29 GMT[\r][\n]"
22:09:29.856 [main] DEBUG org.apache.http.wire -  << "[\r][\n]"
22:09:29.856 [main] DEBUG o.a.h.i.conn.DefaultClientConnection - Receiving response: HTTP/1.1 200 OK
22:09:29.856 [main] DEBUG org.apache.http.headers - << HTTP/1.1 200 OK
22:09:29.856 [main] DEBUG org.apache.http.headers - << Server: Apache-Coyote/1.1
22:09:29.856 [main] DEBUG org.apache.http.headers - << Content-Type: text/plain;charset=UTF-8
22:09:29.856 [main] DEBUG org.apache.http.headers - << Content-Length: 6
22:09:29.856 [main] DEBUG org.apache.http.headers - << Date: Sun, 07 Feb 2021 21:09:29 GMT
22:09:29.857 [main] DEBUG o.a.h.impl.client.DefaultHttpClient - Connection can be kept alive indefinitely
22:09:29.857 [main] DEBUG i.r.i.RequestSpecificationImpl$RestAssuredHttpBuilder - Parsing response as: text/plain;charset=UTF-8
22:09:29.857 [main] DEBUG i.r.i.RequestSpecificationImpl$RestAssuredHttpBuilder - Parsed data to instance of: class org.apache.http.conn.EofSensorInputStream
22:09:29.857 [main] DEBUG org.apache.http.wire -  << "b:1000"
22:09:29.857 [main] DEBUG o.a.h.i.c.BasicClientConnectionManager - Releasing connection org.apache.http.impl.conn.ManagedClientConnectionImpl@173f1614
22:09:29.857 [main] DEBUG o.a.h.i.c.BasicClientConnectionManager - Connection can be kept alive indefinitely
22:09:29.860 [main] DEBUG o.a.h.i.c.BasicClientConnectionManager - Get connection for route {}->http://localhost:8080
22:09:29.860 [main] DEBUG o.a.h.i.c.DefaultClientConnectionOperator - Connecting to localhost:8080
22:09:29.860 [main] DEBUG o.a.h.c.protocol.RequestAddCookies - CookieSpec selected: ignoreCookies
22:09:29.861 [main] DEBUG o.a.h.c.protocol.RequestAuthCache - Auth cache not set in the context
22:09:29.861 [main] DEBUG o.a.h.c.p.RequestTargetAuthentication - Target auth state: UNCHALLENGED
22:09:29.861 [main] DEBUG o.a.h.c.p.RequestProxyAuthentication - Proxy auth state: UNCHALLENGED
22:09:29.861 [main] DEBUG o.a.h.impl.client.DefaultHttpClient - Attempt 1 to execute request
22:09:29.861 [main] DEBUG o.a.h.i.conn.DefaultClientConnection - Sending request: GET /3?c=2&b=4 HTTP/1.1
22:09:29.861 [main] DEBUG org.apache.http.wire -  >> "GET /3?c=2&b=4 HTTP/1.1[\r][\n]"
22:09:29.861 [main] DEBUG org.apache.http.wire -  >> "Accept: */*[\r][\n]"
22:09:29.861 [main] DEBUG org.apache.http.wire -  >> "Host: localhost:8080[\r][\n]"
22:09:29.861 [main] DEBUG org.apache.http.wire -  >> "Connection: Keep-Alive[\r][\n]"
22:09:29.861 [main] DEBUG org.apache.http.wire -  >> "User-Agent: Apache-HttpClient/4.5.3 (Java/13.0.5.1)[\r][\n]"
22:09:29.861 [main] DEBUG org.apache.http.wire -  >> "Accept-Encoding: gzip,deflate[\r][\n]"
22:09:29.861 [main] DEBUG org.apache.http.wire -  >> "[\r][\n]"
22:09:29.861 [main] DEBUG org.apache.http.headers - >> GET /3?c=2&b=4 HTTP/1.1
22:09:29.861 [main] DEBUG org.apache.http.headers - >> Accept: */*
22:09:29.861 [main] DEBUG org.apache.http.headers - >> Host: localhost:8080
22:09:29.861 [main] DEBUG org.apache.http.headers - >> Connection: Keep-Alive
22:09:29.861 [main] DEBUG org.apache.http.headers - >> User-Agent: Apache-HttpClient/4.5.3 (Java/13.0.5.1)
22:09:29.861 [main] DEBUG org.apache.http.headers - >> Accept-Encoding: gzip,deflate
22:09:29.876 [main] DEBUG org.apache.http.wire -  << "HTTP/1.1 200 OK[\r][\n]"
22:09:29.877 [main] DEBUG org.apache.http.wire -  << "Server: Apache-Coyote/1.1[\r][\n]"
22:09:29.877 [main] DEBUG org.apache.http.wire -  << "Content-Type: text/plain;charset=UTF-8[\r][\n]"
22:09:29.877 [main] DEBUG org.apache.http.wire -  << "Content-Length: 6[\r][\n]"
22:09:29.877 [main] DEBUG org.apache.http.wire -  << "Date: Sun, 07 Feb 2021 21:09:29 GMT[\r][\n]"
22:09:29.877 [main] DEBUG org.apache.http.wire -  << "[\r][\n]"
22:09:29.877 [main] DEBUG o.a.h.i.conn.DefaultClientConnection - Receiving response: HTTP/1.1 200 OK
22:09:29.877 [main] DEBUG org.apache.http.headers - << HTTP/1.1 200 OK
22:09:29.877 [main] DEBUG org.apache.http.headers - << Server: Apache-Coyote/1.1
22:09:29.877 [main] DEBUG org.apache.http.headers - << Content-Type: text/plain;charset=UTF-8
22:09:29.877 [main] DEBUG org.apache.http.headers - << Content-Length: 6
22:09:29.877 [main] DEBUG org.apache.http.headers - << Date: Sun, 07 Feb 2021 21:09:29 GMT
22:09:29.877 [main] DEBUG o.a.h.impl.client.DefaultHttpClient - Connection can be kept alive indefinitely
22:09:29.877 [main] DEBUG i.r.i.RequestSpecificationImpl$RestAssuredHttpBuilder - Parsing response as: text/plain;charset=UTF-8
22:09:29.877 [main] DEBUG i.r.i.RequestSpecificationImpl$RestAssuredHttpBuilder - Parsed data to instance of: class org.apache.http.conn.EofSensorInputStream
22:09:29.877 [main] DEBUG org.apache.http.wire -  << "b:1000"
22:09:29.877 [main] DEBUG o.a.h.i.c.BasicClientConnectionManager - Releasing connection org.apache.http.impl.conn.ManagedClientConnectionImpl@158e9f6e
22:09:29.877 [main] DEBUG o.a.h.i.c.BasicClientConnectionManager - Connection can be kept alive indefinitely
22:09:29.880 [main] DEBUG o.a.h.i.c.BasicClientConnectionManager - Get connection for route {}->http://localhost:8080
22:09:29.880 [main] DEBUG o.a.h.i.c.DefaultClientConnectionOperator - Connecting to localhost:8080
22:09:29.880 [main] DEBUG o.a.h.c.protocol.RequestAddCookies - CookieSpec selected: ignoreCookies
22:09:29.880 [main] DEBUG o.a.h.c.protocol.RequestAuthCache - Auth cache not set in the context
22:09:29.880 [main] DEBUG o.a.h.c.p.RequestTargetAuthentication - Target auth state: UNCHALLENGED
22:09:29.880 [main] DEBUG o.a.h.c.p.RequestProxyAuthentication - Proxy auth state: UNCHALLENGED
22:09:29.880 [main] DEBUG o.a.h.impl.client.DefaultHttpClient - Attempt 1 to execute request
22:09:29.880 [main] DEBUG o.a.h.i.conn.DefaultClientConnection - Sending request: GET /3?c=2&b=4 HTTP/1.1
22:09:29.880 [main] DEBUG org.apache.http.wire -  >> "GET /3?c=2&b=4 HTTP/1.1[\r][\n]"
22:09:29.880 [main] DEBUG org.apache.http.wire -  >> "Accept: */*[\r][\n]"
22:09:29.880 [main] DEBUG org.apache.http.wire -  >> "Host: localhost:8080[\r][\n]"
22:09:29.880 [main] DEBUG org.apache.http.wire -  >> "Connection: Keep-Alive[\r][\n]"
22:09:29.880 [main] DEBUG org.apache.http.wire -  >> "User-Agent: Apache-HttpClient/4.5.3 (Java/13.0.5.1)[\r][\n]"
22:09:29.880 [main] DEBUG org.apache.http.wire -  >> "Accept-Encoding: gzip,deflate[\r][\n]"
22:09:29.880 [main] DEBUG org.apache.http.wire -  >> "[\r][\n]"
22:09:29.880 [main] DEBUG org.apache.http.headers - >> GET /3?c=2&b=4 HTTP/1.1
22:09:29.880 [main] DEBUG org.apache.http.headers - >> Accept: */*
22:09:29.880 [main] DEBUG org.apache.http.headers - >> Host: localhost:8080
22:09:29.880 [main] DEBUG org.apache.http.headers - >> Connection: Keep-Alive
22:09:29.880 [main] DEBUG org.apache.http.headers - >> User-Agent: Apache-HttpClient/4.5.3 (Java/13.0.5.1)
22:09:29.880 [main] DEBUG org.apache.http.headers - >> Accept-Encoding: gzip,deflate
22:09:29.901 [main] DEBUG org.apache.http.wire -  << "HTTP/1.1 200 OK[\r][\n]"
22:09:29.901 [main] DEBUG org.apache.http.wire -  << "Server: Apache-Coyote/1.1[\r][\n]"
22:09:29.901 [main] DEBUG org.apache.http.wire -  << "Content-Type: text/plain;charset=UTF-8[\r][\n]"
22:09:29.901 [main] DEBUG org.apache.http.wire -  << "Content-Length: 6[\r][\n]"
22:09:29.901 [main] DEBUG org.apache.http.wire -  << "Date: Sun, 07 Feb 2021 21:09:29 GMT[\r][\n]"
22:09:29.901 [main] DEBUG org.apache.http.wire -  << "[\r][\n]"
22:09:29.901 [main] DEBUG o.a.h.i.conn.DefaultClientConnection - Receiving response: HTTP/1.1 200 OK
22:09:29.901 [main] DEBUG org.apache.http.headers - << HTTP/1.1 200 OK
22:09:29.901 [main] DEBUG org.apache.http.headers - << Server: Apache-Coyote/1.1
22:09:29.901 [main] DEBUG org.apache.http.headers - << Content-Type: text/plain;charset=UTF-8
22:09:29.901 [main] DEBUG org.apache.http.headers - << Content-Length: 6
22:09:29.901 [main] DEBUG org.apache.http.headers - << Date: Sun, 07 Feb 2021 21:09:29 GMT
22:09:29.901 [main] DEBUG o.a.h.impl.client.DefaultHttpClient - Connection can be kept alive indefinitely
22:09:29.901 [main] DEBUG i.r.i.RequestSpecificationImpl$RestAssuredHttpBuilder - Parsing response as: text/plain;charset=UTF-8
22:09:29.901 [main] DEBUG i.r.i.RequestSpecificationImpl$RestAssuredHttpBuilder - Parsed data to instance of: class org.apache.http.conn.EofSensorInputStream
22:09:29.902 [main] DEBUG org.apache.http.wire -  << "b:1000"
22:09:29.902 [main] DEBUG o.a.h.i.c.BasicClientConnectionManager - Releasing connection org.apache.http.impl.conn.ManagedClientConnectionImpl@daf22f0
22:09:29.902 [main] DEBUG o.a.h.i.c.BasicClientConnectionManager - Connection can be kept alive indefinitely
22:09:29.906 [main] DEBUG o.a.h.i.c.BasicClientConnectionManager - Get connection for route {}->http://localhost:8080
22:09:29.907 [main] DEBUG o.a.h.i.c.DefaultClientConnectionOperator - Connecting to localhost:8080
22:09:29.907 [main] DEBUG o.a.h.c.protocol.RequestAddCookies - CookieSpec selected: ignoreCookies
22:09:29.907 [main] DEBUG o.a.h.c.protocol.RequestAuthCache - Auth cache not set in the context
22:09:29.908 [main] DEBUG o.a.h.c.p.RequestTargetAuthentication - Target auth state: UNCHALLENGED
22:09:29.908 [main] DEBUG o.a.h.c.p.RequestProxyAuthentication - Proxy auth state: UNCHALLENGED
22:09:29.908 [main] DEBUG o.a.h.impl.client.DefaultHttpClient - Attempt 1 to execute request
22:09:29.908 [main] DEBUG o.a.h.i.conn.DefaultClientConnection - Sending request: GET /3?c=2&b=4 HTTP/1.1
22:09:29.908 [main] DEBUG org.apache.http.wire -  >> "GET /3?c=2&b=4 HTTP/1.1[\r][\n]"
22:09:29.908 [main] DEBUG org.apache.http.wire -  >> "Accept: */*[\r][\n]"
22:09:29.908 [main] DEBUG org.apache.http.wire -  >> "Host: localhost:8080[\r][\n]"
22:09:29.908 [main] DEBUG org.apache.http.wire -  >> "Connection: Keep-Alive[\r][\n]"
22:09:29.908 [main] DEBUG org.apache.http.wire -  >> "User-Agent: Apache-HttpClient/4.5.3 (Java/13.0.5.1)[\r][\n]"
22:09:29.908 [main] DEBUG org.apache.http.wire -  >> "Accept-Encoding: gzip,deflate[\r][\n]"
22:09:29.908 [main] DEBUG org.apache.http.wire -  >> "[\r][\n]"
22:09:29.908 [main] DEBUG org.apache.http.headers - >> GET /3?c=2&b=4 HTTP/1.1
22:09:29.908 [main] DEBUG org.apache.http.headers - >> Accept: */*
22:09:29.908 [main] DEBUG org.apache.http.headers - >> Host: localhost:8080
22:09:29.908 [main] DEBUG org.apache.http.headers - >> Connection: Keep-Alive
22:09:29.908 [main] DEBUG org.apache.http.headers - >> User-Agent: Apache-HttpClient/4.5.3 (Java/13.0.5.1)
22:09:29.908 [main] DEBUG org.apache.http.headers - >> Accept-Encoding: gzip,deflate
22:09:29.925 [main] DEBUG org.apache.http.wire -  << "HTTP/1.1 200 OK[\r][\n]"
22:09:29.925 [main] DEBUG org.apache.http.wire -  << "Server: Apache-Coyote/1.1[\r][\n]"
22:09:29.925 [main] DEBUG org.apache.http.wire -  << "Content-Type: text/plain;charset=UTF-8[\r][\n]"
22:09:29.925 [main] DEBUG org.apache.http.wire -  << "Content-Length: 6[\r][\n]"
22:09:29.925 [main] DEBUG org.apache.http.wire -  << "Date: Sun, 07 Feb 2021 21:09:29 GMT[\r][\n]"
22:09:29.925 [main] DEBUG org.apache.http.wire -  << "[\r][\n]"
22:09:29.925 [main] DEBUG o.a.h.i.conn.DefaultClientConnection - Receiving response: HTTP/1.1 200 OK
22:09:29.925 [main] DEBUG org.apache.http.headers - << HTTP/1.1 200 OK
22:09:29.925 [main] DEBUG org.apache.http.headers - << Server: Apache-Coyote/1.1
22:09:29.925 [main] DEBUG org.apache.http.headers - << Content-Type: text/plain;charset=UTF-8
22:09:29.925 [main] DEBUG org.apache.http.headers - << Content-Length: 6
22:09:29.925 [main] DEBUG org.apache.http.headers - << Date: Sun, 07 Feb 2021 21:09:29 GMT
22:09:29.926 [main] DEBUG o.a.h.impl.client.DefaultHttpClient - Connection can be kept alive indefinitely
22:09:29.926 [main] DEBUG i.r.i.RequestSpecificationImpl$RestAssuredHttpBuilder - Parsing response as: text/plain;charset=UTF-8
22:09:29.926 [main] DEBUG i.r.i.RequestSpecificationImpl$RestAssuredHttpBuilder - Parsed data to instance of: class org.apache.http.conn.EofSensorInputStream
22:09:29.926 [main] DEBUG org.apache.http.wire -  << "b:1000"
22:09:29.926 [main] DEBUG o.a.h.i.c.BasicClientConnectionManager - Releasing connection org.apache.http.impl.conn.ManagedClientConnectionImpl@20ead579
22:09:29.926 [main] DEBUG o.a.h.i.c.BasicClientConnectionManager - Connection can be kept alive indefinitely
22:09:29.930 [main] DEBUG o.a.h.i.c.BasicClientConnectionManager - Get connection for route {}->http://localhost:8080
22:09:29.930 [main] DEBUG o.a.h.i.c.DefaultClientConnectionOperator - Connecting to localhost:8080
22:09:29.931 [main] DEBUG o.a.h.c.protocol.RequestAddCookies - CookieSpec selected: ignoreCookies
22:09:29.931 [main] DEBUG o.a.h.c.protocol.RequestAuthCache - Auth cache not set in the context
22:09:29.931 [main] DEBUG o.a.h.c.p.RequestTargetAuthentication - Target auth state: UNCHALLENGED
22:09:29.931 [main] DEBUG o.a.h.c.p.RequestProxyAuthentication - Proxy auth state: UNCHALLENGED
22:09:29.931 [main] DEBUG o.a.h.impl.client.DefaultHttpClient - Attempt 1 to execute request
22:09:29.931 [main] DEBUG o.a.h.i.conn.DefaultClientConnection - Sending request: GET /3?c=2&b=4 HTTP/1.1
22:09:29.931 [main] DEBUG org.apache.http.wire -  >> "GET /3?c=2&b=4 HTTP/1.1[\r][\n]"
22:09:29.931 [main] DEBUG org.apache.http.wire -  >> "Accept: */*[\r][\n]"
22:09:29.931 [main] DEBUG org.apache.http.wire -  >> "Host: localhost:8080[\r][\n]"
22:09:29.931 [main] DEBUG org.apache.http.wire -  >> "Connection: Keep-Alive[\r][\n]"
22:09:29.931 [main] DEBUG org.apache.http.wire -  >> "User-Agent: Apache-HttpClient/4.5.3 (Java/13.0.5.1)[\r][\n]"
22:09:29.931 [main] DEBUG org.apache.http.wire -  >> "Accept-Encoding: gzip,deflate[\r][\n]"
22:09:29.931 [main] DEBUG org.apache.http.wire -  >> "[\r][\n]"
22:09:29.931 [main] DEBUG org.apache.http.headers - >> GET /3?c=2&b=4 HTTP/1.1
22:09:29.931 [main] DEBUG org.apache.http.headers - >> Accept: */*
22:09:29.931 [main] DEBUG org.apache.http.headers - >> Host: localhost:8080
22:09:29.931 [main] DEBUG org.apache.http.headers - >> Connection: Keep-Alive
22:09:29.931 [main] DEBUG org.apache.http.headers - >> User-Agent: Apache-HttpClient/4.5.3 (Java/13.0.5.1)
22:09:29.931 [main] DEBUG org.apache.http.headers - >> Accept-Encoding: gzip,deflate
22:09:29.953 [main] DEBUG org.apache.http.wire -  << "HTTP/1.1 200 OK[\r][\n]"
22:09:29.953 [main] DEBUG org.apache.http.wire -  << "Server: Apache-Coyote/1.1[\r][\n]"
22:09:29.953 [main] DEBUG org.apache.http.wire -  << "Content-Type: text/plain;charset=UTF-8[\r][\n]"
22:09:29.953 [main] DEBUG org.apache.http.wire -  << "Content-Length: 6[\r][\n]"
22:09:29.953 [main] DEBUG org.apache.http.wire -  << "Date: Sun, 07 Feb 2021 21:09:29 GMT[\r][\n]"
22:09:29.953 [main] DEBUG org.apache.http.wire -  << "[\r][\n]"
22:09:29.953 [main] DEBUG o.a.h.i.conn.DefaultClientConnection - Receiving response: HTTP/1.1 200 OK
22:09:29.953 [main] DEBUG org.apache.http.headers - << HTTP/1.1 200 OK
22:09:29.953 [main] DEBUG org.apache.http.headers - << Server: Apache-Coyote/1.1
22:09:29.953 [main] DEBUG org.apache.http.headers - << Content-Type: text/plain;charset=UTF-8
22:09:29.953 [main] DEBUG org.apache.http.headers - << Content-Length: 6
22:09:29.953 [main] DEBUG org.apache.http.headers - << Date: Sun, 07 Feb 2021 21:09:29 GMT
22:09:29.953 [main] DEBUG o.a.h.impl.client.DefaultHttpClient - Connection can be kept alive indefinitely
22:09:29.953 [main] DEBUG i.r.i.RequestSpecificationImpl$RestAssuredHttpBuilder - Parsing response as: text/plain;charset=UTF-8
22:09:29.954 [main] DEBUG i.r.i.RequestSpecificationImpl$RestAssuredHttpBuilder - Parsed data to instance of: class org.apache.http.conn.EofSensorInputStream
22:09:29.954 [main] DEBUG org.apache.http.wire -  << "b:1000"
22:09:29.954 [main] DEBUG o.a.h.i.c.BasicClientConnectionManager - Releasing connection org.apache.http.impl.conn.ManagedClientConnectionImpl@4b1ec694
22:09:29.954 [main] DEBUG o.a.h.i.c.BasicClientConnectionManager - Connection can be kept alive indefinitely
22:09:29.957 [main] DEBUG o.a.h.i.c.BasicClientConnectionManager - Get connection for route {}->http://localhost:8080
22:09:29.957 [main] DEBUG o.a.h.i.c.DefaultClientConnectionOperator - Connecting to localhost:8080
22:09:29.958 [main] DEBUG o.a.h.c.protocol.RequestAddCookies - CookieSpec selected: ignoreCookies
22:09:29.958 [main] DEBUG o.a.h.c.protocol.RequestAuthCache - Auth cache not set in the context
22:09:29.958 [main] DEBUG o.a.h.c.p.RequestTargetAuthentication - Target auth state: UNCHALLENGED
22:09:29.958 [main] DEBUG o.a.h.c.p.RequestProxyAuthentication - Proxy auth state: UNCHALLENGED
22:09:29.958 [main] DEBUG o.a.h.impl.client.DefaultHttpClient - Attempt 1 to execute request
22:09:29.958 [main] DEBUG o.a.h.i.conn.DefaultClientConnection - Sending request: GET /3?c=2&b=4 HTTP/1.1
22:09:29.958 [main] DEBUG org.apache.http.wire -  >> "GET /3?c=2&b=4 HTTP/1.1[\r][\n]"
22:09:29.958 [main] DEBUG org.apache.http.wire -  >> "Accept: */*[\r][\n]"
22:09:29.958 [main] DEBUG org.apache.http.wire -  >> "Host: localhost:8080[\r][\n]"
22:09:29.958 [main] DEBUG org.apache.http.wire -  >> "Connection: Keep-Alive[\r][\n]"
22:09:29.958 [main] DEBUG org.apache.http.wire -  >> "User-Agent: Apache-HttpClient/4.5.3 (Java/13.0.5.1)[\r][\n]"
22:09:29.958 [main] DEBUG org.apache.http.wire -  >> "Accept-Encoding: gzip,deflate[\r][\n]"
22:09:29.958 [main] DEBUG org.apache.http.wire -  >> "[\r][\n]"
22:09:29.958 [main] DEBUG org.apache.http.headers - >> GET /3?c=2&b=4 HTTP/1.1
22:09:29.958 [main] DEBUG org.apache.http.headers - >> Accept: */*
22:09:29.958 [main] DEBUG org.apache.http.headers - >> Host: localhost:8080
22:09:29.958 [main] DEBUG org.apache.http.headers - >> Connection: Keep-Alive
22:09:29.958 [main] DEBUG org.apache.http.headers - >> User-Agent: Apache-HttpClient/4.5.3 (Java/13.0.5.1)
22:09:29.958 [main] DEBUG org.apache.http.headers - >> Accept-Encoding: gzip,deflate
22:09:29.977 [main] DEBUG org.apache.http.wire -  << "HTTP/1.1 200 OK[\r][\n]"
22:09:29.977 [main] DEBUG org.apache.http.wire -  << "Server: Apache-Coyote/1.1[\r][\n]"
22:09:29.977 [main] DEBUG org.apache.http.wire -  << "Content-Type: text/plain;charset=UTF-8[\r][\n]"
22:09:29.977 [main] DEBUG org.apache.http.wire -  << "Content-Length: 6[\r][\n]"
22:09:29.977 [main] DEBUG org.apache.http.wire -  << "Date: Sun, 07 Feb 2021 21:09:29 GMT[\r][\n]"
22:09:29.977 [main] DEBUG org.apache.http.wire -  << "[\r][\n]"
22:09:29.977 [main] DEBUG o.a.h.i.conn.DefaultClientConnection - Receiving response: HTTP/1.1 200 OK
22:09:29.977 [main] DEBUG org.apache.http.headers - << HTTP/1.1 200 OK
22:09:29.977 [main] DEBUG org.apache.http.headers - << Server: Apache-Coyote/1.1
22:09:29.977 [main] DEBUG org.apache.http.headers - << Content-Type: text/plain;charset=UTF-8
22:09:29.977 [main] DEBUG org.apache.http.headers - << Content-Length: 6
22:09:29.977 [main] DEBUG org.apache.http.headers - << Date: Sun, 07 Feb 2021 21:09:29 GMT
22:09:29.978 [main] DEBUG o.a.h.impl.client.DefaultHttpClient - Connection can be kept alive indefinitely
22:09:29.979 [main] DEBUG i.r.i.RequestSpecificationImpl$RestAssuredHttpBuilder - Parsing response as: text/plain;charset=UTF-8
22:09:29.979 [main] DEBUG i.r.i.RequestSpecificationImpl$RestAssuredHttpBuilder - Parsed data to instance of: class org.apache.http.conn.EofSensorInputStream
22:09:29.979 [main] DEBUG org.apache.http.wire -  << "b:1000"
22:09:29.980 [main] DEBUG o.a.h.i.c.BasicClientConnectionManager - Releasing connection org.apache.http.impl.conn.ManagedClientConnectionImpl@2b4d4327
22:09:29.980 [main] DEBUG o.a.h.i.c.BasicClientConnectionManager - Connection can be kept alive indefinitely
22:09:29.984 [main] DEBUG o.a.h.i.c.BasicClientConnectionManager - Get connection for route {}->http://localhost:8080
22:09:29.984 [main] DEBUG o.a.h.i.c.DefaultClientConnectionOperator - Connecting to localhost:8080
22:09:29.984 [main] DEBUG o.a.h.c.protocol.RequestAddCookies - CookieSpec selected: ignoreCookies
22:09:29.984 [main] DEBUG o.a.h.c.protocol.RequestAuthCache - Auth cache not set in the context
22:09:29.984 [main] DEBUG o.a.h.c.p.RequestTargetAuthentication - Target auth state: UNCHALLENGED
22:09:29.984 [main] DEBUG o.a.h.c.p.RequestProxyAuthentication - Proxy auth state: UNCHALLENGED
22:09:29.984 [main] DEBUG o.a.h.impl.client.DefaultHttpClient - Attempt 1 to execute request
22:09:29.984 [main] DEBUG o.a.h.i.conn.DefaultClientConnection - Sending request: GET /3?c=2&b=4 HTTP/1.1
22:09:29.984 [main] DEBUG org.apache.http.wire -  >> "GET /3?c=2&b=4 HTTP/1.1[\r][\n]"
22:09:29.984 [main] DEBUG org.apache.http.wire -  >> "Accept: */*[\r][\n]"
22:09:29.984 [main] DEBUG org.apache.http.wire -  >> "Host: localhost:8080[\r][\n]"
22:09:29.984 [main] DEBUG org.apache.http.wire -  >> "Connection: Keep-Alive[\r][\n]"
22:09:29.984 [main] DEBUG org.apache.http.wire -  >> "User-Agent: Apache-HttpClient/4.5.3 (Java/13.0.5.1)[\r][\n]"
22:09:29.984 [main] DEBUG org.apache.http.wire -  >> "Accept-Encoding: gzip,deflate[\r][\n]"
22:09:29.984 [main] DEBUG org.apache.http.wire -  >> "[\r][\n]"
22:09:29.984 [main] DEBUG org.apache.http.headers - >> GET /3?c=2&b=4 HTTP/1.1
22:09:29.984 [main] DEBUG org.apache.http.headers - >> Accept: */*
22:09:29.984 [main] DEBUG org.apache.http.headers - >> Host: localhost:8080
22:09:29.984 [main] DEBUG org.apache.http.headers - >> Connection: Keep-Alive
22:09:29.984 [main] DEBUG org.apache.http.headers - >> User-Agent: Apache-HttpClient/4.5.3 (Java/13.0.5.1)
22:09:29.984 [main] DEBUG org.apache.http.headers - >> Accept-Encoding: gzip,deflate
22:09:30.003 [main] DEBUG org.apache.http.wire -  << "HTTP/1.1 200 OK[\r][\n]"
22:09:30.003 [main] DEBUG org.apache.http.wire -  << "Server: Apache-Coyote/1.1[\r][\n]"
22:09:30.003 [main] DEBUG org.apache.http.wire -  << "Content-Type: text/plain;charset=UTF-8[\r][\n]"
22:09:30.003 [main] DEBUG org.apache.http.wire -  << "Content-Length: 6[\r][\n]"
22:09:30.003 [main] DEBUG org.apache.http.wire -  << "Date: Sun, 07 Feb 2021 21:09:29 GMT[\r][\n]"
22:09:30.003 [main] DEBUG org.apache.http.wire -  << "[\r][\n]"
22:09:30.003 [main] DEBUG o.a.h.i.conn.DefaultClientConnection - Receiving response: HTTP/1.1 200 OK
22:09:30.003 [main] DEBUG org.apache.http.headers - << HTTP/1.1 200 OK
22:09:30.003 [main] DEBUG org.apache.http.headers - << Server: Apache-Coyote/1.1
22:09:30.003 [main] DEBUG org.apache.http.headers - << Content-Type: text/plain;charset=UTF-8
22:09:30.003 [main] DEBUG org.apache.http.headers - << Content-Length: 6
22:09:30.003 [main] DEBUG org.apache.http.headers - << Date: Sun, 07 Feb 2021 21:09:29 GMT
22:09:30.003 [main] DEBUG o.a.h.impl.client.DefaultHttpClient - Connection can be kept alive indefinitely
22:09:30.004 [main] DEBUG i.r.i.RequestSpecificationImpl$RestAssuredHttpBuilder - Parsing response as: text/plain;charset=UTF-8
22:09:30.004 [main] DEBUG i.r.i.RequestSpecificationImpl$RestAssuredHttpBuilder - Parsed data to instance of: class org.apache.http.conn.EofSensorInputStream
22:09:30.004 [main] DEBUG org.apache.http.wire -  << "b:1000"
22:09:30.004 [main] DEBUG o.a.h.i.c.BasicClientConnectionManager - Releasing connection org.apache.http.impl.conn.ManagedClientConnectionImpl@1c52552f
22:09:30.004 [main] DEBUG o.a.h.i.c.BasicClientConnectionManager - Connection can be kept alive indefinitely
22:09:30.007 [main] DEBUG o.a.h.i.c.BasicClientConnectionManager - Get connection for route {}->http://localhost:8080
22:09:30.007 [main] DEBUG o.a.h.i.c.DefaultClientConnectionOperator - Connecting to localhost:8080
22:09:30.007 [main] DEBUG o.a.h.c.protocol.RequestAddCookies - CookieSpec selected: ignoreCookies
22:09:30.007 [main] DEBUG o.a.h.c.protocol.RequestAuthCache - Auth cache not set in the context
22:09:30.007 [main] DEBUG o.a.h.c.p.RequestTargetAuthentication - Target auth state: UNCHALLENGED
22:09:30.007 [main] DEBUG o.a.h.c.p.RequestProxyAuthentication - Proxy auth state: UNCHALLENGED
22:09:30.007 [main] DEBUG o.a.h.impl.client.DefaultHttpClient - Attempt 1 to execute request
22:09:30.007 [main] DEBUG o.a.h.i.conn.DefaultClientConnection - Sending request: GET /3?c=2&b=4 HTTP/1.1
22:09:30.007 [main] DEBUG org.apache.http.wire -  >> "GET /3?c=2&b=4 HTTP/1.1[\r][\n]"
22:09:30.007 [main] DEBUG org.apache.http.wire -  >> "Accept: */*[\r][\n]"
22:09:30.007 [main] DEBUG org.apache.http.wire -  >> "Host: localhost:8080[\r][\n]"
22:09:30.007 [main] DEBUG org.apache.http.wire -  >> "Connection: Keep-Alive[\r][\n]"
22:09:30.007 [main] DEBUG org.apache.http.wire -  >> "User-Agent: Apache-HttpClient/4.5.3 (Java/13.0.5.1)[\r][\n]"
22:09:30.007 [main] DEBUG org.apache.http.wire -  >> "Accept-Encoding: gzip,deflate[\r][\n]"
22:09:30.007 [main] DEBUG org.apache.http.wire -  >> "[\r][\n]"
22:09:30.007 [main] DEBUG org.apache.http.headers - >> GET /3?c=2&b=4 HTTP/1.1
22:09:30.007 [main] DEBUG org.apache.http.headers - >> Accept: */*
22:09:30.007 [main] DEBUG org.apache.http.headers - >> Host: localhost:8080
22:09:30.007 [main] DEBUG org.apache.http.headers - >> Connection: Keep-Alive
22:09:30.007 [main] DEBUG org.apache.http.headers - >> User-Agent: Apache-HttpClient/4.5.3 (Java/13.0.5.1)
22:09:30.007 [main] DEBUG org.apache.http.headers - >> Accept-Encoding: gzip,deflate
22:09:30.034 [main] DEBUG org.apache.http.wire -  << "HTTP/1.1 200 OK[\r][\n]"
22:09:30.034 [main] DEBUG org.apache.http.wire -  << "Server: Apache-Coyote/1.1[\r][\n]"
22:09:30.034 [main] DEBUG org.apache.http.wire -  << "Content-Type: text/plain;charset=UTF-8[\r][\n]"
22:09:30.034 [main] DEBUG org.apache.http.wire -  << "Content-Length: 6[\r][\n]"
22:09:30.034 [main] DEBUG org.apache.http.wire -  << "Date: Sun, 07 Feb 2021 21:09:29 GMT[\r][\n]"
22:09:30.034 [main] DEBUG org.apache.http.wire -  << "[\r][\n]"
22:09:30.034 [main] DEBUG o.a.h.i.conn.DefaultClientConnection - Receiving response: HTTP/1.1 200 OK
22:09:30.034 [main] DEBUG org.apache.http.headers - << HTTP/1.1 200 OK
22:09:30.034 [main] DEBUG org.apache.http.headers - << Server: Apache-Coyote/1.1
22:09:30.034 [main] DEBUG org.apache.http.headers - << Content-Type: text/plain;charset=UTF-8
22:09:30.034 [main] DEBUG org.apache.http.headers - << Content-Length: 6
22:09:30.034 [main] DEBUG org.apache.http.headers - << Date: Sun, 07 Feb 2021 21:09:29 GMT
22:09:30.034 [main] DEBUG o.a.h.impl.client.DefaultHttpClient - Connection can be kept alive indefinitely
22:09:30.034 [main] DEBUG i.r.i.RequestSpecificationImpl$RestAssuredHttpBuilder - Parsing response as: text/plain;charset=UTF-8
22:09:30.034 [main] DEBUG i.r.i.RequestSpecificationImpl$RestAssuredHttpBuilder - Parsed data to instance of: class org.apache.http.conn.EofSensorInputStream
22:09:30.035 [main] DEBUG org.apache.http.wire -  << "b:1000"
22:09:30.035 [main] DEBUG o.a.h.i.c.BasicClientConnectionManager - Releasing connection org.apache.http.impl.conn.ManagedClientConnectionImpl@9b5f3c7
22:09:30.035 [main] DEBUG o.a.h.i.c.BasicClientConnectionManager - Connection can be kept alive indefinitely
22:09:30.037 [main] DEBUG o.a.h.i.c.BasicClientConnectionManager - Get connection for route {}->http://localhost:8080
22:09:30.037 [main] DEBUG o.a.h.i.c.DefaultClientConnectionOperator - Connecting to localhost:8080
22:09:30.037 [main] DEBUG o.a.h.c.protocol.RequestAddCookies - CookieSpec selected: ignoreCookies
22:09:30.038 [main] DEBUG o.a.h.c.protocol.RequestAuthCache - Auth cache not set in the context
22:09:30.038 [main] DEBUG o.a.h.c.p.RequestTargetAuthentication - Target auth state: UNCHALLENGED
22:09:30.038 [main] DEBUG o.a.h.c.p.RequestProxyAuthentication - Proxy auth state: UNCHALLENGED
22:09:30.038 [main] DEBUG o.a.h.impl.client.DefaultHttpClient - Attempt 1 to execute request
22:09:30.038 [main] DEBUG o.a.h.i.conn.DefaultClientConnection - Sending request: GET /3?c=2&b=4 HTTP/1.1
22:09:30.038 [main] DEBUG org.apache.http.wire -  >> "GET /3?c=2&b=4 HTTP/1.1[\r][\n]"
22:09:30.038 [main] DEBUG org.apache.http.wire -  >> "Accept: */*[\r][\n]"
22:09:30.038 [main] DEBUG org.apache.http.wire -  >> "Host: localhost:8080[\r][\n]"
22:09:30.038 [main] DEBUG org.apache.http.wire -  >> "Connection: Keep-Alive[\r][\n]"
22:09:30.038 [main] DEBUG org.apache.http.wire -  >> "User-Agent: Apache-HttpClient/4.5.3 (Java/13.0.5.1)[\r][\n]"
22:09:30.038 [main] DEBUG org.apache.http.wire -  >> "Accept-Encoding: gzip,deflate[\r][\n]"
22:09:30.038 [main] DEBUG org.apache.http.wire -  >> "[\r][\n]"
22:09:30.038 [main] DEBUG org.apache.http.headers - >> GET /3?c=2&b=4 HTTP/1.1
22:09:30.038 [main] DEBUG org.apache.http.headers - >> Accept: */*
22:09:30.038 [main] DEBUG org.apache.http.headers - >> Host: localhost:8080
22:09:30.038 [main] DEBUG org.apache.http.headers - >> Connection: Keep-Alive
22:09:30.038 [main] DEBUG org.apache.http.headers - >> User-Agent: Apache-HttpClient/4.5.3 (Java/13.0.5.1)
22:09:30.038 [main] DEBUG org.apache.http.headers - >> Accept-Encoding: gzip,deflate
22:09:30.055 [main] DEBUG org.apache.http.wire -  << "HTTP/1.1 200 OK[\r][\n]"
22:09:30.055 [main] DEBUG org.apache.http.wire -  << "Server: Apache-Coyote/1.1[\r][\n]"
22:09:30.055 [main] DEBUG org.apache.http.wire -  << "Content-Type: text/plain;charset=UTF-8[\r][\n]"
22:09:30.055 [main] DEBUG org.apache.http.wire -  << "Content-Length: 6[\r][\n]"
22:09:30.055 [main] DEBUG org.apache.http.wire -  << "Date: Sun, 07 Feb 2021 21:09:30 GMT[\r][\n]"
22:09:30.055 [main] DEBUG org.apache.http.wire -  << "[\r][\n]"
22:09:30.055 [main] DEBUG o.a.h.i.conn.DefaultClientConnection - Receiving response: HTTP/1.1 200 OK
22:09:30.055 [main] DEBUG org.apache.http.headers - << HTTP/1.1 200 OK
22:09:30.055 [main] DEBUG org.apache.http.headers - << Server: Apache-Coyote/1.1
22:09:30.055 [main] DEBUG org.apache.http.headers - << Content-Type: text/plain;charset=UTF-8
22:09:30.055 [main] DEBUG org.apache.http.headers - << Content-Length: 6
22:09:30.055 [main] DEBUG org.apache.http.headers - << Date: Sun, 07 Feb 2021 21:09:30 GMT
22:09:30.055 [main] DEBUG o.a.h.impl.client.DefaultHttpClient - Connection can be kept alive indefinitely
22:09:30.055 [main] DEBUG i.r.i.RequestSpecificationImpl$RestAssuredHttpBuilder - Parsing response as: text/plain;charset=UTF-8
22:09:30.055 [main] DEBUG i.r.i.RequestSpecificationImpl$RestAssuredHttpBuilder - Parsed data to instance of: class org.apache.http.conn.EofSensorInputStream
22:09:30.055 [main] DEBUG org.apache.http.wire -  << "b:1000"
22:09:30.055 [main] DEBUG o.a.h.i.c.BasicClientConnectionManager - Releasing connection org.apache.http.impl.conn.ManagedClientConnectionImpl@ef718de
22:09:30.055 [main] DEBUG o.a.h.i.c.BasicClientConnectionManager - Connection can be kept alive indefinitely
22:09:30.058 [main] DEBUG o.a.h.i.c.BasicClientConnectionManager - Get connection for route {}->http://localhost:8080
22:09:30.058 [main] DEBUG o.a.h.i.c.DefaultClientConnectionOperator - Connecting to localhost:8080
22:09:30.058 [main] DEBUG o.a.h.c.protocol.RequestAddCookies - CookieSpec selected: ignoreCookies
22:09:30.058 [main] DEBUG o.a.h.c.protocol.RequestAuthCache - Auth cache not set in the context
22:09:30.058 [main] DEBUG o.a.h.c.p.RequestTargetAuthentication - Target auth state: UNCHALLENGED
22:09:30.058 [main] DEBUG o.a.h.c.p.RequestProxyAuthentication - Proxy auth state: UNCHALLENGED
22:09:30.058 [main] DEBUG o.a.h.impl.client.DefaultHttpClient - Attempt 1 to execute request
22:09:30.058 [main] DEBUG o.a.h.i.conn.DefaultClientConnection - Sending request: GET /3?c=2&b=4 HTTP/1.1
22:09:30.058 [main] DEBUG org.apache.http.wire -  >> "GET /3?c=2&b=4 HTTP/1.1[\r][\n]"
22:09:30.058 [main] DEBUG org.apache.http.wire -  >> "Accept: */*[\r][\n]"
22:09:30.058 [main] DEBUG org.apache.http.wire -  >> "Host: localhost:8080[\r][\n]"
22:09:30.058 [main] DEBUG org.apache.http.wire -  >> "Connection: Keep-Alive[\r][\n]"
22:09:30.058 [main] DEBUG org.apache.http.wire -  >> "User-Agent: Apache-HttpClient/4.5.3 (Java/13.0.5.1)[\r][\n]"
22:09:30.058 [main] DEBUG org.apache.http.wire -  >> "Accept-Encoding: gzip,deflate[\r][\n]"
22:09:30.058 [main] DEBUG org.apache.http.wire -  >> "[\r][\n]"
22:09:30.058 [main] DEBUG org.apache.http.headers - >> GET /3?c=2&b=4 HTTP/1.1
22:09:30.058 [main] DEBUG org.apache.http.headers - >> Accept: */*
22:09:30.058 [main] DEBUG org.apache.http.headers - >> Host: localhost:8080
22:09:30.058 [main] DEBUG org.apache.http.headers - >> Connection: Keep-Alive
22:09:30.058 [main] DEBUG org.apache.http.headers - >> User-Agent: Apache-HttpClient/4.5.3 (Java/13.0.5.1)
22:09:30.058 [main] DEBUG org.apache.http.headers - >> Accept-Encoding: gzip,deflate
22:09:30.077 [main] DEBUG org.apache.http.wire -  << "HTTP/1.1 200 OK[\r][\n]"
22:09:30.077 [main] DEBUG org.apache.http.wire -  << "Server: Apache-Coyote/1.1[\r][\n]"
22:09:30.078 [main] DEBUG org.apache.http.wire -  << "Content-Type: text/plain;charset=UTF-8[\r][\n]"
22:09:30.078 [main] DEBUG org.apache.http.wire -  << "Content-Length: 6[\r][\n]"
22:09:30.078 [main] DEBUG org.apache.http.wire -  << "Date: Sun, 07 Feb 2021 21:09:30 GMT[\r][\n]"
22:09:30.078 [main] DEBUG org.apache.http.wire -  << "[\r][\n]"
22:09:30.078 [main] DEBUG o.a.h.i.conn.DefaultClientConnection - Receiving response: HTTP/1.1 200 OK
22:09:30.078 [main] DEBUG org.apache.http.headers - << HTTP/1.1 200 OK
22:09:30.078 [main] DEBUG org.apache.http.headers - << Server: Apache-Coyote/1.1
22:09:30.078 [main] DEBUG org.apache.http.headers - << Content-Type: text/plain;charset=UTF-8
22:09:30.078 [main] DEBUG org.apache.http.headers - << Content-Length: 6
22:09:30.078 [main] DEBUG org.apache.http.headers - << Date: Sun, 07 Feb 2021 21:09:30 GMT
22:09:30.078 [main] DEBUG o.a.h.impl.client.DefaultHttpClient - Connection can be kept alive indefinitely
22:09:30.078 [main] DEBUG i.r.i.RequestSpecificationImpl$RestAssuredHttpBuilder - Parsing response as: text/plain;charset=UTF-8
22:09:30.078 [main] DEBUG i.r.i.RequestSpecificationImpl$RestAssuredHttpBuilder - Parsed data to instance of: class org.apache.http.conn.EofSensorInputStream
22:09:30.078 [main] DEBUG org.apache.http.wire -  << "b:1000"
22:09:30.078 [main] DEBUG o.a.h.i.c.BasicClientConnectionManager - Releasing connection org.apache.http.impl.conn.ManagedClientConnectionImpl@3fcee3d9
22:09:30.078 [main] DEBUG o.a.h.i.c.BasicClientConnectionManager - Connection can be kept alive indefinitely
22:09:30.081 [main] DEBUG o.a.h.i.c.BasicClientConnectionManager - Get connection for route {}->http://localhost:8080
22:09:30.081 [main] DEBUG o.a.h.i.c.DefaultClientConnectionOperator - Connecting to localhost:8080
22:09:30.081 [main] DEBUG o.a.h.c.protocol.RequestAddCookies - CookieSpec selected: ignoreCookies
22:09:30.081 [main] DEBUG o.a.h.c.protocol.RequestAuthCache - Auth cache not set in the context
22:09:30.081 [main] DEBUG o.a.h.c.p.RequestTargetAuthentication - Target auth state: UNCHALLENGED
22:09:30.081 [main] DEBUG o.a.h.c.p.RequestProxyAuthentication - Proxy auth state: UNCHALLENGED
22:09:30.081 [main] DEBUG o.a.h.impl.client.DefaultHttpClient - Attempt 1 to execute request
22:09:30.081 [main] DEBUG o.a.h.i.conn.DefaultClientConnection - Sending request: GET /3?c=2&b=4 HTTP/1.1
22:09:30.081 [main] DEBUG org.apache.http.wire -  >> "GET /3?c=2&b=4 HTTP/1.1[\r][\n]"
22:09:30.081 [main] DEBUG org.apache.http.wire -  >> "Accept: */*[\r][\n]"
22:09:30.081 [main] DEBUG org.apache.http.wire -  >> "Host: localhost:8080[\r][\n]"
22:09:30.081 [main] DEBUG org.apache.http.wire -  >> "Connection: Keep-Alive[\r][\n]"
22:09:30.081 [main] DEBUG org.apache.http.wire -  >> "User-Agent: Apache-HttpClient/4.5.3 (Java/13.0.5.1)[\r][\n]"
22:09:30.081 [main] DEBUG org.apache.http.wire -  >> "Accept-Encoding: gzip,deflate[\r][\n]"
22:09:30.081 [main] DEBUG org.apache.http.wire -  >> "[\r][\n]"
22:09:30.081 [main] DEBUG org.apache.http.headers - >> GET /3?c=2&b=4 HTTP/1.1
22:09:30.081 [main] DEBUG org.apache.http.headers - >> Accept: */*
22:09:30.081 [main] DEBUG org.apache.http.headers - >> Host: localhost:8080
22:09:30.081 [main] DEBUG org.apache.http.headers - >> Connection: Keep-Alive
22:09:30.081 [main] DEBUG org.apache.http.headers - >> User-Agent: Apache-HttpClient/4.5.3 (Java/13.0.5.1)
22:09:30.081 [main] DEBUG org.apache.http.headers - >> Accept-Encoding: gzip,deflate
22:09:30.099 [main] DEBUG org.apache.http.wire -  << "HTTP/1.1 200 OK[\r][\n]"
22:09:30.099 [main] DEBUG org.apache.http.wire -  << "Server: Apache-Coyote/1.1[\r][\n]"
22:09:30.099 [main] DEBUG org.apache.http.wire -  << "Content-Type: text/plain;charset=UTF-8[\r][\n]"
22:09:30.099 [main] DEBUG org.apache.http.wire -  << "Content-Length: 6[\r][\n]"
22:09:30.099 [main] DEBUG org.apache.http.wire -  << "Date: Sun, 07 Feb 2021 21:09:30 GMT[\r][\n]"
22:09:30.099 [main] DEBUG org.apache.http.wire -  << "[\r][\n]"
22:09:30.099 [main] DEBUG o.a.h.i.conn.DefaultClientConnection - Receiving response: HTTP/1.1 200 OK
22:09:30.099 [main] DEBUG org.apache.http.headers - << HTTP/1.1 200 OK
22:09:30.099 [main] DEBUG org.apache.http.headers - << Server: Apache-Coyote/1.1
22:09:30.099 [main] DEBUG org.apache.http.headers - << Content-Type: text/plain;charset=UTF-8
22:09:30.099 [main] DEBUG org.apache.http.headers - << Content-Length: 6
22:09:30.099 [main] DEBUG org.apache.http.headers - << Date: Sun, 07 Feb 2021 21:09:30 GMT
22:09:30.099 [main] DEBUG o.a.h.impl.client.DefaultHttpClient - Connection can be kept alive indefinitely
22:09:30.100 [main] DEBUG i.r.i.RequestSpecificationImpl$RestAssuredHttpBuilder - Parsing response as: text/plain;charset=UTF-8
22:09:30.100 [main] DEBUG i.r.i.RequestSpecificationImpl$RestAssuredHttpBuilder - Parsed data to instance of: class org.apache.http.conn.EofSensorInputStream
22:09:30.100 [main] DEBUG org.apache.http.wire -  << "b:1000"
22:09:30.100 [main] DEBUG o.a.h.i.c.BasicClientConnectionManager - Releasing connection org.apache.http.impl.conn.ManagedClientConnectionImpl@1526f71
22:09:30.100 [main] DEBUG o.a.h.i.c.BasicClientConnectionManager - Connection can be kept alive indefinitely
22:09:30.103 [main] DEBUG o.a.h.i.c.BasicClientConnectionManager - Get connection for route {}->http://localhost:8080
22:09:30.103 [main] DEBUG o.a.h.i.c.DefaultClientConnectionOperator - Connecting to localhost:8080
22:09:30.103 [main] DEBUG o.a.h.c.protocol.RequestAddCookies - CookieSpec selected: ignoreCookies
22:09:30.103 [main] DEBUG o.a.h.c.protocol.RequestAuthCache - Auth cache not set in the context
22:09:30.103 [main] DEBUG o.a.h.c.p.RequestTargetAuthentication - Target auth state: UNCHALLENGED
22:09:30.103 [main] DEBUG o.a.h.c.p.RequestProxyAuthentication - Proxy auth state: UNCHALLENGED
22:09:30.103 [main] DEBUG o.a.h.impl.client.DefaultHttpClient - Attempt 1 to execute request
22:09:30.104 [main] DEBUG o.a.h.i.conn.DefaultClientConnection - Sending request: GET /3?c=2&b=4 HTTP/1.1
22:09:30.104 [main] DEBUG org.apache.http.wire -  >> "GET /3?c=2&b=4 HTTP/1.1[\r][\n]"
22:09:30.104 [main] DEBUG org.apache.http.wire -  >> "Accept: */*[\r][\n]"
22:09:30.104 [main] DEBUG org.apache.http.wire -  >> "Host: localhost:8080[\r][\n]"
22:09:30.104 [main] DEBUG org.apache.http.wire -  >> "Connection: Keep-Alive[\r][\n]"
22:09:30.104 [main] DEBUG org.apache.http.wire -  >> "User-Agent: Apache-HttpClient/4.5.3 (Java/13.0.5.1)[\r][\n]"
22:09:30.104 [main] DEBUG org.apache.http.wire -  >> "Accept-Encoding: gzip,deflate[\r][\n]"
22:09:30.104 [main] DEBUG org.apache.http.wire -  >> "[\r][\n]"
22:09:30.104 [main] DEBUG org.apache.http.headers - >> GET /3?c=2&b=4 HTTP/1.1
22:09:30.104 [main] DEBUG org.apache.http.headers - >> Accept: */*
22:09:30.104 [main] DEBUG org.apache.http.headers - >> Host: localhost:8080
22:09:30.104 [main] DEBUG org.apache.http.headers - >> Connection: Keep-Alive
22:09:30.104 [main] DEBUG org.apache.http.headers - >> User-Agent: Apache-HttpClient/4.5.3 (Java/13.0.5.1)
22:09:30.104 [main] DEBUG org.apache.http.headers - >> Accept-Encoding: gzip,deflate
22:09:30.123 [main] DEBUG org.apache.http.wire -  << "HTTP/1.1 200 OK[\r][\n]"
22:09:30.123 [main] DEBUG org.apache.http.wire -  << "Server: Apache-Coyote/1.1[\r][\n]"
22:09:30.123 [main] DEBUG org.apache.http.wire -  << "Content-Type: text/plain;charset=UTF-8[\r][\n]"
22:09:30.123 [main] DEBUG org.apache.http.wire -  << "Content-Length: 6[\r][\n]"
22:09:30.123 [main] DEBUG org.apache.http.wire -  << "Date: Sun, 07 Feb 2021 21:09:30 GMT[\r][\n]"
22:09:30.123 [main] DEBUG org.apache.http.wire -  << "[\r][\n]"
22:09:30.123 [main] DEBUG o.a.h.i.conn.DefaultClientConnection - Receiving response: HTTP/1.1 200 OK
22:09:30.123 [main] DEBUG org.apache.http.headers - << HTTP/1.1 200 OK
22:09:30.123 [main] DEBUG org.apache.http.headers - << Server: Apache-Coyote/1.1
22:09:30.123 [main] DEBUG org.apache.http.headers - << Content-Type: text/plain;charset=UTF-8
22:09:30.123 [main] DEBUG org.apache.http.headers - << Content-Length: 6
22:09:30.123 [main] DEBUG org.apache.http.headers - << Date: Sun, 07 Feb 2021 21:09:30 GMT
22:09:30.123 [main] DEBUG o.a.h.impl.client.DefaultHttpClient - Connection can be kept alive indefinitely
22:09:30.124 [main] DEBUG i.r.i.RequestSpecificationImpl$RestAssuredHttpBuilder - Parsing response as: text/plain;charset=UTF-8
22:09:30.124 [main] DEBUG i.r.i.RequestSpecificationImpl$RestAssuredHttpBuilder - Parsed data to instance of: class org.apache.http.conn.EofSensorInputStream
22:09:30.124 [main] DEBUG org.apache.http.wire -  << "b:1000"
22:09:30.124 [main] DEBUG o.a.h.i.c.BasicClientConnectionManager - Releasing connection org.apache.http.impl.conn.ManagedClientConnectionImpl@5b40de43
22:09:30.124 [main] DEBUG o.a.h.i.c.BasicClientConnectionManager - Connection can be kept alive indefinitely
22:09:30.127 [main] DEBUG o.a.h.i.c.BasicClientConnectionManager - Get connection for route {}->http://localhost:8080
22:09:30.127 [main] DEBUG o.a.h.i.c.DefaultClientConnectionOperator - Connecting to localhost:8080
22:09:30.128 [main] DEBUG o.a.h.c.protocol.RequestAddCookies - CookieSpec selected: ignoreCookies
22:09:30.128 [main] DEBUG o.a.h.c.protocol.RequestAuthCache - Auth cache not set in the context
22:09:30.128 [main] DEBUG o.a.h.c.p.RequestTargetAuthentication - Target auth state: UNCHALLENGED
22:09:30.128 [main] DEBUG o.a.h.c.p.RequestProxyAuthentication - Proxy auth state: UNCHALLENGED
22:09:30.128 [main] DEBUG o.a.h.impl.client.DefaultHttpClient - Attempt 1 to execute request
22:09:30.128 [main] DEBUG o.a.h.i.conn.DefaultClientConnection - Sending request: GET /3?c=2&b=4 HTTP/1.1
22:09:30.128 [main] DEBUG org.apache.http.wire -  >> "GET /3?c=2&b=4 HTTP/1.1[\r][\n]"
22:09:30.128 [main] DEBUG org.apache.http.wire -  >> "Accept: */*[\r][\n]"
22:09:30.128 [main] DEBUG org.apache.http.wire -  >> "Host: localhost:8080[\r][\n]"
22:09:30.128 [main] DEBUG org.apache.http.wire -  >> "Connection: Keep-Alive[\r][\n]"
22:09:30.128 [main] DEBUG org.apache.http.wire -  >> "User-Agent: Apache-HttpClient/4.5.3 (Java/13.0.5.1)[\r][\n]"
22:09:30.128 [main] DEBUG org.apache.http.wire -  >> "Accept-Encoding: gzip,deflate[\r][\n]"
22:09:30.128 [main] DEBUG org.apache.http.wire -  >> "[\r][\n]"
22:09:30.128 [main] DEBUG org.apache.http.headers - >> GET /3?c=2&b=4 HTTP/1.1
22:09:30.128 [main] DEBUG org.apache.http.headers - >> Accept: */*
22:09:30.128 [main] DEBUG org.apache.http.headers - >> Host: localhost:8080
22:09:30.128 [main] DEBUG org.apache.http.headers - >> Connection: Keep-Alive
22:09:30.128 [main] DEBUG org.apache.http.headers - >> User-Agent: Apache-HttpClient/4.5.3 (Java/13.0.5.1)
22:09:30.128 [main] DEBUG org.apache.http.headers - >> Accept-Encoding: gzip,deflate
22:09:30.151 [main] DEBUG org.apache.http.wire -  << "HTTP/1.1 200 OK[\r][\n]"
22:09:30.151 [main] DEBUG org.apache.http.wire -  << "Server: Apache-Coyote/1.1[\r][\n]"
22:09:30.151 [main] DEBUG org.apache.http.wire -  << "Content-Type: text/plain;charset=UTF-8[\r][\n]"
22:09:30.151 [main] DEBUG org.apache.http.wire -  << "Content-Length: 6[\r][\n]"
22:09:30.151 [main] DEBUG org.apache.http.wire -  << "Date: Sun, 07 Feb 2021 21:09:30 GMT[\r][\n]"
22:09:30.151 [main] DEBUG org.apache.http.wire -  << "[\r][\n]"
22:09:30.151 [main] DEBUG o.a.h.i.conn.DefaultClientConnection - Receiving response: HTTP/1.1 200 OK
22:09:30.151 [main] DEBUG org.apache.http.headers - << HTTP/1.1 200 OK
22:09:30.151 [main] DEBUG org.apache.http.headers - << Server: Apache-Coyote/1.1
22:09:30.151 [main] DEBUG org.apache.http.headers - << Content-Type: text/plain;charset=UTF-8
22:09:30.151 [main] DEBUG org.apache.http.headers - << Content-Length: 6
22:09:30.151 [main] DEBUG org.apache.http.headers - << Date: Sun, 07 Feb 2021 21:09:30 GMT
22:09:30.151 [main] DEBUG o.a.h.impl.client.DefaultHttpClient - Connection can be kept alive indefinitely
22:09:30.152 [main] DEBUG i.r.i.RequestSpecificationImpl$RestAssuredHttpBuilder - Parsing response as: text/plain;charset=UTF-8
22:09:30.152 [main] DEBUG i.r.i.RequestSpecificationImpl$RestAssuredHttpBuilder - Parsed data to instance of: class org.apache.http.conn.EofSensorInputStream
22:09:30.152 [main] DEBUG org.apache.http.wire -  << "b:1000"
22:09:30.152 [main] DEBUG o.a.h.i.c.BasicClientConnectionManager - Releasing connection org.apache.http.impl.conn.ManagedClientConnectionImpl@4faf104
22:09:30.152 [main] DEBUG o.a.h.i.c.BasicClientConnectionManager - Connection can be kept alive indefinitely
22:09:30.156 [main] DEBUG o.a.h.i.c.BasicClientConnectionManager - Get connection for route {}->http://localhost:8080
22:09:30.156 [main] DEBUG o.a.h.i.c.DefaultClientConnectionOperator - Connecting to localhost:8080
22:09:30.157 [main] DEBUG o.a.h.c.protocol.RequestAddCookies - CookieSpec selected: ignoreCookies
22:09:30.157 [main] DEBUG o.a.h.c.protocol.RequestAuthCache - Auth cache not set in the context
22:09:30.157 [main] DEBUG o.a.h.c.p.RequestTargetAuthentication - Target auth state: UNCHALLENGED
22:09:30.157 [main] DEBUG o.a.h.c.p.RequestProxyAuthentication - Proxy auth state: UNCHALLENGED
22:09:30.157 [main] DEBUG o.a.h.impl.client.DefaultHttpClient - Attempt 1 to execute request
22:09:30.157 [main] DEBUG o.a.h.i.conn.DefaultClientConnection - Sending request: GET /3?c=2&b=4 HTTP/1.1
22:09:30.157 [main] DEBUG org.apache.http.wire -  >> "GET /3?c=2&b=4 HTTP/1.1[\r][\n]"
22:09:30.157 [main] DEBUG org.apache.http.wire -  >> "Accept: */*[\r][\n]"
22:09:30.157 [main] DEBUG org.apache.http.wire -  >> "Host: localhost:8080[\r][\n]"
22:09:30.157 [main] DEBUG org.apache.http.wire -  >> "Connection: Keep-Alive[\r][\n]"
22:09:30.157 [main] DEBUG org.apache.http.wire -  >> "User-Agent: Apache-HttpClient/4.5.3 (Java/13.0.5.1)[\r][\n]"
22:09:30.157 [main] DEBUG org.apache.http.wire -  >> "Accept-Encoding: gzip,deflate[\r][\n]"
22:09:30.157 [main] DEBUG org.apache.http.wire -  >> "[\r][\n]"
22:09:30.157 [main] DEBUG org.apache.http.headers - >> GET /3?c=2&b=4 HTTP/1.1
22:09:30.157 [main] DEBUG org.apache.http.headers - >> Accept: */*
22:09:30.157 [main] DEBUG org.apache.http.headers - >> Host: localhost:8080
22:09:30.157 [main] DEBUG org.apache.http.headers - >> Connection: Keep-Alive
22:09:30.157 [main] DEBUG org.apache.http.headers - >> User-Agent: Apache-HttpClient/4.5.3 (Java/13.0.5.1)
22:09:30.157 [main] DEBUG org.apache.http.headers - >> Accept-Encoding: gzip,deflate
22:09:30.183 [main] DEBUG org.apache.http.wire -  << "HTTP/1.1 200 OK[\r][\n]"
22:09:30.183 [main] DEBUG org.apache.http.wire -  << "Server: Apache-Coyote/1.1[\r][\n]"
22:09:30.183 [main] DEBUG org.apache.http.wire -  << "Content-Type: text/plain;charset=UTF-8[\r][\n]"
22:09:30.183 [main] DEBUG org.apache.http.wire -  << "Content-Length: 6[\r][\n]"
22:09:30.183 [main] DEBUG org.apache.http.wire -  << "Date: Sun, 07 Feb 2021 21:09:30 GMT[\r][\n]"
22:09:30.183 [main] DEBUG org.apache.http.wire -  << "[\r][\n]"
22:09:30.183 [main] DEBUG o.a.h.i.conn.DefaultClientConnection - Receiving response: HTTP/1.1 200 OK
22:09:30.183 [main] DEBUG org.apache.http.headers - << HTTP/1.1 200 OK
22:09:30.183 [main] DEBUG org.apache.http.headers - << Server: Apache-Coyote/1.1
22:09:30.183 [main] DEBUG org.apache.http.headers - << Content-Type: text/plain;charset=UTF-8
22:09:30.183 [main] DEBUG org.apache.http.headers - << Content-Length: 6
22:09:30.183 [main] DEBUG org.apache.http.headers - << Date: Sun, 07 Feb 2021 21:09:30 GMT
22:09:30.184 [main] DEBUG o.a.h.impl.client.DefaultHttpClient - Connection can be kept alive indefinitely
22:09:30.185 [main] DEBUG i.r.i.RequestSpecificationImpl$RestAssuredHttpBuilder - Parsing response as: text/plain;charset=UTF-8
22:09:30.185 [main] DEBUG i.r.i.RequestSpecificationImpl$RestAssuredHttpBuilder - Parsed data to instance of: class org.apache.http.conn.EofSensorInputStream
22:09:30.185 [main] DEBUG org.apache.http.wire -  << "b:1000"
22:09:30.185 [main] DEBUG o.a.h.i.c.BasicClientConnectionManager - Releasing connection org.apache.http.impl.conn.ManagedClientConnectionImpl@51bddd98
22:09:30.185 [main] DEBUG o.a.h.i.c.BasicClientConnectionManager - Connection can be kept alive indefinitely
22:09:30.191 [main] DEBUG o.a.h.i.c.BasicClientConnectionManager - Get connection for route {}->http://localhost:8080
22:09:30.191 [main] DEBUG o.a.h.i.c.DefaultClientConnectionOperator - Connecting to localhost:8080
22:09:30.192 [main] DEBUG o.a.h.c.protocol.RequestAddCookies - CookieSpec selected: ignoreCookies
22:09:30.192 [main] DEBUG o.a.h.c.protocol.RequestAuthCache - Auth cache not set in the context
22:09:30.192 [main] DEBUG o.a.h.c.p.RequestTargetAuthentication - Target auth state: UNCHALLENGED
22:09:30.192 [main] DEBUG o.a.h.c.p.RequestProxyAuthentication - Proxy auth state: UNCHALLENGED
22:09:30.192 [main] DEBUG o.a.h.impl.client.DefaultHttpClient - Attempt 1 to execute request
22:09:30.192 [main] DEBUG o.a.h.i.conn.DefaultClientConnection - Sending request: GET /3?c=2&b=4 HTTP/1.1
22:09:30.192 [main] DEBUG org.apache.http.wire -  >> "GET /3?c=2&b=4 HTTP/1.1[\r][\n]"
22:09:30.192 [main] DEBUG org.apache.http.wire -  >> "Accept: */*[\r][\n]"
22:09:30.192 [main] DEBUG org.apache.http.wire -  >> "Host: localhost:8080[\r][\n]"
22:09:30.192 [main] DEBUG org.apache.http.wire -  >> "Connection: Keep-Alive[\r][\n]"
22:09:30.192 [main] DEBUG org.apache.http.wire -  >> "User-Agent: Apache-HttpClient/4.5.3 (Java/13.0.5.1)[\r][\n]"
22:09:30.192 [main] DEBUG org.apache.http.wire -  >> "Accept-Encoding: gzip,deflate[\r][\n]"
22:09:30.193 [main] DEBUG org.apache.http.wire -  >> "[\r][\n]"
22:09:30.193 [main] DEBUG org.apache.http.headers - >> GET /3?c=2&b=4 HTTP/1.1
22:09:30.193 [main] DEBUG org.apache.http.headers - >> Accept: */*
22:09:30.193 [main] DEBUG org.apache.http.headers - >> Host: localhost:8080
22:09:30.193 [main] DEBUG org.apache.http.headers - >> Connection: Keep-Alive
22:09:30.193 [main] DEBUG org.apache.http.headers - >> User-Agent: Apache-HttpClient/4.5.3 (Java/13.0.5.1)
22:09:30.193 [main] DEBUG org.apache.http.headers - >> Accept-Encoding: gzip,deflate
22:09:30.213 [main] DEBUG org.apache.http.wire -  << "HTTP/1.1 200 OK[\r][\n]"
22:09:30.213 [main] DEBUG org.apache.http.wire -  << "Server: Apache-Coyote/1.1[\r][\n]"
22:09:30.213 [main] DEBUG org.apache.http.wire -  << "Content-Type: text/plain;charset=UTF-8[\r][\n]"
22:09:30.213 [main] DEBUG org.apache.http.wire -  << "Content-Length: 6[\r][\n]"
22:09:30.213 [main] DEBUG org.apache.http.wire -  << "Date: Sun, 07 Feb 2021 21:09:30 GMT[\r][\n]"
22:09:30.213 [main] DEBUG org.apache.http.wire -  << "[\r][\n]"
22:09:30.213 [main] DEBUG o.a.h.i.conn.DefaultClientConnection - Receiving response: HTTP/1.1 200 OK
22:09:30.213 [main] DEBUG org.apache.http.headers - << HTTP/1.1 200 OK
22:09:30.213 [main] DEBUG org.apache.http.headers - << Server: Apache-Coyote/1.1
22:09:30.213 [main] DEBUG org.apache.http.headers - << Content-Type: text/plain;charset=UTF-8
22:09:30.213 [main] DEBUG org.apache.http.headers - << Content-Length: 6
22:09:30.213 [main] DEBUG org.apache.http.headers - << Date: Sun, 07 Feb 2021 21:09:30 GMT
22:09:30.213 [main] DEBUG o.a.h.impl.client.DefaultHttpClient - Connection can be kept alive indefinitely
22:09:30.213 [main] DEBUG i.r.i.RequestSpecificationImpl$RestAssuredHttpBuilder - Parsing response as: text/plain;charset=UTF-8
22:09:30.213 [main] DEBUG i.r.i.RequestSpecificationImpl$RestAssuredHttpBuilder - Parsed data to instance of: class org.apache.http.conn.EofSensorInputStream
22:09:30.214 [main] DEBUG org.apache.http.wire -  << "b:1000"
22:09:30.214 [main] DEBUG o.a.h.i.c.BasicClientConnectionManager - Releasing connection org.apache.http.impl.conn.ManagedClientConnectionImpl@29f38091
22:09:30.214 [main] DEBUG o.a.h.i.c.BasicClientConnectionManager - Connection can be kept alive indefinitely
22:09:30.216 [main] DEBUG o.a.h.i.c.BasicClientConnectionManager - Get connection for route {}->http://localhost:8080
22:09:30.216 [main] DEBUG o.a.h.i.c.DefaultClientConnectionOperator - Connecting to localhost:8080
22:09:30.217 [main] DEBUG o.a.h.c.protocol.RequestAddCookies - CookieSpec selected: ignoreCookies
22:09:30.217 [main] DEBUG o.a.h.c.protocol.RequestAuthCache - Auth cache not set in the context
22:09:30.217 [main] DEBUG o.a.h.c.p.RequestTargetAuthentication - Target auth state: UNCHALLENGED
22:09:30.217 [main] DEBUG o.a.h.c.p.RequestProxyAuthentication - Proxy auth state: UNCHALLENGED
22:09:30.217 [main] DEBUG o.a.h.impl.client.DefaultHttpClient - Attempt 1 to execute request
22:09:30.217 [main] DEBUG o.a.h.i.conn.DefaultClientConnection - Sending request: GET /3?c=2&b=4 HTTP/1.1
22:09:30.217 [main] DEBUG org.apache.http.wire -  >> "GET /3?c=2&b=4 HTTP/1.1[\r][\n]"
22:09:30.217 [main] DEBUG org.apache.http.wire -  >> "Accept: */*[\r][\n]"
22:09:30.217 [main] DEBUG org.apache.http.wire -  >> "Host: localhost:8080[\r][\n]"
22:09:30.217 [main] DEBUG org.apache.http.wire -  >> "Connection: Keep-Alive[\r][\n]"
22:09:30.217 [main] DEBUG org.apache.http.wire -  >> "User-Agent: Apache-HttpClient/4.5.3 (Java/13.0.5.1)[\r][\n]"
22:09:30.217 [main] DEBUG org.apache.http.wire -  >> "Accept-Encoding: gzip,deflate[\r][\n]"
22:09:30.217 [main] DEBUG org.apache.http.wire -  >> "[\r][\n]"
22:09:30.217 [main] DEBUG org.apache.http.headers - >> GET /3?c=2&b=4 HTTP/1.1
22:09:30.217 [main] DEBUG org.apache.http.headers - >> Accept: */*
22:09:30.217 [main] DEBUG org.apache.http.headers - >> Host: localhost:8080
22:09:30.217 [main] DEBUG org.apache.http.headers - >> Connection: Keep-Alive
22:09:30.217 [main] DEBUG org.apache.http.headers - >> User-Agent: Apache-HttpClient/4.5.3 (Java/13.0.5.1)
22:09:30.217 [main] DEBUG org.apache.http.headers - >> Accept-Encoding: gzip,deflate
22:09:30.235 [main] DEBUG org.apache.http.wire -  << "HTTP/1.1 200 OK[\r][\n]"
22:09:30.235 [main] DEBUG org.apache.http.wire -  << "Server: Apache-Coyote/1.1[\r][\n]"
22:09:30.235 [main] DEBUG org.apache.http.wire -  << "Content-Type: text/plain;charset=UTF-8[\r][\n]"
22:09:30.235 [main] DEBUG org.apache.http.wire -  << "Content-Length: 6[\r][\n]"
22:09:30.235 [main] DEBUG org.apache.http.wire -  << "Date: Sun, 07 Feb 2021 21:09:30 GMT[\r][\n]"
22:09:30.235 [main] DEBUG org.apache.http.wire -  << "[\r][\n]"
22:09:30.235 [main] DEBUG o.a.h.i.conn.DefaultClientConnection - Receiving response: HTTP/1.1 200 OK
22:09:30.235 [main] DEBUG org.apache.http.headers - << HTTP/1.1 200 OK
22:09:30.235 [main] DEBUG org.apache.http.headers - << Server: Apache-Coyote/1.1
22:09:30.235 [main] DEBUG org.apache.http.headers - << Content-Type: text/plain;charset=UTF-8
22:09:30.235 [main] DEBUG org.apache.http.headers - << Content-Length: 6
22:09:30.235 [main] DEBUG org.apache.http.headers - << Date: Sun, 07 Feb 2021 21:09:30 GMT
22:09:30.236 [main] DEBUG o.a.h.impl.client.DefaultHttpClient - Connection can be kept alive indefinitely
22:09:30.236 [main] DEBUG i.r.i.RequestSpecificationImpl$RestAssuredHttpBuilder - Parsing response as: text/plain;charset=UTF-8
22:09:30.236 [main] DEBUG i.r.i.RequestSpecificationImpl$RestAssuredHttpBuilder - Parsed data to instance of: class org.apache.http.conn.EofSensorInputStream
22:09:30.236 [main] DEBUG org.apache.http.wire -  << "b:1000"
22:09:30.236 [main] DEBUG o.a.h.i.c.BasicClientConnectionManager - Releasing connection org.apache.http.impl.conn.ManagedClientConnectionImpl@252744a1
22:09:30.236 [main] DEBUG o.a.h.i.c.BasicClientConnectionManager - Connection can be kept alive indefinitely
22:09:30.239 [main] DEBUG o.a.h.i.c.BasicClientConnectionManager - Get connection for route {}->http://localhost:8080
22:09:30.239 [main] DEBUG o.a.h.i.c.DefaultClientConnectionOperator - Connecting to localhost:8080
22:09:30.240 [main] DEBUG o.a.h.c.protocol.RequestAddCookies - CookieSpec selected: ignoreCookies
22:09:30.240 [main] DEBUG o.a.h.c.protocol.RequestAuthCache - Auth cache not set in the context
22:09:30.240 [main] DEBUG o.a.h.c.p.RequestTargetAuthentication - Target auth state: UNCHALLENGED
22:09:30.240 [main] DEBUG o.a.h.c.p.RequestProxyAuthentication - Proxy auth state: UNCHALLENGED
22:09:30.240 [main] DEBUG o.a.h.impl.client.DefaultHttpClient - Attempt 1 to execute request
22:09:30.240 [main] DEBUG o.a.h.i.conn.DefaultClientConnection - Sending request: GET /3?c=2&b=4 HTTP/1.1
22:09:30.240 [main] DEBUG org.apache.http.wire -  >> "GET /3?c=2&b=4 HTTP/1.1[\r][\n]"
22:09:30.240 [main] DEBUG org.apache.http.wire -  >> "Accept: */*[\r][\n]"
22:09:30.240 [main] DEBUG org.apache.http.wire -  >> "Host: localhost:8080[\r][\n]"
22:09:30.240 [main] DEBUG org.apache.http.wire -  >> "Connection: Keep-Alive[\r][\n]"
22:09:30.240 [main] DEBUG org.apache.http.wire -  >> "User-Agent: Apache-HttpClient/4.5.3 (Java/13.0.5.1)[\r][\n]"
22:09:30.240 [main] DEBUG org.apache.http.wire -  >> "Accept-Encoding: gzip,deflate[\r][\n]"
22:09:30.241 [main] DEBUG org.apache.http.wire -  >> "[\r][\n]"
22:09:30.241 [main] DEBUG org.apache.http.headers - >> GET /3?c=2&b=4 HTTP/1.1
22:09:30.241 [main] DEBUG org.apache.http.headers - >> Accept: */*
22:09:30.241 [main] DEBUG org.apache.http.headers - >> Host: localhost:8080
22:09:30.241 [main] DEBUG org.apache.http.headers - >> Connection: Keep-Alive
22:09:30.241 [main] DEBUG org.apache.http.headers - >> User-Agent: Apache-HttpClient/4.5.3 (Java/13.0.5.1)
22:09:30.241 [main] DEBUG org.apache.http.headers - >> Accept-Encoding: gzip,deflate
22:09:30.258 [main] DEBUG org.apache.http.wire -  << "HTTP/1.1 200 OK[\r][\n]"
22:09:30.258 [main] DEBUG org.apache.http.wire -  << "Server: Apache-Coyote/1.1[\r][\n]"
22:09:30.258 [main] DEBUG org.apache.http.wire -  << "Content-Type: text/plain;charset=UTF-8[\r][\n]"
22:09:30.258 [main] DEBUG org.apache.http.wire -  << "Content-Length: 6[\r][\n]"
22:09:30.258 [main] DEBUG org.apache.http.wire -  << "Date: Sun, 07 Feb 2021 21:09:30 GMT[\r][\n]"
22:09:30.258 [main] DEBUG org.apache.http.wire -  << "[\r][\n]"
22:09:30.258 [main] DEBUG o.a.h.i.conn.DefaultClientConnection - Receiving response: HTTP/1.1 200 OK
22:09:30.259 [main] DEBUG org.apache.http.headers - << HTTP/1.1 200 OK
22:09:30.259 [main] DEBUG org.apache.http.headers - << Server: Apache-Coyote/1.1
22:09:30.259 [main] DEBUG org.apache.http.headers - << Content-Type: text/plain;charset=UTF-8
22:09:30.259 [main] DEBUG org.apache.http.headers - << Content-Length: 6
22:09:30.259 [main] DEBUG org.apache.http.headers - << Date: Sun, 07 Feb 2021 21:09:30 GMT
22:09:30.259 [main] DEBUG o.a.h.impl.client.DefaultHttpClient - Connection can be kept alive indefinitely
22:09:30.259 [main] DEBUG i.r.i.RequestSpecificationImpl$RestAssuredHttpBuilder - Parsing response as: text/plain;charset=UTF-8
22:09:30.259 [main] DEBUG i.r.i.RequestSpecificationImpl$RestAssuredHttpBuilder - Parsed data to instance of: class org.apache.http.conn.EofSensorInputStream
22:09:30.259 [main] DEBUG org.apache.http.wire -  << "b:1000"
22:09:30.259 [main] DEBUG o.a.h.i.c.BasicClientConnectionManager - Releasing connection org.apache.http.impl.conn.ManagedClientConnectionImpl@1624775
22:09:30.259 [main] DEBUG o.a.h.i.c.BasicClientConnectionManager - Connection can be kept alive indefinitely
22:09:30.262 [main] DEBUG o.a.h.i.c.BasicClientConnectionManager - Get connection for route {}->http://localhost:8080
22:09:30.262 [main] DEBUG o.a.h.i.c.DefaultClientConnectionOperator - Connecting to localhost:8080
22:09:30.263 [main] DEBUG o.a.h.c.protocol.RequestAddCookies - CookieSpec selected: ignoreCookies
22:09:30.263 [main] DEBUG o.a.h.c.protocol.RequestAuthCache - Auth cache not set in the context
22:09:30.263 [main] DEBUG o.a.h.c.p.RequestTargetAuthentication - Target auth state: UNCHALLENGED
22:09:30.263 [main] DEBUG o.a.h.c.p.RequestProxyAuthentication - Proxy auth state: UNCHALLENGED
22:09:30.263 [main] DEBUG o.a.h.impl.client.DefaultHttpClient - Attempt 1 to execute request
22:09:30.263 [main] DEBUG o.a.h.i.conn.DefaultClientConnection - Sending request: GET /3?c=2&b=4 HTTP/1.1
22:09:30.263 [main] DEBUG org.apache.http.wire -  >> "GET /3?c=2&b=4 HTTP/1.1[\r][\n]"
22:09:30.263 [main] DEBUG org.apache.http.wire -  >> "Accept: */*[\r][\n]"
22:09:30.263 [main] DEBUG org.apache.http.wire -  >> "Host: localhost:8080[\r][\n]"
22:09:30.263 [main] DEBUG org.apache.http.wire -  >> "Connection: Keep-Alive[\r][\n]"
22:09:30.263 [main] DEBUG org.apache.http.wire -  >> "User-Agent: Apache-HttpClient/4.5.3 (Java/13.0.5.1)[\r][\n]"
22:09:30.263 [main] DEBUG org.apache.http.wire -  >> "Accept-Encoding: gzip,deflate[\r][\n]"
22:09:30.263 [main] DEBUG org.apache.http.wire -  >> "[\r][\n]"
22:09:30.263 [main] DEBUG org.apache.http.headers - >> GET /3?c=2&b=4 HTTP/1.1
22:09:30.263 [main] DEBUG org.apache.http.headers - >> Accept: */*
22:09:30.263 [main] DEBUG org.apache.http.headers - >> Host: localhost:8080
22:09:30.263 [main] DEBUG org.apache.http.headers - >> Connection: Keep-Alive
22:09:30.263 [main] DEBUG org.apache.http.headers - >> User-Agent: Apache-HttpClient/4.5.3 (Java/13.0.5.1)
22:09:30.263 [main] DEBUG org.apache.http.headers - >> Accept-Encoding: gzip,deflate
22:09:30.279 [main] DEBUG org.apache.http.wire -  << "HTTP/1.1 200 OK[\r][\n]"
22:09:30.279 [main] DEBUG org.apache.http.wire -  << "Server: Apache-Coyote/1.1[\r][\n]"
22:09:30.279 [main] DEBUG org.apache.http.wire -  << "Content-Type: text/plain;charset=UTF-8[\r][\n]"
22:09:30.279 [main] DEBUG org.apache.http.wire -  << "Content-Length: 6[\r][\n]"
22:09:30.279 [main] DEBUG org.apache.http.wire -  << "Date: Sun, 07 Feb 2021 21:09:30 GMT[\r][\n]"
22:09:30.279 [main] DEBUG org.apache.http.wire -  << "[\r][\n]"
22:09:30.279 [main] DEBUG o.a.h.i.conn.DefaultClientConnection - Receiving response: HTTP/1.1 200 OK
22:09:30.279 [main] DEBUG org.apache.http.headers - << HTTP/1.1 200 OK
22:09:30.279 [main] DEBUG org.apache.http.headers - << Server: Apache-Coyote/1.1
22:09:30.279 [main] DEBUG org.apache.http.headers - << Content-Type: text/plain;charset=UTF-8
22:09:30.279 [main] DEBUG org.apache.http.headers - << Content-Length: 6
22:09:30.279 [main] DEBUG org.apache.http.headers - << Date: Sun, 07 Feb 2021 21:09:30 GMT
22:09:30.279 [main] DEBUG o.a.h.impl.client.DefaultHttpClient - Connection can be kept alive indefinitely
22:09:30.280 [main] DEBUG i.r.i.RequestSpecificationImpl$RestAssuredHttpBuilder - Parsing response as: text/plain;charset=UTF-8
22:09:30.280 [main] DEBUG i.r.i.RequestSpecificationImpl$RestAssuredHttpBuilder - Parsed data to instance of: class org.apache.http.conn.EofSensorInputStream
22:09:30.280 [main] DEBUG org.apache.http.wire -  << "b:1000"
22:09:30.280 [main] DEBUG o.a.h.i.c.BasicClientConnectionManager - Releasing connection org.apache.http.impl.conn.ManagedClientConnectionImpl@4346808
22:09:30.280 [main] DEBUG o.a.h.i.c.BasicClientConnectionManager - Connection can be kept alive indefinitely
22:09:30.286 [main] DEBUG o.a.h.i.c.BasicClientConnectionManager - Get connection for route {}->http://localhost:8080
22:09:30.286 [main] DEBUG o.a.h.i.c.DefaultClientConnectionOperator - Connecting to localhost:8080
22:09:30.287 [main] DEBUG o.a.h.c.protocol.RequestAddCookies - CookieSpec selected: ignoreCookies
22:09:30.287 [main] DEBUG o.a.h.c.protocol.RequestAuthCache - Auth cache not set in the context
22:09:30.287 [main] DEBUG o.a.h.c.p.RequestTargetAuthentication - Target auth state: UNCHALLENGED
22:09:30.287 [main] DEBUG o.a.h.c.p.RequestProxyAuthentication - Proxy auth state: UNCHALLENGED
22:09:30.287 [main] DEBUG o.a.h.impl.client.DefaultHttpClient - Attempt 1 to execute request
22:09:30.287 [main] DEBUG o.a.h.i.conn.DefaultClientConnection - Sending request: GET /3?c=2&b=4 HTTP/1.1
22:09:30.287 [main] DEBUG org.apache.http.wire -  >> "GET /3?c=2&b=4 HTTP/1.1[\r][\n]"
22:09:30.287 [main] DEBUG org.apache.http.wire -  >> "Accept: */*[\r][\n]"
22:09:30.287 [main] DEBUG org.apache.http.wire -  >> "Host: localhost:8080[\r][\n]"
22:09:30.287 [main] DEBUG org.apache.http.wire -  >> "Connection: Keep-Alive[\r][\n]"
22:09:30.287 [main] DEBUG org.apache.http.wire -  >> "User-Agent: Apache-HttpClient/4.5.3 (Java/13.0.5.1)[\r][\n]"
22:09:30.287 [main] DEBUG org.apache.http.wire -  >> "Accept-Encoding: gzip,deflate[\r][\n]"
22:09:30.287 [main] DEBUG org.apache.http.wire -  >> "[\r][\n]"
22:09:30.287 [main] DEBUG org.apache.http.headers - >> GET /3?c=2&b=4 HTTP/1.1
22:09:30.287 [main] DEBUG org.apache.http.headers - >> Accept: */*
22:09:30.287 [main] DEBUG org.apache.http.headers - >> Host: localhost:8080
22:09:30.287 [main] DEBUG org.apache.http.headers - >> Connection: Keep-Alive
22:09:30.287 [main] DEBUG org.apache.http.headers - >> User-Agent: Apache-HttpClient/4.5.3 (Java/13.0.5.1)
22:09:30.287 [main] DEBUG org.apache.http.headers - >> Accept-Encoding: gzip,deflate
22:09:30.307 [main] DEBUG org.apache.http.wire -  << "HTTP/1.1 200 OK[\r][\n]"
22:09:30.307 [main] DEBUG org.apache.http.wire -  << "Server: Apache-Coyote/1.1[\r][\n]"
22:09:30.307 [main] DEBUG org.apache.http.wire -  << "Content-Type: text/plain;charset=UTF-8[\r][\n]"
22:09:30.307 [main] DEBUG org.apache.http.wire -  << "Content-Length: 6[\r][\n]"
22:09:30.307 [main] DEBUG org.apache.http.wire -  << "Date: Sun, 07 Feb 2021 21:09:30 GMT[\r][\n]"
22:09:30.307 [main] DEBUG org.apache.http.wire -  << "[\r][\n]"
22:09:30.307 [main] DEBUG o.a.h.i.conn.DefaultClientConnection - Receiving response: HTTP/1.1 200 OK
22:09:30.307 [main] DEBUG org.apache.http.headers - << HTTP/1.1 200 OK
22:09:30.307 [main] DEBUG org.apache.http.headers - << Server: Apache-Coyote/1.1
22:09:30.307 [main] DEBUG org.apache.http.headers - << Content-Type: text/plain;charset=UTF-8
22:09:30.307 [main] DEBUG org.apache.http.headers - << Content-Length: 6
22:09:30.307 [main] DEBUG org.apache.http.headers - << Date: Sun, 07 Feb 2021 21:09:30 GMT
22:09:30.307 [main] DEBUG o.a.h.impl.client.DefaultHttpClient - Connection can be kept alive indefinitely
22:09:30.307 [main] DEBUG i.r.i.RequestSpecificationImpl$RestAssuredHttpBuilder - Parsing response as: text/plain;charset=UTF-8
22:09:30.307 [main] DEBUG i.r.i.RequestSpecificationImpl$RestAssuredHttpBuilder - Parsed data to instance of: class org.apache.http.conn.EofSensorInputStream
22:09:30.307 [main] DEBUG org.apache.http.wire -  << "b:1000"
22:09:30.307 [main] DEBUG o.a.h.i.c.BasicClientConnectionManager - Releasing connection org.apache.http.impl.conn.ManagedClientConnectionImpl@86d6bf7
22:09:30.307 [main] DEBUG o.a.h.i.c.BasicClientConnectionManager - Connection can be kept alive indefinitely
22:09:30.310 [main] DEBUG o.a.h.i.c.BasicClientConnectionManager - Get connection for route {}->http://localhost:8080
22:09:30.311 [main] DEBUG o.a.h.i.c.DefaultClientConnectionOperator - Connecting to localhost:8080
22:09:30.311 [main] DEBUG o.a.h.c.protocol.RequestAddCookies - CookieSpec selected: ignoreCookies
22:09:30.311 [main] DEBUG o.a.h.c.protocol.RequestAuthCache - Auth cache not set in the context
22:09:30.311 [main] DEBUG o.a.h.c.p.RequestTargetAuthentication - Target auth state: UNCHALLENGED
22:09:30.311 [main] DEBUG o.a.h.c.p.RequestProxyAuthentication - Proxy auth state: UNCHALLENGED
22:09:30.312 [main] DEBUG o.a.h.impl.client.DefaultHttpClient - Attempt 1 to execute request
22:09:30.312 [main] DEBUG o.a.h.i.conn.DefaultClientConnection - Sending request: GET /3?c=2&b=4 HTTP/1.1
22:09:30.312 [main] DEBUG org.apache.http.wire -  >> "GET /3?c=2&b=4 HTTP/1.1[\r][\n]"
22:09:30.312 [main] DEBUG org.apache.http.wire -  >> "Accept: */*[\r][\n]"
22:09:30.312 [main] DEBUG org.apache.http.wire -  >> "Host: localhost:8080[\r][\n]"
22:09:30.312 [main] DEBUG org.apache.http.wire -  >> "Connection: Keep-Alive[\r][\n]"
22:09:30.312 [main] DEBUG org.apache.http.wire -  >> "User-Agent: Apache-HttpClient/4.5.3 (Java/13.0.5.1)[\r][\n]"
22:09:30.312 [main] DEBUG org.apache.http.wire -  >> "Accept-Encoding: gzip,deflate[\r][\n]"
22:09:30.312 [main] DEBUG org.apache.http.wire -  >> "[\r][\n]"
22:09:30.312 [main] DEBUG org.apache.http.headers - >> GET /3?c=2&b=4 HTTP/1.1
22:09:30.312 [main] DEBUG org.apache.http.headers - >> Accept: */*
22:09:30.312 [main] DEBUG org.apache.http.headers - >> Host: localhost:8080
22:09:30.312 [main] DEBUG org.apache.http.headers - >> Connection: Keep-Alive
22:09:30.312 [main] DEBUG org.apache.http.headers - >> User-Agent: Apache-HttpClient/4.5.3 (Java/13.0.5.1)
22:09:30.312 [main] DEBUG org.apache.http.headers - >> Accept-Encoding: gzip,deflate
22:09:30.326 [main] DEBUG org.apache.http.wire -  << "HTTP/1.1 200 OK[\r][\n]"
22:09:30.326 [main] DEBUG org.apache.http.wire -  << "Server: Apache-Coyote/1.1[\r][\n]"
22:09:30.326 [main] DEBUG org.apache.http.wire -  << "Content-Type: text/plain;charset=UTF-8[\r][\n]"
22:09:30.326 [main] DEBUG org.apache.http.wire -  << "Content-Length: 6[\r][\n]"
22:09:30.326 [main] DEBUG org.apache.http.wire -  << "Date: Sun, 07 Feb 2021 21:09:30 GMT[\r][\n]"
22:09:30.326 [main] DEBUG org.apache.http.wire -  << "[\r][\n]"
22:09:30.326 [main] DEBUG o.a.h.i.conn.DefaultClientConnection - Receiving response: HTTP/1.1 200 OK
22:09:30.326 [main] DEBUG org.apache.http.headers - << HTTP/1.1 200 OK
22:09:30.326 [main] DEBUG org.apache.http.headers - << Server: Apache-Coyote/1.1
22:09:30.326 [main] DEBUG org.apache.http.headers - << Content-Type: text/plain;charset=UTF-8
22:09:30.326 [main] DEBUG org.apache.http.headers - << Content-Length: 6
22:09:30.326 [main] DEBUG org.apache.http.headers - << Date: Sun, 07 Feb 2021 21:09:30 GMT
22:09:30.326 [main] DEBUG o.a.h.impl.client.DefaultHttpClient - Connection can be kept alive indefinitely
22:09:30.327 [main] DEBUG i.r.i.RequestSpecificationImpl$RestAssuredHttpBuilder - Parsing response as: text/plain;charset=UTF-8
22:09:30.327 [main] DEBUG i.r.i.RequestSpecificationImpl$RestAssuredHttpBuilder - Parsed data to instance of: class org.apache.http.conn.EofSensorInputStream
22:09:30.328 [main] DEBUG org.apache.http.wire -  << "b:1000"
22:09:30.329 [main] DEBUG o.a.h.i.c.BasicClientConnectionManager - Releasing connection org.apache.http.impl.conn.ManagedClientConnectionImpl@6963b88c
22:09:30.329 [main] DEBUG o.a.h.i.c.BasicClientConnectionManager - Connection can be kept alive indefinitely
22:09:30.338 [main] DEBUG o.a.h.i.c.BasicClientConnectionManager - Get connection for route {}->http://localhost:8080
22:09:30.338 [main] DEBUG o.a.h.i.c.DefaultClientConnectionOperator - Connecting to localhost:8080
22:09:30.339 [main] DEBUG o.a.h.c.protocol.RequestAddCookies - CookieSpec selected: ignoreCookies
22:09:30.339 [main] DEBUG o.a.h.c.protocol.RequestAuthCache - Auth cache not set in the context
22:09:30.339 [main] DEBUG o.a.h.c.p.RequestTargetAuthentication - Target auth state: UNCHALLENGED
22:09:30.339 [main] DEBUG o.a.h.c.p.RequestProxyAuthentication - Proxy auth state: UNCHALLENGED
22:09:30.339 [main] DEBUG o.a.h.impl.client.DefaultHttpClient - Attempt 1 to execute request
22:09:30.339 [main] DEBUG o.a.h.i.conn.DefaultClientConnection - Sending request: GET /3?c=2&b=4 HTTP/1.1
22:09:30.339 [main] DEBUG org.apache.http.wire -  >> "GET /3?c=2&b=4 HTTP/1.1[\r][\n]"
22:09:30.339 [main] DEBUG org.apache.http.wire -  >> "Accept: */*[\r][\n]"
22:09:30.339 [main] DEBUG org.apache.http.wire -  >> "Host: localhost:8080[\r][\n]"
22:09:30.339 [main] DEBUG org.apache.http.wire -  >> "Connection: Keep-Alive[\r][\n]"
22:09:30.339 [main] DEBUG org.apache.http.wire -  >> "User-Agent: Apache-HttpClient/4.5.3 (Java/13.0.5.1)[\r][\n]"
22:09:30.339 [main] DEBUG org.apache.http.wire -  >> "Accept-Encoding: gzip,deflate[\r][\n]"
22:09:30.339 [main] DEBUG org.apache.http.wire -  >> "[\r][\n]"
22:09:30.339 [main] DEBUG org.apache.http.headers - >> GET /3?c=2&b=4 HTTP/1.1
22:09:30.339 [main] DEBUG org.apache.http.headers - >> Accept: */*
22:09:30.339 [main] DEBUG org.apache.http.headers - >> Host: localhost:8080
22:09:30.339 [main] DEBUG org.apache.http.headers - >> Connection: Keep-Alive
22:09:30.339 [main] DEBUG org.apache.http.headers - >> User-Agent: Apache-HttpClient/4.5.3 (Java/13.0.5.1)
22:09:30.339 [main] DEBUG org.apache.http.headers - >> Accept-Encoding: gzip,deflate
22:09:30.358 [main] DEBUG org.apache.http.wire -  << "HTTP/1.1 200 OK[\r][\n]"
22:09:30.358 [main] DEBUG org.apache.http.wire -  << "Server: Apache-Coyote/1.1[\r][\n]"
22:09:30.358 [main] DEBUG org.apache.http.wire -  << "Content-Type: text/plain;charset=UTF-8[\r][\n]"
22:09:30.358 [main] DEBUG org.apache.http.wire -  << "Content-Length: 6[\r][\n]"
22:09:30.358 [main] DEBUG org.apache.http.wire -  << "Date: Sun, 07 Feb 2021 21:09:30 GMT[\r][\n]"
22:09:30.358 [main] DEBUG org.apache.http.wire -  << "[\r][\n]"
22:09:30.358 [main] DEBUG o.a.h.i.conn.DefaultClientConnection - Receiving response: HTTP/1.1 200 OK
22:09:30.358 [main] DEBUG org.apache.http.headers - << HTTP/1.1 200 OK
22:09:30.358 [main] DEBUG org.apache.http.headers - << Server: Apache-Coyote/1.1
22:09:30.358 [main] DEBUG org.apache.http.headers - << Content-Type: text/plain;charset=UTF-8
22:09:30.358 [main] DEBUG org.apache.http.headers - << Content-Length: 6
22:09:30.358 [main] DEBUG org.apache.http.headers - << Date: Sun, 07 Feb 2021 21:09:30 GMT
22:09:30.358 [main] DEBUG o.a.h.impl.client.DefaultHttpClient - Connection can be kept alive indefinitely
22:09:30.358 [main] DEBUG i.r.i.RequestSpecificationImpl$RestAssuredHttpBuilder - Parsing response as: text/plain;charset=UTF-8
22:09:30.358 [main] DEBUG i.r.i.RequestSpecificationImpl$RestAssuredHttpBuilder - Parsed data to instance of: class org.apache.http.conn.EofSensorInputStream
22:09:30.359 [main] DEBUG org.apache.http.wire -  << "b:1000"
22:09:30.359 [main] DEBUG o.a.h.i.c.BasicClientConnectionManager - Releasing connection org.apache.http.impl.conn.ManagedClientConnectionImpl@41d16cc3
22:09:30.359 [main] DEBUG o.a.h.i.c.BasicClientConnectionManager - Connection can be kept alive indefinitely
22:09:30.362 [main] DEBUG o.a.h.i.c.BasicClientConnectionManager - Get connection for route {}->http://localhost:8080
22:09:30.363 [main] DEBUG o.a.h.i.c.DefaultClientConnectionOperator - Connecting to localhost:8080
22:09:30.363 [main] DEBUG o.a.h.c.protocol.RequestAddCookies - CookieSpec selected: ignoreCookies
22:09:30.363 [main] DEBUG o.a.h.c.protocol.RequestAuthCache - Auth cache not set in the context
22:09:30.363 [main] DEBUG o.a.h.c.p.RequestTargetAuthentication - Target auth state: UNCHALLENGED
22:09:30.363 [main] DEBUG o.a.h.c.p.RequestProxyAuthentication - Proxy auth state: UNCHALLENGED
22:09:30.363 [main] DEBUG o.a.h.impl.client.DefaultHttpClient - Attempt 1 to execute request
22:09:30.363 [main] DEBUG o.a.h.i.conn.DefaultClientConnection - Sending request: GET /3?c=2&b=4 HTTP/1.1
22:09:30.363 [main] DEBUG org.apache.http.wire -  >> "GET /3?c=2&b=4 HTTP/1.1[\r][\n]"
22:09:30.363 [main] DEBUG org.apache.http.wire -  >> "Accept: */*[\r][\n]"
22:09:30.363 [main] DEBUG org.apache.http.wire -  >> "Host: localhost:8080[\r][\n]"
22:09:30.363 [main] DEBUG org.apache.http.wire -  >> "Connection: Keep-Alive[\r][\n]"
22:09:30.363 [main] DEBUG org.apache.http.wire -  >> "User-Agent: Apache-HttpClient/4.5.3 (Java/13.0.5.1)[\r][\n]"
22:09:30.363 [main] DEBUG org.apache.http.wire -  >> "Accept-Encoding: gzip,deflate[\r][\n]"
22:09:30.363 [main] DEBUG org.apache.http.wire -  >> "[\r][\n]"
22:09:30.363 [main] DEBUG org.apache.http.headers - >> GET /3?c=2&b=4 HTTP/1.1
22:09:30.363 [main] DEBUG org.apache.http.headers - >> Accept: */*
22:09:30.363 [main] DEBUG org.apache.http.headers - >> Host: localhost:8080
22:09:30.363 [main] DEBUG org.apache.http.headers - >> Connection: Keep-Alive
22:09:30.363 [main] DEBUG org.apache.http.headers - >> User-Agent: Apache-HttpClient/4.5.3 (Java/13.0.5.1)
22:09:30.363 [main] DEBUG org.apache.http.headers - >> Accept-Encoding: gzip,deflate
22:09:30.384 [main] DEBUG org.apache.http.wire -  << "HTTP/1.1 200 OK[\r][\n]"
22:09:30.384 [main] DEBUG org.apache.http.wire -  << "Server: Apache-Coyote/1.1[\r][\n]"
22:09:30.384 [main] DEBUG org.apache.http.wire -  << "Content-Type: text/plain;charset=UTF-8[\r][\n]"
22:09:30.384 [main] DEBUG org.apache.http.wire -  << "Content-Length: 6[\r][\n]"
22:09:30.384 [main] DEBUG org.apache.http.wire -  << "Date: Sun, 07 Feb 2021 21:09:30 GMT[\r][\n]"
22:09:30.384 [main] DEBUG org.apache.http.wire -  << "[\r][\n]"
22:09:30.385 [main] DEBUG o.a.h.i.conn.DefaultClientConnection - Receiving response: HTTP/1.1 200 OK
22:09:30.385 [main] DEBUG org.apache.http.headers - << HTTP/1.1 200 OK
22:09:30.385 [main] DEBUG org.apache.http.headers - << Server: Apache-Coyote/1.1
22:09:30.385 [main] DEBUG org.apache.http.headers - << Content-Type: text/plain;charset=UTF-8
22:09:30.385 [main] DEBUG org.apache.http.headers - << Content-Length: 6
22:09:30.385 [main] DEBUG org.apache.http.headers - << Date: Sun, 07 Feb 2021 21:09:30 GMT
22:09:30.385 [main] DEBUG o.a.h.impl.client.DefaultHttpClient - Connection can be kept alive indefinitely
22:09:30.385 [main] DEBUG i.r.i.RequestSpecificationImpl$RestAssuredHttpBuilder - Parsing response as: text/plain;charset=UTF-8
22:09:30.385 [main] DEBUG i.r.i.RequestSpecificationImpl$RestAssuredHttpBuilder - Parsed data to instance of: class org.apache.http.conn.EofSensorInputStream
22:09:30.385 [main] DEBUG org.apache.http.wire -  << "b:1000"
22:09:30.386 [main] DEBUG o.a.h.i.c.BasicClientConnectionManager - Releasing connection org.apache.http.impl.conn.ManagedClientConnectionImpl@649f25f3
22:09:30.386 [main] DEBUG o.a.h.i.c.BasicClientConnectionManager - Connection can be kept alive indefinitely
str = bbbbbbbbbbbbbbbbbbbbbbbbbbbbbbbbbbbbbbbbbbbbbbbbbb
]]></system-out>
  </testcase>
  <testcase name="GET the winner and verify - 3 Same Highest Bids - 3 Query Parameters - Verify Random Selection #1" classname="User should be able to get the winner" time="1.193">
    <failure message="Verify that bidder is chosen randomly as a or b or c" type="java.lang.AssertionError">java.lang.AssertionError: Verify that bidder is chosen randomly as a or b or c
</failure>
    <system-out><![CDATA[22:09:30.396 [main] DEBUG o.a.h.i.c.BasicClientConnectionManager - Get connection for route {}->http://localhost:8080
22:09:30.396 [main] DEBUG o.a.h.i.c.DefaultClientConnectionOperator - Connecting to localhost:8080
22:09:30.397 [main] DEBUG o.a.h.c.protocol.RequestAddCookies - CookieSpec selected: ignoreCookies
22:09:30.397 [main] DEBUG o.a.h.c.protocol.RequestAuthCache - Auth cache not set in the context
22:09:30.397 [main] DEBUG o.a.h.c.p.RequestTargetAuthentication - Target auth state: UNCHALLENGED
22:09:30.397 [main] DEBUG o.a.h.c.p.RequestProxyAuthentication - Proxy auth state: UNCHALLENGED
22:09:30.397 [main] DEBUG o.a.h.impl.client.DefaultHttpClient - Attempt 1 to execute request
22:09:30.397 [main] DEBUG o.a.h.i.conn.DefaultClientConnection - Sending request: GET /1?a=10&b=6&c=3 HTTP/1.1
22:09:30.397 [main] DEBUG org.apache.http.wire -  >> "GET /1?a=10&b=6&c=3 HTTP/1.1[\r][\n]"
22:09:30.397 [main] DEBUG org.apache.http.wire -  >> "Accept: */*[\r][\n]"
22:09:30.397 [main] DEBUG org.apache.http.wire -  >> "Host: localhost:8080[\r][\n]"
22:09:30.397 [main] DEBUG org.apache.http.wire -  >> "Connection: Keep-Alive[\r][\n]"
22:09:30.397 [main] DEBUG org.apache.http.wire -  >> "User-Agent: Apache-HttpClient/4.5.3 (Java/13.0.5.1)[\r][\n]"
22:09:30.397 [main] DEBUG org.apache.http.wire -  >> "Accept-Encoding: gzip,deflate[\r][\n]"
22:09:30.397 [main] DEBUG org.apache.http.wire -  >> "[\r][\n]"
22:09:30.397 [main] DEBUG org.apache.http.headers - >> GET /1?a=10&b=6&c=3 HTTP/1.1
22:09:30.397 [main] DEBUG org.apache.http.headers - >> Accept: */*
22:09:30.397 [main] DEBUG org.apache.http.headers - >> Host: localhost:8080
22:09:30.397 [main] DEBUG org.apache.http.headers - >> Connection: Keep-Alive
22:09:30.397 [main] DEBUG org.apache.http.headers - >> User-Agent: Apache-HttpClient/4.5.3 (Java/13.0.5.1)
22:09:30.397 [main] DEBUG org.apache.http.headers - >> Accept-Encoding: gzip,deflate
22:09:30.416 [main] DEBUG org.apache.http.wire -  << "HTTP/1.1 200 OK[\r][\n]"
22:09:30.417 [main] DEBUG org.apache.http.wire -  << "Server: Apache-Coyote/1.1[\r][\n]"
22:09:30.417 [main] DEBUG org.apache.http.wire -  << "Content-Type: text/plain;charset=UTF-8[\r][\n]"
22:09:30.417 [main] DEBUG org.apache.http.wire -  << "Content-Length: 6[\r][\n]"
22:09:30.417 [main] DEBUG org.apache.http.wire -  << "Date: Sun, 07 Feb 2021 21:09:30 GMT[\r][\n]"
22:09:30.417 [main] DEBUG org.apache.http.wire -  << "[\r][\n]"
22:09:30.417 [main] DEBUG o.a.h.i.conn.DefaultClientConnection - Receiving response: HTTP/1.1 200 OK
22:09:30.417 [main] DEBUG org.apache.http.headers - << HTTP/1.1 200 OK
22:09:30.417 [main] DEBUG org.apache.http.headers - << Server: Apache-Coyote/1.1
22:09:30.417 [main] DEBUG org.apache.http.headers - << Content-Type: text/plain;charset=UTF-8
22:09:30.417 [main] DEBUG org.apache.http.headers - << Content-Length: 6
22:09:30.417 [main] DEBUG org.apache.http.headers - << Date: Sun, 07 Feb 2021 21:09:30 GMT
22:09:30.417 [main] DEBUG o.a.h.impl.client.DefaultHttpClient - Connection can be kept alive indefinitely
22:09:30.417 [main] DEBUG i.r.i.RequestSpecificationImpl$RestAssuredHttpBuilder - Parsing response as: text/plain;charset=UTF-8
22:09:30.417 [main] DEBUG i.r.i.RequestSpecificationImpl$RestAssuredHttpBuilder - Parsed data to instance of: class org.apache.http.conn.EofSensorInputStream
22:09:30.417 [main] DEBUG org.apache.http.wire -  << "a:1500"
22:09:30.417 [main] DEBUG o.a.h.i.c.BasicClientConnectionManager - Releasing connection org.apache.http.impl.conn.ManagedClientConnectionImpl@16da476c
22:09:30.417 [main] DEBUG o.a.h.i.c.BasicClientConnectionManager - Connection can be kept alive indefinitely
22:09:30.420 [main] DEBUG o.a.h.i.c.BasicClientConnectionManager - Get connection for route {}->http://localhost:8080
22:09:30.420 [main] DEBUG o.a.h.i.c.DefaultClientConnectionOperator - Connecting to localhost:8080
22:09:30.421 [main] DEBUG o.a.h.c.protocol.RequestAddCookies - CookieSpec selected: ignoreCookies
22:09:30.421 [main] DEBUG o.a.h.c.protocol.RequestAuthCache - Auth cache not set in the context
22:09:30.421 [main] DEBUG o.a.h.c.p.RequestTargetAuthentication - Target auth state: UNCHALLENGED
22:09:30.421 [main] DEBUG o.a.h.c.p.RequestProxyAuthentication - Proxy auth state: UNCHALLENGED
22:09:30.421 [main] DEBUG o.a.h.impl.client.DefaultHttpClient - Attempt 1 to execute request
22:09:30.421 [main] DEBUG o.a.h.i.conn.DefaultClientConnection - Sending request: GET /1?a=10&b=6&c=3 HTTP/1.1
22:09:30.421 [main] DEBUG org.apache.http.wire -  >> "GET /1?a=10&b=6&c=3 HTTP/1.1[\r][\n]"
22:09:30.421 [main] DEBUG org.apache.http.wire -  >> "Accept: */*[\r][\n]"
22:09:30.421 [main] DEBUG org.apache.http.wire -  >> "Host: localhost:8080[\r][\n]"
22:09:30.421 [main] DEBUG org.apache.http.wire -  >> "Connection: Keep-Alive[\r][\n]"
22:09:30.421 [main] DEBUG org.apache.http.wire -  >> "User-Agent: Apache-HttpClient/4.5.3 (Java/13.0.5.1)[\r][\n]"
22:09:30.421 [main] DEBUG org.apache.http.wire -  >> "Accept-Encoding: gzip,deflate[\r][\n]"
22:09:30.421 [main] DEBUG org.apache.http.wire -  >> "[\r][\n]"
22:09:30.421 [main] DEBUG org.apache.http.headers - >> GET /1?a=10&b=6&c=3 HTTP/1.1
22:09:30.421 [main] DEBUG org.apache.http.headers - >> Accept: */*
22:09:30.421 [main] DEBUG org.apache.http.headers - >> Host: localhost:8080
22:09:30.421 [main] DEBUG org.apache.http.headers - >> Connection: Keep-Alive
22:09:30.421 [main] DEBUG org.apache.http.headers - >> User-Agent: Apache-HttpClient/4.5.3 (Java/13.0.5.1)
22:09:30.421 [main] DEBUG org.apache.http.headers - >> Accept-Encoding: gzip,deflate
22:09:30.447 [main] DEBUG org.apache.http.wire -  << "HTTP/1.1 200 OK[\r][\n]"
22:09:30.447 [main] DEBUG org.apache.http.wire -  << "Server: Apache-Coyote/1.1[\r][\n]"
22:09:30.447 [main] DEBUG org.apache.http.wire -  << "Content-Type: text/plain;charset=UTF-8[\r][\n]"
22:09:30.447 [main] DEBUG org.apache.http.wire -  << "Content-Length: 6[\r][\n]"
22:09:30.447 [main] DEBUG org.apache.http.wire -  << "Date: Sun, 07 Feb 2021 21:09:30 GMT[\r][\n]"
22:09:30.447 [main] DEBUG org.apache.http.wire -  << "[\r][\n]"
22:09:30.447 [main] DEBUG o.a.h.i.conn.DefaultClientConnection - Receiving response: HTTP/1.1 200 OK
22:09:30.447 [main] DEBUG org.apache.http.headers - << HTTP/1.1 200 OK
22:09:30.447 [main] DEBUG org.apache.http.headers - << Server: Apache-Coyote/1.1
22:09:30.447 [main] DEBUG org.apache.http.headers - << Content-Type: text/plain;charset=UTF-8
22:09:30.447 [main] DEBUG org.apache.http.headers - << Content-Length: 6
22:09:30.447 [main] DEBUG org.apache.http.headers - << Date: Sun, 07 Feb 2021 21:09:30 GMT
22:09:30.447 [main] DEBUG o.a.h.impl.client.DefaultHttpClient - Connection can be kept alive indefinitely
22:09:30.448 [main] DEBUG i.r.i.RequestSpecificationImpl$RestAssuredHttpBuilder - Parsing response as: text/plain;charset=UTF-8
22:09:30.448 [main] DEBUG i.r.i.RequestSpecificationImpl$RestAssuredHttpBuilder - Parsed data to instance of: class org.apache.http.conn.EofSensorInputStream
22:09:30.448 [main] DEBUG org.apache.http.wire -  << "a:1500"
22:09:30.448 [main] DEBUG o.a.h.i.c.BasicClientConnectionManager - Releasing connection org.apache.http.impl.conn.ManagedClientConnectionImpl@60ed12e8
22:09:30.448 [main] DEBUG o.a.h.i.c.BasicClientConnectionManager - Connection can be kept alive indefinitely
22:09:30.452 [main] DEBUG o.a.h.i.c.BasicClientConnectionManager - Get connection for route {}->http://localhost:8080
22:09:30.452 [main] DEBUG o.a.h.i.c.DefaultClientConnectionOperator - Connecting to localhost:8080
22:09:30.453 [main] DEBUG o.a.h.c.protocol.RequestAddCookies - CookieSpec selected: ignoreCookies
22:09:30.453 [main] DEBUG o.a.h.c.protocol.RequestAuthCache - Auth cache not set in the context
22:09:30.453 [main] DEBUG o.a.h.c.p.RequestTargetAuthentication - Target auth state: UNCHALLENGED
22:09:30.453 [main] DEBUG o.a.h.c.p.RequestProxyAuthentication - Proxy auth state: UNCHALLENGED
22:09:30.453 [main] DEBUG o.a.h.impl.client.DefaultHttpClient - Attempt 1 to execute request
22:09:30.453 [main] DEBUG o.a.h.i.conn.DefaultClientConnection - Sending request: GET /1?a=10&b=6&c=3 HTTP/1.1
22:09:30.453 [main] DEBUG org.apache.http.wire -  >> "GET /1?a=10&b=6&c=3 HTTP/1.1[\r][\n]"
22:09:30.453 [main] DEBUG org.apache.http.wire -  >> "Accept: */*[\r][\n]"
22:09:30.453 [main] DEBUG org.apache.http.wire -  >> "Host: localhost:8080[\r][\n]"
22:09:30.453 [main] DEBUG org.apache.http.wire -  >> "Connection: Keep-Alive[\r][\n]"
22:09:30.453 [main] DEBUG org.apache.http.wire -  >> "User-Agent: Apache-HttpClient/4.5.3 (Java/13.0.5.1)[\r][\n]"
22:09:30.453 [main] DEBUG org.apache.http.wire -  >> "Accept-Encoding: gzip,deflate[\r][\n]"
22:09:30.453 [main] DEBUG org.apache.http.wire -  >> "[\r][\n]"
22:09:30.453 [main] DEBUG org.apache.http.headers - >> GET /1?a=10&b=6&c=3 HTTP/1.1
22:09:30.453 [main] DEBUG org.apache.http.headers - >> Accept: */*
22:09:30.453 [main] DEBUG org.apache.http.headers - >> Host: localhost:8080
22:09:30.453 [main] DEBUG org.apache.http.headers - >> Connection: Keep-Alive
22:09:30.453 [main] DEBUG org.apache.http.headers - >> User-Agent: Apache-HttpClient/4.5.3 (Java/13.0.5.1)
22:09:30.453 [main] DEBUG org.apache.http.headers - >> Accept-Encoding: gzip,deflate
22:09:30.470 [main] DEBUG org.apache.http.wire -  << "HTTP/1.1 200 OK[\r][\n]"
22:09:30.470 [main] DEBUG org.apache.http.wire -  << "Server: Apache-Coyote/1.1[\r][\n]"
22:09:30.470 [main] DEBUG org.apache.http.wire -  << "Content-Type: text/plain;charset=UTF-8[\r][\n]"
22:09:30.470 [main] DEBUG org.apache.http.wire -  << "Content-Length: 6[\r][\n]"
22:09:30.470 [main] DEBUG org.apache.http.wire -  << "Date: Sun, 07 Feb 2021 21:09:30 GMT[\r][\n]"
22:09:30.470 [main] DEBUG org.apache.http.wire -  << "[\r][\n]"
22:09:30.470 [main] DEBUG o.a.h.i.conn.DefaultClientConnection - Receiving response: HTTP/1.1 200 OK
22:09:30.470 [main] DEBUG org.apache.http.headers - << HTTP/1.1 200 OK
22:09:30.470 [main] DEBUG org.apache.http.headers - << Server: Apache-Coyote/1.1
22:09:30.470 [main] DEBUG org.apache.http.headers - << Content-Type: text/plain;charset=UTF-8
22:09:30.470 [main] DEBUG org.apache.http.headers - << Content-Length: 6
22:09:30.470 [main] DEBUG org.apache.http.headers - << Date: Sun, 07 Feb 2021 21:09:30 GMT
22:09:30.471 [main] DEBUG o.a.h.impl.client.DefaultHttpClient - Connection can be kept alive indefinitely
22:09:30.471 [main] DEBUG i.r.i.RequestSpecificationImpl$RestAssuredHttpBuilder - Parsing response as: text/plain;charset=UTF-8
22:09:30.471 [main] DEBUG i.r.i.RequestSpecificationImpl$RestAssuredHttpBuilder - Parsed data to instance of: class org.apache.http.conn.EofSensorInputStream
22:09:30.471 [main] DEBUG org.apache.http.wire -  << "a:1500"
22:09:30.471 [main] DEBUG o.a.h.i.c.BasicClientConnectionManager - Releasing connection org.apache.http.impl.conn.ManagedClientConnectionImpl@6fcd31c3
22:09:30.471 [main] DEBUG o.a.h.i.c.BasicClientConnectionManager - Connection can be kept alive indefinitely
22:09:30.473 [main] DEBUG o.a.h.i.c.BasicClientConnectionManager - Get connection for route {}->http://localhost:8080
22:09:30.473 [main] DEBUG o.a.h.i.c.DefaultClientConnectionOperator - Connecting to localhost:8080
22:09:30.474 [main] DEBUG o.a.h.c.protocol.RequestAddCookies - CookieSpec selected: ignoreCookies
22:09:30.474 [main] DEBUG o.a.h.c.protocol.RequestAuthCache - Auth cache not set in the context
22:09:30.474 [main] DEBUG o.a.h.c.p.RequestTargetAuthentication - Target auth state: UNCHALLENGED
22:09:30.474 [main] DEBUG o.a.h.c.p.RequestProxyAuthentication - Proxy auth state: UNCHALLENGED
22:09:30.474 [main] DEBUG o.a.h.impl.client.DefaultHttpClient - Attempt 1 to execute request
22:09:30.474 [main] DEBUG o.a.h.i.conn.DefaultClientConnection - Sending request: GET /1?a=10&b=6&c=3 HTTP/1.1
22:09:30.474 [main] DEBUG org.apache.http.wire -  >> "GET /1?a=10&b=6&c=3 HTTP/1.1[\r][\n]"
22:09:30.474 [main] DEBUG org.apache.http.wire -  >> "Accept: */*[\r][\n]"
22:09:30.474 [main] DEBUG org.apache.http.wire -  >> "Host: localhost:8080[\r][\n]"
22:09:30.474 [main] DEBUG org.apache.http.wire -  >> "Connection: Keep-Alive[\r][\n]"
22:09:30.474 [main] DEBUG org.apache.http.wire -  >> "User-Agent: Apache-HttpClient/4.5.3 (Java/13.0.5.1)[\r][\n]"
22:09:30.474 [main] DEBUG org.apache.http.wire -  >> "Accept-Encoding: gzip,deflate[\r][\n]"
22:09:30.474 [main] DEBUG org.apache.http.wire -  >> "[\r][\n]"
22:09:30.474 [main] DEBUG org.apache.http.headers - >> GET /1?a=10&b=6&c=3 HTTP/1.1
22:09:30.474 [main] DEBUG org.apache.http.headers - >> Accept: */*
22:09:30.474 [main] DEBUG org.apache.http.headers - >> Host: localhost:8080
22:09:30.474 [main] DEBUG org.apache.http.headers - >> Connection: Keep-Alive
22:09:30.474 [main] DEBUG org.apache.http.headers - >> User-Agent: Apache-HttpClient/4.5.3 (Java/13.0.5.1)
22:09:30.474 [main] DEBUG org.apache.http.headers - >> Accept-Encoding: gzip,deflate
22:09:30.492 [main] DEBUG org.apache.http.wire -  << "HTTP/1.1 200 OK[\r][\n]"
22:09:30.492 [main] DEBUG org.apache.http.wire -  << "Server: Apache-Coyote/1.1[\r][\n]"
22:09:30.492 [main] DEBUG org.apache.http.wire -  << "Content-Type: text/plain;charset=UTF-8[\r][\n]"
22:09:30.492 [main] DEBUG org.apache.http.wire -  << "Content-Length: 6[\r][\n]"
22:09:30.492 [main] DEBUG org.apache.http.wire -  << "Date: Sun, 07 Feb 2021 21:09:30 GMT[\r][\n]"
22:09:30.492 [main] DEBUG org.apache.http.wire -  << "[\r][\n]"
22:09:30.492 [main] DEBUG o.a.h.i.conn.DefaultClientConnection - Receiving response: HTTP/1.1 200 OK
22:09:30.492 [main] DEBUG org.apache.http.headers - << HTTP/1.1 200 OK
22:09:30.492 [main] DEBUG org.apache.http.headers - << Server: Apache-Coyote/1.1
22:09:30.492 [main] DEBUG org.apache.http.headers - << Content-Type: text/plain;charset=UTF-8
22:09:30.492 [main] DEBUG org.apache.http.headers - << Content-Length: 6
22:09:30.492 [main] DEBUG org.apache.http.headers - << Date: Sun, 07 Feb 2021 21:09:30 GMT
22:09:30.492 [main] DEBUG o.a.h.impl.client.DefaultHttpClient - Connection can be kept alive indefinitely
22:09:30.492 [main] DEBUG i.r.i.RequestSpecificationImpl$RestAssuredHttpBuilder - Parsing response as: text/plain;charset=UTF-8
22:09:30.492 [main] DEBUG i.r.i.RequestSpecificationImpl$RestAssuredHttpBuilder - Parsed data to instance of: class org.apache.http.conn.EofSensorInputStream
22:09:30.493 [main] DEBUG org.apache.http.wire -  << "a:1500"
22:09:30.493 [main] DEBUG o.a.h.i.c.BasicClientConnectionManager - Releasing connection org.apache.http.impl.conn.ManagedClientConnectionImpl@32faa16c
22:09:30.493 [main] DEBUG o.a.h.i.c.BasicClientConnectionManager - Connection can be kept alive indefinitely
22:09:30.496 [main] DEBUG o.a.h.i.c.BasicClientConnectionManager - Get connection for route {}->http://localhost:8080
22:09:30.496 [main] DEBUG o.a.h.i.c.DefaultClientConnectionOperator - Connecting to localhost:8080
22:09:30.497 [main] DEBUG o.a.h.c.protocol.RequestAddCookies - CookieSpec selected: ignoreCookies
22:09:30.497 [main] DEBUG o.a.h.c.protocol.RequestAuthCache - Auth cache not set in the context
22:09:30.497 [main] DEBUG o.a.h.c.p.RequestTargetAuthentication - Target auth state: UNCHALLENGED
22:09:30.497 [main] DEBUG o.a.h.c.p.RequestProxyAuthentication - Proxy auth state: UNCHALLENGED
22:09:30.497 [main] DEBUG o.a.h.impl.client.DefaultHttpClient - Attempt 1 to execute request
22:09:30.497 [main] DEBUG o.a.h.i.conn.DefaultClientConnection - Sending request: GET /1?a=10&b=6&c=3 HTTP/1.1
22:09:30.497 [main] DEBUG org.apache.http.wire -  >> "GET /1?a=10&b=6&c=3 HTTP/1.1[\r][\n]"
22:09:30.497 [main] DEBUG org.apache.http.wire -  >> "Accept: */*[\r][\n]"
22:09:30.497 [main] DEBUG org.apache.http.wire -  >> "Host: localhost:8080[\r][\n]"
22:09:30.497 [main] DEBUG org.apache.http.wire -  >> "Connection: Keep-Alive[\r][\n]"
22:09:30.497 [main] DEBUG org.apache.http.wire -  >> "User-Agent: Apache-HttpClient/4.5.3 (Java/13.0.5.1)[\r][\n]"
22:09:30.497 [main] DEBUG org.apache.http.wire -  >> "Accept-Encoding: gzip,deflate[\r][\n]"
22:09:30.497 [main] DEBUG org.apache.http.wire -  >> "[\r][\n]"
22:09:30.497 [main] DEBUG org.apache.http.headers - >> GET /1?a=10&b=6&c=3 HTTP/1.1
22:09:30.497 [main] DEBUG org.apache.http.headers - >> Accept: */*
22:09:30.497 [main] DEBUG org.apache.http.headers - >> Host: localhost:8080
22:09:30.497 [main] DEBUG org.apache.http.headers - >> Connection: Keep-Alive
22:09:30.497 [main] DEBUG org.apache.http.headers - >> User-Agent: Apache-HttpClient/4.5.3 (Java/13.0.5.1)
22:09:30.497 [main] DEBUG org.apache.http.headers - >> Accept-Encoding: gzip,deflate
22:09:30.515 [main] DEBUG org.apache.http.wire -  << "HTTP/1.1 200 OK[\r][\n]"
22:09:30.515 [main] DEBUG org.apache.http.wire -  << "Server: Apache-Coyote/1.1[\r][\n]"
22:09:30.515 [main] DEBUG org.apache.http.wire -  << "Content-Type: text/plain;charset=UTF-8[\r][\n]"
22:09:30.515 [main] DEBUG org.apache.http.wire -  << "Content-Length: 6[\r][\n]"
22:09:30.515 [main] DEBUG org.apache.http.wire -  << "Date: Sun, 07 Feb 2021 21:09:30 GMT[\r][\n]"
22:09:30.515 [main] DEBUG org.apache.http.wire -  << "[\r][\n]"
22:09:30.515 [main] DEBUG o.a.h.i.conn.DefaultClientConnection - Receiving response: HTTP/1.1 200 OK
22:09:30.515 [main] DEBUG org.apache.http.headers - << HTTP/1.1 200 OK
22:09:30.515 [main] DEBUG org.apache.http.headers - << Server: Apache-Coyote/1.1
22:09:30.515 [main] DEBUG org.apache.http.headers - << Content-Type: text/plain;charset=UTF-8
22:09:30.515 [main] DEBUG org.apache.http.headers - << Content-Length: 6
22:09:30.515 [main] DEBUG org.apache.http.headers - << Date: Sun, 07 Feb 2021 21:09:30 GMT
22:09:30.515 [main] DEBUG o.a.h.impl.client.DefaultHttpClient - Connection can be kept alive indefinitely
22:09:30.516 [main] DEBUG i.r.i.RequestSpecificationImpl$RestAssuredHttpBuilder - Parsing response as: text/plain;charset=UTF-8
22:09:30.516 [main] DEBUG i.r.i.RequestSpecificationImpl$RestAssuredHttpBuilder - Parsed data to instance of: class org.apache.http.conn.EofSensorInputStream
22:09:30.516 [main] DEBUG org.apache.http.wire -  << "a:1500"
22:09:30.516 [main] DEBUG o.a.h.i.c.BasicClientConnectionManager - Releasing connection org.apache.http.impl.conn.ManagedClientConnectionImpl@2f80cb79
22:09:30.516 [main] DEBUG o.a.h.i.c.BasicClientConnectionManager - Connection can be kept alive indefinitely
22:09:30.520 [main] DEBUG o.a.h.i.c.BasicClientConnectionManager - Get connection for route {}->http://localhost:8080
22:09:30.520 [main] DEBUG o.a.h.i.c.DefaultClientConnectionOperator - Connecting to localhost:8080
22:09:30.520 [main] DEBUG o.a.h.c.protocol.RequestAddCookies - CookieSpec selected: ignoreCookies
22:09:30.520 [main] DEBUG o.a.h.c.protocol.RequestAuthCache - Auth cache not set in the context
22:09:30.520 [main] DEBUG o.a.h.c.p.RequestTargetAuthentication - Target auth state: UNCHALLENGED
22:09:30.520 [main] DEBUG o.a.h.c.p.RequestProxyAuthentication - Proxy auth state: UNCHALLENGED
22:09:30.520 [main] DEBUG o.a.h.impl.client.DefaultHttpClient - Attempt 1 to execute request
22:09:30.520 [main] DEBUG o.a.h.i.conn.DefaultClientConnection - Sending request: GET /1?a=10&b=6&c=3 HTTP/1.1
22:09:30.520 [main] DEBUG org.apache.http.wire -  >> "GET /1?a=10&b=6&c=3 HTTP/1.1[\r][\n]"
22:09:30.520 [main] DEBUG org.apache.http.wire -  >> "Accept: */*[\r][\n]"
22:09:30.520 [main] DEBUG org.apache.http.wire -  >> "Host: localhost:8080[\r][\n]"
22:09:30.520 [main] DEBUG org.apache.http.wire -  >> "Connection: Keep-Alive[\r][\n]"
22:09:30.520 [main] DEBUG org.apache.http.wire -  >> "User-Agent: Apache-HttpClient/4.5.3 (Java/13.0.5.1)[\r][\n]"
22:09:30.520 [main] DEBUG org.apache.http.wire -  >> "Accept-Encoding: gzip,deflate[\r][\n]"
22:09:30.520 [main] DEBUG org.apache.http.wire -  >> "[\r][\n]"
22:09:30.520 [main] DEBUG org.apache.http.headers - >> GET /1?a=10&b=6&c=3 HTTP/1.1
22:09:30.520 [main] DEBUG org.apache.http.headers - >> Accept: */*
22:09:30.520 [main] DEBUG org.apache.http.headers - >> Host: localhost:8080
22:09:30.520 [main] DEBUG org.apache.http.headers - >> Connection: Keep-Alive
22:09:30.520 [main] DEBUG org.apache.http.headers - >> User-Agent: Apache-HttpClient/4.5.3 (Java/13.0.5.1)
22:09:30.520 [main] DEBUG org.apache.http.headers - >> Accept-Encoding: gzip,deflate
22:09:30.537 [main] DEBUG org.apache.http.wire -  << "HTTP/1.1 200 OK[\r][\n]"
22:09:30.537 [main] DEBUG org.apache.http.wire -  << "Server: Apache-Coyote/1.1[\r][\n]"
22:09:30.537 [main] DEBUG org.apache.http.wire -  << "Content-Type: text/plain;charset=UTF-8[\r][\n]"
22:09:30.537 [main] DEBUG org.apache.http.wire -  << "Content-Length: 6[\r][\n]"
22:09:30.537 [main] DEBUG org.apache.http.wire -  << "Date: Sun, 07 Feb 2021 21:09:30 GMT[\r][\n]"
22:09:30.537 [main] DEBUG org.apache.http.wire -  << "[\r][\n]"
22:09:30.537 [main] DEBUG o.a.h.i.conn.DefaultClientConnection - Receiving response: HTTP/1.1 200 OK
22:09:30.537 [main] DEBUG org.apache.http.headers - << HTTP/1.1 200 OK
22:09:30.537 [main] DEBUG org.apache.http.headers - << Server: Apache-Coyote/1.1
22:09:30.537 [main] DEBUG org.apache.http.headers - << Content-Type: text/plain;charset=UTF-8
22:09:30.537 [main] DEBUG org.apache.http.headers - << Content-Length: 6
22:09:30.537 [main] DEBUG org.apache.http.headers - << Date: Sun, 07 Feb 2021 21:09:30 GMT
22:09:30.537 [main] DEBUG o.a.h.impl.client.DefaultHttpClient - Connection can be kept alive indefinitely
22:09:30.537 [main] DEBUG i.r.i.RequestSpecificationImpl$RestAssuredHttpBuilder - Parsing response as: text/plain;charset=UTF-8
22:09:30.537 [main] DEBUG i.r.i.RequestSpecificationImpl$RestAssuredHttpBuilder - Parsed data to instance of: class org.apache.http.conn.EofSensorInputStream
22:09:30.538 [main] DEBUG org.apache.http.wire -  << "a:1500"
22:09:30.538 [main] DEBUG o.a.h.i.c.BasicClientConnectionManager - Releasing connection org.apache.http.impl.conn.ManagedClientConnectionImpl@73613ae5
22:09:30.538 [main] DEBUG o.a.h.i.c.BasicClientConnectionManager - Connection can be kept alive indefinitely
22:09:30.540 [main] DEBUG o.a.h.i.c.BasicClientConnectionManager - Get connection for route {}->http://localhost:8080
22:09:30.540 [main] DEBUG o.a.h.i.c.DefaultClientConnectionOperator - Connecting to localhost:8080
22:09:30.541 [main] DEBUG o.a.h.c.protocol.RequestAddCookies - CookieSpec selected: ignoreCookies
22:09:30.541 [main] DEBUG o.a.h.c.protocol.RequestAuthCache - Auth cache not set in the context
22:09:30.541 [main] DEBUG o.a.h.c.p.RequestTargetAuthentication - Target auth state: UNCHALLENGED
22:09:30.541 [main] DEBUG o.a.h.c.p.RequestProxyAuthentication - Proxy auth state: UNCHALLENGED
22:09:30.541 [main] DEBUG o.a.h.impl.client.DefaultHttpClient - Attempt 1 to execute request
22:09:30.541 [main] DEBUG o.a.h.i.conn.DefaultClientConnection - Sending request: GET /1?a=10&b=6&c=3 HTTP/1.1
22:09:30.541 [main] DEBUG org.apache.http.wire -  >> "GET /1?a=10&b=6&c=3 HTTP/1.1[\r][\n]"
22:09:30.541 [main] DEBUG org.apache.http.wire -  >> "Accept: */*[\r][\n]"
22:09:30.541 [main] DEBUG org.apache.http.wire -  >> "Host: localhost:8080[\r][\n]"
22:09:30.541 [main] DEBUG org.apache.http.wire -  >> "Connection: Keep-Alive[\r][\n]"
22:09:30.541 [main] DEBUG org.apache.http.wire -  >> "User-Agent: Apache-HttpClient/4.5.3 (Java/13.0.5.1)[\r][\n]"
22:09:30.541 [main] DEBUG org.apache.http.wire -  >> "Accept-Encoding: gzip,deflate[\r][\n]"
22:09:30.541 [main] DEBUG org.apache.http.wire -  >> "[\r][\n]"
22:09:30.541 [main] DEBUG org.apache.http.headers - >> GET /1?a=10&b=6&c=3 HTTP/1.1
22:09:30.541 [main] DEBUG org.apache.http.headers - >> Accept: */*
22:09:30.541 [main] DEBUG org.apache.http.headers - >> Host: localhost:8080
22:09:30.541 [main] DEBUG org.apache.http.headers - >> Connection: Keep-Alive
22:09:30.541 [main] DEBUG org.apache.http.headers - >> User-Agent: Apache-HttpClient/4.5.3 (Java/13.0.5.1)
22:09:30.541 [main] DEBUG org.apache.http.headers - >> Accept-Encoding: gzip,deflate
22:09:30.567 [main] DEBUG org.apache.http.wire -  << "HTTP/1.1 200 OK[\r][\n]"
22:09:30.568 [main] DEBUG org.apache.http.wire -  << "Server: Apache-Coyote/1.1[\r][\n]"
22:09:30.568 [main] DEBUG org.apache.http.wire -  << "Content-Type: text/plain;charset=UTF-8[\r][\n]"
22:09:30.568 [main] DEBUG org.apache.http.wire -  << "Content-Length: 6[\r][\n]"
22:09:30.568 [main] DEBUG org.apache.http.wire -  << "Date: Sun, 07 Feb 2021 21:09:30 GMT[\r][\n]"
22:09:30.568 [main] DEBUG org.apache.http.wire -  << "[\r][\n]"
22:09:30.568 [main] DEBUG o.a.h.i.conn.DefaultClientConnection - Receiving response: HTTP/1.1 200 OK
22:09:30.568 [main] DEBUG org.apache.http.headers - << HTTP/1.1 200 OK
22:09:30.568 [main] DEBUG org.apache.http.headers - << Server: Apache-Coyote/1.1
22:09:30.568 [main] DEBUG org.apache.http.headers - << Content-Type: text/plain;charset=UTF-8
22:09:30.568 [main] DEBUG org.apache.http.headers - << Content-Length: 6
22:09:30.568 [main] DEBUG org.apache.http.headers - << Date: Sun, 07 Feb 2021 21:09:30 GMT
22:09:30.568 [main] DEBUG o.a.h.impl.client.DefaultHttpClient - Connection can be kept alive indefinitely
22:09:30.568 [main] DEBUG i.r.i.RequestSpecificationImpl$RestAssuredHttpBuilder - Parsing response as: text/plain;charset=UTF-8
22:09:30.568 [main] DEBUG i.r.i.RequestSpecificationImpl$RestAssuredHttpBuilder - Parsed data to instance of: class org.apache.http.conn.EofSensorInputStream
22:09:30.568 [main] DEBUG org.apache.http.wire -  << "a:1500"
22:09:30.568 [main] DEBUG o.a.h.i.c.BasicClientConnectionManager - Releasing connection org.apache.http.impl.conn.ManagedClientConnectionImpl@4ef2ab73
22:09:30.568 [main] DEBUG o.a.h.i.c.BasicClientConnectionManager - Connection can be kept alive indefinitely
22:09:30.572 [main] DEBUG o.a.h.i.c.BasicClientConnectionManager - Get connection for route {}->http://localhost:8080
22:09:30.572 [main] DEBUG o.a.h.i.c.DefaultClientConnectionOperator - Connecting to localhost:8080
22:09:30.573 [main] DEBUG o.a.h.c.protocol.RequestAddCookies - CookieSpec selected: ignoreCookies
22:09:30.573 [main] DEBUG o.a.h.c.protocol.RequestAuthCache - Auth cache not set in the context
22:09:30.573 [main] DEBUG o.a.h.c.p.RequestTargetAuthentication - Target auth state: UNCHALLENGED
22:09:30.573 [main] DEBUG o.a.h.c.p.RequestProxyAuthentication - Proxy auth state: UNCHALLENGED
22:09:30.573 [main] DEBUG o.a.h.impl.client.DefaultHttpClient - Attempt 1 to execute request
22:09:30.573 [main] DEBUG o.a.h.i.conn.DefaultClientConnection - Sending request: GET /1?a=10&b=6&c=3 HTTP/1.1
22:09:30.573 [main] DEBUG org.apache.http.wire -  >> "GET /1?a=10&b=6&c=3 HTTP/1.1[\r][\n]"
22:09:30.573 [main] DEBUG org.apache.http.wire -  >> "Accept: */*[\r][\n]"
22:09:30.573 [main] DEBUG org.apache.http.wire -  >> "Host: localhost:8080[\r][\n]"
22:09:30.573 [main] DEBUG org.apache.http.wire -  >> "Connection: Keep-Alive[\r][\n]"
22:09:30.573 [main] DEBUG org.apache.http.wire -  >> "User-Agent: Apache-HttpClient/4.5.3 (Java/13.0.5.1)[\r][\n]"
22:09:30.573 [main] DEBUG org.apache.http.wire -  >> "Accept-Encoding: gzip,deflate[\r][\n]"
22:09:30.573 [main] DEBUG org.apache.http.wire -  >> "[\r][\n]"
22:09:30.573 [main] DEBUG org.apache.http.headers - >> GET /1?a=10&b=6&c=3 HTTP/1.1
22:09:30.573 [main] DEBUG org.apache.http.headers - >> Accept: */*
22:09:30.573 [main] DEBUG org.apache.http.headers - >> Host: localhost:8080
22:09:30.573 [main] DEBUG org.apache.http.headers - >> Connection: Keep-Alive
22:09:30.573 [main] DEBUG org.apache.http.headers - >> User-Agent: Apache-HttpClient/4.5.3 (Java/13.0.5.1)
22:09:30.573 [main] DEBUG org.apache.http.headers - >> Accept-Encoding: gzip,deflate
22:09:30.593 [main] DEBUG org.apache.http.wire -  << "HTTP/1.1 200 OK[\r][\n]"
22:09:30.594 [main] DEBUG org.apache.http.wire -  << "Server: Apache-Coyote/1.1[\r][\n]"
22:09:30.594 [main] DEBUG org.apache.http.wire -  << "Content-Type: text/plain;charset=UTF-8[\r][\n]"
22:09:30.594 [main] DEBUG org.apache.http.wire -  << "Content-Length: 6[\r][\n]"
22:09:30.594 [main] DEBUG org.apache.http.wire -  << "Date: Sun, 07 Feb 2021 21:09:30 GMT[\r][\n]"
22:09:30.594 [main] DEBUG org.apache.http.wire -  << "[\r][\n]"
22:09:30.594 [main] DEBUG o.a.h.i.conn.DefaultClientConnection - Receiving response: HTTP/1.1 200 OK
22:09:30.594 [main] DEBUG org.apache.http.headers - << HTTP/1.1 200 OK
22:09:30.594 [main] DEBUG org.apache.http.headers - << Server: Apache-Coyote/1.1
22:09:30.594 [main] DEBUG org.apache.http.headers - << Content-Type: text/plain;charset=UTF-8
22:09:30.594 [main] DEBUG org.apache.http.headers - << Content-Length: 6
22:09:30.594 [main] DEBUG org.apache.http.headers - << Date: Sun, 07 Feb 2021 21:09:30 GMT
22:09:30.594 [main] DEBUG o.a.h.impl.client.DefaultHttpClient - Connection can be kept alive indefinitely
22:09:30.594 [main] DEBUG i.r.i.RequestSpecificationImpl$RestAssuredHttpBuilder - Parsing response as: text/plain;charset=UTF-8
22:09:30.594 [main] DEBUG i.r.i.RequestSpecificationImpl$RestAssuredHttpBuilder - Parsed data to instance of: class org.apache.http.conn.EofSensorInputStream
22:09:30.594 [main] DEBUG org.apache.http.wire -  << "a:1500"
22:09:30.594 [main] DEBUG o.a.h.i.c.BasicClientConnectionManager - Releasing connection org.apache.http.impl.conn.ManagedClientConnectionImpl@e09f1b6
22:09:30.594 [main] DEBUG o.a.h.i.c.BasicClientConnectionManager - Connection can be kept alive indefinitely
22:09:30.597 [main] DEBUG o.a.h.i.c.BasicClientConnectionManager - Get connection for route {}->http://localhost:8080
22:09:30.597 [main] DEBUG o.a.h.i.c.DefaultClientConnectionOperator - Connecting to localhost:8080
22:09:30.598 [main] DEBUG o.a.h.c.protocol.RequestAddCookies - CookieSpec selected: ignoreCookies
22:09:30.598 [main] DEBUG o.a.h.c.protocol.RequestAuthCache - Auth cache not set in the context
22:09:30.598 [main] DEBUG o.a.h.c.p.RequestTargetAuthentication - Target auth state: UNCHALLENGED
22:09:30.598 [main] DEBUG o.a.h.c.p.RequestProxyAuthentication - Proxy auth state: UNCHALLENGED
22:09:30.598 [main] DEBUG o.a.h.impl.client.DefaultHttpClient - Attempt 1 to execute request
22:09:30.598 [main] DEBUG o.a.h.i.conn.DefaultClientConnection - Sending request: GET /1?a=10&b=6&c=3 HTTP/1.1
22:09:30.598 [main] DEBUG org.apache.http.wire -  >> "GET /1?a=10&b=6&c=3 HTTP/1.1[\r][\n]"
22:09:30.598 [main] DEBUG org.apache.http.wire -  >> "Accept: */*[\r][\n]"
22:09:30.598 [main] DEBUG org.apache.http.wire -  >> "Host: localhost:8080[\r][\n]"
22:09:30.598 [main] DEBUG org.apache.http.wire -  >> "Connection: Keep-Alive[\r][\n]"
22:09:30.598 [main] DEBUG org.apache.http.wire -  >> "User-Agent: Apache-HttpClient/4.5.3 (Java/13.0.5.1)[\r][\n]"
22:09:30.598 [main] DEBUG org.apache.http.wire -  >> "Accept-Encoding: gzip,deflate[\r][\n]"
22:09:30.598 [main] DEBUG org.apache.http.wire -  >> "[\r][\n]"
22:09:30.598 [main] DEBUG org.apache.http.headers - >> GET /1?a=10&b=6&c=3 HTTP/1.1
22:09:30.598 [main] DEBUG org.apache.http.headers - >> Accept: */*
22:09:30.598 [main] DEBUG org.apache.http.headers - >> Host: localhost:8080
22:09:30.598 [main] DEBUG org.apache.http.headers - >> Connection: Keep-Alive
22:09:30.598 [main] DEBUG org.apache.http.headers - >> User-Agent: Apache-HttpClient/4.5.3 (Java/13.0.5.1)
22:09:30.598 [main] DEBUG org.apache.http.headers - >> Accept-Encoding: gzip,deflate
22:09:30.615 [main] DEBUG org.apache.http.wire -  << "HTTP/1.1 200 OK[\r][\n]"
22:09:30.615 [main] DEBUG org.apache.http.wire -  << "Server: Apache-Coyote/1.1[\r][\n]"
22:09:30.615 [main] DEBUG org.apache.http.wire -  << "Content-Type: text/plain;charset=UTF-8[\r][\n]"
22:09:30.615 [main] DEBUG org.apache.http.wire -  << "Content-Length: 6[\r][\n]"
22:09:30.615 [main] DEBUG org.apache.http.wire -  << "Date: Sun, 07 Feb 2021 21:09:30 GMT[\r][\n]"
22:09:30.615 [main] DEBUG org.apache.http.wire -  << "[\r][\n]"
22:09:30.615 [main] DEBUG o.a.h.i.conn.DefaultClientConnection - Receiving response: HTTP/1.1 200 OK
22:09:30.615 [main] DEBUG org.apache.http.headers - << HTTP/1.1 200 OK
22:09:30.615 [main] DEBUG org.apache.http.headers - << Server: Apache-Coyote/1.1
22:09:30.615 [main] DEBUG org.apache.http.headers - << Content-Type: text/plain;charset=UTF-8
22:09:30.615 [main] DEBUG org.apache.http.headers - << Content-Length: 6
22:09:30.615 [main] DEBUG org.apache.http.headers - << Date: Sun, 07 Feb 2021 21:09:30 GMT
22:09:30.616 [main] DEBUG o.a.h.impl.client.DefaultHttpClient - Connection can be kept alive indefinitely
22:09:30.616 [main] DEBUG i.r.i.RequestSpecificationImpl$RestAssuredHttpBuilder - Parsing response as: text/plain;charset=UTF-8
22:09:30.616 [main] DEBUG i.r.i.RequestSpecificationImpl$RestAssuredHttpBuilder - Parsed data to instance of: class org.apache.http.conn.EofSensorInputStream
22:09:30.617 [main] DEBUG org.apache.http.wire -  << "a:1500"
22:09:30.617 [main] DEBUG o.a.h.i.c.BasicClientConnectionManager - Releasing connection org.apache.http.impl.conn.ManagedClientConnectionImpl@1c33e528
22:09:30.617 [main] DEBUG o.a.h.i.c.BasicClientConnectionManager - Connection can be kept alive indefinitely
22:09:30.621 [main] DEBUG o.a.h.i.c.BasicClientConnectionManager - Get connection for route {}->http://localhost:8080
22:09:30.621 [main] DEBUG o.a.h.i.c.DefaultClientConnectionOperator - Connecting to localhost:8080
22:09:30.621 [main] DEBUG o.a.h.c.protocol.RequestAddCookies - CookieSpec selected: ignoreCookies
22:09:30.621 [main] DEBUG o.a.h.c.protocol.RequestAuthCache - Auth cache not set in the context
22:09:30.621 [main] DEBUG o.a.h.c.p.RequestTargetAuthentication - Target auth state: UNCHALLENGED
22:09:30.621 [main] DEBUG o.a.h.c.p.RequestProxyAuthentication - Proxy auth state: UNCHALLENGED
22:09:30.621 [main] DEBUG o.a.h.impl.client.DefaultHttpClient - Attempt 1 to execute request
22:09:30.621 [main] DEBUG o.a.h.i.conn.DefaultClientConnection - Sending request: GET /1?a=10&b=6&c=3 HTTP/1.1
22:09:30.621 [main] DEBUG org.apache.http.wire -  >> "GET /1?a=10&b=6&c=3 HTTP/1.1[\r][\n]"
22:09:30.621 [main] DEBUG org.apache.http.wire -  >> "Accept: */*[\r][\n]"
22:09:30.621 [main] DEBUG org.apache.http.wire -  >> "Host: localhost:8080[\r][\n]"
22:09:30.621 [main] DEBUG org.apache.http.wire -  >> "Connection: Keep-Alive[\r][\n]"
22:09:30.621 [main] DEBUG org.apache.http.wire -  >> "User-Agent: Apache-HttpClient/4.5.3 (Java/13.0.5.1)[\r][\n]"
22:09:30.621 [main] DEBUG org.apache.http.wire -  >> "Accept-Encoding: gzip,deflate[\r][\n]"
22:09:30.621 [main] DEBUG org.apache.http.wire -  >> "[\r][\n]"
22:09:30.621 [main] DEBUG org.apache.http.headers - >> GET /1?a=10&b=6&c=3 HTTP/1.1
22:09:30.621 [main] DEBUG org.apache.http.headers - >> Accept: */*
22:09:30.621 [main] DEBUG org.apache.http.headers - >> Host: localhost:8080
22:09:30.621 [main] DEBUG org.apache.http.headers - >> Connection: Keep-Alive
22:09:30.621 [main] DEBUG org.apache.http.headers - >> User-Agent: Apache-HttpClient/4.5.3 (Java/13.0.5.1)
22:09:30.621 [main] DEBUG org.apache.http.headers - >> Accept-Encoding: gzip,deflate
22:09:30.639 [main] DEBUG org.apache.http.wire -  << "HTTP/1.1 200 OK[\r][\n]"
22:09:30.639 [main] DEBUG org.apache.http.wire -  << "Server: Apache-Coyote/1.1[\r][\n]"
22:09:30.639 [main] DEBUG org.apache.http.wire -  << "Content-Type: text/plain;charset=UTF-8[\r][\n]"
22:09:30.639 [main] DEBUG org.apache.http.wire -  << "Content-Length: 6[\r][\n]"
22:09:30.639 [main] DEBUG org.apache.http.wire -  << "Date: Sun, 07 Feb 2021 21:09:30 GMT[\r][\n]"
22:09:30.639 [main] DEBUG org.apache.http.wire -  << "[\r][\n]"
22:09:30.639 [main] DEBUG o.a.h.i.conn.DefaultClientConnection - Receiving response: HTTP/1.1 200 OK
22:09:30.639 [main] DEBUG org.apache.http.headers - << HTTP/1.1 200 OK
22:09:30.639 [main] DEBUG org.apache.http.headers - << Server: Apache-Coyote/1.1
22:09:30.639 [main] DEBUG org.apache.http.headers - << Content-Type: text/plain;charset=UTF-8
22:09:30.639 [main] DEBUG org.apache.http.headers - << Content-Length: 6
22:09:30.639 [main] DEBUG org.apache.http.headers - << Date: Sun, 07 Feb 2021 21:09:30 GMT
22:09:30.639 [main] DEBUG o.a.h.impl.client.DefaultHttpClient - Connection can be kept alive indefinitely
22:09:30.639 [main] DEBUG i.r.i.RequestSpecificationImpl$RestAssuredHttpBuilder - Parsing response as: text/plain;charset=UTF-8
22:09:30.639 [main] DEBUG i.r.i.RequestSpecificationImpl$RestAssuredHttpBuilder - Parsed data to instance of: class org.apache.http.conn.EofSensorInputStream
22:09:30.640 [main] DEBUG org.apache.http.wire -  << "a:1500"
22:09:30.640 [main] DEBUG o.a.h.i.c.BasicClientConnectionManager - Releasing connection org.apache.http.impl.conn.ManagedClientConnectionImpl@5b39a3e6
22:09:30.640 [main] DEBUG o.a.h.i.c.BasicClientConnectionManager - Connection can be kept alive indefinitely
22:09:30.642 [main] DEBUG o.a.h.i.c.BasicClientConnectionManager - Get connection for route {}->http://localhost:8080
22:09:30.642 [main] DEBUG o.a.h.i.c.DefaultClientConnectionOperator - Connecting to localhost:8080
22:09:30.643 [main] DEBUG o.a.h.c.protocol.RequestAddCookies - CookieSpec selected: ignoreCookies
22:09:30.643 [main] DEBUG o.a.h.c.protocol.RequestAuthCache - Auth cache not set in the context
22:09:30.643 [main] DEBUG o.a.h.c.p.RequestTargetAuthentication - Target auth state: UNCHALLENGED
22:09:30.643 [main] DEBUG o.a.h.c.p.RequestProxyAuthentication - Proxy auth state: UNCHALLENGED
22:09:30.643 [main] DEBUG o.a.h.impl.client.DefaultHttpClient - Attempt 1 to execute request
22:09:30.643 [main] DEBUG o.a.h.i.conn.DefaultClientConnection - Sending request: GET /1?a=10&b=6&c=3 HTTP/1.1
22:09:30.643 [main] DEBUG org.apache.http.wire -  >> "GET /1?a=10&b=6&c=3 HTTP/1.1[\r][\n]"
22:09:30.643 [main] DEBUG org.apache.http.wire -  >> "Accept: */*[\r][\n]"
22:09:30.643 [main] DEBUG org.apache.http.wire -  >> "Host: localhost:8080[\r][\n]"
22:09:30.643 [main] DEBUG org.apache.http.wire -  >> "Connection: Keep-Alive[\r][\n]"
22:09:30.643 [main] DEBUG org.apache.http.wire -  >> "User-Agent: Apache-HttpClient/4.5.3 (Java/13.0.5.1)[\r][\n]"
22:09:30.643 [main] DEBUG org.apache.http.wire -  >> "Accept-Encoding: gzip,deflate[\r][\n]"
22:09:30.643 [main] DEBUG org.apache.http.wire -  >> "[\r][\n]"
22:09:30.643 [main] DEBUG org.apache.http.headers - >> GET /1?a=10&b=6&c=3 HTTP/1.1
22:09:30.643 [main] DEBUG org.apache.http.headers - >> Accept: */*
22:09:30.643 [main] DEBUG org.apache.http.headers - >> Host: localhost:8080
22:09:30.643 [main] DEBUG org.apache.http.headers - >> Connection: Keep-Alive
22:09:30.643 [main] DEBUG org.apache.http.headers - >> User-Agent: Apache-HttpClient/4.5.3 (Java/13.0.5.1)
22:09:30.643 [main] DEBUG org.apache.http.headers - >> Accept-Encoding: gzip,deflate
22:09:30.658 [main] DEBUG org.apache.http.wire -  << "HTTP/1.1 200 OK[\r][\n]"
22:09:30.658 [main] DEBUG org.apache.http.wire -  << "Server: Apache-Coyote/1.1[\r][\n]"
22:09:30.658 [main] DEBUG org.apache.http.wire -  << "Content-Type: text/plain;charset=UTF-8[\r][\n]"
22:09:30.658 [main] DEBUG org.apache.http.wire -  << "Content-Length: 6[\r][\n]"
22:09:30.658 [main] DEBUG org.apache.http.wire -  << "Date: Sun, 07 Feb 2021 21:09:30 GMT[\r][\n]"
22:09:30.658 [main] DEBUG org.apache.http.wire -  << "[\r][\n]"
22:09:30.658 [main] DEBUG o.a.h.i.conn.DefaultClientConnection - Receiving response: HTTP/1.1 200 OK
22:09:30.658 [main] DEBUG org.apache.http.headers - << HTTP/1.1 200 OK
22:09:30.658 [main] DEBUG org.apache.http.headers - << Server: Apache-Coyote/1.1
22:09:30.658 [main] DEBUG org.apache.http.headers - << Content-Type: text/plain;charset=UTF-8
22:09:30.658 [main] DEBUG org.apache.http.headers - << Content-Length: 6
22:09:30.658 [main] DEBUG org.apache.http.headers - << Date: Sun, 07 Feb 2021 21:09:30 GMT
22:09:30.658 [main] DEBUG o.a.h.impl.client.DefaultHttpClient - Connection can be kept alive indefinitely
22:09:30.658 [main] DEBUG i.r.i.RequestSpecificationImpl$RestAssuredHttpBuilder - Parsing response as: text/plain;charset=UTF-8
22:09:30.658 [main] DEBUG i.r.i.RequestSpecificationImpl$RestAssuredHttpBuilder - Parsed data to instance of: class org.apache.http.conn.EofSensorInputStream
22:09:30.659 [main] DEBUG org.apache.http.wire -  << "a:1500"
22:09:30.659 [main] DEBUG o.a.h.i.c.BasicClientConnectionManager - Releasing connection org.apache.http.impl.conn.ManagedClientConnectionImpl@71370fec
22:09:30.659 [main] DEBUG o.a.h.i.c.BasicClientConnectionManager - Connection can be kept alive indefinitely
22:09:30.663 [main] DEBUG o.a.h.i.c.BasicClientConnectionManager - Get connection for route {}->http://localhost:8080
22:09:30.663 [main] DEBUG o.a.h.i.c.DefaultClientConnectionOperator - Connecting to localhost:8080
22:09:30.664 [main] DEBUG o.a.h.c.protocol.RequestAddCookies - CookieSpec selected: ignoreCookies
22:09:30.664 [main] DEBUG o.a.h.c.protocol.RequestAuthCache - Auth cache not set in the context
22:09:30.664 [main] DEBUG o.a.h.c.p.RequestTargetAuthentication - Target auth state: UNCHALLENGED
22:09:30.664 [main] DEBUG o.a.h.c.p.RequestProxyAuthentication - Proxy auth state: UNCHALLENGED
22:09:30.664 [main] DEBUG o.a.h.impl.client.DefaultHttpClient - Attempt 1 to execute request
22:09:30.664 [main] DEBUG o.a.h.i.conn.DefaultClientConnection - Sending request: GET /1?a=10&b=6&c=3 HTTP/1.1
22:09:30.664 [main] DEBUG org.apache.http.wire -  >> "GET /1?a=10&b=6&c=3 HTTP/1.1[\r][\n]"
22:09:30.664 [main] DEBUG org.apache.http.wire -  >> "Accept: */*[\r][\n]"
22:09:30.664 [main] DEBUG org.apache.http.wire -  >> "Host: localhost:8080[\r][\n]"
22:09:30.664 [main] DEBUG org.apache.http.wire -  >> "Connection: Keep-Alive[\r][\n]"
22:09:30.664 [main] DEBUG org.apache.http.wire -  >> "User-Agent: Apache-HttpClient/4.5.3 (Java/13.0.5.1)[\r][\n]"
22:09:30.664 [main] DEBUG org.apache.http.wire -  >> "Accept-Encoding: gzip,deflate[\r][\n]"
22:09:30.664 [main] DEBUG org.apache.http.wire -  >> "[\r][\n]"
22:09:30.664 [main] DEBUG org.apache.http.headers - >> GET /1?a=10&b=6&c=3 HTTP/1.1
22:09:30.664 [main] DEBUG org.apache.http.headers - >> Accept: */*
22:09:30.664 [main] DEBUG org.apache.http.headers - >> Host: localhost:8080
22:09:30.664 [main] DEBUG org.apache.http.headers - >> Connection: Keep-Alive
22:09:30.664 [main] DEBUG org.apache.http.headers - >> User-Agent: Apache-HttpClient/4.5.3 (Java/13.0.5.1)
22:09:30.664 [main] DEBUG org.apache.http.headers - >> Accept-Encoding: gzip,deflate
22:09:30.683 [main] DEBUG org.apache.http.wire -  << "HTTP/1.1 200 OK[\r][\n]"
22:09:30.683 [main] DEBUG org.apache.http.wire -  << "Server: Apache-Coyote/1.1[\r][\n]"
22:09:30.683 [main] DEBUG org.apache.http.wire -  << "Content-Type: text/plain;charset=UTF-8[\r][\n]"
22:09:30.683 [main] DEBUG org.apache.http.wire -  << "Content-Length: 6[\r][\n]"
22:09:30.683 [main] DEBUG org.apache.http.wire -  << "Date: Sun, 07 Feb 2021 21:09:30 GMT[\r][\n]"
22:09:30.683 [main] DEBUG org.apache.http.wire -  << "[\r][\n]"
22:09:30.683 [main] DEBUG o.a.h.i.conn.DefaultClientConnection - Receiving response: HTTP/1.1 200 OK
22:09:30.683 [main] DEBUG org.apache.http.headers - << HTTP/1.1 200 OK
22:09:30.683 [main] DEBUG org.apache.http.headers - << Server: Apache-Coyote/1.1
22:09:30.683 [main] DEBUG org.apache.http.headers - << Content-Type: text/plain;charset=UTF-8
22:09:30.683 [main] DEBUG org.apache.http.headers - << Content-Length: 6
22:09:30.683 [main] DEBUG org.apache.http.headers - << Date: Sun, 07 Feb 2021 21:09:30 GMT
22:09:30.684 [main] DEBUG o.a.h.impl.client.DefaultHttpClient - Connection can be kept alive indefinitely
22:09:30.684 [main] DEBUG i.r.i.RequestSpecificationImpl$RestAssuredHttpBuilder - Parsing response as: text/plain;charset=UTF-8
22:09:30.684 [main] DEBUG i.r.i.RequestSpecificationImpl$RestAssuredHttpBuilder - Parsed data to instance of: class org.apache.http.conn.EofSensorInputStream
22:09:30.684 [main] DEBUG org.apache.http.wire -  << "a:1500"
22:09:30.684 [main] DEBUG o.a.h.i.c.BasicClientConnectionManager - Releasing connection org.apache.http.impl.conn.ManagedClientConnectionImpl@f0a66bd
22:09:30.684 [main] DEBUG o.a.h.i.c.BasicClientConnectionManager - Connection can be kept alive indefinitely
22:09:30.686 [main] DEBUG o.a.h.i.c.BasicClientConnectionManager - Get connection for route {}->http://localhost:8080
22:09:30.686 [main] DEBUG o.a.h.i.c.DefaultClientConnectionOperator - Connecting to localhost:8080
22:09:30.687 [main] DEBUG o.a.h.c.protocol.RequestAddCookies - CookieSpec selected: ignoreCookies
22:09:30.687 [main] DEBUG o.a.h.c.protocol.RequestAuthCache - Auth cache not set in the context
22:09:30.687 [main] DEBUG o.a.h.c.p.RequestTargetAuthentication - Target auth state: UNCHALLENGED
22:09:30.687 [main] DEBUG o.a.h.c.p.RequestProxyAuthentication - Proxy auth state: UNCHALLENGED
22:09:30.687 [main] DEBUG o.a.h.impl.client.DefaultHttpClient - Attempt 1 to execute request
22:09:30.687 [main] DEBUG o.a.h.i.conn.DefaultClientConnection - Sending request: GET /1?a=10&b=6&c=3 HTTP/1.1
22:09:30.687 [main] DEBUG org.apache.http.wire -  >> "GET /1?a=10&b=6&c=3 HTTP/1.1[\r][\n]"
22:09:30.687 [main] DEBUG org.apache.http.wire -  >> "Accept: */*[\r][\n]"
22:09:30.687 [main] DEBUG org.apache.http.wire -  >> "Host: localhost:8080[\r][\n]"
22:09:30.687 [main] DEBUG org.apache.http.wire -  >> "Connection: Keep-Alive[\r][\n]"
22:09:30.687 [main] DEBUG org.apache.http.wire -  >> "User-Agent: Apache-HttpClient/4.5.3 (Java/13.0.5.1)[\r][\n]"
22:09:30.687 [main] DEBUG org.apache.http.wire -  >> "Accept-Encoding: gzip,deflate[\r][\n]"
22:09:30.687 [main] DEBUG org.apache.http.wire -  >> "[\r][\n]"
22:09:30.687 [main] DEBUG org.apache.http.headers - >> GET /1?a=10&b=6&c=3 HTTP/1.1
22:09:30.687 [main] DEBUG org.apache.http.headers - >> Accept: */*
22:09:30.687 [main] DEBUG org.apache.http.headers - >> Host: localhost:8080
22:09:30.687 [main] DEBUG org.apache.http.headers - >> Connection: Keep-Alive
22:09:30.687 [main] DEBUG org.apache.http.headers - >> User-Agent: Apache-HttpClient/4.5.3 (Java/13.0.5.1)
22:09:30.687 [main] DEBUG org.apache.http.headers - >> Accept-Encoding: gzip,deflate
22:09:30.709 [main] DEBUG org.apache.http.wire -  << "HTTP/1.1 200 OK[\r][\n]"
22:09:30.709 [main] DEBUG org.apache.http.wire -  << "Server: Apache-Coyote/1.1[\r][\n]"
22:09:30.709 [main] DEBUG org.apache.http.wire -  << "Content-Type: text/plain;charset=UTF-8[\r][\n]"
22:09:30.709 [main] DEBUG org.apache.http.wire -  << "Content-Length: 6[\r][\n]"
22:09:30.709 [main] DEBUG org.apache.http.wire -  << "Date: Sun, 07 Feb 2021 21:09:30 GMT[\r][\n]"
22:09:30.709 [main] DEBUG org.apache.http.wire -  << "[\r][\n]"
22:09:30.709 [main] DEBUG o.a.h.i.conn.DefaultClientConnection - Receiving response: HTTP/1.1 200 OK
22:09:30.709 [main] DEBUG org.apache.http.headers - << HTTP/1.1 200 OK
22:09:30.709 [main] DEBUG org.apache.http.headers - << Server: Apache-Coyote/1.1
22:09:30.709 [main] DEBUG org.apache.http.headers - << Content-Type: text/plain;charset=UTF-8
22:09:30.709 [main] DEBUG org.apache.http.headers - << Content-Length: 6
22:09:30.709 [main] DEBUG org.apache.http.headers - << Date: Sun, 07 Feb 2021 21:09:30 GMT
22:09:30.709 [main] DEBUG o.a.h.impl.client.DefaultHttpClient - Connection can be kept alive indefinitely
22:09:30.710 [main] DEBUG i.r.i.RequestSpecificationImpl$RestAssuredHttpBuilder - Parsing response as: text/plain;charset=UTF-8
22:09:30.710 [main] DEBUG i.r.i.RequestSpecificationImpl$RestAssuredHttpBuilder - Parsed data to instance of: class org.apache.http.conn.EofSensorInputStream
22:09:30.710 [main] DEBUG org.apache.http.wire -  << "a:1500"
22:09:30.710 [main] DEBUG o.a.h.i.c.BasicClientConnectionManager - Releasing connection org.apache.http.impl.conn.ManagedClientConnectionImpl@1d0cac30
22:09:30.710 [main] DEBUG o.a.h.i.c.BasicClientConnectionManager - Connection can be kept alive indefinitely
22:09:30.712 [main] DEBUG o.a.h.i.c.BasicClientConnectionManager - Get connection for route {}->http://localhost:8080
22:09:30.712 [main] DEBUG o.a.h.i.c.DefaultClientConnectionOperator - Connecting to localhost:8080
22:09:30.713 [main] DEBUG o.a.h.c.protocol.RequestAddCookies - CookieSpec selected: ignoreCookies
22:09:30.713 [main] DEBUG o.a.h.c.protocol.RequestAuthCache - Auth cache not set in the context
22:09:30.713 [main] DEBUG o.a.h.c.p.RequestTargetAuthentication - Target auth state: UNCHALLENGED
22:09:30.713 [main] DEBUG o.a.h.c.p.RequestProxyAuthentication - Proxy auth state: UNCHALLENGED
22:09:30.713 [main] DEBUG o.a.h.impl.client.DefaultHttpClient - Attempt 1 to execute request
22:09:30.713 [main] DEBUG o.a.h.i.conn.DefaultClientConnection - Sending request: GET /1?a=10&b=6&c=3 HTTP/1.1
22:09:30.713 [main] DEBUG org.apache.http.wire -  >> "GET /1?a=10&b=6&c=3 HTTP/1.1[\r][\n]"
22:09:30.713 [main] DEBUG org.apache.http.wire -  >> "Accept: */*[\r][\n]"
22:09:30.713 [main] DEBUG org.apache.http.wire -  >> "Host: localhost:8080[\r][\n]"
22:09:30.713 [main] DEBUG org.apache.http.wire -  >> "Connection: Keep-Alive[\r][\n]"
22:09:30.713 [main] DEBUG org.apache.http.wire -  >> "User-Agent: Apache-HttpClient/4.5.3 (Java/13.0.5.1)[\r][\n]"
22:09:30.713 [main] DEBUG org.apache.http.wire -  >> "Accept-Encoding: gzip,deflate[\r][\n]"
22:09:30.713 [main] DEBUG org.apache.http.wire -  >> "[\r][\n]"
22:09:30.713 [main] DEBUG org.apache.http.headers - >> GET /1?a=10&b=6&c=3 HTTP/1.1
22:09:30.713 [main] DEBUG org.apache.http.headers - >> Accept: */*
22:09:30.713 [main] DEBUG org.apache.http.headers - >> Host: localhost:8080
22:09:30.713 [main] DEBUG org.apache.http.headers - >> Connection: Keep-Alive
22:09:30.713 [main] DEBUG org.apache.http.headers - >> User-Agent: Apache-HttpClient/4.5.3 (Java/13.0.5.1)
22:09:30.713 [main] DEBUG org.apache.http.headers - >> Accept-Encoding: gzip,deflate
22:09:30.731 [main] DEBUG org.apache.http.wire -  << "HTTP/1.1 200 OK[\r][\n]"
22:09:30.731 [main] DEBUG org.apache.http.wire -  << "Server: Apache-Coyote/1.1[\r][\n]"
22:09:30.731 [main] DEBUG org.apache.http.wire -  << "Content-Type: text/plain;charset=UTF-8[\r][\n]"
22:09:30.731 [main] DEBUG org.apache.http.wire -  << "Content-Length: 6[\r][\n]"
22:09:30.731 [main] DEBUG org.apache.http.wire -  << "Date: Sun, 07 Feb 2021 21:09:30 GMT[\r][\n]"
22:09:30.731 [main] DEBUG org.apache.http.wire -  << "[\r][\n]"
22:09:30.731 [main] DEBUG o.a.h.i.conn.DefaultClientConnection - Receiving response: HTTP/1.1 200 OK
22:09:30.731 [main] DEBUG org.apache.http.headers - << HTTP/1.1 200 OK
22:09:30.731 [main] DEBUG org.apache.http.headers - << Server: Apache-Coyote/1.1
22:09:30.731 [main] DEBUG org.apache.http.headers - << Content-Type: text/plain;charset=UTF-8
22:09:30.731 [main] DEBUG org.apache.http.headers - << Content-Length: 6
22:09:30.731 [main] DEBUG org.apache.http.headers - << Date: Sun, 07 Feb 2021 21:09:30 GMT
22:09:30.732 [main] DEBUG o.a.h.impl.client.DefaultHttpClient - Connection can be kept alive indefinitely
22:09:30.732 [main] DEBUG i.r.i.RequestSpecificationImpl$RestAssuredHttpBuilder - Parsing response as: text/plain;charset=UTF-8
22:09:30.732 [main] DEBUG i.r.i.RequestSpecificationImpl$RestAssuredHttpBuilder - Parsed data to instance of: class org.apache.http.conn.EofSensorInputStream
22:09:30.732 [main] DEBUG org.apache.http.wire -  << "a:1500"
22:09:30.732 [main] DEBUG o.a.h.i.c.BasicClientConnectionManager - Releasing connection org.apache.http.impl.conn.ManagedClientConnectionImpl@583fb274
22:09:30.732 [main] DEBUG o.a.h.i.c.BasicClientConnectionManager - Connection can be kept alive indefinitely
22:09:30.734 [main] DEBUG o.a.h.i.c.BasicClientConnectionManager - Get connection for route {}->http://localhost:8080
22:09:30.734 [main] DEBUG o.a.h.i.c.DefaultClientConnectionOperator - Connecting to localhost:8080
22:09:30.734 [main] DEBUG o.a.h.c.protocol.RequestAddCookies - CookieSpec selected: ignoreCookies
22:09:30.735 [main] DEBUG o.a.h.c.protocol.RequestAuthCache - Auth cache not set in the context
22:09:30.735 [main] DEBUG o.a.h.c.p.RequestTargetAuthentication - Target auth state: UNCHALLENGED
22:09:30.735 [main] DEBUG o.a.h.c.p.RequestProxyAuthentication - Proxy auth state: UNCHALLENGED
22:09:30.735 [main] DEBUG o.a.h.impl.client.DefaultHttpClient - Attempt 1 to execute request
22:09:30.735 [main] DEBUG o.a.h.i.conn.DefaultClientConnection - Sending request: GET /1?a=10&b=6&c=3 HTTP/1.1
22:09:30.735 [main] DEBUG org.apache.http.wire -  >> "GET /1?a=10&b=6&c=3 HTTP/1.1[\r][\n]"
22:09:30.735 [main] DEBUG org.apache.http.wire -  >> "Accept: */*[\r][\n]"
22:09:30.735 [main] DEBUG org.apache.http.wire -  >> "Host: localhost:8080[\r][\n]"
22:09:30.735 [main] DEBUG org.apache.http.wire -  >> "Connection: Keep-Alive[\r][\n]"
22:09:30.735 [main] DEBUG org.apache.http.wire -  >> "User-Agent: Apache-HttpClient/4.5.3 (Java/13.0.5.1)[\r][\n]"
22:09:30.735 [main] DEBUG org.apache.http.wire -  >> "Accept-Encoding: gzip,deflate[\r][\n]"
22:09:30.735 [main] DEBUG org.apache.http.wire -  >> "[\r][\n]"
22:09:30.735 [main] DEBUG org.apache.http.headers - >> GET /1?a=10&b=6&c=3 HTTP/1.1
22:09:30.735 [main] DEBUG org.apache.http.headers - >> Accept: */*
22:09:30.735 [main] DEBUG org.apache.http.headers - >> Host: localhost:8080
22:09:30.735 [main] DEBUG org.apache.http.headers - >> Connection: Keep-Alive
22:09:30.735 [main] DEBUG org.apache.http.headers - >> User-Agent: Apache-HttpClient/4.5.3 (Java/13.0.5.1)
22:09:30.735 [main] DEBUG org.apache.http.headers - >> Accept-Encoding: gzip,deflate
22:09:30.751 [main] DEBUG org.apache.http.wire -  << "HTTP/1.1 200 OK[\r][\n]"
22:09:30.751 [main] DEBUG org.apache.http.wire -  << "Server: Apache-Coyote/1.1[\r][\n]"
22:09:30.751 [main] DEBUG org.apache.http.wire -  << "Content-Type: text/plain;charset=UTF-8[\r][\n]"
22:09:30.751 [main] DEBUG org.apache.http.wire -  << "Content-Length: 6[\r][\n]"
22:09:30.751 [main] DEBUG org.apache.http.wire -  << "Date: Sun, 07 Feb 2021 21:09:30 GMT[\r][\n]"
22:09:30.751 [main] DEBUG org.apache.http.wire -  << "[\r][\n]"
22:09:30.752 [main] DEBUG o.a.h.i.conn.DefaultClientConnection - Receiving response: HTTP/1.1 200 OK
22:09:30.752 [main] DEBUG org.apache.http.headers - << HTTP/1.1 200 OK
22:09:30.752 [main] DEBUG org.apache.http.headers - << Server: Apache-Coyote/1.1
22:09:30.752 [main] DEBUG org.apache.http.headers - << Content-Type: text/plain;charset=UTF-8
22:09:30.752 [main] DEBUG org.apache.http.headers - << Content-Length: 6
22:09:30.752 [main] DEBUG org.apache.http.headers - << Date: Sun, 07 Feb 2021 21:09:30 GMT
22:09:30.752 [main] DEBUG o.a.h.impl.client.DefaultHttpClient - Connection can be kept alive indefinitely
22:09:30.752 [main] DEBUG i.r.i.RequestSpecificationImpl$RestAssuredHttpBuilder - Parsing response as: text/plain;charset=UTF-8
22:09:30.752 [main] DEBUG i.r.i.RequestSpecificationImpl$RestAssuredHttpBuilder - Parsed data to instance of: class org.apache.http.conn.EofSensorInputStream
22:09:30.752 [main] DEBUG org.apache.http.wire -  << "a:1500"
22:09:30.752 [main] DEBUG o.a.h.i.c.BasicClientConnectionManager - Releasing connection org.apache.http.impl.conn.ManagedClientConnectionImpl@35c4697c
22:09:30.752 [main] DEBUG o.a.h.i.c.BasicClientConnectionManager - Connection can be kept alive indefinitely
22:09:30.755 [main] DEBUG o.a.h.i.c.BasicClientConnectionManager - Get connection for route {}->http://localhost:8080
22:09:30.756 [main] DEBUG o.a.h.i.c.DefaultClientConnectionOperator - Connecting to localhost:8080
22:09:30.756 [main] DEBUG o.a.h.c.protocol.RequestAddCookies - CookieSpec selected: ignoreCookies
22:09:30.756 [main] DEBUG o.a.h.c.protocol.RequestAuthCache - Auth cache not set in the context
22:09:30.756 [main] DEBUG o.a.h.c.p.RequestTargetAuthentication - Target auth state: UNCHALLENGED
22:09:30.756 [main] DEBUG o.a.h.c.p.RequestProxyAuthentication - Proxy auth state: UNCHALLENGED
22:09:30.756 [main] DEBUG o.a.h.impl.client.DefaultHttpClient - Attempt 1 to execute request
22:09:30.756 [main] DEBUG o.a.h.i.conn.DefaultClientConnection - Sending request: GET /1?a=10&b=6&c=3 HTTP/1.1
22:09:30.756 [main] DEBUG org.apache.http.wire -  >> "GET /1?a=10&b=6&c=3 HTTP/1.1[\r][\n]"
22:09:30.756 [main] DEBUG org.apache.http.wire -  >> "Accept: */*[\r][\n]"
22:09:30.756 [main] DEBUG org.apache.http.wire -  >> "Host: localhost:8080[\r][\n]"
22:09:30.756 [main] DEBUG org.apache.http.wire -  >> "Connection: Keep-Alive[\r][\n]"
22:09:30.756 [main] DEBUG org.apache.http.wire -  >> "User-Agent: Apache-HttpClient/4.5.3 (Java/13.0.5.1)[\r][\n]"
22:09:30.756 [main] DEBUG org.apache.http.wire -  >> "Accept-Encoding: gzip,deflate[\r][\n]"
22:09:30.756 [main] DEBUG org.apache.http.wire -  >> "[\r][\n]"
22:09:30.756 [main] DEBUG org.apache.http.headers - >> GET /1?a=10&b=6&c=3 HTTP/1.1
22:09:30.756 [main] DEBUG org.apache.http.headers - >> Accept: */*
22:09:30.756 [main] DEBUG org.apache.http.headers - >> Host: localhost:8080
22:09:30.756 [main] DEBUG org.apache.http.headers - >> Connection: Keep-Alive
22:09:30.756 [main] DEBUG org.apache.http.headers - >> User-Agent: Apache-HttpClient/4.5.3 (Java/13.0.5.1)
22:09:30.756 [main] DEBUG org.apache.http.headers - >> Accept-Encoding: gzip,deflate
22:09:30.774 [main] DEBUG org.apache.http.wire -  << "HTTP/1.1 200 OK[\r][\n]"
22:09:30.774 [main] DEBUG org.apache.http.wire -  << "Server: Apache-Coyote/1.1[\r][\n]"
22:09:30.774 [main] DEBUG org.apache.http.wire -  << "Content-Type: text/plain;charset=UTF-8[\r][\n]"
22:09:30.774 [main] DEBUG org.apache.http.wire -  << "Content-Length: 6[\r][\n]"
22:09:30.774 [main] DEBUG org.apache.http.wire -  << "Date: Sun, 07 Feb 2021 21:09:30 GMT[\r][\n]"
22:09:30.774 [main] DEBUG org.apache.http.wire -  << "[\r][\n]"
22:09:30.774 [main] DEBUG o.a.h.i.conn.DefaultClientConnection - Receiving response: HTTP/1.1 200 OK
22:09:30.774 [main] DEBUG org.apache.http.headers - << HTTP/1.1 200 OK
22:09:30.774 [main] DEBUG org.apache.http.headers - << Server: Apache-Coyote/1.1
22:09:30.774 [main] DEBUG org.apache.http.headers - << Content-Type: text/plain;charset=UTF-8
22:09:30.774 [main] DEBUG org.apache.http.headers - << Content-Length: 6
22:09:30.774 [main] DEBUG org.apache.http.headers - << Date: Sun, 07 Feb 2021 21:09:30 GMT
22:09:30.774 [main] DEBUG o.a.h.impl.client.DefaultHttpClient - Connection can be kept alive indefinitely
22:09:30.774 [main] DEBUG i.r.i.RequestSpecificationImpl$RestAssuredHttpBuilder - Parsing response as: text/plain;charset=UTF-8
22:09:30.774 [main] DEBUG i.r.i.RequestSpecificationImpl$RestAssuredHttpBuilder - Parsed data to instance of: class org.apache.http.conn.EofSensorInputStream
22:09:30.775 [main] DEBUG org.apache.http.wire -  << "a:1500"
22:09:30.775 [main] DEBUG o.a.h.i.c.BasicClientConnectionManager - Releasing connection org.apache.http.impl.conn.ManagedClientConnectionImpl@314a31b0
22:09:30.775 [main] DEBUG o.a.h.i.c.BasicClientConnectionManager - Connection can be kept alive indefinitely
22:09:30.779 [main] DEBUG o.a.h.i.c.BasicClientConnectionManager - Get connection for route {}->http://localhost:8080
22:09:30.779 [main] DEBUG o.a.h.i.c.DefaultClientConnectionOperator - Connecting to localhost:8080
22:09:30.780 [main] DEBUG o.a.h.c.protocol.RequestAddCookies - CookieSpec selected: ignoreCookies
22:09:30.781 [main] DEBUG o.a.h.c.protocol.RequestAuthCache - Auth cache not set in the context
22:09:30.781 [main] DEBUG o.a.h.c.p.RequestTargetAuthentication - Target auth state: UNCHALLENGED
22:09:30.781 [main] DEBUG o.a.h.c.p.RequestProxyAuthentication - Proxy auth state: UNCHALLENGED
22:09:30.781 [main] DEBUG o.a.h.impl.client.DefaultHttpClient - Attempt 1 to execute request
22:09:30.781 [main] DEBUG o.a.h.i.conn.DefaultClientConnection - Sending request: GET /1?a=10&b=6&c=3 HTTP/1.1
22:09:30.781 [main] DEBUG org.apache.http.wire -  >> "GET /1?a=10&b=6&c=3 HTTP/1.1[\r][\n]"
22:09:30.781 [main] DEBUG org.apache.http.wire -  >> "Accept: */*[\r][\n]"
22:09:30.781 [main] DEBUG org.apache.http.wire -  >> "Host: localhost:8080[\r][\n]"
22:09:30.781 [main] DEBUG org.apache.http.wire -  >> "Connection: Keep-Alive[\r][\n]"
22:09:30.781 [main] DEBUG org.apache.http.wire -  >> "User-Agent: Apache-HttpClient/4.5.3 (Java/13.0.5.1)[\r][\n]"
22:09:30.781 [main] DEBUG org.apache.http.wire -  >> "Accept-Encoding: gzip,deflate[\r][\n]"
22:09:30.781 [main] DEBUG org.apache.http.wire -  >> "[\r][\n]"
22:09:30.781 [main] DEBUG org.apache.http.headers - >> GET /1?a=10&b=6&c=3 HTTP/1.1
22:09:30.781 [main] DEBUG org.apache.http.headers - >> Accept: */*
22:09:30.781 [main] DEBUG org.apache.http.headers - >> Host: localhost:8080
22:09:30.781 [main] DEBUG org.apache.http.headers - >> Connection: Keep-Alive
22:09:30.781 [main] DEBUG org.apache.http.headers - >> User-Agent: Apache-HttpClient/4.5.3 (Java/13.0.5.1)
22:09:30.781 [main] DEBUG org.apache.http.headers - >> Accept-Encoding: gzip,deflate
22:09:30.802 [main] DEBUG org.apache.http.wire -  << "HTTP/1.1 200 OK[\r][\n]"
22:09:30.802 [main] DEBUG org.apache.http.wire -  << "Server: Apache-Coyote/1.1[\r][\n]"
22:09:30.802 [main] DEBUG org.apache.http.wire -  << "Content-Type: text/plain;charset=UTF-8[\r][\n]"
22:09:30.802 [main] DEBUG org.apache.http.wire -  << "Content-Length: 6[\r][\n]"
22:09:30.803 [main] DEBUG org.apache.http.wire -  << "Date: Sun, 07 Feb 2021 21:09:30 GMT[\r][\n]"
22:09:30.803 [main] DEBUG org.apache.http.wire -  << "[\r][\n]"
22:09:30.803 [main] DEBUG o.a.h.i.conn.DefaultClientConnection - Receiving response: HTTP/1.1 200 OK
22:09:30.803 [main] DEBUG org.apache.http.headers - << HTTP/1.1 200 OK
22:09:30.803 [main] DEBUG org.apache.http.headers - << Server: Apache-Coyote/1.1
22:09:30.803 [main] DEBUG org.apache.http.headers - << Content-Type: text/plain;charset=UTF-8
22:09:30.803 [main] DEBUG org.apache.http.headers - << Content-Length: 6
22:09:30.803 [main] DEBUG org.apache.http.headers - << Date: Sun, 07 Feb 2021 21:09:30 GMT
22:09:30.803 [main] DEBUG o.a.h.impl.client.DefaultHttpClient - Connection can be kept alive indefinitely
22:09:30.803 [main] DEBUG i.r.i.RequestSpecificationImpl$RestAssuredHttpBuilder - Parsing response as: text/plain;charset=UTF-8
22:09:30.803 [main] DEBUG i.r.i.RequestSpecificationImpl$RestAssuredHttpBuilder - Parsed data to instance of: class org.apache.http.conn.EofSensorInputStream
22:09:30.803 [main] DEBUG org.apache.http.wire -  << "a:1500"
22:09:30.803 [main] DEBUG o.a.h.i.c.BasicClientConnectionManager - Releasing connection org.apache.http.impl.conn.ManagedClientConnectionImpl@2792b416
22:09:30.803 [main] DEBUG o.a.h.i.c.BasicClientConnectionManager - Connection can be kept alive indefinitely
22:09:30.806 [main] DEBUG o.a.h.i.c.BasicClientConnectionManager - Get connection for route {}->http://localhost:8080
22:09:30.806 [main] DEBUG o.a.h.i.c.DefaultClientConnectionOperator - Connecting to localhost:8080
22:09:30.806 [main] DEBUG o.a.h.c.protocol.RequestAddCookies - CookieSpec selected: ignoreCookies
22:09:30.806 [main] DEBUG o.a.h.c.protocol.RequestAuthCache - Auth cache not set in the context
22:09:30.806 [main] DEBUG o.a.h.c.p.RequestTargetAuthentication - Target auth state: UNCHALLENGED
22:09:30.806 [main] DEBUG o.a.h.c.p.RequestProxyAuthentication - Proxy auth state: UNCHALLENGED
22:09:30.806 [main] DEBUG o.a.h.impl.client.DefaultHttpClient - Attempt 1 to execute request
22:09:30.806 [main] DEBUG o.a.h.i.conn.DefaultClientConnection - Sending request: GET /1?a=10&b=6&c=3 HTTP/1.1
22:09:30.806 [main] DEBUG org.apache.http.wire -  >> "GET /1?a=10&b=6&c=3 HTTP/1.1[\r][\n]"
22:09:30.807 [main] DEBUG org.apache.http.wire -  >> "Accept: */*[\r][\n]"
22:09:30.807 [main] DEBUG org.apache.http.wire -  >> "Host: localhost:8080[\r][\n]"
22:09:30.807 [main] DEBUG org.apache.http.wire -  >> "Connection: Keep-Alive[\r][\n]"
22:09:30.807 [main] DEBUG org.apache.http.wire -  >> "User-Agent: Apache-HttpClient/4.5.3 (Java/13.0.5.1)[\r][\n]"
22:09:30.807 [main] DEBUG org.apache.http.wire -  >> "Accept-Encoding: gzip,deflate[\r][\n]"
22:09:30.807 [main] DEBUG org.apache.http.wire -  >> "[\r][\n]"
22:09:30.807 [main] DEBUG org.apache.http.headers - >> GET /1?a=10&b=6&c=3 HTTP/1.1
22:09:30.807 [main] DEBUG org.apache.http.headers - >> Accept: */*
22:09:30.807 [main] DEBUG org.apache.http.headers - >> Host: localhost:8080
22:09:30.807 [main] DEBUG org.apache.http.headers - >> Connection: Keep-Alive
22:09:30.807 [main] DEBUG org.apache.http.headers - >> User-Agent: Apache-HttpClient/4.5.3 (Java/13.0.5.1)
22:09:30.807 [main] DEBUG org.apache.http.headers - >> Accept-Encoding: gzip,deflate
22:09:30.827 [main] DEBUG org.apache.http.wire -  << "HTTP/1.1 200 OK[\r][\n]"
22:09:30.827 [main] DEBUG org.apache.http.wire -  << "Server: Apache-Coyote/1.1[\r][\n]"
22:09:30.827 [main] DEBUG org.apache.http.wire -  << "Content-Type: text/plain;charset=UTF-8[\r][\n]"
22:09:30.827 [main] DEBUG org.apache.http.wire -  << "Content-Length: 6[\r][\n]"
22:09:30.827 [main] DEBUG org.apache.http.wire -  << "Date: Sun, 07 Feb 2021 21:09:30 GMT[\r][\n]"
22:09:30.827 [main] DEBUG org.apache.http.wire -  << "[\r][\n]"
22:09:30.827 [main] DEBUG o.a.h.i.conn.DefaultClientConnection - Receiving response: HTTP/1.1 200 OK
22:09:30.827 [main] DEBUG org.apache.http.headers - << HTTP/1.1 200 OK
22:09:30.827 [main] DEBUG org.apache.http.headers - << Server: Apache-Coyote/1.1
22:09:30.827 [main] DEBUG org.apache.http.headers - << Content-Type: text/plain;charset=UTF-8
22:09:30.827 [main] DEBUG org.apache.http.headers - << Content-Length: 6
22:09:30.827 [main] DEBUG org.apache.http.headers - << Date: Sun, 07 Feb 2021 21:09:30 GMT
22:09:30.827 [main] DEBUG o.a.h.impl.client.DefaultHttpClient - Connection can be kept alive indefinitely
22:09:30.828 [main] DEBUG i.r.i.RequestSpecificationImpl$RestAssuredHttpBuilder - Parsing response as: text/plain;charset=UTF-8
22:09:30.828 [main] DEBUG i.r.i.RequestSpecificationImpl$RestAssuredHttpBuilder - Parsed data to instance of: class org.apache.http.conn.EofSensorInputStream
22:09:30.829 [main] DEBUG org.apache.http.wire -  << "a:1500"
22:09:30.829 [main] DEBUG o.a.h.i.c.BasicClientConnectionManager - Releasing connection org.apache.http.impl.conn.ManagedClientConnectionImpl@4dad0eed
22:09:30.829 [main] DEBUG o.a.h.i.c.BasicClientConnectionManager - Connection can be kept alive indefinitely
22:09:30.835 [main] DEBUG o.a.h.i.c.BasicClientConnectionManager - Get connection for route {}->http://localhost:8080
22:09:30.835 [main] DEBUG o.a.h.i.c.DefaultClientConnectionOperator - Connecting to localhost:8080
22:09:30.836 [main] DEBUG o.a.h.c.protocol.RequestAddCookies - CookieSpec selected: ignoreCookies
22:09:30.836 [main] DEBUG o.a.h.c.protocol.RequestAuthCache - Auth cache not set in the context
22:09:30.836 [main] DEBUG o.a.h.c.p.RequestTargetAuthentication - Target auth state: UNCHALLENGED
22:09:30.836 [main] DEBUG o.a.h.c.p.RequestProxyAuthentication - Proxy auth state: UNCHALLENGED
22:09:30.836 [main] DEBUG o.a.h.impl.client.DefaultHttpClient - Attempt 1 to execute request
22:09:30.836 [main] DEBUG o.a.h.i.conn.DefaultClientConnection - Sending request: GET /1?a=10&b=6&c=3 HTTP/1.1
22:09:30.836 [main] DEBUG org.apache.http.wire -  >> "GET /1?a=10&b=6&c=3 HTTP/1.1[\r][\n]"
22:09:30.836 [main] DEBUG org.apache.http.wire -  >> "Accept: */*[\r][\n]"
22:09:30.836 [main] DEBUG org.apache.http.wire -  >> "Host: localhost:8080[\r][\n]"
22:09:30.836 [main] DEBUG org.apache.http.wire -  >> "Connection: Keep-Alive[\r][\n]"
22:09:30.836 [main] DEBUG org.apache.http.wire -  >> "User-Agent: Apache-HttpClient/4.5.3 (Java/13.0.5.1)[\r][\n]"
22:09:30.836 [main] DEBUG org.apache.http.wire -  >> "Accept-Encoding: gzip,deflate[\r][\n]"
22:09:30.836 [main] DEBUG org.apache.http.wire -  >> "[\r][\n]"
22:09:30.836 [main] DEBUG org.apache.http.headers - >> GET /1?a=10&b=6&c=3 HTTP/1.1
22:09:30.836 [main] DEBUG org.apache.http.headers - >> Accept: */*
22:09:30.836 [main] DEBUG org.apache.http.headers - >> Host: localhost:8080
22:09:30.836 [main] DEBUG org.apache.http.headers - >> Connection: Keep-Alive
22:09:30.836 [main] DEBUG org.apache.http.headers - >> User-Agent: Apache-HttpClient/4.5.3 (Java/13.0.5.1)
22:09:30.836 [main] DEBUG org.apache.http.headers - >> Accept-Encoding: gzip,deflate
22:09:30.858 [main] DEBUG org.apache.http.wire -  << "HTTP/1.1 200 OK[\r][\n]"
22:09:30.858 [main] DEBUG org.apache.http.wire -  << "Server: Apache-Coyote/1.1[\r][\n]"
22:09:30.858 [main] DEBUG org.apache.http.wire -  << "Content-Type: text/plain;charset=UTF-8[\r][\n]"
22:09:30.858 [main] DEBUG org.apache.http.wire -  << "Content-Length: 6[\r][\n]"
22:09:30.858 [main] DEBUG org.apache.http.wire -  << "Date: Sun, 07 Feb 2021 21:09:30 GMT[\r][\n]"
22:09:30.858 [main] DEBUG org.apache.http.wire -  << "[\r][\n]"
22:09:30.858 [main] DEBUG o.a.h.i.conn.DefaultClientConnection - Receiving response: HTTP/1.1 200 OK
22:09:30.858 [main] DEBUG org.apache.http.headers - << HTTP/1.1 200 OK
22:09:30.858 [main] DEBUG org.apache.http.headers - << Server: Apache-Coyote/1.1
22:09:30.858 [main] DEBUG org.apache.http.headers - << Content-Type: text/plain;charset=UTF-8
22:09:30.858 [main] DEBUG org.apache.http.headers - << Content-Length: 6
22:09:30.858 [main] DEBUG org.apache.http.headers - << Date: Sun, 07 Feb 2021 21:09:30 GMT
22:09:30.858 [main] DEBUG o.a.h.impl.client.DefaultHttpClient - Connection can be kept alive indefinitely
22:09:30.858 [main] DEBUG i.r.i.RequestSpecificationImpl$RestAssuredHttpBuilder - Parsing response as: text/plain;charset=UTF-8
22:09:30.858 [main] DEBUG i.r.i.RequestSpecificationImpl$RestAssuredHttpBuilder - Parsed data to instance of: class org.apache.http.conn.EofSensorInputStream
22:09:30.858 [main] DEBUG org.apache.http.wire -  << "a:1500"
22:09:30.858 [main] DEBUG o.a.h.i.c.BasicClientConnectionManager - Releasing connection org.apache.http.impl.conn.ManagedClientConnectionImpl@75cf0de5
22:09:30.858 [main] DEBUG o.a.h.i.c.BasicClientConnectionManager - Connection can be kept alive indefinitely
22:09:30.862 [main] DEBUG o.a.h.i.c.BasicClientConnectionManager - Get connection for route {}->http://localhost:8080
22:09:30.862 [main] DEBUG o.a.h.i.c.DefaultClientConnectionOperator - Connecting to localhost:8080
22:09:30.862 [main] DEBUG o.a.h.c.protocol.RequestAddCookies - CookieSpec selected: ignoreCookies
22:09:30.862 [main] DEBUG o.a.h.c.protocol.RequestAuthCache - Auth cache not set in the context
22:09:30.862 [main] DEBUG o.a.h.c.p.RequestTargetAuthentication - Target auth state: UNCHALLENGED
22:09:30.862 [main] DEBUG o.a.h.c.p.RequestProxyAuthentication - Proxy auth state: UNCHALLENGED
22:09:30.862 [main] DEBUG o.a.h.impl.client.DefaultHttpClient - Attempt 1 to execute request
22:09:30.862 [main] DEBUG o.a.h.i.conn.DefaultClientConnection - Sending request: GET /1?a=10&b=6&c=3 HTTP/1.1
22:09:30.862 [main] DEBUG org.apache.http.wire -  >> "GET /1?a=10&b=6&c=3 HTTP/1.1[\r][\n]"
22:09:30.862 [main] DEBUG org.apache.http.wire -  >> "Accept: */*[\r][\n]"
22:09:30.862 [main] DEBUG org.apache.http.wire -  >> "Host: localhost:8080[\r][\n]"
22:09:30.862 [main] DEBUG org.apache.http.wire -  >> "Connection: Keep-Alive[\r][\n]"
22:09:30.862 [main] DEBUG org.apache.http.wire -  >> "User-Agent: Apache-HttpClient/4.5.3 (Java/13.0.5.1)[\r][\n]"
22:09:30.862 [main] DEBUG org.apache.http.wire -  >> "Accept-Encoding: gzip,deflate[\r][\n]"
22:09:30.862 [main] DEBUG org.apache.http.wire -  >> "[\r][\n]"
22:09:30.862 [main] DEBUG org.apache.http.headers - >> GET /1?a=10&b=6&c=3 HTTP/1.1
22:09:30.862 [main] DEBUG org.apache.http.headers - >> Accept: */*
22:09:30.862 [main] DEBUG org.apache.http.headers - >> Host: localhost:8080
22:09:30.862 [main] DEBUG org.apache.http.headers - >> Connection: Keep-Alive
22:09:30.862 [main] DEBUG org.apache.http.headers - >> User-Agent: Apache-HttpClient/4.5.3 (Java/13.0.5.1)
22:09:30.862 [main] DEBUG org.apache.http.headers - >> Accept-Encoding: gzip,deflate
22:09:30.880 [main] DEBUG org.apache.http.wire -  << "HTTP/1.1 200 OK[\r][\n]"
22:09:30.880 [main] DEBUG org.apache.http.wire -  << "Server: Apache-Coyote/1.1[\r][\n]"
22:09:30.880 [main] DEBUG org.apache.http.wire -  << "Content-Type: text/plain;charset=UTF-8[\r][\n]"
22:09:30.880 [main] DEBUG org.apache.http.wire -  << "Content-Length: 6[\r][\n]"
22:09:30.880 [main] DEBUG org.apache.http.wire -  << "Date: Sun, 07 Feb 2021 21:09:30 GMT[\r][\n]"
22:09:30.880 [main] DEBUG org.apache.http.wire -  << "[\r][\n]"
22:09:30.880 [main] DEBUG o.a.h.i.conn.DefaultClientConnection - Receiving response: HTTP/1.1 200 OK
22:09:30.880 [main] DEBUG org.apache.http.headers - << HTTP/1.1 200 OK
22:09:30.880 [main] DEBUG org.apache.http.headers - << Server: Apache-Coyote/1.1
22:09:30.880 [main] DEBUG org.apache.http.headers - << Content-Type: text/plain;charset=UTF-8
22:09:30.880 [main] DEBUG org.apache.http.headers - << Content-Length: 6
22:09:30.880 [main] DEBUG org.apache.http.headers - << Date: Sun, 07 Feb 2021 21:09:30 GMT
22:09:30.880 [main] DEBUG o.a.h.impl.client.DefaultHttpClient - Connection can be kept alive indefinitely
22:09:30.881 [main] DEBUG i.r.i.RequestSpecificationImpl$RestAssuredHttpBuilder - Parsing response as: text/plain;charset=UTF-8
22:09:30.881 [main] DEBUG i.r.i.RequestSpecificationImpl$RestAssuredHttpBuilder - Parsed data to instance of: class org.apache.http.conn.EofSensorInputStream
22:09:30.881 [main] DEBUG org.apache.http.wire -  << "a:1500"
22:09:30.882 [main] DEBUG o.a.h.i.c.BasicClientConnectionManager - Releasing connection org.apache.http.impl.conn.ManagedClientConnectionImpl@62765aec
22:09:30.882 [main] DEBUG o.a.h.i.c.BasicClientConnectionManager - Connection can be kept alive indefinitely
22:09:30.886 [main] DEBUG o.a.h.i.c.BasicClientConnectionManager - Get connection for route {}->http://localhost:8080
22:09:30.886 [main] DEBUG o.a.h.i.c.DefaultClientConnectionOperator - Connecting to localhost:8080
22:09:30.886 [main] DEBUG o.a.h.c.protocol.RequestAddCookies - CookieSpec selected: ignoreCookies
22:09:30.886 [main] DEBUG o.a.h.c.protocol.RequestAuthCache - Auth cache not set in the context
22:09:30.886 [main] DEBUG o.a.h.c.p.RequestTargetAuthentication - Target auth state: UNCHALLENGED
22:09:30.886 [main] DEBUG o.a.h.c.p.RequestProxyAuthentication - Proxy auth state: UNCHALLENGED
22:09:30.886 [main] DEBUG o.a.h.impl.client.DefaultHttpClient - Attempt 1 to execute request
22:09:30.886 [main] DEBUG o.a.h.i.conn.DefaultClientConnection - Sending request: GET /1?a=10&b=6&c=3 HTTP/1.1
22:09:30.886 [main] DEBUG org.apache.http.wire -  >> "GET /1?a=10&b=6&c=3 HTTP/1.1[\r][\n]"
22:09:30.886 [main] DEBUG org.apache.http.wire -  >> "Accept: */*[\r][\n]"
22:09:30.886 [main] DEBUG org.apache.http.wire -  >> "Host: localhost:8080[\r][\n]"
22:09:30.886 [main] DEBUG org.apache.http.wire -  >> "Connection: Keep-Alive[\r][\n]"
22:09:30.886 [main] DEBUG org.apache.http.wire -  >> "User-Agent: Apache-HttpClient/4.5.3 (Java/13.0.5.1)[\r][\n]"
22:09:30.886 [main] DEBUG org.apache.http.wire -  >> "Accept-Encoding: gzip,deflate[\r][\n]"
22:09:30.886 [main] DEBUG org.apache.http.wire -  >> "[\r][\n]"
22:09:30.886 [main] DEBUG org.apache.http.headers - >> GET /1?a=10&b=6&c=3 HTTP/1.1
22:09:30.886 [main] DEBUG org.apache.http.headers - >> Accept: */*
22:09:30.886 [main] DEBUG org.apache.http.headers - >> Host: localhost:8080
22:09:30.886 [main] DEBUG org.apache.http.headers - >> Connection: Keep-Alive
22:09:30.886 [main] DEBUG org.apache.http.headers - >> User-Agent: Apache-HttpClient/4.5.3 (Java/13.0.5.1)
22:09:30.886 [main] DEBUG org.apache.http.headers - >> Accept-Encoding: gzip,deflate
22:09:30.904 [main] DEBUG org.apache.http.wire -  << "HTTP/1.1 200 OK[\r][\n]"
22:09:30.904 [main] DEBUG org.apache.http.wire -  << "Server: Apache-Coyote/1.1[\r][\n]"
22:09:30.904 [main] DEBUG org.apache.http.wire -  << "Content-Type: text/plain;charset=UTF-8[\r][\n]"
22:09:30.904 [main] DEBUG org.apache.http.wire -  << "Content-Length: 6[\r][\n]"
22:09:30.904 [main] DEBUG org.apache.http.wire -  << "Date: Sun, 07 Feb 2021 21:09:30 GMT[\r][\n]"
22:09:30.904 [main] DEBUG org.apache.http.wire -  << "[\r][\n]"
22:09:30.904 [main] DEBUG o.a.h.i.conn.DefaultClientConnection - Receiving response: HTTP/1.1 200 OK
22:09:30.904 [main] DEBUG org.apache.http.headers - << HTTP/1.1 200 OK
22:09:30.904 [main] DEBUG org.apache.http.headers - << Server: Apache-Coyote/1.1
22:09:30.904 [main] DEBUG org.apache.http.headers - << Content-Type: text/plain;charset=UTF-8
22:09:30.904 [main] DEBUG org.apache.http.headers - << Content-Length: 6
22:09:30.904 [main] DEBUG org.apache.http.headers - << Date: Sun, 07 Feb 2021 21:09:30 GMT
22:09:30.904 [main] DEBUG o.a.h.impl.client.DefaultHttpClient - Connection can be kept alive indefinitely
22:09:30.904 [main] DEBUG i.r.i.RequestSpecificationImpl$RestAssuredHttpBuilder - Parsing response as: text/plain;charset=UTF-8
22:09:30.904 [main] DEBUG i.r.i.RequestSpecificationImpl$RestAssuredHttpBuilder - Parsed data to instance of: class org.apache.http.conn.EofSensorInputStream
22:09:30.904 [main] DEBUG org.apache.http.wire -  << "a:1500"
22:09:30.904 [main] DEBUG o.a.h.i.c.BasicClientConnectionManager - Releasing connection org.apache.http.impl.conn.ManagedClientConnectionImpl@7793ad58
22:09:30.904 [main] DEBUG o.a.h.i.c.BasicClientConnectionManager - Connection can be kept alive indefinitely
22:09:30.906 [main] DEBUG o.a.h.i.c.BasicClientConnectionManager - Get connection for route {}->http://localhost:8080
22:09:30.906 [main] DEBUG o.a.h.i.c.DefaultClientConnectionOperator - Connecting to localhost:8080
22:09:30.907 [main] DEBUG o.a.h.c.protocol.RequestAddCookies - CookieSpec selected: ignoreCookies
22:09:30.907 [main] DEBUG o.a.h.c.protocol.RequestAuthCache - Auth cache not set in the context
22:09:30.907 [main] DEBUG o.a.h.c.p.RequestTargetAuthentication - Target auth state: UNCHALLENGED
22:09:30.907 [main] DEBUG o.a.h.c.p.RequestProxyAuthentication - Proxy auth state: UNCHALLENGED
22:09:30.907 [main] DEBUG o.a.h.impl.client.DefaultHttpClient - Attempt 1 to execute request
22:09:30.907 [main] DEBUG o.a.h.i.conn.DefaultClientConnection - Sending request: GET /1?a=10&b=6&c=3 HTTP/1.1
22:09:30.907 [main] DEBUG org.apache.http.wire -  >> "GET /1?a=10&b=6&c=3 HTTP/1.1[\r][\n]"
22:09:30.907 [main] DEBUG org.apache.http.wire -  >> "Accept: */*[\r][\n]"
22:09:30.907 [main] DEBUG org.apache.http.wire -  >> "Host: localhost:8080[\r][\n]"
22:09:30.907 [main] DEBUG org.apache.http.wire -  >> "Connection: Keep-Alive[\r][\n]"
22:09:30.907 [main] DEBUG org.apache.http.wire -  >> "User-Agent: Apache-HttpClient/4.5.3 (Java/13.0.5.1)[\r][\n]"
22:09:30.907 [main] DEBUG org.apache.http.wire -  >> "Accept-Encoding: gzip,deflate[\r][\n]"
22:09:30.907 [main] DEBUG org.apache.http.wire -  >> "[\r][\n]"
22:09:30.907 [main] DEBUG org.apache.http.headers - >> GET /1?a=10&b=6&c=3 HTTP/1.1
22:09:30.907 [main] DEBUG org.apache.http.headers - >> Accept: */*
22:09:30.907 [main] DEBUG org.apache.http.headers - >> Host: localhost:8080
22:09:30.907 [main] DEBUG org.apache.http.headers - >> Connection: Keep-Alive
22:09:30.907 [main] DEBUG org.apache.http.headers - >> User-Agent: Apache-HttpClient/4.5.3 (Java/13.0.5.1)
22:09:30.907 [main] DEBUG org.apache.http.headers - >> Accept-Encoding: gzip,deflate
22:09:30.930 [main] DEBUG org.apache.http.wire -  << "HTTP/1.1 200 OK[\r][\n]"
22:09:30.930 [main] DEBUG org.apache.http.wire -  << "Server: Apache-Coyote/1.1[\r][\n]"
22:09:30.930 [main] DEBUG org.apache.http.wire -  << "Content-Type: text/plain;charset=UTF-8[\r][\n]"
22:09:30.930 [main] DEBUG org.apache.http.wire -  << "Content-Length: 6[\r][\n]"
22:09:30.930 [main] DEBUG org.apache.http.wire -  << "Date: Sun, 07 Feb 2021 21:09:30 GMT[\r][\n]"
22:09:30.930 [main] DEBUG org.apache.http.wire -  << "[\r][\n]"
22:09:30.930 [main] DEBUG o.a.h.i.conn.DefaultClientConnection - Receiving response: HTTP/1.1 200 OK
22:09:30.930 [main] DEBUG org.apache.http.headers - << HTTP/1.1 200 OK
22:09:30.930 [main] DEBUG org.apache.http.headers - << Server: Apache-Coyote/1.1
22:09:30.930 [main] DEBUG org.apache.http.headers - << Content-Type: text/plain;charset=UTF-8
22:09:30.930 [main] DEBUG org.apache.http.headers - << Content-Length: 6
22:09:30.930 [main] DEBUG org.apache.http.headers - << Date: Sun, 07 Feb 2021 21:09:30 GMT
22:09:30.930 [main] DEBUG o.a.h.impl.client.DefaultHttpClient - Connection can be kept alive indefinitely
22:09:30.930 [main] DEBUG i.r.i.RequestSpecificationImpl$RestAssuredHttpBuilder - Parsing response as: text/plain;charset=UTF-8
22:09:30.930 [main] DEBUG i.r.i.RequestSpecificationImpl$RestAssuredHttpBuilder - Parsed data to instance of: class org.apache.http.conn.EofSensorInputStream
22:09:30.931 [main] DEBUG org.apache.http.wire -  << "a:1500"
22:09:30.931 [main] DEBUG o.a.h.i.c.BasicClientConnectionManager - Releasing connection org.apache.http.impl.conn.ManagedClientConnectionImpl@2cd388f5
22:09:30.931 [main] DEBUG o.a.h.i.c.BasicClientConnectionManager - Connection can be kept alive indefinitely
22:09:30.933 [main] DEBUG o.a.h.i.c.BasicClientConnectionManager - Get connection for route {}->http://localhost:8080
22:09:30.933 [main] DEBUG o.a.h.i.c.DefaultClientConnectionOperator - Connecting to localhost:8080
22:09:30.933 [main] DEBUG o.a.h.c.protocol.RequestAddCookies - CookieSpec selected: ignoreCookies
22:09:30.933 [main] DEBUG o.a.h.c.protocol.RequestAuthCache - Auth cache not set in the context
22:09:30.933 [main] DEBUG o.a.h.c.p.RequestTargetAuthentication - Target auth state: UNCHALLENGED
22:09:30.933 [main] DEBUG o.a.h.c.p.RequestProxyAuthentication - Proxy auth state: UNCHALLENGED
22:09:30.934 [main] DEBUG o.a.h.impl.client.DefaultHttpClient - Attempt 1 to execute request
22:09:30.934 [main] DEBUG o.a.h.i.conn.DefaultClientConnection - Sending request: GET /1?a=10&b=6&c=3 HTTP/1.1
22:09:30.934 [main] DEBUG org.apache.http.wire -  >> "GET /1?a=10&b=6&c=3 HTTP/1.1[\r][\n]"
22:09:30.934 [main] DEBUG org.apache.http.wire -  >> "Accept: */*[\r][\n]"
22:09:30.934 [main] DEBUG org.apache.http.wire -  >> "Host: localhost:8080[\r][\n]"
22:09:30.934 [main] DEBUG org.apache.http.wire -  >> "Connection: Keep-Alive[\r][\n]"
22:09:30.934 [main] DEBUG org.apache.http.wire -  >> "User-Agent: Apache-HttpClient/4.5.3 (Java/13.0.5.1)[\r][\n]"
22:09:30.934 [main] DEBUG org.apache.http.wire -  >> "Accept-Encoding: gzip,deflate[\r][\n]"
22:09:30.934 [main] DEBUG org.apache.http.wire -  >> "[\r][\n]"
22:09:30.934 [main] DEBUG org.apache.http.headers - >> GET /1?a=10&b=6&c=3 HTTP/1.1
22:09:30.934 [main] DEBUG org.apache.http.headers - >> Accept: */*
22:09:30.934 [main] DEBUG org.apache.http.headers - >> Host: localhost:8080
22:09:30.934 [main] DEBUG org.apache.http.headers - >> Connection: Keep-Alive
22:09:30.934 [main] DEBUG org.apache.http.headers - >> User-Agent: Apache-HttpClient/4.5.3 (Java/13.0.5.1)
22:09:30.934 [main] DEBUG org.apache.http.headers - >> Accept-Encoding: gzip,deflate
22:09:30.951 [main] DEBUG org.apache.http.wire -  << "HTTP/1.1 200 OK[\r][\n]"
22:09:30.951 [main] DEBUG org.apache.http.wire -  << "Server: Apache-Coyote/1.1[\r][\n]"
22:09:30.951 [main] DEBUG org.apache.http.wire -  << "Content-Type: text/plain;charset=UTF-8[\r][\n]"
22:09:30.951 [main] DEBUG org.apache.http.wire -  << "Content-Length: 6[\r][\n]"
22:09:30.951 [main] DEBUG org.apache.http.wire -  << "Date: Sun, 07 Feb 2021 21:09:30 GMT[\r][\n]"
22:09:30.951 [main] DEBUG org.apache.http.wire -  << "[\r][\n]"
22:09:30.951 [main] DEBUG o.a.h.i.conn.DefaultClientConnection - Receiving response: HTTP/1.1 200 OK
22:09:30.951 [main] DEBUG org.apache.http.headers - << HTTP/1.1 200 OK
22:09:30.951 [main] DEBUG org.apache.http.headers - << Server: Apache-Coyote/1.1
22:09:30.951 [main] DEBUG org.apache.http.headers - << Content-Type: text/plain;charset=UTF-8
22:09:30.951 [main] DEBUG org.apache.http.headers - << Content-Length: 6
22:09:30.951 [main] DEBUG org.apache.http.headers - << Date: Sun, 07 Feb 2021 21:09:30 GMT
22:09:30.951 [main] DEBUG o.a.h.impl.client.DefaultHttpClient - Connection can be kept alive indefinitely
22:09:30.951 [main] DEBUG i.r.i.RequestSpecificationImpl$RestAssuredHttpBuilder - Parsing response as: text/plain;charset=UTF-8
22:09:30.951 [main] DEBUG i.r.i.RequestSpecificationImpl$RestAssuredHttpBuilder - Parsed data to instance of: class org.apache.http.conn.EofSensorInputStream
22:09:30.952 [main] DEBUG org.apache.http.wire -  << "a:1500"
22:09:30.952 [main] DEBUG o.a.h.i.c.BasicClientConnectionManager - Releasing connection org.apache.http.impl.conn.ManagedClientConnectionImpl@7f323b3a
22:09:30.952 [main] DEBUG o.a.h.i.c.BasicClientConnectionManager - Connection can be kept alive indefinitely
22:09:30.956 [main] DEBUG o.a.h.i.c.BasicClientConnectionManager - Get connection for route {}->http://localhost:8080
22:09:30.956 [main] DEBUG o.a.h.i.c.DefaultClientConnectionOperator - Connecting to localhost:8080
22:09:30.957 [main] DEBUG o.a.h.c.protocol.RequestAddCookies - CookieSpec selected: ignoreCookies
22:09:30.957 [main] DEBUG o.a.h.c.protocol.RequestAuthCache - Auth cache not set in the context
22:09:30.957 [main] DEBUG o.a.h.c.p.RequestTargetAuthentication - Target auth state: UNCHALLENGED
22:09:30.957 [main] DEBUG o.a.h.c.p.RequestProxyAuthentication - Proxy auth state: UNCHALLENGED
22:09:30.957 [main] DEBUG o.a.h.impl.client.DefaultHttpClient - Attempt 1 to execute request
22:09:30.957 [main] DEBUG o.a.h.i.conn.DefaultClientConnection - Sending request: GET /1?a=10&b=6&c=3 HTTP/1.1
22:09:30.957 [main] DEBUG org.apache.http.wire -  >> "GET /1?a=10&b=6&c=3 HTTP/1.1[\r][\n]"
22:09:30.957 [main] DEBUG org.apache.http.wire -  >> "Accept: */*[\r][\n]"
22:09:30.957 [main] DEBUG org.apache.http.wire -  >> "Host: localhost:8080[\r][\n]"
22:09:30.957 [main] DEBUG org.apache.http.wire -  >> "Connection: Keep-Alive[\r][\n]"
22:09:30.957 [main] DEBUG org.apache.http.wire -  >> "User-Agent: Apache-HttpClient/4.5.3 (Java/13.0.5.1)[\r][\n]"
22:09:30.957 [main] DEBUG org.apache.http.wire -  >> "Accept-Encoding: gzip,deflate[\r][\n]"
22:09:30.957 [main] DEBUG org.apache.http.wire -  >> "[\r][\n]"
22:09:30.957 [main] DEBUG org.apache.http.headers - >> GET /1?a=10&b=6&c=3 HTTP/1.1
22:09:30.957 [main] DEBUG org.apache.http.headers - >> Accept: */*
22:09:30.957 [main] DEBUG org.apache.http.headers - >> Host: localhost:8080
22:09:30.957 [main] DEBUG org.apache.http.headers - >> Connection: Keep-Alive
22:09:30.957 [main] DEBUG org.apache.http.headers - >> User-Agent: Apache-HttpClient/4.5.3 (Java/13.0.5.1)
22:09:30.957 [main] DEBUG org.apache.http.headers - >> Accept-Encoding: gzip,deflate
22:09:30.976 [main] DEBUG org.apache.http.wire -  << "HTTP/1.1 200 OK[\r][\n]"
22:09:30.976 [main] DEBUG org.apache.http.wire -  << "Server: Apache-Coyote/1.1[\r][\n]"
22:09:30.976 [main] DEBUG org.apache.http.wire -  << "Content-Type: text/plain;charset=UTF-8[\r][\n]"
22:09:30.976 [main] DEBUG org.apache.http.wire -  << "Content-Length: 6[\r][\n]"
22:09:30.976 [main] DEBUG org.apache.http.wire -  << "Date: Sun, 07 Feb 2021 21:09:30 GMT[\r][\n]"
22:09:30.976 [main] DEBUG org.apache.http.wire -  << "[\r][\n]"
22:09:30.976 [main] DEBUG o.a.h.i.conn.DefaultClientConnection - Receiving response: HTTP/1.1 200 OK
22:09:30.976 [main] DEBUG org.apache.http.headers - << HTTP/1.1 200 OK
22:09:30.976 [main] DEBUG org.apache.http.headers - << Server: Apache-Coyote/1.1
22:09:30.976 [main] DEBUG org.apache.http.headers - << Content-Type: text/plain;charset=UTF-8
22:09:30.976 [main] DEBUG org.apache.http.headers - << Content-Length: 6
22:09:30.976 [main] DEBUG org.apache.http.headers - << Date: Sun, 07 Feb 2021 21:09:30 GMT
22:09:30.976 [main] DEBUG o.a.h.impl.client.DefaultHttpClient - Connection can be kept alive indefinitely
22:09:30.977 [main] DEBUG i.r.i.RequestSpecificationImpl$RestAssuredHttpBuilder - Parsing response as: text/plain;charset=UTF-8
22:09:30.977 [main] DEBUG i.r.i.RequestSpecificationImpl$RestAssuredHttpBuilder - Parsed data to instance of: class org.apache.http.conn.EofSensorInputStream
22:09:30.977 [main] DEBUG org.apache.http.wire -  << "a:1500"
22:09:30.977 [main] DEBUG o.a.h.i.c.BasicClientConnectionManager - Releasing connection org.apache.http.impl.conn.ManagedClientConnectionImpl@4207852d
22:09:30.977 [main] DEBUG o.a.h.i.c.BasicClientConnectionManager - Connection can be kept alive indefinitely
22:09:30.979 [main] DEBUG o.a.h.i.c.BasicClientConnectionManager - Get connection for route {}->http://localhost:8080
22:09:30.979 [main] DEBUG o.a.h.i.c.DefaultClientConnectionOperator - Connecting to localhost:8080
22:09:30.980 [main] DEBUG o.a.h.c.protocol.RequestAddCookies - CookieSpec selected: ignoreCookies
22:09:30.980 [main] DEBUG o.a.h.c.protocol.RequestAuthCache - Auth cache not set in the context
22:09:30.980 [main] DEBUG o.a.h.c.p.RequestTargetAuthentication - Target auth state: UNCHALLENGED
22:09:30.980 [main] DEBUG o.a.h.c.p.RequestProxyAuthentication - Proxy auth state: UNCHALLENGED
22:09:30.980 [main] DEBUG o.a.h.impl.client.DefaultHttpClient - Attempt 1 to execute request
22:09:30.980 [main] DEBUG o.a.h.i.conn.DefaultClientConnection - Sending request: GET /1?a=10&b=6&c=3 HTTP/1.1
22:09:30.980 [main] DEBUG org.apache.http.wire -  >> "GET /1?a=10&b=6&c=3 HTTP/1.1[\r][\n]"
22:09:30.980 [main] DEBUG org.apache.http.wire -  >> "Accept: */*[\r][\n]"
22:09:30.980 [main] DEBUG org.apache.http.wire -  >> "Host: localhost:8080[\r][\n]"
22:09:30.980 [main] DEBUG org.apache.http.wire -  >> "Connection: Keep-Alive[\r][\n]"
22:09:30.980 [main] DEBUG org.apache.http.wire -  >> "User-Agent: Apache-HttpClient/4.5.3 (Java/13.0.5.1)[\r][\n]"
22:09:30.980 [main] DEBUG org.apache.http.wire -  >> "Accept-Encoding: gzip,deflate[\r][\n]"
22:09:30.980 [main] DEBUG org.apache.http.wire -  >> "[\r][\n]"
22:09:30.980 [main] DEBUG org.apache.http.headers - >> GET /1?a=10&b=6&c=3 HTTP/1.1
22:09:30.980 [main] DEBUG org.apache.http.headers - >> Accept: */*
22:09:30.980 [main] DEBUG org.apache.http.headers - >> Host: localhost:8080
22:09:30.980 [main] DEBUG org.apache.http.headers - >> Connection: Keep-Alive
22:09:30.980 [main] DEBUG org.apache.http.headers - >> User-Agent: Apache-HttpClient/4.5.3 (Java/13.0.5.1)
22:09:30.980 [main] DEBUG org.apache.http.headers - >> Accept-Encoding: gzip,deflate
22:09:30.996 [main] DEBUG org.apache.http.wire -  << "HTTP/1.1 200 OK[\r][\n]"
22:09:30.996 [main] DEBUG org.apache.http.wire -  << "Server: Apache-Coyote/1.1[\r][\n]"
22:09:30.996 [main] DEBUG org.apache.http.wire -  << "Content-Type: text/plain;charset=UTF-8[\r][\n]"
22:09:30.996 [main] DEBUG org.apache.http.wire -  << "Content-Length: 6[\r][\n]"
22:09:30.996 [main] DEBUG org.apache.http.wire -  << "Date: Sun, 07 Feb 2021 21:09:30 GMT[\r][\n]"
22:09:30.996 [main] DEBUG org.apache.http.wire -  << "[\r][\n]"
22:09:30.997 [main] DEBUG o.a.h.i.conn.DefaultClientConnection - Receiving response: HTTP/1.1 200 OK
22:09:30.997 [main] DEBUG org.apache.http.headers - << HTTP/1.1 200 OK
22:09:30.997 [main] DEBUG org.apache.http.headers - << Server: Apache-Coyote/1.1
22:09:30.997 [main] DEBUG org.apache.http.headers - << Content-Type: text/plain;charset=UTF-8
22:09:30.997 [main] DEBUG org.apache.http.headers - << Content-Length: 6
22:09:30.997 [main] DEBUG org.apache.http.headers - << Date: Sun, 07 Feb 2021 21:09:30 GMT
22:09:30.997 [main] DEBUG o.a.h.impl.client.DefaultHttpClient - Connection can be kept alive indefinitely
22:09:30.997 [main] DEBUG i.r.i.RequestSpecificationImpl$RestAssuredHttpBuilder - Parsing response as: text/plain;charset=UTF-8
22:09:30.997 [main] DEBUG i.r.i.RequestSpecificationImpl$RestAssuredHttpBuilder - Parsed data to instance of: class org.apache.http.conn.EofSensorInputStream
22:09:30.997 [main] DEBUG org.apache.http.wire -  << "a:1500"
22:09:30.997 [main] DEBUG o.a.h.i.c.BasicClientConnectionManager - Releasing connection org.apache.http.impl.conn.ManagedClientConnectionImpl@839df62
22:09:30.997 [main] DEBUG o.a.h.i.c.BasicClientConnectionManager - Connection can be kept alive indefinitely
22:09:31.002 [main] DEBUG o.a.h.i.c.BasicClientConnectionManager - Get connection for route {}->http://localhost:8080
22:09:31.002 [main] DEBUG o.a.h.i.c.DefaultClientConnectionOperator - Connecting to localhost:8080
22:09:31.003 [main] DEBUG o.a.h.c.protocol.RequestAddCookies - CookieSpec selected: ignoreCookies
22:09:31.003 [main] DEBUG o.a.h.c.protocol.RequestAuthCache - Auth cache not set in the context
22:09:31.003 [main] DEBUG o.a.h.c.p.RequestTargetAuthentication - Target auth state: UNCHALLENGED
22:09:31.003 [main] DEBUG o.a.h.c.p.RequestProxyAuthentication - Proxy auth state: UNCHALLENGED
22:09:31.003 [main] DEBUG o.a.h.impl.client.DefaultHttpClient - Attempt 1 to execute request
22:09:31.003 [main] DEBUG o.a.h.i.conn.DefaultClientConnection - Sending request: GET /1?a=10&b=6&c=3 HTTP/1.1
22:09:31.003 [main] DEBUG org.apache.http.wire -  >> "GET /1?a=10&b=6&c=3 HTTP/1.1[\r][\n]"
22:09:31.003 [main] DEBUG org.apache.http.wire -  >> "Accept: */*[\r][\n]"
22:09:31.003 [main] DEBUG org.apache.http.wire -  >> "Host: localhost:8080[\r][\n]"
22:09:31.003 [main] DEBUG org.apache.http.wire -  >> "Connection: Keep-Alive[\r][\n]"
22:09:31.003 [main] DEBUG org.apache.http.wire -  >> "User-Agent: Apache-HttpClient/4.5.3 (Java/13.0.5.1)[\r][\n]"
22:09:31.003 [main] DEBUG org.apache.http.wire -  >> "Accept-Encoding: gzip,deflate[\r][\n]"
22:09:31.003 [main] DEBUG org.apache.http.wire -  >> "[\r][\n]"
22:09:31.003 [main] DEBUG org.apache.http.headers - >> GET /1?a=10&b=6&c=3 HTTP/1.1
22:09:31.003 [main] DEBUG org.apache.http.headers - >> Accept: */*
22:09:31.003 [main] DEBUG org.apache.http.headers - >> Host: localhost:8080
22:09:31.003 [main] DEBUG org.apache.http.headers - >> Connection: Keep-Alive
22:09:31.003 [main] DEBUG org.apache.http.headers - >> User-Agent: Apache-HttpClient/4.5.3 (Java/13.0.5.1)
22:09:31.003 [main] DEBUG org.apache.http.headers - >> Accept-Encoding: gzip,deflate
22:09:31.020 [main] DEBUG org.apache.http.wire -  << "HTTP/1.1 200 OK[\r][\n]"
22:09:31.020 [main] DEBUG org.apache.http.wire -  << "Server: Apache-Coyote/1.1[\r][\n]"
22:09:31.020 [main] DEBUG org.apache.http.wire -  << "Content-Type: text/plain;charset=UTF-8[\r][\n]"
22:09:31.020 [main] DEBUG org.apache.http.wire -  << "Content-Length: 6[\r][\n]"
22:09:31.020 [main] DEBUG org.apache.http.wire -  << "Date: Sun, 07 Feb 2021 21:09:30 GMT[\r][\n]"
22:09:31.020 [main] DEBUG org.apache.http.wire -  << "[\r][\n]"
22:09:31.020 [main] DEBUG o.a.h.i.conn.DefaultClientConnection - Receiving response: HTTP/1.1 200 OK
22:09:31.020 [main] DEBUG org.apache.http.headers - << HTTP/1.1 200 OK
22:09:31.020 [main] DEBUG org.apache.http.headers - << Server: Apache-Coyote/1.1
22:09:31.020 [main] DEBUG org.apache.http.headers - << Content-Type: text/plain;charset=UTF-8
22:09:31.020 [main] DEBUG org.apache.http.headers - << Content-Length: 6
22:09:31.020 [main] DEBUG org.apache.http.headers - << Date: Sun, 07 Feb 2021 21:09:30 GMT
22:09:31.020 [main] DEBUG o.a.h.impl.client.DefaultHttpClient - Connection can be kept alive indefinitely
22:09:31.020 [main] DEBUG i.r.i.RequestSpecificationImpl$RestAssuredHttpBuilder - Parsing response as: text/plain;charset=UTF-8
22:09:31.020 [main] DEBUG i.r.i.RequestSpecificationImpl$RestAssuredHttpBuilder - Parsed data to instance of: class org.apache.http.conn.EofSensorInputStream
22:09:31.021 [main] DEBUG org.apache.http.wire -  << "a:1500"
22:09:31.021 [main] DEBUG o.a.h.i.c.BasicClientConnectionManager - Releasing connection org.apache.http.impl.conn.ManagedClientConnectionImpl@67cffead
22:09:31.021 [main] DEBUG o.a.h.i.c.BasicClientConnectionManager - Connection can be kept alive indefinitely
22:09:31.023 [main] DEBUG o.a.h.i.c.BasicClientConnectionManager - Get connection for route {}->http://localhost:8080
22:09:31.023 [main] DEBUG o.a.h.i.c.DefaultClientConnectionOperator - Connecting to localhost:8080
22:09:31.023 [main] DEBUG o.a.h.c.protocol.RequestAddCookies - CookieSpec selected: ignoreCookies
22:09:31.023 [main] DEBUG o.a.h.c.protocol.RequestAuthCache - Auth cache not set in the context
22:09:31.023 [main] DEBUG o.a.h.c.p.RequestTargetAuthentication - Target auth state: UNCHALLENGED
22:09:31.023 [main] DEBUG o.a.h.c.p.RequestProxyAuthentication - Proxy auth state: UNCHALLENGED
22:09:31.023 [main] DEBUG o.a.h.impl.client.DefaultHttpClient - Attempt 1 to execute request
22:09:31.023 [main] DEBUG o.a.h.i.conn.DefaultClientConnection - Sending request: GET /1?a=10&b=6&c=3 HTTP/1.1
22:09:31.023 [main] DEBUG org.apache.http.wire -  >> "GET /1?a=10&b=6&c=3 HTTP/1.1[\r][\n]"
22:09:31.023 [main] DEBUG org.apache.http.wire -  >> "Accept: */*[\r][\n]"
22:09:31.023 [main] DEBUG org.apache.http.wire -  >> "Host: localhost:8080[\r][\n]"
22:09:31.023 [main] DEBUG org.apache.http.wire -  >> "Connection: Keep-Alive[\r][\n]"
22:09:31.023 [main] DEBUG org.apache.http.wire -  >> "User-Agent: Apache-HttpClient/4.5.3 (Java/13.0.5.1)[\r][\n]"
22:09:31.023 [main] DEBUG org.apache.http.wire -  >> "Accept-Encoding: gzip,deflate[\r][\n]"
22:09:31.023 [main] DEBUG org.apache.http.wire -  >> "[\r][\n]"
22:09:31.023 [main] DEBUG org.apache.http.headers - >> GET /1?a=10&b=6&c=3 HTTP/1.1
22:09:31.023 [main] DEBUG org.apache.http.headers - >> Accept: */*
22:09:31.023 [main] DEBUG org.apache.http.headers - >> Host: localhost:8080
22:09:31.023 [main] DEBUG org.apache.http.headers - >> Connection: Keep-Alive
22:09:31.023 [main] DEBUG org.apache.http.headers - >> User-Agent: Apache-HttpClient/4.5.3 (Java/13.0.5.1)
22:09:31.023 [main] DEBUG org.apache.http.headers - >> Accept-Encoding: gzip,deflate
22:09:31.043 [main] DEBUG org.apache.http.wire -  << "HTTP/1.1 200 OK[\r][\n]"
22:09:31.044 [main] DEBUG org.apache.http.wire -  << "Server: Apache-Coyote/1.1[\r][\n]"
22:09:31.044 [main] DEBUG org.apache.http.wire -  << "Content-Type: text/plain;charset=UTF-8[\r][\n]"
22:09:31.044 [main] DEBUG org.apache.http.wire -  << "Content-Length: 6[\r][\n]"
22:09:31.044 [main] DEBUG org.apache.http.wire -  << "Date: Sun, 07 Feb 2021 21:09:30 GMT[\r][\n]"
22:09:31.044 [main] DEBUG org.apache.http.wire -  << "[\r][\n]"
22:09:31.044 [main] DEBUG o.a.h.i.conn.DefaultClientConnection - Receiving response: HTTP/1.1 200 OK
22:09:31.044 [main] DEBUG org.apache.http.headers - << HTTP/1.1 200 OK
22:09:31.044 [main] DEBUG org.apache.http.headers - << Server: Apache-Coyote/1.1
22:09:31.044 [main] DEBUG org.apache.http.headers - << Content-Type: text/plain;charset=UTF-8
22:09:31.044 [main] DEBUG org.apache.http.headers - << Content-Length: 6
22:09:31.044 [main] DEBUG org.apache.http.headers - << Date: Sun, 07 Feb 2021 21:09:30 GMT
22:09:31.044 [main] DEBUG o.a.h.impl.client.DefaultHttpClient - Connection can be kept alive indefinitely
22:09:31.044 [main] DEBUG i.r.i.RequestSpecificationImpl$RestAssuredHttpBuilder - Parsing response as: text/plain;charset=UTF-8
22:09:31.044 [main] DEBUG i.r.i.RequestSpecificationImpl$RestAssuredHttpBuilder - Parsed data to instance of: class org.apache.http.conn.EofSensorInputStream
22:09:31.044 [main] DEBUG org.apache.http.wire -  << "a:1500"
22:09:31.044 [main] DEBUG o.a.h.i.c.BasicClientConnectionManager - Releasing connection org.apache.http.impl.conn.ManagedClientConnectionImpl@217c23ce
22:09:31.044 [main] DEBUG o.a.h.i.c.BasicClientConnectionManager - Connection can be kept alive indefinitely
22:09:31.046 [main] DEBUG o.a.h.i.c.BasicClientConnectionManager - Get connection for route {}->http://localhost:8080
22:09:31.046 [main] DEBUG o.a.h.i.c.DefaultClientConnectionOperator - Connecting to localhost:8080
22:09:31.047 [main] DEBUG o.a.h.c.protocol.RequestAddCookies - CookieSpec selected: ignoreCookies
22:09:31.047 [main] DEBUG o.a.h.c.protocol.RequestAuthCache - Auth cache not set in the context
22:09:31.047 [main] DEBUG o.a.h.c.p.RequestTargetAuthentication - Target auth state: UNCHALLENGED
22:09:31.047 [main] DEBUG o.a.h.c.p.RequestProxyAuthentication - Proxy auth state: UNCHALLENGED
22:09:31.047 [main] DEBUG o.a.h.impl.client.DefaultHttpClient - Attempt 1 to execute request
22:09:31.047 [main] DEBUG o.a.h.i.conn.DefaultClientConnection - Sending request: GET /1?a=10&b=6&c=3 HTTP/1.1
22:09:31.047 [main] DEBUG org.apache.http.wire -  >> "GET /1?a=10&b=6&c=3 HTTP/1.1[\r][\n]"
22:09:31.047 [main] DEBUG org.apache.http.wire -  >> "Accept: */*[\r][\n]"
22:09:31.047 [main] DEBUG org.apache.http.wire -  >> "Host: localhost:8080[\r][\n]"
22:09:31.047 [main] DEBUG org.apache.http.wire -  >> "Connection: Keep-Alive[\r][\n]"
22:09:31.047 [main] DEBUG org.apache.http.wire -  >> "User-Agent: Apache-HttpClient/4.5.3 (Java/13.0.5.1)[\r][\n]"
22:09:31.047 [main] DEBUG org.apache.http.wire -  >> "Accept-Encoding: gzip,deflate[\r][\n]"
22:09:31.047 [main] DEBUG org.apache.http.wire -  >> "[\r][\n]"
22:09:31.047 [main] DEBUG org.apache.http.headers - >> GET /1?a=10&b=6&c=3 HTTP/1.1
22:09:31.047 [main] DEBUG org.apache.http.headers - >> Accept: */*
22:09:31.047 [main] DEBUG org.apache.http.headers - >> Host: localhost:8080
22:09:31.047 [main] DEBUG org.apache.http.headers - >> Connection: Keep-Alive
22:09:31.047 [main] DEBUG org.apache.http.headers - >> User-Agent: Apache-HttpClient/4.5.3 (Java/13.0.5.1)
22:09:31.047 [main] DEBUG org.apache.http.headers - >> Accept-Encoding: gzip,deflate
22:09:31.065 [main] DEBUG org.apache.http.wire -  << "HTTP/1.1 200 OK[\r][\n]"
22:09:31.065 [main] DEBUG org.apache.http.wire -  << "Server: Apache-Coyote/1.1[\r][\n]"
22:09:31.065 [main] DEBUG org.apache.http.wire -  << "Content-Type: text/plain;charset=UTF-8[\r][\n]"
22:09:31.066 [main] DEBUG org.apache.http.wire -  << "Content-Length: 6[\r][\n]"
22:09:31.066 [main] DEBUG org.apache.http.wire -  << "Date: Sun, 07 Feb 2021 21:09:31 GMT[\r][\n]"
22:09:31.066 [main] DEBUG org.apache.http.wire -  << "[\r][\n]"
22:09:31.066 [main] DEBUG o.a.h.i.conn.DefaultClientConnection - Receiving response: HTTP/1.1 200 OK
22:09:31.066 [main] DEBUG org.apache.http.headers - << HTTP/1.1 200 OK
22:09:31.066 [main] DEBUG org.apache.http.headers - << Server: Apache-Coyote/1.1
22:09:31.066 [main] DEBUG org.apache.http.headers - << Content-Type: text/plain;charset=UTF-8
22:09:31.066 [main] DEBUG org.apache.http.headers - << Content-Length: 6
22:09:31.066 [main] DEBUG org.apache.http.headers - << Date: Sun, 07 Feb 2021 21:09:31 GMT
22:09:31.066 [main] DEBUG o.a.h.impl.client.DefaultHttpClient - Connection can be kept alive indefinitely
22:09:31.066 [main] DEBUG i.r.i.RequestSpecificationImpl$RestAssuredHttpBuilder - Parsing response as: text/plain;charset=UTF-8
22:09:31.066 [main] DEBUG i.r.i.RequestSpecificationImpl$RestAssuredHttpBuilder - Parsed data to instance of: class org.apache.http.conn.EofSensorInputStream
22:09:31.066 [main] DEBUG org.apache.http.wire -  << "a:1500"
22:09:31.066 [main] DEBUG o.a.h.i.c.BasicClientConnectionManager - Releasing connection org.apache.http.impl.conn.ManagedClientConnectionImpl@52226e57
22:09:31.066 [main] DEBUG o.a.h.i.c.BasicClientConnectionManager - Connection can be kept alive indefinitely
22:09:31.069 [main] DEBUG o.a.h.i.c.BasicClientConnectionManager - Get connection for route {}->http://localhost:8080
22:09:31.069 [main] DEBUG o.a.h.i.c.DefaultClientConnectionOperator - Connecting to localhost:8080
22:09:31.069 [main] DEBUG o.a.h.c.protocol.RequestAddCookies - CookieSpec selected: ignoreCookies
22:09:31.069 [main] DEBUG o.a.h.c.protocol.RequestAuthCache - Auth cache not set in the context
22:09:31.069 [main] DEBUG o.a.h.c.p.RequestTargetAuthentication - Target auth state: UNCHALLENGED
22:09:31.069 [main] DEBUG o.a.h.c.p.RequestProxyAuthentication - Proxy auth state: UNCHALLENGED
22:09:31.069 [main] DEBUG o.a.h.impl.client.DefaultHttpClient - Attempt 1 to execute request
22:09:31.069 [main] DEBUG o.a.h.i.conn.DefaultClientConnection - Sending request: GET /1?a=10&b=6&c=3 HTTP/1.1
22:09:31.069 [main] DEBUG org.apache.http.wire -  >> "GET /1?a=10&b=6&c=3 HTTP/1.1[\r][\n]"
22:09:31.069 [main] DEBUG org.apache.http.wire -  >> "Accept: */*[\r][\n]"
22:09:31.069 [main] DEBUG org.apache.http.wire -  >> "Host: localhost:8080[\r][\n]"
22:09:31.069 [main] DEBUG org.apache.http.wire -  >> "Connection: Keep-Alive[\r][\n]"
22:09:31.069 [main] DEBUG org.apache.http.wire -  >> "User-Agent: Apache-HttpClient/4.5.3 (Java/13.0.5.1)[\r][\n]"
22:09:31.069 [main] DEBUG org.apache.http.wire -  >> "Accept-Encoding: gzip,deflate[\r][\n]"
22:09:31.069 [main] DEBUG org.apache.http.wire -  >> "[\r][\n]"
22:09:31.069 [main] DEBUG org.apache.http.headers - >> GET /1?a=10&b=6&c=3 HTTP/1.1
22:09:31.070 [main] DEBUG org.apache.http.headers - >> Accept: */*
22:09:31.070 [main] DEBUG org.apache.http.headers - >> Host: localhost:8080
22:09:31.070 [main] DEBUG org.apache.http.headers - >> Connection: Keep-Alive
22:09:31.070 [main] DEBUG org.apache.http.headers - >> User-Agent: Apache-HttpClient/4.5.3 (Java/13.0.5.1)
22:09:31.070 [main] DEBUG org.apache.http.headers - >> Accept-Encoding: gzip,deflate
22:09:31.086 [main] DEBUG org.apache.http.wire -  << "HTTP/1.1 200 OK[\r][\n]"
22:09:31.086 [main] DEBUG org.apache.http.wire -  << "Server: Apache-Coyote/1.1[\r][\n]"
22:09:31.086 [main] DEBUG org.apache.http.wire -  << "Content-Type: text/plain;charset=UTF-8[\r][\n]"
22:09:31.086 [main] DEBUG org.apache.http.wire -  << "Content-Length: 6[\r][\n]"
22:09:31.086 [main] DEBUG org.apache.http.wire -  << "Date: Sun, 07 Feb 2021 21:09:31 GMT[\r][\n]"
22:09:31.086 [main] DEBUG org.apache.http.wire -  << "[\r][\n]"
22:09:31.086 [main] DEBUG o.a.h.i.conn.DefaultClientConnection - Receiving response: HTTP/1.1 200 OK
22:09:31.086 [main] DEBUG org.apache.http.headers - << HTTP/1.1 200 OK
22:09:31.086 [main] DEBUG org.apache.http.headers - << Server: Apache-Coyote/1.1
22:09:31.086 [main] DEBUG org.apache.http.headers - << Content-Type: text/plain;charset=UTF-8
22:09:31.086 [main] DEBUG org.apache.http.headers - << Content-Length: 6
22:09:31.086 [main] DEBUG org.apache.http.headers - << Date: Sun, 07 Feb 2021 21:09:31 GMT
22:09:31.086 [main] DEBUG o.a.h.impl.client.DefaultHttpClient - Connection can be kept alive indefinitely
22:09:31.087 [main] DEBUG i.r.i.RequestSpecificationImpl$RestAssuredHttpBuilder - Parsing response as: text/plain;charset=UTF-8
22:09:31.087 [main] DEBUG i.r.i.RequestSpecificationImpl$RestAssuredHttpBuilder - Parsed data to instance of: class org.apache.http.conn.EofSensorInputStream
22:09:31.087 [main] DEBUG org.apache.http.wire -  << "a:1500"
22:09:31.087 [main] DEBUG o.a.h.i.c.BasicClientConnectionManager - Releasing connection org.apache.http.impl.conn.ManagedClientConnectionImpl@3cc30dee
22:09:31.087 [main] DEBUG o.a.h.i.c.BasicClientConnectionManager - Connection can be kept alive indefinitely
22:09:31.090 [main] DEBUG o.a.h.i.c.BasicClientConnectionManager - Get connection for route {}->http://localhost:8080
22:09:31.090 [main] DEBUG o.a.h.i.c.DefaultClientConnectionOperator - Connecting to localhost:8080
22:09:31.091 [main] DEBUG o.a.h.c.protocol.RequestAddCookies - CookieSpec selected: ignoreCookies
22:09:31.091 [main] DEBUG o.a.h.c.protocol.RequestAuthCache - Auth cache not set in the context
22:09:31.091 [main] DEBUG o.a.h.c.p.RequestTargetAuthentication - Target auth state: UNCHALLENGED
22:09:31.091 [main] DEBUG o.a.h.c.p.RequestProxyAuthentication - Proxy auth state: UNCHALLENGED
22:09:31.091 [main] DEBUG o.a.h.impl.client.DefaultHttpClient - Attempt 1 to execute request
22:09:31.091 [main] DEBUG o.a.h.i.conn.DefaultClientConnection - Sending request: GET /1?a=10&b=6&c=3 HTTP/1.1
22:09:31.091 [main] DEBUG org.apache.http.wire -  >> "GET /1?a=10&b=6&c=3 HTTP/1.1[\r][\n]"
22:09:31.091 [main] DEBUG org.apache.http.wire -  >> "Accept: */*[\r][\n]"
22:09:31.091 [main] DEBUG org.apache.http.wire -  >> "Host: localhost:8080[\r][\n]"
22:09:31.091 [main] DEBUG org.apache.http.wire -  >> "Connection: Keep-Alive[\r][\n]"
22:09:31.091 [main] DEBUG org.apache.http.wire -  >> "User-Agent: Apache-HttpClient/4.5.3 (Java/13.0.5.1)[\r][\n]"
22:09:31.091 [main] DEBUG org.apache.http.wire -  >> "Accept-Encoding: gzip,deflate[\r][\n]"
22:09:31.091 [main] DEBUG org.apache.http.wire -  >> "[\r][\n]"
22:09:31.091 [main] DEBUG org.apache.http.headers - >> GET /1?a=10&b=6&c=3 HTTP/1.1
22:09:31.091 [main] DEBUG org.apache.http.headers - >> Accept: */*
22:09:31.091 [main] DEBUG org.apache.http.headers - >> Host: localhost:8080
22:09:31.091 [main] DEBUG org.apache.http.headers - >> Connection: Keep-Alive
22:09:31.091 [main] DEBUG org.apache.http.headers - >> User-Agent: Apache-HttpClient/4.5.3 (Java/13.0.5.1)
22:09:31.091 [main] DEBUG org.apache.http.headers - >> Accept-Encoding: gzip,deflate
22:09:31.115 [main] DEBUG org.apache.http.wire -  << "HTTP/1.1 200 OK[\r][\n]"
22:09:31.115 [main] DEBUG org.apache.http.wire -  << "Server: Apache-Coyote/1.1[\r][\n]"
22:09:31.115 [main] DEBUG org.apache.http.wire -  << "Content-Type: text/plain;charset=UTF-8[\r][\n]"
22:09:31.115 [main] DEBUG org.apache.http.wire -  << "Content-Length: 6[\r][\n]"
22:09:31.115 [main] DEBUG org.apache.http.wire -  << "Date: Sun, 07 Feb 2021 21:09:31 GMT[\r][\n]"
22:09:31.115 [main] DEBUG org.apache.http.wire -  << "[\r][\n]"
22:09:31.115 [main] DEBUG o.a.h.i.conn.DefaultClientConnection - Receiving response: HTTP/1.1 200 OK
22:09:31.115 [main] DEBUG org.apache.http.headers - << HTTP/1.1 200 OK
22:09:31.115 [main] DEBUG org.apache.http.headers - << Server: Apache-Coyote/1.1
22:09:31.115 [main] DEBUG org.apache.http.headers - << Content-Type: text/plain;charset=UTF-8
22:09:31.115 [main] DEBUG org.apache.http.headers - << Content-Length: 6
22:09:31.115 [main] DEBUG org.apache.http.headers - << Date: Sun, 07 Feb 2021 21:09:31 GMT
22:09:31.115 [main] DEBUG o.a.h.impl.client.DefaultHttpClient - Connection can be kept alive indefinitely
22:09:31.116 [main] DEBUG i.r.i.RequestSpecificationImpl$RestAssuredHttpBuilder - Parsing response as: text/plain;charset=UTF-8
22:09:31.116 [main] DEBUG i.r.i.RequestSpecificationImpl$RestAssuredHttpBuilder - Parsed data to instance of: class org.apache.http.conn.EofSensorInputStream
22:09:31.116 [main] DEBUG org.apache.http.wire -  << "a:1500"
22:09:31.116 [main] DEBUG o.a.h.i.c.BasicClientConnectionManager - Releasing connection org.apache.http.impl.conn.ManagedClientConnectionImpl@5af64ce0
22:09:31.116 [main] DEBUG o.a.h.i.c.BasicClientConnectionManager - Connection can be kept alive indefinitely
22:09:31.118 [main] DEBUG o.a.h.i.c.BasicClientConnectionManager - Get connection for route {}->http://localhost:8080
22:09:31.118 [main] DEBUG o.a.h.i.c.DefaultClientConnectionOperator - Connecting to localhost:8080
22:09:31.118 [main] DEBUG o.a.h.c.protocol.RequestAddCookies - CookieSpec selected: ignoreCookies
22:09:31.118 [main] DEBUG o.a.h.c.protocol.RequestAuthCache - Auth cache not set in the context
22:09:31.118 [main] DEBUG o.a.h.c.p.RequestTargetAuthentication - Target auth state: UNCHALLENGED
22:09:31.118 [main] DEBUG o.a.h.c.p.RequestProxyAuthentication - Proxy auth state: UNCHALLENGED
22:09:31.118 [main] DEBUG o.a.h.impl.client.DefaultHttpClient - Attempt 1 to execute request
22:09:31.118 [main] DEBUG o.a.h.i.conn.DefaultClientConnection - Sending request: GET /1?a=10&b=6&c=3 HTTP/1.1
22:09:31.118 [main] DEBUG org.apache.http.wire -  >> "GET /1?a=10&b=6&c=3 HTTP/1.1[\r][\n]"
22:09:31.118 [main] DEBUG org.apache.http.wire -  >> "Accept: */*[\r][\n]"
22:09:31.118 [main] DEBUG org.apache.http.wire -  >> "Host: localhost:8080[\r][\n]"
22:09:31.118 [main] DEBUG org.apache.http.wire -  >> "Connection: Keep-Alive[\r][\n]"
22:09:31.118 [main] DEBUG org.apache.http.wire -  >> "User-Agent: Apache-HttpClient/4.5.3 (Java/13.0.5.1)[\r][\n]"
22:09:31.118 [main] DEBUG org.apache.http.wire -  >> "Accept-Encoding: gzip,deflate[\r][\n]"
22:09:31.118 [main] DEBUG org.apache.http.wire -  >> "[\r][\n]"
22:09:31.118 [main] DEBUG org.apache.http.headers - >> GET /1?a=10&b=6&c=3 HTTP/1.1
22:09:31.118 [main] DEBUG org.apache.http.headers - >> Accept: */*
22:09:31.118 [main] DEBUG org.apache.http.headers - >> Host: localhost:8080
22:09:31.118 [main] DEBUG org.apache.http.headers - >> Connection: Keep-Alive
22:09:31.118 [main] DEBUG org.apache.http.headers - >> User-Agent: Apache-HttpClient/4.5.3 (Java/13.0.5.1)
22:09:31.118 [main] DEBUG org.apache.http.headers - >> Accept-Encoding: gzip,deflate
22:09:31.134 [main] DEBUG org.apache.http.wire -  << "HTTP/1.1 200 OK[\r][\n]"
22:09:31.134 [main] DEBUG org.apache.http.wire -  << "Server: Apache-Coyote/1.1[\r][\n]"
22:09:31.134 [main] DEBUG org.apache.http.wire -  << "Content-Type: text/plain;charset=UTF-8[\r][\n]"
22:09:31.134 [main] DEBUG org.apache.http.wire -  << "Content-Length: 6[\r][\n]"
22:09:31.134 [main] DEBUG org.apache.http.wire -  << "Date: Sun, 07 Feb 2021 21:09:31 GMT[\r][\n]"
22:09:31.134 [main] DEBUG org.apache.http.wire -  << "[\r][\n]"
22:09:31.134 [main] DEBUG o.a.h.i.conn.DefaultClientConnection - Receiving response: HTTP/1.1 200 OK
22:09:31.134 [main] DEBUG org.apache.http.headers - << HTTP/1.1 200 OK
22:09:31.135 [main] DEBUG org.apache.http.headers - << Server: Apache-Coyote/1.1
22:09:31.135 [main] DEBUG org.apache.http.headers - << Content-Type: text/plain;charset=UTF-8
22:09:31.135 [main] DEBUG org.apache.http.headers - << Content-Length: 6
22:09:31.135 [main] DEBUG org.apache.http.headers - << Date: Sun, 07 Feb 2021 21:09:31 GMT
22:09:31.135 [main] DEBUG o.a.h.impl.client.DefaultHttpClient - Connection can be kept alive indefinitely
22:09:31.135 [main] DEBUG i.r.i.RequestSpecificationImpl$RestAssuredHttpBuilder - Parsing response as: text/plain;charset=UTF-8
22:09:31.135 [main] DEBUG i.r.i.RequestSpecificationImpl$RestAssuredHttpBuilder - Parsed data to instance of: class org.apache.http.conn.EofSensorInputStream
22:09:31.135 [main] DEBUG org.apache.http.wire -  << "a:1500"
22:09:31.135 [main] DEBUG o.a.h.i.c.BasicClientConnectionManager - Releasing connection org.apache.http.impl.conn.ManagedClientConnectionImpl@e829999
22:09:31.135 [main] DEBUG o.a.h.i.c.BasicClientConnectionManager - Connection can be kept alive indefinitely
22:09:31.137 [main] DEBUG o.a.h.i.c.BasicClientConnectionManager - Get connection for route {}->http://localhost:8080
22:09:31.138 [main] DEBUG o.a.h.i.c.DefaultClientConnectionOperator - Connecting to localhost:8080
22:09:31.138 [main] DEBUG o.a.h.c.protocol.RequestAddCookies - CookieSpec selected: ignoreCookies
22:09:31.138 [main] DEBUG o.a.h.c.protocol.RequestAuthCache - Auth cache not set in the context
22:09:31.138 [main] DEBUG o.a.h.c.p.RequestTargetAuthentication - Target auth state: UNCHALLENGED
22:09:31.138 [main] DEBUG o.a.h.c.p.RequestProxyAuthentication - Proxy auth state: UNCHALLENGED
22:09:31.138 [main] DEBUG o.a.h.impl.client.DefaultHttpClient - Attempt 1 to execute request
22:09:31.138 [main] DEBUG o.a.h.i.conn.DefaultClientConnection - Sending request: GET /1?a=10&b=6&c=3 HTTP/1.1
22:09:31.138 [main] DEBUG org.apache.http.wire -  >> "GET /1?a=10&b=6&c=3 HTTP/1.1[\r][\n]"
22:09:31.138 [main] DEBUG org.apache.http.wire -  >> "Accept: */*[\r][\n]"
22:09:31.138 [main] DEBUG org.apache.http.wire -  >> "Host: localhost:8080[\r][\n]"
22:09:31.138 [main] DEBUG org.apache.http.wire -  >> "Connection: Keep-Alive[\r][\n]"
22:09:31.138 [main] DEBUG org.apache.http.wire -  >> "User-Agent: Apache-HttpClient/4.5.3 (Java/13.0.5.1)[\r][\n]"
22:09:31.138 [main] DEBUG org.apache.http.wire -  >> "Accept-Encoding: gzip,deflate[\r][\n]"
22:09:31.138 [main] DEBUG org.apache.http.wire -  >> "[\r][\n]"
22:09:31.138 [main] DEBUG org.apache.http.headers - >> GET /1?a=10&b=6&c=3 HTTP/1.1
22:09:31.138 [main] DEBUG org.apache.http.headers - >> Accept: */*
22:09:31.138 [main] DEBUG org.apache.http.headers - >> Host: localhost:8080
22:09:31.138 [main] DEBUG org.apache.http.headers - >> Connection: Keep-Alive
22:09:31.138 [main] DEBUG org.apache.http.headers - >> User-Agent: Apache-HttpClient/4.5.3 (Java/13.0.5.1)
22:09:31.138 [main] DEBUG org.apache.http.headers - >> Accept-Encoding: gzip,deflate
22:09:31.158 [main] DEBUG org.apache.http.wire -  << "HTTP/1.1 200 OK[\r][\n]"
22:09:31.158 [main] DEBUG org.apache.http.wire -  << "Server: Apache-Coyote/1.1[\r][\n]"
22:09:31.158 [main] DEBUG org.apache.http.wire -  << "Content-Type: text/plain;charset=UTF-8[\r][\n]"
22:09:31.158 [main] DEBUG org.apache.http.wire -  << "Content-Length: 6[\r][\n]"
22:09:31.158 [main] DEBUG org.apache.http.wire -  << "Date: Sun, 07 Feb 2021 21:09:31 GMT[\r][\n]"
22:09:31.158 [main] DEBUG org.apache.http.wire -  << "[\r][\n]"
22:09:31.158 [main] DEBUG o.a.h.i.conn.DefaultClientConnection - Receiving response: HTTP/1.1 200 OK
22:09:31.158 [main] DEBUG org.apache.http.headers - << HTTP/1.1 200 OK
22:09:31.158 [main] DEBUG org.apache.http.headers - << Server: Apache-Coyote/1.1
22:09:31.158 [main] DEBUG org.apache.http.headers - << Content-Type: text/plain;charset=UTF-8
22:09:31.158 [main] DEBUG org.apache.http.headers - << Content-Length: 6
22:09:31.158 [main] DEBUG org.apache.http.headers - << Date: Sun, 07 Feb 2021 21:09:31 GMT
22:09:31.159 [main] DEBUG o.a.h.impl.client.DefaultHttpClient - Connection can be kept alive indefinitely
22:09:31.159 [main] DEBUG i.r.i.RequestSpecificationImpl$RestAssuredHttpBuilder - Parsing response as: text/plain;charset=UTF-8
22:09:31.159 [main] DEBUG i.r.i.RequestSpecificationImpl$RestAssuredHttpBuilder - Parsed data to instance of: class org.apache.http.conn.EofSensorInputStream
22:09:31.159 [main] DEBUG org.apache.http.wire -  << "a:1500"
22:09:31.159 [main] DEBUG o.a.h.i.c.BasicClientConnectionManager - Releasing connection org.apache.http.impl.conn.ManagedClientConnectionImpl@6f5e16cf
22:09:31.159 [main] DEBUG o.a.h.i.c.BasicClientConnectionManager - Connection can be kept alive indefinitely
22:09:31.162 [main] DEBUG o.a.h.i.c.BasicClientConnectionManager - Get connection for route {}->http://localhost:8080
22:09:31.162 [main] DEBUG o.a.h.i.c.DefaultClientConnectionOperator - Connecting to localhost:8080
22:09:31.162 [main] DEBUG o.a.h.c.protocol.RequestAddCookies - CookieSpec selected: ignoreCookies
22:09:31.162 [main] DEBUG o.a.h.c.protocol.RequestAuthCache - Auth cache not set in the context
22:09:31.162 [main] DEBUG o.a.h.c.p.RequestTargetAuthentication - Target auth state: UNCHALLENGED
22:09:31.162 [main] DEBUG o.a.h.c.p.RequestProxyAuthentication - Proxy auth state: UNCHALLENGED
22:09:31.162 [main] DEBUG o.a.h.impl.client.DefaultHttpClient - Attempt 1 to execute request
22:09:31.162 [main] DEBUG o.a.h.i.conn.DefaultClientConnection - Sending request: GET /1?a=10&b=6&c=3 HTTP/1.1
22:09:31.162 [main] DEBUG org.apache.http.wire -  >> "GET /1?a=10&b=6&c=3 HTTP/1.1[\r][\n]"
22:09:31.162 [main] DEBUG org.apache.http.wire -  >> "Accept: */*[\r][\n]"
22:09:31.162 [main] DEBUG org.apache.http.wire -  >> "Host: localhost:8080[\r][\n]"
22:09:31.162 [main] DEBUG org.apache.http.wire -  >> "Connection: Keep-Alive[\r][\n]"
22:09:31.162 [main] DEBUG org.apache.http.wire -  >> "User-Agent: Apache-HttpClient/4.5.3 (Java/13.0.5.1)[\r][\n]"
22:09:31.162 [main] DEBUG org.apache.http.wire -  >> "Accept-Encoding: gzip,deflate[\r][\n]"
22:09:31.162 [main] DEBUG org.apache.http.wire -  >> "[\r][\n]"
22:09:31.163 [main] DEBUG org.apache.http.headers - >> GET /1?a=10&b=6&c=3 HTTP/1.1
22:09:31.163 [main] DEBUG org.apache.http.headers - >> Accept: */*
22:09:31.163 [main] DEBUG org.apache.http.headers - >> Host: localhost:8080
22:09:31.163 [main] DEBUG org.apache.http.headers - >> Connection: Keep-Alive
22:09:31.163 [main] DEBUG org.apache.http.headers - >> User-Agent: Apache-HttpClient/4.5.3 (Java/13.0.5.1)
22:09:31.163 [main] DEBUG org.apache.http.headers - >> Accept-Encoding: gzip,deflate
22:09:31.182 [main] DEBUG org.apache.http.wire -  << "HTTP/1.1 200 OK[\r][\n]"
22:09:31.182 [main] DEBUG org.apache.http.wire -  << "Server: Apache-Coyote/1.1[\r][\n]"
22:09:31.182 [main] DEBUG org.apache.http.wire -  << "Content-Type: text/plain;charset=UTF-8[\r][\n]"
22:09:31.182 [main] DEBUG org.apache.http.wire -  << "Content-Length: 6[\r][\n]"
22:09:31.182 [main] DEBUG org.apache.http.wire -  << "Date: Sun, 07 Feb 2021 21:09:31 GMT[\r][\n]"
22:09:31.182 [main] DEBUG org.apache.http.wire -  << "[\r][\n]"
22:09:31.182 [main] DEBUG o.a.h.i.conn.DefaultClientConnection - Receiving response: HTTP/1.1 200 OK
22:09:31.182 [main] DEBUG org.apache.http.headers - << HTTP/1.1 200 OK
22:09:31.182 [main] DEBUG org.apache.http.headers - << Server: Apache-Coyote/1.1
22:09:31.182 [main] DEBUG org.apache.http.headers - << Content-Type: text/plain;charset=UTF-8
22:09:31.182 [main] DEBUG org.apache.http.headers - << Content-Length: 6
22:09:31.182 [main] DEBUG org.apache.http.headers - << Date: Sun, 07 Feb 2021 21:09:31 GMT
22:09:31.182 [main] DEBUG o.a.h.impl.client.DefaultHttpClient - Connection can be kept alive indefinitely
22:09:31.183 [main] DEBUG i.r.i.RequestSpecificationImpl$RestAssuredHttpBuilder - Parsing response as: text/plain;charset=UTF-8
22:09:31.183 [main] DEBUG i.r.i.RequestSpecificationImpl$RestAssuredHttpBuilder - Parsed data to instance of: class org.apache.http.conn.EofSensorInputStream
22:09:31.183 [main] DEBUG org.apache.http.wire -  << "a:1500"
22:09:31.183 [main] DEBUG o.a.h.i.c.BasicClientConnectionManager - Releasing connection org.apache.http.impl.conn.ManagedClientConnectionImpl@56846330
22:09:31.183 [main] DEBUG o.a.h.i.c.BasicClientConnectionManager - Connection can be kept alive indefinitely
22:09:31.186 [main] DEBUG o.a.h.i.c.BasicClientConnectionManager - Get connection for route {}->http://localhost:8080
22:09:31.186 [main] DEBUG o.a.h.i.c.DefaultClientConnectionOperator - Connecting to localhost:8080
22:09:31.187 [main] DEBUG o.a.h.c.protocol.RequestAddCookies - CookieSpec selected: ignoreCookies
22:09:31.187 [main] DEBUG o.a.h.c.protocol.RequestAuthCache - Auth cache not set in the context
22:09:31.187 [main] DEBUG o.a.h.c.p.RequestTargetAuthentication - Target auth state: UNCHALLENGED
22:09:31.187 [main] DEBUG o.a.h.c.p.RequestProxyAuthentication - Proxy auth state: UNCHALLENGED
22:09:31.187 [main] DEBUG o.a.h.impl.client.DefaultHttpClient - Attempt 1 to execute request
22:09:31.187 [main] DEBUG o.a.h.i.conn.DefaultClientConnection - Sending request: GET /1?a=10&b=6&c=3 HTTP/1.1
22:09:31.187 [main] DEBUG org.apache.http.wire -  >> "GET /1?a=10&b=6&c=3 HTTP/1.1[\r][\n]"
22:09:31.187 [main] DEBUG org.apache.http.wire -  >> "Accept: */*[\r][\n]"
22:09:31.187 [main] DEBUG org.apache.http.wire -  >> "Host: localhost:8080[\r][\n]"
22:09:31.187 [main] DEBUG org.apache.http.wire -  >> "Connection: Keep-Alive[\r][\n]"
22:09:31.187 [main] DEBUG org.apache.http.wire -  >> "User-Agent: Apache-HttpClient/4.5.3 (Java/13.0.5.1)[\r][\n]"
22:09:31.187 [main] DEBUG org.apache.http.wire -  >> "Accept-Encoding: gzip,deflate[\r][\n]"
22:09:31.187 [main] DEBUG org.apache.http.wire -  >> "[\r][\n]"
22:09:31.187 [main] DEBUG org.apache.http.headers - >> GET /1?a=10&b=6&c=3 HTTP/1.1
22:09:31.187 [main] DEBUG org.apache.http.headers - >> Accept: */*
22:09:31.187 [main] DEBUG org.apache.http.headers - >> Host: localhost:8080
22:09:31.187 [main] DEBUG org.apache.http.headers - >> Connection: Keep-Alive
22:09:31.187 [main] DEBUG org.apache.http.headers - >> User-Agent: Apache-HttpClient/4.5.3 (Java/13.0.5.1)
22:09:31.187 [main] DEBUG org.apache.http.headers - >> Accept-Encoding: gzip,deflate
22:09:31.205 [main] DEBUG org.apache.http.wire -  << "HTTP/1.1 200 OK[\r][\n]"
22:09:31.205 [main] DEBUG org.apache.http.wire -  << "Server: Apache-Coyote/1.1[\r][\n]"
22:09:31.205 [main] DEBUG org.apache.http.wire -  << "Content-Type: text/plain;charset=UTF-8[\r][\n]"
22:09:31.205 [main] DEBUG org.apache.http.wire -  << "Content-Length: 6[\r][\n]"
22:09:31.205 [main] DEBUG org.apache.http.wire -  << "Date: Sun, 07 Feb 2021 21:09:31 GMT[\r][\n]"
22:09:31.205 [main] DEBUG org.apache.http.wire -  << "[\r][\n]"
22:09:31.205 [main] DEBUG o.a.h.i.conn.DefaultClientConnection - Receiving response: HTTP/1.1 200 OK
22:09:31.205 [main] DEBUG org.apache.http.headers - << HTTP/1.1 200 OK
22:09:31.205 [main] DEBUG org.apache.http.headers - << Server: Apache-Coyote/1.1
22:09:31.205 [main] DEBUG org.apache.http.headers - << Content-Type: text/plain;charset=UTF-8
22:09:31.205 [main] DEBUG org.apache.http.headers - << Content-Length: 6
22:09:31.205 [main] DEBUG org.apache.http.headers - << Date: Sun, 07 Feb 2021 21:09:31 GMT
22:09:31.205 [main] DEBUG o.a.h.impl.client.DefaultHttpClient - Connection can be kept alive indefinitely
22:09:31.205 [main] DEBUG i.r.i.RequestSpecificationImpl$RestAssuredHttpBuilder - Parsing response as: text/plain;charset=UTF-8
22:09:31.205 [main] DEBUG i.r.i.RequestSpecificationImpl$RestAssuredHttpBuilder - Parsed data to instance of: class org.apache.http.conn.EofSensorInputStream
22:09:31.206 [main] DEBUG org.apache.http.wire -  << "a:1500"
22:09:31.206 [main] DEBUG o.a.h.i.c.BasicClientConnectionManager - Releasing connection org.apache.http.impl.conn.ManagedClientConnectionImpl@30db5536
22:09:31.206 [main] DEBUG o.a.h.i.c.BasicClientConnectionManager - Connection can be kept alive indefinitely
22:09:31.208 [main] DEBUG o.a.h.i.c.BasicClientConnectionManager - Get connection for route {}->http://localhost:8080
22:09:31.208 [main] DEBUG o.a.h.i.c.DefaultClientConnectionOperator - Connecting to localhost:8080
22:09:31.209 [main] DEBUG o.a.h.c.protocol.RequestAddCookies - CookieSpec selected: ignoreCookies
22:09:31.209 [main] DEBUG o.a.h.c.protocol.RequestAuthCache - Auth cache not set in the context
22:09:31.209 [main] DEBUG o.a.h.c.p.RequestTargetAuthentication - Target auth state: UNCHALLENGED
22:09:31.209 [main] DEBUG o.a.h.c.p.RequestProxyAuthentication - Proxy auth state: UNCHALLENGED
22:09:31.209 [main] DEBUG o.a.h.impl.client.DefaultHttpClient - Attempt 1 to execute request
22:09:31.209 [main] DEBUG o.a.h.i.conn.DefaultClientConnection - Sending request: GET /1?a=10&b=6&c=3 HTTP/1.1
22:09:31.209 [main] DEBUG org.apache.http.wire -  >> "GET /1?a=10&b=6&c=3 HTTP/1.1[\r][\n]"
22:09:31.209 [main] DEBUG org.apache.http.wire -  >> "Accept: */*[\r][\n]"
22:09:31.209 [main] DEBUG org.apache.http.wire -  >> "Host: localhost:8080[\r][\n]"
22:09:31.209 [main] DEBUG org.apache.http.wire -  >> "Connection: Keep-Alive[\r][\n]"
22:09:31.209 [main] DEBUG org.apache.http.wire -  >> "User-Agent: Apache-HttpClient/4.5.3 (Java/13.0.5.1)[\r][\n]"
22:09:31.209 [main] DEBUG org.apache.http.wire -  >> "Accept-Encoding: gzip,deflate[\r][\n]"
22:09:31.209 [main] DEBUG org.apache.http.wire -  >> "[\r][\n]"
22:09:31.209 [main] DEBUG org.apache.http.headers - >> GET /1?a=10&b=6&c=3 HTTP/1.1
22:09:31.209 [main] DEBUG org.apache.http.headers - >> Accept: */*
22:09:31.209 [main] DEBUG org.apache.http.headers - >> Host: localhost:8080
22:09:31.209 [main] DEBUG org.apache.http.headers - >> Connection: Keep-Alive
22:09:31.209 [main] DEBUG org.apache.http.headers - >> User-Agent: Apache-HttpClient/4.5.3 (Java/13.0.5.1)
22:09:31.209 [main] DEBUG org.apache.http.headers - >> Accept-Encoding: gzip,deflate
22:09:31.233 [main] DEBUG org.apache.http.wire -  << "HTTP/1.1 200 OK[\r][\n]"
22:09:31.233 [main] DEBUG org.apache.http.wire -  << "Server: Apache-Coyote/1.1[\r][\n]"
22:09:31.233 [main] DEBUG org.apache.http.wire -  << "Content-Type: text/plain;charset=UTF-8[\r][\n]"
22:09:31.233 [main] DEBUG org.apache.http.wire -  << "Content-Length: 6[\r][\n]"
22:09:31.233 [main] DEBUG org.apache.http.wire -  << "Date: Sun, 07 Feb 2021 21:09:31 GMT[\r][\n]"
22:09:31.233 [main] DEBUG org.apache.http.wire -  << "[\r][\n]"
22:09:31.233 [main] DEBUG o.a.h.i.conn.DefaultClientConnection - Receiving response: HTTP/1.1 200 OK
22:09:31.233 [main] DEBUG org.apache.http.headers - << HTTP/1.1 200 OK
22:09:31.233 [main] DEBUG org.apache.http.headers - << Server: Apache-Coyote/1.1
22:09:31.233 [main] DEBUG org.apache.http.headers - << Content-Type: text/plain;charset=UTF-8
22:09:31.233 [main] DEBUG org.apache.http.headers - << Content-Length: 6
22:09:31.233 [main] DEBUG org.apache.http.headers - << Date: Sun, 07 Feb 2021 21:09:31 GMT
22:09:31.233 [main] DEBUG o.a.h.impl.client.DefaultHttpClient - Connection can be kept alive indefinitely
22:09:31.233 [main] DEBUG i.r.i.RequestSpecificationImpl$RestAssuredHttpBuilder - Parsing response as: text/plain;charset=UTF-8
22:09:31.233 [main] DEBUG i.r.i.RequestSpecificationImpl$RestAssuredHttpBuilder - Parsed data to instance of: class org.apache.http.conn.EofSensorInputStream
22:09:31.233 [main] DEBUG org.apache.http.wire -  << "a:1500"
22:09:31.233 [main] DEBUG o.a.h.i.c.BasicClientConnectionManager - Releasing connection org.apache.http.impl.conn.ManagedClientConnectionImpl@22d9ca63
22:09:31.233 [main] DEBUG o.a.h.i.c.BasicClientConnectionManager - Connection can be kept alive indefinitely
22:09:31.236 [main] DEBUG o.a.h.i.c.BasicClientConnectionManager - Get connection for route {}->http://localhost:8080
22:09:31.236 [main] DEBUG o.a.h.i.c.DefaultClientConnectionOperator - Connecting to localhost:8080
22:09:31.236 [main] DEBUG o.a.h.c.protocol.RequestAddCookies - CookieSpec selected: ignoreCookies
22:09:31.236 [main] DEBUG o.a.h.c.protocol.RequestAuthCache - Auth cache not set in the context
22:09:31.237 [main] DEBUG o.a.h.c.p.RequestTargetAuthentication - Target auth state: UNCHALLENGED
22:09:31.237 [main] DEBUG o.a.h.c.p.RequestProxyAuthentication - Proxy auth state: UNCHALLENGED
22:09:31.237 [main] DEBUG o.a.h.impl.client.DefaultHttpClient - Attempt 1 to execute request
22:09:31.237 [main] DEBUG o.a.h.i.conn.DefaultClientConnection - Sending request: GET /1?a=10&b=6&c=3 HTTP/1.1
22:09:31.237 [main] DEBUG org.apache.http.wire -  >> "GET /1?a=10&b=6&c=3 HTTP/1.1[\r][\n]"
22:09:31.237 [main] DEBUG org.apache.http.wire -  >> "Accept: */*[\r][\n]"
22:09:31.237 [main] DEBUG org.apache.http.wire -  >> "Host: localhost:8080[\r][\n]"
22:09:31.237 [main] DEBUG org.apache.http.wire -  >> "Connection: Keep-Alive[\r][\n]"
22:09:31.237 [main] DEBUG org.apache.http.wire -  >> "User-Agent: Apache-HttpClient/4.5.3 (Java/13.0.5.1)[\r][\n]"
22:09:31.237 [main] DEBUG org.apache.http.wire -  >> "Accept-Encoding: gzip,deflate[\r][\n]"
22:09:31.237 [main] DEBUG org.apache.http.wire -  >> "[\r][\n]"
22:09:31.237 [main] DEBUG org.apache.http.headers - >> GET /1?a=10&b=6&c=3 HTTP/1.1
22:09:31.237 [main] DEBUG org.apache.http.headers - >> Accept: */*
22:09:31.237 [main] DEBUG org.apache.http.headers - >> Host: localhost:8080
22:09:31.237 [main] DEBUG org.apache.http.headers - >> Connection: Keep-Alive
22:09:31.237 [main] DEBUG org.apache.http.headers - >> User-Agent: Apache-HttpClient/4.5.3 (Java/13.0.5.1)
22:09:31.237 [main] DEBUG org.apache.http.headers - >> Accept-Encoding: gzip,deflate
22:09:31.257 [main] DEBUG org.apache.http.wire -  << "HTTP/1.1 200 OK[\r][\n]"
22:09:31.257 [main] DEBUG org.apache.http.wire -  << "Server: Apache-Coyote/1.1[\r][\n]"
22:09:31.257 [main] DEBUG org.apache.http.wire -  << "Content-Type: text/plain;charset=UTF-8[\r][\n]"
22:09:31.257 [main] DEBUG org.apache.http.wire -  << "Content-Length: 6[\r][\n]"
22:09:31.257 [main] DEBUG org.apache.http.wire -  << "Date: Sun, 07 Feb 2021 21:09:31 GMT[\r][\n]"
22:09:31.257 [main] DEBUG org.apache.http.wire -  << "[\r][\n]"
22:09:31.257 [main] DEBUG o.a.h.i.conn.DefaultClientConnection - Receiving response: HTTP/1.1 200 OK
22:09:31.257 [main] DEBUG org.apache.http.headers - << HTTP/1.1 200 OK
22:09:31.257 [main] DEBUG org.apache.http.headers - << Server: Apache-Coyote/1.1
22:09:31.257 [main] DEBUG org.apache.http.headers - << Content-Type: text/plain;charset=UTF-8
22:09:31.257 [main] DEBUG org.apache.http.headers - << Content-Length: 6
22:09:31.257 [main] DEBUG org.apache.http.headers - << Date: Sun, 07 Feb 2021 21:09:31 GMT
22:09:31.257 [main] DEBUG o.a.h.impl.client.DefaultHttpClient - Connection can be kept alive indefinitely
22:09:31.257 [main] DEBUG i.r.i.RequestSpecificationImpl$RestAssuredHttpBuilder - Parsing response as: text/plain;charset=UTF-8
22:09:31.257 [main] DEBUG i.r.i.RequestSpecificationImpl$RestAssuredHttpBuilder - Parsed data to instance of: class org.apache.http.conn.EofSensorInputStream
22:09:31.258 [main] DEBUG org.apache.http.wire -  << "a:1500"
22:09:31.258 [main] DEBUG o.a.h.i.c.BasicClientConnectionManager - Releasing connection org.apache.http.impl.conn.ManagedClientConnectionImpl@61874b9d
22:09:31.258 [main] DEBUG o.a.h.i.c.BasicClientConnectionManager - Connection can be kept alive indefinitely
22:09:31.261 [main] DEBUG o.a.h.i.c.BasicClientConnectionManager - Get connection for route {}->http://localhost:8080
22:09:31.262 [main] DEBUG o.a.h.i.c.DefaultClientConnectionOperator - Connecting to localhost:8080
22:09:31.262 [main] DEBUG o.a.h.c.protocol.RequestAddCookies - CookieSpec selected: ignoreCookies
22:09:31.262 [main] DEBUG o.a.h.c.protocol.RequestAuthCache - Auth cache not set in the context
22:09:31.262 [main] DEBUG o.a.h.c.p.RequestTargetAuthentication - Target auth state: UNCHALLENGED
22:09:31.262 [main] DEBUG o.a.h.c.p.RequestProxyAuthentication - Proxy auth state: UNCHALLENGED
22:09:31.262 [main] DEBUG o.a.h.impl.client.DefaultHttpClient - Attempt 1 to execute request
22:09:31.262 [main] DEBUG o.a.h.i.conn.DefaultClientConnection - Sending request: GET /1?a=10&b=6&c=3 HTTP/1.1
22:09:31.262 [main] DEBUG org.apache.http.wire -  >> "GET /1?a=10&b=6&c=3 HTTP/1.1[\r][\n]"
22:09:31.262 [main] DEBUG org.apache.http.wire -  >> "Accept: */*[\r][\n]"
22:09:31.262 [main] DEBUG org.apache.http.wire -  >> "Host: localhost:8080[\r][\n]"
22:09:31.262 [main] DEBUG org.apache.http.wire -  >> "Connection: Keep-Alive[\r][\n]"
22:09:31.262 [main] DEBUG org.apache.http.wire -  >> "User-Agent: Apache-HttpClient/4.5.3 (Java/13.0.5.1)[\r][\n]"
22:09:31.262 [main] DEBUG org.apache.http.wire -  >> "Accept-Encoding: gzip,deflate[\r][\n]"
22:09:31.262 [main] DEBUG org.apache.http.wire -  >> "[\r][\n]"
22:09:31.262 [main] DEBUG org.apache.http.headers - >> GET /1?a=10&b=6&c=3 HTTP/1.1
22:09:31.262 [main] DEBUG org.apache.http.headers - >> Accept: */*
22:09:31.262 [main] DEBUG org.apache.http.headers - >> Host: localhost:8080
22:09:31.262 [main] DEBUG org.apache.http.headers - >> Connection: Keep-Alive
22:09:31.262 [main] DEBUG org.apache.http.headers - >> User-Agent: Apache-HttpClient/4.5.3 (Java/13.0.5.1)
22:09:31.262 [main] DEBUG org.apache.http.headers - >> Accept-Encoding: gzip,deflate
22:09:31.276 [main] DEBUG org.apache.http.wire -  << "HTTP/1.1 200 OK[\r][\n]"
22:09:31.276 [main] DEBUG org.apache.http.wire -  << "Server: Apache-Coyote/1.1[\r][\n]"
22:09:31.276 [main] DEBUG org.apache.http.wire -  << "Content-Type: text/plain;charset=UTF-8[\r][\n]"
22:09:31.276 [main] DEBUG org.apache.http.wire -  << "Content-Length: 6[\r][\n]"
22:09:31.276 [main] DEBUG org.apache.http.wire -  << "Date: Sun, 07 Feb 2021 21:09:31 GMT[\r][\n]"
22:09:31.276 [main] DEBUG org.apache.http.wire -  << "[\r][\n]"
22:09:31.276 [main] DEBUG o.a.h.i.conn.DefaultClientConnection - Receiving response: HTTP/1.1 200 OK
22:09:31.276 [main] DEBUG org.apache.http.headers - << HTTP/1.1 200 OK
22:09:31.276 [main] DEBUG org.apache.http.headers - << Server: Apache-Coyote/1.1
22:09:31.276 [main] DEBUG org.apache.http.headers - << Content-Type: text/plain;charset=UTF-8
22:09:31.276 [main] DEBUG org.apache.http.headers - << Content-Length: 6
22:09:31.276 [main] DEBUG org.apache.http.headers - << Date: Sun, 07 Feb 2021 21:09:31 GMT
22:09:31.276 [main] DEBUG o.a.h.impl.client.DefaultHttpClient - Connection can be kept alive indefinitely
22:09:31.276 [main] DEBUG i.r.i.RequestSpecificationImpl$RestAssuredHttpBuilder - Parsing response as: text/plain;charset=UTF-8
22:09:31.277 [main] DEBUG i.r.i.RequestSpecificationImpl$RestAssuredHttpBuilder - Parsed data to instance of: class org.apache.http.conn.EofSensorInputStream
22:09:31.277 [main] DEBUG org.apache.http.wire -  << "a:1500"
22:09:31.277 [main] DEBUG o.a.h.i.c.BasicClientConnectionManager - Releasing connection org.apache.http.impl.conn.ManagedClientConnectionImpl@51fc862e
22:09:31.277 [main] DEBUG o.a.h.i.c.BasicClientConnectionManager - Connection can be kept alive indefinitely
22:09:31.279 [main] DEBUG o.a.h.i.c.BasicClientConnectionManager - Get connection for route {}->http://localhost:8080
22:09:31.279 [main] DEBUG o.a.h.i.c.DefaultClientConnectionOperator - Connecting to localhost:8080
22:09:31.280 [main] DEBUG o.a.h.c.protocol.RequestAddCookies - CookieSpec selected: ignoreCookies
22:09:31.280 [main] DEBUG o.a.h.c.protocol.RequestAuthCache - Auth cache not set in the context
22:09:31.280 [main] DEBUG o.a.h.c.p.RequestTargetAuthentication - Target auth state: UNCHALLENGED
22:09:31.280 [main] DEBUG o.a.h.c.p.RequestProxyAuthentication - Proxy auth state: UNCHALLENGED
22:09:31.280 [main] DEBUG o.a.h.impl.client.DefaultHttpClient - Attempt 1 to execute request
22:09:31.280 [main] DEBUG o.a.h.i.conn.DefaultClientConnection - Sending request: GET /1?a=10&b=6&c=3 HTTP/1.1
22:09:31.280 [main] DEBUG org.apache.http.wire -  >> "GET /1?a=10&b=6&c=3 HTTP/1.1[\r][\n]"
22:09:31.280 [main] DEBUG org.apache.http.wire -  >> "Accept: */*[\r][\n]"
22:09:31.280 [main] DEBUG org.apache.http.wire -  >> "Host: localhost:8080[\r][\n]"
22:09:31.280 [main] DEBUG org.apache.http.wire -  >> "Connection: Keep-Alive[\r][\n]"
22:09:31.280 [main] DEBUG org.apache.http.wire -  >> "User-Agent: Apache-HttpClient/4.5.3 (Java/13.0.5.1)[\r][\n]"
22:09:31.280 [main] DEBUG org.apache.http.wire -  >> "Accept-Encoding: gzip,deflate[\r][\n]"
22:09:31.280 [main] DEBUG org.apache.http.wire -  >> "[\r][\n]"
22:09:31.280 [main] DEBUG org.apache.http.headers - >> GET /1?a=10&b=6&c=3 HTTP/1.1
22:09:31.280 [main] DEBUG org.apache.http.headers - >> Accept: */*
22:09:31.280 [main] DEBUG org.apache.http.headers - >> Host: localhost:8080
22:09:31.280 [main] DEBUG org.apache.http.headers - >> Connection: Keep-Alive
22:09:31.280 [main] DEBUG org.apache.http.headers - >> User-Agent: Apache-HttpClient/4.5.3 (Java/13.0.5.1)
22:09:31.280 [main] DEBUG org.apache.http.headers - >> Accept-Encoding: gzip,deflate
22:09:31.297 [main] DEBUG org.apache.http.wire -  << "HTTP/1.1 200 OK[\r][\n]"
22:09:31.298 [main] DEBUG org.apache.http.wire -  << "Server: Apache-Coyote/1.1[\r][\n]"
22:09:31.298 [main] DEBUG org.apache.http.wire -  << "Content-Type: text/plain;charset=UTF-8[\r][\n]"
22:09:31.298 [main] DEBUG org.apache.http.wire -  << "Content-Length: 6[\r][\n]"
22:09:31.298 [main] DEBUG org.apache.http.wire -  << "Date: Sun, 07 Feb 2021 21:09:31 GMT[\r][\n]"
22:09:31.298 [main] DEBUG org.apache.http.wire -  << "[\r][\n]"
22:09:31.298 [main] DEBUG o.a.h.i.conn.DefaultClientConnection - Receiving response: HTTP/1.1 200 OK
22:09:31.298 [main] DEBUG org.apache.http.headers - << HTTP/1.1 200 OK
22:09:31.298 [main] DEBUG org.apache.http.headers - << Server: Apache-Coyote/1.1
22:09:31.298 [main] DEBUG org.apache.http.headers - << Content-Type: text/plain;charset=UTF-8
22:09:31.298 [main] DEBUG org.apache.http.headers - << Content-Length: 6
22:09:31.298 [main] DEBUG org.apache.http.headers - << Date: Sun, 07 Feb 2021 21:09:31 GMT
22:09:31.298 [main] DEBUG o.a.h.impl.client.DefaultHttpClient - Connection can be kept alive indefinitely
22:09:31.298 [main] DEBUG i.r.i.RequestSpecificationImpl$RestAssuredHttpBuilder - Parsing response as: text/plain;charset=UTF-8
22:09:31.298 [main] DEBUG i.r.i.RequestSpecificationImpl$RestAssuredHttpBuilder - Parsed data to instance of: class org.apache.http.conn.EofSensorInputStream
22:09:31.299 [main] DEBUG org.apache.http.wire -  << "a:1500"
22:09:31.299 [main] DEBUG o.a.h.i.c.BasicClientConnectionManager - Releasing connection org.apache.http.impl.conn.ManagedClientConnectionImpl@28e0e464
22:09:31.299 [main] DEBUG o.a.h.i.c.BasicClientConnectionManager - Connection can be kept alive indefinitely
22:09:31.302 [main] DEBUG o.a.h.i.c.BasicClientConnectionManager - Get connection for route {}->http://localhost:8080
22:09:31.302 [main] DEBUG o.a.h.i.c.DefaultClientConnectionOperator - Connecting to localhost:8080
22:09:31.302 [main] DEBUG o.a.h.c.protocol.RequestAddCookies - CookieSpec selected: ignoreCookies
22:09:31.303 [main] DEBUG o.a.h.c.protocol.RequestAuthCache - Auth cache not set in the context
22:09:31.303 [main] DEBUG o.a.h.c.p.RequestTargetAuthentication - Target auth state: UNCHALLENGED
22:09:31.303 [main] DEBUG o.a.h.c.p.RequestProxyAuthentication - Proxy auth state: UNCHALLENGED
22:09:31.303 [main] DEBUG o.a.h.impl.client.DefaultHttpClient - Attempt 1 to execute request
22:09:31.303 [main] DEBUG o.a.h.i.conn.DefaultClientConnection - Sending request: GET /1?a=10&b=6&c=3 HTTP/1.1
22:09:31.303 [main] DEBUG org.apache.http.wire -  >> "GET /1?a=10&b=6&c=3 HTTP/1.1[\r][\n]"
22:09:31.303 [main] DEBUG org.apache.http.wire -  >> "Accept: */*[\r][\n]"
22:09:31.303 [main] DEBUG org.apache.http.wire -  >> "Host: localhost:8080[\r][\n]"
22:09:31.303 [main] DEBUG org.apache.http.wire -  >> "Connection: Keep-Alive[\r][\n]"
22:09:31.303 [main] DEBUG org.apache.http.wire -  >> "User-Agent: Apache-HttpClient/4.5.3 (Java/13.0.5.1)[\r][\n]"
22:09:31.303 [main] DEBUG org.apache.http.wire -  >> "Accept-Encoding: gzip,deflate[\r][\n]"
22:09:31.303 [main] DEBUG org.apache.http.wire -  >> "[\r][\n]"
22:09:31.303 [main] DEBUG org.apache.http.headers - >> GET /1?a=10&b=6&c=3 HTTP/1.1
22:09:31.303 [main] DEBUG org.apache.http.headers - >> Accept: */*
22:09:31.303 [main] DEBUG org.apache.http.headers - >> Host: localhost:8080
22:09:31.303 [main] DEBUG org.apache.http.headers - >> Connection: Keep-Alive
22:09:31.303 [main] DEBUG org.apache.http.headers - >> User-Agent: Apache-HttpClient/4.5.3 (Java/13.0.5.1)
22:09:31.303 [main] DEBUG org.apache.http.headers - >> Accept-Encoding: gzip,deflate
22:09:31.320 [main] DEBUG org.apache.http.wire -  << "HTTP/1.1 200 OK[\r][\n]"
22:09:31.320 [main] DEBUG org.apache.http.wire -  << "Server: Apache-Coyote/1.1[\r][\n]"
22:09:31.320 [main] DEBUG org.apache.http.wire -  << "Content-Type: text/plain;charset=UTF-8[\r][\n]"
22:09:31.320 [main] DEBUG org.apache.http.wire -  << "Content-Length: 6[\r][\n]"
22:09:31.320 [main] DEBUG org.apache.http.wire -  << "Date: Sun, 07 Feb 2021 21:09:31 GMT[\r][\n]"
22:09:31.320 [main] DEBUG org.apache.http.wire -  << "[\r][\n]"
22:09:31.320 [main] DEBUG o.a.h.i.conn.DefaultClientConnection - Receiving response: HTTP/1.1 200 OK
22:09:31.320 [main] DEBUG org.apache.http.headers - << HTTP/1.1 200 OK
22:09:31.320 [main] DEBUG org.apache.http.headers - << Server: Apache-Coyote/1.1
22:09:31.320 [main] DEBUG org.apache.http.headers - << Content-Type: text/plain;charset=UTF-8
22:09:31.320 [main] DEBUG org.apache.http.headers - << Content-Length: 6
22:09:31.320 [main] DEBUG org.apache.http.headers - << Date: Sun, 07 Feb 2021 21:09:31 GMT
22:09:31.320 [main] DEBUG o.a.h.impl.client.DefaultHttpClient - Connection can be kept alive indefinitely
22:09:31.320 [main] DEBUG i.r.i.RequestSpecificationImpl$RestAssuredHttpBuilder - Parsing response as: text/plain;charset=UTF-8
22:09:31.320 [main] DEBUG i.r.i.RequestSpecificationImpl$RestAssuredHttpBuilder - Parsed data to instance of: class org.apache.http.conn.EofSensorInputStream
22:09:31.320 [main] DEBUG org.apache.http.wire -  << "a:1500"
22:09:31.320 [main] DEBUG o.a.h.i.c.BasicClientConnectionManager - Releasing connection org.apache.http.impl.conn.ManagedClientConnectionImpl@7bdf61ad
22:09:31.320 [main] DEBUG o.a.h.i.c.BasicClientConnectionManager - Connection can be kept alive indefinitely
22:09:31.322 [main] DEBUG o.a.h.i.c.BasicClientConnectionManager - Get connection for route {}->http://localhost:8080
22:09:31.322 [main] DEBUG o.a.h.i.c.DefaultClientConnectionOperator - Connecting to localhost:8080
22:09:31.323 [main] DEBUG o.a.h.c.protocol.RequestAddCookies - CookieSpec selected: ignoreCookies
22:09:31.323 [main] DEBUG o.a.h.c.protocol.RequestAuthCache - Auth cache not set in the context
22:09:31.323 [main] DEBUG o.a.h.c.p.RequestTargetAuthentication - Target auth state: UNCHALLENGED
22:09:31.323 [main] DEBUG o.a.h.c.p.RequestProxyAuthentication - Proxy auth state: UNCHALLENGED
22:09:31.323 [main] DEBUG o.a.h.impl.client.DefaultHttpClient - Attempt 1 to execute request
22:09:31.323 [main] DEBUG o.a.h.i.conn.DefaultClientConnection - Sending request: GET /1?a=10&b=6&c=3 HTTP/1.1
22:09:31.323 [main] DEBUG org.apache.http.wire -  >> "GET /1?a=10&b=6&c=3 HTTP/1.1[\r][\n]"
22:09:31.323 [main] DEBUG org.apache.http.wire -  >> "Accept: */*[\r][\n]"
22:09:31.323 [main] DEBUG org.apache.http.wire -  >> "Host: localhost:8080[\r][\n]"
22:09:31.323 [main] DEBUG org.apache.http.wire -  >> "Connection: Keep-Alive[\r][\n]"
22:09:31.323 [main] DEBUG org.apache.http.wire -  >> "User-Agent: Apache-HttpClient/4.5.3 (Java/13.0.5.1)[\r][\n]"
22:09:31.323 [main] DEBUG org.apache.http.wire -  >> "Accept-Encoding: gzip,deflate[\r][\n]"
22:09:31.323 [main] DEBUG org.apache.http.wire -  >> "[\r][\n]"
22:09:31.323 [main] DEBUG org.apache.http.headers - >> GET /1?a=10&b=6&c=3 HTTP/1.1
22:09:31.323 [main] DEBUG org.apache.http.headers - >> Accept: */*
22:09:31.323 [main] DEBUG org.apache.http.headers - >> Host: localhost:8080
22:09:31.323 [main] DEBUG org.apache.http.headers - >> Connection: Keep-Alive
22:09:31.323 [main] DEBUG org.apache.http.headers - >> User-Agent: Apache-HttpClient/4.5.3 (Java/13.0.5.1)
22:09:31.323 [main] DEBUG org.apache.http.headers - >> Accept-Encoding: gzip,deflate
22:09:31.343 [main] DEBUG org.apache.http.wire -  << "HTTP/1.1 200 OK[\r][\n]"
22:09:31.344 [main] DEBUG org.apache.http.wire -  << "Server: Apache-Coyote/1.1[\r][\n]"
22:09:31.344 [main] DEBUG org.apache.http.wire -  << "Content-Type: text/plain;charset=UTF-8[\r][\n]"
22:09:31.344 [main] DEBUG org.apache.http.wire -  << "Content-Length: 6[\r][\n]"
22:09:31.344 [main] DEBUG org.apache.http.wire -  << "Date: Sun, 07 Feb 2021 21:09:31 GMT[\r][\n]"
22:09:31.344 [main] DEBUG org.apache.http.wire -  << "[\r][\n]"
22:09:31.344 [main] DEBUG o.a.h.i.conn.DefaultClientConnection - Receiving response: HTTP/1.1 200 OK
22:09:31.344 [main] DEBUG org.apache.http.headers - << HTTP/1.1 200 OK
22:09:31.344 [main] DEBUG org.apache.http.headers - << Server: Apache-Coyote/1.1
22:09:31.344 [main] DEBUG org.apache.http.headers - << Content-Type: text/plain;charset=UTF-8
22:09:31.344 [main] DEBUG org.apache.http.headers - << Content-Length: 6
22:09:31.344 [main] DEBUG org.apache.http.headers - << Date: Sun, 07 Feb 2021 21:09:31 GMT
22:09:31.344 [main] DEBUG o.a.h.impl.client.DefaultHttpClient - Connection can be kept alive indefinitely
22:09:31.344 [main] DEBUG i.r.i.RequestSpecificationImpl$RestAssuredHttpBuilder - Parsing response as: text/plain;charset=UTF-8
22:09:31.344 [main] DEBUG i.r.i.RequestSpecificationImpl$RestAssuredHttpBuilder - Parsed data to instance of: class org.apache.http.conn.EofSensorInputStream
22:09:31.344 [main] DEBUG org.apache.http.wire -  << "a:1500"
22:09:31.344 [main] DEBUG o.a.h.i.c.BasicClientConnectionManager - Releasing connection org.apache.http.impl.conn.ManagedClientConnectionImpl@3b7c80c6
22:09:31.344 [main] DEBUG o.a.h.i.c.BasicClientConnectionManager - Connection can be kept alive indefinitely
22:09:31.346 [main] DEBUG o.a.h.i.c.BasicClientConnectionManager - Get connection for route {}->http://localhost:8080
22:09:31.347 [main] DEBUG o.a.h.i.c.DefaultClientConnectionOperator - Connecting to localhost:8080
22:09:31.347 [main] DEBUG o.a.h.c.protocol.RequestAddCookies - CookieSpec selected: ignoreCookies
22:09:31.347 [main] DEBUG o.a.h.c.protocol.RequestAuthCache - Auth cache not set in the context
22:09:31.347 [main] DEBUG o.a.h.c.p.RequestTargetAuthentication - Target auth state: UNCHALLENGED
22:09:31.347 [main] DEBUG o.a.h.c.p.RequestProxyAuthentication - Proxy auth state: UNCHALLENGED
22:09:31.347 [main] DEBUG o.a.h.impl.client.DefaultHttpClient - Attempt 1 to execute request
22:09:31.347 [main] DEBUG o.a.h.i.conn.DefaultClientConnection - Sending request: GET /1?a=10&b=6&c=3 HTTP/1.1
22:09:31.347 [main] DEBUG org.apache.http.wire -  >> "GET /1?a=10&b=6&c=3 HTTP/1.1[\r][\n]"
22:09:31.347 [main] DEBUG org.apache.http.wire -  >> "Accept: */*[\r][\n]"
22:09:31.347 [main] DEBUG org.apache.http.wire -  >> "Host: localhost:8080[\r][\n]"
22:09:31.347 [main] DEBUG org.apache.http.wire -  >> "Connection: Keep-Alive[\r][\n]"
22:09:31.347 [main] DEBUG org.apache.http.wire -  >> "User-Agent: Apache-HttpClient/4.5.3 (Java/13.0.5.1)[\r][\n]"
22:09:31.347 [main] DEBUG org.apache.http.wire -  >> "Accept-Encoding: gzip,deflate[\r][\n]"
22:09:31.347 [main] DEBUG org.apache.http.wire -  >> "[\r][\n]"
22:09:31.347 [main] DEBUG org.apache.http.headers - >> GET /1?a=10&b=6&c=3 HTTP/1.1
22:09:31.347 [main] DEBUG org.apache.http.headers - >> Accept: */*
22:09:31.347 [main] DEBUG org.apache.http.headers - >> Host: localhost:8080
22:09:31.347 [main] DEBUG org.apache.http.headers - >> Connection: Keep-Alive
22:09:31.347 [main] DEBUG org.apache.http.headers - >> User-Agent: Apache-HttpClient/4.5.3 (Java/13.0.5.1)
22:09:31.347 [main] DEBUG org.apache.http.headers - >> Accept-Encoding: gzip,deflate
22:09:31.367 [main] DEBUG org.apache.http.wire -  << "HTTP/1.1 200 OK[\r][\n]"
22:09:31.367 [main] DEBUG org.apache.http.wire -  << "Server: Apache-Coyote/1.1[\r][\n]"
22:09:31.367 [main] DEBUG org.apache.http.wire -  << "Content-Type: text/plain;charset=UTF-8[\r][\n]"
22:09:31.367 [main] DEBUG org.apache.http.wire -  << "Content-Length: 6[\r][\n]"
22:09:31.367 [main] DEBUG org.apache.http.wire -  << "Date: Sun, 07 Feb 2021 21:09:31 GMT[\r][\n]"
22:09:31.367 [main] DEBUG org.apache.http.wire -  << "[\r][\n]"
22:09:31.367 [main] DEBUG o.a.h.i.conn.DefaultClientConnection - Receiving response: HTTP/1.1 200 OK
22:09:31.367 [main] DEBUG org.apache.http.headers - << HTTP/1.1 200 OK
22:09:31.367 [main] DEBUG org.apache.http.headers - << Server: Apache-Coyote/1.1
22:09:31.368 [main] DEBUG org.apache.http.headers - << Content-Type: text/plain;charset=UTF-8
22:09:31.368 [main] DEBUG org.apache.http.headers - << Content-Length: 6
22:09:31.368 [main] DEBUG org.apache.http.headers - << Date: Sun, 07 Feb 2021 21:09:31 GMT
22:09:31.368 [main] DEBUG o.a.h.impl.client.DefaultHttpClient - Connection can be kept alive indefinitely
22:09:31.368 [main] DEBUG i.r.i.RequestSpecificationImpl$RestAssuredHttpBuilder - Parsing response as: text/plain;charset=UTF-8
22:09:31.368 [main] DEBUG i.r.i.RequestSpecificationImpl$RestAssuredHttpBuilder - Parsed data to instance of: class org.apache.http.conn.EofSensorInputStream
22:09:31.369 [main] DEBUG org.apache.http.wire -  << "a:1500"
22:09:31.369 [main] DEBUG o.a.h.i.c.BasicClientConnectionManager - Releasing connection org.apache.http.impl.conn.ManagedClientConnectionImpl@5438c17a
22:09:31.369 [main] DEBUG o.a.h.i.c.BasicClientConnectionManager - Connection can be kept alive indefinitely
22:09:31.374 [main] DEBUG o.a.h.i.c.BasicClientConnectionManager - Get connection for route {}->http://localhost:8080
22:09:31.375 [main] DEBUG o.a.h.i.c.DefaultClientConnectionOperator - Connecting to localhost:8080
22:09:31.375 [main] DEBUG o.a.h.c.protocol.RequestAddCookies - CookieSpec selected: ignoreCookies
22:09:31.375 [main] DEBUG o.a.h.c.protocol.RequestAuthCache - Auth cache not set in the context
22:09:31.375 [main] DEBUG o.a.h.c.p.RequestTargetAuthentication - Target auth state: UNCHALLENGED
22:09:31.375 [main] DEBUG o.a.h.c.p.RequestProxyAuthentication - Proxy auth state: UNCHALLENGED
22:09:31.375 [main] DEBUG o.a.h.impl.client.DefaultHttpClient - Attempt 1 to execute request
22:09:31.375 [main] DEBUG o.a.h.i.conn.DefaultClientConnection - Sending request: GET /1?a=10&b=6&c=3 HTTP/1.1
22:09:31.375 [main] DEBUG org.apache.http.wire -  >> "GET /1?a=10&b=6&c=3 HTTP/1.1[\r][\n]"
22:09:31.376 [main] DEBUG org.apache.http.wire -  >> "Accept: */*[\r][\n]"
22:09:31.376 [main] DEBUG org.apache.http.wire -  >> "Host: localhost:8080[\r][\n]"
22:09:31.376 [main] DEBUG org.apache.http.wire -  >> "Connection: Keep-Alive[\r][\n]"
22:09:31.376 [main] DEBUG org.apache.http.wire -  >> "User-Agent: Apache-HttpClient/4.5.3 (Java/13.0.5.1)[\r][\n]"
22:09:31.376 [main] DEBUG org.apache.http.wire -  >> "Accept-Encoding: gzip,deflate[\r][\n]"
22:09:31.376 [main] DEBUG org.apache.http.wire -  >> "[\r][\n]"
22:09:31.376 [main] DEBUG org.apache.http.headers - >> GET /1?a=10&b=6&c=3 HTTP/1.1
22:09:31.376 [main] DEBUG org.apache.http.headers - >> Accept: */*
22:09:31.376 [main] DEBUG org.apache.http.headers - >> Host: localhost:8080
22:09:31.376 [main] DEBUG org.apache.http.headers - >> Connection: Keep-Alive
22:09:31.376 [main] DEBUG org.apache.http.headers - >> User-Agent: Apache-HttpClient/4.5.3 (Java/13.0.5.1)
22:09:31.376 [main] DEBUG org.apache.http.headers - >> Accept-Encoding: gzip,deflate
22:09:31.392 [main] DEBUG org.apache.http.wire -  << "HTTP/1.1 200 OK[\r][\n]"
22:09:31.392 [main] DEBUG org.apache.http.wire -  << "Server: Apache-Coyote/1.1[\r][\n]"
22:09:31.392 [main] DEBUG org.apache.http.wire -  << "Content-Type: text/plain;charset=UTF-8[\r][\n]"
22:09:31.392 [main] DEBUG org.apache.http.wire -  << "Content-Length: 6[\r][\n]"
22:09:31.392 [main] DEBUG org.apache.http.wire -  << "Date: Sun, 07 Feb 2021 21:09:31 GMT[\r][\n]"
22:09:31.392 [main] DEBUG org.apache.http.wire -  << "[\r][\n]"
22:09:31.392 [main] DEBUG o.a.h.i.conn.DefaultClientConnection - Receiving response: HTTP/1.1 200 OK
22:09:31.392 [main] DEBUG org.apache.http.headers - << HTTP/1.1 200 OK
22:09:31.392 [main] DEBUG org.apache.http.headers - << Server: Apache-Coyote/1.1
22:09:31.392 [main] DEBUG org.apache.http.headers - << Content-Type: text/plain;charset=UTF-8
22:09:31.392 [main] DEBUG org.apache.http.headers - << Content-Length: 6
22:09:31.392 [main] DEBUG org.apache.http.headers - << Date: Sun, 07 Feb 2021 21:09:31 GMT
22:09:31.392 [main] DEBUG o.a.h.impl.client.DefaultHttpClient - Connection can be kept alive indefinitely
22:09:31.393 [main] DEBUG i.r.i.RequestSpecificationImpl$RestAssuredHttpBuilder - Parsing response as: text/plain;charset=UTF-8
22:09:31.393 [main] DEBUG i.r.i.RequestSpecificationImpl$RestAssuredHttpBuilder - Parsed data to instance of: class org.apache.http.conn.EofSensorInputStream
22:09:31.393 [main] DEBUG org.apache.http.wire -  << "a:1500"
22:09:31.393 [main] DEBUG o.a.h.i.c.BasicClientConnectionManager - Releasing connection org.apache.http.impl.conn.ManagedClientConnectionImpl@79eeff87
22:09:31.393 [main] DEBUG o.a.h.i.c.BasicClientConnectionManager - Connection can be kept alive indefinitely
22:09:31.396 [main] DEBUG o.a.h.i.c.BasicClientConnectionManager - Get connection for route {}->http://localhost:8080
22:09:31.396 [main] DEBUG o.a.h.i.c.DefaultClientConnectionOperator - Connecting to localhost:8080
22:09:31.396 [main] DEBUG o.a.h.c.protocol.RequestAddCookies - CookieSpec selected: ignoreCookies
22:09:31.396 [main] DEBUG o.a.h.c.protocol.RequestAuthCache - Auth cache not set in the context
22:09:31.396 [main] DEBUG o.a.h.c.p.RequestTargetAuthentication - Target auth state: UNCHALLENGED
22:09:31.396 [main] DEBUG o.a.h.c.p.RequestProxyAuthentication - Proxy auth state: UNCHALLENGED
22:09:31.396 [main] DEBUG o.a.h.impl.client.DefaultHttpClient - Attempt 1 to execute request
22:09:31.396 [main] DEBUG o.a.h.i.conn.DefaultClientConnection - Sending request: GET /1?a=10&b=6&c=3 HTTP/1.1
22:09:31.396 [main] DEBUG org.apache.http.wire -  >> "GET /1?a=10&b=6&c=3 HTTP/1.1[\r][\n]"
22:09:31.396 [main] DEBUG org.apache.http.wire -  >> "Accept: */*[\r][\n]"
22:09:31.396 [main] DEBUG org.apache.http.wire -  >> "Host: localhost:8080[\r][\n]"
22:09:31.396 [main] DEBUG org.apache.http.wire -  >> "Connection: Keep-Alive[\r][\n]"
22:09:31.396 [main] DEBUG org.apache.http.wire -  >> "User-Agent: Apache-HttpClient/4.5.3 (Java/13.0.5.1)[\r][\n]"
22:09:31.396 [main] DEBUG org.apache.http.wire -  >> "Accept-Encoding: gzip,deflate[\r][\n]"
22:09:31.396 [main] DEBUG org.apache.http.wire -  >> "[\r][\n]"
22:09:31.396 [main] DEBUG org.apache.http.headers - >> GET /1?a=10&b=6&c=3 HTTP/1.1
22:09:31.396 [main] DEBUG org.apache.http.headers - >> Accept: */*
22:09:31.396 [main] DEBUG org.apache.http.headers - >> Host: localhost:8080
22:09:31.396 [main] DEBUG org.apache.http.headers - >> Connection: Keep-Alive
22:09:31.396 [main] DEBUG org.apache.http.headers - >> User-Agent: Apache-HttpClient/4.5.3 (Java/13.0.5.1)
22:09:31.396 [main] DEBUG org.apache.http.headers - >> Accept-Encoding: gzip,deflate
22:09:31.414 [main] DEBUG org.apache.http.wire -  << "HTTP/1.1 200 OK[\r][\n]"
22:09:31.414 [main] DEBUG org.apache.http.wire -  << "Server: Apache-Coyote/1.1[\r][\n]"
22:09:31.414 [main] DEBUG org.apache.http.wire -  << "Content-Type: text/plain;charset=UTF-8[\r][\n]"
22:09:31.414 [main] DEBUG org.apache.http.wire -  << "Content-Length: 6[\r][\n]"
22:09:31.414 [main] DEBUG org.apache.http.wire -  << "Date: Sun, 07 Feb 2021 21:09:31 GMT[\r][\n]"
22:09:31.414 [main] DEBUG org.apache.http.wire -  << "[\r][\n]"
22:09:31.414 [main] DEBUG o.a.h.i.conn.DefaultClientConnection - Receiving response: HTTP/1.1 200 OK
22:09:31.414 [main] DEBUG org.apache.http.headers - << HTTP/1.1 200 OK
22:09:31.414 [main] DEBUG org.apache.http.headers - << Server: Apache-Coyote/1.1
22:09:31.414 [main] DEBUG org.apache.http.headers - << Content-Type: text/plain;charset=UTF-8
22:09:31.414 [main] DEBUG org.apache.http.headers - << Content-Length: 6
22:09:31.414 [main] DEBUG org.apache.http.headers - << Date: Sun, 07 Feb 2021 21:09:31 GMT
22:09:31.414 [main] DEBUG o.a.h.impl.client.DefaultHttpClient - Connection can be kept alive indefinitely
22:09:31.414 [main] DEBUG i.r.i.RequestSpecificationImpl$RestAssuredHttpBuilder - Parsing response as: text/plain;charset=UTF-8
22:09:31.414 [main] DEBUG i.r.i.RequestSpecificationImpl$RestAssuredHttpBuilder - Parsed data to instance of: class org.apache.http.conn.EofSensorInputStream
22:09:31.415 [main] DEBUG org.apache.http.wire -  << "a:1500"
22:09:31.415 [main] DEBUG o.a.h.i.c.BasicClientConnectionManager - Releasing connection org.apache.http.impl.conn.ManagedClientConnectionImpl@1de4285e
22:09:31.415 [main] DEBUG o.a.h.i.c.BasicClientConnectionManager - Connection can be kept alive indefinitely
22:09:31.418 [main] DEBUG o.a.h.i.c.BasicClientConnectionManager - Get connection for route {}->http://localhost:8080
22:09:31.418 [main] DEBUG o.a.h.i.c.DefaultClientConnectionOperator - Connecting to localhost:8080
22:09:31.419 [main] DEBUG o.a.h.c.protocol.RequestAddCookies - CookieSpec selected: ignoreCookies
22:09:31.419 [main] DEBUG o.a.h.c.protocol.RequestAuthCache - Auth cache not set in the context
22:09:31.419 [main] DEBUG o.a.h.c.p.RequestTargetAuthentication - Target auth state: UNCHALLENGED
22:09:31.419 [main] DEBUG o.a.h.c.p.RequestProxyAuthentication - Proxy auth state: UNCHALLENGED
22:09:31.419 [main] DEBUG o.a.h.impl.client.DefaultHttpClient - Attempt 1 to execute request
22:09:31.419 [main] DEBUG o.a.h.i.conn.DefaultClientConnection - Sending request: GET /1?a=10&b=6&c=3 HTTP/1.1
22:09:31.419 [main] DEBUG org.apache.http.wire -  >> "GET /1?a=10&b=6&c=3 HTTP/1.1[\r][\n]"
22:09:31.419 [main] DEBUG org.apache.http.wire -  >> "Accept: */*[\r][\n]"
22:09:31.419 [main] DEBUG org.apache.http.wire -  >> "Host: localhost:8080[\r][\n]"
22:09:31.419 [main] DEBUG org.apache.http.wire -  >> "Connection: Keep-Alive[\r][\n]"
22:09:31.419 [main] DEBUG org.apache.http.wire -  >> "User-Agent: Apache-HttpClient/4.5.3 (Java/13.0.5.1)[\r][\n]"
22:09:31.419 [main] DEBUG org.apache.http.wire -  >> "Accept-Encoding: gzip,deflate[\r][\n]"
22:09:31.419 [main] DEBUG org.apache.http.wire -  >> "[\r][\n]"
22:09:31.419 [main] DEBUG org.apache.http.headers - >> GET /1?a=10&b=6&c=3 HTTP/1.1
22:09:31.419 [main] DEBUG org.apache.http.headers - >> Accept: */*
22:09:31.419 [main] DEBUG org.apache.http.headers - >> Host: localhost:8080
22:09:31.419 [main] DEBUG org.apache.http.headers - >> Connection: Keep-Alive
22:09:31.419 [main] DEBUG org.apache.http.headers - >> User-Agent: Apache-HttpClient/4.5.3 (Java/13.0.5.1)
22:09:31.419 [main] DEBUG org.apache.http.headers - >> Accept-Encoding: gzip,deflate
22:09:31.437 [main] DEBUG org.apache.http.wire -  << "HTTP/1.1 200 OK[\r][\n]"
22:09:31.437 [main] DEBUG org.apache.http.wire -  << "Server: Apache-Coyote/1.1[\r][\n]"
22:09:31.437 [main] DEBUG org.apache.http.wire -  << "Content-Type: text/plain;charset=UTF-8[\r][\n]"
22:09:31.437 [main] DEBUG org.apache.http.wire -  << "Content-Length: 6[\r][\n]"
22:09:31.437 [main] DEBUG org.apache.http.wire -  << "Date: Sun, 07 Feb 2021 21:09:31 GMT[\r][\n]"
22:09:31.437 [main] DEBUG org.apache.http.wire -  << "[\r][\n]"
22:09:31.437 [main] DEBUG o.a.h.i.conn.DefaultClientConnection - Receiving response: HTTP/1.1 200 OK
22:09:31.437 [main] DEBUG org.apache.http.headers - << HTTP/1.1 200 OK
22:09:31.437 [main] DEBUG org.apache.http.headers - << Server: Apache-Coyote/1.1
22:09:31.437 [main] DEBUG org.apache.http.headers - << Content-Type: text/plain;charset=UTF-8
22:09:31.437 [main] DEBUG org.apache.http.headers - << Content-Length: 6
22:09:31.437 [main] DEBUG org.apache.http.headers - << Date: Sun, 07 Feb 2021 21:09:31 GMT
22:09:31.437 [main] DEBUG o.a.h.impl.client.DefaultHttpClient - Connection can be kept alive indefinitely
22:09:31.437 [main] DEBUG i.r.i.RequestSpecificationImpl$RestAssuredHttpBuilder - Parsing response as: text/plain;charset=UTF-8
22:09:31.437 [main] DEBUG i.r.i.RequestSpecificationImpl$RestAssuredHttpBuilder - Parsed data to instance of: class org.apache.http.conn.EofSensorInputStream
22:09:31.438 [main] DEBUG org.apache.http.wire -  << "a:1500"
22:09:31.438 [main] DEBUG o.a.h.i.c.BasicClientConnectionManager - Releasing connection org.apache.http.impl.conn.ManagedClientConnectionImpl@66522ead
22:09:31.438 [main] DEBUG o.a.h.i.c.BasicClientConnectionManager - Connection can be kept alive indefinitely
22:09:31.440 [main] DEBUG o.a.h.i.c.BasicClientConnectionManager - Get connection for route {}->http://localhost:8080
22:09:31.440 [main] DEBUG o.a.h.i.c.DefaultClientConnectionOperator - Connecting to localhost:8080
22:09:31.440 [main] DEBUG o.a.h.c.protocol.RequestAddCookies - CookieSpec selected: ignoreCookies
22:09:31.440 [main] DEBUG o.a.h.c.protocol.RequestAuthCache - Auth cache not set in the context
22:09:31.440 [main] DEBUG o.a.h.c.p.RequestTargetAuthentication - Target auth state: UNCHALLENGED
22:09:31.440 [main] DEBUG o.a.h.c.p.RequestProxyAuthentication - Proxy auth state: UNCHALLENGED
22:09:31.440 [main] DEBUG o.a.h.impl.client.DefaultHttpClient - Attempt 1 to execute request
22:09:31.440 [main] DEBUG o.a.h.i.conn.DefaultClientConnection - Sending request: GET /1?a=10&b=6&c=3 HTTP/1.1
22:09:31.440 [main] DEBUG org.apache.http.wire -  >> "GET /1?a=10&b=6&c=3 HTTP/1.1[\r][\n]"
22:09:31.440 [main] DEBUG org.apache.http.wire -  >> "Accept: */*[\r][\n]"
22:09:31.440 [main] DEBUG org.apache.http.wire -  >> "Host: localhost:8080[\r][\n]"
22:09:31.440 [main] DEBUG org.apache.http.wire -  >> "Connection: Keep-Alive[\r][\n]"
22:09:31.440 [main] DEBUG org.apache.http.wire -  >> "User-Agent: Apache-HttpClient/4.5.3 (Java/13.0.5.1)[\r][\n]"
22:09:31.440 [main] DEBUG org.apache.http.wire -  >> "Accept-Encoding: gzip,deflate[\r][\n]"
22:09:31.440 [main] DEBUG org.apache.http.wire -  >> "[\r][\n]"
22:09:31.440 [main] DEBUG org.apache.http.headers - >> GET /1?a=10&b=6&c=3 HTTP/1.1
22:09:31.440 [main] DEBUG org.apache.http.headers - >> Accept: */*
22:09:31.440 [main] DEBUG org.apache.http.headers - >> Host: localhost:8080
22:09:31.440 [main] DEBUG org.apache.http.headers - >> Connection: Keep-Alive
22:09:31.440 [main] DEBUG org.apache.http.headers - >> User-Agent: Apache-HttpClient/4.5.3 (Java/13.0.5.1)
22:09:31.440 [main] DEBUG org.apache.http.headers - >> Accept-Encoding: gzip,deflate
22:09:31.458 [main] DEBUG org.apache.http.wire -  << "HTTP/1.1 200 OK[\r][\n]"
22:09:31.458 [main] DEBUG org.apache.http.wire -  << "Server: Apache-Coyote/1.1[\r][\n]"
22:09:31.458 [main] DEBUG org.apache.http.wire -  << "Content-Type: text/plain;charset=UTF-8[\r][\n]"
22:09:31.458 [main] DEBUG org.apache.http.wire -  << "Content-Length: 6[\r][\n]"
22:09:31.458 [main] DEBUG org.apache.http.wire -  << "Date: Sun, 07 Feb 2021 21:09:31 GMT[\r][\n]"
22:09:31.458 [main] DEBUG org.apache.http.wire -  << "[\r][\n]"
22:09:31.458 [main] DEBUG o.a.h.i.conn.DefaultClientConnection - Receiving response: HTTP/1.1 200 OK
22:09:31.458 [main] DEBUG org.apache.http.headers - << HTTP/1.1 200 OK
22:09:31.458 [main] DEBUG org.apache.http.headers - << Server: Apache-Coyote/1.1
22:09:31.458 [main] DEBUG org.apache.http.headers - << Content-Type: text/plain;charset=UTF-8
22:09:31.458 [main] DEBUG org.apache.http.headers - << Content-Length: 6
22:09:31.458 [main] DEBUG org.apache.http.headers - << Date: Sun, 07 Feb 2021 21:09:31 GMT
22:09:31.458 [main] DEBUG o.a.h.impl.client.DefaultHttpClient - Connection can be kept alive indefinitely
22:09:31.459 [main] DEBUG i.r.i.RequestSpecificationImpl$RestAssuredHttpBuilder - Parsing response as: text/plain;charset=UTF-8
22:09:31.459 [main] DEBUG i.r.i.RequestSpecificationImpl$RestAssuredHttpBuilder - Parsed data to instance of: class org.apache.http.conn.EofSensorInputStream
22:09:31.459 [main] DEBUG org.apache.http.wire -  << "a:1500"
22:09:31.459 [main] DEBUG o.a.h.i.c.BasicClientConnectionManager - Releasing connection org.apache.http.impl.conn.ManagedClientConnectionImpl@2ffe243f
22:09:31.459 [main] DEBUG o.a.h.i.c.BasicClientConnectionManager - Connection can be kept alive indefinitely
22:09:31.463 [main] DEBUG o.a.h.i.c.BasicClientConnectionManager - Get connection for route {}->http://localhost:8080
22:09:31.463 [main] DEBUG o.a.h.i.c.DefaultClientConnectionOperator - Connecting to localhost:8080
22:09:31.464 [main] DEBUG o.a.h.c.protocol.RequestAddCookies - CookieSpec selected: ignoreCookies
22:09:31.464 [main] DEBUG o.a.h.c.protocol.RequestAuthCache - Auth cache not set in the context
22:09:31.464 [main] DEBUG o.a.h.c.p.RequestTargetAuthentication - Target auth state: UNCHALLENGED
22:09:31.464 [main] DEBUG o.a.h.c.p.RequestProxyAuthentication - Proxy auth state: UNCHALLENGED
22:09:31.464 [main] DEBUG o.a.h.impl.client.DefaultHttpClient - Attempt 1 to execute request
22:09:31.464 [main] DEBUG o.a.h.i.conn.DefaultClientConnection - Sending request: GET /1?a=10&b=6&c=3 HTTP/1.1
22:09:31.464 [main] DEBUG org.apache.http.wire -  >> "GET /1?a=10&b=6&c=3 HTTP/1.1[\r][\n]"
22:09:31.464 [main] DEBUG org.apache.http.wire -  >> "Accept: */*[\r][\n]"
22:09:31.464 [main] DEBUG org.apache.http.wire -  >> "Host: localhost:8080[\r][\n]"
22:09:31.464 [main] DEBUG org.apache.http.wire -  >> "Connection: Keep-Alive[\r][\n]"
22:09:31.464 [main] DEBUG org.apache.http.wire -  >> "User-Agent: Apache-HttpClient/4.5.3 (Java/13.0.5.1)[\r][\n]"
22:09:31.464 [main] DEBUG org.apache.http.wire -  >> "Accept-Encoding: gzip,deflate[\r][\n]"
22:09:31.464 [main] DEBUG org.apache.http.wire -  >> "[\r][\n]"
22:09:31.464 [main] DEBUG org.apache.http.headers - >> GET /1?a=10&b=6&c=3 HTTP/1.1
22:09:31.464 [main] DEBUG org.apache.http.headers - >> Accept: */*
22:09:31.464 [main] DEBUG org.apache.http.headers - >> Host: localhost:8080
22:09:31.464 [main] DEBUG org.apache.http.headers - >> Connection: Keep-Alive
22:09:31.464 [main] DEBUG org.apache.http.headers - >> User-Agent: Apache-HttpClient/4.5.3 (Java/13.0.5.1)
22:09:31.464 [main] DEBUG org.apache.http.headers - >> Accept-Encoding: gzip,deflate
22:09:31.485 [main] DEBUG org.apache.http.wire -  << "HTTP/1.1 200 OK[\r][\n]"
22:09:31.485 [main] DEBUG org.apache.http.wire -  << "Server: Apache-Coyote/1.1[\r][\n]"
22:09:31.485 [main] DEBUG org.apache.http.wire -  << "Content-Type: text/plain;charset=UTF-8[\r][\n]"
22:09:31.485 [main] DEBUG org.apache.http.wire -  << "Content-Length: 6[\r][\n]"
22:09:31.485 [main] DEBUG org.apache.http.wire -  << "Date: Sun, 07 Feb 2021 21:09:31 GMT[\r][\n]"
22:09:31.485 [main] DEBUG org.apache.http.wire -  << "[\r][\n]"
22:09:31.485 [main] DEBUG o.a.h.i.conn.DefaultClientConnection - Receiving response: HTTP/1.1 200 OK
22:09:31.485 [main] DEBUG org.apache.http.headers - << HTTP/1.1 200 OK
22:09:31.485 [main] DEBUG org.apache.http.headers - << Server: Apache-Coyote/1.1
22:09:31.485 [main] DEBUG org.apache.http.headers - << Content-Type: text/plain;charset=UTF-8
22:09:31.485 [main] DEBUG org.apache.http.headers - << Content-Length: 6
22:09:31.485 [main] DEBUG org.apache.http.headers - << Date: Sun, 07 Feb 2021 21:09:31 GMT
22:09:31.486 [main] DEBUG o.a.h.impl.client.DefaultHttpClient - Connection can be kept alive indefinitely
22:09:31.486 [main] DEBUG i.r.i.RequestSpecificationImpl$RestAssuredHttpBuilder - Parsing response as: text/plain;charset=UTF-8
22:09:31.486 [main] DEBUG i.r.i.RequestSpecificationImpl$RestAssuredHttpBuilder - Parsed data to instance of: class org.apache.http.conn.EofSensorInputStream
22:09:31.486 [main] DEBUG org.apache.http.wire -  << "a:1500"
22:09:31.486 [main] DEBUG o.a.h.i.c.BasicClientConnectionManager - Releasing connection org.apache.http.impl.conn.ManagedClientConnectionImpl@43ac0a68
22:09:31.486 [main] DEBUG o.a.h.i.c.BasicClientConnectionManager - Connection can be kept alive indefinitely
22:09:31.489 [main] DEBUG o.a.h.i.c.BasicClientConnectionManager - Get connection for route {}->http://localhost:8080
22:09:31.489 [main] DEBUG o.a.h.i.c.DefaultClientConnectionOperator - Connecting to localhost:8080
22:09:31.490 [main] DEBUG o.a.h.c.protocol.RequestAddCookies - CookieSpec selected: ignoreCookies
22:09:31.490 [main] DEBUG o.a.h.c.protocol.RequestAuthCache - Auth cache not set in the context
22:09:31.490 [main] DEBUG o.a.h.c.p.RequestTargetAuthentication - Target auth state: UNCHALLENGED
22:09:31.490 [main] DEBUG o.a.h.c.p.RequestProxyAuthentication - Proxy auth state: UNCHALLENGED
22:09:31.490 [main] DEBUG o.a.h.impl.client.DefaultHttpClient - Attempt 1 to execute request
22:09:31.490 [main] DEBUG o.a.h.i.conn.DefaultClientConnection - Sending request: GET /1?a=10&b=6&c=3 HTTP/1.1
22:09:31.490 [main] DEBUG org.apache.http.wire -  >> "GET /1?a=10&b=6&c=3 HTTP/1.1[\r][\n]"
22:09:31.490 [main] DEBUG org.apache.http.wire -  >> "Accept: */*[\r][\n]"
22:09:31.490 [main] DEBUG org.apache.http.wire -  >> "Host: localhost:8080[\r][\n]"
22:09:31.490 [main] DEBUG org.apache.http.wire -  >> "Connection: Keep-Alive[\r][\n]"
22:09:31.490 [main] DEBUG org.apache.http.wire -  >> "User-Agent: Apache-HttpClient/4.5.3 (Java/13.0.5.1)[\r][\n]"
22:09:31.490 [main] DEBUG org.apache.http.wire -  >> "Accept-Encoding: gzip,deflate[\r][\n]"
22:09:31.490 [main] DEBUG org.apache.http.wire -  >> "[\r][\n]"
22:09:31.490 [main] DEBUG org.apache.http.headers - >> GET /1?a=10&b=6&c=3 HTTP/1.1
22:09:31.490 [main] DEBUG org.apache.http.headers - >> Accept: */*
22:09:31.490 [main] DEBUG org.apache.http.headers - >> Host: localhost:8080
22:09:31.490 [main] DEBUG org.apache.http.headers - >> Connection: Keep-Alive
22:09:31.490 [main] DEBUG org.apache.http.headers - >> User-Agent: Apache-HttpClient/4.5.3 (Java/13.0.5.1)
22:09:31.490 [main] DEBUG org.apache.http.headers - >> Accept-Encoding: gzip,deflate
22:09:31.514 [main] DEBUG org.apache.http.wire -  << "HTTP/1.1 200 OK[\r][\n]"
22:09:31.514 [main] DEBUG org.apache.http.wire -  << "Server: Apache-Coyote/1.1[\r][\n]"
22:09:31.514 [main] DEBUG org.apache.http.wire -  << "Content-Type: text/plain;charset=UTF-8[\r][\n]"
22:09:31.514 [main] DEBUG org.apache.http.wire -  << "Content-Length: 6[\r][\n]"
22:09:31.514 [main] DEBUG org.apache.http.wire -  << "Date: Sun, 07 Feb 2021 21:09:31 GMT[\r][\n]"
22:09:31.514 [main] DEBUG org.apache.http.wire -  << "[\r][\n]"
22:09:31.514 [main] DEBUG o.a.h.i.conn.DefaultClientConnection - Receiving response: HTTP/1.1 200 OK
22:09:31.514 [main] DEBUG org.apache.http.headers - << HTTP/1.1 200 OK
22:09:31.514 [main] DEBUG org.apache.http.headers - << Server: Apache-Coyote/1.1
22:09:31.514 [main] DEBUG org.apache.http.headers - << Content-Type: text/plain;charset=UTF-8
22:09:31.514 [main] DEBUG org.apache.http.headers - << Content-Length: 6
22:09:31.514 [main] DEBUG org.apache.http.headers - << Date: Sun, 07 Feb 2021 21:09:31 GMT
22:09:31.514 [main] DEBUG o.a.h.impl.client.DefaultHttpClient - Connection can be kept alive indefinitely
22:09:31.514 [main] DEBUG i.r.i.RequestSpecificationImpl$RestAssuredHttpBuilder - Parsing response as: text/plain;charset=UTF-8
22:09:31.514 [main] DEBUG i.r.i.RequestSpecificationImpl$RestAssuredHttpBuilder - Parsed data to instance of: class org.apache.http.conn.EofSensorInputStream
22:09:31.515 [main] DEBUG org.apache.http.wire -  << "a:1500"
22:09:31.515 [main] DEBUG o.a.h.i.c.BasicClientConnectionManager - Releasing connection org.apache.http.impl.conn.ManagedClientConnectionImpl@3e3cd6fe
22:09:31.515 [main] DEBUG o.a.h.i.c.BasicClientConnectionManager - Connection can be kept alive indefinitely
22:09:31.517 [main] DEBUG o.a.h.i.c.BasicClientConnectionManager - Get connection for route {}->http://localhost:8080
22:09:31.517 [main] DEBUG o.a.h.i.c.DefaultClientConnectionOperator - Connecting to localhost:8080
22:09:31.517 [main] DEBUG o.a.h.c.protocol.RequestAddCookies - CookieSpec selected: ignoreCookies
22:09:31.517 [main] DEBUG o.a.h.c.protocol.RequestAuthCache - Auth cache not set in the context
22:09:31.517 [main] DEBUG o.a.h.c.p.RequestTargetAuthentication - Target auth state: UNCHALLENGED
22:09:31.517 [main] DEBUG o.a.h.c.p.RequestProxyAuthentication - Proxy auth state: UNCHALLENGED
22:09:31.517 [main] DEBUG o.a.h.impl.client.DefaultHttpClient - Attempt 1 to execute request
22:09:31.517 [main] DEBUG o.a.h.i.conn.DefaultClientConnection - Sending request: GET /1?a=10&b=6&c=3 HTTP/1.1
22:09:31.517 [main] DEBUG org.apache.http.wire -  >> "GET /1?a=10&b=6&c=3 HTTP/1.1[\r][\n]"
22:09:31.517 [main] DEBUG org.apache.http.wire -  >> "Accept: */*[\r][\n]"
22:09:31.517 [main] DEBUG org.apache.http.wire -  >> "Host: localhost:8080[\r][\n]"
22:09:31.517 [main] DEBUG org.apache.http.wire -  >> "Connection: Keep-Alive[\r][\n]"
22:09:31.517 [main] DEBUG org.apache.http.wire -  >> "User-Agent: Apache-HttpClient/4.5.3 (Java/13.0.5.1)[\r][\n]"
22:09:31.517 [main] DEBUG org.apache.http.wire -  >> "Accept-Encoding: gzip,deflate[\r][\n]"
22:09:31.517 [main] DEBUG org.apache.http.wire -  >> "[\r][\n]"
22:09:31.517 [main] DEBUG org.apache.http.headers - >> GET /1?a=10&b=6&c=3 HTTP/1.1
22:09:31.517 [main] DEBUG org.apache.http.headers - >> Accept: */*
22:09:31.517 [main] DEBUG org.apache.http.headers - >> Host: localhost:8080
22:09:31.517 [main] DEBUG org.apache.http.headers - >> Connection: Keep-Alive
22:09:31.517 [main] DEBUG org.apache.http.headers - >> User-Agent: Apache-HttpClient/4.5.3 (Java/13.0.5.1)
22:09:31.517 [main] DEBUG org.apache.http.headers - >> Accept-Encoding: gzip,deflate
22:09:31.535 [main] DEBUG org.apache.http.wire -  << "HTTP/1.1 200 OK[\r][\n]"
22:09:31.535 [main] DEBUG org.apache.http.wire -  << "Server: Apache-Coyote/1.1[\r][\n]"
22:09:31.535 [main] DEBUG org.apache.http.wire -  << "Content-Type: text/plain;charset=UTF-8[\r][\n]"
22:09:31.535 [main] DEBUG org.apache.http.wire -  << "Content-Length: 6[\r][\n]"
22:09:31.535 [main] DEBUG org.apache.http.wire -  << "Date: Sun, 07 Feb 2021 21:09:31 GMT[\r][\n]"
22:09:31.535 [main] DEBUG org.apache.http.wire -  << "[\r][\n]"
22:09:31.535 [main] DEBUG o.a.h.i.conn.DefaultClientConnection - Receiving response: HTTP/1.1 200 OK
22:09:31.535 [main] DEBUG org.apache.http.headers - << HTTP/1.1 200 OK
22:09:31.535 [main] DEBUG org.apache.http.headers - << Server: Apache-Coyote/1.1
22:09:31.535 [main] DEBUG org.apache.http.headers - << Content-Type: text/plain;charset=UTF-8
22:09:31.535 [main] DEBUG org.apache.http.headers - << Content-Length: 6
22:09:31.535 [main] DEBUG org.apache.http.headers - << Date: Sun, 07 Feb 2021 21:09:31 GMT
22:09:31.535 [main] DEBUG o.a.h.impl.client.DefaultHttpClient - Connection can be kept alive indefinitely
22:09:31.535 [main] DEBUG i.r.i.RequestSpecificationImpl$RestAssuredHttpBuilder - Parsing response as: text/plain;charset=UTF-8
22:09:31.535 [main] DEBUG i.r.i.RequestSpecificationImpl$RestAssuredHttpBuilder - Parsed data to instance of: class org.apache.http.conn.EofSensorInputStream
22:09:31.535 [main] DEBUG org.apache.http.wire -  << "a:1500"
22:09:31.535 [main] DEBUG o.a.h.i.c.BasicClientConnectionManager - Releasing connection org.apache.http.impl.conn.ManagedClientConnectionImpl@1a464fa3
22:09:31.535 [main] DEBUG o.a.h.i.c.BasicClientConnectionManager - Connection can be kept alive indefinitely
22:09:31.538 [main] DEBUG o.a.h.i.c.BasicClientConnectionManager - Get connection for route {}->http://localhost:8080
22:09:31.538 [main] DEBUG o.a.h.i.c.DefaultClientConnectionOperator - Connecting to localhost:8080
22:09:31.538 [main] DEBUG o.a.h.c.protocol.RequestAddCookies - CookieSpec selected: ignoreCookies
22:09:31.538 [main] DEBUG o.a.h.c.protocol.RequestAuthCache - Auth cache not set in the context
22:09:31.538 [main] DEBUG o.a.h.c.p.RequestTargetAuthentication - Target auth state: UNCHALLENGED
22:09:31.538 [main] DEBUG o.a.h.c.p.RequestProxyAuthentication - Proxy auth state: UNCHALLENGED
22:09:31.538 [main] DEBUG o.a.h.impl.client.DefaultHttpClient - Attempt 1 to execute request
22:09:31.538 [main] DEBUG o.a.h.i.conn.DefaultClientConnection - Sending request: GET /1?a=10&b=6&c=3 HTTP/1.1
22:09:31.538 [main] DEBUG org.apache.http.wire -  >> "GET /1?a=10&b=6&c=3 HTTP/1.1[\r][\n]"
22:09:31.538 [main] DEBUG org.apache.http.wire -  >> "Accept: */*[\r][\n]"
22:09:31.538 [main] DEBUG org.apache.http.wire -  >> "Host: localhost:8080[\r][\n]"
22:09:31.538 [main] DEBUG org.apache.http.wire -  >> "Connection: Keep-Alive[\r][\n]"
22:09:31.538 [main] DEBUG org.apache.http.wire -  >> "User-Agent: Apache-HttpClient/4.5.3 (Java/13.0.5.1)[\r][\n]"
22:09:31.538 [main] DEBUG org.apache.http.wire -  >> "Accept-Encoding: gzip,deflate[\r][\n]"
22:09:31.538 [main] DEBUG org.apache.http.wire -  >> "[\r][\n]"
22:09:31.538 [main] DEBUG org.apache.http.headers - >> GET /1?a=10&b=6&c=3 HTTP/1.1
22:09:31.538 [main] DEBUG org.apache.http.headers - >> Accept: */*
22:09:31.538 [main] DEBUG org.apache.http.headers - >> Host: localhost:8080
22:09:31.538 [main] DEBUG org.apache.http.headers - >> Connection: Keep-Alive
22:09:31.538 [main] DEBUG org.apache.http.headers - >> User-Agent: Apache-HttpClient/4.5.3 (Java/13.0.5.1)
22:09:31.538 [main] DEBUG org.apache.http.headers - >> Accept-Encoding: gzip,deflate
22:09:31.556 [main] DEBUG org.apache.http.wire -  << "HTTP/1.1 200 OK[\r][\n]"
22:09:31.557 [main] DEBUG org.apache.http.wire -  << "Server: Apache-Coyote/1.1[\r][\n]"
22:09:31.557 [main] DEBUG org.apache.http.wire -  << "Content-Type: text/plain;charset=UTF-8[\r][\n]"
22:09:31.557 [main] DEBUG org.apache.http.wire -  << "Content-Length: 6[\r][\n]"
22:09:31.557 [main] DEBUG org.apache.http.wire -  << "Date: Sun, 07 Feb 2021 21:09:31 GMT[\r][\n]"
22:09:31.557 [main] DEBUG org.apache.http.wire -  << "[\r][\n]"
22:09:31.557 [main] DEBUG o.a.h.i.conn.DefaultClientConnection - Receiving response: HTTP/1.1 200 OK
22:09:31.557 [main] DEBUG org.apache.http.headers - << HTTP/1.1 200 OK
22:09:31.557 [main] DEBUG org.apache.http.headers - << Server: Apache-Coyote/1.1
22:09:31.557 [main] DEBUG org.apache.http.headers - << Content-Type: text/plain;charset=UTF-8
22:09:31.557 [main] DEBUG org.apache.http.headers - << Content-Length: 6
22:09:31.557 [main] DEBUG org.apache.http.headers - << Date: Sun, 07 Feb 2021 21:09:31 GMT
22:09:31.557 [main] DEBUG o.a.h.impl.client.DefaultHttpClient - Connection can be kept alive indefinitely
22:09:31.557 [main] DEBUG i.r.i.RequestSpecificationImpl$RestAssuredHttpBuilder - Parsing response as: text/plain;charset=UTF-8
22:09:31.557 [main] DEBUG i.r.i.RequestSpecificationImpl$RestAssuredHttpBuilder - Parsed data to instance of: class org.apache.http.conn.EofSensorInputStream
22:09:31.557 [main] DEBUG org.apache.http.wire -  << "a:1500"
22:09:31.557 [main] DEBUG o.a.h.i.c.BasicClientConnectionManager - Releasing connection org.apache.http.impl.conn.ManagedClientConnectionImpl@d88f893
22:09:31.557 [main] DEBUG o.a.h.i.c.BasicClientConnectionManager - Connection can be kept alive indefinitely
22:09:31.559 [main] DEBUG o.a.h.i.c.BasicClientConnectionManager - Get connection for route {}->http://localhost:8080
22:09:31.559 [main] DEBUG o.a.h.i.c.DefaultClientConnectionOperator - Connecting to localhost:8080
22:09:31.560 [main] DEBUG o.a.h.c.protocol.RequestAddCookies - CookieSpec selected: ignoreCookies
22:09:31.560 [main] DEBUG o.a.h.c.protocol.RequestAuthCache - Auth cache not set in the context
22:09:31.560 [main] DEBUG o.a.h.c.p.RequestTargetAuthentication - Target auth state: UNCHALLENGED
22:09:31.560 [main] DEBUG o.a.h.c.p.RequestProxyAuthentication - Proxy auth state: UNCHALLENGED
22:09:31.560 [main] DEBUG o.a.h.impl.client.DefaultHttpClient - Attempt 1 to execute request
22:09:31.560 [main] DEBUG o.a.h.i.conn.DefaultClientConnection - Sending request: GET /1?a=10&b=6&c=3 HTTP/1.1
22:09:31.560 [main] DEBUG org.apache.http.wire -  >> "GET /1?a=10&b=6&c=3 HTTP/1.1[\r][\n]"
22:09:31.560 [main] DEBUG org.apache.http.wire -  >> "Accept: */*[\r][\n]"
22:09:31.560 [main] DEBUG org.apache.http.wire -  >> "Host: localhost:8080[\r][\n]"
22:09:31.560 [main] DEBUG org.apache.http.wire -  >> "Connection: Keep-Alive[\r][\n]"
22:09:31.560 [main] DEBUG org.apache.http.wire -  >> "User-Agent: Apache-HttpClient/4.5.3 (Java/13.0.5.1)[\r][\n]"
22:09:31.560 [main] DEBUG org.apache.http.wire -  >> "Accept-Encoding: gzip,deflate[\r][\n]"
22:09:31.560 [main] DEBUG org.apache.http.wire -  >> "[\r][\n]"
22:09:31.560 [main] DEBUG org.apache.http.headers - >> GET /1?a=10&b=6&c=3 HTTP/1.1
22:09:31.560 [main] DEBUG org.apache.http.headers - >> Accept: */*
22:09:31.560 [main] DEBUG org.apache.http.headers - >> Host: localhost:8080
22:09:31.560 [main] DEBUG org.apache.http.headers - >> Connection: Keep-Alive
22:09:31.560 [main] DEBUG org.apache.http.headers - >> User-Agent: Apache-HttpClient/4.5.3 (Java/13.0.5.1)
22:09:31.560 [main] DEBUG org.apache.http.headers - >> Accept-Encoding: gzip,deflate
22:09:31.576 [main] DEBUG org.apache.http.wire -  << "HTTP/1.1 200 OK[\r][\n]"
22:09:31.576 [main] DEBUG org.apache.http.wire -  << "Server: Apache-Coyote/1.1[\r][\n]"
22:09:31.576 [main] DEBUG org.apache.http.wire -  << "Content-Type: text/plain;charset=UTF-8[\r][\n]"
22:09:31.576 [main] DEBUG org.apache.http.wire -  << "Content-Length: 6[\r][\n]"
22:09:31.576 [main] DEBUG org.apache.http.wire -  << "Date: Sun, 07 Feb 2021 21:09:31 GMT[\r][\n]"
22:09:31.576 [main] DEBUG org.apache.http.wire -  << "[\r][\n]"
22:09:31.576 [main] DEBUG o.a.h.i.conn.DefaultClientConnection - Receiving response: HTTP/1.1 200 OK
22:09:31.576 [main] DEBUG org.apache.http.headers - << HTTP/1.1 200 OK
22:09:31.576 [main] DEBUG org.apache.http.headers - << Server: Apache-Coyote/1.1
22:09:31.576 [main] DEBUG org.apache.http.headers - << Content-Type: text/plain;charset=UTF-8
22:09:31.576 [main] DEBUG org.apache.http.headers - << Content-Length: 6
22:09:31.576 [main] DEBUG org.apache.http.headers - << Date: Sun, 07 Feb 2021 21:09:31 GMT
22:09:31.577 [main] DEBUG o.a.h.impl.client.DefaultHttpClient - Connection can be kept alive indefinitely
22:09:31.577 [main] DEBUG i.r.i.RequestSpecificationImpl$RestAssuredHttpBuilder - Parsing response as: text/plain;charset=UTF-8
22:09:31.577 [main] DEBUG i.r.i.RequestSpecificationImpl$RestAssuredHttpBuilder - Parsed data to instance of: class org.apache.http.conn.EofSensorInputStream
22:09:31.577 [main] DEBUG org.apache.http.wire -  << "a:1500"
22:09:31.577 [main] DEBUG o.a.h.i.c.BasicClientConnectionManager - Releasing connection org.apache.http.impl.conn.ManagedClientConnectionImpl@488f3dd1
22:09:31.577 [main] DEBUG o.a.h.i.c.BasicClientConnectionManager - Connection can be kept alive indefinitely
str = aaaaaaaaaaaaaaaaaaaaaaaaaaaaaaaaaaaaaaaaaaaaaaaaaa
]]></system-out>
  </testcase>
  <testcase name="GET the winner and verify - 3 Same Highest Bids - 3 Query Parameters - Verify Random Selection #2" classname="User should be able to get the winner" time="1.157">
    <failure message="Verify that bidder is chosen randomly as b or c or a" type="java.lang.AssertionError">java.lang.AssertionError: Verify that bidder is chosen randomly as b or c or a
</failure>
    <system-out><![CDATA[22:09:31.590 [main] DEBUG o.a.h.i.c.BasicClientConnectionManager - Get connection for route {}->http://localhost:8080
22:09:31.590 [main] DEBUG o.a.h.i.c.DefaultClientConnectionOperator - Connecting to localhost:8080
22:09:31.590 [main] DEBUG o.a.h.c.protocol.RequestAddCookies - CookieSpec selected: ignoreCookies
22:09:31.590 [main] DEBUG o.a.h.c.protocol.RequestAuthCache - Auth cache not set in the context
22:09:31.590 [main] DEBUG o.a.h.c.p.RequestTargetAuthentication - Target auth state: UNCHALLENGED
22:09:31.591 [main] DEBUG o.a.h.c.p.RequestProxyAuthentication - Proxy auth state: UNCHALLENGED
22:09:31.591 [main] DEBUG o.a.h.impl.client.DefaultHttpClient - Attempt 1 to execute request
22:09:31.591 [main] DEBUG o.a.h.i.conn.DefaultClientConnection - Sending request: GET /2?b=12&c=6&a=20 HTTP/1.1
22:09:31.591 [main] DEBUG org.apache.http.wire -  >> "GET /2?b=12&c=6&a=20 HTTP/1.1[\r][\n]"
22:09:31.591 [main] DEBUG org.apache.http.wire -  >> "Accept: */*[\r][\n]"
22:09:31.591 [main] DEBUG org.apache.http.wire -  >> "Host: localhost:8080[\r][\n]"
22:09:31.591 [main] DEBUG org.apache.http.wire -  >> "Connection: Keep-Alive[\r][\n]"
22:09:31.591 [main] DEBUG org.apache.http.wire -  >> "User-Agent: Apache-HttpClient/4.5.3 (Java/13.0.5.1)[\r][\n]"
22:09:31.591 [main] DEBUG org.apache.http.wire -  >> "Accept-Encoding: gzip,deflate[\r][\n]"
22:09:31.591 [main] DEBUG org.apache.http.wire -  >> "[\r][\n]"
22:09:31.591 [main] DEBUG org.apache.http.headers - >> GET /2?b=12&c=6&a=20 HTTP/1.1
22:09:31.591 [main] DEBUG org.apache.http.headers - >> Accept: */*
22:09:31.591 [main] DEBUG org.apache.http.headers - >> Host: localhost:8080
22:09:31.591 [main] DEBUG org.apache.http.headers - >> Connection: Keep-Alive
22:09:31.591 [main] DEBUG org.apache.http.headers - >> User-Agent: Apache-HttpClient/4.5.3 (Java/13.0.5.1)
22:09:31.591 [main] DEBUG org.apache.http.headers - >> Accept-Encoding: gzip,deflate
22:09:31.607 [main] DEBUG org.apache.http.wire -  << "HTTP/1.1 200 OK[\r][\n]"
22:09:31.607 [main] DEBUG org.apache.http.wire -  << "Server: Apache-Coyote/1.1[\r][\n]"
22:09:31.607 [main] DEBUG org.apache.http.wire -  << "Content-Type: text/plain;charset=UTF-8[\r][\n]"
22:09:31.607 [main] DEBUG org.apache.http.wire -  << "Content-Length: 6[\r][\n]"
22:09:31.607 [main] DEBUG org.apache.http.wire -  << "Date: Sun, 07 Feb 2021 21:09:31 GMT[\r][\n]"
22:09:31.607 [main] DEBUG org.apache.http.wire -  << "[\r][\n]"
22:09:31.607 [main] DEBUG o.a.h.i.conn.DefaultClientConnection - Receiving response: HTTP/1.1 200 OK
22:09:31.607 [main] DEBUG org.apache.http.headers - << HTTP/1.1 200 OK
22:09:31.607 [main] DEBUG org.apache.http.headers - << Server: Apache-Coyote/1.1
22:09:31.607 [main] DEBUG org.apache.http.headers - << Content-Type: text/plain;charset=UTF-8
22:09:31.607 [main] DEBUG org.apache.http.headers - << Content-Length: 6
22:09:31.607 [main] DEBUG org.apache.http.headers - << Date: Sun, 07 Feb 2021 21:09:31 GMT
22:09:31.607 [main] DEBUG o.a.h.impl.client.DefaultHttpClient - Connection can be kept alive indefinitely
22:09:31.607 [main] DEBUG i.r.i.RequestSpecificationImpl$RestAssuredHttpBuilder - Parsing response as: text/plain;charset=UTF-8
22:09:31.607 [main] DEBUG i.r.i.RequestSpecificationImpl$RestAssuredHttpBuilder - Parsed data to instance of: class org.apache.http.conn.EofSensorInputStream
22:09:31.608 [main] DEBUG org.apache.http.wire -  << "a:3000"
22:09:31.608 [main] DEBUG o.a.h.i.c.BasicClientConnectionManager - Releasing connection org.apache.http.impl.conn.ManagedClientConnectionImpl@554188ac
22:09:31.608 [main] DEBUG o.a.h.i.c.BasicClientConnectionManager - Connection can be kept alive indefinitely
22:09:31.612 [main] DEBUG o.a.h.i.c.BasicClientConnectionManager - Get connection for route {}->http://localhost:8080
22:09:31.612 [main] DEBUG o.a.h.i.c.DefaultClientConnectionOperator - Connecting to localhost:8080
22:09:31.613 [main] DEBUG o.a.h.c.protocol.RequestAddCookies - CookieSpec selected: ignoreCookies
22:09:31.613 [main] DEBUG o.a.h.c.protocol.RequestAuthCache - Auth cache not set in the context
22:09:31.613 [main] DEBUG o.a.h.c.p.RequestTargetAuthentication - Target auth state: UNCHALLENGED
22:09:31.613 [main] DEBUG o.a.h.c.p.RequestProxyAuthentication - Proxy auth state: UNCHALLENGED
22:09:31.613 [main] DEBUG o.a.h.impl.client.DefaultHttpClient - Attempt 1 to execute request
22:09:31.613 [main] DEBUG o.a.h.i.conn.DefaultClientConnection - Sending request: GET /2?b=12&c=6&a=20 HTTP/1.1
22:09:31.613 [main] DEBUG org.apache.http.wire -  >> "GET /2?b=12&c=6&a=20 HTTP/1.1[\r][\n]"
22:09:31.613 [main] DEBUG org.apache.http.wire -  >> "Accept: */*[\r][\n]"
22:09:31.613 [main] DEBUG org.apache.http.wire -  >> "Host: localhost:8080[\r][\n]"
22:09:31.613 [main] DEBUG org.apache.http.wire -  >> "Connection: Keep-Alive[\r][\n]"
22:09:31.613 [main] DEBUG org.apache.http.wire -  >> "User-Agent: Apache-HttpClient/4.5.3 (Java/13.0.5.1)[\r][\n]"
22:09:31.613 [main] DEBUG org.apache.http.wire -  >> "Accept-Encoding: gzip,deflate[\r][\n]"
22:09:31.613 [main] DEBUG org.apache.http.wire -  >> "[\r][\n]"
22:09:31.613 [main] DEBUG org.apache.http.headers - >> GET /2?b=12&c=6&a=20 HTTP/1.1
22:09:31.613 [main] DEBUG org.apache.http.headers - >> Accept: */*
22:09:31.613 [main] DEBUG org.apache.http.headers - >> Host: localhost:8080
22:09:31.613 [main] DEBUG org.apache.http.headers - >> Connection: Keep-Alive
22:09:31.613 [main] DEBUG org.apache.http.headers - >> User-Agent: Apache-HttpClient/4.5.3 (Java/13.0.5.1)
22:09:31.613 [main] DEBUG org.apache.http.headers - >> Accept-Encoding: gzip,deflate
22:09:31.633 [main] DEBUG org.apache.http.wire -  << "HTTP/1.1 200 OK[\r][\n]"
22:09:31.633 [main] DEBUG org.apache.http.wire -  << "Server: Apache-Coyote/1.1[\r][\n]"
22:09:31.633 [main] DEBUG org.apache.http.wire -  << "Content-Type: text/plain;charset=UTF-8[\r][\n]"
22:09:31.633 [main] DEBUG org.apache.http.wire -  << "Content-Length: 6[\r][\n]"
22:09:31.633 [main] DEBUG org.apache.http.wire -  << "Date: Sun, 07 Feb 2021 21:09:31 GMT[\r][\n]"
22:09:31.633 [main] DEBUG org.apache.http.wire -  << "[\r][\n]"
22:09:31.633 [main] DEBUG o.a.h.i.conn.DefaultClientConnection - Receiving response: HTTP/1.1 200 OK
22:09:31.633 [main] DEBUG org.apache.http.headers - << HTTP/1.1 200 OK
22:09:31.633 [main] DEBUG org.apache.http.headers - << Server: Apache-Coyote/1.1
22:09:31.633 [main] DEBUG org.apache.http.headers - << Content-Type: text/plain;charset=UTF-8
22:09:31.633 [main] DEBUG org.apache.http.headers - << Content-Length: 6
22:09:31.634 [main] DEBUG org.apache.http.headers - << Date: Sun, 07 Feb 2021 21:09:31 GMT
22:09:31.634 [main] DEBUG o.a.h.impl.client.DefaultHttpClient - Connection can be kept alive indefinitely
22:09:31.634 [main] DEBUG i.r.i.RequestSpecificationImpl$RestAssuredHttpBuilder - Parsing response as: text/plain;charset=UTF-8
22:09:31.634 [main] DEBUG i.r.i.RequestSpecificationImpl$RestAssuredHttpBuilder - Parsed data to instance of: class org.apache.http.conn.EofSensorInputStream
22:09:31.634 [main] DEBUG org.apache.http.wire -  << "a:3000"
22:09:31.634 [main] DEBUG o.a.h.i.c.BasicClientConnectionManager - Releasing connection org.apache.http.impl.conn.ManagedClientConnectionImpl@2668c286
22:09:31.634 [main] DEBUG o.a.h.i.c.BasicClientConnectionManager - Connection can be kept alive indefinitely
22:09:31.638 [main] DEBUG o.a.h.i.c.BasicClientConnectionManager - Get connection for route {}->http://localhost:8080
22:09:31.639 [main] DEBUG o.a.h.i.c.DefaultClientConnectionOperator - Connecting to localhost:8080
22:09:31.639 [main] DEBUG o.a.h.c.protocol.RequestAddCookies - CookieSpec selected: ignoreCookies
22:09:31.640 [main] DEBUG o.a.h.c.protocol.RequestAuthCache - Auth cache not set in the context
22:09:31.640 [main] DEBUG o.a.h.c.p.RequestTargetAuthentication - Target auth state: UNCHALLENGED
22:09:31.640 [main] DEBUG o.a.h.c.p.RequestProxyAuthentication - Proxy auth state: UNCHALLENGED
22:09:31.640 [main] DEBUG o.a.h.impl.client.DefaultHttpClient - Attempt 1 to execute request
22:09:31.640 [main] DEBUG o.a.h.i.conn.DefaultClientConnection - Sending request: GET /2?b=12&c=6&a=20 HTTP/1.1
22:09:31.640 [main] DEBUG org.apache.http.wire -  >> "GET /2?b=12&c=6&a=20 HTTP/1.1[\r][\n]"
22:09:31.640 [main] DEBUG org.apache.http.wire -  >> "Accept: */*[\r][\n]"
22:09:31.640 [main] DEBUG org.apache.http.wire -  >> "Host: localhost:8080[\r][\n]"
22:09:31.640 [main] DEBUG org.apache.http.wire -  >> "Connection: Keep-Alive[\r][\n]"
22:09:31.640 [main] DEBUG org.apache.http.wire -  >> "User-Agent: Apache-HttpClient/4.5.3 (Java/13.0.5.1)[\r][\n]"
22:09:31.640 [main] DEBUG org.apache.http.wire -  >> "Accept-Encoding: gzip,deflate[\r][\n]"
22:09:31.640 [main] DEBUG org.apache.http.wire -  >> "[\r][\n]"
22:09:31.640 [main] DEBUG org.apache.http.headers - >> GET /2?b=12&c=6&a=20 HTTP/1.1
22:09:31.640 [main] DEBUG org.apache.http.headers - >> Accept: */*
22:09:31.640 [main] DEBUG org.apache.http.headers - >> Host: localhost:8080
22:09:31.640 [main] DEBUG org.apache.http.headers - >> Connection: Keep-Alive
22:09:31.640 [main] DEBUG org.apache.http.headers - >> User-Agent: Apache-HttpClient/4.5.3 (Java/13.0.5.1)
22:09:31.640 [main] DEBUG org.apache.http.headers - >> Accept-Encoding: gzip,deflate
22:09:31.657 [main] DEBUG org.apache.http.wire -  << "HTTP/1.1 200 OK[\r][\n]"
22:09:31.658 [main] DEBUG org.apache.http.wire -  << "Server: Apache-Coyote/1.1[\r][\n]"
22:09:31.658 [main] DEBUG org.apache.http.wire -  << "Content-Type: text/plain;charset=UTF-8[\r][\n]"
22:09:31.658 [main] DEBUG org.apache.http.wire -  << "Content-Length: 6[\r][\n]"
22:09:31.658 [main] DEBUG org.apache.http.wire -  << "Date: Sun, 07 Feb 2021 21:09:31 GMT[\r][\n]"
22:09:31.658 [main] DEBUG org.apache.http.wire -  << "[\r][\n]"
22:09:31.658 [main] DEBUG o.a.h.i.conn.DefaultClientConnection - Receiving response: HTTP/1.1 200 OK
22:09:31.658 [main] DEBUG org.apache.http.headers - << HTTP/1.1 200 OK
22:09:31.658 [main] DEBUG org.apache.http.headers - << Server: Apache-Coyote/1.1
22:09:31.658 [main] DEBUG org.apache.http.headers - << Content-Type: text/plain;charset=UTF-8
22:09:31.658 [main] DEBUG org.apache.http.headers - << Content-Length: 6
22:09:31.658 [main] DEBUG org.apache.http.headers - << Date: Sun, 07 Feb 2021 21:09:31 GMT
22:09:31.658 [main] DEBUG o.a.h.impl.client.DefaultHttpClient - Connection can be kept alive indefinitely
22:09:31.658 [main] DEBUG i.r.i.RequestSpecificationImpl$RestAssuredHttpBuilder - Parsing response as: text/plain;charset=UTF-8
22:09:31.658 [main] DEBUG i.r.i.RequestSpecificationImpl$RestAssuredHttpBuilder - Parsed data to instance of: class org.apache.http.conn.EofSensorInputStream
22:09:31.658 [main] DEBUG org.apache.http.wire -  << "a:3000"
22:09:31.658 [main] DEBUG o.a.h.i.c.BasicClientConnectionManager - Releasing connection org.apache.http.impl.conn.ManagedClientConnectionImpl@1c93b51e
22:09:31.658 [main] DEBUG o.a.h.i.c.BasicClientConnectionManager - Connection can be kept alive indefinitely
22:09:31.660 [main] DEBUG o.a.h.i.c.BasicClientConnectionManager - Get connection for route {}->http://localhost:8080
22:09:31.661 [main] DEBUG o.a.h.i.c.DefaultClientConnectionOperator - Connecting to localhost:8080
22:09:31.661 [main] DEBUG o.a.h.c.protocol.RequestAddCookies - CookieSpec selected: ignoreCookies
22:09:31.661 [main] DEBUG o.a.h.c.protocol.RequestAuthCache - Auth cache not set in the context
22:09:31.661 [main] DEBUG o.a.h.c.p.RequestTargetAuthentication - Target auth state: UNCHALLENGED
22:09:31.661 [main] DEBUG o.a.h.c.p.RequestProxyAuthentication - Proxy auth state: UNCHALLENGED
22:09:31.661 [main] DEBUG o.a.h.impl.client.DefaultHttpClient - Attempt 1 to execute request
22:09:31.661 [main] DEBUG o.a.h.i.conn.DefaultClientConnection - Sending request: GET /2?b=12&c=6&a=20 HTTP/1.1
22:09:31.661 [main] DEBUG org.apache.http.wire -  >> "GET /2?b=12&c=6&a=20 HTTP/1.1[\r][\n]"
22:09:31.661 [main] DEBUG org.apache.http.wire -  >> "Accept: */*[\r][\n]"
22:09:31.661 [main] DEBUG org.apache.http.wire -  >> "Host: localhost:8080[\r][\n]"
22:09:31.661 [main] DEBUG org.apache.http.wire -  >> "Connection: Keep-Alive[\r][\n]"
22:09:31.661 [main] DEBUG org.apache.http.wire -  >> "User-Agent: Apache-HttpClient/4.5.3 (Java/13.0.5.1)[\r][\n]"
22:09:31.661 [main] DEBUG org.apache.http.wire -  >> "Accept-Encoding: gzip,deflate[\r][\n]"
22:09:31.661 [main] DEBUG org.apache.http.wire -  >> "[\r][\n]"
22:09:31.661 [main] DEBUG org.apache.http.headers - >> GET /2?b=12&c=6&a=20 HTTP/1.1
22:09:31.661 [main] DEBUG org.apache.http.headers - >> Accept: */*
22:09:31.661 [main] DEBUG org.apache.http.headers - >> Host: localhost:8080
22:09:31.661 [main] DEBUG org.apache.http.headers - >> Connection: Keep-Alive
22:09:31.661 [main] DEBUG org.apache.http.headers - >> User-Agent: Apache-HttpClient/4.5.3 (Java/13.0.5.1)
22:09:31.661 [main] DEBUG org.apache.http.headers - >> Accept-Encoding: gzip,deflate
22:09:31.678 [main] DEBUG org.apache.http.wire -  << "HTTP/1.1 200 OK[\r][\n]"
22:09:31.678 [main] DEBUG org.apache.http.wire -  << "Server: Apache-Coyote/1.1[\r][\n]"
22:09:31.678 [main] DEBUG org.apache.http.wire -  << "Content-Type: text/plain;charset=UTF-8[\r][\n]"
22:09:31.678 [main] DEBUG org.apache.http.wire -  << "Content-Length: 6[\r][\n]"
22:09:31.678 [main] DEBUG org.apache.http.wire -  << "Date: Sun, 07 Feb 2021 21:09:31 GMT[\r][\n]"
22:09:31.678 [main] DEBUG org.apache.http.wire -  << "[\r][\n]"
22:09:31.678 [main] DEBUG o.a.h.i.conn.DefaultClientConnection - Receiving response: HTTP/1.1 200 OK
22:09:31.678 [main] DEBUG org.apache.http.headers - << HTTP/1.1 200 OK
22:09:31.678 [main] DEBUG org.apache.http.headers - << Server: Apache-Coyote/1.1
22:09:31.678 [main] DEBUG org.apache.http.headers - << Content-Type: text/plain;charset=UTF-8
22:09:31.678 [main] DEBUG org.apache.http.headers - << Content-Length: 6
22:09:31.678 [main] DEBUG org.apache.http.headers - << Date: Sun, 07 Feb 2021 21:09:31 GMT
22:09:31.679 [main] DEBUG o.a.h.impl.client.DefaultHttpClient - Connection can be kept alive indefinitely
22:09:31.679 [main] DEBUG i.r.i.RequestSpecificationImpl$RestAssuredHttpBuilder - Parsing response as: text/plain;charset=UTF-8
22:09:31.679 [main] DEBUG i.r.i.RequestSpecificationImpl$RestAssuredHttpBuilder - Parsed data to instance of: class org.apache.http.conn.EofSensorInputStream
22:09:31.680 [main] DEBUG org.apache.http.wire -  << "a:3000"
22:09:31.680 [main] DEBUG o.a.h.i.c.BasicClientConnectionManager - Releasing connection org.apache.http.impl.conn.ManagedClientConnectionImpl@467b0f6e
22:09:31.680 [main] DEBUG o.a.h.i.c.BasicClientConnectionManager - Connection can be kept alive indefinitely
22:09:31.684 [main] DEBUG o.a.h.i.c.BasicClientConnectionManager - Get connection for route {}->http://localhost:8080
22:09:31.684 [main] DEBUG o.a.h.i.c.DefaultClientConnectionOperator - Connecting to localhost:8080
22:09:31.684 [main] DEBUG o.a.h.c.protocol.RequestAddCookies - CookieSpec selected: ignoreCookies
22:09:31.684 [main] DEBUG o.a.h.c.protocol.RequestAuthCache - Auth cache not set in the context
22:09:31.684 [main] DEBUG o.a.h.c.p.RequestTargetAuthentication - Target auth state: UNCHALLENGED
22:09:31.684 [main] DEBUG o.a.h.c.p.RequestProxyAuthentication - Proxy auth state: UNCHALLENGED
22:09:31.684 [main] DEBUG o.a.h.impl.client.DefaultHttpClient - Attempt 1 to execute request
22:09:31.684 [main] DEBUG o.a.h.i.conn.DefaultClientConnection - Sending request: GET /2?b=12&c=6&a=20 HTTP/1.1
22:09:31.684 [main] DEBUG org.apache.http.wire -  >> "GET /2?b=12&c=6&a=20 HTTP/1.1[\r][\n]"
22:09:31.684 [main] DEBUG org.apache.http.wire -  >> "Accept: */*[\r][\n]"
22:09:31.684 [main] DEBUG org.apache.http.wire -  >> "Host: localhost:8080[\r][\n]"
22:09:31.684 [main] DEBUG org.apache.http.wire -  >> "Connection: Keep-Alive[\r][\n]"
22:09:31.684 [main] DEBUG org.apache.http.wire -  >> "User-Agent: Apache-HttpClient/4.5.3 (Java/13.0.5.1)[\r][\n]"
22:09:31.684 [main] DEBUG org.apache.http.wire -  >> "Accept-Encoding: gzip,deflate[\r][\n]"
22:09:31.684 [main] DEBUG org.apache.http.wire -  >> "[\r][\n]"
22:09:31.684 [main] DEBUG org.apache.http.headers - >> GET /2?b=12&c=6&a=20 HTTP/1.1
22:09:31.684 [main] DEBUG org.apache.http.headers - >> Accept: */*
22:09:31.684 [main] DEBUG org.apache.http.headers - >> Host: localhost:8080
22:09:31.684 [main] DEBUG org.apache.http.headers - >> Connection: Keep-Alive
22:09:31.684 [main] DEBUG org.apache.http.headers - >> User-Agent: Apache-HttpClient/4.5.3 (Java/13.0.5.1)
22:09:31.684 [main] DEBUG org.apache.http.headers - >> Accept-Encoding: gzip,deflate
22:09:31.703 [main] DEBUG org.apache.http.wire -  << "HTTP/1.1 200 OK[\r][\n]"
22:09:31.703 [main] DEBUG org.apache.http.wire -  << "Server: Apache-Coyote/1.1[\r][\n]"
22:09:31.703 [main] DEBUG org.apache.http.wire -  << "Content-Type: text/plain;charset=UTF-8[\r][\n]"
22:09:31.703 [main] DEBUG org.apache.http.wire -  << "Content-Length: 6[\r][\n]"
22:09:31.703 [main] DEBUG org.apache.http.wire -  << "Date: Sun, 07 Feb 2021 21:09:31 GMT[\r][\n]"
22:09:31.703 [main] DEBUG org.apache.http.wire -  << "[\r][\n]"
22:09:31.703 [main] DEBUG o.a.h.i.conn.DefaultClientConnection - Receiving response: HTTP/1.1 200 OK
22:09:31.703 [main] DEBUG org.apache.http.headers - << HTTP/1.1 200 OK
22:09:31.703 [main] DEBUG org.apache.http.headers - << Server: Apache-Coyote/1.1
22:09:31.703 [main] DEBUG org.apache.http.headers - << Content-Type: text/plain;charset=UTF-8
22:09:31.703 [main] DEBUG org.apache.http.headers - << Content-Length: 6
22:09:31.703 [main] DEBUG org.apache.http.headers - << Date: Sun, 07 Feb 2021 21:09:31 GMT
22:09:31.703 [main] DEBUG o.a.h.impl.client.DefaultHttpClient - Connection can be kept alive indefinitely
22:09:31.703 [main] DEBUG i.r.i.RequestSpecificationImpl$RestAssuredHttpBuilder - Parsing response as: text/plain;charset=UTF-8
22:09:31.703 [main] DEBUG i.r.i.RequestSpecificationImpl$RestAssuredHttpBuilder - Parsed data to instance of: class org.apache.http.conn.EofSensorInputStream
22:09:31.703 [main] DEBUG org.apache.http.wire -  << "a:3000"
22:09:31.703 [main] DEBUG o.a.h.i.c.BasicClientConnectionManager - Releasing connection org.apache.http.impl.conn.ManagedClientConnectionImpl@c7f4457
22:09:31.703 [main] DEBUG o.a.h.i.c.BasicClientConnectionManager - Connection can be kept alive indefinitely
22:09:31.705 [main] DEBUG o.a.h.i.c.BasicClientConnectionManager - Get connection for route {}->http://localhost:8080
22:09:31.705 [main] DEBUG o.a.h.i.c.DefaultClientConnectionOperator - Connecting to localhost:8080
22:09:31.706 [main] DEBUG o.a.h.c.protocol.RequestAddCookies - CookieSpec selected: ignoreCookies
22:09:31.706 [main] DEBUG o.a.h.c.protocol.RequestAuthCache - Auth cache not set in the context
22:09:31.706 [main] DEBUG o.a.h.c.p.RequestTargetAuthentication - Target auth state: UNCHALLENGED
22:09:31.706 [main] DEBUG o.a.h.c.p.RequestProxyAuthentication - Proxy auth state: UNCHALLENGED
22:09:31.706 [main] DEBUG o.a.h.impl.client.DefaultHttpClient - Attempt 1 to execute request
22:09:31.706 [main] DEBUG o.a.h.i.conn.DefaultClientConnection - Sending request: GET /2?b=12&c=6&a=20 HTTP/1.1
22:09:31.706 [main] DEBUG org.apache.http.wire -  >> "GET /2?b=12&c=6&a=20 HTTP/1.1[\r][\n]"
22:09:31.706 [main] DEBUG org.apache.http.wire -  >> "Accept: */*[\r][\n]"
22:09:31.706 [main] DEBUG org.apache.http.wire -  >> "Host: localhost:8080[\r][\n]"
22:09:31.706 [main] DEBUG org.apache.http.wire -  >> "Connection: Keep-Alive[\r][\n]"
22:09:31.706 [main] DEBUG org.apache.http.wire -  >> "User-Agent: Apache-HttpClient/4.5.3 (Java/13.0.5.1)[\r][\n]"
22:09:31.706 [main] DEBUG org.apache.http.wire -  >> "Accept-Encoding: gzip,deflate[\r][\n]"
22:09:31.706 [main] DEBUG org.apache.http.wire -  >> "[\r][\n]"
22:09:31.706 [main] DEBUG org.apache.http.headers - >> GET /2?b=12&c=6&a=20 HTTP/1.1
22:09:31.706 [main] DEBUG org.apache.http.headers - >> Accept: */*
22:09:31.706 [main] DEBUG org.apache.http.headers - >> Host: localhost:8080
22:09:31.706 [main] DEBUG org.apache.http.headers - >> Connection: Keep-Alive
22:09:31.706 [main] DEBUG org.apache.http.headers - >> User-Agent: Apache-HttpClient/4.5.3 (Java/13.0.5.1)
22:09:31.706 [main] DEBUG org.apache.http.headers - >> Accept-Encoding: gzip,deflate
22:09:31.722 [main] DEBUG org.apache.http.wire -  << "HTTP/1.1 200 OK[\r][\n]"
22:09:31.722 [main] DEBUG org.apache.http.wire -  << "Server: Apache-Coyote/1.1[\r][\n]"
22:09:31.722 [main] DEBUG org.apache.http.wire -  << "Content-Type: text/plain;charset=UTF-8[\r][\n]"
22:09:31.722 [main] DEBUG org.apache.http.wire -  << "Content-Length: 6[\r][\n]"
22:09:31.722 [main] DEBUG org.apache.http.wire -  << "Date: Sun, 07 Feb 2021 21:09:31 GMT[\r][\n]"
22:09:31.722 [main] DEBUG org.apache.http.wire -  << "[\r][\n]"
22:09:31.722 [main] DEBUG o.a.h.i.conn.DefaultClientConnection - Receiving response: HTTP/1.1 200 OK
22:09:31.722 [main] DEBUG org.apache.http.headers - << HTTP/1.1 200 OK
22:09:31.722 [main] DEBUG org.apache.http.headers - << Server: Apache-Coyote/1.1
22:09:31.722 [main] DEBUG org.apache.http.headers - << Content-Type: text/plain;charset=UTF-8
22:09:31.722 [main] DEBUG org.apache.http.headers - << Content-Length: 6
22:09:31.722 [main] DEBUG org.apache.http.headers - << Date: Sun, 07 Feb 2021 21:09:31 GMT
22:09:31.722 [main] DEBUG o.a.h.impl.client.DefaultHttpClient - Connection can be kept alive indefinitely
22:09:31.722 [main] DEBUG i.r.i.RequestSpecificationImpl$RestAssuredHttpBuilder - Parsing response as: text/plain;charset=UTF-8
22:09:31.722 [main] DEBUG i.r.i.RequestSpecificationImpl$RestAssuredHttpBuilder - Parsed data to instance of: class org.apache.http.conn.EofSensorInputStream
22:09:31.723 [main] DEBUG org.apache.http.wire -  << "a:3000"
22:09:31.723 [main] DEBUG o.a.h.i.c.BasicClientConnectionManager - Releasing connection org.apache.http.impl.conn.ManagedClientConnectionImpl@7a8341c1
22:09:31.723 [main] DEBUG o.a.h.i.c.BasicClientConnectionManager - Connection can be kept alive indefinitely
22:09:31.725 [main] DEBUG o.a.h.i.c.BasicClientConnectionManager - Get connection for route {}->http://localhost:8080
22:09:31.725 [main] DEBUG o.a.h.i.c.DefaultClientConnectionOperator - Connecting to localhost:8080
22:09:31.725 [main] DEBUG o.a.h.c.protocol.RequestAddCookies - CookieSpec selected: ignoreCookies
22:09:31.725 [main] DEBUG o.a.h.c.protocol.RequestAuthCache - Auth cache not set in the context
22:09:31.725 [main] DEBUG o.a.h.c.p.RequestTargetAuthentication - Target auth state: UNCHALLENGED
22:09:31.725 [main] DEBUG o.a.h.c.p.RequestProxyAuthentication - Proxy auth state: UNCHALLENGED
22:09:31.725 [main] DEBUG o.a.h.impl.client.DefaultHttpClient - Attempt 1 to execute request
22:09:31.725 [main] DEBUG o.a.h.i.conn.DefaultClientConnection - Sending request: GET /2?b=12&c=6&a=20 HTTP/1.1
22:09:31.725 [main] DEBUG org.apache.http.wire -  >> "GET /2?b=12&c=6&a=20 HTTP/1.1[\r][\n]"
22:09:31.725 [main] DEBUG org.apache.http.wire -  >> "Accept: */*[\r][\n]"
22:09:31.725 [main] DEBUG org.apache.http.wire -  >> "Host: localhost:8080[\r][\n]"
22:09:31.725 [main] DEBUG org.apache.http.wire -  >> "Connection: Keep-Alive[\r][\n]"
22:09:31.725 [main] DEBUG org.apache.http.wire -  >> "User-Agent: Apache-HttpClient/4.5.3 (Java/13.0.5.1)[\r][\n]"
22:09:31.725 [main] DEBUG org.apache.http.wire -  >> "Accept-Encoding: gzip,deflate[\r][\n]"
22:09:31.725 [main] DEBUG org.apache.http.wire -  >> "[\r][\n]"
22:09:31.725 [main] DEBUG org.apache.http.headers - >> GET /2?b=12&c=6&a=20 HTTP/1.1
22:09:31.725 [main] DEBUG org.apache.http.headers - >> Accept: */*
22:09:31.725 [main] DEBUG org.apache.http.headers - >> Host: localhost:8080
22:09:31.725 [main] DEBUG org.apache.http.headers - >> Connection: Keep-Alive
22:09:31.725 [main] DEBUG org.apache.http.headers - >> User-Agent: Apache-HttpClient/4.5.3 (Java/13.0.5.1)
22:09:31.725 [main] DEBUG org.apache.http.headers - >> Accept-Encoding: gzip,deflate
22:09:31.743 [main] DEBUG org.apache.http.wire -  << "HTTP/1.1 200 OK[\r][\n]"
22:09:31.743 [main] DEBUG org.apache.http.wire -  << "Server: Apache-Coyote/1.1[\r][\n]"
22:09:31.743 [main] DEBUG org.apache.http.wire -  << "Content-Type: text/plain;charset=UTF-8[\r][\n]"
22:09:31.743 [main] DEBUG org.apache.http.wire -  << "Content-Length: 6[\r][\n]"
22:09:31.743 [main] DEBUG org.apache.http.wire -  << "Date: Sun, 07 Feb 2021 21:09:31 GMT[\r][\n]"
22:09:31.743 [main] DEBUG org.apache.http.wire -  << "[\r][\n]"
22:09:31.743 [main] DEBUG o.a.h.i.conn.DefaultClientConnection - Receiving response: HTTP/1.1 200 OK
22:09:31.743 [main] DEBUG org.apache.http.headers - << HTTP/1.1 200 OK
22:09:31.743 [main] DEBUG org.apache.http.headers - << Server: Apache-Coyote/1.1
22:09:31.743 [main] DEBUG org.apache.http.headers - << Content-Type: text/plain;charset=UTF-8
22:09:31.743 [main] DEBUG org.apache.http.headers - << Content-Length: 6
22:09:31.743 [main] DEBUG org.apache.http.headers - << Date: Sun, 07 Feb 2021 21:09:31 GMT
22:09:31.744 [main] DEBUG o.a.h.impl.client.DefaultHttpClient - Connection can be kept alive indefinitely
22:09:31.744 [main] DEBUG i.r.i.RequestSpecificationImpl$RestAssuredHttpBuilder - Parsing response as: text/plain;charset=UTF-8
22:09:31.744 [main] DEBUG i.r.i.RequestSpecificationImpl$RestAssuredHttpBuilder - Parsed data to instance of: class org.apache.http.conn.EofSensorInputStream
22:09:31.744 [main] DEBUG org.apache.http.wire -  << "a:3000"
22:09:31.744 [main] DEBUG o.a.h.i.c.BasicClientConnectionManager - Releasing connection org.apache.http.impl.conn.ManagedClientConnectionImpl@511f5b1d
22:09:31.744 [main] DEBUG o.a.h.i.c.BasicClientConnectionManager - Connection can be kept alive indefinitely
22:09:31.748 [main] DEBUG o.a.h.i.c.BasicClientConnectionManager - Get connection for route {}->http://localhost:8080
22:09:31.748 [main] DEBUG o.a.h.i.c.DefaultClientConnectionOperator - Connecting to localhost:8080
22:09:31.749 [main] DEBUG o.a.h.c.protocol.RequestAddCookies - CookieSpec selected: ignoreCookies
22:09:31.749 [main] DEBUG o.a.h.c.protocol.RequestAuthCache - Auth cache not set in the context
22:09:31.749 [main] DEBUG o.a.h.c.p.RequestTargetAuthentication - Target auth state: UNCHALLENGED
22:09:31.749 [main] DEBUG o.a.h.c.p.RequestProxyAuthentication - Proxy auth state: UNCHALLENGED
22:09:31.749 [main] DEBUG o.a.h.impl.client.DefaultHttpClient - Attempt 1 to execute request
22:09:31.749 [main] DEBUG o.a.h.i.conn.DefaultClientConnection - Sending request: GET /2?b=12&c=6&a=20 HTTP/1.1
22:09:31.749 [main] DEBUG org.apache.http.wire -  >> "GET /2?b=12&c=6&a=20 HTTP/1.1[\r][\n]"
22:09:31.749 [main] DEBUG org.apache.http.wire -  >> "Accept: */*[\r][\n]"
22:09:31.749 [main] DEBUG org.apache.http.wire -  >> "Host: localhost:8080[\r][\n]"
22:09:31.750 [main] DEBUG org.apache.http.wire -  >> "Connection: Keep-Alive[\r][\n]"
22:09:31.750 [main] DEBUG org.apache.http.wire -  >> "User-Agent: Apache-HttpClient/4.5.3 (Java/13.0.5.1)[\r][\n]"
22:09:31.750 [main] DEBUG org.apache.http.wire -  >> "Accept-Encoding: gzip,deflate[\r][\n]"
22:09:31.750 [main] DEBUG org.apache.http.wire -  >> "[\r][\n]"
22:09:31.750 [main] DEBUG org.apache.http.headers - >> GET /2?b=12&c=6&a=20 HTTP/1.1
22:09:31.750 [main] DEBUG org.apache.http.headers - >> Accept: */*
22:09:31.750 [main] DEBUG org.apache.http.headers - >> Host: localhost:8080
22:09:31.750 [main] DEBUG org.apache.http.headers - >> Connection: Keep-Alive
22:09:31.750 [main] DEBUG org.apache.http.headers - >> User-Agent: Apache-HttpClient/4.5.3 (Java/13.0.5.1)
22:09:31.750 [main] DEBUG org.apache.http.headers - >> Accept-Encoding: gzip,deflate
22:09:31.766 [main] DEBUG org.apache.http.wire -  << "HTTP/1.1 200 OK[\r][\n]"
22:09:31.766 [main] DEBUG org.apache.http.wire -  << "Server: Apache-Coyote/1.1[\r][\n]"
22:09:31.766 [main] DEBUG org.apache.http.wire -  << "Content-Type: text/plain;charset=UTF-8[\r][\n]"
22:09:31.766 [main] DEBUG org.apache.http.wire -  << "Content-Length: 6[\r][\n]"
22:09:31.766 [main] DEBUG org.apache.http.wire -  << "Date: Sun, 07 Feb 2021 21:09:31 GMT[\r][\n]"
22:09:31.766 [main] DEBUG org.apache.http.wire -  << "[\r][\n]"
22:09:31.766 [main] DEBUG o.a.h.i.conn.DefaultClientConnection - Receiving response: HTTP/1.1 200 OK
22:09:31.766 [main] DEBUG org.apache.http.headers - << HTTP/1.1 200 OK
22:09:31.766 [main] DEBUG org.apache.http.headers - << Server: Apache-Coyote/1.1
22:09:31.766 [main] DEBUG org.apache.http.headers - << Content-Type: text/plain;charset=UTF-8
22:09:31.766 [main] DEBUG org.apache.http.headers - << Content-Length: 6
22:09:31.766 [main] DEBUG org.apache.http.headers - << Date: Sun, 07 Feb 2021 21:09:31 GMT
22:09:31.767 [main] DEBUG o.a.h.impl.client.DefaultHttpClient - Connection can be kept alive indefinitely
22:09:31.767 [main] DEBUG i.r.i.RequestSpecificationImpl$RestAssuredHttpBuilder - Parsing response as: text/plain;charset=UTF-8
22:09:31.767 [main] DEBUG i.r.i.RequestSpecificationImpl$RestAssuredHttpBuilder - Parsed data to instance of: class org.apache.http.conn.EofSensorInputStream
22:09:31.767 [main] DEBUG org.apache.http.wire -  << "a:3000"
22:09:31.767 [main] DEBUG o.a.h.i.c.BasicClientConnectionManager - Releasing connection org.apache.http.impl.conn.ManagedClientConnectionImpl@4c82b5df
22:09:31.767 [main] DEBUG o.a.h.i.c.BasicClientConnectionManager - Connection can be kept alive indefinitely
22:09:31.770 [main] DEBUG o.a.h.i.c.BasicClientConnectionManager - Get connection for route {}->http://localhost:8080
22:09:31.770 [main] DEBUG o.a.h.i.c.DefaultClientConnectionOperator - Connecting to localhost:8080
22:09:31.771 [main] DEBUG o.a.h.c.protocol.RequestAddCookies - CookieSpec selected: ignoreCookies
22:09:31.771 [main] DEBUG o.a.h.c.protocol.RequestAuthCache - Auth cache not set in the context
22:09:31.771 [main] DEBUG o.a.h.c.p.RequestTargetAuthentication - Target auth state: UNCHALLENGED
22:09:31.771 [main] DEBUG o.a.h.c.p.RequestProxyAuthentication - Proxy auth state: UNCHALLENGED
22:09:31.771 [main] DEBUG o.a.h.impl.client.DefaultHttpClient - Attempt 1 to execute request
22:09:31.771 [main] DEBUG o.a.h.i.conn.DefaultClientConnection - Sending request: GET /2?b=12&c=6&a=20 HTTP/1.1
22:09:31.771 [main] DEBUG org.apache.http.wire -  >> "GET /2?b=12&c=6&a=20 HTTP/1.1[\r][\n]"
22:09:31.771 [main] DEBUG org.apache.http.wire -  >> "Accept: */*[\r][\n]"
22:09:31.771 [main] DEBUG org.apache.http.wire -  >> "Host: localhost:8080[\r][\n]"
22:09:31.771 [main] DEBUG org.apache.http.wire -  >> "Connection: Keep-Alive[\r][\n]"
22:09:31.771 [main] DEBUG org.apache.http.wire -  >> "User-Agent: Apache-HttpClient/4.5.3 (Java/13.0.5.1)[\r][\n]"
22:09:31.771 [main] DEBUG org.apache.http.wire -  >> "Accept-Encoding: gzip,deflate[\r][\n]"
22:09:31.771 [main] DEBUG org.apache.http.wire -  >> "[\r][\n]"
22:09:31.771 [main] DEBUG org.apache.http.headers - >> GET /2?b=12&c=6&a=20 HTTP/1.1
22:09:31.771 [main] DEBUG org.apache.http.headers - >> Accept: */*
22:09:31.771 [main] DEBUG org.apache.http.headers - >> Host: localhost:8080
22:09:31.771 [main] DEBUG org.apache.http.headers - >> Connection: Keep-Alive
22:09:31.771 [main] DEBUG org.apache.http.headers - >> User-Agent: Apache-HttpClient/4.5.3 (Java/13.0.5.1)
22:09:31.771 [main] DEBUG org.apache.http.headers - >> Accept-Encoding: gzip,deflate
22:09:31.790 [main] DEBUG org.apache.http.wire -  << "HTTP/1.1 200 OK[\r][\n]"
22:09:31.790 [main] DEBUG org.apache.http.wire -  << "Server: Apache-Coyote/1.1[\r][\n]"
22:09:31.790 [main] DEBUG org.apache.http.wire -  << "Content-Type: text/plain;charset=UTF-8[\r][\n]"
22:09:31.790 [main] DEBUG org.apache.http.wire -  << "Content-Length: 6[\r][\n]"
22:09:31.790 [main] DEBUG org.apache.http.wire -  << "Date: Sun, 07 Feb 2021 21:09:31 GMT[\r][\n]"
22:09:31.790 [main] DEBUG org.apache.http.wire -  << "[\r][\n]"
22:09:31.790 [main] DEBUG o.a.h.i.conn.DefaultClientConnection - Receiving response: HTTP/1.1 200 OK
22:09:31.790 [main] DEBUG org.apache.http.headers - << HTTP/1.1 200 OK
22:09:31.790 [main] DEBUG org.apache.http.headers - << Server: Apache-Coyote/1.1
22:09:31.790 [main] DEBUG org.apache.http.headers - << Content-Type: text/plain;charset=UTF-8
22:09:31.790 [main] DEBUG org.apache.http.headers - << Content-Length: 6
22:09:31.790 [main] DEBUG org.apache.http.headers - << Date: Sun, 07 Feb 2021 21:09:31 GMT
22:09:31.790 [main] DEBUG o.a.h.impl.client.DefaultHttpClient - Connection can be kept alive indefinitely
22:09:31.791 [main] DEBUG i.r.i.RequestSpecificationImpl$RestAssuredHttpBuilder - Parsing response as: text/plain;charset=UTF-8
22:09:31.791 [main] DEBUG i.r.i.RequestSpecificationImpl$RestAssuredHttpBuilder - Parsed data to instance of: class org.apache.http.conn.EofSensorInputStream
22:09:31.791 [main] DEBUG org.apache.http.wire -  << "a:3000"
22:09:31.791 [main] DEBUG o.a.h.i.c.BasicClientConnectionManager - Releasing connection org.apache.http.impl.conn.ManagedClientConnectionImpl@7ba93755
22:09:31.791 [main] DEBUG o.a.h.i.c.BasicClientConnectionManager - Connection can be kept alive indefinitely
22:09:31.794 [main] DEBUG o.a.h.i.c.BasicClientConnectionManager - Get connection for route {}->http://localhost:8080
22:09:31.794 [main] DEBUG o.a.h.i.c.DefaultClientConnectionOperator - Connecting to localhost:8080
22:09:31.794 [main] DEBUG o.a.h.c.protocol.RequestAddCookies - CookieSpec selected: ignoreCookies
22:09:31.794 [main] DEBUG o.a.h.c.protocol.RequestAuthCache - Auth cache not set in the context
22:09:31.794 [main] DEBUG o.a.h.c.p.RequestTargetAuthentication - Target auth state: UNCHALLENGED
22:09:31.794 [main] DEBUG o.a.h.c.p.RequestProxyAuthentication - Proxy auth state: UNCHALLENGED
22:09:31.794 [main] DEBUG o.a.h.impl.client.DefaultHttpClient - Attempt 1 to execute request
22:09:31.794 [main] DEBUG o.a.h.i.conn.DefaultClientConnection - Sending request: GET /2?b=12&c=6&a=20 HTTP/1.1
22:09:31.794 [main] DEBUG org.apache.http.wire -  >> "GET /2?b=12&c=6&a=20 HTTP/1.1[\r][\n]"
22:09:31.794 [main] DEBUG org.apache.http.wire -  >> "Accept: */*[\r][\n]"
22:09:31.794 [main] DEBUG org.apache.http.wire -  >> "Host: localhost:8080[\r][\n]"
22:09:31.794 [main] DEBUG org.apache.http.wire -  >> "Connection: Keep-Alive[\r][\n]"
22:09:31.794 [main] DEBUG org.apache.http.wire -  >> "User-Agent: Apache-HttpClient/4.5.3 (Java/13.0.5.1)[\r][\n]"
22:09:31.794 [main] DEBUG org.apache.http.wire -  >> "Accept-Encoding: gzip,deflate[\r][\n]"
22:09:31.794 [main] DEBUG org.apache.http.wire -  >> "[\r][\n]"
22:09:31.794 [main] DEBUG org.apache.http.headers - >> GET /2?b=12&c=6&a=20 HTTP/1.1
22:09:31.794 [main] DEBUG org.apache.http.headers - >> Accept: */*
22:09:31.794 [main] DEBUG org.apache.http.headers - >> Host: localhost:8080
22:09:31.794 [main] DEBUG org.apache.http.headers - >> Connection: Keep-Alive
22:09:31.794 [main] DEBUG org.apache.http.headers - >> User-Agent: Apache-HttpClient/4.5.3 (Java/13.0.5.1)
22:09:31.794 [main] DEBUG org.apache.http.headers - >> Accept-Encoding: gzip,deflate
22:09:31.811 [main] DEBUG org.apache.http.wire -  << "HTTP/1.1 200 OK[\r][\n]"
22:09:31.811 [main] DEBUG org.apache.http.wire -  << "Server: Apache-Coyote/1.1[\r][\n]"
22:09:31.811 [main] DEBUG org.apache.http.wire -  << "Content-Type: text/plain;charset=UTF-8[\r][\n]"
22:09:31.811 [main] DEBUG org.apache.http.wire -  << "Content-Length: 6[\r][\n]"
22:09:31.811 [main] DEBUG org.apache.http.wire -  << "Date: Sun, 07 Feb 2021 21:09:31 GMT[\r][\n]"
22:09:31.811 [main] DEBUG org.apache.http.wire -  << "[\r][\n]"
22:09:31.811 [main] DEBUG o.a.h.i.conn.DefaultClientConnection - Receiving response: HTTP/1.1 200 OK
22:09:31.811 [main] DEBUG org.apache.http.headers - << HTTP/1.1 200 OK
22:09:31.811 [main] DEBUG org.apache.http.headers - << Server: Apache-Coyote/1.1
22:09:31.811 [main] DEBUG org.apache.http.headers - << Content-Type: text/plain;charset=UTF-8
22:09:31.811 [main] DEBUG org.apache.http.headers - << Content-Length: 6
22:09:31.811 [main] DEBUG org.apache.http.headers - << Date: Sun, 07 Feb 2021 21:09:31 GMT
22:09:31.812 [main] DEBUG o.a.h.impl.client.DefaultHttpClient - Connection can be kept alive indefinitely
22:09:31.812 [main] DEBUG i.r.i.RequestSpecificationImpl$RestAssuredHttpBuilder - Parsing response as: text/plain;charset=UTF-8
22:09:31.812 [main] DEBUG i.r.i.RequestSpecificationImpl$RestAssuredHttpBuilder - Parsed data to instance of: class org.apache.http.conn.EofSensorInputStream
22:09:31.812 [main] DEBUG org.apache.http.wire -  << "a:3000"
22:09:31.812 [main] DEBUG o.a.h.i.c.BasicClientConnectionManager - Releasing connection org.apache.http.impl.conn.ManagedClientConnectionImpl@546394ed
22:09:31.812 [main] DEBUG o.a.h.i.c.BasicClientConnectionManager - Connection can be kept alive indefinitely
22:09:31.814 [main] DEBUG o.a.h.i.c.BasicClientConnectionManager - Get connection for route {}->http://localhost:8080
22:09:31.814 [main] DEBUG o.a.h.i.c.DefaultClientConnectionOperator - Connecting to localhost:8080
22:09:31.814 [main] DEBUG o.a.h.c.protocol.RequestAddCookies - CookieSpec selected: ignoreCookies
22:09:31.814 [main] DEBUG o.a.h.c.protocol.RequestAuthCache - Auth cache not set in the context
22:09:31.815 [main] DEBUG o.a.h.c.p.RequestTargetAuthentication - Target auth state: UNCHALLENGED
22:09:31.815 [main] DEBUG o.a.h.c.p.RequestProxyAuthentication - Proxy auth state: UNCHALLENGED
22:09:31.815 [main] DEBUG o.a.h.impl.client.DefaultHttpClient - Attempt 1 to execute request
22:09:31.815 [main] DEBUG o.a.h.i.conn.DefaultClientConnection - Sending request: GET /2?b=12&c=6&a=20 HTTP/1.1
22:09:31.815 [main] DEBUG org.apache.http.wire -  >> "GET /2?b=12&c=6&a=20 HTTP/1.1[\r][\n]"
22:09:31.815 [main] DEBUG org.apache.http.wire -  >> "Accept: */*[\r][\n]"
22:09:31.815 [main] DEBUG org.apache.http.wire -  >> "Host: localhost:8080[\r][\n]"
22:09:31.815 [main] DEBUG org.apache.http.wire -  >> "Connection: Keep-Alive[\r][\n]"
22:09:31.815 [main] DEBUG org.apache.http.wire -  >> "User-Agent: Apache-HttpClient/4.5.3 (Java/13.0.5.1)[\r][\n]"
22:09:31.815 [main] DEBUG org.apache.http.wire -  >> "Accept-Encoding: gzip,deflate[\r][\n]"
22:09:31.815 [main] DEBUG org.apache.http.wire -  >> "[\r][\n]"
22:09:31.815 [main] DEBUG org.apache.http.headers - >> GET /2?b=12&c=6&a=20 HTTP/1.1
22:09:31.815 [main] DEBUG org.apache.http.headers - >> Accept: */*
22:09:31.815 [main] DEBUG org.apache.http.headers - >> Host: localhost:8080
22:09:31.815 [main] DEBUG org.apache.http.headers - >> Connection: Keep-Alive
22:09:31.815 [main] DEBUG org.apache.http.headers - >> User-Agent: Apache-HttpClient/4.5.3 (Java/13.0.5.1)
22:09:31.815 [main] DEBUG org.apache.http.headers - >> Accept-Encoding: gzip,deflate
22:09:31.832 [main] DEBUG org.apache.http.wire -  << "HTTP/1.1 200 OK[\r][\n]"
22:09:31.832 [main] DEBUG org.apache.http.wire -  << "Server: Apache-Coyote/1.1[\r][\n]"
22:09:31.832 [main] DEBUG org.apache.http.wire -  << "Content-Type: text/plain;charset=UTF-8[\r][\n]"
22:09:31.832 [main] DEBUG org.apache.http.wire -  << "Content-Length: 6[\r][\n]"
22:09:31.832 [main] DEBUG org.apache.http.wire -  << "Date: Sun, 07 Feb 2021 21:09:31 GMT[\r][\n]"
22:09:31.832 [main] DEBUG org.apache.http.wire -  << "[\r][\n]"
22:09:31.832 [main] DEBUG o.a.h.i.conn.DefaultClientConnection - Receiving response: HTTP/1.1 200 OK
22:09:31.832 [main] DEBUG org.apache.http.headers - << HTTP/1.1 200 OK
22:09:31.832 [main] DEBUG org.apache.http.headers - << Server: Apache-Coyote/1.1
22:09:31.832 [main] DEBUG org.apache.http.headers - << Content-Type: text/plain;charset=UTF-8
22:09:31.832 [main] DEBUG org.apache.http.headers - << Content-Length: 6
22:09:31.832 [main] DEBUG org.apache.http.headers - << Date: Sun, 07 Feb 2021 21:09:31 GMT
22:09:31.832 [main] DEBUG o.a.h.impl.client.DefaultHttpClient - Connection can be kept alive indefinitely
22:09:31.832 [main] DEBUG i.r.i.RequestSpecificationImpl$RestAssuredHttpBuilder - Parsing response as: text/plain;charset=UTF-8
22:09:31.832 [main] DEBUG i.r.i.RequestSpecificationImpl$RestAssuredHttpBuilder - Parsed data to instance of: class org.apache.http.conn.EofSensorInputStream
22:09:31.833 [main] DEBUG org.apache.http.wire -  << "a:3000"
22:09:31.833 [main] DEBUG o.a.h.i.c.BasicClientConnectionManager - Releasing connection org.apache.http.impl.conn.ManagedClientConnectionImpl@3443e476
22:09:31.833 [main] DEBUG o.a.h.i.c.BasicClientConnectionManager - Connection can be kept alive indefinitely
22:09:31.835 [main] DEBUG o.a.h.i.c.BasicClientConnectionManager - Get connection for route {}->http://localhost:8080
22:09:31.835 [main] DEBUG o.a.h.i.c.DefaultClientConnectionOperator - Connecting to localhost:8080
22:09:31.836 [main] DEBUG o.a.h.c.protocol.RequestAddCookies - CookieSpec selected: ignoreCookies
22:09:31.836 [main] DEBUG o.a.h.c.protocol.RequestAuthCache - Auth cache not set in the context
22:09:31.836 [main] DEBUG o.a.h.c.p.RequestTargetAuthentication - Target auth state: UNCHALLENGED
22:09:31.836 [main] DEBUG o.a.h.c.p.RequestProxyAuthentication - Proxy auth state: UNCHALLENGED
22:09:31.836 [main] DEBUG o.a.h.impl.client.DefaultHttpClient - Attempt 1 to execute request
22:09:31.836 [main] DEBUG o.a.h.i.conn.DefaultClientConnection - Sending request: GET /2?b=12&c=6&a=20 HTTP/1.1
22:09:31.836 [main] DEBUG org.apache.http.wire -  >> "GET /2?b=12&c=6&a=20 HTTP/1.1[\r][\n]"
22:09:31.836 [main] DEBUG org.apache.http.wire -  >> "Accept: */*[\r][\n]"
22:09:31.836 [main] DEBUG org.apache.http.wire -  >> "Host: localhost:8080[\r][\n]"
22:09:31.836 [main] DEBUG org.apache.http.wire -  >> "Connection: Keep-Alive[\r][\n]"
22:09:31.836 [main] DEBUG org.apache.http.wire -  >> "User-Agent: Apache-HttpClient/4.5.3 (Java/13.0.5.1)[\r][\n]"
22:09:31.836 [main] DEBUG org.apache.http.wire -  >> "Accept-Encoding: gzip,deflate[\r][\n]"
22:09:31.836 [main] DEBUG org.apache.http.wire -  >> "[\r][\n]"
22:09:31.836 [main] DEBUG org.apache.http.headers - >> GET /2?b=12&c=6&a=20 HTTP/1.1
22:09:31.836 [main] DEBUG org.apache.http.headers - >> Accept: */*
22:09:31.836 [main] DEBUG org.apache.http.headers - >> Host: localhost:8080
22:09:31.836 [main] DEBUG org.apache.http.headers - >> Connection: Keep-Alive
22:09:31.836 [main] DEBUG org.apache.http.headers - >> User-Agent: Apache-HttpClient/4.5.3 (Java/13.0.5.1)
22:09:31.836 [main] DEBUG org.apache.http.headers - >> Accept-Encoding: gzip,deflate
22:09:31.853 [main] DEBUG org.apache.http.wire -  << "HTTP/1.1 200 OK[\r][\n]"
22:09:31.854 [main] DEBUG org.apache.http.wire -  << "Server: Apache-Coyote/1.1[\r][\n]"
22:09:31.854 [main] DEBUG org.apache.http.wire -  << "Content-Type: text/plain;charset=UTF-8[\r][\n]"
22:09:31.854 [main] DEBUG org.apache.http.wire -  << "Content-Length: 6[\r][\n]"
22:09:31.854 [main] DEBUG org.apache.http.wire -  << "Date: Sun, 07 Feb 2021 21:09:31 GMT[\r][\n]"
22:09:31.854 [main] DEBUG org.apache.http.wire -  << "[\r][\n]"
22:09:31.854 [main] DEBUG o.a.h.i.conn.DefaultClientConnection - Receiving response: HTTP/1.1 200 OK
22:09:31.854 [main] DEBUG org.apache.http.headers - << HTTP/1.1 200 OK
22:09:31.854 [main] DEBUG org.apache.http.headers - << Server: Apache-Coyote/1.1
22:09:31.854 [main] DEBUG org.apache.http.headers - << Content-Type: text/plain;charset=UTF-8
22:09:31.854 [main] DEBUG org.apache.http.headers - << Content-Length: 6
22:09:31.854 [main] DEBUG org.apache.http.headers - << Date: Sun, 07 Feb 2021 21:09:31 GMT
22:09:31.854 [main] DEBUG o.a.h.impl.client.DefaultHttpClient - Connection can be kept alive indefinitely
22:09:31.854 [main] DEBUG i.r.i.RequestSpecificationImpl$RestAssuredHttpBuilder - Parsing response as: text/plain;charset=UTF-8
22:09:31.854 [main] DEBUG i.r.i.RequestSpecificationImpl$RestAssuredHttpBuilder - Parsed data to instance of: class org.apache.http.conn.EofSensorInputStream
22:09:31.854 [main] DEBUG org.apache.http.wire -  << "a:3000"
22:09:31.854 [main] DEBUG o.a.h.i.c.BasicClientConnectionManager - Releasing connection org.apache.http.impl.conn.ManagedClientConnectionImpl@32f5ecc4
22:09:31.854 [main] DEBUG o.a.h.i.c.BasicClientConnectionManager - Connection can be kept alive indefinitely
22:09:31.857 [main] DEBUG o.a.h.i.c.BasicClientConnectionManager - Get connection for route {}->http://localhost:8080
22:09:31.857 [main] DEBUG o.a.h.i.c.DefaultClientConnectionOperator - Connecting to localhost:8080
22:09:31.857 [main] DEBUG o.a.h.c.protocol.RequestAddCookies - CookieSpec selected: ignoreCookies
22:09:31.857 [main] DEBUG o.a.h.c.protocol.RequestAuthCache - Auth cache not set in the context
22:09:31.857 [main] DEBUG o.a.h.c.p.RequestTargetAuthentication - Target auth state: UNCHALLENGED
22:09:31.857 [main] DEBUG o.a.h.c.p.RequestProxyAuthentication - Proxy auth state: UNCHALLENGED
22:09:31.857 [main] DEBUG o.a.h.impl.client.DefaultHttpClient - Attempt 1 to execute request
22:09:31.857 [main] DEBUG o.a.h.i.conn.DefaultClientConnection - Sending request: GET /2?b=12&c=6&a=20 HTTP/1.1
22:09:31.857 [main] DEBUG org.apache.http.wire -  >> "GET /2?b=12&c=6&a=20 HTTP/1.1[\r][\n]"
22:09:31.857 [main] DEBUG org.apache.http.wire -  >> "Accept: */*[\r][\n]"
22:09:31.857 [main] DEBUG org.apache.http.wire -  >> "Host: localhost:8080[\r][\n]"
22:09:31.857 [main] DEBUG org.apache.http.wire -  >> "Connection: Keep-Alive[\r][\n]"
22:09:31.857 [main] DEBUG org.apache.http.wire -  >> "User-Agent: Apache-HttpClient/4.5.3 (Java/13.0.5.1)[\r][\n]"
22:09:31.857 [main] DEBUG org.apache.http.wire -  >> "Accept-Encoding: gzip,deflate[\r][\n]"
22:09:31.857 [main] DEBUG org.apache.http.wire -  >> "[\r][\n]"
22:09:31.857 [main] DEBUG org.apache.http.headers - >> GET /2?b=12&c=6&a=20 HTTP/1.1
22:09:31.857 [main] DEBUG org.apache.http.headers - >> Accept: */*
22:09:31.857 [main] DEBUG org.apache.http.headers - >> Host: localhost:8080
22:09:31.857 [main] DEBUG org.apache.http.headers - >> Connection: Keep-Alive
22:09:31.857 [main] DEBUG org.apache.http.headers - >> User-Agent: Apache-HttpClient/4.5.3 (Java/13.0.5.1)
22:09:31.857 [main] DEBUG org.apache.http.headers - >> Accept-Encoding: gzip,deflate
22:09:31.879 [main] DEBUG org.apache.http.wire -  << "HTTP/1.1 200 OK[\r][\n]"
22:09:31.879 [main] DEBUG org.apache.http.wire -  << "Server: Apache-Coyote/1.1[\r][\n]"
22:09:31.879 [main] DEBUG org.apache.http.wire -  << "Content-Type: text/plain;charset=UTF-8[\r][\n]"
22:09:31.879 [main] DEBUG org.apache.http.wire -  << "Content-Length: 6[\r][\n]"
22:09:31.879 [main] DEBUG org.apache.http.wire -  << "Date: Sun, 07 Feb 2021 21:09:31 GMT[\r][\n]"
22:09:31.879 [main] DEBUG org.apache.http.wire -  << "[\r][\n]"
22:09:31.879 [main] DEBUG o.a.h.i.conn.DefaultClientConnection - Receiving response: HTTP/1.1 200 OK
22:09:31.879 [main] DEBUG org.apache.http.headers - << HTTP/1.1 200 OK
22:09:31.879 [main] DEBUG org.apache.http.headers - << Server: Apache-Coyote/1.1
22:09:31.879 [main] DEBUG org.apache.http.headers - << Content-Type: text/plain;charset=UTF-8
22:09:31.879 [main] DEBUG org.apache.http.headers - << Content-Length: 6
22:09:31.879 [main] DEBUG org.apache.http.headers - << Date: Sun, 07 Feb 2021 21:09:31 GMT
22:09:31.879 [main] DEBUG o.a.h.impl.client.DefaultHttpClient - Connection can be kept alive indefinitely
22:09:31.880 [main] DEBUG i.r.i.RequestSpecificationImpl$RestAssuredHttpBuilder - Parsing response as: text/plain;charset=UTF-8
22:09:31.880 [main] DEBUG i.r.i.RequestSpecificationImpl$RestAssuredHttpBuilder - Parsed data to instance of: class org.apache.http.conn.EofSensorInputStream
22:09:31.880 [main] DEBUG org.apache.http.wire -  << "a:3000"
22:09:31.880 [main] DEBUG o.a.h.i.c.BasicClientConnectionManager - Releasing connection org.apache.http.impl.conn.ManagedClientConnectionImpl@63f6bed1
22:09:31.880 [main] DEBUG o.a.h.i.c.BasicClientConnectionManager - Connection can be kept alive indefinitely
22:09:31.882 [main] DEBUG o.a.h.i.c.BasicClientConnectionManager - Get connection for route {}->http://localhost:8080
22:09:31.883 [main] DEBUG o.a.h.i.c.DefaultClientConnectionOperator - Connecting to localhost:8080
22:09:31.883 [main] DEBUG o.a.h.c.protocol.RequestAddCookies - CookieSpec selected: ignoreCookies
22:09:31.883 [main] DEBUG o.a.h.c.protocol.RequestAuthCache - Auth cache not set in the context
22:09:31.883 [main] DEBUG o.a.h.c.p.RequestTargetAuthentication - Target auth state: UNCHALLENGED
22:09:31.883 [main] DEBUG o.a.h.c.p.RequestProxyAuthentication - Proxy auth state: UNCHALLENGED
22:09:31.883 [main] DEBUG o.a.h.impl.client.DefaultHttpClient - Attempt 1 to execute request
22:09:31.883 [main] DEBUG o.a.h.i.conn.DefaultClientConnection - Sending request: GET /2?b=12&c=6&a=20 HTTP/1.1
22:09:31.883 [main] DEBUG org.apache.http.wire -  >> "GET /2?b=12&c=6&a=20 HTTP/1.1[\r][\n]"
22:09:31.883 [main] DEBUG org.apache.http.wire -  >> "Accept: */*[\r][\n]"
22:09:31.883 [main] DEBUG org.apache.http.wire -  >> "Host: localhost:8080[\r][\n]"
22:09:31.883 [main] DEBUG org.apache.http.wire -  >> "Connection: Keep-Alive[\r][\n]"
22:09:31.883 [main] DEBUG org.apache.http.wire -  >> "User-Agent: Apache-HttpClient/4.5.3 (Java/13.0.5.1)[\r][\n]"
22:09:31.883 [main] DEBUG org.apache.http.wire -  >> "Accept-Encoding: gzip,deflate[\r][\n]"
22:09:31.883 [main] DEBUG org.apache.http.wire -  >> "[\r][\n]"
22:09:31.883 [main] DEBUG org.apache.http.headers - >> GET /2?b=12&c=6&a=20 HTTP/1.1
22:09:31.883 [main] DEBUG org.apache.http.headers - >> Accept: */*
22:09:31.883 [main] DEBUG org.apache.http.headers - >> Host: localhost:8080
22:09:31.883 [main] DEBUG org.apache.http.headers - >> Connection: Keep-Alive
22:09:31.883 [main] DEBUG org.apache.http.headers - >> User-Agent: Apache-HttpClient/4.5.3 (Java/13.0.5.1)
22:09:31.883 [main] DEBUG org.apache.http.headers - >> Accept-Encoding: gzip,deflate
22:09:31.903 [main] DEBUG org.apache.http.wire -  << "HTTP/1.1 200 OK[\r][\n]"
22:09:31.903 [main] DEBUG org.apache.http.wire -  << "Server: Apache-Coyote/1.1[\r][\n]"
22:09:31.903 [main] DEBUG org.apache.http.wire -  << "Content-Type: text/plain;charset=UTF-8[\r][\n]"
22:09:31.903 [main] DEBUG org.apache.http.wire -  << "Content-Length: 6[\r][\n]"
22:09:31.903 [main] DEBUG org.apache.http.wire -  << "Date: Sun, 07 Feb 2021 21:09:31 GMT[\r][\n]"
22:09:31.903 [main] DEBUG org.apache.http.wire -  << "[\r][\n]"
22:09:31.903 [main] DEBUG o.a.h.i.conn.DefaultClientConnection - Receiving response: HTTP/1.1 200 OK
22:09:31.903 [main] DEBUG org.apache.http.headers - << HTTP/1.1 200 OK
22:09:31.903 [main] DEBUG org.apache.http.headers - << Server: Apache-Coyote/1.1
22:09:31.903 [main] DEBUG org.apache.http.headers - << Content-Type: text/plain;charset=UTF-8
22:09:31.903 [main] DEBUG org.apache.http.headers - << Content-Length: 6
22:09:31.903 [main] DEBUG org.apache.http.headers - << Date: Sun, 07 Feb 2021 21:09:31 GMT
22:09:31.903 [main] DEBUG o.a.h.impl.client.DefaultHttpClient - Connection can be kept alive indefinitely
22:09:31.904 [main] DEBUG i.r.i.RequestSpecificationImpl$RestAssuredHttpBuilder - Parsing response as: text/plain;charset=UTF-8
22:09:31.904 [main] DEBUG i.r.i.RequestSpecificationImpl$RestAssuredHttpBuilder - Parsed data to instance of: class org.apache.http.conn.EofSensorInputStream
22:09:31.904 [main] DEBUG org.apache.http.wire -  << "a:3000"
22:09:31.904 [main] DEBUG o.a.h.i.c.BasicClientConnectionManager - Releasing connection org.apache.http.impl.conn.ManagedClientConnectionImpl@29fe4840
22:09:31.904 [main] DEBUG o.a.h.i.c.BasicClientConnectionManager - Connection can be kept alive indefinitely
22:09:31.907 [main] DEBUG o.a.h.i.c.BasicClientConnectionManager - Get connection for route {}->http://localhost:8080
22:09:31.907 [main] DEBUG o.a.h.i.c.DefaultClientConnectionOperator - Connecting to localhost:8080
22:09:31.908 [main] DEBUG o.a.h.c.protocol.RequestAddCookies - CookieSpec selected: ignoreCookies
22:09:31.908 [main] DEBUG o.a.h.c.protocol.RequestAuthCache - Auth cache not set in the context
22:09:31.908 [main] DEBUG o.a.h.c.p.RequestTargetAuthentication - Target auth state: UNCHALLENGED
22:09:31.908 [main] DEBUG o.a.h.c.p.RequestProxyAuthentication - Proxy auth state: UNCHALLENGED
22:09:31.908 [main] DEBUG o.a.h.impl.client.DefaultHttpClient - Attempt 1 to execute request
22:09:31.908 [main] DEBUG o.a.h.i.conn.DefaultClientConnection - Sending request: GET /2?b=12&c=6&a=20 HTTP/1.1
22:09:31.908 [main] DEBUG org.apache.http.wire -  >> "GET /2?b=12&c=6&a=20 HTTP/1.1[\r][\n]"
22:09:31.908 [main] DEBUG org.apache.http.wire -  >> "Accept: */*[\r][\n]"
22:09:31.908 [main] DEBUG org.apache.http.wire -  >> "Host: localhost:8080[\r][\n]"
22:09:31.908 [main] DEBUG org.apache.http.wire -  >> "Connection: Keep-Alive[\r][\n]"
22:09:31.908 [main] DEBUG org.apache.http.wire -  >> "User-Agent: Apache-HttpClient/4.5.3 (Java/13.0.5.1)[\r][\n]"
22:09:31.908 [main] DEBUG org.apache.http.wire -  >> "Accept-Encoding: gzip,deflate[\r][\n]"
22:09:31.908 [main] DEBUG org.apache.http.wire -  >> "[\r][\n]"
22:09:31.908 [main] DEBUG org.apache.http.headers - >> GET /2?b=12&c=6&a=20 HTTP/1.1
22:09:31.908 [main] DEBUG org.apache.http.headers - >> Accept: */*
22:09:31.908 [main] DEBUG org.apache.http.headers - >> Host: localhost:8080
22:09:31.908 [main] DEBUG org.apache.http.headers - >> Connection: Keep-Alive
22:09:31.908 [main] DEBUG org.apache.http.headers - >> User-Agent: Apache-HttpClient/4.5.3 (Java/13.0.5.1)
22:09:31.908 [main] DEBUG org.apache.http.headers - >> Accept-Encoding: gzip,deflate
22:09:31.925 [main] DEBUG org.apache.http.wire -  << "HTTP/1.1 200 OK[\r][\n]"
22:09:31.925 [main] DEBUG org.apache.http.wire -  << "Server: Apache-Coyote/1.1[\r][\n]"
22:09:31.925 [main] DEBUG org.apache.http.wire -  << "Content-Type: text/plain;charset=UTF-8[\r][\n]"
22:09:31.925 [main] DEBUG org.apache.http.wire -  << "Content-Length: 6[\r][\n]"
22:09:31.925 [main] DEBUG org.apache.http.wire -  << "Date: Sun, 07 Feb 2021 21:09:31 GMT[\r][\n]"
22:09:31.925 [main] DEBUG org.apache.http.wire -  << "[\r][\n]"
22:09:31.925 [main] DEBUG o.a.h.i.conn.DefaultClientConnection - Receiving response: HTTP/1.1 200 OK
22:09:31.925 [main] DEBUG org.apache.http.headers - << HTTP/1.1 200 OK
22:09:31.925 [main] DEBUG org.apache.http.headers - << Server: Apache-Coyote/1.1
22:09:31.925 [main] DEBUG org.apache.http.headers - << Content-Type: text/plain;charset=UTF-8
22:09:31.925 [main] DEBUG org.apache.http.headers - << Content-Length: 6
22:09:31.925 [main] DEBUG org.apache.http.headers - << Date: Sun, 07 Feb 2021 21:09:31 GMT
22:09:31.925 [main] DEBUG o.a.h.impl.client.DefaultHttpClient - Connection can be kept alive indefinitely
22:09:31.925 [main] DEBUG i.r.i.RequestSpecificationImpl$RestAssuredHttpBuilder - Parsing response as: text/plain;charset=UTF-8
22:09:31.925 [main] DEBUG i.r.i.RequestSpecificationImpl$RestAssuredHttpBuilder - Parsed data to instance of: class org.apache.http.conn.EofSensorInputStream
22:09:31.926 [main] DEBUG org.apache.http.wire -  << "a:3000"
22:09:31.926 [main] DEBUG o.a.h.i.c.BasicClientConnectionManager - Releasing connection org.apache.http.impl.conn.ManagedClientConnectionImpl@32120956
22:09:31.926 [main] DEBUG o.a.h.i.c.BasicClientConnectionManager - Connection can be kept alive indefinitely
22:09:31.929 [main] DEBUG o.a.h.i.c.BasicClientConnectionManager - Get connection for route {}->http://localhost:8080
22:09:31.929 [main] DEBUG o.a.h.i.c.DefaultClientConnectionOperator - Connecting to localhost:8080
22:09:31.930 [main] DEBUG o.a.h.c.protocol.RequestAddCookies - CookieSpec selected: ignoreCookies
22:09:31.930 [main] DEBUG o.a.h.c.protocol.RequestAuthCache - Auth cache not set in the context
22:09:31.930 [main] DEBUG o.a.h.c.p.RequestTargetAuthentication - Target auth state: UNCHALLENGED
22:09:31.930 [main] DEBUG o.a.h.c.p.RequestProxyAuthentication - Proxy auth state: UNCHALLENGED
22:09:31.930 [main] DEBUG o.a.h.impl.client.DefaultHttpClient - Attempt 1 to execute request
22:09:31.930 [main] DEBUG o.a.h.i.conn.DefaultClientConnection - Sending request: GET /2?b=12&c=6&a=20 HTTP/1.1
22:09:31.930 [main] DEBUG org.apache.http.wire -  >> "GET /2?b=12&c=6&a=20 HTTP/1.1[\r][\n]"
22:09:31.930 [main] DEBUG org.apache.http.wire -  >> "Accept: */*[\r][\n]"
22:09:31.930 [main] DEBUG org.apache.http.wire -  >> "Host: localhost:8080[\r][\n]"
22:09:31.930 [main] DEBUG org.apache.http.wire -  >> "Connection: Keep-Alive[\r][\n]"
22:09:31.930 [main] DEBUG org.apache.http.wire -  >> "User-Agent: Apache-HttpClient/4.5.3 (Java/13.0.5.1)[\r][\n]"
22:09:31.930 [main] DEBUG org.apache.http.wire -  >> "Accept-Encoding: gzip,deflate[\r][\n]"
22:09:31.930 [main] DEBUG org.apache.http.wire -  >> "[\r][\n]"
22:09:31.930 [main] DEBUG org.apache.http.headers - >> GET /2?b=12&c=6&a=20 HTTP/1.1
22:09:31.930 [main] DEBUG org.apache.http.headers - >> Accept: */*
22:09:31.930 [main] DEBUG org.apache.http.headers - >> Host: localhost:8080
22:09:31.930 [main] DEBUG org.apache.http.headers - >> Connection: Keep-Alive
22:09:31.930 [main] DEBUG org.apache.http.headers - >> User-Agent: Apache-HttpClient/4.5.3 (Java/13.0.5.1)
22:09:31.930 [main] DEBUG org.apache.http.headers - >> Accept-Encoding: gzip,deflate
22:09:31.952 [main] DEBUG org.apache.http.wire -  << "HTTP/1.1 200 OK[\r][\n]"
22:09:31.953 [main] DEBUG org.apache.http.wire -  << "Server: Apache-Coyote/1.1[\r][\n]"
22:09:31.953 [main] DEBUG org.apache.http.wire -  << "Content-Type: text/plain;charset=UTF-8[\r][\n]"
22:09:31.953 [main] DEBUG org.apache.http.wire -  << "Content-Length: 6[\r][\n]"
22:09:31.953 [main] DEBUG org.apache.http.wire -  << "Date: Sun, 07 Feb 2021 21:09:31 GMT[\r][\n]"
22:09:31.953 [main] DEBUG org.apache.http.wire -  << "[\r][\n]"
22:09:31.953 [main] DEBUG o.a.h.i.conn.DefaultClientConnection - Receiving response: HTTP/1.1 200 OK
22:09:31.953 [main] DEBUG org.apache.http.headers - << HTTP/1.1 200 OK
22:09:31.953 [main] DEBUG org.apache.http.headers - << Server: Apache-Coyote/1.1
22:09:31.953 [main] DEBUG org.apache.http.headers - << Content-Type: text/plain;charset=UTF-8
22:09:31.953 [main] DEBUG org.apache.http.headers - << Content-Length: 6
22:09:31.953 [main] DEBUG org.apache.http.headers - << Date: Sun, 07 Feb 2021 21:09:31 GMT
22:09:31.953 [main] DEBUG o.a.h.impl.client.DefaultHttpClient - Connection can be kept alive indefinitely
22:09:31.953 [main] DEBUG i.r.i.RequestSpecificationImpl$RestAssuredHttpBuilder - Parsing response as: text/plain;charset=UTF-8
22:09:31.953 [main] DEBUG i.r.i.RequestSpecificationImpl$RestAssuredHttpBuilder - Parsed data to instance of: class org.apache.http.conn.EofSensorInputStream
22:09:31.953 [main] DEBUG org.apache.http.wire -  << "a:3000"
22:09:31.954 [main] DEBUG o.a.h.i.c.BasicClientConnectionManager - Releasing connection org.apache.http.impl.conn.ManagedClientConnectionImpl@327e5be5
22:09:31.954 [main] DEBUG o.a.h.i.c.BasicClientConnectionManager - Connection can be kept alive indefinitely
22:09:31.958 [main] DEBUG o.a.h.i.c.BasicClientConnectionManager - Get connection for route {}->http://localhost:8080
22:09:31.958 [main] DEBUG o.a.h.i.c.DefaultClientConnectionOperator - Connecting to localhost:8080
22:09:31.958 [main] DEBUG o.a.h.c.protocol.RequestAddCookies - CookieSpec selected: ignoreCookies
22:09:31.958 [main] DEBUG o.a.h.c.protocol.RequestAuthCache - Auth cache not set in the context
22:09:31.958 [main] DEBUG o.a.h.c.p.RequestTargetAuthentication - Target auth state: UNCHALLENGED
22:09:31.958 [main] DEBUG o.a.h.c.p.RequestProxyAuthentication - Proxy auth state: UNCHALLENGED
22:09:31.958 [main] DEBUG o.a.h.impl.client.DefaultHttpClient - Attempt 1 to execute request
22:09:31.959 [main] DEBUG o.a.h.i.conn.DefaultClientConnection - Sending request: GET /2?b=12&c=6&a=20 HTTP/1.1
22:09:31.959 [main] DEBUG org.apache.http.wire -  >> "GET /2?b=12&c=6&a=20 HTTP/1.1[\r][\n]"
22:09:31.959 [main] DEBUG org.apache.http.wire -  >> "Accept: */*[\r][\n]"
22:09:31.959 [main] DEBUG org.apache.http.wire -  >> "Host: localhost:8080[\r][\n]"
22:09:31.959 [main] DEBUG org.apache.http.wire -  >> "Connection: Keep-Alive[\r][\n]"
22:09:31.959 [main] DEBUG org.apache.http.wire -  >> "User-Agent: Apache-HttpClient/4.5.3 (Java/13.0.5.1)[\r][\n]"
22:09:31.959 [main] DEBUG org.apache.http.wire -  >> "Accept-Encoding: gzip,deflate[\r][\n]"
22:09:31.959 [main] DEBUG org.apache.http.wire -  >> "[\r][\n]"
22:09:31.959 [main] DEBUG org.apache.http.headers - >> GET /2?b=12&c=6&a=20 HTTP/1.1
22:09:31.959 [main] DEBUG org.apache.http.headers - >> Accept: */*
22:09:31.959 [main] DEBUG org.apache.http.headers - >> Host: localhost:8080
22:09:31.959 [main] DEBUG org.apache.http.headers - >> Connection: Keep-Alive
22:09:31.959 [main] DEBUG org.apache.http.headers - >> User-Agent: Apache-HttpClient/4.5.3 (Java/13.0.5.1)
22:09:31.959 [main] DEBUG org.apache.http.headers - >> Accept-Encoding: gzip,deflate
22:09:31.977 [main] DEBUG org.apache.http.wire -  << "HTTP/1.1 200 OK[\r][\n]"
22:09:31.977 [main] DEBUG org.apache.http.wire -  << "Server: Apache-Coyote/1.1[\r][\n]"
22:09:31.977 [main] DEBUG org.apache.http.wire -  << "Content-Type: text/plain;charset=UTF-8[\r][\n]"
22:09:31.977 [main] DEBUG org.apache.http.wire -  << "Content-Length: 6[\r][\n]"
22:09:31.977 [main] DEBUG org.apache.http.wire -  << "Date: Sun, 07 Feb 2021 21:09:31 GMT[\r][\n]"
22:09:31.977 [main] DEBUG org.apache.http.wire -  << "[\r][\n]"
22:09:31.977 [main] DEBUG o.a.h.i.conn.DefaultClientConnection - Receiving response: HTTP/1.1 200 OK
22:09:31.977 [main] DEBUG org.apache.http.headers - << HTTP/1.1 200 OK
22:09:31.977 [main] DEBUG org.apache.http.headers - << Server: Apache-Coyote/1.1
22:09:31.977 [main] DEBUG org.apache.http.headers - << Content-Type: text/plain;charset=UTF-8
22:09:31.977 [main] DEBUG org.apache.http.headers - << Content-Length: 6
22:09:31.977 [main] DEBUG org.apache.http.headers - << Date: Sun, 07 Feb 2021 21:09:31 GMT
22:09:31.978 [main] DEBUG o.a.h.impl.client.DefaultHttpClient - Connection can be kept alive indefinitely
22:09:31.978 [main] DEBUG i.r.i.RequestSpecificationImpl$RestAssuredHttpBuilder - Parsing response as: text/plain;charset=UTF-8
22:09:31.978 [main] DEBUG i.r.i.RequestSpecificationImpl$RestAssuredHttpBuilder - Parsed data to instance of: class org.apache.http.conn.EofSensorInputStream
22:09:31.978 [main] DEBUG org.apache.http.wire -  << "a:3000"
22:09:31.978 [main] DEBUG o.a.h.i.c.BasicClientConnectionManager - Releasing connection org.apache.http.impl.conn.ManagedClientConnectionImpl@6ea246af
22:09:31.978 [main] DEBUG o.a.h.i.c.BasicClientConnectionManager - Connection can be kept alive indefinitely
22:09:31.981 [main] DEBUG o.a.h.i.c.BasicClientConnectionManager - Get connection for route {}->http://localhost:8080
22:09:31.981 [main] DEBUG o.a.h.i.c.DefaultClientConnectionOperator - Connecting to localhost:8080
22:09:31.982 [main] DEBUG o.a.h.c.protocol.RequestAddCookies - CookieSpec selected: ignoreCookies
22:09:31.982 [main] DEBUG o.a.h.c.protocol.RequestAuthCache - Auth cache not set in the context
22:09:31.982 [main] DEBUG o.a.h.c.p.RequestTargetAuthentication - Target auth state: UNCHALLENGED
22:09:31.982 [main] DEBUG o.a.h.c.p.RequestProxyAuthentication - Proxy auth state: UNCHALLENGED
22:09:31.982 [main] DEBUG o.a.h.impl.client.DefaultHttpClient - Attempt 1 to execute request
22:09:31.982 [main] DEBUG o.a.h.i.conn.DefaultClientConnection - Sending request: GET /2?b=12&c=6&a=20 HTTP/1.1
22:09:31.982 [main] DEBUG org.apache.http.wire -  >> "GET /2?b=12&c=6&a=20 HTTP/1.1[\r][\n]"
22:09:31.982 [main] DEBUG org.apache.http.wire -  >> "Accept: */*[\r][\n]"
22:09:31.982 [main] DEBUG org.apache.http.wire -  >> "Host: localhost:8080[\r][\n]"
22:09:31.982 [main] DEBUG org.apache.http.wire -  >> "Connection: Keep-Alive[\r][\n]"
22:09:31.982 [main] DEBUG org.apache.http.wire -  >> "User-Agent: Apache-HttpClient/4.5.3 (Java/13.0.5.1)[\r][\n]"
22:09:31.982 [main] DEBUG org.apache.http.wire -  >> "Accept-Encoding: gzip,deflate[\r][\n]"
22:09:31.982 [main] DEBUG org.apache.http.wire -  >> "[\r][\n]"
22:09:31.982 [main] DEBUG org.apache.http.headers - >> GET /2?b=12&c=6&a=20 HTTP/1.1
22:09:31.982 [main] DEBUG org.apache.http.headers - >> Accept: */*
22:09:31.982 [main] DEBUG org.apache.http.headers - >> Host: localhost:8080
22:09:31.982 [main] DEBUG org.apache.http.headers - >> Connection: Keep-Alive
22:09:31.982 [main] DEBUG org.apache.http.headers - >> User-Agent: Apache-HttpClient/4.5.3 (Java/13.0.5.1)
22:09:31.982 [main] DEBUG org.apache.http.headers - >> Accept-Encoding: gzip,deflate
22:09:32.002 [main] DEBUG org.apache.http.wire -  << "HTTP/1.1 200 OK[\r][\n]"
22:09:32.002 [main] DEBUG org.apache.http.wire -  << "Server: Apache-Coyote/1.1[\r][\n]"
22:09:32.002 [main] DEBUG org.apache.http.wire -  << "Content-Type: text/plain;charset=UTF-8[\r][\n]"
22:09:32.002 [main] DEBUG org.apache.http.wire -  << "Content-Length: 6[\r][\n]"
22:09:32.002 [main] DEBUG org.apache.http.wire -  << "Date: Sun, 07 Feb 2021 21:09:31 GMT[\r][\n]"
22:09:32.002 [main] DEBUG org.apache.http.wire -  << "[\r][\n]"
22:09:32.002 [main] DEBUG o.a.h.i.conn.DefaultClientConnection - Receiving response: HTTP/1.1 200 OK
22:09:32.002 [main] DEBUG org.apache.http.headers - << HTTP/1.1 200 OK
22:09:32.002 [main] DEBUG org.apache.http.headers - << Server: Apache-Coyote/1.1
22:09:32.002 [main] DEBUG org.apache.http.headers - << Content-Type: text/plain;charset=UTF-8
22:09:32.002 [main] DEBUG org.apache.http.headers - << Content-Length: 6
22:09:32.002 [main] DEBUG org.apache.http.headers - << Date: Sun, 07 Feb 2021 21:09:31 GMT
22:09:32.002 [main] DEBUG o.a.h.impl.client.DefaultHttpClient - Connection can be kept alive indefinitely
22:09:32.003 [main] DEBUG i.r.i.RequestSpecificationImpl$RestAssuredHttpBuilder - Parsing response as: text/plain;charset=UTF-8
22:09:32.003 [main] DEBUG i.r.i.RequestSpecificationImpl$RestAssuredHttpBuilder - Parsed data to instance of: class org.apache.http.conn.EofSensorInputStream
22:09:32.003 [main] DEBUG org.apache.http.wire -  << "a:3000"
22:09:32.003 [main] DEBUG o.a.h.i.c.BasicClientConnectionManager - Releasing connection org.apache.http.impl.conn.ManagedClientConnectionImpl@3513c84c
22:09:32.003 [main] DEBUG o.a.h.i.c.BasicClientConnectionManager - Connection can be kept alive indefinitely
22:09:32.008 [main] DEBUG o.a.h.i.c.BasicClientConnectionManager - Get connection for route {}->http://localhost:8080
22:09:32.008 [main] DEBUG o.a.h.i.c.DefaultClientConnectionOperator - Connecting to localhost:8080
22:09:32.009 [main] DEBUG o.a.h.c.protocol.RequestAddCookies - CookieSpec selected: ignoreCookies
22:09:32.009 [main] DEBUG o.a.h.c.protocol.RequestAuthCache - Auth cache not set in the context
22:09:32.009 [main] DEBUG o.a.h.c.p.RequestTargetAuthentication - Target auth state: UNCHALLENGED
22:09:32.009 [main] DEBUG o.a.h.c.p.RequestProxyAuthentication - Proxy auth state: UNCHALLENGED
22:09:32.009 [main] DEBUG o.a.h.impl.client.DefaultHttpClient - Attempt 1 to execute request
22:09:32.009 [main] DEBUG o.a.h.i.conn.DefaultClientConnection - Sending request: GET /2?b=12&c=6&a=20 HTTP/1.1
22:09:32.009 [main] DEBUG org.apache.http.wire -  >> "GET /2?b=12&c=6&a=20 HTTP/1.1[\r][\n]"
22:09:32.009 [main] DEBUG org.apache.http.wire -  >> "Accept: */*[\r][\n]"
22:09:32.009 [main] DEBUG org.apache.http.wire -  >> "Host: localhost:8080[\r][\n]"
22:09:32.009 [main] DEBUG org.apache.http.wire -  >> "Connection: Keep-Alive[\r][\n]"
22:09:32.009 [main] DEBUG org.apache.http.wire -  >> "User-Agent: Apache-HttpClient/4.5.3 (Java/13.0.5.1)[\r][\n]"
22:09:32.009 [main] DEBUG org.apache.http.wire -  >> "Accept-Encoding: gzip,deflate[\r][\n]"
22:09:32.009 [main] DEBUG org.apache.http.wire -  >> "[\r][\n]"
22:09:32.009 [main] DEBUG org.apache.http.headers - >> GET /2?b=12&c=6&a=20 HTTP/1.1
22:09:32.009 [main] DEBUG org.apache.http.headers - >> Accept: */*
22:09:32.009 [main] DEBUG org.apache.http.headers - >> Host: localhost:8080
22:09:32.009 [main] DEBUG org.apache.http.headers - >> Connection: Keep-Alive
22:09:32.009 [main] DEBUG org.apache.http.headers - >> User-Agent: Apache-HttpClient/4.5.3 (Java/13.0.5.1)
22:09:32.009 [main] DEBUG org.apache.http.headers - >> Accept-Encoding: gzip,deflate
22:09:32.032 [main] DEBUG org.apache.http.wire -  << "HTTP/1.1 200 OK[\r][\n]"
22:09:32.032 [main] DEBUG org.apache.http.wire -  << "Server: Apache-Coyote/1.1[\r][\n]"
22:09:32.032 [main] DEBUG org.apache.http.wire -  << "Content-Type: text/plain;charset=UTF-8[\r][\n]"
22:09:32.032 [main] DEBUG org.apache.http.wire -  << "Content-Length: 6[\r][\n]"
22:09:32.032 [main] DEBUG org.apache.http.wire -  << "Date: Sun, 07 Feb 2021 21:09:31 GMT[\r][\n]"
22:09:32.032 [main] DEBUG org.apache.http.wire -  << "[\r][\n]"
22:09:32.032 [main] DEBUG o.a.h.i.conn.DefaultClientConnection - Receiving response: HTTP/1.1 200 OK
22:09:32.032 [main] DEBUG org.apache.http.headers - << HTTP/1.1 200 OK
22:09:32.032 [main] DEBUG org.apache.http.headers - << Server: Apache-Coyote/1.1
22:09:32.032 [main] DEBUG org.apache.http.headers - << Content-Type: text/plain;charset=UTF-8
22:09:32.032 [main] DEBUG org.apache.http.headers - << Content-Length: 6
22:09:32.032 [main] DEBUG org.apache.http.headers - << Date: Sun, 07 Feb 2021 21:09:31 GMT
22:09:32.032 [main] DEBUG o.a.h.impl.client.DefaultHttpClient - Connection can be kept alive indefinitely
22:09:32.033 [main] DEBUG i.r.i.RequestSpecificationImpl$RestAssuredHttpBuilder - Parsing response as: text/plain;charset=UTF-8
22:09:32.033 [main] DEBUG i.r.i.RequestSpecificationImpl$RestAssuredHttpBuilder - Parsed data to instance of: class org.apache.http.conn.EofSensorInputStream
22:09:32.033 [main] DEBUG org.apache.http.wire -  << "a:3000"
22:09:32.033 [main] DEBUG o.a.h.i.c.BasicClientConnectionManager - Releasing connection org.apache.http.impl.conn.ManagedClientConnectionImpl@67bd351e
22:09:32.033 [main] DEBUG o.a.h.i.c.BasicClientConnectionManager - Connection can be kept alive indefinitely
22:09:32.035 [main] DEBUG o.a.h.i.c.BasicClientConnectionManager - Get connection for route {}->http://localhost:8080
22:09:32.035 [main] DEBUG o.a.h.i.c.DefaultClientConnectionOperator - Connecting to localhost:8080
22:09:32.036 [main] DEBUG o.a.h.c.protocol.RequestAddCookies - CookieSpec selected: ignoreCookies
22:09:32.036 [main] DEBUG o.a.h.c.protocol.RequestAuthCache - Auth cache not set in the context
22:09:32.036 [main] DEBUG o.a.h.c.p.RequestTargetAuthentication - Target auth state: UNCHALLENGED
22:09:32.036 [main] DEBUG o.a.h.c.p.RequestProxyAuthentication - Proxy auth state: UNCHALLENGED
22:09:32.036 [main] DEBUG o.a.h.impl.client.DefaultHttpClient - Attempt 1 to execute request
22:09:32.036 [main] DEBUG o.a.h.i.conn.DefaultClientConnection - Sending request: GET /2?b=12&c=6&a=20 HTTP/1.1
22:09:32.036 [main] DEBUG org.apache.http.wire -  >> "GET /2?b=12&c=6&a=20 HTTP/1.1[\r][\n]"
22:09:32.036 [main] DEBUG org.apache.http.wire -  >> "Accept: */*[\r][\n]"
22:09:32.036 [main] DEBUG org.apache.http.wire -  >> "Host: localhost:8080[\r][\n]"
22:09:32.036 [main] DEBUG org.apache.http.wire -  >> "Connection: Keep-Alive[\r][\n]"
22:09:32.036 [main] DEBUG org.apache.http.wire -  >> "User-Agent: Apache-HttpClient/4.5.3 (Java/13.0.5.1)[\r][\n]"
22:09:32.036 [main] DEBUG org.apache.http.wire -  >> "Accept-Encoding: gzip,deflate[\r][\n]"
22:09:32.036 [main] DEBUG org.apache.http.wire -  >> "[\r][\n]"
22:09:32.036 [main] DEBUG org.apache.http.headers - >> GET /2?b=12&c=6&a=20 HTTP/1.1
22:09:32.036 [main] DEBUG org.apache.http.headers - >> Accept: */*
22:09:32.036 [main] DEBUG org.apache.http.headers - >> Host: localhost:8080
22:09:32.036 [main] DEBUG org.apache.http.headers - >> Connection: Keep-Alive
22:09:32.036 [main] DEBUG org.apache.http.headers - >> User-Agent: Apache-HttpClient/4.5.3 (Java/13.0.5.1)
22:09:32.036 [main] DEBUG org.apache.http.headers - >> Accept-Encoding: gzip,deflate
22:09:32.059 [main] DEBUG org.apache.http.wire -  << "HTTP/1.1 200 OK[\r][\n]"
22:09:32.059 [main] DEBUG org.apache.http.wire -  << "Server: Apache-Coyote/1.1[\r][\n]"
22:09:32.059 [main] DEBUG org.apache.http.wire -  << "Content-Type: text/plain;charset=UTF-8[\r][\n]"
22:09:32.059 [main] DEBUG org.apache.http.wire -  << "Content-Length: 6[\r][\n]"
22:09:32.059 [main] DEBUG org.apache.http.wire -  << "Date: Sun, 07 Feb 2021 21:09:31 GMT[\r][\n]"
22:09:32.059 [main] DEBUG org.apache.http.wire -  << "[\r][\n]"
22:09:32.059 [main] DEBUG o.a.h.i.conn.DefaultClientConnection - Receiving response: HTTP/1.1 200 OK
22:09:32.059 [main] DEBUG org.apache.http.headers - << HTTP/1.1 200 OK
22:09:32.059 [main] DEBUG org.apache.http.headers - << Server: Apache-Coyote/1.1
22:09:32.059 [main] DEBUG org.apache.http.headers - << Content-Type: text/plain;charset=UTF-8
22:09:32.059 [main] DEBUG org.apache.http.headers - << Content-Length: 6
22:09:32.059 [main] DEBUG org.apache.http.headers - << Date: Sun, 07 Feb 2021 21:09:31 GMT
22:09:32.059 [main] DEBUG o.a.h.impl.client.DefaultHttpClient - Connection can be kept alive indefinitely
22:09:32.060 [main] DEBUG i.r.i.RequestSpecificationImpl$RestAssuredHttpBuilder - Parsing response as: text/plain;charset=UTF-8
22:09:32.060 [main] DEBUG i.r.i.RequestSpecificationImpl$RestAssuredHttpBuilder - Parsed data to instance of: class org.apache.http.conn.EofSensorInputStream
22:09:32.060 [main] DEBUG org.apache.http.wire -  << "a:3000"
22:09:32.060 [main] DEBUG o.a.h.i.c.BasicClientConnectionManager - Releasing connection org.apache.http.impl.conn.ManagedClientConnectionImpl@91da29b
22:09:32.060 [main] DEBUG o.a.h.i.c.BasicClientConnectionManager - Connection can be kept alive indefinitely
22:09:32.063 [main] DEBUG o.a.h.i.c.BasicClientConnectionManager - Get connection for route {}->http://localhost:8080
22:09:32.063 [main] DEBUG o.a.h.i.c.DefaultClientConnectionOperator - Connecting to localhost:8080
22:09:32.063 [main] DEBUG o.a.h.c.protocol.RequestAddCookies - CookieSpec selected: ignoreCookies
22:09:32.063 [main] DEBUG o.a.h.c.protocol.RequestAuthCache - Auth cache not set in the context
22:09:32.063 [main] DEBUG o.a.h.c.p.RequestTargetAuthentication - Target auth state: UNCHALLENGED
22:09:32.063 [main] DEBUG o.a.h.c.p.RequestProxyAuthentication - Proxy auth state: UNCHALLENGED
22:09:32.063 [main] DEBUG o.a.h.impl.client.DefaultHttpClient - Attempt 1 to execute request
22:09:32.063 [main] DEBUG o.a.h.i.conn.DefaultClientConnection - Sending request: GET /2?b=12&c=6&a=20 HTTP/1.1
22:09:32.063 [main] DEBUG org.apache.http.wire -  >> "GET /2?b=12&c=6&a=20 HTTP/1.1[\r][\n]"
22:09:32.063 [main] DEBUG org.apache.http.wire -  >> "Accept: */*[\r][\n]"
22:09:32.063 [main] DEBUG org.apache.http.wire -  >> "Host: localhost:8080[\r][\n]"
22:09:32.063 [main] DEBUG org.apache.http.wire -  >> "Connection: Keep-Alive[\r][\n]"
22:09:32.063 [main] DEBUG org.apache.http.wire -  >> "User-Agent: Apache-HttpClient/4.5.3 (Java/13.0.5.1)[\r][\n]"
22:09:32.063 [main] DEBUG org.apache.http.wire -  >> "Accept-Encoding: gzip,deflate[\r][\n]"
22:09:32.063 [main] DEBUG org.apache.http.wire -  >> "[\r][\n]"
22:09:32.063 [main] DEBUG org.apache.http.headers - >> GET /2?b=12&c=6&a=20 HTTP/1.1
22:09:32.063 [main] DEBUG org.apache.http.headers - >> Accept: */*
22:09:32.063 [main] DEBUG org.apache.http.headers - >> Host: localhost:8080
22:09:32.063 [main] DEBUG org.apache.http.headers - >> Connection: Keep-Alive
22:09:32.063 [main] DEBUG org.apache.http.headers - >> User-Agent: Apache-HttpClient/4.5.3 (Java/13.0.5.1)
22:09:32.063 [main] DEBUG org.apache.http.headers - >> Accept-Encoding: gzip,deflate
22:09:32.078 [main] DEBUG org.apache.http.wire -  << "HTTP/1.1 200 OK[\r][\n]"
22:09:32.078 [main] DEBUG org.apache.http.wire -  << "Server: Apache-Coyote/1.1[\r][\n]"
22:09:32.078 [main] DEBUG org.apache.http.wire -  << "Content-Type: text/plain;charset=UTF-8[\r][\n]"
22:09:32.078 [main] DEBUG org.apache.http.wire -  << "Content-Length: 6[\r][\n]"
22:09:32.078 [main] DEBUG org.apache.http.wire -  << "Date: Sun, 07 Feb 2021 21:09:32 GMT[\r][\n]"
22:09:32.078 [main] DEBUG org.apache.http.wire -  << "[\r][\n]"
22:09:32.078 [main] DEBUG o.a.h.i.conn.DefaultClientConnection - Receiving response: HTTP/1.1 200 OK
22:09:32.078 [main] DEBUG org.apache.http.headers - << HTTP/1.1 200 OK
22:09:32.078 [main] DEBUG org.apache.http.headers - << Server: Apache-Coyote/1.1
22:09:32.079 [main] DEBUG org.apache.http.headers - << Content-Type: text/plain;charset=UTF-8
22:09:32.079 [main] DEBUG org.apache.http.headers - << Content-Length: 6
22:09:32.079 [main] DEBUG org.apache.http.headers - << Date: Sun, 07 Feb 2021 21:09:32 GMT
22:09:32.079 [main] DEBUG o.a.h.impl.client.DefaultHttpClient - Connection can be kept alive indefinitely
22:09:32.079 [main] DEBUG i.r.i.RequestSpecificationImpl$RestAssuredHttpBuilder - Parsing response as: text/plain;charset=UTF-8
22:09:32.079 [main] DEBUG i.r.i.RequestSpecificationImpl$RestAssuredHttpBuilder - Parsed data to instance of: class org.apache.http.conn.EofSensorInputStream
22:09:32.079 [main] DEBUG org.apache.http.wire -  << "a:3000"
22:09:32.079 [main] DEBUG o.a.h.i.c.BasicClientConnectionManager - Releasing connection org.apache.http.impl.conn.ManagedClientConnectionImpl@47248a48
22:09:32.079 [main] DEBUG o.a.h.i.c.BasicClientConnectionManager - Connection can be kept alive indefinitely
22:09:32.081 [main] DEBUG o.a.h.i.c.BasicClientConnectionManager - Get connection for route {}->http://localhost:8080
22:09:32.081 [main] DEBUG o.a.h.i.c.DefaultClientConnectionOperator - Connecting to localhost:8080
22:09:32.081 [main] DEBUG o.a.h.c.protocol.RequestAddCookies - CookieSpec selected: ignoreCookies
22:09:32.081 [main] DEBUG o.a.h.c.protocol.RequestAuthCache - Auth cache not set in the context
22:09:32.081 [main] DEBUG o.a.h.c.p.RequestTargetAuthentication - Target auth state: UNCHALLENGED
22:09:32.081 [main] DEBUG o.a.h.c.p.RequestProxyAuthentication - Proxy auth state: UNCHALLENGED
22:09:32.081 [main] DEBUG o.a.h.impl.client.DefaultHttpClient - Attempt 1 to execute request
22:09:32.081 [main] DEBUG o.a.h.i.conn.DefaultClientConnection - Sending request: GET /2?b=12&c=6&a=20 HTTP/1.1
22:09:32.081 [main] DEBUG org.apache.http.wire -  >> "GET /2?b=12&c=6&a=20 HTTP/1.1[\r][\n]"
22:09:32.081 [main] DEBUG org.apache.http.wire -  >> "Accept: */*[\r][\n]"
22:09:32.081 [main] DEBUG org.apache.http.wire -  >> "Host: localhost:8080[\r][\n]"
22:09:32.081 [main] DEBUG org.apache.http.wire -  >> "Connection: Keep-Alive[\r][\n]"
22:09:32.081 [main] DEBUG org.apache.http.wire -  >> "User-Agent: Apache-HttpClient/4.5.3 (Java/13.0.5.1)[\r][\n]"
22:09:32.081 [main] DEBUG org.apache.http.wire -  >> "Accept-Encoding: gzip,deflate[\r][\n]"
22:09:32.081 [main] DEBUG org.apache.http.wire -  >> "[\r][\n]"
22:09:32.081 [main] DEBUG org.apache.http.headers - >> GET /2?b=12&c=6&a=20 HTTP/1.1
22:09:32.081 [main] DEBUG org.apache.http.headers - >> Accept: */*
22:09:32.081 [main] DEBUG org.apache.http.headers - >> Host: localhost:8080
22:09:32.081 [main] DEBUG org.apache.http.headers - >> Connection: Keep-Alive
22:09:32.081 [main] DEBUG org.apache.http.headers - >> User-Agent: Apache-HttpClient/4.5.3 (Java/13.0.5.1)
22:09:32.081 [main] DEBUG org.apache.http.headers - >> Accept-Encoding: gzip,deflate
22:09:32.098 [main] DEBUG org.apache.http.wire -  << "HTTP/1.1 200 OK[\r][\n]"
22:09:32.098 [main] DEBUG org.apache.http.wire -  << "Server: Apache-Coyote/1.1[\r][\n]"
22:09:32.098 [main] DEBUG org.apache.http.wire -  << "Content-Type: text/plain;charset=UTF-8[\r][\n]"
22:09:32.098 [main] DEBUG org.apache.http.wire -  << "Content-Length: 6[\r][\n]"
22:09:32.098 [main] DEBUG org.apache.http.wire -  << "Date: Sun, 07 Feb 2021 21:09:32 GMT[\r][\n]"
22:09:32.098 [main] DEBUG org.apache.http.wire -  << "[\r][\n]"
22:09:32.098 [main] DEBUG o.a.h.i.conn.DefaultClientConnection - Receiving response: HTTP/1.1 200 OK
22:09:32.098 [main] DEBUG org.apache.http.headers - << HTTP/1.1 200 OK
22:09:32.098 [main] DEBUG org.apache.http.headers - << Server: Apache-Coyote/1.1
22:09:32.098 [main] DEBUG org.apache.http.headers - << Content-Type: text/plain;charset=UTF-8
22:09:32.098 [main] DEBUG org.apache.http.headers - << Content-Length: 6
22:09:32.098 [main] DEBUG org.apache.http.headers - << Date: Sun, 07 Feb 2021 21:09:32 GMT
22:09:32.098 [main] DEBUG o.a.h.impl.client.DefaultHttpClient - Connection can be kept alive indefinitely
22:09:32.099 [main] DEBUG i.r.i.RequestSpecificationImpl$RestAssuredHttpBuilder - Parsing response as: text/plain;charset=UTF-8
22:09:32.099 [main] DEBUG i.r.i.RequestSpecificationImpl$RestAssuredHttpBuilder - Parsed data to instance of: class org.apache.http.conn.EofSensorInputStream
22:09:32.100 [main] DEBUG org.apache.http.wire -  << "a:3000"
22:09:32.100 [main] DEBUG o.a.h.i.c.BasicClientConnectionManager - Releasing connection org.apache.http.impl.conn.ManagedClientConnectionImpl@7edb6fca
22:09:32.100 [main] DEBUG o.a.h.i.c.BasicClientConnectionManager - Connection can be kept alive indefinitely
22:09:32.103 [main] DEBUG o.a.h.i.c.BasicClientConnectionManager - Get connection for route {}->http://localhost:8080
22:09:32.103 [main] DEBUG o.a.h.i.c.DefaultClientConnectionOperator - Connecting to localhost:8080
22:09:32.104 [main] DEBUG o.a.h.c.protocol.RequestAddCookies - CookieSpec selected: ignoreCookies
22:09:32.104 [main] DEBUG o.a.h.c.protocol.RequestAuthCache - Auth cache not set in the context
22:09:32.104 [main] DEBUG o.a.h.c.p.RequestTargetAuthentication - Target auth state: UNCHALLENGED
22:09:32.104 [main] DEBUG o.a.h.c.p.RequestProxyAuthentication - Proxy auth state: UNCHALLENGED
22:09:32.104 [main] DEBUG o.a.h.impl.client.DefaultHttpClient - Attempt 1 to execute request
22:09:32.104 [main] DEBUG o.a.h.i.conn.DefaultClientConnection - Sending request: GET /2?b=12&c=6&a=20 HTTP/1.1
22:09:32.104 [main] DEBUG org.apache.http.wire -  >> "GET /2?b=12&c=6&a=20 HTTP/1.1[\r][\n]"
22:09:32.104 [main] DEBUG org.apache.http.wire -  >> "Accept: */*[\r][\n]"
22:09:32.104 [main] DEBUG org.apache.http.wire -  >> "Host: localhost:8080[\r][\n]"
22:09:32.104 [main] DEBUG org.apache.http.wire -  >> "Connection: Keep-Alive[\r][\n]"
22:09:32.104 [main] DEBUG org.apache.http.wire -  >> "User-Agent: Apache-HttpClient/4.5.3 (Java/13.0.5.1)[\r][\n]"
22:09:32.104 [main] DEBUG org.apache.http.wire -  >> "Accept-Encoding: gzip,deflate[\r][\n]"
22:09:32.104 [main] DEBUG org.apache.http.wire -  >> "[\r][\n]"
22:09:32.104 [main] DEBUG org.apache.http.headers - >> GET /2?b=12&c=6&a=20 HTTP/1.1
22:09:32.104 [main] DEBUG org.apache.http.headers - >> Accept: */*
22:09:32.104 [main] DEBUG org.apache.http.headers - >> Host: localhost:8080
22:09:32.104 [main] DEBUG org.apache.http.headers - >> Connection: Keep-Alive
22:09:32.104 [main] DEBUG org.apache.http.headers - >> User-Agent: Apache-HttpClient/4.5.3 (Java/13.0.5.1)
22:09:32.104 [main] DEBUG org.apache.http.headers - >> Accept-Encoding: gzip,deflate
22:09:32.121 [main] DEBUG org.apache.http.wire -  << "HTTP/1.1 200 OK[\r][\n]"
22:09:32.121 [main] DEBUG org.apache.http.wire -  << "Server: Apache-Coyote/1.1[\r][\n]"
22:09:32.121 [main] DEBUG org.apache.http.wire -  << "Content-Type: text/plain;charset=UTF-8[\r][\n]"
22:09:32.121 [main] DEBUG org.apache.http.wire -  << "Content-Length: 6[\r][\n]"
22:09:32.121 [main] DEBUG org.apache.http.wire -  << "Date: Sun, 07 Feb 2021 21:09:32 GMT[\r][\n]"
22:09:32.121 [main] DEBUG org.apache.http.wire -  << "[\r][\n]"
22:09:32.121 [main] DEBUG o.a.h.i.conn.DefaultClientConnection - Receiving response: HTTP/1.1 200 OK
22:09:32.121 [main] DEBUG org.apache.http.headers - << HTTP/1.1 200 OK
22:09:32.121 [main] DEBUG org.apache.http.headers - << Server: Apache-Coyote/1.1
22:09:32.121 [main] DEBUG org.apache.http.headers - << Content-Type: text/plain;charset=UTF-8
22:09:32.121 [main] DEBUG org.apache.http.headers - << Content-Length: 6
22:09:32.121 [main] DEBUG org.apache.http.headers - << Date: Sun, 07 Feb 2021 21:09:32 GMT
22:09:32.121 [main] DEBUG o.a.h.impl.client.DefaultHttpClient - Connection can be kept alive indefinitely
22:09:32.121 [main] DEBUG i.r.i.RequestSpecificationImpl$RestAssuredHttpBuilder - Parsing response as: text/plain;charset=UTF-8
22:09:32.121 [main] DEBUG i.r.i.RequestSpecificationImpl$RestAssuredHttpBuilder - Parsed data to instance of: class org.apache.http.conn.EofSensorInputStream
22:09:32.121 [main] DEBUG org.apache.http.wire -  << "a:3000"
22:09:32.121 [main] DEBUG o.a.h.i.c.BasicClientConnectionManager - Releasing connection org.apache.http.impl.conn.ManagedClientConnectionImpl@628b819d
22:09:32.121 [main] DEBUG o.a.h.i.c.BasicClientConnectionManager - Connection can be kept alive indefinitely
22:09:32.124 [main] DEBUG o.a.h.i.c.BasicClientConnectionManager - Get connection for route {}->http://localhost:8080
22:09:32.124 [main] DEBUG o.a.h.i.c.DefaultClientConnectionOperator - Connecting to localhost:8080
22:09:32.124 [main] DEBUG o.a.h.c.protocol.RequestAddCookies - CookieSpec selected: ignoreCookies
22:09:32.124 [main] DEBUG o.a.h.c.protocol.RequestAuthCache - Auth cache not set in the context
22:09:32.124 [main] DEBUG o.a.h.c.p.RequestTargetAuthentication - Target auth state: UNCHALLENGED
22:09:32.124 [main] DEBUG o.a.h.c.p.RequestProxyAuthentication - Proxy auth state: UNCHALLENGED
22:09:32.124 [main] DEBUG o.a.h.impl.client.DefaultHttpClient - Attempt 1 to execute request
22:09:32.124 [main] DEBUG o.a.h.i.conn.DefaultClientConnection - Sending request: GET /2?b=12&c=6&a=20 HTTP/1.1
22:09:32.124 [main] DEBUG org.apache.http.wire -  >> "GET /2?b=12&c=6&a=20 HTTP/1.1[\r][\n]"
22:09:32.124 [main] DEBUG org.apache.http.wire -  >> "Accept: */*[\r][\n]"
22:09:32.124 [main] DEBUG org.apache.http.wire -  >> "Host: localhost:8080[\r][\n]"
22:09:32.124 [main] DEBUG org.apache.http.wire -  >> "Connection: Keep-Alive[\r][\n]"
22:09:32.124 [main] DEBUG org.apache.http.wire -  >> "User-Agent: Apache-HttpClient/4.5.3 (Java/13.0.5.1)[\r][\n]"
22:09:32.124 [main] DEBUG org.apache.http.wire -  >> "Accept-Encoding: gzip,deflate[\r][\n]"
22:09:32.124 [main] DEBUG org.apache.http.wire -  >> "[\r][\n]"
22:09:32.124 [main] DEBUG org.apache.http.headers - >> GET /2?b=12&c=6&a=20 HTTP/1.1
22:09:32.124 [main] DEBUG org.apache.http.headers - >> Accept: */*
22:09:32.124 [main] DEBUG org.apache.http.headers - >> Host: localhost:8080
22:09:32.124 [main] DEBUG org.apache.http.headers - >> Connection: Keep-Alive
22:09:32.124 [main] DEBUG org.apache.http.headers - >> User-Agent: Apache-HttpClient/4.5.3 (Java/13.0.5.1)
22:09:32.124 [main] DEBUG org.apache.http.headers - >> Accept-Encoding: gzip,deflate
22:09:32.145 [main] DEBUG org.apache.http.wire -  << "HTTP/1.1 200 OK[\r][\n]"
22:09:32.145 [main] DEBUG org.apache.http.wire -  << "Server: Apache-Coyote/1.1[\r][\n]"
22:09:32.145 [main] DEBUG org.apache.http.wire -  << "Content-Type: text/plain;charset=UTF-8[\r][\n]"
22:09:32.145 [main] DEBUG org.apache.http.wire -  << "Content-Length: 6[\r][\n]"
22:09:32.145 [main] DEBUG org.apache.http.wire -  << "Date: Sun, 07 Feb 2021 21:09:32 GMT[\r][\n]"
22:09:32.145 [main] DEBUG org.apache.http.wire -  << "[\r][\n]"
22:09:32.145 [main] DEBUG o.a.h.i.conn.DefaultClientConnection - Receiving response: HTTP/1.1 200 OK
22:09:32.145 [main] DEBUG org.apache.http.headers - << HTTP/1.1 200 OK
22:09:32.145 [main] DEBUG org.apache.http.headers - << Server: Apache-Coyote/1.1
22:09:32.145 [main] DEBUG org.apache.http.headers - << Content-Type: text/plain;charset=UTF-8
22:09:32.145 [main] DEBUG org.apache.http.headers - << Content-Length: 6
22:09:32.145 [main] DEBUG org.apache.http.headers - << Date: Sun, 07 Feb 2021 21:09:32 GMT
22:09:32.145 [main] DEBUG o.a.h.impl.client.DefaultHttpClient - Connection can be kept alive indefinitely
22:09:32.145 [main] DEBUG i.r.i.RequestSpecificationImpl$RestAssuredHttpBuilder - Parsing response as: text/plain;charset=UTF-8
22:09:32.145 [main] DEBUG i.r.i.RequestSpecificationImpl$RestAssuredHttpBuilder - Parsed data to instance of: class org.apache.http.conn.EofSensorInputStream
22:09:32.146 [main] DEBUG org.apache.http.wire -  << "a:3000"
22:09:32.146 [main] DEBUG o.a.h.i.c.BasicClientConnectionManager - Releasing connection org.apache.http.impl.conn.ManagedClientConnectionImpl@51f95f0d
22:09:32.146 [main] DEBUG o.a.h.i.c.BasicClientConnectionManager - Connection can be kept alive indefinitely
22:09:32.148 [main] DEBUG o.a.h.i.c.BasicClientConnectionManager - Get connection for route {}->http://localhost:8080
22:09:32.148 [main] DEBUG o.a.h.i.c.DefaultClientConnectionOperator - Connecting to localhost:8080
22:09:32.148 [main] DEBUG o.a.h.c.protocol.RequestAddCookies - CookieSpec selected: ignoreCookies
22:09:32.148 [main] DEBUG o.a.h.c.protocol.RequestAuthCache - Auth cache not set in the context
22:09:32.148 [main] DEBUG o.a.h.c.p.RequestTargetAuthentication - Target auth state: UNCHALLENGED
22:09:32.148 [main] DEBUG o.a.h.c.p.RequestProxyAuthentication - Proxy auth state: UNCHALLENGED
22:09:32.148 [main] DEBUG o.a.h.impl.client.DefaultHttpClient - Attempt 1 to execute request
22:09:32.148 [main] DEBUG o.a.h.i.conn.DefaultClientConnection - Sending request: GET /2?b=12&c=6&a=20 HTTP/1.1
22:09:32.148 [main] DEBUG org.apache.http.wire -  >> "GET /2?b=12&c=6&a=20 HTTP/1.1[\r][\n]"
22:09:32.148 [main] DEBUG org.apache.http.wire -  >> "Accept: */*[\r][\n]"
22:09:32.148 [main] DEBUG org.apache.http.wire -  >> "Host: localhost:8080[\r][\n]"
22:09:32.148 [main] DEBUG org.apache.http.wire -  >> "Connection: Keep-Alive[\r][\n]"
22:09:32.148 [main] DEBUG org.apache.http.wire -  >> "User-Agent: Apache-HttpClient/4.5.3 (Java/13.0.5.1)[\r][\n]"
22:09:32.148 [main] DEBUG org.apache.http.wire -  >> "Accept-Encoding: gzip,deflate[\r][\n]"
22:09:32.148 [main] DEBUG org.apache.http.wire -  >> "[\r][\n]"
22:09:32.148 [main] DEBUG org.apache.http.headers - >> GET /2?b=12&c=6&a=20 HTTP/1.1
22:09:32.148 [main] DEBUG org.apache.http.headers - >> Accept: */*
22:09:32.148 [main] DEBUG org.apache.http.headers - >> Host: localhost:8080
22:09:32.148 [main] DEBUG org.apache.http.headers - >> Connection: Keep-Alive
22:09:32.148 [main] DEBUG org.apache.http.headers - >> User-Agent: Apache-HttpClient/4.5.3 (Java/13.0.5.1)
22:09:32.148 [main] DEBUG org.apache.http.headers - >> Accept-Encoding: gzip,deflate
22:09:32.162 [main] DEBUG org.apache.http.wire -  << "HTTP/1.1 200 OK[\r][\n]"
22:09:32.162 [main] DEBUG org.apache.http.wire -  << "Server: Apache-Coyote/1.1[\r][\n]"
22:09:32.162 [main] DEBUG org.apache.http.wire -  << "Content-Type: text/plain;charset=UTF-8[\r][\n]"
22:09:32.162 [main] DEBUG org.apache.http.wire -  << "Content-Length: 6[\r][\n]"
22:09:32.162 [main] DEBUG org.apache.http.wire -  << "Date: Sun, 07 Feb 2021 21:09:32 GMT[\r][\n]"
22:09:32.162 [main] DEBUG org.apache.http.wire -  << "[\r][\n]"
22:09:32.162 [main] DEBUG o.a.h.i.conn.DefaultClientConnection - Receiving response: HTTP/1.1 200 OK
22:09:32.163 [main] DEBUG org.apache.http.headers - << HTTP/1.1 200 OK
22:09:32.163 [main] DEBUG org.apache.http.headers - << Server: Apache-Coyote/1.1
22:09:32.163 [main] DEBUG org.apache.http.headers - << Content-Type: text/plain;charset=UTF-8
22:09:32.163 [main] DEBUG org.apache.http.headers - << Content-Length: 6
22:09:32.163 [main] DEBUG org.apache.http.headers - << Date: Sun, 07 Feb 2021 21:09:32 GMT
22:09:32.163 [main] DEBUG o.a.h.impl.client.DefaultHttpClient - Connection can be kept alive indefinitely
22:09:32.163 [main] DEBUG i.r.i.RequestSpecificationImpl$RestAssuredHttpBuilder - Parsing response as: text/plain;charset=UTF-8
22:09:32.163 [main] DEBUG i.r.i.RequestSpecificationImpl$RestAssuredHttpBuilder - Parsed data to instance of: class org.apache.http.conn.EofSensorInputStream
22:09:32.163 [main] DEBUG org.apache.http.wire -  << "a:3000"
22:09:32.163 [main] DEBUG o.a.h.i.c.BasicClientConnectionManager - Releasing connection org.apache.http.impl.conn.ManagedClientConnectionImpl@fd09e43
22:09:32.163 [main] DEBUG o.a.h.i.c.BasicClientConnectionManager - Connection can be kept alive indefinitely
22:09:32.166 [main] DEBUG o.a.h.i.c.BasicClientConnectionManager - Get connection for route {}->http://localhost:8080
22:09:32.166 [main] DEBUG o.a.h.i.c.DefaultClientConnectionOperator - Connecting to localhost:8080
22:09:32.166 [main] DEBUG o.a.h.c.protocol.RequestAddCookies - CookieSpec selected: ignoreCookies
22:09:32.166 [main] DEBUG o.a.h.c.protocol.RequestAuthCache - Auth cache not set in the context
22:09:32.166 [main] DEBUG o.a.h.c.p.RequestTargetAuthentication - Target auth state: UNCHALLENGED
22:09:32.166 [main] DEBUG o.a.h.c.p.RequestProxyAuthentication - Proxy auth state: UNCHALLENGED
22:09:32.166 [main] DEBUG o.a.h.impl.client.DefaultHttpClient - Attempt 1 to execute request
22:09:32.167 [main] DEBUG o.a.h.i.conn.DefaultClientConnection - Sending request: GET /2?b=12&c=6&a=20 HTTP/1.1
22:09:32.167 [main] DEBUG org.apache.http.wire -  >> "GET /2?b=12&c=6&a=20 HTTP/1.1[\r][\n]"
22:09:32.167 [main] DEBUG org.apache.http.wire -  >> "Accept: */*[\r][\n]"
22:09:32.167 [main] DEBUG org.apache.http.wire -  >> "Host: localhost:8080[\r][\n]"
22:09:32.167 [main] DEBUG org.apache.http.wire -  >> "Connection: Keep-Alive[\r][\n]"
22:09:32.167 [main] DEBUG org.apache.http.wire -  >> "User-Agent: Apache-HttpClient/4.5.3 (Java/13.0.5.1)[\r][\n]"
22:09:32.167 [main] DEBUG org.apache.http.wire -  >> "Accept-Encoding: gzip,deflate[\r][\n]"
22:09:32.167 [main] DEBUG org.apache.http.wire -  >> "[\r][\n]"
22:09:32.167 [main] DEBUG org.apache.http.headers - >> GET /2?b=12&c=6&a=20 HTTP/1.1
22:09:32.167 [main] DEBUG org.apache.http.headers - >> Accept: */*
22:09:32.167 [main] DEBUG org.apache.http.headers - >> Host: localhost:8080
22:09:32.167 [main] DEBUG org.apache.http.headers - >> Connection: Keep-Alive
22:09:32.167 [main] DEBUG org.apache.http.headers - >> User-Agent: Apache-HttpClient/4.5.3 (Java/13.0.5.1)
22:09:32.167 [main] DEBUG org.apache.http.headers - >> Accept-Encoding: gzip,deflate
22:09:32.185 [main] DEBUG org.apache.http.wire -  << "HTTP/1.1 200 OK[\r][\n]"
22:09:32.185 [main] DEBUG org.apache.http.wire -  << "Server: Apache-Coyote/1.1[\r][\n]"
22:09:32.185 [main] DEBUG org.apache.http.wire -  << "Content-Type: text/plain;charset=UTF-8[\r][\n]"
22:09:32.185 [main] DEBUG org.apache.http.wire -  << "Content-Length: 6[\r][\n]"
22:09:32.185 [main] DEBUG org.apache.http.wire -  << "Date: Sun, 07 Feb 2021 21:09:32 GMT[\r][\n]"
22:09:32.185 [main] DEBUG org.apache.http.wire -  << "[\r][\n]"
22:09:32.185 [main] DEBUG o.a.h.i.conn.DefaultClientConnection - Receiving response: HTTP/1.1 200 OK
22:09:32.185 [main] DEBUG org.apache.http.headers - << HTTP/1.1 200 OK
22:09:32.185 [main] DEBUG org.apache.http.headers - << Server: Apache-Coyote/1.1
22:09:32.185 [main] DEBUG org.apache.http.headers - << Content-Type: text/plain;charset=UTF-8
22:09:32.185 [main] DEBUG org.apache.http.headers - << Content-Length: 6
22:09:32.185 [main] DEBUG org.apache.http.headers - << Date: Sun, 07 Feb 2021 21:09:32 GMT
22:09:32.185 [main] DEBUG o.a.h.impl.client.DefaultHttpClient - Connection can be kept alive indefinitely
22:09:32.185 [main] DEBUG i.r.i.RequestSpecificationImpl$RestAssuredHttpBuilder - Parsing response as: text/plain;charset=UTF-8
22:09:32.185 [main] DEBUG i.r.i.RequestSpecificationImpl$RestAssuredHttpBuilder - Parsed data to instance of: class org.apache.http.conn.EofSensorInputStream
22:09:32.186 [main] DEBUG org.apache.http.wire -  << "a:3000"
22:09:32.186 [main] DEBUG o.a.h.i.c.BasicClientConnectionManager - Releasing connection org.apache.http.impl.conn.ManagedClientConnectionImpl@609319c3
22:09:32.186 [main] DEBUG o.a.h.i.c.BasicClientConnectionManager - Connection can be kept alive indefinitely
22:09:32.188 [main] DEBUG o.a.h.i.c.BasicClientConnectionManager - Get connection for route {}->http://localhost:8080
22:09:32.189 [main] DEBUG o.a.h.i.c.DefaultClientConnectionOperator - Connecting to localhost:8080
22:09:32.189 [main] DEBUG o.a.h.c.protocol.RequestAddCookies - CookieSpec selected: ignoreCookies
22:09:32.189 [main] DEBUG o.a.h.c.protocol.RequestAuthCache - Auth cache not set in the context
22:09:32.189 [main] DEBUG o.a.h.c.p.RequestTargetAuthentication - Target auth state: UNCHALLENGED
22:09:32.189 [main] DEBUG o.a.h.c.p.RequestProxyAuthentication - Proxy auth state: UNCHALLENGED
22:09:32.189 [main] DEBUG o.a.h.impl.client.DefaultHttpClient - Attempt 1 to execute request
22:09:32.189 [main] DEBUG o.a.h.i.conn.DefaultClientConnection - Sending request: GET /2?b=12&c=6&a=20 HTTP/1.1
22:09:32.189 [main] DEBUG org.apache.http.wire -  >> "GET /2?b=12&c=6&a=20 HTTP/1.1[\r][\n]"
22:09:32.189 [main] DEBUG org.apache.http.wire -  >> "Accept: */*[\r][\n]"
22:09:32.189 [main] DEBUG org.apache.http.wire -  >> "Host: localhost:8080[\r][\n]"
22:09:32.189 [main] DEBUG org.apache.http.wire -  >> "Connection: Keep-Alive[\r][\n]"
22:09:32.189 [main] DEBUG org.apache.http.wire -  >> "User-Agent: Apache-HttpClient/4.5.3 (Java/13.0.5.1)[\r][\n]"
22:09:32.189 [main] DEBUG org.apache.http.wire -  >> "Accept-Encoding: gzip,deflate[\r][\n]"
22:09:32.189 [main] DEBUG org.apache.http.wire -  >> "[\r][\n]"
22:09:32.189 [main] DEBUG org.apache.http.headers - >> GET /2?b=12&c=6&a=20 HTTP/1.1
22:09:32.189 [main] DEBUG org.apache.http.headers - >> Accept: */*
22:09:32.189 [main] DEBUG org.apache.http.headers - >> Host: localhost:8080
22:09:32.189 [main] DEBUG org.apache.http.headers - >> Connection: Keep-Alive
22:09:32.189 [main] DEBUG org.apache.http.headers - >> User-Agent: Apache-HttpClient/4.5.3 (Java/13.0.5.1)
22:09:32.189 [main] DEBUG org.apache.http.headers - >> Accept-Encoding: gzip,deflate
22:09:32.205 [main] DEBUG org.apache.http.wire -  << "HTTP/1.1 200 OK[\r][\n]"
22:09:32.205 [main] DEBUG org.apache.http.wire -  << "Server: Apache-Coyote/1.1[\r][\n]"
22:09:32.205 [main] DEBUG org.apache.http.wire -  << "Content-Type: text/plain;charset=UTF-8[\r][\n]"
22:09:32.205 [main] DEBUG org.apache.http.wire -  << "Content-Length: 6[\r][\n]"
22:09:32.205 [main] DEBUG org.apache.http.wire -  << "Date: Sun, 07 Feb 2021 21:09:32 GMT[\r][\n]"
22:09:32.205 [main] DEBUG org.apache.http.wire -  << "[\r][\n]"
22:09:32.205 [main] DEBUG o.a.h.i.conn.DefaultClientConnection - Receiving response: HTTP/1.1 200 OK
22:09:32.205 [main] DEBUG org.apache.http.headers - << HTTP/1.1 200 OK
22:09:32.205 [main] DEBUG org.apache.http.headers - << Server: Apache-Coyote/1.1
22:09:32.205 [main] DEBUG org.apache.http.headers - << Content-Type: text/plain;charset=UTF-8
22:09:32.205 [main] DEBUG org.apache.http.headers - << Content-Length: 6
22:09:32.205 [main] DEBUG org.apache.http.headers - << Date: Sun, 07 Feb 2021 21:09:32 GMT
22:09:32.205 [main] DEBUG o.a.h.impl.client.DefaultHttpClient - Connection can be kept alive indefinitely
22:09:32.205 [main] DEBUG i.r.i.RequestSpecificationImpl$RestAssuredHttpBuilder - Parsing response as: text/plain;charset=UTF-8
22:09:32.205 [main] DEBUG i.r.i.RequestSpecificationImpl$RestAssuredHttpBuilder - Parsed data to instance of: class org.apache.http.conn.EofSensorInputStream
22:09:32.205 [main] DEBUG org.apache.http.wire -  << "a:3000"
22:09:32.205 [main] DEBUG o.a.h.i.c.BasicClientConnectionManager - Releasing connection org.apache.http.impl.conn.ManagedClientConnectionImpl@25be445f
22:09:32.205 [main] DEBUG o.a.h.i.c.BasicClientConnectionManager - Connection can be kept alive indefinitely
22:09:32.207 [main] DEBUG o.a.h.i.c.BasicClientConnectionManager - Get connection for route {}->http://localhost:8080
22:09:32.207 [main] DEBUG o.a.h.i.c.DefaultClientConnectionOperator - Connecting to localhost:8080
22:09:32.208 [main] DEBUG o.a.h.c.protocol.RequestAddCookies - CookieSpec selected: ignoreCookies
22:09:32.208 [main] DEBUG o.a.h.c.protocol.RequestAuthCache - Auth cache not set in the context
22:09:32.208 [main] DEBUG o.a.h.c.p.RequestTargetAuthentication - Target auth state: UNCHALLENGED
22:09:32.208 [main] DEBUG o.a.h.c.p.RequestProxyAuthentication - Proxy auth state: UNCHALLENGED
22:09:32.208 [main] DEBUG o.a.h.impl.client.DefaultHttpClient - Attempt 1 to execute request
22:09:32.208 [main] DEBUG o.a.h.i.conn.DefaultClientConnection - Sending request: GET /2?b=12&c=6&a=20 HTTP/1.1
22:09:32.208 [main] DEBUG org.apache.http.wire -  >> "GET /2?b=12&c=6&a=20 HTTP/1.1[\r][\n]"
22:09:32.208 [main] DEBUG org.apache.http.wire -  >> "Accept: */*[\r][\n]"
22:09:32.208 [main] DEBUG org.apache.http.wire -  >> "Host: localhost:8080[\r][\n]"
22:09:32.208 [main] DEBUG org.apache.http.wire -  >> "Connection: Keep-Alive[\r][\n]"
22:09:32.208 [main] DEBUG org.apache.http.wire -  >> "User-Agent: Apache-HttpClient/4.5.3 (Java/13.0.5.1)[\r][\n]"
22:09:32.208 [main] DEBUG org.apache.http.wire -  >> "Accept-Encoding: gzip,deflate[\r][\n]"
22:09:32.208 [main] DEBUG org.apache.http.wire -  >> "[\r][\n]"
22:09:32.208 [main] DEBUG org.apache.http.headers - >> GET /2?b=12&c=6&a=20 HTTP/1.1
22:09:32.208 [main] DEBUG org.apache.http.headers - >> Accept: */*
22:09:32.208 [main] DEBUG org.apache.http.headers - >> Host: localhost:8080
22:09:32.208 [main] DEBUG org.apache.http.headers - >> Connection: Keep-Alive
22:09:32.208 [main] DEBUG org.apache.http.headers - >> User-Agent: Apache-HttpClient/4.5.3 (Java/13.0.5.1)
22:09:32.208 [main] DEBUG org.apache.http.headers - >> Accept-Encoding: gzip,deflate
22:09:32.233 [main] DEBUG org.apache.http.wire -  << "HTTP/1.1 200 OK[\r][\n]"
22:09:32.233 [main] DEBUG org.apache.http.wire -  << "Server: Apache-Coyote/1.1[\r][\n]"
22:09:32.233 [main] DEBUG org.apache.http.wire -  << "Content-Type: text/plain;charset=UTF-8[\r][\n]"
22:09:32.233 [main] DEBUG org.apache.http.wire -  << "Content-Length: 6[\r][\n]"
22:09:32.233 [main] DEBUG org.apache.http.wire -  << "Date: Sun, 07 Feb 2021 21:09:32 GMT[\r][\n]"
22:09:32.233 [main] DEBUG org.apache.http.wire -  << "[\r][\n]"
22:09:32.233 [main] DEBUG o.a.h.i.conn.DefaultClientConnection - Receiving response: HTTP/1.1 200 OK
22:09:32.233 [main] DEBUG org.apache.http.headers - << HTTP/1.1 200 OK
22:09:32.233 [main] DEBUG org.apache.http.headers - << Server: Apache-Coyote/1.1
22:09:32.233 [main] DEBUG org.apache.http.headers - << Content-Type: text/plain;charset=UTF-8
22:09:32.233 [main] DEBUG org.apache.http.headers - << Content-Length: 6
22:09:32.233 [main] DEBUG org.apache.http.headers - << Date: Sun, 07 Feb 2021 21:09:32 GMT
22:09:32.233 [main] DEBUG o.a.h.impl.client.DefaultHttpClient - Connection can be kept alive indefinitely
22:09:32.233 [main] DEBUG i.r.i.RequestSpecificationImpl$RestAssuredHttpBuilder - Parsing response as: text/plain;charset=UTF-8
22:09:32.233 [main] DEBUG i.r.i.RequestSpecificationImpl$RestAssuredHttpBuilder - Parsed data to instance of: class org.apache.http.conn.EofSensorInputStream
22:09:32.234 [main] DEBUG org.apache.http.wire -  << "a:3000"
22:09:32.234 [main] DEBUG o.a.h.i.c.BasicClientConnectionManager - Releasing connection org.apache.http.impl.conn.ManagedClientConnectionImpl@25f61c2c
22:09:32.234 [main] DEBUG o.a.h.i.c.BasicClientConnectionManager - Connection can be kept alive indefinitely
22:09:32.236 [main] DEBUG o.a.h.i.c.BasicClientConnectionManager - Get connection for route {}->http://localhost:8080
22:09:32.236 [main] DEBUG o.a.h.i.c.DefaultClientConnectionOperator - Connecting to localhost:8080
22:09:32.236 [main] DEBUG o.a.h.c.protocol.RequestAddCookies - CookieSpec selected: ignoreCookies
22:09:32.236 [main] DEBUG o.a.h.c.protocol.RequestAuthCache - Auth cache not set in the context
22:09:32.236 [main] DEBUG o.a.h.c.p.RequestTargetAuthentication - Target auth state: UNCHALLENGED
22:09:32.236 [main] DEBUG o.a.h.c.p.RequestProxyAuthentication - Proxy auth state: UNCHALLENGED
22:09:32.236 [main] DEBUG o.a.h.impl.client.DefaultHttpClient - Attempt 1 to execute request
22:09:32.236 [main] DEBUG o.a.h.i.conn.DefaultClientConnection - Sending request: GET /2?b=12&c=6&a=20 HTTP/1.1
22:09:32.237 [main] DEBUG org.apache.http.wire -  >> "GET /2?b=12&c=6&a=20 HTTP/1.1[\r][\n]"
22:09:32.237 [main] DEBUG org.apache.http.wire -  >> "Accept: */*[\r][\n]"
22:09:32.237 [main] DEBUG org.apache.http.wire -  >> "Host: localhost:8080[\r][\n]"
22:09:32.237 [main] DEBUG org.apache.http.wire -  >> "Connection: Keep-Alive[\r][\n]"
22:09:32.237 [main] DEBUG org.apache.http.wire -  >> "User-Agent: Apache-HttpClient/4.5.3 (Java/13.0.5.1)[\r][\n]"
22:09:32.237 [main] DEBUG org.apache.http.wire -  >> "Accept-Encoding: gzip,deflate[\r][\n]"
22:09:32.237 [main] DEBUG org.apache.http.wire -  >> "[\r][\n]"
22:09:32.237 [main] DEBUG org.apache.http.headers - >> GET /2?b=12&c=6&a=20 HTTP/1.1
22:09:32.237 [main] DEBUG org.apache.http.headers - >> Accept: */*
22:09:32.237 [main] DEBUG org.apache.http.headers - >> Host: localhost:8080
22:09:32.237 [main] DEBUG org.apache.http.headers - >> Connection: Keep-Alive
22:09:32.237 [main] DEBUG org.apache.http.headers - >> User-Agent: Apache-HttpClient/4.5.3 (Java/13.0.5.1)
22:09:32.237 [main] DEBUG org.apache.http.headers - >> Accept-Encoding: gzip,deflate
22:09:32.255 [main] DEBUG org.apache.http.wire -  << "HTTP/1.1 200 OK[\r][\n]"
22:09:32.255 [main] DEBUG org.apache.http.wire -  << "Server: Apache-Coyote/1.1[\r][\n]"
22:09:32.255 [main] DEBUG org.apache.http.wire -  << "Content-Type: text/plain;charset=UTF-8[\r][\n]"
22:09:32.255 [main] DEBUG org.apache.http.wire -  << "Content-Length: 6[\r][\n]"
22:09:32.255 [main] DEBUG org.apache.http.wire -  << "Date: Sun, 07 Feb 2021 21:09:32 GMT[\r][\n]"
22:09:32.255 [main] DEBUG org.apache.http.wire -  << "[\r][\n]"
22:09:32.255 [main] DEBUG o.a.h.i.conn.DefaultClientConnection - Receiving response: HTTP/1.1 200 OK
22:09:32.255 [main] DEBUG org.apache.http.headers - << HTTP/1.1 200 OK
22:09:32.255 [main] DEBUG org.apache.http.headers - << Server: Apache-Coyote/1.1
22:09:32.255 [main] DEBUG org.apache.http.headers - << Content-Type: text/plain;charset=UTF-8
22:09:32.255 [main] DEBUG org.apache.http.headers - << Content-Length: 6
22:09:32.255 [main] DEBUG org.apache.http.headers - << Date: Sun, 07 Feb 2021 21:09:32 GMT
22:09:32.255 [main] DEBUG o.a.h.impl.client.DefaultHttpClient - Connection can be kept alive indefinitely
22:09:32.255 [main] DEBUG i.r.i.RequestSpecificationImpl$RestAssuredHttpBuilder - Parsing response as: text/plain;charset=UTF-8
22:09:32.255 [main] DEBUG i.r.i.RequestSpecificationImpl$RestAssuredHttpBuilder - Parsed data to instance of: class org.apache.http.conn.EofSensorInputStream
22:09:32.255 [main] DEBUG org.apache.http.wire -  << "a:3000"
22:09:32.255 [main] DEBUG o.a.h.i.c.BasicClientConnectionManager - Releasing connection org.apache.http.impl.conn.ManagedClientConnectionImpl@2d2b6960
22:09:32.255 [main] DEBUG o.a.h.i.c.BasicClientConnectionManager - Connection can be kept alive indefinitely
22:09:32.257 [main] DEBUG o.a.h.i.c.BasicClientConnectionManager - Get connection for route {}->http://localhost:8080
22:09:32.257 [main] DEBUG o.a.h.i.c.DefaultClientConnectionOperator - Connecting to localhost:8080
22:09:32.258 [main] DEBUG o.a.h.c.protocol.RequestAddCookies - CookieSpec selected: ignoreCookies
22:09:32.258 [main] DEBUG o.a.h.c.protocol.RequestAuthCache - Auth cache not set in the context
22:09:32.258 [main] DEBUG o.a.h.c.p.RequestTargetAuthentication - Target auth state: UNCHALLENGED
22:09:32.258 [main] DEBUG o.a.h.c.p.RequestProxyAuthentication - Proxy auth state: UNCHALLENGED
22:09:32.258 [main] DEBUG o.a.h.impl.client.DefaultHttpClient - Attempt 1 to execute request
22:09:32.258 [main] DEBUG o.a.h.i.conn.DefaultClientConnection - Sending request: GET /2?b=12&c=6&a=20 HTTP/1.1
22:09:32.258 [main] DEBUG org.apache.http.wire -  >> "GET /2?b=12&c=6&a=20 HTTP/1.1[\r][\n]"
22:09:32.258 [main] DEBUG org.apache.http.wire -  >> "Accept: */*[\r][\n]"
22:09:32.258 [main] DEBUG org.apache.http.wire -  >> "Host: localhost:8080[\r][\n]"
22:09:32.258 [main] DEBUG org.apache.http.wire -  >> "Connection: Keep-Alive[\r][\n]"
22:09:32.258 [main] DEBUG org.apache.http.wire -  >> "User-Agent: Apache-HttpClient/4.5.3 (Java/13.0.5.1)[\r][\n]"
22:09:32.258 [main] DEBUG org.apache.http.wire -  >> "Accept-Encoding: gzip,deflate[\r][\n]"
22:09:32.258 [main] DEBUG org.apache.http.wire -  >> "[\r][\n]"
22:09:32.258 [main] DEBUG org.apache.http.headers - >> GET /2?b=12&c=6&a=20 HTTP/1.1
22:09:32.258 [main] DEBUG org.apache.http.headers - >> Accept: */*
22:09:32.258 [main] DEBUG org.apache.http.headers - >> Host: localhost:8080
22:09:32.258 [main] DEBUG org.apache.http.headers - >> Connection: Keep-Alive
22:09:32.258 [main] DEBUG org.apache.http.headers - >> User-Agent: Apache-HttpClient/4.5.3 (Java/13.0.5.1)
22:09:32.258 [main] DEBUG org.apache.http.headers - >> Accept-Encoding: gzip,deflate
22:09:32.278 [main] DEBUG org.apache.http.wire -  << "HTTP/1.1 200 OK[\r][\n]"
22:09:32.278 [main] DEBUG org.apache.http.wire -  << "Server: Apache-Coyote/1.1[\r][\n]"
22:09:32.278 [main] DEBUG org.apache.http.wire -  << "Content-Type: text/plain;charset=UTF-8[\r][\n]"
22:09:32.278 [main] DEBUG org.apache.http.wire -  << "Content-Length: 6[\r][\n]"
22:09:32.278 [main] DEBUG org.apache.http.wire -  << "Date: Sun, 07 Feb 2021 21:09:32 GMT[\r][\n]"
22:09:32.278 [main] DEBUG org.apache.http.wire -  << "[\r][\n]"
22:09:32.278 [main] DEBUG o.a.h.i.conn.DefaultClientConnection - Receiving response: HTTP/1.1 200 OK
22:09:32.278 [main] DEBUG org.apache.http.headers - << HTTP/1.1 200 OK
22:09:32.278 [main] DEBUG org.apache.http.headers - << Server: Apache-Coyote/1.1
22:09:32.278 [main] DEBUG org.apache.http.headers - << Content-Type: text/plain;charset=UTF-8
22:09:32.278 [main] DEBUG org.apache.http.headers - << Content-Length: 6
22:09:32.278 [main] DEBUG org.apache.http.headers - << Date: Sun, 07 Feb 2021 21:09:32 GMT
22:09:32.278 [main] DEBUG o.a.h.impl.client.DefaultHttpClient - Connection can be kept alive indefinitely
22:09:32.278 [main] DEBUG i.r.i.RequestSpecificationImpl$RestAssuredHttpBuilder - Parsing response as: text/plain;charset=UTF-8
22:09:32.278 [main] DEBUG i.r.i.RequestSpecificationImpl$RestAssuredHttpBuilder - Parsed data to instance of: class org.apache.http.conn.EofSensorInputStream
22:09:32.278 [main] DEBUG org.apache.http.wire -  << "a:3000"
22:09:32.279 [main] DEBUG o.a.h.i.c.BasicClientConnectionManager - Releasing connection org.apache.http.impl.conn.ManagedClientConnectionImpl@40ef0af8
22:09:32.279 [main] DEBUG o.a.h.i.c.BasicClientConnectionManager - Connection can be kept alive indefinitely
22:09:32.281 [main] DEBUG o.a.h.i.c.BasicClientConnectionManager - Get connection for route {}->http://localhost:8080
22:09:32.281 [main] DEBUG o.a.h.i.c.DefaultClientConnectionOperator - Connecting to localhost:8080
22:09:32.282 [main] DEBUG o.a.h.c.protocol.RequestAddCookies - CookieSpec selected: ignoreCookies
22:09:32.282 [main] DEBUG o.a.h.c.protocol.RequestAuthCache - Auth cache not set in the context
22:09:32.282 [main] DEBUG o.a.h.c.p.RequestTargetAuthentication - Target auth state: UNCHALLENGED
22:09:32.282 [main] DEBUG o.a.h.c.p.RequestProxyAuthentication - Proxy auth state: UNCHALLENGED
22:09:32.282 [main] DEBUG o.a.h.impl.client.DefaultHttpClient - Attempt 1 to execute request
22:09:32.282 [main] DEBUG o.a.h.i.conn.DefaultClientConnection - Sending request: GET /2?b=12&c=6&a=20 HTTP/1.1
22:09:32.282 [main] DEBUG org.apache.http.wire -  >> "GET /2?b=12&c=6&a=20 HTTP/1.1[\r][\n]"
22:09:32.282 [main] DEBUG org.apache.http.wire -  >> "Accept: */*[\r][\n]"
22:09:32.282 [main] DEBUG org.apache.http.wire -  >> "Host: localhost:8080[\r][\n]"
22:09:32.282 [main] DEBUG org.apache.http.wire -  >> "Connection: Keep-Alive[\r][\n]"
22:09:32.282 [main] DEBUG org.apache.http.wire -  >> "User-Agent: Apache-HttpClient/4.5.3 (Java/13.0.5.1)[\r][\n]"
22:09:32.282 [main] DEBUG org.apache.http.wire -  >> "Accept-Encoding: gzip,deflate[\r][\n]"
22:09:32.282 [main] DEBUG org.apache.http.wire -  >> "[\r][\n]"
22:09:32.282 [main] DEBUG org.apache.http.headers - >> GET /2?b=12&c=6&a=20 HTTP/1.1
22:09:32.282 [main] DEBUG org.apache.http.headers - >> Accept: */*
22:09:32.282 [main] DEBUG org.apache.http.headers - >> Host: localhost:8080
22:09:32.282 [main] DEBUG org.apache.http.headers - >> Connection: Keep-Alive
22:09:32.282 [main] DEBUG org.apache.http.headers - >> User-Agent: Apache-HttpClient/4.5.3 (Java/13.0.5.1)
22:09:32.282 [main] DEBUG org.apache.http.headers - >> Accept-Encoding: gzip,deflate
22:09:32.299 [main] DEBUG org.apache.http.wire -  << "HTTP/1.1 200 OK[\r][\n]"
22:09:32.299 [main] DEBUG org.apache.http.wire -  << "Server: Apache-Coyote/1.1[\r][\n]"
22:09:32.299 [main] DEBUG org.apache.http.wire -  << "Content-Type: text/plain;charset=UTF-8[\r][\n]"
22:09:32.299 [main] DEBUG org.apache.http.wire -  << "Content-Length: 6[\r][\n]"
22:09:32.299 [main] DEBUG org.apache.http.wire -  << "Date: Sun, 07 Feb 2021 21:09:32 GMT[\r][\n]"
22:09:32.299 [main] DEBUG org.apache.http.wire -  << "[\r][\n]"
22:09:32.299 [main] DEBUG o.a.h.i.conn.DefaultClientConnection - Receiving response: HTTP/1.1 200 OK
22:09:32.299 [main] DEBUG org.apache.http.headers - << HTTP/1.1 200 OK
22:09:32.299 [main] DEBUG org.apache.http.headers - << Server: Apache-Coyote/1.1
22:09:32.299 [main] DEBUG org.apache.http.headers - << Content-Type: text/plain;charset=UTF-8
22:09:32.299 [main] DEBUG org.apache.http.headers - << Content-Length: 6
22:09:32.299 [main] DEBUG org.apache.http.headers - << Date: Sun, 07 Feb 2021 21:09:32 GMT
22:09:32.300 [main] DEBUG o.a.h.impl.client.DefaultHttpClient - Connection can be kept alive indefinitely
22:09:32.300 [main] DEBUG i.r.i.RequestSpecificationImpl$RestAssuredHttpBuilder - Parsing response as: text/plain;charset=UTF-8
22:09:32.300 [main] DEBUG i.r.i.RequestSpecificationImpl$RestAssuredHttpBuilder - Parsed data to instance of: class org.apache.http.conn.EofSensorInputStream
22:09:32.301 [main] DEBUG org.apache.http.wire -  << "a:3000"
22:09:32.301 [main] DEBUG o.a.h.i.c.BasicClientConnectionManager - Releasing connection org.apache.http.impl.conn.ManagedClientConnectionImpl@7e3d7dd
22:09:32.301 [main] DEBUG o.a.h.i.c.BasicClientConnectionManager - Connection can be kept alive indefinitely
22:09:32.306 [main] DEBUG o.a.h.i.c.BasicClientConnectionManager - Get connection for route {}->http://localhost:8080
22:09:32.306 [main] DEBUG o.a.h.i.c.DefaultClientConnectionOperator - Connecting to localhost:8080
22:09:32.306 [main] DEBUG o.a.h.c.protocol.RequestAddCookies - CookieSpec selected: ignoreCookies
22:09:32.306 [main] DEBUG o.a.h.c.protocol.RequestAuthCache - Auth cache not set in the context
22:09:32.306 [main] DEBUG o.a.h.c.p.RequestTargetAuthentication - Target auth state: UNCHALLENGED
22:09:32.306 [main] DEBUG o.a.h.c.p.RequestProxyAuthentication - Proxy auth state: UNCHALLENGED
22:09:32.307 [main] DEBUG o.a.h.impl.client.DefaultHttpClient - Attempt 1 to execute request
22:09:32.307 [main] DEBUG o.a.h.i.conn.DefaultClientConnection - Sending request: GET /2?b=12&c=6&a=20 HTTP/1.1
22:09:32.307 [main] DEBUG org.apache.http.wire -  >> "GET /2?b=12&c=6&a=20 HTTP/1.1[\r][\n]"
22:09:32.307 [main] DEBUG org.apache.http.wire -  >> "Accept: */*[\r][\n]"
22:09:32.307 [main] DEBUG org.apache.http.wire -  >> "Host: localhost:8080[\r][\n]"
22:09:32.307 [main] DEBUG org.apache.http.wire -  >> "Connection: Keep-Alive[\r][\n]"
22:09:32.307 [main] DEBUG org.apache.http.wire -  >> "User-Agent: Apache-HttpClient/4.5.3 (Java/13.0.5.1)[\r][\n]"
22:09:32.307 [main] DEBUG org.apache.http.wire -  >> "Accept-Encoding: gzip,deflate[\r][\n]"
22:09:32.307 [main] DEBUG org.apache.http.wire -  >> "[\r][\n]"
22:09:32.307 [main] DEBUG org.apache.http.headers - >> GET /2?b=12&c=6&a=20 HTTP/1.1
22:09:32.307 [main] DEBUG org.apache.http.headers - >> Accept: */*
22:09:32.307 [main] DEBUG org.apache.http.headers - >> Host: localhost:8080
22:09:32.307 [main] DEBUG org.apache.http.headers - >> Connection: Keep-Alive
22:09:32.307 [main] DEBUG org.apache.http.headers - >> User-Agent: Apache-HttpClient/4.5.3 (Java/13.0.5.1)
22:09:32.307 [main] DEBUG org.apache.http.headers - >> Accept-Encoding: gzip,deflate
22:09:32.323 [main] DEBUG org.apache.http.wire -  << "HTTP/1.1 200 OK[\r][\n]"
22:09:32.323 [main] DEBUG org.apache.http.wire -  << "Server: Apache-Coyote/1.1[\r][\n]"
22:09:32.323 [main] DEBUG org.apache.http.wire -  << "Content-Type: text/plain;charset=UTF-8[\r][\n]"
22:09:32.323 [main] DEBUG org.apache.http.wire -  << "Content-Length: 6[\r][\n]"
22:09:32.323 [main] DEBUG org.apache.http.wire -  << "Date: Sun, 07 Feb 2021 21:09:32 GMT[\r][\n]"
22:09:32.323 [main] DEBUG org.apache.http.wire -  << "[\r][\n]"
22:09:32.323 [main] DEBUG o.a.h.i.conn.DefaultClientConnection - Receiving response: HTTP/1.1 200 OK
22:09:32.323 [main] DEBUG org.apache.http.headers - << HTTP/1.1 200 OK
22:09:32.323 [main] DEBUG org.apache.http.headers - << Server: Apache-Coyote/1.1
22:09:32.323 [main] DEBUG org.apache.http.headers - << Content-Type: text/plain;charset=UTF-8
22:09:32.323 [main] DEBUG org.apache.http.headers - << Content-Length: 6
22:09:32.323 [main] DEBUG org.apache.http.headers - << Date: Sun, 07 Feb 2021 21:09:32 GMT
22:09:32.323 [main] DEBUG o.a.h.impl.client.DefaultHttpClient - Connection can be kept alive indefinitely
22:09:32.323 [main] DEBUG i.r.i.RequestSpecificationImpl$RestAssuredHttpBuilder - Parsing response as: text/plain;charset=UTF-8
22:09:32.323 [main] DEBUG i.r.i.RequestSpecificationImpl$RestAssuredHttpBuilder - Parsed data to instance of: class org.apache.http.conn.EofSensorInputStream
22:09:32.324 [main] DEBUG org.apache.http.wire -  << "a:3000"
22:09:32.324 [main] DEBUG o.a.h.i.c.BasicClientConnectionManager - Releasing connection org.apache.http.impl.conn.ManagedClientConnectionImpl@66383c29
22:09:32.324 [main] DEBUG o.a.h.i.c.BasicClientConnectionManager - Connection can be kept alive indefinitely
22:09:32.326 [main] DEBUG o.a.h.i.c.BasicClientConnectionManager - Get connection for route {}->http://localhost:8080
22:09:32.326 [main] DEBUG o.a.h.i.c.DefaultClientConnectionOperator - Connecting to localhost:8080
22:09:32.327 [main] DEBUG o.a.h.c.protocol.RequestAddCookies - CookieSpec selected: ignoreCookies
22:09:32.327 [main] DEBUG o.a.h.c.protocol.RequestAuthCache - Auth cache not set in the context
22:09:32.327 [main] DEBUG o.a.h.c.p.RequestTargetAuthentication - Target auth state: UNCHALLENGED
22:09:32.327 [main] DEBUG o.a.h.c.p.RequestProxyAuthentication - Proxy auth state: UNCHALLENGED
22:09:32.327 [main] DEBUG o.a.h.impl.client.DefaultHttpClient - Attempt 1 to execute request
22:09:32.327 [main] DEBUG o.a.h.i.conn.DefaultClientConnection - Sending request: GET /2?b=12&c=6&a=20 HTTP/1.1
22:09:32.327 [main] DEBUG org.apache.http.wire -  >> "GET /2?b=12&c=6&a=20 HTTP/1.1[\r][\n]"
22:09:32.327 [main] DEBUG org.apache.http.wire -  >> "Accept: */*[\r][\n]"
22:09:32.327 [main] DEBUG org.apache.http.wire -  >> "Host: localhost:8080[\r][\n]"
22:09:32.327 [main] DEBUG org.apache.http.wire -  >> "Connection: Keep-Alive[\r][\n]"
22:09:32.327 [main] DEBUG org.apache.http.wire -  >> "User-Agent: Apache-HttpClient/4.5.3 (Java/13.0.5.1)[\r][\n]"
22:09:32.327 [main] DEBUG org.apache.http.wire -  >> "Accept-Encoding: gzip,deflate[\r][\n]"
22:09:32.327 [main] DEBUG org.apache.http.wire -  >> "[\r][\n]"
22:09:32.327 [main] DEBUG org.apache.http.headers - >> GET /2?b=12&c=6&a=20 HTTP/1.1
22:09:32.327 [main] DEBUG org.apache.http.headers - >> Accept: */*
22:09:32.327 [main] DEBUG org.apache.http.headers - >> Host: localhost:8080
22:09:32.327 [main] DEBUG org.apache.http.headers - >> Connection: Keep-Alive
22:09:32.327 [main] DEBUG org.apache.http.headers - >> User-Agent: Apache-HttpClient/4.5.3 (Java/13.0.5.1)
22:09:32.327 [main] DEBUG org.apache.http.headers - >> Accept-Encoding: gzip,deflate
22:09:32.342 [main] DEBUG org.apache.http.wire -  << "HTTP/1.1 200 OK[\r][\n]"
22:09:32.342 [main] DEBUG org.apache.http.wire -  << "Server: Apache-Coyote/1.1[\r][\n]"
22:09:32.342 [main] DEBUG org.apache.http.wire -  << "Content-Type: text/plain;charset=UTF-8[\r][\n]"
22:09:32.342 [main] DEBUG org.apache.http.wire -  << "Content-Length: 6[\r][\n]"
22:09:32.342 [main] DEBUG org.apache.http.wire -  << "Date: Sun, 07 Feb 2021 21:09:32 GMT[\r][\n]"
22:09:32.342 [main] DEBUG org.apache.http.wire -  << "[\r][\n]"
22:09:32.342 [main] DEBUG o.a.h.i.conn.DefaultClientConnection - Receiving response: HTTP/1.1 200 OK
22:09:32.342 [main] DEBUG org.apache.http.headers - << HTTP/1.1 200 OK
22:09:32.342 [main] DEBUG org.apache.http.headers - << Server: Apache-Coyote/1.1
22:09:32.342 [main] DEBUG org.apache.http.headers - << Content-Type: text/plain;charset=UTF-8
22:09:32.342 [main] DEBUG org.apache.http.headers - << Content-Length: 6
22:09:32.342 [main] DEBUG org.apache.http.headers - << Date: Sun, 07 Feb 2021 21:09:32 GMT
22:09:32.342 [main] DEBUG o.a.h.impl.client.DefaultHttpClient - Connection can be kept alive indefinitely
22:09:32.343 [main] DEBUG i.r.i.RequestSpecificationImpl$RestAssuredHttpBuilder - Parsing response as: text/plain;charset=UTF-8
22:09:32.343 [main] DEBUG i.r.i.RequestSpecificationImpl$RestAssuredHttpBuilder - Parsed data to instance of: class org.apache.http.conn.EofSensorInputStream
22:09:32.343 [main] DEBUG org.apache.http.wire -  << "a:3000"
22:09:32.343 [main] DEBUG o.a.h.i.c.BasicClientConnectionManager - Releasing connection org.apache.http.impl.conn.ManagedClientConnectionImpl@43cb5f38
22:09:32.343 [main] DEBUG o.a.h.i.c.BasicClientConnectionManager - Connection can be kept alive indefinitely
22:09:32.347 [main] DEBUG o.a.h.i.c.BasicClientConnectionManager - Get connection for route {}->http://localhost:8080
22:09:32.347 [main] DEBUG o.a.h.i.c.DefaultClientConnectionOperator - Connecting to localhost:8080
22:09:32.347 [main] DEBUG o.a.h.c.protocol.RequestAddCookies - CookieSpec selected: ignoreCookies
22:09:32.348 [main] DEBUG o.a.h.c.protocol.RequestAuthCache - Auth cache not set in the context
22:09:32.348 [main] DEBUG o.a.h.c.p.RequestTargetAuthentication - Target auth state: UNCHALLENGED
22:09:32.348 [main] DEBUG o.a.h.c.p.RequestProxyAuthentication - Proxy auth state: UNCHALLENGED
22:09:32.348 [main] DEBUG o.a.h.impl.client.DefaultHttpClient - Attempt 1 to execute request
22:09:32.348 [main] DEBUG o.a.h.i.conn.DefaultClientConnection - Sending request: GET /2?b=12&c=6&a=20 HTTP/1.1
22:09:32.348 [main] DEBUG org.apache.http.wire -  >> "GET /2?b=12&c=6&a=20 HTTP/1.1[\r][\n]"
22:09:32.348 [main] DEBUG org.apache.http.wire -  >> "Accept: */*[\r][\n]"
22:09:32.348 [main] DEBUG org.apache.http.wire -  >> "Host: localhost:8080[\r][\n]"
22:09:32.348 [main] DEBUG org.apache.http.wire -  >> "Connection: Keep-Alive[\r][\n]"
22:09:32.348 [main] DEBUG org.apache.http.wire -  >> "User-Agent: Apache-HttpClient/4.5.3 (Java/13.0.5.1)[\r][\n]"
22:09:32.348 [main] DEBUG org.apache.http.wire -  >> "Accept-Encoding: gzip,deflate[\r][\n]"
22:09:32.348 [main] DEBUG org.apache.http.wire -  >> "[\r][\n]"
22:09:32.348 [main] DEBUG org.apache.http.headers - >> GET /2?b=12&c=6&a=20 HTTP/1.1
22:09:32.348 [main] DEBUG org.apache.http.headers - >> Accept: */*
22:09:32.348 [main] DEBUG org.apache.http.headers - >> Host: localhost:8080
22:09:32.348 [main] DEBUG org.apache.http.headers - >> Connection: Keep-Alive
22:09:32.348 [main] DEBUG org.apache.http.headers - >> User-Agent: Apache-HttpClient/4.5.3 (Java/13.0.5.1)
22:09:32.348 [main] DEBUG org.apache.http.headers - >> Accept-Encoding: gzip,deflate
22:09:32.366 [main] DEBUG org.apache.http.wire -  << "HTTP/1.1 200 OK[\r][\n]"
22:09:32.366 [main] DEBUG org.apache.http.wire -  << "Server: Apache-Coyote/1.1[\r][\n]"
22:09:32.366 [main] DEBUG org.apache.http.wire -  << "Content-Type: text/plain;charset=UTF-8[\r][\n]"
22:09:32.366 [main] DEBUG org.apache.http.wire -  << "Content-Length: 6[\r][\n]"
22:09:32.366 [main] DEBUG org.apache.http.wire -  << "Date: Sun, 07 Feb 2021 21:09:32 GMT[\r][\n]"
22:09:32.366 [main] DEBUG org.apache.http.wire -  << "[\r][\n]"
22:09:32.366 [main] DEBUG o.a.h.i.conn.DefaultClientConnection - Receiving response: HTTP/1.1 200 OK
22:09:32.366 [main] DEBUG org.apache.http.headers - << HTTP/1.1 200 OK
22:09:32.366 [main] DEBUG org.apache.http.headers - << Server: Apache-Coyote/1.1
22:09:32.366 [main] DEBUG org.apache.http.headers - << Content-Type: text/plain;charset=UTF-8
22:09:32.366 [main] DEBUG org.apache.http.headers - << Content-Length: 6
22:09:32.366 [main] DEBUG org.apache.http.headers - << Date: Sun, 07 Feb 2021 21:09:32 GMT
22:09:32.366 [main] DEBUG o.a.h.impl.client.DefaultHttpClient - Connection can be kept alive indefinitely
22:09:32.366 [main] DEBUG i.r.i.RequestSpecificationImpl$RestAssuredHttpBuilder - Parsing response as: text/plain;charset=UTF-8
22:09:32.366 [main] DEBUG i.r.i.RequestSpecificationImpl$RestAssuredHttpBuilder - Parsed data to instance of: class org.apache.http.conn.EofSensorInputStream
22:09:32.366 [main] DEBUG org.apache.http.wire -  << "a:3000"
22:09:32.366 [main] DEBUG o.a.h.i.c.BasicClientConnectionManager - Releasing connection org.apache.http.impl.conn.ManagedClientConnectionImpl@d7bbf12
22:09:32.366 [main] DEBUG o.a.h.i.c.BasicClientConnectionManager - Connection can be kept alive indefinitely
22:09:32.369 [main] DEBUG o.a.h.i.c.BasicClientConnectionManager - Get connection for route {}->http://localhost:8080
22:09:32.369 [main] DEBUG o.a.h.i.c.DefaultClientConnectionOperator - Connecting to localhost:8080
22:09:32.369 [main] DEBUG o.a.h.c.protocol.RequestAddCookies - CookieSpec selected: ignoreCookies
22:09:32.369 [main] DEBUG o.a.h.c.protocol.RequestAuthCache - Auth cache not set in the context
22:09:32.369 [main] DEBUG o.a.h.c.p.RequestTargetAuthentication - Target auth state: UNCHALLENGED
22:09:32.369 [main] DEBUG o.a.h.c.p.RequestProxyAuthentication - Proxy auth state: UNCHALLENGED
22:09:32.369 [main] DEBUG o.a.h.impl.client.DefaultHttpClient - Attempt 1 to execute request
22:09:32.369 [main] DEBUG o.a.h.i.conn.DefaultClientConnection - Sending request: GET /2?b=12&c=6&a=20 HTTP/1.1
22:09:32.369 [main] DEBUG org.apache.http.wire -  >> "GET /2?b=12&c=6&a=20 HTTP/1.1[\r][\n]"
22:09:32.369 [main] DEBUG org.apache.http.wire -  >> "Accept: */*[\r][\n]"
22:09:32.369 [main] DEBUG org.apache.http.wire -  >> "Host: localhost:8080[\r][\n]"
22:09:32.369 [main] DEBUG org.apache.http.wire -  >> "Connection: Keep-Alive[\r][\n]"
22:09:32.369 [main] DEBUG org.apache.http.wire -  >> "User-Agent: Apache-HttpClient/4.5.3 (Java/13.0.5.1)[\r][\n]"
22:09:32.369 [main] DEBUG org.apache.http.wire -  >> "Accept-Encoding: gzip,deflate[\r][\n]"
22:09:32.369 [main] DEBUG org.apache.http.wire -  >> "[\r][\n]"
22:09:32.369 [main] DEBUG org.apache.http.headers - >> GET /2?b=12&c=6&a=20 HTTP/1.1
22:09:32.369 [main] DEBUG org.apache.http.headers - >> Accept: */*
22:09:32.369 [main] DEBUG org.apache.http.headers - >> Host: localhost:8080
22:09:32.369 [main] DEBUG org.apache.http.headers - >> Connection: Keep-Alive
22:09:32.369 [main] DEBUG org.apache.http.headers - >> User-Agent: Apache-HttpClient/4.5.3 (Java/13.0.5.1)
22:09:32.369 [main] DEBUG org.apache.http.headers - >> Accept-Encoding: gzip,deflate
22:09:32.387 [main] DEBUG org.apache.http.wire -  << "HTTP/1.1 200 OK[\r][\n]"
22:09:32.387 [main] DEBUG org.apache.http.wire -  << "Server: Apache-Coyote/1.1[\r][\n]"
22:09:32.387 [main] DEBUG org.apache.http.wire -  << "Content-Type: text/plain;charset=UTF-8[\r][\n]"
22:09:32.387 [main] DEBUG org.apache.http.wire -  << "Content-Length: 6[\r][\n]"
22:09:32.387 [main] DEBUG org.apache.http.wire -  << "Date: Sun, 07 Feb 2021 21:09:32 GMT[\r][\n]"
22:09:32.388 [main] DEBUG org.apache.http.wire -  << "[\r][\n]"
22:09:32.388 [main] DEBUG o.a.h.i.conn.DefaultClientConnection - Receiving response: HTTP/1.1 200 OK
22:09:32.388 [main] DEBUG org.apache.http.headers - << HTTP/1.1 200 OK
22:09:32.388 [main] DEBUG org.apache.http.headers - << Server: Apache-Coyote/1.1
22:09:32.388 [main] DEBUG org.apache.http.headers - << Content-Type: text/plain;charset=UTF-8
22:09:32.388 [main] DEBUG org.apache.http.headers - << Content-Length: 6
22:09:32.388 [main] DEBUG org.apache.http.headers - << Date: Sun, 07 Feb 2021 21:09:32 GMT
22:09:32.388 [main] DEBUG o.a.h.impl.client.DefaultHttpClient - Connection can be kept alive indefinitely
22:09:32.388 [main] DEBUG i.r.i.RequestSpecificationImpl$RestAssuredHttpBuilder - Parsing response as: text/plain;charset=UTF-8
22:09:32.388 [main] DEBUG i.r.i.RequestSpecificationImpl$RestAssuredHttpBuilder - Parsed data to instance of: class org.apache.http.conn.EofSensorInputStream
22:09:32.388 [main] DEBUG org.apache.http.wire -  << "a:3000"
22:09:32.388 [main] DEBUG o.a.h.i.c.BasicClientConnectionManager - Releasing connection org.apache.http.impl.conn.ManagedClientConnectionImpl@3a36cd5
22:09:32.388 [main] DEBUG o.a.h.i.c.BasicClientConnectionManager - Connection can be kept alive indefinitely
22:09:32.391 [main] DEBUG o.a.h.i.c.BasicClientConnectionManager - Get connection for route {}->http://localhost:8080
22:09:32.391 [main] DEBUG o.a.h.i.c.DefaultClientConnectionOperator - Connecting to localhost:8080
22:09:32.391 [main] DEBUG o.a.h.c.protocol.RequestAddCookies - CookieSpec selected: ignoreCookies
22:09:32.391 [main] DEBUG o.a.h.c.protocol.RequestAuthCache - Auth cache not set in the context
22:09:32.391 [main] DEBUG o.a.h.c.p.RequestTargetAuthentication - Target auth state: UNCHALLENGED
22:09:32.391 [main] DEBUG o.a.h.c.p.RequestProxyAuthentication - Proxy auth state: UNCHALLENGED
22:09:32.391 [main] DEBUG o.a.h.impl.client.DefaultHttpClient - Attempt 1 to execute request
22:09:32.391 [main] DEBUG o.a.h.i.conn.DefaultClientConnection - Sending request: GET /2?b=12&c=6&a=20 HTTP/1.1
22:09:32.391 [main] DEBUG org.apache.http.wire -  >> "GET /2?b=12&c=6&a=20 HTTP/1.1[\r][\n]"
22:09:32.391 [main] DEBUG org.apache.http.wire -  >> "Accept: */*[\r][\n]"
22:09:32.391 [main] DEBUG org.apache.http.wire -  >> "Host: localhost:8080[\r][\n]"
22:09:32.391 [main] DEBUG org.apache.http.wire -  >> "Connection: Keep-Alive[\r][\n]"
22:09:32.391 [main] DEBUG org.apache.http.wire -  >> "User-Agent: Apache-HttpClient/4.5.3 (Java/13.0.5.1)[\r][\n]"
22:09:32.391 [main] DEBUG org.apache.http.wire -  >> "Accept-Encoding: gzip,deflate[\r][\n]"
22:09:32.391 [main] DEBUG org.apache.http.wire -  >> "[\r][\n]"
22:09:32.391 [main] DEBUG org.apache.http.headers - >> GET /2?b=12&c=6&a=20 HTTP/1.1
22:09:32.391 [main] DEBUG org.apache.http.headers - >> Accept: */*
22:09:32.391 [main] DEBUG org.apache.http.headers - >> Host: localhost:8080
22:09:32.391 [main] DEBUG org.apache.http.headers - >> Connection: Keep-Alive
22:09:32.391 [main] DEBUG org.apache.http.headers - >> User-Agent: Apache-HttpClient/4.5.3 (Java/13.0.5.1)
22:09:32.391 [main] DEBUG org.apache.http.headers - >> Accept-Encoding: gzip,deflate
22:09:32.406 [main] DEBUG org.apache.http.wire -  << "HTTP/1.1 200 OK[\r][\n]"
22:09:32.406 [main] DEBUG org.apache.http.wire -  << "Server: Apache-Coyote/1.1[\r][\n]"
22:09:32.406 [main] DEBUG org.apache.http.wire -  << "Content-Type: text/plain;charset=UTF-8[\r][\n]"
22:09:32.406 [main] DEBUG org.apache.http.wire -  << "Content-Length: 6[\r][\n]"
22:09:32.406 [main] DEBUG org.apache.http.wire -  << "Date: Sun, 07 Feb 2021 21:09:32 GMT[\r][\n]"
22:09:32.406 [main] DEBUG org.apache.http.wire -  << "[\r][\n]"
22:09:32.406 [main] DEBUG o.a.h.i.conn.DefaultClientConnection - Receiving response: HTTP/1.1 200 OK
22:09:32.406 [main] DEBUG org.apache.http.headers - << HTTP/1.1 200 OK
22:09:32.406 [main] DEBUG org.apache.http.headers - << Server: Apache-Coyote/1.1
22:09:32.406 [main] DEBUG org.apache.http.headers - << Content-Type: text/plain;charset=UTF-8
22:09:32.406 [main] DEBUG org.apache.http.headers - << Content-Length: 6
22:09:32.406 [main] DEBUG org.apache.http.headers - << Date: Sun, 07 Feb 2021 21:09:32 GMT
22:09:32.406 [main] DEBUG o.a.h.impl.client.DefaultHttpClient - Connection can be kept alive indefinitely
22:09:32.406 [main] DEBUG i.r.i.RequestSpecificationImpl$RestAssuredHttpBuilder - Parsing response as: text/plain;charset=UTF-8
22:09:32.406 [main] DEBUG i.r.i.RequestSpecificationImpl$RestAssuredHttpBuilder - Parsed data to instance of: class org.apache.http.conn.EofSensorInputStream
22:09:32.406 [main] DEBUG org.apache.http.wire -  << "a:3000"
22:09:32.406 [main] DEBUG o.a.h.i.c.BasicClientConnectionManager - Releasing connection org.apache.http.impl.conn.ManagedClientConnectionImpl@6f8e9d06
22:09:32.406 [main] DEBUG o.a.h.i.c.BasicClientConnectionManager - Connection can be kept alive indefinitely
22:09:32.409 [main] DEBUG o.a.h.i.c.BasicClientConnectionManager - Get connection for route {}->http://localhost:8080
22:09:32.409 [main] DEBUG o.a.h.i.c.DefaultClientConnectionOperator - Connecting to localhost:8080
22:09:32.410 [main] DEBUG o.a.h.c.protocol.RequestAddCookies - CookieSpec selected: ignoreCookies
22:09:32.410 [main] DEBUG o.a.h.c.protocol.RequestAuthCache - Auth cache not set in the context
22:09:32.410 [main] DEBUG o.a.h.c.p.RequestTargetAuthentication - Target auth state: UNCHALLENGED
22:09:32.410 [main] DEBUG o.a.h.c.p.RequestProxyAuthentication - Proxy auth state: UNCHALLENGED
22:09:32.410 [main] DEBUG o.a.h.impl.client.DefaultHttpClient - Attempt 1 to execute request
22:09:32.410 [main] DEBUG o.a.h.i.conn.DefaultClientConnection - Sending request: GET /2?b=12&c=6&a=20 HTTP/1.1
22:09:32.410 [main] DEBUG org.apache.http.wire -  >> "GET /2?b=12&c=6&a=20 HTTP/1.1[\r][\n]"
22:09:32.410 [main] DEBUG org.apache.http.wire -  >> "Accept: */*[\r][\n]"
22:09:32.410 [main] DEBUG org.apache.http.wire -  >> "Host: localhost:8080[\r][\n]"
22:09:32.410 [main] DEBUG org.apache.http.wire -  >> "Connection: Keep-Alive[\r][\n]"
22:09:32.410 [main] DEBUG org.apache.http.wire -  >> "User-Agent: Apache-HttpClient/4.5.3 (Java/13.0.5.1)[\r][\n]"
22:09:32.410 [main] DEBUG org.apache.http.wire -  >> "Accept-Encoding: gzip,deflate[\r][\n]"
22:09:32.410 [main] DEBUG org.apache.http.wire -  >> "[\r][\n]"
22:09:32.410 [main] DEBUG org.apache.http.headers - >> GET /2?b=12&c=6&a=20 HTTP/1.1
22:09:32.410 [main] DEBUG org.apache.http.headers - >> Accept: */*
22:09:32.410 [main] DEBUG org.apache.http.headers - >> Host: localhost:8080
22:09:32.410 [main] DEBUG org.apache.http.headers - >> Connection: Keep-Alive
22:09:32.410 [main] DEBUG org.apache.http.headers - >> User-Agent: Apache-HttpClient/4.5.3 (Java/13.0.5.1)
22:09:32.410 [main] DEBUG org.apache.http.headers - >> Accept-Encoding: gzip,deflate
22:09:32.434 [main] DEBUG org.apache.http.wire -  << "HTTP/1.1 200 OK[\r][\n]"
22:09:32.434 [main] DEBUG org.apache.http.wire -  << "Server: Apache-Coyote/1.1[\r][\n]"
22:09:32.434 [main] DEBUG org.apache.http.wire -  << "Content-Type: text/plain;charset=UTF-8[\r][\n]"
22:09:32.434 [main] DEBUG org.apache.http.wire -  << "Content-Length: 6[\r][\n]"
22:09:32.434 [main] DEBUG org.apache.http.wire -  << "Date: Sun, 07 Feb 2021 21:09:32 GMT[\r][\n]"
22:09:32.434 [main] DEBUG org.apache.http.wire -  << "[\r][\n]"
22:09:32.434 [main] DEBUG o.a.h.i.conn.DefaultClientConnection - Receiving response: HTTP/1.1 200 OK
22:09:32.434 [main] DEBUG org.apache.http.headers - << HTTP/1.1 200 OK
22:09:32.434 [main] DEBUG org.apache.http.headers - << Server: Apache-Coyote/1.1
22:09:32.434 [main] DEBUG org.apache.http.headers - << Content-Type: text/plain;charset=UTF-8
22:09:32.434 [main] DEBUG org.apache.http.headers - << Content-Length: 6
22:09:32.434 [main] DEBUG org.apache.http.headers - << Date: Sun, 07 Feb 2021 21:09:32 GMT
22:09:32.434 [main] DEBUG o.a.h.impl.client.DefaultHttpClient - Connection can be kept alive indefinitely
22:09:32.434 [main] DEBUG i.r.i.RequestSpecificationImpl$RestAssuredHttpBuilder - Parsing response as: text/plain;charset=UTF-8
22:09:32.435 [main] DEBUG i.r.i.RequestSpecificationImpl$RestAssuredHttpBuilder - Parsed data to instance of: class org.apache.http.conn.EofSensorInputStream
22:09:32.435 [main] DEBUG org.apache.http.wire -  << "a:3000"
22:09:32.435 [main] DEBUG o.a.h.i.c.BasicClientConnectionManager - Releasing connection org.apache.http.impl.conn.ManagedClientConnectionImpl@3f6f3cc
22:09:32.435 [main] DEBUG o.a.h.i.c.BasicClientConnectionManager - Connection can be kept alive indefinitely
22:09:32.437 [main] DEBUG o.a.h.i.c.BasicClientConnectionManager - Get connection for route {}->http://localhost:8080
22:09:32.437 [main] DEBUG o.a.h.i.c.DefaultClientConnectionOperator - Connecting to localhost:8080
22:09:32.438 [main] DEBUG o.a.h.c.protocol.RequestAddCookies - CookieSpec selected: ignoreCookies
22:09:32.438 [main] DEBUG o.a.h.c.protocol.RequestAuthCache - Auth cache not set in the context
22:09:32.438 [main] DEBUG o.a.h.c.p.RequestTargetAuthentication - Target auth state: UNCHALLENGED
22:09:32.438 [main] DEBUG o.a.h.c.p.RequestProxyAuthentication - Proxy auth state: UNCHALLENGED
22:09:32.438 [main] DEBUG o.a.h.impl.client.DefaultHttpClient - Attempt 1 to execute request
22:09:32.438 [main] DEBUG o.a.h.i.conn.DefaultClientConnection - Sending request: GET /2?b=12&c=6&a=20 HTTP/1.1
22:09:32.438 [main] DEBUG org.apache.http.wire -  >> "GET /2?b=12&c=6&a=20 HTTP/1.1[\r][\n]"
22:09:32.438 [main] DEBUG org.apache.http.wire -  >> "Accept: */*[\r][\n]"
22:09:32.438 [main] DEBUG org.apache.http.wire -  >> "Host: localhost:8080[\r][\n]"
22:09:32.438 [main] DEBUG org.apache.http.wire -  >> "Connection: Keep-Alive[\r][\n]"
22:09:32.438 [main] DEBUG org.apache.http.wire -  >> "User-Agent: Apache-HttpClient/4.5.3 (Java/13.0.5.1)[\r][\n]"
22:09:32.438 [main] DEBUG org.apache.http.wire -  >> "Accept-Encoding: gzip,deflate[\r][\n]"
22:09:32.438 [main] DEBUG org.apache.http.wire -  >> "[\r][\n]"
22:09:32.438 [main] DEBUG org.apache.http.headers - >> GET /2?b=12&c=6&a=20 HTTP/1.1
22:09:32.438 [main] DEBUG org.apache.http.headers - >> Accept: */*
22:09:32.438 [main] DEBUG org.apache.http.headers - >> Host: localhost:8080
22:09:32.438 [main] DEBUG org.apache.http.headers - >> Connection: Keep-Alive
22:09:32.438 [main] DEBUG org.apache.http.headers - >> User-Agent: Apache-HttpClient/4.5.3 (Java/13.0.5.1)
22:09:32.438 [main] DEBUG org.apache.http.headers - >> Accept-Encoding: gzip,deflate
22:09:32.457 [main] DEBUG org.apache.http.wire -  << "HTTP/1.1 200 OK[\r][\n]"
22:09:32.457 [main] DEBUG org.apache.http.wire -  << "Server: Apache-Coyote/1.1[\r][\n]"
22:09:32.457 [main] DEBUG org.apache.http.wire -  << "Content-Type: text/plain;charset=UTF-8[\r][\n]"
22:09:32.457 [main] DEBUG org.apache.http.wire -  << "Content-Length: 6[\r][\n]"
22:09:32.457 [main] DEBUG org.apache.http.wire -  << "Date: Sun, 07 Feb 2021 21:09:32 GMT[\r][\n]"
22:09:32.457 [main] DEBUG org.apache.http.wire -  << "[\r][\n]"
22:09:32.457 [main] DEBUG o.a.h.i.conn.DefaultClientConnection - Receiving response: HTTP/1.1 200 OK
22:09:32.457 [main] DEBUG org.apache.http.headers - << HTTP/1.1 200 OK
22:09:32.457 [main] DEBUG org.apache.http.headers - << Server: Apache-Coyote/1.1
22:09:32.457 [main] DEBUG org.apache.http.headers - << Content-Type: text/plain;charset=UTF-8
22:09:32.457 [main] DEBUG org.apache.http.headers - << Content-Length: 6
22:09:32.457 [main] DEBUG org.apache.http.headers - << Date: Sun, 07 Feb 2021 21:09:32 GMT
22:09:32.457 [main] DEBUG o.a.h.impl.client.DefaultHttpClient - Connection can be kept alive indefinitely
22:09:32.457 [main] DEBUG i.r.i.RequestSpecificationImpl$RestAssuredHttpBuilder - Parsing response as: text/plain;charset=UTF-8
22:09:32.457 [main] DEBUG i.r.i.RequestSpecificationImpl$RestAssuredHttpBuilder - Parsed data to instance of: class org.apache.http.conn.EofSensorInputStream
22:09:32.458 [main] DEBUG org.apache.http.wire -  << "a:3000"
22:09:32.458 [main] DEBUG o.a.h.i.c.BasicClientConnectionManager - Releasing connection org.apache.http.impl.conn.ManagedClientConnectionImpl@47272cd3
22:09:32.458 [main] DEBUG o.a.h.i.c.BasicClientConnectionManager - Connection can be kept alive indefinitely
22:09:32.461 [main] DEBUG o.a.h.i.c.BasicClientConnectionManager - Get connection for route {}->http://localhost:8080
22:09:32.461 [main] DEBUG o.a.h.i.c.DefaultClientConnectionOperator - Connecting to localhost:8080
22:09:32.462 [main] DEBUG o.a.h.c.protocol.RequestAddCookies - CookieSpec selected: ignoreCookies
22:09:32.462 [main] DEBUG o.a.h.c.protocol.RequestAuthCache - Auth cache not set in the context
22:09:32.462 [main] DEBUG o.a.h.c.p.RequestTargetAuthentication - Target auth state: UNCHALLENGED
22:09:32.462 [main] DEBUG o.a.h.c.p.RequestProxyAuthentication - Proxy auth state: UNCHALLENGED
22:09:32.462 [main] DEBUG o.a.h.impl.client.DefaultHttpClient - Attempt 1 to execute request
22:09:32.462 [main] DEBUG o.a.h.i.conn.DefaultClientConnection - Sending request: GET /2?b=12&c=6&a=20 HTTP/1.1
22:09:32.462 [main] DEBUG org.apache.http.wire -  >> "GET /2?b=12&c=6&a=20 HTTP/1.1[\r][\n]"
22:09:32.462 [main] DEBUG org.apache.http.wire -  >> "Accept: */*[\r][\n]"
22:09:32.462 [main] DEBUG org.apache.http.wire -  >> "Host: localhost:8080[\r][\n]"
22:09:32.462 [main] DEBUG org.apache.http.wire -  >> "Connection: Keep-Alive[\r][\n]"
22:09:32.462 [main] DEBUG org.apache.http.wire -  >> "User-Agent: Apache-HttpClient/4.5.3 (Java/13.0.5.1)[\r][\n]"
22:09:32.462 [main] DEBUG org.apache.http.wire -  >> "Accept-Encoding: gzip,deflate[\r][\n]"
22:09:32.462 [main] DEBUG org.apache.http.wire -  >> "[\r][\n]"
22:09:32.462 [main] DEBUG org.apache.http.headers - >> GET /2?b=12&c=6&a=20 HTTP/1.1
22:09:32.462 [main] DEBUG org.apache.http.headers - >> Accept: */*
22:09:32.463 [main] DEBUG org.apache.http.headers - >> Host: localhost:8080
22:09:32.463 [main] DEBUG org.apache.http.headers - >> Connection: Keep-Alive
22:09:32.463 [main] DEBUG org.apache.http.headers - >> User-Agent: Apache-HttpClient/4.5.3 (Java/13.0.5.1)
22:09:32.463 [main] DEBUG org.apache.http.headers - >> Accept-Encoding: gzip,deflate
22:09:32.480 [main] DEBUG org.apache.http.wire -  << "HTTP/1.1 200 OK[\r][\n]"
22:09:32.480 [main] DEBUG org.apache.http.wire -  << "Server: Apache-Coyote/1.1[\r][\n]"
22:09:32.480 [main] DEBUG org.apache.http.wire -  << "Content-Type: text/plain;charset=UTF-8[\r][\n]"
22:09:32.480 [main] DEBUG org.apache.http.wire -  << "Content-Length: 6[\r][\n]"
22:09:32.480 [main] DEBUG org.apache.http.wire -  << "Date: Sun, 07 Feb 2021 21:09:32 GMT[\r][\n]"
22:09:32.480 [main] DEBUG org.apache.http.wire -  << "[\r][\n]"
22:09:32.480 [main] DEBUG o.a.h.i.conn.DefaultClientConnection - Receiving response: HTTP/1.1 200 OK
22:09:32.480 [main] DEBUG org.apache.http.headers - << HTTP/1.1 200 OK
22:09:32.480 [main] DEBUG org.apache.http.headers - << Server: Apache-Coyote/1.1
22:09:32.480 [main] DEBUG org.apache.http.headers - << Content-Type: text/plain;charset=UTF-8
22:09:32.480 [main] DEBUG org.apache.http.headers - << Content-Length: 6
22:09:32.480 [main] DEBUG org.apache.http.headers - << Date: Sun, 07 Feb 2021 21:09:32 GMT
22:09:32.480 [main] DEBUG o.a.h.impl.client.DefaultHttpClient - Connection can be kept alive indefinitely
22:09:32.480 [main] DEBUG i.r.i.RequestSpecificationImpl$RestAssuredHttpBuilder - Parsing response as: text/plain;charset=UTF-8
22:09:32.480 [main] DEBUG i.r.i.RequestSpecificationImpl$RestAssuredHttpBuilder - Parsed data to instance of: class org.apache.http.conn.EofSensorInputStream
22:09:32.480 [main] DEBUG org.apache.http.wire -  << "a:3000"
22:09:32.480 [main] DEBUG o.a.h.i.c.BasicClientConnectionManager - Releasing connection org.apache.http.impl.conn.ManagedClientConnectionImpl@236eccd1
22:09:32.480 [main] DEBUG o.a.h.i.c.BasicClientConnectionManager - Connection can be kept alive indefinitely
22:09:32.486 [main] DEBUG o.a.h.i.c.BasicClientConnectionManager - Get connection for route {}->http://localhost:8080
22:09:32.487 [main] DEBUG o.a.h.i.c.DefaultClientConnectionOperator - Connecting to localhost:8080
22:09:32.487 [main] DEBUG o.a.h.c.protocol.RequestAddCookies - CookieSpec selected: ignoreCookies
22:09:32.487 [main] DEBUG o.a.h.c.protocol.RequestAuthCache - Auth cache not set in the context
22:09:32.487 [main] DEBUG o.a.h.c.p.RequestTargetAuthentication - Target auth state: UNCHALLENGED
22:09:32.487 [main] DEBUG o.a.h.c.p.RequestProxyAuthentication - Proxy auth state: UNCHALLENGED
22:09:32.487 [main] DEBUG o.a.h.impl.client.DefaultHttpClient - Attempt 1 to execute request
22:09:32.487 [main] DEBUG o.a.h.i.conn.DefaultClientConnection - Sending request: GET /2?b=12&c=6&a=20 HTTP/1.1
22:09:32.487 [main] DEBUG org.apache.http.wire -  >> "GET /2?b=12&c=6&a=20 HTTP/1.1[\r][\n]"
22:09:32.487 [main] DEBUG org.apache.http.wire -  >> "Accept: */*[\r][\n]"
22:09:32.487 [main] DEBUG org.apache.http.wire -  >> "Host: localhost:8080[\r][\n]"
22:09:32.487 [main] DEBUG org.apache.http.wire -  >> "Connection: Keep-Alive[\r][\n]"
22:09:32.487 [main] DEBUG org.apache.http.wire -  >> "User-Agent: Apache-HttpClient/4.5.3 (Java/13.0.5.1)[\r][\n]"
22:09:32.487 [main] DEBUG org.apache.http.wire -  >> "Accept-Encoding: gzip,deflate[\r][\n]"
22:09:32.487 [main] DEBUG org.apache.http.wire -  >> "[\r][\n]"
22:09:32.487 [main] DEBUG org.apache.http.headers - >> GET /2?b=12&c=6&a=20 HTTP/1.1
22:09:32.487 [main] DEBUG org.apache.http.headers - >> Accept: */*
22:09:32.487 [main] DEBUG org.apache.http.headers - >> Host: localhost:8080
22:09:32.487 [main] DEBUG org.apache.http.headers - >> Connection: Keep-Alive
22:09:32.487 [main] DEBUG org.apache.http.headers - >> User-Agent: Apache-HttpClient/4.5.3 (Java/13.0.5.1)
22:09:32.487 [main] DEBUG org.apache.http.headers - >> Accept-Encoding: gzip,deflate
22:09:32.509 [main] DEBUG org.apache.http.wire -  << "HTTP/1.1 200 OK[\r][\n]"
22:09:32.509 [main] DEBUG org.apache.http.wire -  << "Server: Apache-Coyote/1.1[\r][\n]"
22:09:32.509 [main] DEBUG org.apache.http.wire -  << "Content-Type: text/plain;charset=UTF-8[\r][\n]"
22:09:32.509 [main] DEBUG org.apache.http.wire -  << "Content-Length: 6[\r][\n]"
22:09:32.509 [main] DEBUG org.apache.http.wire -  << "Date: Sun, 07 Feb 2021 21:09:32 GMT[\r][\n]"
22:09:32.509 [main] DEBUG org.apache.http.wire -  << "[\r][\n]"
22:09:32.509 [main] DEBUG o.a.h.i.conn.DefaultClientConnection - Receiving response: HTTP/1.1 200 OK
22:09:32.509 [main] DEBUG org.apache.http.headers - << HTTP/1.1 200 OK
22:09:32.509 [main] DEBUG org.apache.http.headers - << Server: Apache-Coyote/1.1
22:09:32.509 [main] DEBUG org.apache.http.headers - << Content-Type: text/plain;charset=UTF-8
22:09:32.509 [main] DEBUG org.apache.http.headers - << Content-Length: 6
22:09:32.509 [main] DEBUG org.apache.http.headers - << Date: Sun, 07 Feb 2021 21:09:32 GMT
22:09:32.509 [main] DEBUG o.a.h.impl.client.DefaultHttpClient - Connection can be kept alive indefinitely
22:09:32.509 [main] DEBUG i.r.i.RequestSpecificationImpl$RestAssuredHttpBuilder - Parsing response as: text/plain;charset=UTF-8
22:09:32.509 [main] DEBUG i.r.i.RequestSpecificationImpl$RestAssuredHttpBuilder - Parsed data to instance of: class org.apache.http.conn.EofSensorInputStream
22:09:32.510 [main] DEBUG org.apache.http.wire -  << "a:3000"
22:09:32.510 [main] DEBUG o.a.h.i.c.BasicClientConnectionManager - Releasing connection org.apache.http.impl.conn.ManagedClientConnectionImpl@4de79b7d
22:09:32.510 [main] DEBUG o.a.h.i.c.BasicClientConnectionManager - Connection can be kept alive indefinitely
22:09:32.512 [main] DEBUG o.a.h.i.c.BasicClientConnectionManager - Get connection for route {}->http://localhost:8080
22:09:32.512 [main] DEBUG o.a.h.i.c.DefaultClientConnectionOperator - Connecting to localhost:8080
22:09:32.513 [main] DEBUG o.a.h.c.protocol.RequestAddCookies - CookieSpec selected: ignoreCookies
22:09:32.513 [main] DEBUG o.a.h.c.protocol.RequestAuthCache - Auth cache not set in the context
22:09:32.513 [main] DEBUG o.a.h.c.p.RequestTargetAuthentication - Target auth state: UNCHALLENGED
22:09:32.513 [main] DEBUG o.a.h.c.p.RequestProxyAuthentication - Proxy auth state: UNCHALLENGED
22:09:32.513 [main] DEBUG o.a.h.impl.client.DefaultHttpClient - Attempt 1 to execute request
22:09:32.513 [main] DEBUG o.a.h.i.conn.DefaultClientConnection - Sending request: GET /2?b=12&c=6&a=20 HTTP/1.1
22:09:32.513 [main] DEBUG org.apache.http.wire -  >> "GET /2?b=12&c=6&a=20 HTTP/1.1[\r][\n]"
22:09:32.513 [main] DEBUG org.apache.http.wire -  >> "Accept: */*[\r][\n]"
22:09:32.513 [main] DEBUG org.apache.http.wire -  >> "Host: localhost:8080[\r][\n]"
22:09:32.513 [main] DEBUG org.apache.http.wire -  >> "Connection: Keep-Alive[\r][\n]"
22:09:32.513 [main] DEBUG org.apache.http.wire -  >> "User-Agent: Apache-HttpClient/4.5.3 (Java/13.0.5.1)[\r][\n]"
22:09:32.513 [main] DEBUG org.apache.http.wire -  >> "Accept-Encoding: gzip,deflate[\r][\n]"
22:09:32.513 [main] DEBUG org.apache.http.wire -  >> "[\r][\n]"
22:09:32.513 [main] DEBUG org.apache.http.headers - >> GET /2?b=12&c=6&a=20 HTTP/1.1
22:09:32.513 [main] DEBUG org.apache.http.headers - >> Accept: */*
22:09:32.513 [main] DEBUG org.apache.http.headers - >> Host: localhost:8080
22:09:32.513 [main] DEBUG org.apache.http.headers - >> Connection: Keep-Alive
22:09:32.513 [main] DEBUG org.apache.http.headers - >> User-Agent: Apache-HttpClient/4.5.3 (Java/13.0.5.1)
22:09:32.513 [main] DEBUG org.apache.http.headers - >> Accept-Encoding: gzip,deflate
22:09:32.534 [main] DEBUG org.apache.http.wire -  << "HTTP/1.1 200 OK[\r][\n]"
22:09:32.534 [main] DEBUG org.apache.http.wire -  << "Server: Apache-Coyote/1.1[\r][\n]"
22:09:32.534 [main] DEBUG org.apache.http.wire -  << "Content-Type: text/plain;charset=UTF-8[\r][\n]"
22:09:32.534 [main] DEBUG org.apache.http.wire -  << "Content-Length: 6[\r][\n]"
22:09:32.534 [main] DEBUG org.apache.http.wire -  << "Date: Sun, 07 Feb 2021 21:09:32 GMT[\r][\n]"
22:09:32.534 [main] DEBUG org.apache.http.wire -  << "[\r][\n]"
22:09:32.534 [main] DEBUG o.a.h.i.conn.DefaultClientConnection - Receiving response: HTTP/1.1 200 OK
22:09:32.534 [main] DEBUG org.apache.http.headers - << HTTP/1.1 200 OK
22:09:32.534 [main] DEBUG org.apache.http.headers - << Server: Apache-Coyote/1.1
22:09:32.534 [main] DEBUG org.apache.http.headers - << Content-Type: text/plain;charset=UTF-8
22:09:32.534 [main] DEBUG org.apache.http.headers - << Content-Length: 6
22:09:32.534 [main] DEBUG org.apache.http.headers - << Date: Sun, 07 Feb 2021 21:09:32 GMT
22:09:32.534 [main] DEBUG o.a.h.impl.client.DefaultHttpClient - Connection can be kept alive indefinitely
22:09:32.534 [main] DEBUG i.r.i.RequestSpecificationImpl$RestAssuredHttpBuilder - Parsing response as: text/plain;charset=UTF-8
22:09:32.534 [main] DEBUG i.r.i.RequestSpecificationImpl$RestAssuredHttpBuilder - Parsed data to instance of: class org.apache.http.conn.EofSensorInputStream
22:09:32.534 [main] DEBUG org.apache.http.wire -  << "a:3000"
22:09:32.535 [main] DEBUG o.a.h.i.c.BasicClientConnectionManager - Releasing connection org.apache.http.impl.conn.ManagedClientConnectionImpl@5974b7e8
22:09:32.535 [main] DEBUG o.a.h.i.c.BasicClientConnectionManager - Connection can be kept alive indefinitely
22:09:32.537 [main] DEBUG o.a.h.i.c.BasicClientConnectionManager - Get connection for route {}->http://localhost:8080
22:09:32.537 [main] DEBUG o.a.h.i.c.DefaultClientConnectionOperator - Connecting to localhost:8080
22:09:32.538 [main] DEBUG o.a.h.c.protocol.RequestAddCookies - CookieSpec selected: ignoreCookies
22:09:32.538 [main] DEBUG o.a.h.c.protocol.RequestAuthCache - Auth cache not set in the context
22:09:32.538 [main] DEBUG o.a.h.c.p.RequestTargetAuthentication - Target auth state: UNCHALLENGED
22:09:32.538 [main] DEBUG o.a.h.c.p.RequestProxyAuthentication - Proxy auth state: UNCHALLENGED
22:09:32.538 [main] DEBUG o.a.h.impl.client.DefaultHttpClient - Attempt 1 to execute request
22:09:32.538 [main] DEBUG o.a.h.i.conn.DefaultClientConnection - Sending request: GET /2?b=12&c=6&a=20 HTTP/1.1
22:09:32.538 [main] DEBUG org.apache.http.wire -  >> "GET /2?b=12&c=6&a=20 HTTP/1.1[\r][\n]"
22:09:32.538 [main] DEBUG org.apache.http.wire -  >> "Accept: */*[\r][\n]"
22:09:32.538 [main] DEBUG org.apache.http.wire -  >> "Host: localhost:8080[\r][\n]"
22:09:32.538 [main] DEBUG org.apache.http.wire -  >> "Connection: Keep-Alive[\r][\n]"
22:09:32.538 [main] DEBUG org.apache.http.wire -  >> "User-Agent: Apache-HttpClient/4.5.3 (Java/13.0.5.1)[\r][\n]"
22:09:32.538 [main] DEBUG org.apache.http.wire -  >> "Accept-Encoding: gzip,deflate[\r][\n]"
22:09:32.538 [main] DEBUG org.apache.http.wire -  >> "[\r][\n]"
22:09:32.538 [main] DEBUG org.apache.http.headers - >> GET /2?b=12&c=6&a=20 HTTP/1.1
22:09:32.538 [main] DEBUG org.apache.http.headers - >> Accept: */*
22:09:32.538 [main] DEBUG org.apache.http.headers - >> Host: localhost:8080
22:09:32.538 [main] DEBUG org.apache.http.headers - >> Connection: Keep-Alive
22:09:32.538 [main] DEBUG org.apache.http.headers - >> User-Agent: Apache-HttpClient/4.5.3 (Java/13.0.5.1)
22:09:32.538 [main] DEBUG org.apache.http.headers - >> Accept-Encoding: gzip,deflate
22:09:32.555 [main] DEBUG org.apache.http.wire -  << "HTTP/1.1 200 OK[\r][\n]"
22:09:32.555 [main] DEBUG org.apache.http.wire -  << "Server: Apache-Coyote/1.1[\r][\n]"
22:09:32.555 [main] DEBUG org.apache.http.wire -  << "Content-Type: text/plain;charset=UTF-8[\r][\n]"
22:09:32.555 [main] DEBUG org.apache.http.wire -  << "Content-Length: 6[\r][\n]"
22:09:32.555 [main] DEBUG org.apache.http.wire -  << "Date: Sun, 07 Feb 2021 21:09:32 GMT[\r][\n]"
22:09:32.555 [main] DEBUG org.apache.http.wire -  << "[\r][\n]"
22:09:32.555 [main] DEBUG o.a.h.i.conn.DefaultClientConnection - Receiving response: HTTP/1.1 200 OK
22:09:32.555 [main] DEBUG org.apache.http.headers - << HTTP/1.1 200 OK
22:09:32.555 [main] DEBUG org.apache.http.headers - << Server: Apache-Coyote/1.1
22:09:32.555 [main] DEBUG org.apache.http.headers - << Content-Type: text/plain;charset=UTF-8
22:09:32.555 [main] DEBUG org.apache.http.headers - << Content-Length: 6
22:09:32.555 [main] DEBUG org.apache.http.headers - << Date: Sun, 07 Feb 2021 21:09:32 GMT
22:09:32.555 [main] DEBUG o.a.h.impl.client.DefaultHttpClient - Connection can be kept alive indefinitely
22:09:32.555 [main] DEBUG i.r.i.RequestSpecificationImpl$RestAssuredHttpBuilder - Parsing response as: text/plain;charset=UTF-8
22:09:32.555 [main] DEBUG i.r.i.RequestSpecificationImpl$RestAssuredHttpBuilder - Parsed data to instance of: class org.apache.http.conn.EofSensorInputStream
22:09:32.555 [main] DEBUG org.apache.http.wire -  << "a:3000"
22:09:32.555 [main] DEBUG o.a.h.i.c.BasicClientConnectionManager - Releasing connection org.apache.http.impl.conn.ManagedClientConnectionImpl@2291d9a0
22:09:32.555 [main] DEBUG o.a.h.i.c.BasicClientConnectionManager - Connection can be kept alive indefinitely
22:09:32.557 [main] DEBUG o.a.h.i.c.BasicClientConnectionManager - Get connection for route {}->http://localhost:8080
22:09:32.557 [main] DEBUG o.a.h.i.c.DefaultClientConnectionOperator - Connecting to localhost:8080
22:09:32.558 [main] DEBUG o.a.h.c.protocol.RequestAddCookies - CookieSpec selected: ignoreCookies
22:09:32.558 [main] DEBUG o.a.h.c.protocol.RequestAuthCache - Auth cache not set in the context
22:09:32.558 [main] DEBUG o.a.h.c.p.RequestTargetAuthentication - Target auth state: UNCHALLENGED
22:09:32.558 [main] DEBUG o.a.h.c.p.RequestProxyAuthentication - Proxy auth state: UNCHALLENGED
22:09:32.558 [main] DEBUG o.a.h.impl.client.DefaultHttpClient - Attempt 1 to execute request
22:09:32.558 [main] DEBUG o.a.h.i.conn.DefaultClientConnection - Sending request: GET /2?b=12&c=6&a=20 HTTP/1.1
22:09:32.558 [main] DEBUG org.apache.http.wire -  >> "GET /2?b=12&c=6&a=20 HTTP/1.1[\r][\n]"
22:09:32.558 [main] DEBUG org.apache.http.wire -  >> "Accept: */*[\r][\n]"
22:09:32.558 [main] DEBUG org.apache.http.wire -  >> "Host: localhost:8080[\r][\n]"
22:09:32.558 [main] DEBUG org.apache.http.wire -  >> "Connection: Keep-Alive[\r][\n]"
22:09:32.558 [main] DEBUG org.apache.http.wire -  >> "User-Agent: Apache-HttpClient/4.5.3 (Java/13.0.5.1)[\r][\n]"
22:09:32.558 [main] DEBUG org.apache.http.wire -  >> "Accept-Encoding: gzip,deflate[\r][\n]"
22:09:32.558 [main] DEBUG org.apache.http.wire -  >> "[\r][\n]"
22:09:32.558 [main] DEBUG org.apache.http.headers - >> GET /2?b=12&c=6&a=20 HTTP/1.1
22:09:32.558 [main] DEBUG org.apache.http.headers - >> Accept: */*
22:09:32.558 [main] DEBUG org.apache.http.headers - >> Host: localhost:8080
22:09:32.558 [main] DEBUG org.apache.http.headers - >> Connection: Keep-Alive
22:09:32.558 [main] DEBUG org.apache.http.headers - >> User-Agent: Apache-HttpClient/4.5.3 (Java/13.0.5.1)
22:09:32.558 [main] DEBUG org.apache.http.headers - >> Accept-Encoding: gzip,deflate
22:09:32.582 [main] DEBUG org.apache.http.wire -  << "HTTP/1.1 200 OK[\r][\n]"
22:09:32.582 [main] DEBUG org.apache.http.wire -  << "Server: Apache-Coyote/1.1[\r][\n]"
22:09:32.582 [main] DEBUG org.apache.http.wire -  << "Content-Type: text/plain;charset=UTF-8[\r][\n]"
22:09:32.582 [main] DEBUG org.apache.http.wire -  << "Content-Length: 6[\r][\n]"
22:09:32.582 [main] DEBUG org.apache.http.wire -  << "Date: Sun, 07 Feb 2021 21:09:32 GMT[\r][\n]"
22:09:32.582 [main] DEBUG org.apache.http.wire -  << "[\r][\n]"
22:09:32.582 [main] DEBUG o.a.h.i.conn.DefaultClientConnection - Receiving response: HTTP/1.1 200 OK
22:09:32.582 [main] DEBUG org.apache.http.headers - << HTTP/1.1 200 OK
22:09:32.582 [main] DEBUG org.apache.http.headers - << Server: Apache-Coyote/1.1
22:09:32.582 [main] DEBUG org.apache.http.headers - << Content-Type: text/plain;charset=UTF-8
22:09:32.582 [main] DEBUG org.apache.http.headers - << Content-Length: 6
22:09:32.582 [main] DEBUG org.apache.http.headers - << Date: Sun, 07 Feb 2021 21:09:32 GMT
22:09:32.582 [main] DEBUG o.a.h.impl.client.DefaultHttpClient - Connection can be kept alive indefinitely
22:09:32.582 [main] DEBUG i.r.i.RequestSpecificationImpl$RestAssuredHttpBuilder - Parsing response as: text/plain;charset=UTF-8
22:09:32.582 [main] DEBUG i.r.i.RequestSpecificationImpl$RestAssuredHttpBuilder - Parsed data to instance of: class org.apache.http.conn.EofSensorInputStream
22:09:32.583 [main] DEBUG org.apache.http.wire -  << "a:3000"
22:09:32.583 [main] DEBUG o.a.h.i.c.BasicClientConnectionManager - Releasing connection org.apache.http.impl.conn.ManagedClientConnectionImpl@25c2a9e3
22:09:32.583 [main] DEBUG o.a.h.i.c.BasicClientConnectionManager - Connection can be kept alive indefinitely
22:09:32.586 [main] DEBUG o.a.h.i.c.BasicClientConnectionManager - Get connection for route {}->http://localhost:8080
22:09:32.586 [main] DEBUG o.a.h.i.c.DefaultClientConnectionOperator - Connecting to localhost:8080
22:09:32.586 [main] DEBUG o.a.h.c.protocol.RequestAddCookies - CookieSpec selected: ignoreCookies
22:09:32.587 [main] DEBUG o.a.h.c.protocol.RequestAuthCache - Auth cache not set in the context
22:09:32.587 [main] DEBUG o.a.h.c.p.RequestTargetAuthentication - Target auth state: UNCHALLENGED
22:09:32.587 [main] DEBUG o.a.h.c.p.RequestProxyAuthentication - Proxy auth state: UNCHALLENGED
22:09:32.587 [main] DEBUG o.a.h.impl.client.DefaultHttpClient - Attempt 1 to execute request
22:09:32.587 [main] DEBUG o.a.h.i.conn.DefaultClientConnection - Sending request: GET /2?b=12&c=6&a=20 HTTP/1.1
22:09:32.587 [main] DEBUG org.apache.http.wire -  >> "GET /2?b=12&c=6&a=20 HTTP/1.1[\r][\n]"
22:09:32.587 [main] DEBUG org.apache.http.wire -  >> "Accept: */*[\r][\n]"
22:09:32.587 [main] DEBUG org.apache.http.wire -  >> "Host: localhost:8080[\r][\n]"
22:09:32.587 [main] DEBUG org.apache.http.wire -  >> "Connection: Keep-Alive[\r][\n]"
22:09:32.587 [main] DEBUG org.apache.http.wire -  >> "User-Agent: Apache-HttpClient/4.5.3 (Java/13.0.5.1)[\r][\n]"
22:09:32.587 [main] DEBUG org.apache.http.wire -  >> "Accept-Encoding: gzip,deflate[\r][\n]"
22:09:32.587 [main] DEBUG org.apache.http.wire -  >> "[\r][\n]"
22:09:32.587 [main] DEBUG org.apache.http.headers - >> GET /2?b=12&c=6&a=20 HTTP/1.1
22:09:32.587 [main] DEBUG org.apache.http.headers - >> Accept: */*
22:09:32.587 [main] DEBUG org.apache.http.headers - >> Host: localhost:8080
22:09:32.587 [main] DEBUG org.apache.http.headers - >> Connection: Keep-Alive
22:09:32.587 [main] DEBUG org.apache.http.headers - >> User-Agent: Apache-HttpClient/4.5.3 (Java/13.0.5.1)
22:09:32.587 [main] DEBUG org.apache.http.headers - >> Accept-Encoding: gzip,deflate
22:09:32.602 [main] DEBUG org.apache.http.wire -  << "HTTP/1.1 200 OK[\r][\n]"
22:09:32.602 [main] DEBUG org.apache.http.wire -  << "Server: Apache-Coyote/1.1[\r][\n]"
22:09:32.602 [main] DEBUG org.apache.http.wire -  << "Content-Type: text/plain;charset=UTF-8[\r][\n]"
22:09:32.602 [main] DEBUG org.apache.http.wire -  << "Content-Length: 6[\r][\n]"
22:09:32.602 [main] DEBUG org.apache.http.wire -  << "Date: Sun, 07 Feb 2021 21:09:32 GMT[\r][\n]"
22:09:32.602 [main] DEBUG org.apache.http.wire -  << "[\r][\n]"
22:09:32.602 [main] DEBUG o.a.h.i.conn.DefaultClientConnection - Receiving response: HTTP/1.1 200 OK
22:09:32.602 [main] DEBUG org.apache.http.headers - << HTTP/1.1 200 OK
22:09:32.602 [main] DEBUG org.apache.http.headers - << Server: Apache-Coyote/1.1
22:09:32.602 [main] DEBUG org.apache.http.headers - << Content-Type: text/plain;charset=UTF-8
22:09:32.602 [main] DEBUG org.apache.http.headers - << Content-Length: 6
22:09:32.602 [main] DEBUG org.apache.http.headers - << Date: Sun, 07 Feb 2021 21:09:32 GMT
22:09:32.602 [main] DEBUG o.a.h.impl.client.DefaultHttpClient - Connection can be kept alive indefinitely
22:09:32.602 [main] DEBUG i.r.i.RequestSpecificationImpl$RestAssuredHttpBuilder - Parsing response as: text/plain;charset=UTF-8
22:09:32.602 [main] DEBUG i.r.i.RequestSpecificationImpl$RestAssuredHttpBuilder - Parsed data to instance of: class org.apache.http.conn.EofSensorInputStream
22:09:32.602 [main] DEBUG org.apache.http.wire -  << "a:3000"
22:09:32.602 [main] DEBUG o.a.h.i.c.BasicClientConnectionManager - Releasing connection org.apache.http.impl.conn.ManagedClientConnectionImpl@6a6c7f42
22:09:32.602 [main] DEBUG o.a.h.i.c.BasicClientConnectionManager - Connection can be kept alive indefinitely
22:09:32.604 [main] DEBUG o.a.h.i.c.BasicClientConnectionManager - Get connection for route {}->http://localhost:8080
22:09:32.604 [main] DEBUG o.a.h.i.c.DefaultClientConnectionOperator - Connecting to localhost:8080
22:09:32.605 [main] DEBUG o.a.h.c.protocol.RequestAddCookies - CookieSpec selected: ignoreCookies
22:09:32.605 [main] DEBUG o.a.h.c.protocol.RequestAuthCache - Auth cache not set in the context
22:09:32.605 [main] DEBUG o.a.h.c.p.RequestTargetAuthentication - Target auth state: UNCHALLENGED
22:09:32.605 [main] DEBUG o.a.h.c.p.RequestProxyAuthentication - Proxy auth state: UNCHALLENGED
22:09:32.605 [main] DEBUG o.a.h.impl.client.DefaultHttpClient - Attempt 1 to execute request
22:09:32.605 [main] DEBUG o.a.h.i.conn.DefaultClientConnection - Sending request: GET /2?b=12&c=6&a=20 HTTP/1.1
22:09:32.605 [main] DEBUG org.apache.http.wire -  >> "GET /2?b=12&c=6&a=20 HTTP/1.1[\r][\n]"
22:09:32.605 [main] DEBUG org.apache.http.wire -  >> "Accept: */*[\r][\n]"
22:09:32.605 [main] DEBUG org.apache.http.wire -  >> "Host: localhost:8080[\r][\n]"
22:09:32.605 [main] DEBUG org.apache.http.wire -  >> "Connection: Keep-Alive[\r][\n]"
22:09:32.605 [main] DEBUG org.apache.http.wire -  >> "User-Agent: Apache-HttpClient/4.5.3 (Java/13.0.5.1)[\r][\n]"
22:09:32.605 [main] DEBUG org.apache.http.wire -  >> "Accept-Encoding: gzip,deflate[\r][\n]"
22:09:32.605 [main] DEBUG org.apache.http.wire -  >> "[\r][\n]"
22:09:32.605 [main] DEBUG org.apache.http.headers - >> GET /2?b=12&c=6&a=20 HTTP/1.1
22:09:32.605 [main] DEBUG org.apache.http.headers - >> Accept: */*
22:09:32.605 [main] DEBUG org.apache.http.headers - >> Host: localhost:8080
22:09:32.605 [main] DEBUG org.apache.http.headers - >> Connection: Keep-Alive
22:09:32.605 [main] DEBUG org.apache.http.headers - >> User-Agent: Apache-HttpClient/4.5.3 (Java/13.0.5.1)
22:09:32.605 [main] DEBUG org.apache.http.headers - >> Accept-Encoding: gzip,deflate
22:09:32.626 [main] DEBUG org.apache.http.wire -  << "HTTP/1.1 200 OK[\r][\n]"
22:09:32.626 [main] DEBUG org.apache.http.wire -  << "Server: Apache-Coyote/1.1[\r][\n]"
22:09:32.626 [main] DEBUG org.apache.http.wire -  << "Content-Type: text/plain;charset=UTF-8[\r][\n]"
22:09:32.626 [main] DEBUG org.apache.http.wire -  << "Content-Length: 6[\r][\n]"
22:09:32.626 [main] DEBUG org.apache.http.wire -  << "Date: Sun, 07 Feb 2021 21:09:32 GMT[\r][\n]"
22:09:32.626 [main] DEBUG org.apache.http.wire -  << "[\r][\n]"
22:09:32.626 [main] DEBUG o.a.h.i.conn.DefaultClientConnection - Receiving response: HTTP/1.1 200 OK
22:09:32.626 [main] DEBUG org.apache.http.headers - << HTTP/1.1 200 OK
22:09:32.626 [main] DEBUG org.apache.http.headers - << Server: Apache-Coyote/1.1
22:09:32.626 [main] DEBUG org.apache.http.headers - << Content-Type: text/plain;charset=UTF-8
22:09:32.626 [main] DEBUG org.apache.http.headers - << Content-Length: 6
22:09:32.626 [main] DEBUG org.apache.http.headers - << Date: Sun, 07 Feb 2021 21:09:32 GMT
22:09:32.626 [main] DEBUG o.a.h.impl.client.DefaultHttpClient - Connection can be kept alive indefinitely
22:09:32.626 [main] DEBUG i.r.i.RequestSpecificationImpl$RestAssuredHttpBuilder - Parsing response as: text/plain;charset=UTF-8
22:09:32.626 [main] DEBUG i.r.i.RequestSpecificationImpl$RestAssuredHttpBuilder - Parsed data to instance of: class org.apache.http.conn.EofSensorInputStream
22:09:32.627 [main] DEBUG org.apache.http.wire -  << "a:3000"
22:09:32.627 [main] DEBUG o.a.h.i.c.BasicClientConnectionManager - Releasing connection org.apache.http.impl.conn.ManagedClientConnectionImpl@32f32623
22:09:32.627 [main] DEBUG o.a.h.i.c.BasicClientConnectionManager - Connection can be kept alive indefinitely
22:09:32.629 [main] DEBUG o.a.h.i.c.BasicClientConnectionManager - Get connection for route {}->http://localhost:8080
22:09:32.629 [main] DEBUG o.a.h.i.c.DefaultClientConnectionOperator - Connecting to localhost:8080
22:09:32.629 [main] DEBUG o.a.h.c.protocol.RequestAddCookies - CookieSpec selected: ignoreCookies
22:09:32.629 [main] DEBUG o.a.h.c.protocol.RequestAuthCache - Auth cache not set in the context
22:09:32.629 [main] DEBUG o.a.h.c.p.RequestTargetAuthentication - Target auth state: UNCHALLENGED
22:09:32.629 [main] DEBUG o.a.h.c.p.RequestProxyAuthentication - Proxy auth state: UNCHALLENGED
22:09:32.629 [main] DEBUG o.a.h.impl.client.DefaultHttpClient - Attempt 1 to execute request
22:09:32.629 [main] DEBUG o.a.h.i.conn.DefaultClientConnection - Sending request: GET /2?b=12&c=6&a=20 HTTP/1.1
22:09:32.629 [main] DEBUG org.apache.http.wire -  >> "GET /2?b=12&c=6&a=20 HTTP/1.1[\r][\n]"
22:09:32.629 [main] DEBUG org.apache.http.wire -  >> "Accept: */*[\r][\n]"
22:09:32.629 [main] DEBUG org.apache.http.wire -  >> "Host: localhost:8080[\r][\n]"
22:09:32.629 [main] DEBUG org.apache.http.wire -  >> "Connection: Keep-Alive[\r][\n]"
22:09:32.629 [main] DEBUG org.apache.http.wire -  >> "User-Agent: Apache-HttpClient/4.5.3 (Java/13.0.5.1)[\r][\n]"
22:09:32.629 [main] DEBUG org.apache.http.wire -  >> "Accept-Encoding: gzip,deflate[\r][\n]"
22:09:32.629 [main] DEBUG org.apache.http.wire -  >> "[\r][\n]"
22:09:32.629 [main] DEBUG org.apache.http.headers - >> GET /2?b=12&c=6&a=20 HTTP/1.1
22:09:32.629 [main] DEBUG org.apache.http.headers - >> Accept: */*
22:09:32.629 [main] DEBUG org.apache.http.headers - >> Host: localhost:8080
22:09:32.629 [main] DEBUG org.apache.http.headers - >> Connection: Keep-Alive
22:09:32.629 [main] DEBUG org.apache.http.headers - >> User-Agent: Apache-HttpClient/4.5.3 (Java/13.0.5.1)
22:09:32.629 [main] DEBUG org.apache.http.headers - >> Accept-Encoding: gzip,deflate
22:09:32.646 [main] DEBUG org.apache.http.wire -  << "HTTP/1.1 200 OK[\r][\n]"
22:09:32.646 [main] DEBUG org.apache.http.wire -  << "Server: Apache-Coyote/1.1[\r][\n]"
22:09:32.646 [main] DEBUG org.apache.http.wire -  << "Content-Type: text/plain;charset=UTF-8[\r][\n]"
22:09:32.646 [main] DEBUG org.apache.http.wire -  << "Content-Length: 6[\r][\n]"
22:09:32.646 [main] DEBUG org.apache.http.wire -  << "Date: Sun, 07 Feb 2021 21:09:32 GMT[\r][\n]"
22:09:32.646 [main] DEBUG org.apache.http.wire -  << "[\r][\n]"
22:09:32.646 [main] DEBUG o.a.h.i.conn.DefaultClientConnection - Receiving response: HTTP/1.1 200 OK
22:09:32.646 [main] DEBUG org.apache.http.headers - << HTTP/1.1 200 OK
22:09:32.646 [main] DEBUG org.apache.http.headers - << Server: Apache-Coyote/1.1
22:09:32.646 [main] DEBUG org.apache.http.headers - << Content-Type: text/plain;charset=UTF-8
22:09:32.646 [main] DEBUG org.apache.http.headers - << Content-Length: 6
22:09:32.646 [main] DEBUG org.apache.http.headers - << Date: Sun, 07 Feb 2021 21:09:32 GMT
22:09:32.646 [main] DEBUG o.a.h.impl.client.DefaultHttpClient - Connection can be kept alive indefinitely
22:09:32.647 [main] DEBUG i.r.i.RequestSpecificationImpl$RestAssuredHttpBuilder - Parsing response as: text/plain;charset=UTF-8
22:09:32.647 [main] DEBUG i.r.i.RequestSpecificationImpl$RestAssuredHttpBuilder - Parsed data to instance of: class org.apache.http.conn.EofSensorInputStream
22:09:32.647 [main] DEBUG org.apache.http.wire -  << "a:3000"
22:09:32.647 [main] DEBUG o.a.h.i.c.BasicClientConnectionManager - Releasing connection org.apache.http.impl.conn.ManagedClientConnectionImpl@79476a4e
22:09:32.647 [main] DEBUG o.a.h.i.c.BasicClientConnectionManager - Connection can be kept alive indefinitely
22:09:32.650 [main] DEBUG o.a.h.i.c.BasicClientConnectionManager - Get connection for route {}->http://localhost:8080
22:09:32.650 [main] DEBUG o.a.h.i.c.DefaultClientConnectionOperator - Connecting to localhost:8080
22:09:32.650 [main] DEBUG o.a.h.c.protocol.RequestAddCookies - CookieSpec selected: ignoreCookies
22:09:32.650 [main] DEBUG o.a.h.c.protocol.RequestAuthCache - Auth cache not set in the context
22:09:32.650 [main] DEBUG o.a.h.c.p.RequestTargetAuthentication - Target auth state: UNCHALLENGED
22:09:32.650 [main] DEBUG o.a.h.c.p.RequestProxyAuthentication - Proxy auth state: UNCHALLENGED
22:09:32.650 [main] DEBUG o.a.h.impl.client.DefaultHttpClient - Attempt 1 to execute request
22:09:32.650 [main] DEBUG o.a.h.i.conn.DefaultClientConnection - Sending request: GET /2?b=12&c=6&a=20 HTTP/1.1
22:09:32.651 [main] DEBUG org.apache.http.wire -  >> "GET /2?b=12&c=6&a=20 HTTP/1.1[\r][\n]"
22:09:32.651 [main] DEBUG org.apache.http.wire -  >> "Accept: */*[\r][\n]"
22:09:32.651 [main] DEBUG org.apache.http.wire -  >> "Host: localhost:8080[\r][\n]"
22:09:32.651 [main] DEBUG org.apache.http.wire -  >> "Connection: Keep-Alive[\r][\n]"
22:09:32.651 [main] DEBUG org.apache.http.wire -  >> "User-Agent: Apache-HttpClient/4.5.3 (Java/13.0.5.1)[\r][\n]"
22:09:32.651 [main] DEBUG org.apache.http.wire -  >> "Accept-Encoding: gzip,deflate[\r][\n]"
22:09:32.651 [main] DEBUG org.apache.http.wire -  >> "[\r][\n]"
22:09:32.651 [main] DEBUG org.apache.http.headers - >> GET /2?b=12&c=6&a=20 HTTP/1.1
22:09:32.651 [main] DEBUG org.apache.http.headers - >> Accept: */*
22:09:32.651 [main] DEBUG org.apache.http.headers - >> Host: localhost:8080
22:09:32.651 [main] DEBUG org.apache.http.headers - >> Connection: Keep-Alive
22:09:32.651 [main] DEBUG org.apache.http.headers - >> User-Agent: Apache-HttpClient/4.5.3 (Java/13.0.5.1)
22:09:32.651 [main] DEBUG org.apache.http.headers - >> Accept-Encoding: gzip,deflate
22:09:32.671 [main] DEBUG org.apache.http.wire -  << "HTTP/1.1 200 OK[\r][\n]"
22:09:32.671 [main] DEBUG org.apache.http.wire -  << "Server: Apache-Coyote/1.1[\r][\n]"
22:09:32.671 [main] DEBUG org.apache.http.wire -  << "Content-Type: text/plain;charset=UTF-8[\r][\n]"
22:09:32.671 [main] DEBUG org.apache.http.wire -  << "Content-Length: 6[\r][\n]"
22:09:32.671 [main] DEBUG org.apache.http.wire -  << "Date: Sun, 07 Feb 2021 21:09:32 GMT[\r][\n]"
22:09:32.671 [main] DEBUG org.apache.http.wire -  << "[\r][\n]"
22:09:32.671 [main] DEBUG o.a.h.i.conn.DefaultClientConnection - Receiving response: HTTP/1.1 200 OK
22:09:32.671 [main] DEBUG org.apache.http.headers - << HTTP/1.1 200 OK
22:09:32.671 [main] DEBUG org.apache.http.headers - << Server: Apache-Coyote/1.1
22:09:32.671 [main] DEBUG org.apache.http.headers - << Content-Type: text/plain;charset=UTF-8
22:09:32.671 [main] DEBUG org.apache.http.headers - << Content-Length: 6
22:09:32.671 [main] DEBUG org.apache.http.headers - << Date: Sun, 07 Feb 2021 21:09:32 GMT
22:09:32.671 [main] DEBUG o.a.h.impl.client.DefaultHttpClient - Connection can be kept alive indefinitely
22:09:32.671 [main] DEBUG i.r.i.RequestSpecificationImpl$RestAssuredHttpBuilder - Parsing response as: text/plain;charset=UTF-8
22:09:32.671 [main] DEBUG i.r.i.RequestSpecificationImpl$RestAssuredHttpBuilder - Parsed data to instance of: class org.apache.http.conn.EofSensorInputStream
22:09:32.671 [main] DEBUG org.apache.http.wire -  << "a:3000"
22:09:32.671 [main] DEBUG o.a.h.i.c.BasicClientConnectionManager - Releasing connection org.apache.http.impl.conn.ManagedClientConnectionImpl@1a01d7f0
22:09:32.671 [main] DEBUG o.a.h.i.c.BasicClientConnectionManager - Connection can be kept alive indefinitely
22:09:32.674 [main] DEBUG o.a.h.i.c.BasicClientConnectionManager - Get connection for route {}->http://localhost:8080
22:09:32.674 [main] DEBUG o.a.h.i.c.DefaultClientConnectionOperator - Connecting to localhost:8080
22:09:32.675 [main] DEBUG o.a.h.c.protocol.RequestAddCookies - CookieSpec selected: ignoreCookies
22:09:32.675 [main] DEBUG o.a.h.c.protocol.RequestAuthCache - Auth cache not set in the context
22:09:32.675 [main] DEBUG o.a.h.c.p.RequestTargetAuthentication - Target auth state: UNCHALLENGED
22:09:32.675 [main] DEBUG o.a.h.c.p.RequestProxyAuthentication - Proxy auth state: UNCHALLENGED
22:09:32.675 [main] DEBUG o.a.h.impl.client.DefaultHttpClient - Attempt 1 to execute request
22:09:32.675 [main] DEBUG o.a.h.i.conn.DefaultClientConnection - Sending request: GET /2?b=12&c=6&a=20 HTTP/1.1
22:09:32.675 [main] DEBUG org.apache.http.wire -  >> "GET /2?b=12&c=6&a=20 HTTP/1.1[\r][\n]"
22:09:32.675 [main] DEBUG org.apache.http.wire -  >> "Accept: */*[\r][\n]"
22:09:32.675 [main] DEBUG org.apache.http.wire -  >> "Host: localhost:8080[\r][\n]"
22:09:32.675 [main] DEBUG org.apache.http.wire -  >> "Connection: Keep-Alive[\r][\n]"
22:09:32.675 [main] DEBUG org.apache.http.wire -  >> "User-Agent: Apache-HttpClient/4.5.3 (Java/13.0.5.1)[\r][\n]"
22:09:32.675 [main] DEBUG org.apache.http.wire -  >> "Accept-Encoding: gzip,deflate[\r][\n]"
22:09:32.675 [main] DEBUG org.apache.http.wire -  >> "[\r][\n]"
22:09:32.675 [main] DEBUG org.apache.http.headers - >> GET /2?b=12&c=6&a=20 HTTP/1.1
22:09:32.675 [main] DEBUG org.apache.http.headers - >> Accept: */*
22:09:32.675 [main] DEBUG org.apache.http.headers - >> Host: localhost:8080
22:09:32.675 [main] DEBUG org.apache.http.headers - >> Connection: Keep-Alive
22:09:32.675 [main] DEBUG org.apache.http.headers - >> User-Agent: Apache-HttpClient/4.5.3 (Java/13.0.5.1)
22:09:32.675 [main] DEBUG org.apache.http.headers - >> Accept-Encoding: gzip,deflate
22:09:32.693 [main] DEBUG org.apache.http.wire -  << "HTTP/1.1 200 OK[\r][\n]"
22:09:32.693 [main] DEBUG org.apache.http.wire -  << "Server: Apache-Coyote/1.1[\r][\n]"
22:09:32.693 [main] DEBUG org.apache.http.wire -  << "Content-Type: text/plain;charset=UTF-8[\r][\n]"
22:09:32.693 [main] DEBUG org.apache.http.wire -  << "Content-Length: 6[\r][\n]"
22:09:32.693 [main] DEBUG org.apache.http.wire -  << "Date: Sun, 07 Feb 2021 21:09:32 GMT[\r][\n]"
22:09:32.693 [main] DEBUG org.apache.http.wire -  << "[\r][\n]"
22:09:32.693 [main] DEBUG o.a.h.i.conn.DefaultClientConnection - Receiving response: HTTP/1.1 200 OK
22:09:32.693 [main] DEBUG org.apache.http.headers - << HTTP/1.1 200 OK
22:09:32.693 [main] DEBUG org.apache.http.headers - << Server: Apache-Coyote/1.1
22:09:32.693 [main] DEBUG org.apache.http.headers - << Content-Type: text/plain;charset=UTF-8
22:09:32.693 [main] DEBUG org.apache.http.headers - << Content-Length: 6
22:09:32.693 [main] DEBUG org.apache.http.headers - << Date: Sun, 07 Feb 2021 21:09:32 GMT
22:09:32.693 [main] DEBUG o.a.h.impl.client.DefaultHttpClient - Connection can be kept alive indefinitely
22:09:32.693 [main] DEBUG i.r.i.RequestSpecificationImpl$RestAssuredHttpBuilder - Parsing response as: text/plain;charset=UTF-8
22:09:32.693 [main] DEBUG i.r.i.RequestSpecificationImpl$RestAssuredHttpBuilder - Parsed data to instance of: class org.apache.http.conn.EofSensorInputStream
22:09:32.694 [main] DEBUG org.apache.http.wire -  << "a:3000"
22:09:32.694 [main] DEBUG o.a.h.i.c.BasicClientConnectionManager - Releasing connection org.apache.http.impl.conn.ManagedClientConnectionImpl@5a058be5
22:09:32.694 [main] DEBUG o.a.h.i.c.BasicClientConnectionManager - Connection can be kept alive indefinitely
22:09:32.699 [main] DEBUG o.a.h.i.c.BasicClientConnectionManager - Get connection for route {}->http://localhost:8080
22:09:32.699 [main] DEBUG o.a.h.i.c.DefaultClientConnectionOperator - Connecting to localhost:8080
22:09:32.700 [main] DEBUG o.a.h.c.protocol.RequestAddCookies - CookieSpec selected: ignoreCookies
22:09:32.700 [main] DEBUG o.a.h.c.protocol.RequestAuthCache - Auth cache not set in the context
22:09:32.700 [main] DEBUG o.a.h.c.p.RequestTargetAuthentication - Target auth state: UNCHALLENGED
22:09:32.700 [main] DEBUG o.a.h.c.p.RequestProxyAuthentication - Proxy auth state: UNCHALLENGED
22:09:32.700 [main] DEBUG o.a.h.impl.client.DefaultHttpClient - Attempt 1 to execute request
22:09:32.700 [main] DEBUG o.a.h.i.conn.DefaultClientConnection - Sending request: GET /2?b=12&c=6&a=20 HTTP/1.1
22:09:32.700 [main] DEBUG org.apache.http.wire -  >> "GET /2?b=12&c=6&a=20 HTTP/1.1[\r][\n]"
22:09:32.700 [main] DEBUG org.apache.http.wire -  >> "Accept: */*[\r][\n]"
22:09:32.700 [main] DEBUG org.apache.http.wire -  >> "Host: localhost:8080[\r][\n]"
22:09:32.700 [main] DEBUG org.apache.http.wire -  >> "Connection: Keep-Alive[\r][\n]"
22:09:32.700 [main] DEBUG org.apache.http.wire -  >> "User-Agent: Apache-HttpClient/4.5.3 (Java/13.0.5.1)[\r][\n]"
22:09:32.700 [main] DEBUG org.apache.http.wire -  >> "Accept-Encoding: gzip,deflate[\r][\n]"
22:09:32.700 [main] DEBUG org.apache.http.wire -  >> "[\r][\n]"
22:09:32.700 [main] DEBUG org.apache.http.headers - >> GET /2?b=12&c=6&a=20 HTTP/1.1
22:09:32.700 [main] DEBUG org.apache.http.headers - >> Accept: */*
22:09:32.700 [main] DEBUG org.apache.http.headers - >> Host: localhost:8080
22:09:32.700 [main] DEBUG org.apache.http.headers - >> Connection: Keep-Alive
22:09:32.700 [main] DEBUG org.apache.http.headers - >> User-Agent: Apache-HttpClient/4.5.3 (Java/13.0.5.1)
22:09:32.700 [main] DEBUG org.apache.http.headers - >> Accept-Encoding: gzip,deflate
22:09:32.719 [main] DEBUG org.apache.http.wire -  << "HTTP/1.1 200 OK[\r][\n]"
22:09:32.719 [main] DEBUG org.apache.http.wire -  << "Server: Apache-Coyote/1.1[\r][\n]"
22:09:32.719 [main] DEBUG org.apache.http.wire -  << "Content-Type: text/plain;charset=UTF-8[\r][\n]"
22:09:32.719 [main] DEBUG org.apache.http.wire -  << "Content-Length: 6[\r][\n]"
22:09:32.719 [main] DEBUG org.apache.http.wire -  << "Date: Sun, 07 Feb 2021 21:09:32 GMT[\r][\n]"
22:09:32.719 [main] DEBUG org.apache.http.wire -  << "[\r][\n]"
22:09:32.719 [main] DEBUG o.a.h.i.conn.DefaultClientConnection - Receiving response: HTTP/1.1 200 OK
22:09:32.719 [main] DEBUG org.apache.http.headers - << HTTP/1.1 200 OK
22:09:32.719 [main] DEBUG org.apache.http.headers - << Server: Apache-Coyote/1.1
22:09:32.719 [main] DEBUG org.apache.http.headers - << Content-Type: text/plain;charset=UTF-8
22:09:32.719 [main] DEBUG org.apache.http.headers - << Content-Length: 6
22:09:32.719 [main] DEBUG org.apache.http.headers - << Date: Sun, 07 Feb 2021 21:09:32 GMT
22:09:32.719 [main] DEBUG o.a.h.impl.client.DefaultHttpClient - Connection can be kept alive indefinitely
22:09:32.719 [main] DEBUG i.r.i.RequestSpecificationImpl$RestAssuredHttpBuilder - Parsing response as: text/plain;charset=UTF-8
22:09:32.719 [main] DEBUG i.r.i.RequestSpecificationImpl$RestAssuredHttpBuilder - Parsed data to instance of: class org.apache.http.conn.EofSensorInputStream
22:09:32.719 [main] DEBUG org.apache.http.wire -  << "a:3000"
22:09:32.719 [main] DEBUG o.a.h.i.c.BasicClientConnectionManager - Releasing connection org.apache.http.impl.conn.ManagedClientConnectionImpl@71aaf151
22:09:32.719 [main] DEBUG o.a.h.i.c.BasicClientConnectionManager - Connection can be kept alive indefinitely
22:09:32.721 [main] DEBUG o.a.h.i.c.BasicClientConnectionManager - Get connection for route {}->http://localhost:8080
22:09:32.721 [main] DEBUG o.a.h.i.c.DefaultClientConnectionOperator - Connecting to localhost:8080
22:09:32.722 [main] DEBUG o.a.h.c.protocol.RequestAddCookies - CookieSpec selected: ignoreCookies
22:09:32.722 [main] DEBUG o.a.h.c.protocol.RequestAuthCache - Auth cache not set in the context
22:09:32.722 [main] DEBUG o.a.h.c.p.RequestTargetAuthentication - Target auth state: UNCHALLENGED
22:09:32.722 [main] DEBUG o.a.h.c.p.RequestProxyAuthentication - Proxy auth state: UNCHALLENGED
22:09:32.722 [main] DEBUG o.a.h.impl.client.DefaultHttpClient - Attempt 1 to execute request
22:09:32.722 [main] DEBUG o.a.h.i.conn.DefaultClientConnection - Sending request: GET /2?b=12&c=6&a=20 HTTP/1.1
22:09:32.722 [main] DEBUG org.apache.http.wire -  >> "GET /2?b=12&c=6&a=20 HTTP/1.1[\r][\n]"
22:09:32.722 [main] DEBUG org.apache.http.wire -  >> "Accept: */*[\r][\n]"
22:09:32.722 [main] DEBUG org.apache.http.wire -  >> "Host: localhost:8080[\r][\n]"
22:09:32.722 [main] DEBUG org.apache.http.wire -  >> "Connection: Keep-Alive[\r][\n]"
22:09:32.722 [main] DEBUG org.apache.http.wire -  >> "User-Agent: Apache-HttpClient/4.5.3 (Java/13.0.5.1)[\r][\n]"
22:09:32.722 [main] DEBUG org.apache.http.wire -  >> "Accept-Encoding: gzip,deflate[\r][\n]"
22:09:32.722 [main] DEBUG org.apache.http.wire -  >> "[\r][\n]"
22:09:32.722 [main] DEBUG org.apache.http.headers - >> GET /2?b=12&c=6&a=20 HTTP/1.1
22:09:32.722 [main] DEBUG org.apache.http.headers - >> Accept: */*
22:09:32.722 [main] DEBUG org.apache.http.headers - >> Host: localhost:8080
22:09:32.722 [main] DEBUG org.apache.http.headers - >> Connection: Keep-Alive
22:09:32.722 [main] DEBUG org.apache.http.headers - >> User-Agent: Apache-HttpClient/4.5.3 (Java/13.0.5.1)
22:09:32.722 [main] DEBUG org.apache.http.headers - >> Accept-Encoding: gzip,deflate
22:09:32.737 [main] DEBUG org.apache.http.wire -  << "HTTP/1.1 200 OK[\r][\n]"
22:09:32.737 [main] DEBUG org.apache.http.wire -  << "Server: Apache-Coyote/1.1[\r][\n]"
22:09:32.737 [main] DEBUG org.apache.http.wire -  << "Content-Type: text/plain;charset=UTF-8[\r][\n]"
22:09:32.737 [main] DEBUG org.apache.http.wire -  << "Content-Length: 6[\r][\n]"
22:09:32.737 [main] DEBUG org.apache.http.wire -  << "Date: Sun, 07 Feb 2021 21:09:32 GMT[\r][\n]"
22:09:32.737 [main] DEBUG org.apache.http.wire -  << "[\r][\n]"
22:09:32.737 [main] DEBUG o.a.h.i.conn.DefaultClientConnection - Receiving response: HTTP/1.1 200 OK
22:09:32.737 [main] DEBUG org.apache.http.headers - << HTTP/1.1 200 OK
22:09:32.737 [main] DEBUG org.apache.http.headers - << Server: Apache-Coyote/1.1
22:09:32.737 [main] DEBUG org.apache.http.headers - << Content-Type: text/plain;charset=UTF-8
22:09:32.737 [main] DEBUG org.apache.http.headers - << Content-Length: 6
22:09:32.737 [main] DEBUG org.apache.http.headers - << Date: Sun, 07 Feb 2021 21:09:32 GMT
22:09:32.737 [main] DEBUG o.a.h.impl.client.DefaultHttpClient - Connection can be kept alive indefinitely
22:09:32.737 [main] DEBUG i.r.i.RequestSpecificationImpl$RestAssuredHttpBuilder - Parsing response as: text/plain;charset=UTF-8
22:09:32.738 [main] DEBUG i.r.i.RequestSpecificationImpl$RestAssuredHttpBuilder - Parsed data to instance of: class org.apache.http.conn.EofSensorInputStream
22:09:32.738 [main] DEBUG org.apache.http.wire -  << "a:3000"
22:09:32.738 [main] DEBUG o.a.h.i.c.BasicClientConnectionManager - Releasing connection org.apache.http.impl.conn.ManagedClientConnectionImpl@52ea0269
22:09:32.738 [main] DEBUG o.a.h.i.c.BasicClientConnectionManager - Connection can be kept alive indefinitely
str = aaaaaaaaaaaaaaaaaaaaaaaaaaaaaaaaaaaaaaaaaaaaaaaaaa
]]></system-out>
  </testcase>
  <testcase name="GET the winner and verify - 3 Same Highest Bids - 3 Query Parameters - Verify Random Selection #3" classname="User should be able to get the winner" time="1.283">
    <failure message="Verify that bidder is chosen randomly as c or a or b" type="java.lang.AssertionError">java.lang.AssertionError: Verify that bidder is chosen randomly as c or a or b
</failure>
    <system-out><![CDATA[22:09:32.747 [main] DEBUG o.a.h.i.c.BasicClientConnectionManager - Get connection for route {}->http://localhost:8080
22:09:32.747 [main] DEBUG o.a.h.i.c.DefaultClientConnectionOperator - Connecting to localhost:8080
22:09:32.747 [main] DEBUG o.a.h.c.protocol.RequestAddCookies - CookieSpec selected: ignoreCookies
22:09:32.747 [main] DEBUG o.a.h.c.protocol.RequestAuthCache - Auth cache not set in the context
22:09:32.747 [main] DEBUG o.a.h.c.p.RequestTargetAuthentication - Target auth state: UNCHALLENGED
22:09:32.748 [main] DEBUG o.a.h.c.p.RequestProxyAuthentication - Proxy auth state: UNCHALLENGED
22:09:32.748 [main] DEBUG o.a.h.impl.client.DefaultHttpClient - Attempt 1 to execute request
22:09:32.748 [main] DEBUG o.a.h.i.conn.DefaultClientConnection - Sending request: GET /3?c=9&a=30&b=18 HTTP/1.1
22:09:32.748 [main] DEBUG org.apache.http.wire -  >> "GET /3?c=9&a=30&b=18 HTTP/1.1[\r][\n]"
22:09:32.748 [main] DEBUG org.apache.http.wire -  >> "Accept: */*[\r][\n]"
22:09:32.748 [main] DEBUG org.apache.http.wire -  >> "Host: localhost:8080[\r][\n]"
22:09:32.748 [main] DEBUG org.apache.http.wire -  >> "Connection: Keep-Alive[\r][\n]"
22:09:32.748 [main] DEBUG org.apache.http.wire -  >> "User-Agent: Apache-HttpClient/4.5.3 (Java/13.0.5.1)[\r][\n]"
22:09:32.748 [main] DEBUG org.apache.http.wire -  >> "Accept-Encoding: gzip,deflate[\r][\n]"
22:09:32.748 [main] DEBUG org.apache.http.wire -  >> "[\r][\n]"
22:09:32.748 [main] DEBUG org.apache.http.headers - >> GET /3?c=9&a=30&b=18 HTTP/1.1
22:09:32.748 [main] DEBUG org.apache.http.headers - >> Accept: */*
22:09:32.748 [main] DEBUG org.apache.http.headers - >> Host: localhost:8080
22:09:32.748 [main] DEBUG org.apache.http.headers - >> Connection: Keep-Alive
22:09:32.748 [main] DEBUG org.apache.http.headers - >> User-Agent: Apache-HttpClient/4.5.3 (Java/13.0.5.1)
22:09:32.748 [main] DEBUG org.apache.http.headers - >> Accept-Encoding: gzip,deflate
22:09:32.766 [main] DEBUG org.apache.http.wire -  << "HTTP/1.1 200 OK[\r][\n]"
22:09:32.766 [main] DEBUG org.apache.http.wire -  << "Server: Apache-Coyote/1.1[\r][\n]"
22:09:32.766 [main] DEBUG org.apache.http.wire -  << "Content-Type: text/plain;charset=UTF-8[\r][\n]"
22:09:32.766 [main] DEBUG org.apache.http.wire -  << "Content-Length: 6[\r][\n]"
22:09:32.766 [main] DEBUG org.apache.http.wire -  << "Date: Sun, 07 Feb 2021 21:09:32 GMT[\r][\n]"
22:09:32.766 [main] DEBUG org.apache.http.wire -  << "[\r][\n]"
22:09:32.766 [main] DEBUG o.a.h.i.conn.DefaultClientConnection - Receiving response: HTTP/1.1 200 OK
22:09:32.766 [main] DEBUG org.apache.http.headers - << HTTP/1.1 200 OK
22:09:32.766 [main] DEBUG org.apache.http.headers - << Server: Apache-Coyote/1.1
22:09:32.766 [main] DEBUG org.apache.http.headers - << Content-Type: text/plain;charset=UTF-8
22:09:32.766 [main] DEBUG org.apache.http.headers - << Content-Length: 6
22:09:32.766 [main] DEBUG org.apache.http.headers - << Date: Sun, 07 Feb 2021 21:09:32 GMT
22:09:32.766 [main] DEBUG o.a.h.impl.client.DefaultHttpClient - Connection can be kept alive indefinitely
22:09:32.766 [main] DEBUG i.r.i.RequestSpecificationImpl$RestAssuredHttpBuilder - Parsing response as: text/plain;charset=UTF-8
22:09:32.766 [main] DEBUG i.r.i.RequestSpecificationImpl$RestAssuredHttpBuilder - Parsed data to instance of: class org.apache.http.conn.EofSensorInputStream
22:09:32.767 [main] DEBUG org.apache.http.wire -  << "a:4500"
22:09:32.767 [main] DEBUG o.a.h.i.c.BasicClientConnectionManager - Releasing connection org.apache.http.impl.conn.ManagedClientConnectionImpl@61db86bf
22:09:32.767 [main] DEBUG o.a.h.i.c.BasicClientConnectionManager - Connection can be kept alive indefinitely
22:09:32.769 [main] DEBUG o.a.h.i.c.BasicClientConnectionManager - Get connection for route {}->http://localhost:8080
22:09:32.769 [main] DEBUG o.a.h.i.c.DefaultClientConnectionOperator - Connecting to localhost:8080
22:09:32.770 [main] DEBUG o.a.h.c.protocol.RequestAddCookies - CookieSpec selected: ignoreCookies
22:09:32.770 [main] DEBUG o.a.h.c.protocol.RequestAuthCache - Auth cache not set in the context
22:09:32.770 [main] DEBUG o.a.h.c.p.RequestTargetAuthentication - Target auth state: UNCHALLENGED
22:09:32.770 [main] DEBUG o.a.h.c.p.RequestProxyAuthentication - Proxy auth state: UNCHALLENGED
22:09:32.770 [main] DEBUG o.a.h.impl.client.DefaultHttpClient - Attempt 1 to execute request
22:09:32.770 [main] DEBUG o.a.h.i.conn.DefaultClientConnection - Sending request: GET /3?c=9&a=30&b=18 HTTP/1.1
22:09:32.770 [main] DEBUG org.apache.http.wire -  >> "GET /3?c=9&a=30&b=18 HTTP/1.1[\r][\n]"
22:09:32.770 [main] DEBUG org.apache.http.wire -  >> "Accept: */*[\r][\n]"
22:09:32.770 [main] DEBUG org.apache.http.wire -  >> "Host: localhost:8080[\r][\n]"
22:09:32.770 [main] DEBUG org.apache.http.wire -  >> "Connection: Keep-Alive[\r][\n]"
22:09:32.770 [main] DEBUG org.apache.http.wire -  >> "User-Agent: Apache-HttpClient/4.5.3 (Java/13.0.5.1)[\r][\n]"
22:09:32.770 [main] DEBUG org.apache.http.wire -  >> "Accept-Encoding: gzip,deflate[\r][\n]"
22:09:32.770 [main] DEBUG org.apache.http.wire -  >> "[\r][\n]"
22:09:32.770 [main] DEBUG org.apache.http.headers - >> GET /3?c=9&a=30&b=18 HTTP/1.1
22:09:32.770 [main] DEBUG org.apache.http.headers - >> Accept: */*
22:09:32.770 [main] DEBUG org.apache.http.headers - >> Host: localhost:8080
22:09:32.770 [main] DEBUG org.apache.http.headers - >> Connection: Keep-Alive
22:09:32.770 [main] DEBUG org.apache.http.headers - >> User-Agent: Apache-HttpClient/4.5.3 (Java/13.0.5.1)
22:09:32.770 [main] DEBUG org.apache.http.headers - >> Accept-Encoding: gzip,deflate
22:09:32.788 [main] DEBUG org.apache.http.wire -  << "HTTP/1.1 200 OK[\r][\n]"
22:09:32.788 [main] DEBUG org.apache.http.wire -  << "Server: Apache-Coyote/1.1[\r][\n]"
22:09:32.788 [main] DEBUG org.apache.http.wire -  << "Content-Type: text/plain;charset=UTF-8[\r][\n]"
22:09:32.788 [main] DEBUG org.apache.http.wire -  << "Content-Length: 6[\r][\n]"
22:09:32.788 [main] DEBUG org.apache.http.wire -  << "Date: Sun, 07 Feb 2021 21:09:32 GMT[\r][\n]"
22:09:32.788 [main] DEBUG org.apache.http.wire -  << "[\r][\n]"
22:09:32.788 [main] DEBUG o.a.h.i.conn.DefaultClientConnection - Receiving response: HTTP/1.1 200 OK
22:09:32.788 [main] DEBUG org.apache.http.headers - << HTTP/1.1 200 OK
22:09:32.788 [main] DEBUG org.apache.http.headers - << Server: Apache-Coyote/1.1
22:09:32.788 [main] DEBUG org.apache.http.headers - << Content-Type: text/plain;charset=UTF-8
22:09:32.788 [main] DEBUG org.apache.http.headers - << Content-Length: 6
22:09:32.788 [main] DEBUG org.apache.http.headers - << Date: Sun, 07 Feb 2021 21:09:32 GMT
22:09:32.788 [main] DEBUG o.a.h.impl.client.DefaultHttpClient - Connection can be kept alive indefinitely
22:09:32.788 [main] DEBUG i.r.i.RequestSpecificationImpl$RestAssuredHttpBuilder - Parsing response as: text/plain;charset=UTF-8
22:09:32.788 [main] DEBUG i.r.i.RequestSpecificationImpl$RestAssuredHttpBuilder - Parsed data to instance of: class org.apache.http.conn.EofSensorInputStream
22:09:32.788 [main] DEBUG org.apache.http.wire -  << "a:4500"
22:09:32.789 [main] DEBUG o.a.h.i.c.BasicClientConnectionManager - Releasing connection org.apache.http.impl.conn.ManagedClientConnectionImpl@4dadd690
22:09:32.789 [main] DEBUG o.a.h.i.c.BasicClientConnectionManager - Connection can be kept alive indefinitely
22:09:32.790 [main] DEBUG o.a.h.i.c.BasicClientConnectionManager - Get connection for route {}->http://localhost:8080
22:09:32.791 [main] DEBUG o.a.h.i.c.DefaultClientConnectionOperator - Connecting to localhost:8080
22:09:32.791 [main] DEBUG o.a.h.c.protocol.RequestAddCookies - CookieSpec selected: ignoreCookies
22:09:32.791 [main] DEBUG o.a.h.c.protocol.RequestAuthCache - Auth cache not set in the context
22:09:32.791 [main] DEBUG o.a.h.c.p.RequestTargetAuthentication - Target auth state: UNCHALLENGED
22:09:32.791 [main] DEBUG o.a.h.c.p.RequestProxyAuthentication - Proxy auth state: UNCHALLENGED
22:09:32.791 [main] DEBUG o.a.h.impl.client.DefaultHttpClient - Attempt 1 to execute request
22:09:32.791 [main] DEBUG o.a.h.i.conn.DefaultClientConnection - Sending request: GET /3?c=9&a=30&b=18 HTTP/1.1
22:09:32.791 [main] DEBUG org.apache.http.wire -  >> "GET /3?c=9&a=30&b=18 HTTP/1.1[\r][\n]"
22:09:32.791 [main] DEBUG org.apache.http.wire -  >> "Accept: */*[\r][\n]"
22:09:32.791 [main] DEBUG org.apache.http.wire -  >> "Host: localhost:8080[\r][\n]"
22:09:32.791 [main] DEBUG org.apache.http.wire -  >> "Connection: Keep-Alive[\r][\n]"
22:09:32.791 [main] DEBUG org.apache.http.wire -  >> "User-Agent: Apache-HttpClient/4.5.3 (Java/13.0.5.1)[\r][\n]"
22:09:32.791 [main] DEBUG org.apache.http.wire -  >> "Accept-Encoding: gzip,deflate[\r][\n]"
22:09:32.791 [main] DEBUG org.apache.http.wire -  >> "[\r][\n]"
22:09:32.791 [main] DEBUG org.apache.http.headers - >> GET /3?c=9&a=30&b=18 HTTP/1.1
22:09:32.791 [main] DEBUG org.apache.http.headers - >> Accept: */*
22:09:32.791 [main] DEBUG org.apache.http.headers - >> Host: localhost:8080
22:09:32.791 [main] DEBUG org.apache.http.headers - >> Connection: Keep-Alive
22:09:32.791 [main] DEBUG org.apache.http.headers - >> User-Agent: Apache-HttpClient/4.5.3 (Java/13.0.5.1)
22:09:32.791 [main] DEBUG org.apache.http.headers - >> Accept-Encoding: gzip,deflate
22:09:32.806 [main] DEBUG org.apache.http.wire -  << "HTTP/1.1 200 OK[\r][\n]"
22:09:32.806 [main] DEBUG org.apache.http.wire -  << "Server: Apache-Coyote/1.1[\r][\n]"
22:09:32.806 [main] DEBUG org.apache.http.wire -  << "Content-Type: text/plain;charset=UTF-8[\r][\n]"
22:09:32.806 [main] DEBUG org.apache.http.wire -  << "Content-Length: 6[\r][\n]"
22:09:32.806 [main] DEBUG org.apache.http.wire -  << "Date: Sun, 07 Feb 2021 21:09:32 GMT[\r][\n]"
22:09:32.806 [main] DEBUG org.apache.http.wire -  << "[\r][\n]"
22:09:32.806 [main] DEBUG o.a.h.i.conn.DefaultClientConnection - Receiving response: HTTP/1.1 200 OK
22:09:32.806 [main] DEBUG org.apache.http.headers - << HTTP/1.1 200 OK
22:09:32.806 [main] DEBUG org.apache.http.headers - << Server: Apache-Coyote/1.1
22:09:32.806 [main] DEBUG org.apache.http.headers - << Content-Type: text/plain;charset=UTF-8
22:09:32.806 [main] DEBUG org.apache.http.headers - << Content-Length: 6
22:09:32.806 [main] DEBUG org.apache.http.headers - << Date: Sun, 07 Feb 2021 21:09:32 GMT
22:09:32.806 [main] DEBUG o.a.h.impl.client.DefaultHttpClient - Connection can be kept alive indefinitely
22:09:32.807 [main] DEBUG i.r.i.RequestSpecificationImpl$RestAssuredHttpBuilder - Parsing response as: text/plain;charset=UTF-8
22:09:32.807 [main] DEBUG i.r.i.RequestSpecificationImpl$RestAssuredHttpBuilder - Parsed data to instance of: class org.apache.http.conn.EofSensorInputStream
22:09:32.807 [main] DEBUG org.apache.http.wire -  << "a:4500"
22:09:32.807 [main] DEBUG o.a.h.i.c.BasicClientConnectionManager - Releasing connection org.apache.http.impl.conn.ManagedClientConnectionImpl@377874b4
22:09:32.807 [main] DEBUG o.a.h.i.c.BasicClientConnectionManager - Connection can be kept alive indefinitely
22:09:32.810 [main] DEBUG o.a.h.i.c.BasicClientConnectionManager - Get connection for route {}->http://localhost:8080
22:09:32.810 [main] DEBUG o.a.h.i.c.DefaultClientConnectionOperator - Connecting to localhost:8080
22:09:32.811 [main] DEBUG o.a.h.c.protocol.RequestAddCookies - CookieSpec selected: ignoreCookies
22:09:32.811 [main] DEBUG o.a.h.c.protocol.RequestAuthCache - Auth cache not set in the context
22:09:32.811 [main] DEBUG o.a.h.c.p.RequestTargetAuthentication - Target auth state: UNCHALLENGED
22:09:32.811 [main] DEBUG o.a.h.c.p.RequestProxyAuthentication - Proxy auth state: UNCHALLENGED
22:09:32.811 [main] DEBUG o.a.h.impl.client.DefaultHttpClient - Attempt 1 to execute request
22:09:32.811 [main] DEBUG o.a.h.i.conn.DefaultClientConnection - Sending request: GET /3?c=9&a=30&b=18 HTTP/1.1
22:09:32.811 [main] DEBUG org.apache.http.wire -  >> "GET /3?c=9&a=30&b=18 HTTP/1.1[\r][\n]"
22:09:32.811 [main] DEBUG org.apache.http.wire -  >> "Accept: */*[\r][\n]"
22:09:32.811 [main] DEBUG org.apache.http.wire -  >> "Host: localhost:8080[\r][\n]"
22:09:32.811 [main] DEBUG org.apache.http.wire -  >> "Connection: Keep-Alive[\r][\n]"
22:09:32.811 [main] DEBUG org.apache.http.wire -  >> "User-Agent: Apache-HttpClient/4.5.3 (Java/13.0.5.1)[\r][\n]"
22:09:32.811 [main] DEBUG org.apache.http.wire -  >> "Accept-Encoding: gzip,deflate[\r][\n]"
22:09:32.811 [main] DEBUG org.apache.http.wire -  >> "[\r][\n]"
22:09:32.811 [main] DEBUG org.apache.http.headers - >> GET /3?c=9&a=30&b=18 HTTP/1.1
22:09:32.811 [main] DEBUG org.apache.http.headers - >> Accept: */*
22:09:32.811 [main] DEBUG org.apache.http.headers - >> Host: localhost:8080
22:09:32.811 [main] DEBUG org.apache.http.headers - >> Connection: Keep-Alive
22:09:32.811 [main] DEBUG org.apache.http.headers - >> User-Agent: Apache-HttpClient/4.5.3 (Java/13.0.5.1)
22:09:32.811 [main] DEBUG org.apache.http.headers - >> Accept-Encoding: gzip,deflate
22:09:32.830 [main] DEBUG org.apache.http.wire -  << "HTTP/1.1 200 OK[\r][\n]"
22:09:32.830 [main] DEBUG org.apache.http.wire -  << "Server: Apache-Coyote/1.1[\r][\n]"
22:09:32.830 [main] DEBUG org.apache.http.wire -  << "Content-Type: text/plain;charset=UTF-8[\r][\n]"
22:09:32.830 [main] DEBUG org.apache.http.wire -  << "Content-Length: 6[\r][\n]"
22:09:32.830 [main] DEBUG org.apache.http.wire -  << "Date: Sun, 07 Feb 2021 21:09:32 GMT[\r][\n]"
22:09:32.830 [main] DEBUG org.apache.http.wire -  << "[\r][\n]"
22:09:32.830 [main] DEBUG o.a.h.i.conn.DefaultClientConnection - Receiving response: HTTP/1.1 200 OK
22:09:32.830 [main] DEBUG org.apache.http.headers - << HTTP/1.1 200 OK
22:09:32.830 [main] DEBUG org.apache.http.headers - << Server: Apache-Coyote/1.1
22:09:32.830 [main] DEBUG org.apache.http.headers - << Content-Type: text/plain;charset=UTF-8
22:09:32.830 [main] DEBUG org.apache.http.headers - << Content-Length: 6
22:09:32.830 [main] DEBUG org.apache.http.headers - << Date: Sun, 07 Feb 2021 21:09:32 GMT
22:09:32.830 [main] DEBUG o.a.h.impl.client.DefaultHttpClient - Connection can be kept alive indefinitely
22:09:32.831 [main] DEBUG i.r.i.RequestSpecificationImpl$RestAssuredHttpBuilder - Parsing response as: text/plain;charset=UTF-8
22:09:32.831 [main] DEBUG i.r.i.RequestSpecificationImpl$RestAssuredHttpBuilder - Parsed data to instance of: class org.apache.http.conn.EofSensorInputStream
22:09:32.832 [main] DEBUG org.apache.http.wire -  << "a:4500"
22:09:32.832 [main] DEBUG o.a.h.i.c.BasicClientConnectionManager - Releasing connection org.apache.http.impl.conn.ManagedClientConnectionImpl@2a02e34b
22:09:32.832 [main] DEBUG o.a.h.i.c.BasicClientConnectionManager - Connection can be kept alive indefinitely
22:09:32.835 [main] DEBUG o.a.h.i.c.BasicClientConnectionManager - Get connection for route {}->http://localhost:8080
22:09:32.835 [main] DEBUG o.a.h.i.c.DefaultClientConnectionOperator - Connecting to localhost:8080
22:09:32.836 [main] DEBUG o.a.h.c.protocol.RequestAddCookies - CookieSpec selected: ignoreCookies
22:09:32.836 [main] DEBUG o.a.h.c.protocol.RequestAuthCache - Auth cache not set in the context
22:09:32.836 [main] DEBUG o.a.h.c.p.RequestTargetAuthentication - Target auth state: UNCHALLENGED
22:09:32.836 [main] DEBUG o.a.h.c.p.RequestProxyAuthentication - Proxy auth state: UNCHALLENGED
22:09:32.836 [main] DEBUG o.a.h.impl.client.DefaultHttpClient - Attempt 1 to execute request
22:09:32.836 [main] DEBUG o.a.h.i.conn.DefaultClientConnection - Sending request: GET /3?c=9&a=30&b=18 HTTP/1.1
22:09:32.836 [main] DEBUG org.apache.http.wire -  >> "GET /3?c=9&a=30&b=18 HTTP/1.1[\r][\n]"
22:09:32.836 [main] DEBUG org.apache.http.wire -  >> "Accept: */*[\r][\n]"
22:09:32.836 [main] DEBUG org.apache.http.wire -  >> "Host: localhost:8080[\r][\n]"
22:09:32.836 [main] DEBUG org.apache.http.wire -  >> "Connection: Keep-Alive[\r][\n]"
22:09:32.836 [main] DEBUG org.apache.http.wire -  >> "User-Agent: Apache-HttpClient/4.5.3 (Java/13.0.5.1)[\r][\n]"
22:09:32.836 [main] DEBUG org.apache.http.wire -  >> "Accept-Encoding: gzip,deflate[\r][\n]"
22:09:32.836 [main] DEBUG org.apache.http.wire -  >> "[\r][\n]"
22:09:32.836 [main] DEBUG org.apache.http.headers - >> GET /3?c=9&a=30&b=18 HTTP/1.1
22:09:32.836 [main] DEBUG org.apache.http.headers - >> Accept: */*
22:09:32.836 [main] DEBUG org.apache.http.headers - >> Host: localhost:8080
22:09:32.836 [main] DEBUG org.apache.http.headers - >> Connection: Keep-Alive
22:09:32.836 [main] DEBUG org.apache.http.headers - >> User-Agent: Apache-HttpClient/4.5.3 (Java/13.0.5.1)
22:09:32.836 [main] DEBUG org.apache.http.headers - >> Accept-Encoding: gzip,deflate
22:09:32.855 [main] DEBUG org.apache.http.wire -  << "HTTP/1.1 200 OK[\r][\n]"
22:09:32.855 [main] DEBUG org.apache.http.wire -  << "Server: Apache-Coyote/1.1[\r][\n]"
22:09:32.855 [main] DEBUG org.apache.http.wire -  << "Content-Type: text/plain;charset=UTF-8[\r][\n]"
22:09:32.855 [main] DEBUG org.apache.http.wire -  << "Content-Length: 6[\r][\n]"
22:09:32.855 [main] DEBUG org.apache.http.wire -  << "Date: Sun, 07 Feb 2021 21:09:32 GMT[\r][\n]"
22:09:32.855 [main] DEBUG org.apache.http.wire -  << "[\r][\n]"
22:09:32.855 [main] DEBUG o.a.h.i.conn.DefaultClientConnection - Receiving response: HTTP/1.1 200 OK
22:09:32.855 [main] DEBUG org.apache.http.headers - << HTTP/1.1 200 OK
22:09:32.855 [main] DEBUG org.apache.http.headers - << Server: Apache-Coyote/1.1
22:09:32.855 [main] DEBUG org.apache.http.headers - << Content-Type: text/plain;charset=UTF-8
22:09:32.855 [main] DEBUG org.apache.http.headers - << Content-Length: 6
22:09:32.855 [main] DEBUG org.apache.http.headers - << Date: Sun, 07 Feb 2021 21:09:32 GMT
22:09:32.855 [main] DEBUG o.a.h.impl.client.DefaultHttpClient - Connection can be kept alive indefinitely
22:09:32.855 [main] DEBUG i.r.i.RequestSpecificationImpl$RestAssuredHttpBuilder - Parsing response as: text/plain;charset=UTF-8
22:09:32.855 [main] DEBUG i.r.i.RequestSpecificationImpl$RestAssuredHttpBuilder - Parsed data to instance of: class org.apache.http.conn.EofSensorInputStream
22:09:32.855 [main] DEBUG org.apache.http.wire -  << "a:4500"
22:09:32.855 [main] DEBUG o.a.h.i.c.BasicClientConnectionManager - Releasing connection org.apache.http.impl.conn.ManagedClientConnectionImpl@4751e8b9
22:09:32.855 [main] DEBUG o.a.h.i.c.BasicClientConnectionManager - Connection can be kept alive indefinitely
22:09:32.858 [main] DEBUG o.a.h.i.c.BasicClientConnectionManager - Get connection for route {}->http://localhost:8080
22:09:32.858 [main] DEBUG o.a.h.i.c.DefaultClientConnectionOperator - Connecting to localhost:8080
22:09:32.858 [main] DEBUG o.a.h.c.protocol.RequestAddCookies - CookieSpec selected: ignoreCookies
22:09:32.858 [main] DEBUG o.a.h.c.protocol.RequestAuthCache - Auth cache not set in the context
22:09:32.858 [main] DEBUG o.a.h.c.p.RequestTargetAuthentication - Target auth state: UNCHALLENGED
22:09:32.858 [main] DEBUG o.a.h.c.p.RequestProxyAuthentication - Proxy auth state: UNCHALLENGED
22:09:32.859 [main] DEBUG o.a.h.impl.client.DefaultHttpClient - Attempt 1 to execute request
22:09:32.859 [main] DEBUG o.a.h.i.conn.DefaultClientConnection - Sending request: GET /3?c=9&a=30&b=18 HTTP/1.1
22:09:32.859 [main] DEBUG org.apache.http.wire -  >> "GET /3?c=9&a=30&b=18 HTTP/1.1[\r][\n]"
22:09:32.859 [main] DEBUG org.apache.http.wire -  >> "Accept: */*[\r][\n]"
22:09:32.859 [main] DEBUG org.apache.http.wire -  >> "Host: localhost:8080[\r][\n]"
22:09:32.859 [main] DEBUG org.apache.http.wire -  >> "Connection: Keep-Alive[\r][\n]"
22:09:32.859 [main] DEBUG org.apache.http.wire -  >> "User-Agent: Apache-HttpClient/4.5.3 (Java/13.0.5.1)[\r][\n]"
22:09:32.859 [main] DEBUG org.apache.http.wire -  >> "Accept-Encoding: gzip,deflate[\r][\n]"
22:09:32.859 [main] DEBUG org.apache.http.wire -  >> "[\r][\n]"
22:09:32.859 [main] DEBUG org.apache.http.headers - >> GET /3?c=9&a=30&b=18 HTTP/1.1
22:09:32.859 [main] DEBUG org.apache.http.headers - >> Accept: */*
22:09:32.859 [main] DEBUG org.apache.http.headers - >> Host: localhost:8080
22:09:32.859 [main] DEBUG org.apache.http.headers - >> Connection: Keep-Alive
22:09:32.859 [main] DEBUG org.apache.http.headers - >> User-Agent: Apache-HttpClient/4.5.3 (Java/13.0.5.1)
22:09:32.859 [main] DEBUG org.apache.http.headers - >> Accept-Encoding: gzip,deflate
22:09:32.876 [main] DEBUG org.apache.http.wire -  << "HTTP/1.1 200 OK[\r][\n]"
22:09:32.876 [main] DEBUG org.apache.http.wire -  << "Server: Apache-Coyote/1.1[\r][\n]"
22:09:32.876 [main] DEBUG org.apache.http.wire -  << "Content-Type: text/plain;charset=UTF-8[\r][\n]"
22:09:32.876 [main] DEBUG org.apache.http.wire -  << "Content-Length: 6[\r][\n]"
22:09:32.876 [main] DEBUG org.apache.http.wire -  << "Date: Sun, 07 Feb 2021 21:09:32 GMT[\r][\n]"
22:09:32.876 [main] DEBUG org.apache.http.wire -  << "[\r][\n]"
22:09:32.876 [main] DEBUG o.a.h.i.conn.DefaultClientConnection - Receiving response: HTTP/1.1 200 OK
22:09:32.876 [main] DEBUG org.apache.http.headers - << HTTP/1.1 200 OK
22:09:32.876 [main] DEBUG org.apache.http.headers - << Server: Apache-Coyote/1.1
22:09:32.876 [main] DEBUG org.apache.http.headers - << Content-Type: text/plain;charset=UTF-8
22:09:32.876 [main] DEBUG org.apache.http.headers - << Content-Length: 6
22:09:32.876 [main] DEBUG org.apache.http.headers - << Date: Sun, 07 Feb 2021 21:09:32 GMT
22:09:32.876 [main] DEBUG o.a.h.impl.client.DefaultHttpClient - Connection can be kept alive indefinitely
22:09:32.876 [main] DEBUG i.r.i.RequestSpecificationImpl$RestAssuredHttpBuilder - Parsing response as: text/plain;charset=UTF-8
22:09:32.876 [main] DEBUG i.r.i.RequestSpecificationImpl$RestAssuredHttpBuilder - Parsed data to instance of: class org.apache.http.conn.EofSensorInputStream
22:09:32.877 [main] DEBUG org.apache.http.wire -  << "a:4500"
22:09:32.877 [main] DEBUG o.a.h.i.c.BasicClientConnectionManager - Releasing connection org.apache.http.impl.conn.ManagedClientConnectionImpl@2001e48c
22:09:32.877 [main] DEBUG o.a.h.i.c.BasicClientConnectionManager - Connection can be kept alive indefinitely
22:09:32.881 [main] DEBUG o.a.h.i.c.BasicClientConnectionManager - Get connection for route {}->http://localhost:8080
22:09:32.881 [main] DEBUG o.a.h.i.c.DefaultClientConnectionOperator - Connecting to localhost:8080
22:09:32.882 [main] DEBUG o.a.h.c.protocol.RequestAddCookies - CookieSpec selected: ignoreCookies
22:09:32.883 [main] DEBUG o.a.h.c.protocol.RequestAuthCache - Auth cache not set in the context
22:09:32.883 [main] DEBUG o.a.h.c.p.RequestTargetAuthentication - Target auth state: UNCHALLENGED
22:09:32.883 [main] DEBUG o.a.h.c.p.RequestProxyAuthentication - Proxy auth state: UNCHALLENGED
22:09:32.883 [main] DEBUG o.a.h.impl.client.DefaultHttpClient - Attempt 1 to execute request
22:09:32.883 [main] DEBUG o.a.h.i.conn.DefaultClientConnection - Sending request: GET /3?c=9&a=30&b=18 HTTP/1.1
22:09:32.883 [main] DEBUG org.apache.http.wire -  >> "GET /3?c=9&a=30&b=18 HTTP/1.1[\r][\n]"
22:09:32.883 [main] DEBUG org.apache.http.wire -  >> "Accept: */*[\r][\n]"
22:09:32.883 [main] DEBUG org.apache.http.wire -  >> "Host: localhost:8080[\r][\n]"
22:09:32.883 [main] DEBUG org.apache.http.wire -  >> "Connection: Keep-Alive[\r][\n]"
22:09:32.883 [main] DEBUG org.apache.http.wire -  >> "User-Agent: Apache-HttpClient/4.5.3 (Java/13.0.5.1)[\r][\n]"
22:09:32.883 [main] DEBUG org.apache.http.wire -  >> "Accept-Encoding: gzip,deflate[\r][\n]"
22:09:32.883 [main] DEBUG org.apache.http.wire -  >> "[\r][\n]"
22:09:32.883 [main] DEBUG org.apache.http.headers - >> GET /3?c=9&a=30&b=18 HTTP/1.1
22:09:32.883 [main] DEBUG org.apache.http.headers - >> Accept: */*
22:09:32.883 [main] DEBUG org.apache.http.headers - >> Host: localhost:8080
22:09:32.883 [main] DEBUG org.apache.http.headers - >> Connection: Keep-Alive
22:09:32.883 [main] DEBUG org.apache.http.headers - >> User-Agent: Apache-HttpClient/4.5.3 (Java/13.0.5.1)
22:09:32.883 [main] DEBUG org.apache.http.headers - >> Accept-Encoding: gzip,deflate
22:09:32.901 [main] DEBUG org.apache.http.wire -  << "HTTP/1.1 200 OK[\r][\n]"
22:09:32.901 [main] DEBUG org.apache.http.wire -  << "Server: Apache-Coyote/1.1[\r][\n]"
22:09:32.901 [main] DEBUG org.apache.http.wire -  << "Content-Type: text/plain;charset=UTF-8[\r][\n]"
22:09:32.901 [main] DEBUG org.apache.http.wire -  << "Content-Length: 6[\r][\n]"
22:09:32.901 [main] DEBUG org.apache.http.wire -  << "Date: Sun, 07 Feb 2021 21:09:32 GMT[\r][\n]"
22:09:32.901 [main] DEBUG org.apache.http.wire -  << "[\r][\n]"
22:09:32.901 [main] DEBUG o.a.h.i.conn.DefaultClientConnection - Receiving response: HTTP/1.1 200 OK
22:09:32.901 [main] DEBUG org.apache.http.headers - << HTTP/1.1 200 OK
22:09:32.901 [main] DEBUG org.apache.http.headers - << Server: Apache-Coyote/1.1
22:09:32.901 [main] DEBUG org.apache.http.headers - << Content-Type: text/plain;charset=UTF-8
22:09:32.901 [main] DEBUG org.apache.http.headers - << Content-Length: 6
22:09:32.901 [main] DEBUG org.apache.http.headers - << Date: Sun, 07 Feb 2021 21:09:32 GMT
22:09:32.901 [main] DEBUG o.a.h.impl.client.DefaultHttpClient - Connection can be kept alive indefinitely
22:09:32.901 [main] DEBUG i.r.i.RequestSpecificationImpl$RestAssuredHttpBuilder - Parsing response as: text/plain;charset=UTF-8
22:09:32.901 [main] DEBUG i.r.i.RequestSpecificationImpl$RestAssuredHttpBuilder - Parsed data to instance of: class org.apache.http.conn.EofSensorInputStream
22:09:32.902 [main] DEBUG org.apache.http.wire -  << "a:4500"
22:09:32.902 [main] DEBUG o.a.h.i.c.BasicClientConnectionManager - Releasing connection org.apache.http.impl.conn.ManagedClientConnectionImpl@664632e9
22:09:32.902 [main] DEBUG o.a.h.i.c.BasicClientConnectionManager - Connection can be kept alive indefinitely
22:09:32.904 [main] DEBUG o.a.h.i.c.BasicClientConnectionManager - Get connection for route {}->http://localhost:8080
22:09:32.904 [main] DEBUG o.a.h.i.c.DefaultClientConnectionOperator - Connecting to localhost:8080
22:09:32.904 [main] DEBUG o.a.h.c.protocol.RequestAddCookies - CookieSpec selected: ignoreCookies
22:09:32.904 [main] DEBUG o.a.h.c.protocol.RequestAuthCache - Auth cache not set in the context
22:09:32.904 [main] DEBUG o.a.h.c.p.RequestTargetAuthentication - Target auth state: UNCHALLENGED
22:09:32.904 [main] DEBUG o.a.h.c.p.RequestProxyAuthentication - Proxy auth state: UNCHALLENGED
22:09:32.904 [main] DEBUG o.a.h.impl.client.DefaultHttpClient - Attempt 1 to execute request
22:09:32.904 [main] DEBUG o.a.h.i.conn.DefaultClientConnection - Sending request: GET /3?c=9&a=30&b=18 HTTP/1.1
22:09:32.904 [main] DEBUG org.apache.http.wire -  >> "GET /3?c=9&a=30&b=18 HTTP/1.1[\r][\n]"
22:09:32.904 [main] DEBUG org.apache.http.wire -  >> "Accept: */*[\r][\n]"
22:09:32.904 [main] DEBUG org.apache.http.wire -  >> "Host: localhost:8080[\r][\n]"
22:09:32.904 [main] DEBUG org.apache.http.wire -  >> "Connection: Keep-Alive[\r][\n]"
22:09:32.904 [main] DEBUG org.apache.http.wire -  >> "User-Agent: Apache-HttpClient/4.5.3 (Java/13.0.5.1)[\r][\n]"
22:09:32.904 [main] DEBUG org.apache.http.wire -  >> "Accept-Encoding: gzip,deflate[\r][\n]"
22:09:32.904 [main] DEBUG org.apache.http.wire -  >> "[\r][\n]"
22:09:32.904 [main] DEBUG org.apache.http.headers - >> GET /3?c=9&a=30&b=18 HTTP/1.1
22:09:32.904 [main] DEBUG org.apache.http.headers - >> Accept: */*
22:09:32.904 [main] DEBUG org.apache.http.headers - >> Host: localhost:8080
22:09:32.904 [main] DEBUG org.apache.http.headers - >> Connection: Keep-Alive
22:09:32.904 [main] DEBUG org.apache.http.headers - >> User-Agent: Apache-HttpClient/4.5.3 (Java/13.0.5.1)
22:09:32.904 [main] DEBUG org.apache.http.headers - >> Accept-Encoding: gzip,deflate
22:09:32.925 [main] DEBUG org.apache.http.wire -  << "HTTP/1.1 200 OK[\r][\n]"
22:09:32.925 [main] DEBUG org.apache.http.wire -  << "Server: Apache-Coyote/1.1[\r][\n]"
22:09:32.925 [main] DEBUG org.apache.http.wire -  << "Content-Type: text/plain;charset=UTF-8[\r][\n]"
22:09:32.925 [main] DEBUG org.apache.http.wire -  << "Content-Length: 6[\r][\n]"
22:09:32.925 [main] DEBUG org.apache.http.wire -  << "Date: Sun, 07 Feb 2021 21:09:32 GMT[\r][\n]"
22:09:32.925 [main] DEBUG org.apache.http.wire -  << "[\r][\n]"
22:09:32.925 [main] DEBUG o.a.h.i.conn.DefaultClientConnection - Receiving response: HTTP/1.1 200 OK
22:09:32.925 [main] DEBUG org.apache.http.headers - << HTTP/1.1 200 OK
22:09:32.925 [main] DEBUG org.apache.http.headers - << Server: Apache-Coyote/1.1
22:09:32.925 [main] DEBUG org.apache.http.headers - << Content-Type: text/plain;charset=UTF-8
22:09:32.925 [main] DEBUG org.apache.http.headers - << Content-Length: 6
22:09:32.925 [main] DEBUG org.apache.http.headers - << Date: Sun, 07 Feb 2021 21:09:32 GMT
22:09:32.925 [main] DEBUG o.a.h.impl.client.DefaultHttpClient - Connection can be kept alive indefinitely
22:09:32.925 [main] DEBUG i.r.i.RequestSpecificationImpl$RestAssuredHttpBuilder - Parsing response as: text/plain;charset=UTF-8
22:09:32.926 [main] DEBUG i.r.i.RequestSpecificationImpl$RestAssuredHttpBuilder - Parsed data to instance of: class org.apache.http.conn.EofSensorInputStream
22:09:32.926 [main] DEBUG org.apache.http.wire -  << "a:4500"
22:09:32.926 [main] DEBUG o.a.h.i.c.BasicClientConnectionManager - Releasing connection org.apache.http.impl.conn.ManagedClientConnectionImpl@1c57f6b2
22:09:32.926 [main] DEBUG o.a.h.i.c.BasicClientConnectionManager - Connection can be kept alive indefinitely
22:09:32.929 [main] DEBUG o.a.h.i.c.BasicClientConnectionManager - Get connection for route {}->http://localhost:8080
22:09:32.929 [main] DEBUG o.a.h.i.c.DefaultClientConnectionOperator - Connecting to localhost:8080
22:09:32.930 [main] DEBUG o.a.h.c.protocol.RequestAddCookies - CookieSpec selected: ignoreCookies
22:09:32.930 [main] DEBUG o.a.h.c.protocol.RequestAuthCache - Auth cache not set in the context
22:09:32.930 [main] DEBUG o.a.h.c.p.RequestTargetAuthentication - Target auth state: UNCHALLENGED
22:09:32.930 [main] DEBUG o.a.h.c.p.RequestProxyAuthentication - Proxy auth state: UNCHALLENGED
22:09:32.930 [main] DEBUG o.a.h.impl.client.DefaultHttpClient - Attempt 1 to execute request
22:09:32.930 [main] DEBUG o.a.h.i.conn.DefaultClientConnection - Sending request: GET /3?c=9&a=30&b=18 HTTP/1.1
22:09:32.930 [main] DEBUG org.apache.http.wire -  >> "GET /3?c=9&a=30&b=18 HTTP/1.1[\r][\n]"
22:09:32.930 [main] DEBUG org.apache.http.wire -  >> "Accept: */*[\r][\n]"
22:09:32.930 [main] DEBUG org.apache.http.wire -  >> "Host: localhost:8080[\r][\n]"
22:09:32.930 [main] DEBUG org.apache.http.wire -  >> "Connection: Keep-Alive[\r][\n]"
22:09:32.930 [main] DEBUG org.apache.http.wire -  >> "User-Agent: Apache-HttpClient/4.5.3 (Java/13.0.5.1)[\r][\n]"
22:09:32.930 [main] DEBUG org.apache.http.wire -  >> "Accept-Encoding: gzip,deflate[\r][\n]"
22:09:32.930 [main] DEBUG org.apache.http.wire -  >> "[\r][\n]"
22:09:32.930 [main] DEBUG org.apache.http.headers - >> GET /3?c=9&a=30&b=18 HTTP/1.1
22:09:32.930 [main] DEBUG org.apache.http.headers - >> Accept: */*
22:09:32.930 [main] DEBUG org.apache.http.headers - >> Host: localhost:8080
22:09:32.930 [main] DEBUG org.apache.http.headers - >> Connection: Keep-Alive
22:09:32.930 [main] DEBUG org.apache.http.headers - >> User-Agent: Apache-HttpClient/4.5.3 (Java/13.0.5.1)
22:09:32.930 [main] DEBUG org.apache.http.headers - >> Accept-Encoding: gzip,deflate
22:09:32.949 [main] DEBUG org.apache.http.wire -  << "HTTP/1.1 200 OK[\r][\n]"
22:09:32.949 [main] DEBUG org.apache.http.wire -  << "Server: Apache-Coyote/1.1[\r][\n]"
22:09:32.949 [main] DEBUG org.apache.http.wire -  << "Content-Type: text/plain;charset=UTF-8[\r][\n]"
22:09:32.949 [main] DEBUG org.apache.http.wire -  << "Content-Length: 6[\r][\n]"
22:09:32.949 [main] DEBUG org.apache.http.wire -  << "Date: Sun, 07 Feb 2021 21:09:32 GMT[\r][\n]"
22:09:32.949 [main] DEBUG org.apache.http.wire -  << "[\r][\n]"
22:09:32.949 [main] DEBUG o.a.h.i.conn.DefaultClientConnection - Receiving response: HTTP/1.1 200 OK
22:09:32.949 [main] DEBUG org.apache.http.headers - << HTTP/1.1 200 OK
22:09:32.949 [main] DEBUG org.apache.http.headers - << Server: Apache-Coyote/1.1
22:09:32.949 [main] DEBUG org.apache.http.headers - << Content-Type: text/plain;charset=UTF-8
22:09:32.949 [main] DEBUG org.apache.http.headers - << Content-Length: 6
22:09:32.949 [main] DEBUG org.apache.http.headers - << Date: Sun, 07 Feb 2021 21:09:32 GMT
22:09:32.949 [main] DEBUG o.a.h.impl.client.DefaultHttpClient - Connection can be kept alive indefinitely
22:09:32.949 [main] DEBUG i.r.i.RequestSpecificationImpl$RestAssuredHttpBuilder - Parsing response as: text/plain;charset=UTF-8
22:09:32.949 [main] DEBUG i.r.i.RequestSpecificationImpl$RestAssuredHttpBuilder - Parsed data to instance of: class org.apache.http.conn.EofSensorInputStream
22:09:32.950 [main] DEBUG org.apache.http.wire -  << "a:4500"
22:09:32.950 [main] DEBUG o.a.h.i.c.BasicClientConnectionManager - Releasing connection org.apache.http.impl.conn.ManagedClientConnectionImpl@1536ea40
22:09:32.950 [main] DEBUG o.a.h.i.c.BasicClientConnectionManager - Connection can be kept alive indefinitely
22:09:32.952 [main] DEBUG o.a.h.i.c.BasicClientConnectionManager - Get connection for route {}->http://localhost:8080
22:09:32.952 [main] DEBUG o.a.h.i.c.DefaultClientConnectionOperator - Connecting to localhost:8080
22:09:32.953 [main] DEBUG o.a.h.c.protocol.RequestAddCookies - CookieSpec selected: ignoreCookies
22:09:32.953 [main] DEBUG o.a.h.c.protocol.RequestAuthCache - Auth cache not set in the context
22:09:32.953 [main] DEBUG o.a.h.c.p.RequestTargetAuthentication - Target auth state: UNCHALLENGED
22:09:32.953 [main] DEBUG o.a.h.c.p.RequestProxyAuthentication - Proxy auth state: UNCHALLENGED
22:09:32.953 [main] DEBUG o.a.h.impl.client.DefaultHttpClient - Attempt 1 to execute request
22:09:32.953 [main] DEBUG o.a.h.i.conn.DefaultClientConnection - Sending request: GET /3?c=9&a=30&b=18 HTTP/1.1
22:09:32.953 [main] DEBUG org.apache.http.wire -  >> "GET /3?c=9&a=30&b=18 HTTP/1.1[\r][\n]"
22:09:32.953 [main] DEBUG org.apache.http.wire -  >> "Accept: */*[\r][\n]"
22:09:32.953 [main] DEBUG org.apache.http.wire -  >> "Host: localhost:8080[\r][\n]"
22:09:32.953 [main] DEBUG org.apache.http.wire -  >> "Connection: Keep-Alive[\r][\n]"
22:09:32.953 [main] DEBUG org.apache.http.wire -  >> "User-Agent: Apache-HttpClient/4.5.3 (Java/13.0.5.1)[\r][\n]"
22:09:32.953 [main] DEBUG org.apache.http.wire -  >> "Accept-Encoding: gzip,deflate[\r][\n]"
22:09:32.953 [main] DEBUG org.apache.http.wire -  >> "[\r][\n]"
22:09:32.953 [main] DEBUG org.apache.http.headers - >> GET /3?c=9&a=30&b=18 HTTP/1.1
22:09:32.953 [main] DEBUG org.apache.http.headers - >> Accept: */*
22:09:32.953 [main] DEBUG org.apache.http.headers - >> Host: localhost:8080
22:09:32.953 [main] DEBUG org.apache.http.headers - >> Connection: Keep-Alive
22:09:32.953 [main] DEBUG org.apache.http.headers - >> User-Agent: Apache-HttpClient/4.5.3 (Java/13.0.5.1)
22:09:32.953 [main] DEBUG org.apache.http.headers - >> Accept-Encoding: gzip,deflate
22:09:32.975 [main] DEBUG org.apache.http.wire -  << "HTTP/1.1 200 OK[\r][\n]"
22:09:32.975 [main] DEBUG org.apache.http.wire -  << "Server: Apache-Coyote/1.1[\r][\n]"
22:09:32.975 [main] DEBUG org.apache.http.wire -  << "Content-Type: text/plain;charset=UTF-8[\r][\n]"
22:09:32.975 [main] DEBUG org.apache.http.wire -  << "Content-Length: 6[\r][\n]"
22:09:32.975 [main] DEBUG org.apache.http.wire -  << "Date: Sun, 07 Feb 2021 21:09:32 GMT[\r][\n]"
22:09:32.975 [main] DEBUG org.apache.http.wire -  << "[\r][\n]"
22:09:32.975 [main] DEBUG o.a.h.i.conn.DefaultClientConnection - Receiving response: HTTP/1.1 200 OK
22:09:32.975 [main] DEBUG org.apache.http.headers - << HTTP/1.1 200 OK
22:09:32.975 [main] DEBUG org.apache.http.headers - << Server: Apache-Coyote/1.1
22:09:32.975 [main] DEBUG org.apache.http.headers - << Content-Type: text/plain;charset=UTF-8
22:09:32.975 [main] DEBUG org.apache.http.headers - << Content-Length: 6
22:09:32.975 [main] DEBUG org.apache.http.headers - << Date: Sun, 07 Feb 2021 21:09:32 GMT
22:09:32.975 [main] DEBUG o.a.h.impl.client.DefaultHttpClient - Connection can be kept alive indefinitely
22:09:32.976 [main] DEBUG i.r.i.RequestSpecificationImpl$RestAssuredHttpBuilder - Parsing response as: text/plain;charset=UTF-8
22:09:32.976 [main] DEBUG i.r.i.RequestSpecificationImpl$RestAssuredHttpBuilder - Parsed data to instance of: class org.apache.http.conn.EofSensorInputStream
22:09:32.976 [main] DEBUG org.apache.http.wire -  << "a:4500"
22:09:32.976 [main] DEBUG o.a.h.i.c.BasicClientConnectionManager - Releasing connection org.apache.http.impl.conn.ManagedClientConnectionImpl@5cd96b41
22:09:32.976 [main] DEBUG o.a.h.i.c.BasicClientConnectionManager - Connection can be kept alive indefinitely
22:09:32.979 [main] DEBUG o.a.h.i.c.BasicClientConnectionManager - Get connection for route {}->http://localhost:8080
22:09:32.979 [main] DEBUG o.a.h.i.c.DefaultClientConnectionOperator - Connecting to localhost:8080
22:09:32.979 [main] DEBUG o.a.h.c.protocol.RequestAddCookies - CookieSpec selected: ignoreCookies
22:09:32.980 [main] DEBUG o.a.h.c.protocol.RequestAuthCache - Auth cache not set in the context
22:09:32.980 [main] DEBUG o.a.h.c.p.RequestTargetAuthentication - Target auth state: UNCHALLENGED
22:09:32.980 [main] DEBUG o.a.h.c.p.RequestProxyAuthentication - Proxy auth state: UNCHALLENGED
22:09:32.980 [main] DEBUG o.a.h.impl.client.DefaultHttpClient - Attempt 1 to execute request
22:09:32.980 [main] DEBUG o.a.h.i.conn.DefaultClientConnection - Sending request: GET /3?c=9&a=30&b=18 HTTP/1.1
22:09:32.980 [main] DEBUG org.apache.http.wire -  >> "GET /3?c=9&a=30&b=18 HTTP/1.1[\r][\n]"
22:09:32.980 [main] DEBUG org.apache.http.wire -  >> "Accept: */*[\r][\n]"
22:09:32.980 [main] DEBUG org.apache.http.wire -  >> "Host: localhost:8080[\r][\n]"
22:09:32.980 [main] DEBUG org.apache.http.wire -  >> "Connection: Keep-Alive[\r][\n]"
22:09:32.980 [main] DEBUG org.apache.http.wire -  >> "User-Agent: Apache-HttpClient/4.5.3 (Java/13.0.5.1)[\r][\n]"
22:09:32.980 [main] DEBUG org.apache.http.wire -  >> "Accept-Encoding: gzip,deflate[\r][\n]"
22:09:32.980 [main] DEBUG org.apache.http.wire -  >> "[\r][\n]"
22:09:32.980 [main] DEBUG org.apache.http.headers - >> GET /3?c=9&a=30&b=18 HTTP/1.1
22:09:32.980 [main] DEBUG org.apache.http.headers - >> Accept: */*
22:09:32.980 [main] DEBUG org.apache.http.headers - >> Host: localhost:8080
22:09:32.980 [main] DEBUG org.apache.http.headers - >> Connection: Keep-Alive
22:09:32.980 [main] DEBUG org.apache.http.headers - >> User-Agent: Apache-HttpClient/4.5.3 (Java/13.0.5.1)
22:09:32.980 [main] DEBUG org.apache.http.headers - >> Accept-Encoding: gzip,deflate
22:09:33.004 [main] DEBUG org.apache.http.wire -  << "HTTP/1.1 200 OK[\r][\n]"
22:09:33.004 [main] DEBUG org.apache.http.wire -  << "Server: Apache-Coyote/1.1[\r][\n]"
22:09:33.005 [main] DEBUG org.apache.http.wire -  << "Content-Type: text/plain;charset=UTF-8[\r][\n]"
22:09:33.005 [main] DEBUG org.apache.http.wire -  << "Content-Length: 6[\r][\n]"
22:09:33.005 [main] DEBUG org.apache.http.wire -  << "Date: Sun, 07 Feb 2021 21:09:32 GMT[\r][\n]"
22:09:33.005 [main] DEBUG org.apache.http.wire -  << "[\r][\n]"
22:09:33.005 [main] DEBUG o.a.h.i.conn.DefaultClientConnection - Receiving response: HTTP/1.1 200 OK
22:09:33.005 [main] DEBUG org.apache.http.headers - << HTTP/1.1 200 OK
22:09:33.005 [main] DEBUG org.apache.http.headers - << Server: Apache-Coyote/1.1
22:09:33.005 [main] DEBUG org.apache.http.headers - << Content-Type: text/plain;charset=UTF-8
22:09:33.005 [main] DEBUG org.apache.http.headers - << Content-Length: 6
22:09:33.005 [main] DEBUG org.apache.http.headers - << Date: Sun, 07 Feb 2021 21:09:32 GMT
22:09:33.005 [main] DEBUG o.a.h.impl.client.DefaultHttpClient - Connection can be kept alive indefinitely
22:09:33.005 [Finalizer] DEBUG o.a.h.i.conn.DefaultClientConnection - Connection 0.0.0.0:64898<->127.0.0.1:8080 closed
22:09:33.005 [main] DEBUG i.r.i.RequestSpecificationImpl$RestAssuredHttpBuilder - Parsing response as: text/plain;charset=UTF-8
22:09:33.006 [main] DEBUG i.r.i.RequestSpecificationImpl$RestAssuredHttpBuilder - Parsed data to instance of: class org.apache.http.conn.EofSensorInputStream
22:09:33.006 [Finalizer] DEBUG o.a.h.i.conn.DefaultClientConnection - Connection 0.0.0.0:64863<->127.0.0.1:8080 closed
22:09:33.006 [Finalizer] DEBUG o.a.h.i.conn.DefaultClientConnection - Connection 0.0.0.0:64862<->127.0.0.1:8080 closed
22:09:33.006 [main] DEBUG org.apache.http.wire -  << "a:4500"
22:09:33.007 [main] DEBUG o.a.h.i.c.BasicClientConnectionManager - Releasing connection org.apache.http.impl.conn.ManagedClientConnectionImpl@1235151c
22:09:33.007 [main] DEBUG o.a.h.i.c.BasicClientConnectionManager - Connection can be kept alive indefinitely
22:09:33.007 [Finalizer] DEBUG o.a.h.i.conn.DefaultClientConnection - Connection 0.0.0.0:64861<->127.0.0.1:8080 closed
22:09:33.007 [Finalizer] DEBUG o.a.h.i.conn.DefaultClientConnection - Connection 0.0.0.0:64860<->127.0.0.1:8080 closed
22:09:33.008 [Finalizer] DEBUG o.a.h.i.conn.DefaultClientConnection - Connection 0.0.0.0:64859<->127.0.0.1:8080 closed
22:09:33.009 [Finalizer] DEBUG o.a.h.i.conn.DefaultClientConnection - Connection 0.0.0.0:64858<->127.0.0.1:8080 closed
22:09:33.010 [Finalizer] DEBUG o.a.h.i.conn.DefaultClientConnection - Connection 0.0.0.0:64857<->127.0.0.1:8080 closed
22:09:33.011 [Finalizer] DEBUG o.a.h.i.conn.DefaultClientConnection - Connection 0.0.0.0:64856<->127.0.0.1:8080 closed
22:09:33.014 [Finalizer] DEBUG o.a.h.i.conn.DefaultClientConnection - Connection 0.0.0.0:64855<->127.0.0.1:8080 closed
22:09:33.015 [Finalizer] DEBUG o.a.h.i.conn.DefaultClientConnection - Connection 0.0.0.0:64854<->127.0.0.1:8080 closed
22:09:33.017 [Finalizer] DEBUG o.a.h.i.conn.DefaultClientConnection - Connection 0.0.0.0:64853<->127.0.0.1:8080 closed
22:09:33.019 [Finalizer] DEBUG o.a.h.i.conn.DefaultClientConnection - Connection 0.0.0.0:64852<->127.0.0.1:8080 closed
22:09:33.019 [Finalizer] DEBUG o.a.h.i.conn.DefaultClientConnection - Connection 0.0.0.0:64851<->127.0.0.1:8080 closed
22:09:33.020 [Finalizer] DEBUG o.a.h.i.conn.DefaultClientConnection - Connection 0.0.0.0:64850<->127.0.0.1:8080 closed
22:09:33.021 [Finalizer] DEBUG o.a.h.i.conn.DefaultClientConnection - Connection 0.0.0.0:64849<->127.0.0.1:8080 closed
22:09:33.022 [Finalizer] DEBUG o.a.h.i.conn.DefaultClientConnection - Connection 0.0.0.0:64848<->127.0.0.1:8080 closed
22:09:33.022 [Finalizer] DEBUG o.a.h.i.conn.DefaultClientConnection - Connection 0.0.0.0:64847<->127.0.0.1:8080 closed
22:09:33.023 [Finalizer] DEBUG o.a.h.i.conn.DefaultClientConnection - Connection 0.0.0.0:64846<->127.0.0.1:8080 closed
22:09:33.024 [Finalizer] DEBUG o.a.h.i.conn.DefaultClientConnection - Connection 0.0.0.0:64845<->127.0.0.1:8080 closed
22:09:33.024 [Finalizer] DEBUG o.a.h.i.conn.DefaultClientConnection - Connection 0.0.0.0:64844<->127.0.0.1:8080 closed
22:09:33.024 [Finalizer] DEBUG o.a.h.i.conn.DefaultClientConnection - Connection 0.0.0.0:64843<->127.0.0.1:8080 closed
22:09:33.024 [main] DEBUG o.a.h.i.c.BasicClientConnectionManager - Get connection for route {}->http://localhost:8080
22:09:33.024 [Finalizer] DEBUG o.a.h.i.conn.DefaultClientConnection - Connection 0.0.0.0:64842<->127.0.0.1:8080 closed
22:09:33.024 [main] DEBUG o.a.h.i.c.DefaultClientConnectionOperator - Connecting to localhost:8080
22:09:33.024 [Finalizer] DEBUG o.a.h.i.conn.DefaultClientConnection - Connection 0.0.0.0:64841<->127.0.0.1:8080 closed
22:09:33.024 [Finalizer] DEBUG o.a.h.i.conn.DefaultClientConnection - Connection 0.0.0.0:64837<->127.0.0.1:8080 closed
22:09:33.025 [Finalizer] DEBUG o.a.h.i.conn.DefaultClientConnection - Connection 0.0.0.0:64836<->127.0.0.1:8080 closed
22:09:33.025 [Finalizer] DEBUG o.a.h.i.conn.DefaultClientConnection - Connection 0.0.0.0:64835<->127.0.0.1:8080 closed
22:09:33.025 [Finalizer] DEBUG o.a.h.i.conn.DefaultClientConnection - Connection 0.0.0.0:64834<->127.0.0.1:8080 closed
22:09:33.025 [Finalizer] DEBUG o.a.h.i.conn.DefaultClientConnection - Connection 0.0.0.0:64833<->127.0.0.1:8080 closed
22:09:33.025 [Finalizer] DEBUG o.a.h.i.conn.DefaultClientConnection - Connection 0.0.0.0:64832<->127.0.0.1:8080 closed
22:09:33.025 [main] DEBUG o.a.h.c.protocol.RequestAddCookies - CookieSpec selected: ignoreCookies
22:09:33.025 [Finalizer] DEBUG o.a.h.i.conn.DefaultClientConnection - Connection 0.0.0.0:64831<->127.0.0.1:8080 closed
22:09:33.025 [main] DEBUG o.a.h.c.protocol.RequestAuthCache - Auth cache not set in the context
22:09:33.025 [main] DEBUG o.a.h.c.p.RequestTargetAuthentication - Target auth state: UNCHALLENGED
22:09:33.025 [Finalizer] DEBUG o.a.h.i.conn.DefaultClientConnection - Connection 0.0.0.0:64830<->127.0.0.1:8080 closed
22:09:33.025 [Finalizer] DEBUG o.a.h.i.conn.DefaultClientConnection - Connection 0.0.0.0:64829<->127.0.0.1:8080 closed
22:09:33.025 [main] DEBUG o.a.h.c.p.RequestProxyAuthentication - Proxy auth state: UNCHALLENGED
22:09:33.025 [Finalizer] DEBUG o.a.h.i.conn.DefaultClientConnection - Connection 0.0.0.0:64828<->127.0.0.1:8080 closed
22:09:33.025 [main] DEBUG o.a.h.impl.client.DefaultHttpClient - Attempt 1 to execute request
22:09:33.026 [main] DEBUG o.a.h.i.conn.DefaultClientConnection - Sending request: GET /3?c=9&a=30&b=18 HTTP/1.1
22:09:33.026 [Finalizer] DEBUG o.a.h.i.conn.DefaultClientConnection - Connection 0.0.0.0:64827<->127.0.0.1:8080 closed
22:09:33.026 [main] DEBUG org.apache.http.wire -  >> "GET /3?c=9&a=30&b=18 HTTP/1.1[\r][\n]"
22:09:33.026 [main] DEBUG org.apache.http.wire -  >> "Accept: */*[\r][\n]"
22:09:33.026 [main] DEBUG org.apache.http.wire -  >> "Host: localhost:8080[\r][\n]"
22:09:33.026 [main] DEBUG org.apache.http.wire -  >> "Connection: Keep-Alive[\r][\n]"
22:09:33.026 [Finalizer] DEBUG o.a.h.i.conn.DefaultClientConnection - Connection 0.0.0.0:64826<->127.0.0.1:8080 closed
22:09:33.026 [main] DEBUG org.apache.http.wire -  >> "User-Agent: Apache-HttpClient/4.5.3 (Java/13.0.5.1)[\r][\n]"
22:09:33.026 [main] DEBUG org.apache.http.wire -  >> "Accept-Encoding: gzip,deflate[\r][\n]"
22:09:33.026 [main] DEBUG org.apache.http.wire -  >> "[\r][\n]"
22:09:33.026 [main] DEBUG org.apache.http.headers - >> GET /3?c=9&a=30&b=18 HTTP/1.1
22:09:33.026 [Finalizer] DEBUG o.a.h.i.conn.DefaultClientConnection - Connection 0.0.0.0:64825<->127.0.0.1:8080 closed
22:09:33.026 [main] DEBUG org.apache.http.headers - >> Accept: */*
22:09:33.026 [main] DEBUG org.apache.http.headers - >> Host: localhost:8080
22:09:33.026 [main] DEBUG org.apache.http.headers - >> Connection: Keep-Alive
22:09:33.026 [main] DEBUG org.apache.http.headers - >> User-Agent: Apache-HttpClient/4.5.3 (Java/13.0.5.1)
22:09:33.026 [main] DEBUG org.apache.http.headers - >> Accept-Encoding: gzip,deflate
22:09:33.026 [Finalizer] DEBUG o.a.h.i.conn.DefaultClientConnection - Connection 0.0.0.0:64824<->127.0.0.1:8080 closed
22:09:33.026 [Finalizer] DEBUG o.a.h.i.conn.DefaultClientConnection - Connection 0.0.0.0:64823<->127.0.0.1:8080 closed
22:09:33.026 [Finalizer] DEBUG o.a.h.i.conn.DefaultClientConnection - Connection 0.0.0.0:64822<->127.0.0.1:8080 closed
22:09:33.026 [Finalizer] DEBUG o.a.h.i.conn.DefaultClientConnection - Connection 0.0.0.0:64821<->127.0.0.1:8080 closed
22:09:33.026 [Finalizer] DEBUG o.a.h.i.conn.DefaultClientConnection - Connection 0.0.0.0:64820<->127.0.0.1:8080 closed
22:09:33.026 [Finalizer] DEBUG o.a.h.i.conn.DefaultClientConnection - Connection 0.0.0.0:64819<->127.0.0.1:8080 closed
22:09:33.026 [Finalizer] DEBUG o.a.h.i.conn.DefaultClientConnection - Connection 0.0.0.0:64818<->127.0.0.1:8080 closed
22:09:33.026 [Finalizer] DEBUG o.a.h.i.conn.DefaultClientConnection - Connection 0.0.0.0:64817<->127.0.0.1:8080 closed
22:09:33.027 [Finalizer] DEBUG o.a.h.i.conn.DefaultClientConnection - Connection 0.0.0.0:64816<->127.0.0.1:8080 closed
22:09:33.027 [Finalizer] DEBUG o.a.h.i.conn.DefaultClientConnection - Connection 0.0.0.0:64815<->127.0.0.1:8080 closed
22:09:33.027 [Finalizer] DEBUG o.a.h.i.conn.DefaultClientConnection - Connection 0.0.0.0:64814<->127.0.0.1:8080 closed
22:09:33.027 [Finalizer] DEBUG o.a.h.i.conn.DefaultClientConnection - Connection 0.0.0.0:64813<->127.0.0.1:8080 closed
22:09:33.027 [Finalizer] DEBUG o.a.h.i.conn.DefaultClientConnection - Connection 0.0.0.0:64812<->127.0.0.1:8080 closed
22:09:33.027 [Finalizer] DEBUG o.a.h.i.conn.DefaultClientConnection - Connection 0.0.0.0:64811<->127.0.0.1:8080 closed
22:09:33.027 [Finalizer] DEBUG o.a.h.i.conn.DefaultClientConnection - Connection 0.0.0.0:64810<->127.0.0.1:8080 closed
22:09:33.027 [Finalizer] DEBUG o.a.h.i.conn.DefaultClientConnection - Connection 0.0.0.0:64809<->127.0.0.1:8080 closed
22:09:33.027 [Finalizer] DEBUG o.a.h.i.conn.DefaultClientConnection - Connection 0.0.0.0:64808<->127.0.0.1:8080 closed
22:09:33.027 [Finalizer] DEBUG o.a.h.i.conn.DefaultClientConnection - Connection 0.0.0.0:64807<->127.0.0.1:8080 closed
22:09:33.028 [Finalizer] DEBUG o.a.h.i.conn.DefaultClientConnection - Connection 0.0.0.0:64806<->127.0.0.1:8080 closed
22:09:33.028 [Finalizer] DEBUG o.a.h.i.conn.DefaultClientConnection - Connection 0.0.0.0:64805<->127.0.0.1:8080 closed
22:09:33.028 [Finalizer] DEBUG o.a.h.i.conn.DefaultClientConnection - Connection 0.0.0.0:64804<->127.0.0.1:8080 closed
22:09:33.028 [Finalizer] DEBUG o.a.h.i.conn.DefaultClientConnection - Connection 0.0.0.0:64803<->127.0.0.1:8080 closed
22:09:33.028 [Finalizer] DEBUG o.a.h.i.conn.DefaultClientConnection - Connection 0.0.0.0:64802<->127.0.0.1:8080 closed
22:09:33.028 [Finalizer] DEBUG o.a.h.i.conn.DefaultClientConnection - Connection 0.0.0.0:64801<->127.0.0.1:8080 closed
22:09:33.028 [Finalizer] DEBUG o.a.h.i.conn.DefaultClientConnection - Connection 0.0.0.0:64800<->127.0.0.1:8080 closed
22:09:33.028 [Finalizer] DEBUG o.a.h.i.conn.DefaultClientConnection - Connection 0.0.0.0:64799<->127.0.0.1:8080 closed
22:09:33.028 [Finalizer] DEBUG o.a.h.i.conn.DefaultClientConnection - Connection 0.0.0.0:64798<->127.0.0.1:8080 closed
22:09:33.028 [Finalizer] DEBUG o.a.h.i.conn.DefaultClientConnection - Connection 0.0.0.0:64797<->127.0.0.1:8080 closed
22:09:33.028 [Finalizer] DEBUG o.a.h.i.conn.DefaultClientConnection - Connection 0.0.0.0:64796<->127.0.0.1:8080 closed
22:09:33.028 [Finalizer] DEBUG o.a.h.i.conn.DefaultClientConnection - Connection 0.0.0.0:64795<->127.0.0.1:8080 closed
22:09:33.029 [Finalizer] DEBUG o.a.h.i.conn.DefaultClientConnection - Connection 0.0.0.0:64794<->127.0.0.1:8080 closed
22:09:33.029 [Finalizer] DEBUG o.a.h.i.conn.DefaultClientConnection - Connection 0.0.0.0:64793<->127.0.0.1:8080 closed
22:09:33.029 [Finalizer] DEBUG o.a.h.i.conn.DefaultClientConnection - Connection 0.0.0.0:64792<->127.0.0.1:8080 closed
22:09:33.029 [Finalizer] DEBUG o.a.h.i.conn.DefaultClientConnection - Connection 0.0.0.0:64791<->127.0.0.1:8080 closed
22:09:33.029 [Finalizer] DEBUG o.a.h.i.conn.DefaultClientConnection - Connection 0.0.0.0:64790<->127.0.0.1:8080 closed
22:09:33.029 [Finalizer] DEBUG o.a.h.i.conn.DefaultClientConnection - Connection 0.0.0.0:64789<->127.0.0.1:8080 closed
22:09:33.029 [Finalizer] DEBUG o.a.h.i.conn.DefaultClientConnection - Connection 0.0.0.0:64788<->127.0.0.1:8080 closed
22:09:33.029 [Finalizer] DEBUG o.a.h.i.conn.DefaultClientConnection - Connection 0.0.0.0:64787<->127.0.0.1:8080 closed
22:09:33.029 [Finalizer] DEBUG o.a.h.i.conn.DefaultClientConnection - Connection 0.0.0.0:64786<->127.0.0.1:8080 closed
22:09:33.029 [Finalizer] DEBUG o.a.h.i.conn.DefaultClientConnection - Connection 0.0.0.0:64785<->127.0.0.1:8080 closed
22:09:33.030 [Finalizer] DEBUG o.a.h.i.conn.DefaultClientConnection - Connection 0.0.0.0:64784<->127.0.0.1:8080 closed
22:09:33.030 [Finalizer] DEBUG o.a.h.i.conn.DefaultClientConnection - Connection 0.0.0.0:64783<->127.0.0.1:8080 closed
22:09:33.030 [Finalizer] DEBUG o.a.h.i.conn.DefaultClientConnection - Connection 0.0.0.0:64782<->127.0.0.1:8080 closed
22:09:33.030 [Finalizer] DEBUG o.a.h.i.conn.DefaultClientConnection - Connection 0.0.0.0:64781<->127.0.0.1:8080 closed
22:09:33.030 [Finalizer] DEBUG o.a.h.i.conn.DefaultClientConnection - Connection 0.0.0.0:64780<->127.0.0.1:8080 closed
22:09:33.030 [Finalizer] DEBUG o.a.h.i.conn.DefaultClientConnection - Connection 0.0.0.0:64779<->127.0.0.1:8080 closed
22:09:33.030 [Finalizer] DEBUG o.a.h.i.conn.DefaultClientConnection - Connection 0.0.0.0:64778<->127.0.0.1:8080 closed
22:09:33.030 [Finalizer] DEBUG o.a.h.i.conn.DefaultClientConnection - Connection 0.0.0.0:64777<->127.0.0.1:8080 closed
22:09:33.030 [Finalizer] DEBUG o.a.h.i.conn.DefaultClientConnection - Connection 0.0.0.0:64776<->127.0.0.1:8080 closed
22:09:33.030 [Finalizer] DEBUG o.a.h.i.conn.DefaultClientConnection - Connection 0.0.0.0:64775<->127.0.0.1:8080 closed
22:09:33.030 [Finalizer] DEBUG o.a.h.i.conn.DefaultClientConnection - Connection 0.0.0.0:64774<->127.0.0.1:8080 closed
22:09:33.030 [Finalizer] DEBUG o.a.h.i.conn.DefaultClientConnection - Connection 0.0.0.0:65040<->127.0.0.1:8080 closed
22:09:33.031 [Finalizer] DEBUG o.a.h.i.conn.DefaultClientConnection - Connection 0.0.0.0:65039<->127.0.0.1:8080 closed
22:09:33.031 [Finalizer] DEBUG o.a.h.i.conn.DefaultClientConnection - Connection 0.0.0.0:65038<->127.0.0.1:8080 closed
22:09:33.031 [Finalizer] DEBUG o.a.h.i.conn.DefaultClientConnection - Connection 0.0.0.0:65037<->127.0.0.1:8080 closed
22:09:33.031 [Finalizer] DEBUG o.a.h.i.conn.DefaultClientConnection - Connection 0.0.0.0:65036<->127.0.0.1:8080 closed
22:09:33.031 [Finalizer] DEBUG o.a.h.i.conn.DefaultClientConnection - Connection 0.0.0.0:65035<->127.0.0.1:8080 closed
22:09:33.031 [Finalizer] DEBUG o.a.h.i.conn.DefaultClientConnection - Connection 0.0.0.0:65034<->127.0.0.1:8080 closed
22:09:33.031 [Finalizer] DEBUG o.a.h.i.conn.DefaultClientConnection - Connection 0.0.0.0:65033<->127.0.0.1:8080 closed
22:09:33.031 [Finalizer] DEBUG o.a.h.i.conn.DefaultClientConnection - Connection 0.0.0.0:65032<->127.0.0.1:8080 closed
22:09:33.031 [Finalizer] DEBUG o.a.h.i.conn.DefaultClientConnection - Connection 0.0.0.0:65031<->127.0.0.1:8080 closed
22:09:33.031 [Finalizer] DEBUG o.a.h.i.conn.DefaultClientConnection - Connection 0.0.0.0:65030<->127.0.0.1:8080 closed
22:09:33.031 [Finalizer] DEBUG o.a.h.i.conn.DefaultClientConnection - Connection 0.0.0.0:65029<->127.0.0.1:8080 closed
22:09:33.031 [Finalizer] DEBUG o.a.h.i.conn.DefaultClientConnection - Connection 0.0.0.0:65028<->127.0.0.1:8080 closed
22:09:33.032 [Finalizer] DEBUG o.a.h.i.conn.DefaultClientConnection - Connection 0.0.0.0:65027<->127.0.0.1:8080 closed
22:09:33.032 [Finalizer] DEBUG o.a.h.i.conn.DefaultClientConnection - Connection 0.0.0.0:65026<->127.0.0.1:8080 closed
22:09:33.032 [Finalizer] DEBUG o.a.h.i.conn.DefaultClientConnection - Connection 0.0.0.0:65025<->127.0.0.1:8080 closed
22:09:33.032 [Finalizer] DEBUG o.a.h.i.conn.DefaultClientConnection - Connection 0.0.0.0:65024<->127.0.0.1:8080 closed
22:09:33.032 [Finalizer] DEBUG o.a.h.i.conn.DefaultClientConnection - Connection 0.0.0.0:65023<->127.0.0.1:8080 closed
22:09:33.032 [Finalizer] DEBUG o.a.h.i.conn.DefaultClientConnection - Connection 0.0.0.0:65022<->127.0.0.1:8080 closed
22:09:33.032 [Finalizer] DEBUG o.a.h.i.conn.DefaultClientConnection - Connection 0.0.0.0:65021<->127.0.0.1:8080 closed
22:09:33.032 [Finalizer] DEBUG o.a.h.i.conn.DefaultClientConnection - Connection 0.0.0.0:65020<->127.0.0.1:8080 closed
22:09:33.032 [Finalizer] DEBUG o.a.h.i.conn.DefaultClientConnection - Connection 0.0.0.0:65019<->127.0.0.1:8080 closed
22:09:33.032 [Finalizer] DEBUG o.a.h.i.conn.DefaultClientConnection - Connection 0.0.0.0:65018<->127.0.0.1:8080 closed
22:09:33.032 [Finalizer] DEBUG o.a.h.i.conn.DefaultClientConnection - Connection 0.0.0.0:65017<->127.0.0.1:8080 closed
22:09:33.032 [Finalizer] DEBUG o.a.h.i.conn.DefaultClientConnection - Connection 0.0.0.0:65016<->127.0.0.1:8080 closed
22:09:33.033 [Finalizer] DEBUG o.a.h.i.conn.DefaultClientConnection - Connection 0.0.0.0:65015<->127.0.0.1:8080 closed
22:09:33.033 [Finalizer] DEBUG o.a.h.i.conn.DefaultClientConnection - Connection 0.0.0.0:65014<->127.0.0.1:8080 closed
22:09:33.033 [Finalizer] DEBUG o.a.h.i.conn.DefaultClientConnection - Connection 0.0.0.0:65013<->127.0.0.1:8080 closed
22:09:33.033 [Finalizer] DEBUG o.a.h.i.conn.DefaultClientConnection - Connection 0.0.0.0:65012<->127.0.0.1:8080 closed
22:09:33.033 [Finalizer] DEBUG o.a.h.i.conn.DefaultClientConnection - Connection 0.0.0.0:65011<->127.0.0.1:8080 closed
22:09:33.033 [Finalizer] DEBUG o.a.h.i.conn.DefaultClientConnection - Connection 0.0.0.0:65010<->127.0.0.1:8080 closed
22:09:33.033 [Finalizer] DEBUG o.a.h.i.conn.DefaultClientConnection - Connection 0.0.0.0:65009<->127.0.0.1:8080 closed
22:09:33.033 [Finalizer] DEBUG o.a.h.i.conn.DefaultClientConnection - Connection 0.0.0.0:65008<->127.0.0.1:8080 closed
22:09:33.033 [Finalizer] DEBUG o.a.h.i.conn.DefaultClientConnection - Connection 0.0.0.0:65007<->127.0.0.1:8080 closed
22:09:33.033 [Finalizer] DEBUG o.a.h.i.conn.DefaultClientConnection - Connection 0.0.0.0:65006<->127.0.0.1:8080 closed
22:09:33.033 [Finalizer] DEBUG o.a.h.i.conn.DefaultClientConnection - Connection 0.0.0.0:65005<->127.0.0.1:8080 closed
22:09:33.033 [Finalizer] DEBUG o.a.h.i.conn.DefaultClientConnection - Connection 0.0.0.0:65004<->127.0.0.1:8080 closed
22:09:33.033 [Finalizer] DEBUG o.a.h.i.conn.DefaultClientConnection - Connection 0.0.0.0:65003<->127.0.0.1:8080 closed
22:09:33.034 [Finalizer] DEBUG o.a.h.i.conn.DefaultClientConnection - Connection 0.0.0.0:65002<->127.0.0.1:8080 closed
22:09:33.034 [Finalizer] DEBUG o.a.h.i.conn.DefaultClientConnection - Connection 0.0.0.0:65000<->127.0.0.1:8080 closed
22:09:33.034 [Finalizer] DEBUG o.a.h.i.conn.DefaultClientConnection - Connection 0.0.0.0:64999<->127.0.0.1:8080 closed
22:09:33.034 [Finalizer] DEBUG o.a.h.i.conn.DefaultClientConnection - Connection 0.0.0.0:64998<->127.0.0.1:8080 closed
22:09:33.034 [Finalizer] DEBUG o.a.h.i.conn.DefaultClientConnection - Connection 0.0.0.0:64997<->127.0.0.1:8080 closed
22:09:33.034 [Finalizer] DEBUG o.a.h.i.conn.DefaultClientConnection - Connection 0.0.0.0:64996<->127.0.0.1:8080 closed
22:09:33.034 [Finalizer] DEBUG o.a.h.i.conn.DefaultClientConnection - Connection 0.0.0.0:64995<->127.0.0.1:8080 closed
22:09:33.034 [Finalizer] DEBUG o.a.h.i.conn.DefaultClientConnection - Connection 0.0.0.0:64994<->127.0.0.1:8080 closed
22:09:33.034 [Finalizer] DEBUG o.a.h.i.conn.DefaultClientConnection - Connection 0.0.0.0:64993<->127.0.0.1:8080 closed
22:09:33.034 [Finalizer] DEBUG o.a.h.i.conn.DefaultClientConnection - Connection 0.0.0.0:64992<->127.0.0.1:8080 closed
22:09:33.034 [Finalizer] DEBUG o.a.h.i.conn.DefaultClientConnection - Connection 0.0.0.0:64991<->127.0.0.1:8080 closed
22:09:33.034 [Finalizer] DEBUG o.a.h.i.conn.DefaultClientConnection - Connection 0.0.0.0:64990<->127.0.0.1:8080 closed
22:09:33.034 [Finalizer] DEBUG o.a.h.i.conn.DefaultClientConnection - Connection 0.0.0.0:64989<->127.0.0.1:8080 closed
22:09:33.035 [Finalizer] DEBUG o.a.h.i.conn.DefaultClientConnection - Connection 0.0.0.0:64988<->127.0.0.1:8080 closed
22:09:33.035 [Finalizer] DEBUG o.a.h.i.conn.DefaultClientConnection - Connection 0.0.0.0:64987<->127.0.0.1:8080 closed
22:09:33.035 [Finalizer] DEBUG o.a.h.i.conn.DefaultClientConnection - Connection 0.0.0.0:64986<->127.0.0.1:8080 closed
22:09:33.035 [Finalizer] DEBUG o.a.h.i.conn.DefaultClientConnection - Connection 0.0.0.0:64985<->127.0.0.1:8080 closed
22:09:33.035 [Finalizer] DEBUG o.a.h.i.conn.DefaultClientConnection - Connection 0.0.0.0:64984<->127.0.0.1:8080 closed
22:09:33.035 [Finalizer] DEBUG o.a.h.i.conn.DefaultClientConnection - Connection 0.0.0.0:64983<->127.0.0.1:8080 closed
22:09:33.035 [Finalizer] DEBUG o.a.h.i.conn.DefaultClientConnection - Connection 0.0.0.0:64982<->127.0.0.1:8080 closed
22:09:33.035 [Finalizer] DEBUG o.a.h.i.conn.DefaultClientConnection - Connection 0.0.0.0:64981<->127.0.0.1:8080 closed
22:09:33.035 [Finalizer] DEBUG o.a.h.i.conn.DefaultClientConnection - Connection 0.0.0.0:64980<->127.0.0.1:8080 closed
22:09:33.035 [Finalizer] DEBUG o.a.h.i.conn.DefaultClientConnection - Connection 0.0.0.0:64979<->127.0.0.1:8080 closed
22:09:33.035 [Finalizer] DEBUG o.a.h.i.conn.DefaultClientConnection - Connection 0.0.0.0:64978<->127.0.0.1:8080 closed
22:09:33.035 [Finalizer] DEBUG o.a.h.i.conn.DefaultClientConnection - Connection 0.0.0.0:64977<->127.0.0.1:8080 closed
22:09:33.035 [Finalizer] DEBUG o.a.h.i.conn.DefaultClientConnection - Connection 0.0.0.0:64976<->127.0.0.1:8080 closed
22:09:33.036 [Finalizer] DEBUG o.a.h.i.conn.DefaultClientConnection - Connection 0.0.0.0:64975<->127.0.0.1:8080 closed
22:09:33.036 [Finalizer] DEBUG o.a.h.i.conn.DefaultClientConnection - Connection 0.0.0.0:64974<->127.0.0.1:8080 closed
22:09:33.036 [Finalizer] DEBUG o.a.h.i.conn.DefaultClientConnection - Connection 0.0.0.0:64973<->127.0.0.1:8080 closed
22:09:33.036 [Finalizer] DEBUG o.a.h.i.conn.DefaultClientConnection - Connection 0.0.0.0:64972<->127.0.0.1:8080 closed
22:09:33.036 [Finalizer] DEBUG o.a.h.i.conn.DefaultClientConnection - Connection 0.0.0.0:64971<->127.0.0.1:8080 closed
22:09:33.036 [Finalizer] DEBUG o.a.h.i.conn.DefaultClientConnection - Connection 0.0.0.0:64970<->127.0.0.1:8080 closed
22:09:33.036 [Finalizer] DEBUG o.a.h.i.conn.DefaultClientConnection - Connection 0.0.0.0:64969<->127.0.0.1:8080 closed
22:09:33.036 [Finalizer] DEBUG o.a.h.i.conn.DefaultClientConnection - Connection 0.0.0.0:64968<->127.0.0.1:8080 closed
22:09:33.036 [Finalizer] DEBUG o.a.h.i.conn.DefaultClientConnection - Connection 0.0.0.0:64967<->127.0.0.1:8080 closed
22:09:33.036 [Finalizer] DEBUG o.a.h.i.conn.DefaultClientConnection - Connection 0.0.0.0:64966<->127.0.0.1:8080 closed
22:09:33.036 [Finalizer] DEBUG o.a.h.i.conn.DefaultClientConnection - Connection 0.0.0.0:64965<->127.0.0.1:8080 closed
22:09:33.036 [Finalizer] DEBUG o.a.h.i.conn.DefaultClientConnection - Connection 0.0.0.0:64964<->127.0.0.1:8080 closed
22:09:33.036 [Finalizer] DEBUG o.a.h.i.conn.DefaultClientConnection - Connection 0.0.0.0:64963<->127.0.0.1:8080 closed
22:09:33.037 [Finalizer] DEBUG o.a.h.i.conn.DefaultClientConnection - Connection 0.0.0.0:64962<->127.0.0.1:8080 closed
22:09:33.037 [Finalizer] DEBUG o.a.h.i.conn.DefaultClientConnection - Connection 0.0.0.0:64961<->127.0.0.1:8080 closed
22:09:33.037 [Finalizer] DEBUG o.a.h.i.conn.DefaultClientConnection - Connection 0.0.0.0:64960<->127.0.0.1:8080 closed
22:09:33.037 [Finalizer] DEBUG o.a.h.i.conn.DefaultClientConnection - Connection 0.0.0.0:64959<->127.0.0.1:8080 closed
22:09:33.037 [Finalizer] DEBUG o.a.h.i.conn.DefaultClientConnection - Connection 0.0.0.0:64958<->127.0.0.1:8080 closed
22:09:33.037 [Finalizer] DEBUG o.a.h.i.conn.DefaultClientConnection - Connection 0.0.0.0:64957<->127.0.0.1:8080 closed
22:09:33.037 [Finalizer] DEBUG o.a.h.i.conn.DefaultClientConnection - Connection 0.0.0.0:64956<->127.0.0.1:8080 closed
22:09:33.037 [Finalizer] DEBUG o.a.h.i.conn.DefaultClientConnection - Connection 0.0.0.0:64955<->127.0.0.1:8080 closed
22:09:33.037 [Finalizer] DEBUG o.a.h.i.conn.DefaultClientConnection - Connection 0.0.0.0:64954<->127.0.0.1:8080 closed
22:09:33.037 [Finalizer] DEBUG o.a.h.i.conn.DefaultClientConnection - Connection 0.0.0.0:64953<->127.0.0.1:8080 closed
22:09:33.037 [Finalizer] DEBUG o.a.h.i.conn.DefaultClientConnection - Connection 0.0.0.0:64952<->127.0.0.1:8080 closed
22:09:33.037 [Finalizer] DEBUG o.a.h.i.conn.DefaultClientConnection - Connection 0.0.0.0:64951<->127.0.0.1:8080 closed
22:09:33.038 [Finalizer] DEBUG o.a.h.i.conn.DefaultClientConnection - Connection 0.0.0.0:64950<->127.0.0.1:8080 closed
22:09:33.038 [Finalizer] DEBUG o.a.h.i.conn.DefaultClientConnection - Connection 0.0.0.0:64949<->127.0.0.1:8080 closed
22:09:33.038 [Finalizer] DEBUG o.a.h.i.conn.DefaultClientConnection - Connection 0.0.0.0:64948<->127.0.0.1:8080 closed
22:09:33.038 [Finalizer] DEBUG o.a.h.i.conn.DefaultClientConnection - Connection 0.0.0.0:64947<->127.0.0.1:8080 closed
22:09:33.038 [Finalizer] DEBUG o.a.h.i.conn.DefaultClientConnection - Connection 0.0.0.0:64946<->127.0.0.1:8080 closed
22:09:33.038 [Finalizer] DEBUG o.a.h.i.conn.DefaultClientConnection - Connection 0.0.0.0:64945<->127.0.0.1:8080 closed
22:09:33.038 [Finalizer] DEBUG o.a.h.i.conn.DefaultClientConnection - Connection 0.0.0.0:64944<->127.0.0.1:8080 closed
22:09:33.038 [Finalizer] DEBUG o.a.h.i.conn.DefaultClientConnection - Connection 0.0.0.0:64940<->127.0.0.1:8080 closed
22:09:33.038 [Finalizer] DEBUG o.a.h.i.conn.DefaultClientConnection - Connection 0.0.0.0:64939<->127.0.0.1:8080 closed
22:09:33.038 [Finalizer] DEBUG o.a.h.i.conn.DefaultClientConnection - Connection 0.0.0.0:64938<->127.0.0.1:8080 closed
22:09:33.038 [Finalizer] DEBUG o.a.h.i.conn.DefaultClientConnection - Connection 0.0.0.0:64937<->127.0.0.1:8080 closed
22:09:33.038 [Finalizer] DEBUG o.a.h.i.conn.DefaultClientConnection - Connection 0.0.0.0:64936<->127.0.0.1:8080 closed
22:09:33.038 [Finalizer] DEBUG o.a.h.i.conn.DefaultClientConnection - Connection 0.0.0.0:64935<->127.0.0.1:8080 closed
22:09:33.038 [Finalizer] DEBUG o.a.h.i.conn.DefaultClientConnection - Connection 0.0.0.0:64934<->127.0.0.1:8080 closed
22:09:33.038 [Finalizer] DEBUG o.a.h.i.conn.DefaultClientConnection - Connection 0.0.0.0:64933<->127.0.0.1:8080 closed
22:09:33.039 [Finalizer] DEBUG o.a.h.i.conn.DefaultClientConnection - Connection 0.0.0.0:64932<->127.0.0.1:8080 closed
22:09:33.039 [Finalizer] DEBUG o.a.h.i.conn.DefaultClientConnection - Connection 0.0.0.0:64931<->127.0.0.1:8080 closed
22:09:33.039 [Finalizer] DEBUG o.a.h.i.conn.DefaultClientConnection - Connection 0.0.0.0:64930<->127.0.0.1:8080 closed
22:09:33.039 [Finalizer] DEBUG o.a.h.i.conn.DefaultClientConnection - Connection 0.0.0.0:64929<->127.0.0.1:8080 closed
22:09:33.039 [Finalizer] DEBUG o.a.h.i.conn.DefaultClientConnection - Connection 0.0.0.0:64928<->127.0.0.1:8080 closed
22:09:33.039 [Finalizer] DEBUG o.a.h.i.conn.DefaultClientConnection - Connection 0.0.0.0:64927<->127.0.0.1:8080 closed
22:09:33.039 [Finalizer] DEBUG o.a.h.i.conn.DefaultClientConnection - Connection 0.0.0.0:64926<->127.0.0.1:8080 closed
22:09:33.039 [Finalizer] DEBUG o.a.h.i.conn.DefaultClientConnection - Connection 0.0.0.0:64925<->127.0.0.1:8080 closed
22:09:33.039 [Finalizer] DEBUG o.a.h.i.conn.DefaultClientConnection - Connection 0.0.0.0:64924<->127.0.0.1:8080 closed
22:09:33.039 [Finalizer] DEBUG o.a.h.i.conn.DefaultClientConnection - Connection 0.0.0.0:64923<->127.0.0.1:8080 closed
22:09:33.039 [Finalizer] DEBUG o.a.h.i.conn.DefaultClientConnection - Connection 0.0.0.0:64922<->127.0.0.1:8080 closed
22:09:33.039 [Finalizer] DEBUG o.a.h.i.conn.DefaultClientConnection - Connection 0.0.0.0:64921<->127.0.0.1:8080 closed
22:09:33.039 [Finalizer] DEBUG o.a.h.i.conn.DefaultClientConnection - Connection 0.0.0.0:64920<->127.0.0.1:8080 closed
22:09:33.039 [Finalizer] DEBUG o.a.h.i.conn.DefaultClientConnection - Connection 0.0.0.0:64919<->127.0.0.1:8080 closed
22:09:33.039 [Finalizer] DEBUG o.a.h.i.conn.DefaultClientConnection - Connection 0.0.0.0:64918<->127.0.0.1:8080 closed
22:09:33.040 [Finalizer] DEBUG o.a.h.i.conn.DefaultClientConnection - Connection 0.0.0.0:64917<->127.0.0.1:8080 closed
22:09:33.040 [Finalizer] DEBUG o.a.h.i.conn.DefaultClientConnection - Connection 0.0.0.0:64916<->127.0.0.1:8080 closed
22:09:33.040 [Finalizer] DEBUG o.a.h.i.conn.DefaultClientConnection - Connection 0.0.0.0:64915<->127.0.0.1:8080 closed
22:09:33.040 [Finalizer] DEBUG o.a.h.i.conn.DefaultClientConnection - Connection 0.0.0.0:64914<->127.0.0.1:8080 closed
22:09:33.040 [Finalizer] DEBUG o.a.h.i.conn.DefaultClientConnection - Connection 0.0.0.0:64913<->127.0.0.1:8080 closed
22:09:33.040 [Finalizer] DEBUG o.a.h.i.conn.DefaultClientConnection - Connection 0.0.0.0:64912<->127.0.0.1:8080 closed
22:09:33.040 [Finalizer] DEBUG o.a.h.i.conn.DefaultClientConnection - Connection 0.0.0.0:64911<->127.0.0.1:8080 closed
22:09:33.040 [Finalizer] DEBUG o.a.h.i.conn.DefaultClientConnection - Connection 0.0.0.0:64910<->127.0.0.1:8080 closed
22:09:33.040 [Finalizer] DEBUG o.a.h.i.conn.DefaultClientConnection - Connection 0.0.0.0:64909<->127.0.0.1:8080 closed
22:09:33.040 [Finalizer] DEBUG o.a.h.i.conn.DefaultClientConnection - Connection 0.0.0.0:64908<->127.0.0.1:8080 closed
22:09:33.040 [Finalizer] DEBUG o.a.h.i.conn.DefaultClientConnection - Connection 0.0.0.0:64907<->127.0.0.1:8080 closed
22:09:33.040 [Finalizer] DEBUG o.a.h.i.conn.DefaultClientConnection - Connection 0.0.0.0:64906<->127.0.0.1:8080 closed
22:09:33.040 [Finalizer] DEBUG o.a.h.i.conn.DefaultClientConnection - Connection 0.0.0.0:64905<->127.0.0.1:8080 closed
22:09:33.040 [Finalizer] DEBUG o.a.h.i.conn.DefaultClientConnection - Connection 0.0.0.0:64904<->127.0.0.1:8080 closed
22:09:33.040 [Finalizer] DEBUG o.a.h.i.conn.DefaultClientConnection - Connection 0.0.0.0:64903<->127.0.0.1:8080 closed
22:09:33.040 [Finalizer] DEBUG o.a.h.i.conn.DefaultClientConnection - Connection 0.0.0.0:64902<->127.0.0.1:8080 closed
22:09:33.041 [Finalizer] DEBUG o.a.h.i.conn.DefaultClientConnection - Connection 0.0.0.0:64901<->127.0.0.1:8080 closed
22:09:33.041 [Finalizer] DEBUG o.a.h.i.conn.DefaultClientConnection - Connection 0.0.0.0:64900<->127.0.0.1:8080 closed
22:09:33.041 [Finalizer] DEBUG o.a.h.i.conn.DefaultClientConnection - Connection 0.0.0.0:64899<->127.0.0.1:8080 closed
22:09:33.041 [Finalizer] DEBUG o.a.h.i.conn.DefaultClientConnection - Connection 0.0.0.0:64897<->127.0.0.1:8080 closed
22:09:33.041 [Finalizer] DEBUG o.a.h.i.conn.DefaultClientConnection - Connection 0.0.0.0:64896<->127.0.0.1:8080 closed
22:09:33.041 [Finalizer] DEBUG o.a.h.i.conn.DefaultClientConnection - Connection 0.0.0.0:64895<->127.0.0.1:8080 closed
22:09:33.041 [Finalizer] DEBUG o.a.h.i.conn.DefaultClientConnection - Connection 0.0.0.0:64894<->127.0.0.1:8080 closed
22:09:33.041 [Finalizer] DEBUG o.a.h.i.conn.DefaultClientConnection - Connection 0.0.0.0:64893<->127.0.0.1:8080 closed
22:09:33.041 [Finalizer] DEBUG o.a.h.i.conn.DefaultClientConnection - Connection 0.0.0.0:64892<->127.0.0.1:8080 closed
22:09:33.041 [Finalizer] DEBUG o.a.h.i.conn.DefaultClientConnection - Connection 0.0.0.0:64891<->127.0.0.1:8080 closed
22:09:33.041 [Finalizer] DEBUG o.a.h.i.conn.DefaultClientConnection - Connection 0.0.0.0:64890<->127.0.0.1:8080 closed
22:09:33.041 [Finalizer] DEBUG o.a.h.i.conn.DefaultClientConnection - Connection 0.0.0.0:64889<->127.0.0.1:8080 closed
22:09:33.041 [Finalizer] DEBUG o.a.h.i.conn.DefaultClientConnection - Connection 0.0.0.0:64888<->127.0.0.1:8080 closed
22:09:33.041 [Finalizer] DEBUG o.a.h.i.conn.DefaultClientConnection - Connection 0.0.0.0:64887<->127.0.0.1:8080 closed
22:09:33.041 [Finalizer] DEBUG o.a.h.i.conn.DefaultClientConnection - Connection 0.0.0.0:64886<->127.0.0.1:8080 closed
22:09:33.041 [Finalizer] DEBUG o.a.h.i.conn.DefaultClientConnection - Connection 0.0.0.0:64885<->127.0.0.1:8080 closed
22:09:33.041 [Finalizer] DEBUG o.a.h.i.conn.DefaultClientConnection - Connection 0.0.0.0:64884<->127.0.0.1:8080 closed
22:09:33.042 [Finalizer] DEBUG o.a.h.i.conn.DefaultClientConnection - Connection 0.0.0.0:64883<->127.0.0.1:8080 closed
22:09:33.042 [Finalizer] DEBUG o.a.h.i.conn.DefaultClientConnection - Connection 0.0.0.0:64882<->127.0.0.1:8080 closed
22:09:33.042 [Finalizer] DEBUG o.a.h.i.conn.DefaultClientConnection - Connection 0.0.0.0:64881<->127.0.0.1:8080 closed
22:09:33.042 [Finalizer] DEBUG o.a.h.i.conn.DefaultClientConnection - Connection 0.0.0.0:64880<->127.0.0.1:8080 closed
22:09:33.042 [Finalizer] DEBUG o.a.h.i.conn.DefaultClientConnection - Connection 0.0.0.0:64879<->127.0.0.1:8080 closed
22:09:33.042 [Finalizer] DEBUG o.a.h.i.conn.DefaultClientConnection - Connection 0.0.0.0:64878<->127.0.0.1:8080 closed
22:09:33.042 [Finalizer] DEBUG o.a.h.i.conn.DefaultClientConnection - Connection 0.0.0.0:64877<->127.0.0.1:8080 closed
22:09:33.042 [Finalizer] DEBUG o.a.h.i.conn.DefaultClientConnection - Connection 0.0.0.0:64876<->127.0.0.1:8080 closed
22:09:33.042 [Finalizer] DEBUG o.a.h.i.conn.DefaultClientConnection - Connection 0.0.0.0:64875<->127.0.0.1:8080 closed
22:09:33.042 [Finalizer] DEBUG o.a.h.i.conn.DefaultClientConnection - Connection 0.0.0.0:64874<->127.0.0.1:8080 closed
22:09:33.042 [Finalizer] DEBUG o.a.h.i.conn.DefaultClientConnection - Connection 0.0.0.0:64873<->127.0.0.1:8080 closed
22:09:33.042 [Finalizer] DEBUG o.a.h.i.conn.DefaultClientConnection - Connection 0.0.0.0:64872<->127.0.0.1:8080 closed
22:09:33.042 [Finalizer] DEBUG o.a.h.i.conn.DefaultClientConnection - Connection 0.0.0.0:64871<->127.0.0.1:8080 closed
22:09:33.042 [Finalizer] DEBUG o.a.h.i.conn.DefaultClientConnection - Connection 0.0.0.0:64870<->127.0.0.1:8080 closed
22:09:33.042 [Finalizer] DEBUG o.a.h.i.conn.DefaultClientConnection - Connection 0.0.0.0:64869<->127.0.0.1:8080 closed
22:09:33.042 [Finalizer] DEBUG o.a.h.i.conn.DefaultClientConnection - Connection 0.0.0.0:64868<->127.0.0.1:8080 closed
22:09:33.042 [Finalizer] DEBUG o.a.h.i.conn.DefaultClientConnection - Connection 0.0.0.0:64867<->127.0.0.1:8080 closed
22:09:33.043 [Finalizer] DEBUG o.a.h.i.conn.DefaultClientConnection - Connection 0.0.0.0:64866<->127.0.0.1:8080 closed
22:09:33.043 [Finalizer] DEBUG o.a.h.i.conn.DefaultClientConnection - Connection 0.0.0.0:64865<->127.0.0.1:8080 closed
22:09:33.043 [Finalizer] DEBUG o.a.h.i.conn.DefaultClientConnection - Connection 0.0.0.0:64864<->127.0.0.1:8080 closed
22:09:33.057 [main] DEBUG org.apache.http.wire -  << "HTTP/1.1 200 OK[\r][\n]"
22:09:33.058 [main] DEBUG org.apache.http.wire -  << "Server: Apache-Coyote/1.1[\r][\n]"
22:09:33.058 [main] DEBUG org.apache.http.wire -  << "Content-Type: text/plain;charset=UTF-8[\r][\n]"
22:09:33.058 [main] DEBUG org.apache.http.wire -  << "Content-Length: 6[\r][\n]"
22:09:33.058 [main] DEBUG org.apache.http.wire -  << "Date: Sun, 07 Feb 2021 21:09:32 GMT[\r][\n]"
22:09:33.058 [main] DEBUG org.apache.http.wire -  << "[\r][\n]"
22:09:33.058 [main] DEBUG o.a.h.i.conn.DefaultClientConnection - Receiving response: HTTP/1.1 200 OK
22:09:33.058 [main] DEBUG org.apache.http.headers - << HTTP/1.1 200 OK
22:09:33.058 [main] DEBUG org.apache.http.headers - << Server: Apache-Coyote/1.1
22:09:33.058 [main] DEBUG org.apache.http.headers - << Content-Type: text/plain;charset=UTF-8
22:09:33.058 [main] DEBUG org.apache.http.headers - << Content-Length: 6
22:09:33.058 [main] DEBUG org.apache.http.headers - << Date: Sun, 07 Feb 2021 21:09:32 GMT
22:09:33.058 [main] DEBUG o.a.h.impl.client.DefaultHttpClient - Connection can be kept alive indefinitely
22:09:33.058 [main] DEBUG i.r.i.RequestSpecificationImpl$RestAssuredHttpBuilder - Parsing response as: text/plain;charset=UTF-8
22:09:33.058 [main] DEBUG i.r.i.RequestSpecificationImpl$RestAssuredHttpBuilder - Parsed data to instance of: class org.apache.http.conn.EofSensorInputStream
22:09:33.058 [main] DEBUG org.apache.http.wire -  << "a:4500"
22:09:33.058 [main] DEBUG o.a.h.i.c.BasicClientConnectionManager - Releasing connection org.apache.http.impl.conn.ManagedClientConnectionImpl@574059d5
22:09:33.058 [main] DEBUG o.a.h.i.c.BasicClientConnectionManager - Connection can be kept alive indefinitely
22:09:33.062 [main] DEBUG o.a.h.i.c.BasicClientConnectionManager - Get connection for route {}->http://localhost:8080
22:09:33.062 [main] DEBUG o.a.h.i.c.DefaultClientConnectionOperator - Connecting to localhost:8080
22:09:33.063 [main] DEBUG o.a.h.c.protocol.RequestAddCookies - CookieSpec selected: ignoreCookies
22:09:33.064 [main] DEBUG o.a.h.c.protocol.RequestAuthCache - Auth cache not set in the context
22:09:33.064 [main] DEBUG o.a.h.c.p.RequestTargetAuthentication - Target auth state: UNCHALLENGED
22:09:33.064 [main] DEBUG o.a.h.c.p.RequestProxyAuthentication - Proxy auth state: UNCHALLENGED
22:09:33.064 [main] DEBUG o.a.h.impl.client.DefaultHttpClient - Attempt 1 to execute request
22:09:33.064 [main] DEBUG o.a.h.i.conn.DefaultClientConnection - Sending request: GET /3?c=9&a=30&b=18 HTTP/1.1
22:09:33.064 [main] DEBUG org.apache.http.wire -  >> "GET /3?c=9&a=30&b=18 HTTP/1.1[\r][\n]"
22:09:33.064 [main] DEBUG org.apache.http.wire -  >> "Accept: */*[\r][\n]"
22:09:33.064 [main] DEBUG org.apache.http.wire -  >> "Host: localhost:8080[\r][\n]"
22:09:33.064 [main] DEBUG org.apache.http.wire -  >> "Connection: Keep-Alive[\r][\n]"
22:09:33.064 [main] DEBUG org.apache.http.wire -  >> "User-Agent: Apache-HttpClient/4.5.3 (Java/13.0.5.1)[\r][\n]"
22:09:33.064 [main] DEBUG org.apache.http.wire -  >> "Accept-Encoding: gzip,deflate[\r][\n]"
22:09:33.064 [main] DEBUG org.apache.http.wire -  >> "[\r][\n]"
22:09:33.064 [main] DEBUG org.apache.http.headers - >> GET /3?c=9&a=30&b=18 HTTP/1.1
22:09:33.064 [main] DEBUG org.apache.http.headers - >> Accept: */*
22:09:33.064 [main] DEBUG org.apache.http.headers - >> Host: localhost:8080
22:09:33.064 [main] DEBUG org.apache.http.headers - >> Connection: Keep-Alive
22:09:33.064 [main] DEBUG org.apache.http.headers - >> User-Agent: Apache-HttpClient/4.5.3 (Java/13.0.5.1)
22:09:33.064 [main] DEBUG org.apache.http.headers - >> Accept-Encoding: gzip,deflate
22:09:33.095 [main] DEBUG org.apache.http.wire -  << "HTTP/1.1 200 OK[\r][\n]"
22:09:33.095 [main] DEBUG org.apache.http.wire -  << "Server: Apache-Coyote/1.1[\r][\n]"
22:09:33.095 [main] DEBUG org.apache.http.wire -  << "Content-Type: text/plain;charset=UTF-8[\r][\n]"
22:09:33.095 [main] DEBUG org.apache.http.wire -  << "Content-Length: 6[\r][\n]"
22:09:33.095 [main] DEBUG org.apache.http.wire -  << "Date: Sun, 07 Feb 2021 21:09:33 GMT[\r][\n]"
22:09:33.095 [main] DEBUG org.apache.http.wire -  << "[\r][\n]"
22:09:33.095 [main] DEBUG o.a.h.i.conn.DefaultClientConnection - Receiving response: HTTP/1.1 200 OK
22:09:33.095 [main] DEBUG org.apache.http.headers - << HTTP/1.1 200 OK
22:09:33.095 [main] DEBUG org.apache.http.headers - << Server: Apache-Coyote/1.1
22:09:33.095 [main] DEBUG org.apache.http.headers - << Content-Type: text/plain;charset=UTF-8
22:09:33.095 [main] DEBUG org.apache.http.headers - << Content-Length: 6
22:09:33.095 [main] DEBUG org.apache.http.headers - << Date: Sun, 07 Feb 2021 21:09:33 GMT
22:09:33.095 [main] DEBUG o.a.h.impl.client.DefaultHttpClient - Connection can be kept alive indefinitely
22:09:33.095 [main] DEBUG i.r.i.RequestSpecificationImpl$RestAssuredHttpBuilder - Parsing response as: text/plain;charset=UTF-8
22:09:33.095 [main] DEBUG i.r.i.RequestSpecificationImpl$RestAssuredHttpBuilder - Parsed data to instance of: class org.apache.http.conn.EofSensorInputStream
22:09:33.096 [main] DEBUG org.apache.http.wire -  << "a:4500"
22:09:33.096 [main] DEBUG o.a.h.i.c.BasicClientConnectionManager - Releasing connection org.apache.http.impl.conn.ManagedClientConnectionImpl@72906e
22:09:33.096 [main] DEBUG o.a.h.i.c.BasicClientConnectionManager - Connection can be kept alive indefinitely
22:09:33.098 [main] DEBUG o.a.h.i.c.BasicClientConnectionManager - Get connection for route {}->http://localhost:8080
22:09:33.099 [main] DEBUG o.a.h.i.c.DefaultClientConnectionOperator - Connecting to localhost:8080
22:09:33.099 [main] DEBUG o.a.h.c.protocol.RequestAddCookies - CookieSpec selected: ignoreCookies
22:09:33.099 [main] DEBUG o.a.h.c.protocol.RequestAuthCache - Auth cache not set in the context
22:09:33.099 [main] DEBUG o.a.h.c.p.RequestTargetAuthentication - Target auth state: UNCHALLENGED
22:09:33.099 [main] DEBUG o.a.h.c.p.RequestProxyAuthentication - Proxy auth state: UNCHALLENGED
22:09:33.099 [main] DEBUG o.a.h.impl.client.DefaultHttpClient - Attempt 1 to execute request
22:09:33.099 [main] DEBUG o.a.h.i.conn.DefaultClientConnection - Sending request: GET /3?c=9&a=30&b=18 HTTP/1.1
22:09:33.099 [main] DEBUG org.apache.http.wire -  >> "GET /3?c=9&a=30&b=18 HTTP/1.1[\r][\n]"
22:09:33.099 [main] DEBUG org.apache.http.wire -  >> "Accept: */*[\r][\n]"
22:09:33.099 [main] DEBUG org.apache.http.wire -  >> "Host: localhost:8080[\r][\n]"
22:09:33.099 [main] DEBUG org.apache.http.wire -  >> "Connection: Keep-Alive[\r][\n]"
22:09:33.099 [main] DEBUG org.apache.http.wire -  >> "User-Agent: Apache-HttpClient/4.5.3 (Java/13.0.5.1)[\r][\n]"
22:09:33.099 [main] DEBUG org.apache.http.wire -  >> "Accept-Encoding: gzip,deflate[\r][\n]"
22:09:33.099 [main] DEBUG org.apache.http.wire -  >> "[\r][\n]"
22:09:33.099 [main] DEBUG org.apache.http.headers - >> GET /3?c=9&a=30&b=18 HTTP/1.1
22:09:33.099 [main] DEBUG org.apache.http.headers - >> Accept: */*
22:09:33.099 [main] DEBUG org.apache.http.headers - >> Host: localhost:8080
22:09:33.099 [main] DEBUG org.apache.http.headers - >> Connection: Keep-Alive
22:09:33.099 [main] DEBUG org.apache.http.headers - >> User-Agent: Apache-HttpClient/4.5.3 (Java/13.0.5.1)
22:09:33.099 [main] DEBUG org.apache.http.headers - >> Accept-Encoding: gzip,deflate
22:09:33.138 [main] DEBUG org.apache.http.wire -  << "HTTP/1.1 200 OK[\r][\n]"
22:09:33.138 [main] DEBUG org.apache.http.wire -  << "Server: Apache-Coyote/1.1[\r][\n]"
22:09:33.138 [main] DEBUG org.apache.http.wire -  << "Content-Type: text/plain;charset=UTF-8[\r][\n]"
22:09:33.138 [main] DEBUG org.apache.http.wire -  << "Content-Length: 6[\r][\n]"
22:09:33.138 [main] DEBUG org.apache.http.wire -  << "Date: Sun, 07 Feb 2021 21:09:33 GMT[\r][\n]"
22:09:33.138 [main] DEBUG org.apache.http.wire -  << "[\r][\n]"
22:09:33.138 [main] DEBUG o.a.h.i.conn.DefaultClientConnection - Receiving response: HTTP/1.1 200 OK
22:09:33.138 [main] DEBUG org.apache.http.headers - << HTTP/1.1 200 OK
22:09:33.138 [main] DEBUG org.apache.http.headers - << Server: Apache-Coyote/1.1
22:09:33.138 [main] DEBUG org.apache.http.headers - << Content-Type: text/plain;charset=UTF-8
22:09:33.138 [main] DEBUG org.apache.http.headers - << Content-Length: 6
22:09:33.138 [main] DEBUG org.apache.http.headers - << Date: Sun, 07 Feb 2021 21:09:33 GMT
22:09:33.138 [main] DEBUG o.a.h.impl.client.DefaultHttpClient - Connection can be kept alive indefinitely
22:09:33.138 [main] DEBUG i.r.i.RequestSpecificationImpl$RestAssuredHttpBuilder - Parsing response as: text/plain;charset=UTF-8
22:09:33.138 [main] DEBUG i.r.i.RequestSpecificationImpl$RestAssuredHttpBuilder - Parsed data to instance of: class org.apache.http.conn.EofSensorInputStream
22:09:33.139 [main] DEBUG org.apache.http.wire -  << "a:4500"
22:09:33.139 [main] DEBUG o.a.h.i.c.BasicClientConnectionManager - Releasing connection org.apache.http.impl.conn.ManagedClientConnectionImpl@5eb5da12
22:09:33.139 [main] DEBUG o.a.h.i.c.BasicClientConnectionManager - Connection can be kept alive indefinitely
22:09:33.141 [main] DEBUG o.a.h.i.c.BasicClientConnectionManager - Get connection for route {}->http://localhost:8080
22:09:33.142 [main] DEBUG o.a.h.i.c.DefaultClientConnectionOperator - Connecting to localhost:8080
22:09:33.142 [main] DEBUG o.a.h.c.protocol.RequestAddCookies - CookieSpec selected: ignoreCookies
22:09:33.142 [main] DEBUG o.a.h.c.protocol.RequestAuthCache - Auth cache not set in the context
22:09:33.143 [main] DEBUG o.a.h.c.p.RequestTargetAuthentication - Target auth state: UNCHALLENGED
22:09:33.143 [main] DEBUG o.a.h.c.p.RequestProxyAuthentication - Proxy auth state: UNCHALLENGED
22:09:33.143 [main] DEBUG o.a.h.impl.client.DefaultHttpClient - Attempt 1 to execute request
22:09:33.143 [main] DEBUG o.a.h.i.conn.DefaultClientConnection - Sending request: GET /3?c=9&a=30&b=18 HTTP/1.1
22:09:33.143 [main] DEBUG org.apache.http.wire -  >> "GET /3?c=9&a=30&b=18 HTTP/1.1[\r][\n]"
22:09:33.143 [main] DEBUG org.apache.http.wire -  >> "Accept: */*[\r][\n]"
22:09:33.143 [main] DEBUG org.apache.http.wire -  >> "Host: localhost:8080[\r][\n]"
22:09:33.143 [main] DEBUG org.apache.http.wire -  >> "Connection: Keep-Alive[\r][\n]"
22:09:33.143 [main] DEBUG org.apache.http.wire -  >> "User-Agent: Apache-HttpClient/4.5.3 (Java/13.0.5.1)[\r][\n]"
22:09:33.143 [main] DEBUG org.apache.http.wire -  >> "Accept-Encoding: gzip,deflate[\r][\n]"
22:09:33.143 [main] DEBUG org.apache.http.wire -  >> "[\r][\n]"
22:09:33.143 [main] DEBUG org.apache.http.headers - >> GET /3?c=9&a=30&b=18 HTTP/1.1
22:09:33.143 [main] DEBUG org.apache.http.headers - >> Accept: */*
22:09:33.143 [main] DEBUG org.apache.http.headers - >> Host: localhost:8080
22:09:33.143 [main] DEBUG org.apache.http.headers - >> Connection: Keep-Alive
22:09:33.143 [main] DEBUG org.apache.http.headers - >> User-Agent: Apache-HttpClient/4.5.3 (Java/13.0.5.1)
22:09:33.143 [main] DEBUG org.apache.http.headers - >> Accept-Encoding: gzip,deflate
22:09:33.164 [main] DEBUG org.apache.http.wire -  << "HTTP/1.1 200 OK[\r][\n]"
22:09:33.164 [main] DEBUG org.apache.http.wire -  << "Server: Apache-Coyote/1.1[\r][\n]"
22:09:33.164 [main] DEBUG org.apache.http.wire -  << "Content-Type: text/plain;charset=UTF-8[\r][\n]"
22:09:33.164 [main] DEBUG org.apache.http.wire -  << "Content-Length: 6[\r][\n]"
22:09:33.164 [main] DEBUG org.apache.http.wire -  << "Date: Sun, 07 Feb 2021 21:09:33 GMT[\r][\n]"
22:09:33.164 [main] DEBUG org.apache.http.wire -  << "[\r][\n]"
22:09:33.164 [main] DEBUG o.a.h.i.conn.DefaultClientConnection - Receiving response: HTTP/1.1 200 OK
22:09:33.164 [main] DEBUG org.apache.http.headers - << HTTP/1.1 200 OK
22:09:33.164 [main] DEBUG org.apache.http.headers - << Server: Apache-Coyote/1.1
22:09:33.164 [main] DEBUG org.apache.http.headers - << Content-Type: text/plain;charset=UTF-8
22:09:33.164 [main] DEBUG org.apache.http.headers - << Content-Length: 6
22:09:33.164 [main] DEBUG org.apache.http.headers - << Date: Sun, 07 Feb 2021 21:09:33 GMT
22:09:33.165 [main] DEBUG o.a.h.impl.client.DefaultHttpClient - Connection can be kept alive indefinitely
22:09:33.165 [main] DEBUG i.r.i.RequestSpecificationImpl$RestAssuredHttpBuilder - Parsing response as: text/plain;charset=UTF-8
22:09:33.165 [main] DEBUG i.r.i.RequestSpecificationImpl$RestAssuredHttpBuilder - Parsed data to instance of: class org.apache.http.conn.EofSensorInputStream
22:09:33.166 [main] DEBUG org.apache.http.wire -  << "a:4500"
22:09:33.166 [main] DEBUG o.a.h.i.c.BasicClientConnectionManager - Releasing connection org.apache.http.impl.conn.ManagedClientConnectionImpl@73c31181
22:09:33.166 [main] DEBUG o.a.h.i.c.BasicClientConnectionManager - Connection can be kept alive indefinitely
22:09:33.169 [main] DEBUG o.a.h.i.c.BasicClientConnectionManager - Get connection for route {}->http://localhost:8080
22:09:33.169 [main] DEBUG o.a.h.i.c.DefaultClientConnectionOperator - Connecting to localhost:8080
22:09:33.170 [main] DEBUG o.a.h.c.protocol.RequestAddCookies - CookieSpec selected: ignoreCookies
22:09:33.170 [main] DEBUG o.a.h.c.protocol.RequestAuthCache - Auth cache not set in the context
22:09:33.170 [main] DEBUG o.a.h.c.p.RequestTargetAuthentication - Target auth state: UNCHALLENGED
22:09:33.170 [main] DEBUG o.a.h.c.p.RequestProxyAuthentication - Proxy auth state: UNCHALLENGED
22:09:33.170 [main] DEBUG o.a.h.impl.client.DefaultHttpClient - Attempt 1 to execute request
22:09:33.170 [main] DEBUG o.a.h.i.conn.DefaultClientConnection - Sending request: GET /3?c=9&a=30&b=18 HTTP/1.1
22:09:33.170 [main] DEBUG org.apache.http.wire -  >> "GET /3?c=9&a=30&b=18 HTTP/1.1[\r][\n]"
22:09:33.170 [main] DEBUG org.apache.http.wire -  >> "Accept: */*[\r][\n]"
22:09:33.170 [main] DEBUG org.apache.http.wire -  >> "Host: localhost:8080[\r][\n]"
22:09:33.170 [main] DEBUG org.apache.http.wire -  >> "Connection: Keep-Alive[\r][\n]"
22:09:33.170 [main] DEBUG org.apache.http.wire -  >> "User-Agent: Apache-HttpClient/4.5.3 (Java/13.0.5.1)[\r][\n]"
22:09:33.170 [main] DEBUG org.apache.http.wire -  >> "Accept-Encoding: gzip,deflate[\r][\n]"
22:09:33.170 [main] DEBUG org.apache.http.wire -  >> "[\r][\n]"
22:09:33.170 [main] DEBUG org.apache.http.headers - >> GET /3?c=9&a=30&b=18 HTTP/1.1
22:09:33.170 [main] DEBUG org.apache.http.headers - >> Accept: */*
22:09:33.170 [main] DEBUG org.apache.http.headers - >> Host: localhost:8080
22:09:33.170 [main] DEBUG org.apache.http.headers - >> Connection: Keep-Alive
22:09:33.170 [main] DEBUG org.apache.http.headers - >> User-Agent: Apache-HttpClient/4.5.3 (Java/13.0.5.1)
22:09:33.170 [main] DEBUG org.apache.http.headers - >> Accept-Encoding: gzip,deflate
22:09:33.187 [main] DEBUG org.apache.http.wire -  << "HTTP/1.1 200 OK[\r][\n]"
22:09:33.187 [main] DEBUG org.apache.http.wire -  << "Server: Apache-Coyote/1.1[\r][\n]"
22:09:33.187 [main] DEBUG org.apache.http.wire -  << "Content-Type: text/plain;charset=UTF-8[\r][\n]"
22:09:33.187 [main] DEBUG org.apache.http.wire -  << "Content-Length: 6[\r][\n]"
22:09:33.187 [main] DEBUG org.apache.http.wire -  << "Date: Sun, 07 Feb 2021 21:09:33 GMT[\r][\n]"
22:09:33.187 [main] DEBUG org.apache.http.wire -  << "[\r][\n]"
22:09:33.187 [main] DEBUG o.a.h.i.conn.DefaultClientConnection - Receiving response: HTTP/1.1 200 OK
22:09:33.187 [main] DEBUG org.apache.http.headers - << HTTP/1.1 200 OK
22:09:33.187 [main] DEBUG org.apache.http.headers - << Server: Apache-Coyote/1.1
22:09:33.187 [main] DEBUG org.apache.http.headers - << Content-Type: text/plain;charset=UTF-8
22:09:33.187 [main] DEBUG org.apache.http.headers - << Content-Length: 6
22:09:33.187 [main] DEBUG org.apache.http.headers - << Date: Sun, 07 Feb 2021 21:09:33 GMT
22:09:33.188 [main] DEBUG o.a.h.impl.client.DefaultHttpClient - Connection can be kept alive indefinitely
22:09:33.188 [main] DEBUG i.r.i.RequestSpecificationImpl$RestAssuredHttpBuilder - Parsing response as: text/plain;charset=UTF-8
22:09:33.188 [main] DEBUG i.r.i.RequestSpecificationImpl$RestAssuredHttpBuilder - Parsed data to instance of: class org.apache.http.conn.EofSensorInputStream
22:09:33.188 [main] DEBUG org.apache.http.wire -  << "a:4500"
22:09:33.188 [main] DEBUG o.a.h.i.c.BasicClientConnectionManager - Releasing connection org.apache.http.impl.conn.ManagedClientConnectionImpl@51e3d37e
22:09:33.188 [main] DEBUG o.a.h.i.c.BasicClientConnectionManager - Connection can be kept alive indefinitely
22:09:33.191 [main] DEBUG o.a.h.i.c.BasicClientConnectionManager - Get connection for route {}->http://localhost:8080
22:09:33.191 [main] DEBUG o.a.h.i.c.DefaultClientConnectionOperator - Connecting to localhost:8080
22:09:33.191 [main] DEBUG o.a.h.c.protocol.RequestAddCookies - CookieSpec selected: ignoreCookies
22:09:33.191 [main] DEBUG o.a.h.c.protocol.RequestAuthCache - Auth cache not set in the context
22:09:33.191 [main] DEBUG o.a.h.c.p.RequestTargetAuthentication - Target auth state: UNCHALLENGED
22:09:33.191 [main] DEBUG o.a.h.c.p.RequestProxyAuthentication - Proxy auth state: UNCHALLENGED
22:09:33.191 [main] DEBUG o.a.h.impl.client.DefaultHttpClient - Attempt 1 to execute request
22:09:33.191 [main] DEBUG o.a.h.i.conn.DefaultClientConnection - Sending request: GET /3?c=9&a=30&b=18 HTTP/1.1
22:09:33.191 [main] DEBUG org.apache.http.wire -  >> "GET /3?c=9&a=30&b=18 HTTP/1.1[\r][\n]"
22:09:33.191 [main] DEBUG org.apache.http.wire -  >> "Accept: */*[\r][\n]"
22:09:33.191 [main] DEBUG org.apache.http.wire -  >> "Host: localhost:8080[\r][\n]"
22:09:33.191 [main] DEBUG org.apache.http.wire -  >> "Connection: Keep-Alive[\r][\n]"
22:09:33.191 [main] DEBUG org.apache.http.wire -  >> "User-Agent: Apache-HttpClient/4.5.3 (Java/13.0.5.1)[\r][\n]"
22:09:33.191 [main] DEBUG org.apache.http.wire -  >> "Accept-Encoding: gzip,deflate[\r][\n]"
22:09:33.191 [main] DEBUG org.apache.http.wire -  >> "[\r][\n]"
22:09:33.191 [main] DEBUG org.apache.http.headers - >> GET /3?c=9&a=30&b=18 HTTP/1.1
22:09:33.191 [main] DEBUG org.apache.http.headers - >> Accept: */*
22:09:33.191 [main] DEBUG org.apache.http.headers - >> Host: localhost:8080
22:09:33.191 [main] DEBUG org.apache.http.headers - >> Connection: Keep-Alive
22:09:33.191 [main] DEBUG org.apache.http.headers - >> User-Agent: Apache-HttpClient/4.5.3 (Java/13.0.5.1)
22:09:33.191 [main] DEBUG org.apache.http.headers - >> Accept-Encoding: gzip,deflate
22:09:33.213 [main] DEBUG org.apache.http.wire -  << "HTTP/1.1 200 OK[\r][\n]"
22:09:33.214 [main] DEBUG org.apache.http.wire -  << "Server: Apache-Coyote/1.1[\r][\n]"
22:09:33.214 [main] DEBUG org.apache.http.wire -  << "Content-Type: text/plain;charset=UTF-8[\r][\n]"
22:09:33.214 [main] DEBUG org.apache.http.wire -  << "Content-Length: 6[\r][\n]"
22:09:33.214 [main] DEBUG org.apache.http.wire -  << "Date: Sun, 07 Feb 2021 21:09:33 GMT[\r][\n]"
22:09:33.214 [main] DEBUG org.apache.http.wire -  << "[\r][\n]"
22:09:33.214 [main] DEBUG o.a.h.i.conn.DefaultClientConnection - Receiving response: HTTP/1.1 200 OK
22:09:33.214 [main] DEBUG org.apache.http.headers - << HTTP/1.1 200 OK
22:09:33.214 [main] DEBUG org.apache.http.headers - << Server: Apache-Coyote/1.1
22:09:33.214 [main] DEBUG org.apache.http.headers - << Content-Type: text/plain;charset=UTF-8
22:09:33.214 [main] DEBUG org.apache.http.headers - << Content-Length: 6
22:09:33.214 [main] DEBUG org.apache.http.headers - << Date: Sun, 07 Feb 2021 21:09:33 GMT
22:09:33.214 [main] DEBUG o.a.h.impl.client.DefaultHttpClient - Connection can be kept alive indefinitely
22:09:33.214 [main] DEBUG i.r.i.RequestSpecificationImpl$RestAssuredHttpBuilder - Parsing response as: text/plain;charset=UTF-8
22:09:33.214 [main] DEBUG i.r.i.RequestSpecificationImpl$RestAssuredHttpBuilder - Parsed data to instance of: class org.apache.http.conn.EofSensorInputStream
22:09:33.215 [main] DEBUG org.apache.http.wire -  << "a:4500"
22:09:33.215 [main] DEBUG o.a.h.i.c.BasicClientConnectionManager - Releasing connection org.apache.http.impl.conn.ManagedClientConnectionImpl@472d0f4
22:09:33.215 [main] DEBUG o.a.h.i.c.BasicClientConnectionManager - Connection can be kept alive indefinitely
22:09:33.219 [main] DEBUG o.a.h.i.c.BasicClientConnectionManager - Get connection for route {}->http://localhost:8080
22:09:33.219 [main] DEBUG o.a.h.i.c.DefaultClientConnectionOperator - Connecting to localhost:8080
22:09:33.220 [main] DEBUG o.a.h.c.protocol.RequestAddCookies - CookieSpec selected: ignoreCookies
22:09:33.220 [main] DEBUG o.a.h.c.protocol.RequestAuthCache - Auth cache not set in the context
22:09:33.220 [main] DEBUG o.a.h.c.p.RequestTargetAuthentication - Target auth state: UNCHALLENGED
22:09:33.220 [main] DEBUG o.a.h.c.p.RequestProxyAuthentication - Proxy auth state: UNCHALLENGED
22:09:33.220 [main] DEBUG o.a.h.impl.client.DefaultHttpClient - Attempt 1 to execute request
22:09:33.220 [main] DEBUG o.a.h.i.conn.DefaultClientConnection - Sending request: GET /3?c=9&a=30&b=18 HTTP/1.1
22:09:33.220 [main] DEBUG org.apache.http.wire -  >> "GET /3?c=9&a=30&b=18 HTTP/1.1[\r][\n]"
22:09:33.220 [main] DEBUG org.apache.http.wire -  >> "Accept: */*[\r][\n]"
22:09:33.220 [main] DEBUG org.apache.http.wire -  >> "Host: localhost:8080[\r][\n]"
22:09:33.220 [main] DEBUG org.apache.http.wire -  >> "Connection: Keep-Alive[\r][\n]"
22:09:33.220 [main] DEBUG org.apache.http.wire -  >> "User-Agent: Apache-HttpClient/4.5.3 (Java/13.0.5.1)[\r][\n]"
22:09:33.220 [main] DEBUG org.apache.http.wire -  >> "Accept-Encoding: gzip,deflate[\r][\n]"
22:09:33.220 [main] DEBUG org.apache.http.wire -  >> "[\r][\n]"
22:09:33.220 [main] DEBUG org.apache.http.headers - >> GET /3?c=9&a=30&b=18 HTTP/1.1
22:09:33.220 [main] DEBUG org.apache.http.headers - >> Accept: */*
22:09:33.220 [main] DEBUG org.apache.http.headers - >> Host: localhost:8080
22:09:33.220 [main] DEBUG org.apache.http.headers - >> Connection: Keep-Alive
22:09:33.220 [main] DEBUG org.apache.http.headers - >> User-Agent: Apache-HttpClient/4.5.3 (Java/13.0.5.1)
22:09:33.220 [main] DEBUG org.apache.http.headers - >> Accept-Encoding: gzip,deflate
22:09:33.241 [main] DEBUG org.apache.http.wire -  << "HTTP/1.1 200 OK[\r][\n]"
22:09:33.241 [main] DEBUG org.apache.http.wire -  << "Server: Apache-Coyote/1.1[\r][\n]"
22:09:33.241 [main] DEBUG org.apache.http.wire -  << "Content-Type: text/plain;charset=UTF-8[\r][\n]"
22:09:33.241 [main] DEBUG org.apache.http.wire -  << "Content-Length: 6[\r][\n]"
22:09:33.241 [main] DEBUG org.apache.http.wire -  << "Date: Sun, 07 Feb 2021 21:09:33 GMT[\r][\n]"
22:09:33.241 [main] DEBUG org.apache.http.wire -  << "[\r][\n]"
22:09:33.241 [main] DEBUG o.a.h.i.conn.DefaultClientConnection - Receiving response: HTTP/1.1 200 OK
22:09:33.241 [main] DEBUG org.apache.http.headers - << HTTP/1.1 200 OK
22:09:33.241 [main] DEBUG org.apache.http.headers - << Server: Apache-Coyote/1.1
22:09:33.241 [main] DEBUG org.apache.http.headers - << Content-Type: text/plain;charset=UTF-8
22:09:33.242 [main] DEBUG org.apache.http.headers - << Content-Length: 6
22:09:33.242 [main] DEBUG org.apache.http.headers - << Date: Sun, 07 Feb 2021 21:09:33 GMT
22:09:33.242 [main] DEBUG o.a.h.impl.client.DefaultHttpClient - Connection can be kept alive indefinitely
22:09:33.242 [main] DEBUG i.r.i.RequestSpecificationImpl$RestAssuredHttpBuilder - Parsing response as: text/plain;charset=UTF-8
22:09:33.242 [main] DEBUG i.r.i.RequestSpecificationImpl$RestAssuredHttpBuilder - Parsed data to instance of: class org.apache.http.conn.EofSensorInputStream
22:09:33.242 [main] DEBUG org.apache.http.wire -  << "a:4500"
22:09:33.242 [main] DEBUG o.a.h.i.c.BasicClientConnectionManager - Releasing connection org.apache.http.impl.conn.ManagedClientConnectionImpl@76ff68c5
22:09:33.242 [main] DEBUG o.a.h.i.c.BasicClientConnectionManager - Connection can be kept alive indefinitely
22:09:33.246 [main] DEBUG o.a.h.i.c.BasicClientConnectionManager - Get connection for route {}->http://localhost:8080
22:09:33.246 [main] DEBUG o.a.h.i.c.DefaultClientConnectionOperator - Connecting to localhost:8080
22:09:33.247 [main] DEBUG o.a.h.c.protocol.RequestAddCookies - CookieSpec selected: ignoreCookies
22:09:33.247 [main] DEBUG o.a.h.c.protocol.RequestAuthCache - Auth cache not set in the context
22:09:33.247 [main] DEBUG o.a.h.c.p.RequestTargetAuthentication - Target auth state: UNCHALLENGED
22:09:33.247 [main] DEBUG o.a.h.c.p.RequestProxyAuthentication - Proxy auth state: UNCHALLENGED
22:09:33.247 [main] DEBUG o.a.h.impl.client.DefaultHttpClient - Attempt 1 to execute request
22:09:33.247 [main] DEBUG o.a.h.i.conn.DefaultClientConnection - Sending request: GET /3?c=9&a=30&b=18 HTTP/1.1
22:09:33.247 [main] DEBUG org.apache.http.wire -  >> "GET /3?c=9&a=30&b=18 HTTP/1.1[\r][\n]"
22:09:33.247 [main] DEBUG org.apache.http.wire -  >> "Accept: */*[\r][\n]"
22:09:33.247 [main] DEBUG org.apache.http.wire -  >> "Host: localhost:8080[\r][\n]"
22:09:33.247 [main] DEBUG org.apache.http.wire -  >> "Connection: Keep-Alive[\r][\n]"
22:09:33.247 [main] DEBUG org.apache.http.wire -  >> "User-Agent: Apache-HttpClient/4.5.3 (Java/13.0.5.1)[\r][\n]"
22:09:33.247 [main] DEBUG org.apache.http.wire -  >> "Accept-Encoding: gzip,deflate[\r][\n]"
22:09:33.247 [main] DEBUG org.apache.http.wire -  >> "[\r][\n]"
22:09:33.247 [main] DEBUG org.apache.http.headers - >> GET /3?c=9&a=30&b=18 HTTP/1.1
22:09:33.247 [main] DEBUG org.apache.http.headers - >> Accept: */*
22:09:33.247 [main] DEBUG org.apache.http.headers - >> Host: localhost:8080
22:09:33.247 [main] DEBUG org.apache.http.headers - >> Connection: Keep-Alive
22:09:33.247 [main] DEBUG org.apache.http.headers - >> User-Agent: Apache-HttpClient/4.5.3 (Java/13.0.5.1)
22:09:33.247 [main] DEBUG org.apache.http.headers - >> Accept-Encoding: gzip,deflate
22:09:33.272 [main] DEBUG org.apache.http.wire -  << "HTTP/1.1 200 OK[\r][\n]"
22:09:33.272 [main] DEBUG org.apache.http.wire -  << "Server: Apache-Coyote/1.1[\r][\n]"
22:09:33.272 [main] DEBUG org.apache.http.wire -  << "Content-Type: text/plain;charset=UTF-8[\r][\n]"
22:09:33.272 [main] DEBUG org.apache.http.wire -  << "Content-Length: 6[\r][\n]"
22:09:33.272 [main] DEBUG org.apache.http.wire -  << "Date: Sun, 07 Feb 2021 21:09:33 GMT[\r][\n]"
22:09:33.272 [main] DEBUG org.apache.http.wire -  << "[\r][\n]"
22:09:33.272 [main] DEBUG o.a.h.i.conn.DefaultClientConnection - Receiving response: HTTP/1.1 200 OK
22:09:33.272 [main] DEBUG org.apache.http.headers - << HTTP/1.1 200 OK
22:09:33.272 [main] DEBUG org.apache.http.headers - << Server: Apache-Coyote/1.1
22:09:33.272 [main] DEBUG org.apache.http.headers - << Content-Type: text/plain;charset=UTF-8
22:09:33.272 [main] DEBUG org.apache.http.headers - << Content-Length: 6
22:09:33.272 [main] DEBUG org.apache.http.headers - << Date: Sun, 07 Feb 2021 21:09:33 GMT
22:09:33.272 [main] DEBUG o.a.h.impl.client.DefaultHttpClient - Connection can be kept alive indefinitely
22:09:33.273 [main] DEBUG i.r.i.RequestSpecificationImpl$RestAssuredHttpBuilder - Parsing response as: text/plain;charset=UTF-8
22:09:33.273 [main] DEBUG i.r.i.RequestSpecificationImpl$RestAssuredHttpBuilder - Parsed data to instance of: class org.apache.http.conn.EofSensorInputStream
22:09:33.273 [main] DEBUG org.apache.http.wire -  << "a:4500"
22:09:33.273 [main] DEBUG o.a.h.i.c.BasicClientConnectionManager - Releasing connection org.apache.http.impl.conn.ManagedClientConnectionImpl@1da1380b
22:09:33.273 [main] DEBUG o.a.h.i.c.BasicClientConnectionManager - Connection can be kept alive indefinitely
22:09:33.276 [main] DEBUG o.a.h.i.c.BasicClientConnectionManager - Get connection for route {}->http://localhost:8080
22:09:33.276 [main] DEBUG o.a.h.i.c.DefaultClientConnectionOperator - Connecting to localhost:8080
22:09:33.276 [main] DEBUG o.a.h.c.protocol.RequestAddCookies - CookieSpec selected: ignoreCookies
22:09:33.277 [main] DEBUG o.a.h.c.protocol.RequestAuthCache - Auth cache not set in the context
22:09:33.277 [main] DEBUG o.a.h.c.p.RequestTargetAuthentication - Target auth state: UNCHALLENGED
22:09:33.277 [main] DEBUG o.a.h.c.p.RequestProxyAuthentication - Proxy auth state: UNCHALLENGED
22:09:33.277 [main] DEBUG o.a.h.impl.client.DefaultHttpClient - Attempt 1 to execute request
22:09:33.277 [main] DEBUG o.a.h.i.conn.DefaultClientConnection - Sending request: GET /3?c=9&a=30&b=18 HTTP/1.1
22:09:33.277 [main] DEBUG org.apache.http.wire -  >> "GET /3?c=9&a=30&b=18 HTTP/1.1[\r][\n]"
22:09:33.277 [main] DEBUG org.apache.http.wire -  >> "Accept: */*[\r][\n]"
22:09:33.277 [main] DEBUG org.apache.http.wire -  >> "Host: localhost:8080[\r][\n]"
22:09:33.277 [main] DEBUG org.apache.http.wire -  >> "Connection: Keep-Alive[\r][\n]"
22:09:33.277 [main] DEBUG org.apache.http.wire -  >> "User-Agent: Apache-HttpClient/4.5.3 (Java/13.0.5.1)[\r][\n]"
22:09:33.277 [main] DEBUG org.apache.http.wire -  >> "Accept-Encoding: gzip,deflate[\r][\n]"
22:09:33.277 [main] DEBUG org.apache.http.wire -  >> "[\r][\n]"
22:09:33.277 [main] DEBUG org.apache.http.headers - >> GET /3?c=9&a=30&b=18 HTTP/1.1
22:09:33.277 [main] DEBUG org.apache.http.headers - >> Accept: */*
22:09:33.277 [main] DEBUG org.apache.http.headers - >> Host: localhost:8080
22:09:33.277 [main] DEBUG org.apache.http.headers - >> Connection: Keep-Alive
22:09:33.277 [main] DEBUG org.apache.http.headers - >> User-Agent: Apache-HttpClient/4.5.3 (Java/13.0.5.1)
22:09:33.277 [main] DEBUG org.apache.http.headers - >> Accept-Encoding: gzip,deflate
22:09:33.293 [main] DEBUG org.apache.http.wire -  << "HTTP/1.1 200 OK[\r][\n]"
22:09:33.293 [main] DEBUG org.apache.http.wire -  << "Server: Apache-Coyote/1.1[\r][\n]"
22:09:33.293 [main] DEBUG org.apache.http.wire -  << "Content-Type: text/plain;charset=UTF-8[\r][\n]"
22:09:33.293 [main] DEBUG org.apache.http.wire -  << "Content-Length: 6[\r][\n]"
22:09:33.293 [main] DEBUG org.apache.http.wire -  << "Date: Sun, 07 Feb 2021 21:09:33 GMT[\r][\n]"
22:09:33.293 [main] DEBUG org.apache.http.wire -  << "[\r][\n]"
22:09:33.293 [main] DEBUG o.a.h.i.conn.DefaultClientConnection - Receiving response: HTTP/1.1 200 OK
22:09:33.293 [main] DEBUG org.apache.http.headers - << HTTP/1.1 200 OK
22:09:33.293 [main] DEBUG org.apache.http.headers - << Server: Apache-Coyote/1.1
22:09:33.293 [main] DEBUG org.apache.http.headers - << Content-Type: text/plain;charset=UTF-8
22:09:33.293 [main] DEBUG org.apache.http.headers - << Content-Length: 6
22:09:33.293 [main] DEBUG org.apache.http.headers - << Date: Sun, 07 Feb 2021 21:09:33 GMT
22:09:33.293 [main] DEBUG o.a.h.impl.client.DefaultHttpClient - Connection can be kept alive indefinitely
22:09:33.293 [main] DEBUG i.r.i.RequestSpecificationImpl$RestAssuredHttpBuilder - Parsing response as: text/plain;charset=UTF-8
22:09:33.293 [main] DEBUG i.r.i.RequestSpecificationImpl$RestAssuredHttpBuilder - Parsed data to instance of: class org.apache.http.conn.EofSensorInputStream
22:09:33.294 [main] DEBUG org.apache.http.wire -  << "a:4500"
22:09:33.294 [main] DEBUG o.a.h.i.c.BasicClientConnectionManager - Releasing connection org.apache.http.impl.conn.ManagedClientConnectionImpl@2accaec2
22:09:33.294 [main] DEBUG o.a.h.i.c.BasicClientConnectionManager - Connection can be kept alive indefinitely
22:09:33.296 [main] DEBUG o.a.h.i.c.BasicClientConnectionManager - Get connection for route {}->http://localhost:8080
22:09:33.296 [main] DEBUG o.a.h.i.c.DefaultClientConnectionOperator - Connecting to localhost:8080
22:09:33.297 [main] DEBUG o.a.h.c.protocol.RequestAddCookies - CookieSpec selected: ignoreCookies
22:09:33.297 [main] DEBUG o.a.h.c.protocol.RequestAuthCache - Auth cache not set in the context
22:09:33.297 [main] DEBUG o.a.h.c.p.RequestTargetAuthentication - Target auth state: UNCHALLENGED
22:09:33.297 [main] DEBUG o.a.h.c.p.RequestProxyAuthentication - Proxy auth state: UNCHALLENGED
22:09:33.297 [main] DEBUG o.a.h.impl.client.DefaultHttpClient - Attempt 1 to execute request
22:09:33.297 [main] DEBUG o.a.h.i.conn.DefaultClientConnection - Sending request: GET /3?c=9&a=30&b=18 HTTP/1.1
22:09:33.297 [main] DEBUG org.apache.http.wire -  >> "GET /3?c=9&a=30&b=18 HTTP/1.1[\r][\n]"
22:09:33.297 [main] DEBUG org.apache.http.wire -  >> "Accept: */*[\r][\n]"
22:09:33.297 [main] DEBUG org.apache.http.wire -  >> "Host: localhost:8080[\r][\n]"
22:09:33.297 [main] DEBUG org.apache.http.wire -  >> "Connection: Keep-Alive[\r][\n]"
22:09:33.297 [main] DEBUG org.apache.http.wire -  >> "User-Agent: Apache-HttpClient/4.5.3 (Java/13.0.5.1)[\r][\n]"
22:09:33.297 [main] DEBUG org.apache.http.wire -  >> "Accept-Encoding: gzip,deflate[\r][\n]"
22:09:33.297 [main] DEBUG org.apache.http.wire -  >> "[\r][\n]"
22:09:33.297 [main] DEBUG org.apache.http.headers - >> GET /3?c=9&a=30&b=18 HTTP/1.1
22:09:33.297 [main] DEBUG org.apache.http.headers - >> Accept: */*
22:09:33.297 [main] DEBUG org.apache.http.headers - >> Host: localhost:8080
22:09:33.297 [main] DEBUG org.apache.http.headers - >> Connection: Keep-Alive
22:09:33.297 [main] DEBUG org.apache.http.headers - >> User-Agent: Apache-HttpClient/4.5.3 (Java/13.0.5.1)
22:09:33.297 [main] DEBUG org.apache.http.headers - >> Accept-Encoding: gzip,deflate
22:09:33.312 [main] DEBUG org.apache.http.wire -  << "HTTP/1.1 200 OK[\r][\n]"
22:09:33.312 [main] DEBUG org.apache.http.wire -  << "Server: Apache-Coyote/1.1[\r][\n]"
22:09:33.313 [main] DEBUG org.apache.http.wire -  << "Content-Type: text/plain;charset=UTF-8[\r][\n]"
22:09:33.313 [main] DEBUG org.apache.http.wire -  << "Content-Length: 6[\r][\n]"
22:09:33.313 [main] DEBUG org.apache.http.wire -  << "Date: Sun, 07 Feb 2021 21:09:33 GMT[\r][\n]"
22:09:33.313 [main] DEBUG org.apache.http.wire -  << "[\r][\n]"
22:09:33.313 [main] DEBUG o.a.h.i.conn.DefaultClientConnection - Receiving response: HTTP/1.1 200 OK
22:09:33.313 [main] DEBUG org.apache.http.headers - << HTTP/1.1 200 OK
22:09:33.313 [main] DEBUG org.apache.http.headers - << Server: Apache-Coyote/1.1
22:09:33.313 [main] DEBUG org.apache.http.headers - << Content-Type: text/plain;charset=UTF-8
22:09:33.313 [main] DEBUG org.apache.http.headers - << Content-Length: 6
22:09:33.313 [main] DEBUG org.apache.http.headers - << Date: Sun, 07 Feb 2021 21:09:33 GMT
22:09:33.313 [main] DEBUG o.a.h.impl.client.DefaultHttpClient - Connection can be kept alive indefinitely
22:09:33.313 [main] DEBUG i.r.i.RequestSpecificationImpl$RestAssuredHttpBuilder - Parsing response as: text/plain;charset=UTF-8
22:09:33.313 [main] DEBUG i.r.i.RequestSpecificationImpl$RestAssuredHttpBuilder - Parsed data to instance of: class org.apache.http.conn.EofSensorInputStream
22:09:33.313 [main] DEBUG org.apache.http.wire -  << "a:4500"
22:09:33.313 [main] DEBUG o.a.h.i.c.BasicClientConnectionManager - Releasing connection org.apache.http.impl.conn.ManagedClientConnectionImpl@25a94b55
22:09:33.313 [main] DEBUG o.a.h.i.c.BasicClientConnectionManager - Connection can be kept alive indefinitely
22:09:33.316 [main] DEBUG o.a.h.i.c.BasicClientConnectionManager - Get connection for route {}->http://localhost:8080
22:09:33.316 [main] DEBUG o.a.h.i.c.DefaultClientConnectionOperator - Connecting to localhost:8080
22:09:33.317 [main] DEBUG o.a.h.c.protocol.RequestAddCookies - CookieSpec selected: ignoreCookies
22:09:33.317 [main] DEBUG o.a.h.c.protocol.RequestAuthCache - Auth cache not set in the context
22:09:33.317 [main] DEBUG o.a.h.c.p.RequestTargetAuthentication - Target auth state: UNCHALLENGED
22:09:33.317 [main] DEBUG o.a.h.c.p.RequestProxyAuthentication - Proxy auth state: UNCHALLENGED
22:09:33.317 [main] DEBUG o.a.h.impl.client.DefaultHttpClient - Attempt 1 to execute request
22:09:33.317 [main] DEBUG o.a.h.i.conn.DefaultClientConnection - Sending request: GET /3?c=9&a=30&b=18 HTTP/1.1
22:09:33.317 [main] DEBUG org.apache.http.wire -  >> "GET /3?c=9&a=30&b=18 HTTP/1.1[\r][\n]"
22:09:33.317 [main] DEBUG org.apache.http.wire -  >> "Accept: */*[\r][\n]"
22:09:33.317 [main] DEBUG org.apache.http.wire -  >> "Host: localhost:8080[\r][\n]"
22:09:33.317 [main] DEBUG org.apache.http.wire -  >> "Connection: Keep-Alive[\r][\n]"
22:09:33.317 [main] DEBUG org.apache.http.wire -  >> "User-Agent: Apache-HttpClient/4.5.3 (Java/13.0.5.1)[\r][\n]"
22:09:33.317 [main] DEBUG org.apache.http.wire -  >> "Accept-Encoding: gzip,deflate[\r][\n]"
22:09:33.317 [main] DEBUG org.apache.http.wire -  >> "[\r][\n]"
22:09:33.317 [main] DEBUG org.apache.http.headers - >> GET /3?c=9&a=30&b=18 HTTP/1.1
22:09:33.317 [main] DEBUG org.apache.http.headers - >> Accept: */*
22:09:33.317 [main] DEBUG org.apache.http.headers - >> Host: localhost:8080
22:09:33.317 [main] DEBUG org.apache.http.headers - >> Connection: Keep-Alive
22:09:33.317 [main] DEBUG org.apache.http.headers - >> User-Agent: Apache-HttpClient/4.5.3 (Java/13.0.5.1)
22:09:33.317 [main] DEBUG org.apache.http.headers - >> Accept-Encoding: gzip,deflate
22:09:33.336 [main] DEBUG org.apache.http.wire -  << "HTTP/1.1 200 OK[\r][\n]"
22:09:33.336 [main] DEBUG org.apache.http.wire -  << "Server: Apache-Coyote/1.1[\r][\n]"
22:09:33.336 [main] DEBUG org.apache.http.wire -  << "Content-Type: text/plain;charset=UTF-8[\r][\n]"
22:09:33.336 [main] DEBUG org.apache.http.wire -  << "Content-Length: 6[\r][\n]"
22:09:33.336 [main] DEBUG org.apache.http.wire -  << "Date: Sun, 07 Feb 2021 21:09:33 GMT[\r][\n]"
22:09:33.336 [main] DEBUG org.apache.http.wire -  << "[\r][\n]"
22:09:33.336 [main] DEBUG o.a.h.i.conn.DefaultClientConnection - Receiving response: HTTP/1.1 200 OK
22:09:33.336 [main] DEBUG org.apache.http.headers - << HTTP/1.1 200 OK
22:09:33.336 [main] DEBUG org.apache.http.headers - << Server: Apache-Coyote/1.1
22:09:33.336 [main] DEBUG org.apache.http.headers - << Content-Type: text/plain;charset=UTF-8
22:09:33.336 [main] DEBUG org.apache.http.headers - << Content-Length: 6
22:09:33.336 [main] DEBUG org.apache.http.headers - << Date: Sun, 07 Feb 2021 21:09:33 GMT
22:09:33.336 [main] DEBUG o.a.h.impl.client.DefaultHttpClient - Connection can be kept alive indefinitely
22:09:33.336 [main] DEBUG i.r.i.RequestSpecificationImpl$RestAssuredHttpBuilder - Parsing response as: text/plain;charset=UTF-8
22:09:33.336 [main] DEBUG i.r.i.RequestSpecificationImpl$RestAssuredHttpBuilder - Parsed data to instance of: class org.apache.http.conn.EofSensorInputStream
22:09:33.337 [main] DEBUG org.apache.http.wire -  << "a:4500"
22:09:33.337 [main] DEBUG o.a.h.i.c.BasicClientConnectionManager - Releasing connection org.apache.http.impl.conn.ManagedClientConnectionImpl@40709f9
22:09:33.337 [main] DEBUG o.a.h.i.c.BasicClientConnectionManager - Connection can be kept alive indefinitely
22:09:33.338 [main] DEBUG o.a.h.i.c.BasicClientConnectionManager - Get connection for route {}->http://localhost:8080
22:09:33.339 [main] DEBUG o.a.h.i.c.DefaultClientConnectionOperator - Connecting to localhost:8080
22:09:33.339 [main] DEBUG o.a.h.c.protocol.RequestAddCookies - CookieSpec selected: ignoreCookies
22:09:33.339 [main] DEBUG o.a.h.c.protocol.RequestAuthCache - Auth cache not set in the context
22:09:33.339 [main] DEBUG o.a.h.c.p.RequestTargetAuthentication - Target auth state: UNCHALLENGED
22:09:33.339 [main] DEBUG o.a.h.c.p.RequestProxyAuthentication - Proxy auth state: UNCHALLENGED
22:09:33.339 [main] DEBUG o.a.h.impl.client.DefaultHttpClient - Attempt 1 to execute request
22:09:33.339 [main] DEBUG o.a.h.i.conn.DefaultClientConnection - Sending request: GET /3?c=9&a=30&b=18 HTTP/1.1
22:09:33.339 [main] DEBUG org.apache.http.wire -  >> "GET /3?c=9&a=30&b=18 HTTP/1.1[\r][\n]"
22:09:33.339 [main] DEBUG org.apache.http.wire -  >> "Accept: */*[\r][\n]"
22:09:33.339 [main] DEBUG org.apache.http.wire -  >> "Host: localhost:8080[\r][\n]"
22:09:33.339 [main] DEBUG org.apache.http.wire -  >> "Connection: Keep-Alive[\r][\n]"
22:09:33.339 [main] DEBUG org.apache.http.wire -  >> "User-Agent: Apache-HttpClient/4.5.3 (Java/13.0.5.1)[\r][\n]"
22:09:33.339 [main] DEBUG org.apache.http.wire -  >> "Accept-Encoding: gzip,deflate[\r][\n]"
22:09:33.339 [main] DEBUG org.apache.http.wire -  >> "[\r][\n]"
22:09:33.339 [main] DEBUG org.apache.http.headers - >> GET /3?c=9&a=30&b=18 HTTP/1.1
22:09:33.339 [main] DEBUG org.apache.http.headers - >> Accept: */*
22:09:33.339 [main] DEBUG org.apache.http.headers - >> Host: localhost:8080
22:09:33.339 [main] DEBUG org.apache.http.headers - >> Connection: Keep-Alive
22:09:33.339 [main] DEBUG org.apache.http.headers - >> User-Agent: Apache-HttpClient/4.5.3 (Java/13.0.5.1)
22:09:33.339 [main] DEBUG org.apache.http.headers - >> Accept-Encoding: gzip,deflate
22:09:33.357 [main] DEBUG org.apache.http.wire -  << "HTTP/1.1 200 OK[\r][\n]"
22:09:33.357 [main] DEBUG org.apache.http.wire -  << "Server: Apache-Coyote/1.1[\r][\n]"
22:09:33.357 [main] DEBUG org.apache.http.wire -  << "Content-Type: text/plain;charset=UTF-8[\r][\n]"
22:09:33.357 [main] DEBUG org.apache.http.wire -  << "Content-Length: 6[\r][\n]"
22:09:33.357 [main] DEBUG org.apache.http.wire -  << "Date: Sun, 07 Feb 2021 21:09:33 GMT[\r][\n]"
22:09:33.357 [main] DEBUG org.apache.http.wire -  << "[\r][\n]"
22:09:33.357 [main] DEBUG o.a.h.i.conn.DefaultClientConnection - Receiving response: HTTP/1.1 200 OK
22:09:33.357 [main] DEBUG org.apache.http.headers - << HTTP/1.1 200 OK
22:09:33.357 [main] DEBUG org.apache.http.headers - << Server: Apache-Coyote/1.1
22:09:33.357 [main] DEBUG org.apache.http.headers - << Content-Type: text/plain;charset=UTF-8
22:09:33.357 [main] DEBUG org.apache.http.headers - << Content-Length: 6
22:09:33.357 [main] DEBUG org.apache.http.headers - << Date: Sun, 07 Feb 2021 21:09:33 GMT
22:09:33.357 [main] DEBUG o.a.h.impl.client.DefaultHttpClient - Connection can be kept alive indefinitely
22:09:33.357 [main] DEBUG i.r.i.RequestSpecificationImpl$RestAssuredHttpBuilder - Parsing response as: text/plain;charset=UTF-8
22:09:33.357 [main] DEBUG i.r.i.RequestSpecificationImpl$RestAssuredHttpBuilder - Parsed data to instance of: class org.apache.http.conn.EofSensorInputStream
22:09:33.358 [main] DEBUG org.apache.http.wire -  << "a:4500"
22:09:33.358 [main] DEBUG o.a.h.i.c.BasicClientConnectionManager - Releasing connection org.apache.http.impl.conn.ManagedClientConnectionImpl@76d7881e
22:09:33.358 [main] DEBUG o.a.h.i.c.BasicClientConnectionManager - Connection can be kept alive indefinitely
22:09:33.361 [main] DEBUG o.a.h.i.c.BasicClientConnectionManager - Get connection for route {}->http://localhost:8080
22:09:33.361 [main] DEBUG o.a.h.i.c.DefaultClientConnectionOperator - Connecting to localhost:8080
22:09:33.361 [main] DEBUG o.a.h.c.protocol.RequestAddCookies - CookieSpec selected: ignoreCookies
22:09:33.361 [main] DEBUG o.a.h.c.protocol.RequestAuthCache - Auth cache not set in the context
22:09:33.361 [main] DEBUG o.a.h.c.p.RequestTargetAuthentication - Target auth state: UNCHALLENGED
22:09:33.361 [main] DEBUG o.a.h.c.p.RequestProxyAuthentication - Proxy auth state: UNCHALLENGED
22:09:33.362 [main] DEBUG o.a.h.impl.client.DefaultHttpClient - Attempt 1 to execute request
22:09:33.362 [main] DEBUG o.a.h.i.conn.DefaultClientConnection - Sending request: GET /3?c=9&a=30&b=18 HTTP/1.1
22:09:33.362 [main] DEBUG org.apache.http.wire -  >> "GET /3?c=9&a=30&b=18 HTTP/1.1[\r][\n]"
22:09:33.362 [main] DEBUG org.apache.http.wire -  >> "Accept: */*[\r][\n]"
22:09:33.362 [main] DEBUG org.apache.http.wire -  >> "Host: localhost:8080[\r][\n]"
22:09:33.362 [main] DEBUG org.apache.http.wire -  >> "Connection: Keep-Alive[\r][\n]"
22:09:33.362 [main] DEBUG org.apache.http.wire -  >> "User-Agent: Apache-HttpClient/4.5.3 (Java/13.0.5.1)[\r][\n]"
22:09:33.362 [main] DEBUG org.apache.http.wire -  >> "Accept-Encoding: gzip,deflate[\r][\n]"
22:09:33.362 [main] DEBUG org.apache.http.wire -  >> "[\r][\n]"
22:09:33.362 [main] DEBUG org.apache.http.headers - >> GET /3?c=9&a=30&b=18 HTTP/1.1
22:09:33.362 [main] DEBUG org.apache.http.headers - >> Accept: */*
22:09:33.362 [main] DEBUG org.apache.http.headers - >> Host: localhost:8080
22:09:33.362 [main] DEBUG org.apache.http.headers - >> Connection: Keep-Alive
22:09:33.362 [main] DEBUG org.apache.http.headers - >> User-Agent: Apache-HttpClient/4.5.3 (Java/13.0.5.1)
22:09:33.362 [main] DEBUG org.apache.http.headers - >> Accept-Encoding: gzip,deflate
22:09:33.379 [main] DEBUG org.apache.http.wire -  << "HTTP/1.1 200 OK[\r][\n]"
22:09:33.379 [main] DEBUG org.apache.http.wire -  << "Server: Apache-Coyote/1.1[\r][\n]"
22:09:33.379 [main] DEBUG org.apache.http.wire -  << "Content-Type: text/plain;charset=UTF-8[\r][\n]"
22:09:33.379 [main] DEBUG org.apache.http.wire -  << "Content-Length: 6[\r][\n]"
22:09:33.379 [main] DEBUG org.apache.http.wire -  << "Date: Sun, 07 Feb 2021 21:09:33 GMT[\r][\n]"
22:09:33.379 [main] DEBUG org.apache.http.wire -  << "[\r][\n]"
22:09:33.379 [main] DEBUG o.a.h.i.conn.DefaultClientConnection - Receiving response: HTTP/1.1 200 OK
22:09:33.379 [main] DEBUG org.apache.http.headers - << HTTP/1.1 200 OK
22:09:33.379 [main] DEBUG org.apache.http.headers - << Server: Apache-Coyote/1.1
22:09:33.379 [main] DEBUG org.apache.http.headers - << Content-Type: text/plain;charset=UTF-8
22:09:33.379 [main] DEBUG org.apache.http.headers - << Content-Length: 6
22:09:33.379 [main] DEBUG org.apache.http.headers - << Date: Sun, 07 Feb 2021 21:09:33 GMT
22:09:33.379 [main] DEBUG o.a.h.impl.client.DefaultHttpClient - Connection can be kept alive indefinitely
22:09:33.379 [main] DEBUG i.r.i.RequestSpecificationImpl$RestAssuredHttpBuilder - Parsing response as: text/plain;charset=UTF-8
22:09:33.379 [main] DEBUG i.r.i.RequestSpecificationImpl$RestAssuredHttpBuilder - Parsed data to instance of: class org.apache.http.conn.EofSensorInputStream
22:09:33.380 [main] DEBUG org.apache.http.wire -  << "a:4500"
22:09:33.380 [main] DEBUG o.a.h.i.c.BasicClientConnectionManager - Releasing connection org.apache.http.impl.conn.ManagedClientConnectionImpl@7d42542
22:09:33.380 [main] DEBUG o.a.h.i.c.BasicClientConnectionManager - Connection can be kept alive indefinitely
22:09:33.383 [main] DEBUG o.a.h.i.c.BasicClientConnectionManager - Get connection for route {}->http://localhost:8080
22:09:33.383 [main] DEBUG o.a.h.i.c.DefaultClientConnectionOperator - Connecting to localhost:8080
22:09:33.384 [main] DEBUG o.a.h.c.protocol.RequestAddCookies - CookieSpec selected: ignoreCookies
22:09:33.384 [main] DEBUG o.a.h.c.protocol.RequestAuthCache - Auth cache not set in the context
22:09:33.384 [main] DEBUG o.a.h.c.p.RequestTargetAuthentication - Target auth state: UNCHALLENGED
22:09:33.384 [main] DEBUG o.a.h.c.p.RequestProxyAuthentication - Proxy auth state: UNCHALLENGED
22:09:33.384 [main] DEBUG o.a.h.impl.client.DefaultHttpClient - Attempt 1 to execute request
22:09:33.384 [main] DEBUG o.a.h.i.conn.DefaultClientConnection - Sending request: GET /3?c=9&a=30&b=18 HTTP/1.1
22:09:33.384 [main] DEBUG org.apache.http.wire -  >> "GET /3?c=9&a=30&b=18 HTTP/1.1[\r][\n]"
22:09:33.384 [main] DEBUG org.apache.http.wire -  >> "Accept: */*[\r][\n]"
22:09:33.384 [main] DEBUG org.apache.http.wire -  >> "Host: localhost:8080[\r][\n]"
22:09:33.384 [main] DEBUG org.apache.http.wire -  >> "Connection: Keep-Alive[\r][\n]"
22:09:33.384 [main] DEBUG org.apache.http.wire -  >> "User-Agent: Apache-HttpClient/4.5.3 (Java/13.0.5.1)[\r][\n]"
22:09:33.384 [main] DEBUG org.apache.http.wire -  >> "Accept-Encoding: gzip,deflate[\r][\n]"
22:09:33.384 [main] DEBUG org.apache.http.wire -  >> "[\r][\n]"
22:09:33.384 [main] DEBUG org.apache.http.headers - >> GET /3?c=9&a=30&b=18 HTTP/1.1
22:09:33.384 [main] DEBUG org.apache.http.headers - >> Accept: */*
22:09:33.384 [main] DEBUG org.apache.http.headers - >> Host: localhost:8080
22:09:33.384 [main] DEBUG org.apache.http.headers - >> Connection: Keep-Alive
22:09:33.384 [main] DEBUG org.apache.http.headers - >> User-Agent: Apache-HttpClient/4.5.3 (Java/13.0.5.1)
22:09:33.384 [main] DEBUG org.apache.http.headers - >> Accept-Encoding: gzip,deflate
22:09:33.400 [main] DEBUG org.apache.http.wire -  << "HTTP/1.1 200 OK[\r][\n]"
22:09:33.400 [main] DEBUG org.apache.http.wire -  << "Server: Apache-Coyote/1.1[\r][\n]"
22:09:33.400 [main] DEBUG org.apache.http.wire -  << "Content-Type: text/plain;charset=UTF-8[\r][\n]"
22:09:33.400 [main] DEBUG org.apache.http.wire -  << "Content-Length: 6[\r][\n]"
22:09:33.400 [main] DEBUG org.apache.http.wire -  << "Date: Sun, 07 Feb 2021 21:09:33 GMT[\r][\n]"
22:09:33.400 [main] DEBUG org.apache.http.wire -  << "[\r][\n]"
22:09:33.400 [main] DEBUG o.a.h.i.conn.DefaultClientConnection - Receiving response: HTTP/1.1 200 OK
22:09:33.400 [main] DEBUG org.apache.http.headers - << HTTP/1.1 200 OK
22:09:33.400 [main] DEBUG org.apache.http.headers - << Server: Apache-Coyote/1.1
22:09:33.400 [main] DEBUG org.apache.http.headers - << Content-Type: text/plain;charset=UTF-8
22:09:33.400 [main] DEBUG org.apache.http.headers - << Content-Length: 6
22:09:33.400 [main] DEBUG org.apache.http.headers - << Date: Sun, 07 Feb 2021 21:09:33 GMT
22:09:33.400 [main] DEBUG o.a.h.impl.client.DefaultHttpClient - Connection can be kept alive indefinitely
22:09:33.400 [main] DEBUG i.r.i.RequestSpecificationImpl$RestAssuredHttpBuilder - Parsing response as: text/plain;charset=UTF-8
22:09:33.400 [main] DEBUG i.r.i.RequestSpecificationImpl$RestAssuredHttpBuilder - Parsed data to instance of: class org.apache.http.conn.EofSensorInputStream
22:09:33.400 [main] DEBUG org.apache.http.wire -  << "a:4500"
22:09:33.400 [main] DEBUG o.a.h.i.c.BasicClientConnectionManager - Releasing connection org.apache.http.impl.conn.ManagedClientConnectionImpl@4b862408
22:09:33.400 [main] DEBUG o.a.h.i.c.BasicClientConnectionManager - Connection can be kept alive indefinitely
22:09:33.402 [main] DEBUG o.a.h.i.c.BasicClientConnectionManager - Get connection for route {}->http://localhost:8080
22:09:33.402 [main] DEBUG o.a.h.i.c.DefaultClientConnectionOperator - Connecting to localhost:8080
22:09:33.403 [main] DEBUG o.a.h.c.protocol.RequestAddCookies - CookieSpec selected: ignoreCookies
22:09:33.403 [main] DEBUG o.a.h.c.protocol.RequestAuthCache - Auth cache not set in the context
22:09:33.403 [main] DEBUG o.a.h.c.p.RequestTargetAuthentication - Target auth state: UNCHALLENGED
22:09:33.403 [main] DEBUG o.a.h.c.p.RequestProxyAuthentication - Proxy auth state: UNCHALLENGED
22:09:33.403 [main] DEBUG o.a.h.impl.client.DefaultHttpClient - Attempt 1 to execute request
22:09:33.403 [main] DEBUG o.a.h.i.conn.DefaultClientConnection - Sending request: GET /3?c=9&a=30&b=18 HTTP/1.1
22:09:33.403 [main] DEBUG org.apache.http.wire -  >> "GET /3?c=9&a=30&b=18 HTTP/1.1[\r][\n]"
22:09:33.403 [main] DEBUG org.apache.http.wire -  >> "Accept: */*[\r][\n]"
22:09:33.403 [main] DEBUG org.apache.http.wire -  >> "Host: localhost:8080[\r][\n]"
22:09:33.403 [main] DEBUG org.apache.http.wire -  >> "Connection: Keep-Alive[\r][\n]"
22:09:33.403 [main] DEBUG org.apache.http.wire -  >> "User-Agent: Apache-HttpClient/4.5.3 (Java/13.0.5.1)[\r][\n]"
22:09:33.403 [main] DEBUG org.apache.http.wire -  >> "Accept-Encoding: gzip,deflate[\r][\n]"
22:09:33.403 [main] DEBUG org.apache.http.wire -  >> "[\r][\n]"
22:09:33.403 [main] DEBUG org.apache.http.headers - >> GET /3?c=9&a=30&b=18 HTTP/1.1
22:09:33.403 [main] DEBUG org.apache.http.headers - >> Accept: */*
22:09:33.403 [main] DEBUG org.apache.http.headers - >> Host: localhost:8080
22:09:33.403 [main] DEBUG org.apache.http.headers - >> Connection: Keep-Alive
22:09:33.403 [main] DEBUG org.apache.http.headers - >> User-Agent: Apache-HttpClient/4.5.3 (Java/13.0.5.1)
22:09:33.403 [main] DEBUG org.apache.http.headers - >> Accept-Encoding: gzip,deflate
22:09:33.422 [main] DEBUG org.apache.http.wire -  << "HTTP/1.1 200 OK[\r][\n]"
22:09:33.423 [main] DEBUG org.apache.http.wire -  << "Server: Apache-Coyote/1.1[\r][\n]"
22:09:33.423 [main] DEBUG org.apache.http.wire -  << "Content-Type: text/plain;charset=UTF-8[\r][\n]"
22:09:33.423 [main] DEBUG org.apache.http.wire -  << "Content-Length: 6[\r][\n]"
22:09:33.423 [main] DEBUG org.apache.http.wire -  << "Date: Sun, 07 Feb 2021 21:09:33 GMT[\r][\n]"
22:09:33.423 [main] DEBUG org.apache.http.wire -  << "[\r][\n]"
22:09:33.423 [main] DEBUG o.a.h.i.conn.DefaultClientConnection - Receiving response: HTTP/1.1 200 OK
22:09:33.423 [main] DEBUG org.apache.http.headers - << HTTP/1.1 200 OK
22:09:33.423 [main] DEBUG org.apache.http.headers - << Server: Apache-Coyote/1.1
22:09:33.423 [main] DEBUG org.apache.http.headers - << Content-Type: text/plain;charset=UTF-8
22:09:33.423 [main] DEBUG org.apache.http.headers - << Content-Length: 6
22:09:33.423 [main] DEBUG org.apache.http.headers - << Date: Sun, 07 Feb 2021 21:09:33 GMT
22:09:33.423 [main] DEBUG o.a.h.impl.client.DefaultHttpClient - Connection can be kept alive indefinitely
22:09:33.423 [main] DEBUG i.r.i.RequestSpecificationImpl$RestAssuredHttpBuilder - Parsing response as: text/plain;charset=UTF-8
22:09:33.423 [main] DEBUG i.r.i.RequestSpecificationImpl$RestAssuredHttpBuilder - Parsed data to instance of: class org.apache.http.conn.EofSensorInputStream
22:09:33.423 [main] DEBUG org.apache.http.wire -  << "a:4500"
22:09:33.423 [main] DEBUG o.a.h.i.c.BasicClientConnectionManager - Releasing connection org.apache.http.impl.conn.ManagedClientConnectionImpl@4aa2877c
22:09:33.423 [main] DEBUG o.a.h.i.c.BasicClientConnectionManager - Connection can be kept alive indefinitely
22:09:33.426 [main] DEBUG o.a.h.i.c.BasicClientConnectionManager - Get connection for route {}->http://localhost:8080
22:09:33.426 [main] DEBUG o.a.h.i.c.DefaultClientConnectionOperator - Connecting to localhost:8080
22:09:33.427 [main] DEBUG o.a.h.c.protocol.RequestAddCookies - CookieSpec selected: ignoreCookies
22:09:33.427 [main] DEBUG o.a.h.c.protocol.RequestAuthCache - Auth cache not set in the context
22:09:33.427 [main] DEBUG o.a.h.c.p.RequestTargetAuthentication - Target auth state: UNCHALLENGED
22:09:33.427 [main] DEBUG o.a.h.c.p.RequestProxyAuthentication - Proxy auth state: UNCHALLENGED
22:09:33.427 [main] DEBUG o.a.h.impl.client.DefaultHttpClient - Attempt 1 to execute request
22:09:33.427 [main] DEBUG o.a.h.i.conn.DefaultClientConnection - Sending request: GET /3?c=9&a=30&b=18 HTTP/1.1
22:09:33.427 [main] DEBUG org.apache.http.wire -  >> "GET /3?c=9&a=30&b=18 HTTP/1.1[\r][\n]"
22:09:33.427 [main] DEBUG org.apache.http.wire -  >> "Accept: */*[\r][\n]"
22:09:33.427 [main] DEBUG org.apache.http.wire -  >> "Host: localhost:8080[\r][\n]"
22:09:33.427 [main] DEBUG org.apache.http.wire -  >> "Connection: Keep-Alive[\r][\n]"
22:09:33.427 [main] DEBUG org.apache.http.wire -  >> "User-Agent: Apache-HttpClient/4.5.3 (Java/13.0.5.1)[\r][\n]"
22:09:33.427 [main] DEBUG org.apache.http.wire -  >> "Accept-Encoding: gzip,deflate[\r][\n]"
22:09:33.427 [main] DEBUG org.apache.http.wire -  >> "[\r][\n]"
22:09:33.427 [main] DEBUG org.apache.http.headers - >> GET /3?c=9&a=30&b=18 HTTP/1.1
22:09:33.427 [main] DEBUG org.apache.http.headers - >> Accept: */*
22:09:33.427 [main] DEBUG org.apache.http.headers - >> Host: localhost:8080
22:09:33.427 [main] DEBUG org.apache.http.headers - >> Connection: Keep-Alive
22:09:33.427 [main] DEBUG org.apache.http.headers - >> User-Agent: Apache-HttpClient/4.5.3 (Java/13.0.5.1)
22:09:33.427 [main] DEBUG org.apache.http.headers - >> Accept-Encoding: gzip,deflate
22:09:33.442 [main] DEBUG org.apache.http.wire -  << "HTTP/1.1 200 OK[\r][\n]"
22:09:33.442 [main] DEBUG org.apache.http.wire -  << "Server: Apache-Coyote/1.1[\r][\n]"
22:09:33.442 [main] DEBUG org.apache.http.wire -  << "Content-Type: text/plain;charset=UTF-8[\r][\n]"
22:09:33.442 [main] DEBUG org.apache.http.wire -  << "Content-Length: 6[\r][\n]"
22:09:33.442 [main] DEBUG org.apache.http.wire -  << "Date: Sun, 07 Feb 2021 21:09:33 GMT[\r][\n]"
22:09:33.442 [main] DEBUG org.apache.http.wire -  << "[\r][\n]"
22:09:33.442 [main] DEBUG o.a.h.i.conn.DefaultClientConnection - Receiving response: HTTP/1.1 200 OK
22:09:33.442 [main] DEBUG org.apache.http.headers - << HTTP/1.1 200 OK
22:09:33.442 [main] DEBUG org.apache.http.headers - << Server: Apache-Coyote/1.1
22:09:33.442 [main] DEBUG org.apache.http.headers - << Content-Type: text/plain;charset=UTF-8
22:09:33.442 [main] DEBUG org.apache.http.headers - << Content-Length: 6
22:09:33.442 [main] DEBUG org.apache.http.headers - << Date: Sun, 07 Feb 2021 21:09:33 GMT
22:09:33.442 [main] DEBUG o.a.h.impl.client.DefaultHttpClient - Connection can be kept alive indefinitely
22:09:33.442 [main] DEBUG i.r.i.RequestSpecificationImpl$RestAssuredHttpBuilder - Parsing response as: text/plain;charset=UTF-8
22:09:33.442 [main] DEBUG i.r.i.RequestSpecificationImpl$RestAssuredHttpBuilder - Parsed data to instance of: class org.apache.http.conn.EofSensorInputStream
22:09:33.442 [main] DEBUG org.apache.http.wire -  << "a:4500"
22:09:33.442 [main] DEBUG o.a.h.i.c.BasicClientConnectionManager - Releasing connection org.apache.http.impl.conn.ManagedClientConnectionImpl@500051c5
22:09:33.442 [main] DEBUG o.a.h.i.c.BasicClientConnectionManager - Connection can be kept alive indefinitely
22:09:33.446 [main] DEBUG o.a.h.i.c.BasicClientConnectionManager - Get connection for route {}->http://localhost:8080
22:09:33.446 [main] DEBUG o.a.h.i.c.DefaultClientConnectionOperator - Connecting to localhost:8080
22:09:33.447 [main] DEBUG o.a.h.c.protocol.RequestAddCookies - CookieSpec selected: ignoreCookies
22:09:33.447 [main] DEBUG o.a.h.c.protocol.RequestAuthCache - Auth cache not set in the context
22:09:33.447 [main] DEBUG o.a.h.c.p.RequestTargetAuthentication - Target auth state: UNCHALLENGED
22:09:33.447 [main] DEBUG o.a.h.c.p.RequestProxyAuthentication - Proxy auth state: UNCHALLENGED
22:09:33.447 [main] DEBUG o.a.h.impl.client.DefaultHttpClient - Attempt 1 to execute request
22:09:33.447 [main] DEBUG o.a.h.i.conn.DefaultClientConnection - Sending request: GET /3?c=9&a=30&b=18 HTTP/1.1
22:09:33.447 [main] DEBUG org.apache.http.wire -  >> "GET /3?c=9&a=30&b=18 HTTP/1.1[\r][\n]"
22:09:33.447 [main] DEBUG org.apache.http.wire -  >> "Accept: */*[\r][\n]"
22:09:33.447 [main] DEBUG org.apache.http.wire -  >> "Host: localhost:8080[\r][\n]"
22:09:33.447 [main] DEBUG org.apache.http.wire -  >> "Connection: Keep-Alive[\r][\n]"
22:09:33.447 [main] DEBUG org.apache.http.wire -  >> "User-Agent: Apache-HttpClient/4.5.3 (Java/13.0.5.1)[\r][\n]"
22:09:33.447 [main] DEBUG org.apache.http.wire -  >> "Accept-Encoding: gzip,deflate[\r][\n]"
22:09:33.447 [main] DEBUG org.apache.http.wire -  >> "[\r][\n]"
22:09:33.447 [main] DEBUG org.apache.http.headers - >> GET /3?c=9&a=30&b=18 HTTP/1.1
22:09:33.447 [main] DEBUG org.apache.http.headers - >> Accept: */*
22:09:33.447 [main] DEBUG org.apache.http.headers - >> Host: localhost:8080
22:09:33.447 [main] DEBUG org.apache.http.headers - >> Connection: Keep-Alive
22:09:33.447 [main] DEBUG org.apache.http.headers - >> User-Agent: Apache-HttpClient/4.5.3 (Java/13.0.5.1)
22:09:33.447 [main] DEBUG org.apache.http.headers - >> Accept-Encoding: gzip,deflate
22:09:33.468 [main] DEBUG org.apache.http.wire -  << "HTTP/1.1 200 OK[\r][\n]"
22:09:33.468 [main] DEBUG org.apache.http.wire -  << "Server: Apache-Coyote/1.1[\r][\n]"
22:09:33.468 [main] DEBUG org.apache.http.wire -  << "Content-Type: text/plain;charset=UTF-8[\r][\n]"
22:09:33.468 [main] DEBUG org.apache.http.wire -  << "Content-Length: 6[\r][\n]"
22:09:33.468 [main] DEBUG org.apache.http.wire -  << "Date: Sun, 07 Feb 2021 21:09:33 GMT[\r][\n]"
22:09:33.468 [main] DEBUG org.apache.http.wire -  << "[\r][\n]"
22:09:33.468 [main] DEBUG o.a.h.i.conn.DefaultClientConnection - Receiving response: HTTP/1.1 200 OK
22:09:33.468 [main] DEBUG org.apache.http.headers - << HTTP/1.1 200 OK
22:09:33.468 [main] DEBUG org.apache.http.headers - << Server: Apache-Coyote/1.1
22:09:33.468 [main] DEBUG org.apache.http.headers - << Content-Type: text/plain;charset=UTF-8
22:09:33.468 [main] DEBUG org.apache.http.headers - << Content-Length: 6
22:09:33.468 [main] DEBUG org.apache.http.headers - << Date: Sun, 07 Feb 2021 21:09:33 GMT
22:09:33.468 [main] DEBUG o.a.h.impl.client.DefaultHttpClient - Connection can be kept alive indefinitely
22:09:33.468 [main] DEBUG i.r.i.RequestSpecificationImpl$RestAssuredHttpBuilder - Parsing response as: text/plain;charset=UTF-8
22:09:33.468 [main] DEBUG i.r.i.RequestSpecificationImpl$RestAssuredHttpBuilder - Parsed data to instance of: class org.apache.http.conn.EofSensorInputStream
22:09:33.468 [main] DEBUG org.apache.http.wire -  << "a:4500"
22:09:33.468 [main] DEBUG o.a.h.i.c.BasicClientConnectionManager - Releasing connection org.apache.http.impl.conn.ManagedClientConnectionImpl@373e6b9d
22:09:33.468 [main] DEBUG o.a.h.i.c.BasicClientConnectionManager - Connection can be kept alive indefinitely
22:09:33.471 [main] DEBUG o.a.h.i.c.BasicClientConnectionManager - Get connection for route {}->http://localhost:8080
22:09:33.471 [main] DEBUG o.a.h.i.c.DefaultClientConnectionOperator - Connecting to localhost:8080
22:09:33.472 [main] DEBUG o.a.h.c.protocol.RequestAddCookies - CookieSpec selected: ignoreCookies
22:09:33.472 [main] DEBUG o.a.h.c.protocol.RequestAuthCache - Auth cache not set in the context
22:09:33.472 [main] DEBUG o.a.h.c.p.RequestTargetAuthentication - Target auth state: UNCHALLENGED
22:09:33.472 [main] DEBUG o.a.h.c.p.RequestProxyAuthentication - Proxy auth state: UNCHALLENGED
22:09:33.472 [main] DEBUG o.a.h.impl.client.DefaultHttpClient - Attempt 1 to execute request
22:09:33.472 [main] DEBUG o.a.h.i.conn.DefaultClientConnection - Sending request: GET /3?c=9&a=30&b=18 HTTP/1.1
22:09:33.472 [main] DEBUG org.apache.http.wire -  >> "GET /3?c=9&a=30&b=18 HTTP/1.1[\r][\n]"
22:09:33.472 [main] DEBUG org.apache.http.wire -  >> "Accept: */*[\r][\n]"
22:09:33.472 [main] DEBUG org.apache.http.wire -  >> "Host: localhost:8080[\r][\n]"
22:09:33.472 [main] DEBUG org.apache.http.wire -  >> "Connection: Keep-Alive[\r][\n]"
22:09:33.472 [main] DEBUG org.apache.http.wire -  >> "User-Agent: Apache-HttpClient/4.5.3 (Java/13.0.5.1)[\r][\n]"
22:09:33.472 [main] DEBUG org.apache.http.wire -  >> "Accept-Encoding: gzip,deflate[\r][\n]"
22:09:33.472 [main] DEBUG org.apache.http.wire -  >> "[\r][\n]"
22:09:33.472 [main] DEBUG org.apache.http.headers - >> GET /3?c=9&a=30&b=18 HTTP/1.1
22:09:33.472 [main] DEBUG org.apache.http.headers - >> Accept: */*
22:09:33.472 [main] DEBUG org.apache.http.headers - >> Host: localhost:8080
22:09:33.472 [main] DEBUG org.apache.http.headers - >> Connection: Keep-Alive
22:09:33.472 [main] DEBUG org.apache.http.headers - >> User-Agent: Apache-HttpClient/4.5.3 (Java/13.0.5.1)
22:09:33.472 [main] DEBUG org.apache.http.headers - >> Accept-Encoding: gzip,deflate
22:09:33.491 [main] DEBUG org.apache.http.wire -  << "HTTP/1.1 200 OK[\r][\n]"
22:09:33.491 [main] DEBUG org.apache.http.wire -  << "Server: Apache-Coyote/1.1[\r][\n]"
22:09:33.491 [main] DEBUG org.apache.http.wire -  << "Content-Type: text/plain;charset=UTF-8[\r][\n]"
22:09:33.491 [main] DEBUG org.apache.http.wire -  << "Content-Length: 6[\r][\n]"
22:09:33.491 [main] DEBUG org.apache.http.wire -  << "Date: Sun, 07 Feb 2021 21:09:33 GMT[\r][\n]"
22:09:33.491 [main] DEBUG org.apache.http.wire -  << "[\r][\n]"
22:09:33.491 [main] DEBUG o.a.h.i.conn.DefaultClientConnection - Receiving response: HTTP/1.1 200 OK
22:09:33.491 [main] DEBUG org.apache.http.headers - << HTTP/1.1 200 OK
22:09:33.491 [main] DEBUG org.apache.http.headers - << Server: Apache-Coyote/1.1
22:09:33.491 [main] DEBUG org.apache.http.headers - << Content-Type: text/plain;charset=UTF-8
22:09:33.491 [main] DEBUG org.apache.http.headers - << Content-Length: 6
22:09:33.491 [main] DEBUG org.apache.http.headers - << Date: Sun, 07 Feb 2021 21:09:33 GMT
22:09:33.492 [main] DEBUG o.a.h.impl.client.DefaultHttpClient - Connection can be kept alive indefinitely
22:09:33.492 [main] DEBUG i.r.i.RequestSpecificationImpl$RestAssuredHttpBuilder - Parsing response as: text/plain;charset=UTF-8
22:09:33.492 [main] DEBUG i.r.i.RequestSpecificationImpl$RestAssuredHttpBuilder - Parsed data to instance of: class org.apache.http.conn.EofSensorInputStream
22:09:33.492 [main] DEBUG org.apache.http.wire -  << "a:4500"
22:09:33.492 [main] DEBUG o.a.h.i.c.BasicClientConnectionManager - Releasing connection org.apache.http.impl.conn.ManagedClientConnectionImpl@5482bcac
22:09:33.492 [main] DEBUG o.a.h.i.c.BasicClientConnectionManager - Connection can be kept alive indefinitely
22:09:33.498 [main] DEBUG o.a.h.i.c.BasicClientConnectionManager - Get connection for route {}->http://localhost:8080
22:09:33.498 [main] DEBUG o.a.h.i.c.DefaultClientConnectionOperator - Connecting to localhost:8080
22:09:33.499 [main] DEBUG o.a.h.c.protocol.RequestAddCookies - CookieSpec selected: ignoreCookies
22:09:33.500 [main] DEBUG o.a.h.c.protocol.RequestAuthCache - Auth cache not set in the context
22:09:33.500 [main] DEBUG o.a.h.c.p.RequestTargetAuthentication - Target auth state: UNCHALLENGED
22:09:33.500 [main] DEBUG o.a.h.c.p.RequestProxyAuthentication - Proxy auth state: UNCHALLENGED
22:09:33.500 [main] DEBUG o.a.h.impl.client.DefaultHttpClient - Attempt 1 to execute request
22:09:33.500 [main] DEBUG o.a.h.i.conn.DefaultClientConnection - Sending request: GET /3?c=9&a=30&b=18 HTTP/1.1
22:09:33.500 [main] DEBUG org.apache.http.wire -  >> "GET /3?c=9&a=30&b=18 HTTP/1.1[\r][\n]"
22:09:33.500 [main] DEBUG org.apache.http.wire -  >> "Accept: */*[\r][\n]"
22:09:33.500 [main] DEBUG org.apache.http.wire -  >> "Host: localhost:8080[\r][\n]"
22:09:33.500 [main] DEBUG org.apache.http.wire -  >> "Connection: Keep-Alive[\r][\n]"
22:09:33.500 [main] DEBUG org.apache.http.wire -  >> "User-Agent: Apache-HttpClient/4.5.3 (Java/13.0.5.1)[\r][\n]"
22:09:33.500 [main] DEBUG org.apache.http.wire -  >> "Accept-Encoding: gzip,deflate[\r][\n]"
22:09:33.500 [main] DEBUG org.apache.http.wire -  >> "[\r][\n]"
22:09:33.500 [main] DEBUG org.apache.http.headers - >> GET /3?c=9&a=30&b=18 HTTP/1.1
22:09:33.500 [main] DEBUG org.apache.http.headers - >> Accept: */*
22:09:33.500 [main] DEBUG org.apache.http.headers - >> Host: localhost:8080
22:09:33.500 [main] DEBUG org.apache.http.headers - >> Connection: Keep-Alive
22:09:33.500 [main] DEBUG org.apache.http.headers - >> User-Agent: Apache-HttpClient/4.5.3 (Java/13.0.5.1)
22:09:33.500 [main] DEBUG org.apache.http.headers - >> Accept-Encoding: gzip,deflate
22:09:33.523 [main] DEBUG org.apache.http.wire -  << "HTTP/1.1 200 OK[\r][\n]"
22:09:33.523 [main] DEBUG org.apache.http.wire -  << "Server: Apache-Coyote/1.1[\r][\n]"
22:09:33.523 [main] DEBUG org.apache.http.wire -  << "Content-Type: text/plain;charset=UTF-8[\r][\n]"
22:09:33.523 [main] DEBUG org.apache.http.wire -  << "Content-Length: 6[\r][\n]"
22:09:33.523 [main] DEBUG org.apache.http.wire -  << "Date: Sun, 07 Feb 2021 21:09:33 GMT[\r][\n]"
22:09:33.523 [main] DEBUG org.apache.http.wire -  << "[\r][\n]"
22:09:33.523 [main] DEBUG o.a.h.i.conn.DefaultClientConnection - Receiving response: HTTP/1.1 200 OK
22:09:33.523 [main] DEBUG org.apache.http.headers - << HTTP/1.1 200 OK
22:09:33.523 [main] DEBUG org.apache.http.headers - << Server: Apache-Coyote/1.1
22:09:33.523 [main] DEBUG org.apache.http.headers - << Content-Type: text/plain;charset=UTF-8
22:09:33.523 [main] DEBUG org.apache.http.headers - << Content-Length: 6
22:09:33.523 [main] DEBUG org.apache.http.headers - << Date: Sun, 07 Feb 2021 21:09:33 GMT
22:09:33.523 [main] DEBUG o.a.h.impl.client.DefaultHttpClient - Connection can be kept alive indefinitely
22:09:33.523 [main] DEBUG i.r.i.RequestSpecificationImpl$RestAssuredHttpBuilder - Parsing response as: text/plain;charset=UTF-8
22:09:33.523 [main] DEBUG i.r.i.RequestSpecificationImpl$RestAssuredHttpBuilder - Parsed data to instance of: class org.apache.http.conn.EofSensorInputStream
22:09:33.523 [main] DEBUG org.apache.http.wire -  << "a:4500"
22:09:33.523 [main] DEBUG o.a.h.i.c.BasicClientConnectionManager - Releasing connection org.apache.http.impl.conn.ManagedClientConnectionImpl@721d8ab5
22:09:33.523 [main] DEBUG o.a.h.i.c.BasicClientConnectionManager - Connection can be kept alive indefinitely
22:09:33.526 [main] DEBUG o.a.h.i.c.BasicClientConnectionManager - Get connection for route {}->http://localhost:8080
22:09:33.527 [main] DEBUG o.a.h.i.c.DefaultClientConnectionOperator - Connecting to localhost:8080
22:09:33.527 [main] DEBUG o.a.h.c.protocol.RequestAddCookies - CookieSpec selected: ignoreCookies
22:09:33.527 [main] DEBUG o.a.h.c.protocol.RequestAuthCache - Auth cache not set in the context
22:09:33.527 [main] DEBUG o.a.h.c.p.RequestTargetAuthentication - Target auth state: UNCHALLENGED
22:09:33.527 [main] DEBUG o.a.h.c.p.RequestProxyAuthentication - Proxy auth state: UNCHALLENGED
22:09:33.527 [main] DEBUG o.a.h.impl.client.DefaultHttpClient - Attempt 1 to execute request
22:09:33.527 [main] DEBUG o.a.h.i.conn.DefaultClientConnection - Sending request: GET /3?c=9&a=30&b=18 HTTP/1.1
22:09:33.527 [main] DEBUG org.apache.http.wire -  >> "GET /3?c=9&a=30&b=18 HTTP/1.1[\r][\n]"
22:09:33.527 [main] DEBUG org.apache.http.wire -  >> "Accept: */*[\r][\n]"
22:09:33.527 [main] DEBUG org.apache.http.wire -  >> "Host: localhost:8080[\r][\n]"
22:09:33.527 [main] DEBUG org.apache.http.wire -  >> "Connection: Keep-Alive[\r][\n]"
22:09:33.527 [main] DEBUG org.apache.http.wire -  >> "User-Agent: Apache-HttpClient/4.5.3 (Java/13.0.5.1)[\r][\n]"
22:09:33.527 [main] DEBUG org.apache.http.wire -  >> "Accept-Encoding: gzip,deflate[\r][\n]"
22:09:33.527 [main] DEBUG org.apache.http.wire -  >> "[\r][\n]"
22:09:33.527 [main] DEBUG org.apache.http.headers - >> GET /3?c=9&a=30&b=18 HTTP/1.1
22:09:33.527 [main] DEBUG org.apache.http.headers - >> Accept: */*
22:09:33.527 [main] DEBUG org.apache.http.headers - >> Host: localhost:8080
22:09:33.527 [main] DEBUG org.apache.http.headers - >> Connection: Keep-Alive
22:09:33.527 [main] DEBUG org.apache.http.headers - >> User-Agent: Apache-HttpClient/4.5.3 (Java/13.0.5.1)
22:09:33.527 [main] DEBUG org.apache.http.headers - >> Accept-Encoding: gzip,deflate
22:09:33.549 [main] DEBUG org.apache.http.wire -  << "HTTP/1.1 200 OK[\r][\n]"
22:09:33.550 [main] DEBUG org.apache.http.wire -  << "Server: Apache-Coyote/1.1[\r][\n]"
22:09:33.550 [main] DEBUG org.apache.http.wire -  << "Content-Type: text/plain;charset=UTF-8[\r][\n]"
22:09:33.550 [main] DEBUG org.apache.http.wire -  << "Content-Length: 6[\r][\n]"
22:09:33.550 [main] DEBUG org.apache.http.wire -  << "Date: Sun, 07 Feb 2021 21:09:33 GMT[\r][\n]"
22:09:33.550 [main] DEBUG org.apache.http.wire -  << "[\r][\n]"
22:09:33.550 [main] DEBUG o.a.h.i.conn.DefaultClientConnection - Receiving response: HTTP/1.1 200 OK
22:09:33.550 [main] DEBUG org.apache.http.headers - << HTTP/1.1 200 OK
22:09:33.550 [main] DEBUG org.apache.http.headers - << Server: Apache-Coyote/1.1
22:09:33.550 [main] DEBUG org.apache.http.headers - << Content-Type: text/plain;charset=UTF-8
22:09:33.550 [main] DEBUG org.apache.http.headers - << Content-Length: 6
22:09:33.550 [main] DEBUG org.apache.http.headers - << Date: Sun, 07 Feb 2021 21:09:33 GMT
22:09:33.550 [main] DEBUG o.a.h.impl.client.DefaultHttpClient - Connection can be kept alive indefinitely
22:09:33.550 [main] DEBUG i.r.i.RequestSpecificationImpl$RestAssuredHttpBuilder - Parsing response as: text/plain;charset=UTF-8
22:09:33.550 [main] DEBUG i.r.i.RequestSpecificationImpl$RestAssuredHttpBuilder - Parsed data to instance of: class org.apache.http.conn.EofSensorInputStream
22:09:33.551 [main] DEBUG org.apache.http.wire -  << "a:4500"
22:09:33.551 [main] DEBUG o.a.h.i.c.BasicClientConnectionManager - Releasing connection org.apache.http.impl.conn.ManagedClientConnectionImpl@6ac4c3f7
22:09:33.551 [main] DEBUG o.a.h.i.c.BasicClientConnectionManager - Connection can be kept alive indefinitely
22:09:33.555 [main] DEBUG o.a.h.i.c.BasicClientConnectionManager - Get connection for route {}->http://localhost:8080
22:09:33.555 [main] DEBUG o.a.h.i.c.DefaultClientConnectionOperator - Connecting to localhost:8080
22:09:33.556 [main] DEBUG o.a.h.c.protocol.RequestAddCookies - CookieSpec selected: ignoreCookies
22:09:33.556 [main] DEBUG o.a.h.c.protocol.RequestAuthCache - Auth cache not set in the context
22:09:33.556 [main] DEBUG o.a.h.c.p.RequestTargetAuthentication - Target auth state: UNCHALLENGED
22:09:33.556 [main] DEBUG o.a.h.c.p.RequestProxyAuthentication - Proxy auth state: UNCHALLENGED
22:09:33.556 [main] DEBUG o.a.h.impl.client.DefaultHttpClient - Attempt 1 to execute request
22:09:33.556 [main] DEBUG o.a.h.i.conn.DefaultClientConnection - Sending request: GET /3?c=9&a=30&b=18 HTTP/1.1
22:09:33.556 [main] DEBUG org.apache.http.wire -  >> "GET /3?c=9&a=30&b=18 HTTP/1.1[\r][\n]"
22:09:33.556 [main] DEBUG org.apache.http.wire -  >> "Accept: */*[\r][\n]"
22:09:33.556 [main] DEBUG org.apache.http.wire -  >> "Host: localhost:8080[\r][\n]"
22:09:33.556 [main] DEBUG org.apache.http.wire -  >> "Connection: Keep-Alive[\r][\n]"
22:09:33.556 [main] DEBUG org.apache.http.wire -  >> "User-Agent: Apache-HttpClient/4.5.3 (Java/13.0.5.1)[\r][\n]"
22:09:33.556 [main] DEBUG org.apache.http.wire -  >> "Accept-Encoding: gzip,deflate[\r][\n]"
22:09:33.556 [main] DEBUG org.apache.http.wire -  >> "[\r][\n]"
22:09:33.556 [main] DEBUG org.apache.http.headers - >> GET /3?c=9&a=30&b=18 HTTP/1.1
22:09:33.556 [main] DEBUG org.apache.http.headers - >> Accept: */*
22:09:33.556 [main] DEBUG org.apache.http.headers - >> Host: localhost:8080
22:09:33.556 [main] DEBUG org.apache.http.headers - >> Connection: Keep-Alive
22:09:33.556 [main] DEBUG org.apache.http.headers - >> User-Agent: Apache-HttpClient/4.5.3 (Java/13.0.5.1)
22:09:33.556 [main] DEBUG org.apache.http.headers - >> Accept-Encoding: gzip,deflate
22:09:33.576 [main] DEBUG org.apache.http.wire -  << "HTTP/1.1 200 OK[\r][\n]"
22:09:33.576 [main] DEBUG org.apache.http.wire -  << "Server: Apache-Coyote/1.1[\r][\n]"
22:09:33.576 [main] DEBUG org.apache.http.wire -  << "Content-Type: text/plain;charset=UTF-8[\r][\n]"
22:09:33.576 [main] DEBUG org.apache.http.wire -  << "Content-Length: 6[\r][\n]"
22:09:33.576 [main] DEBUG org.apache.http.wire -  << "Date: Sun, 07 Feb 2021 21:09:33 GMT[\r][\n]"
22:09:33.576 [main] DEBUG org.apache.http.wire -  << "[\r][\n]"
22:09:33.576 [main] DEBUG o.a.h.i.conn.DefaultClientConnection - Receiving response: HTTP/1.1 200 OK
22:09:33.576 [main] DEBUG org.apache.http.headers - << HTTP/1.1 200 OK
22:09:33.576 [main] DEBUG org.apache.http.headers - << Server: Apache-Coyote/1.1
22:09:33.576 [main] DEBUG org.apache.http.headers - << Content-Type: text/plain;charset=UTF-8
22:09:33.576 [main] DEBUG org.apache.http.headers - << Content-Length: 6
22:09:33.576 [main] DEBUG org.apache.http.headers - << Date: Sun, 07 Feb 2021 21:09:33 GMT
22:09:33.577 [main] DEBUG o.a.h.impl.client.DefaultHttpClient - Connection can be kept alive indefinitely
22:09:33.577 [main] DEBUG i.r.i.RequestSpecificationImpl$RestAssuredHttpBuilder - Parsing response as: text/plain;charset=UTF-8
22:09:33.577 [main] DEBUG i.r.i.RequestSpecificationImpl$RestAssuredHttpBuilder - Parsed data to instance of: class org.apache.http.conn.EofSensorInputStream
22:09:33.577 [main] DEBUG org.apache.http.wire -  << "a:4500"
22:09:33.577 [main] DEBUG o.a.h.i.c.BasicClientConnectionManager - Releasing connection org.apache.http.impl.conn.ManagedClientConnectionImpl@3c952a33
22:09:33.577 [main] DEBUG o.a.h.i.c.BasicClientConnectionManager - Connection can be kept alive indefinitely
22:09:33.581 [main] DEBUG o.a.h.i.c.BasicClientConnectionManager - Get connection for route {}->http://localhost:8080
22:09:33.581 [main] DEBUG o.a.h.i.c.DefaultClientConnectionOperator - Connecting to localhost:8080
22:09:33.581 [main] DEBUG o.a.h.c.protocol.RequestAddCookies - CookieSpec selected: ignoreCookies
22:09:33.581 [main] DEBUG o.a.h.c.protocol.RequestAuthCache - Auth cache not set in the context
22:09:33.581 [main] DEBUG o.a.h.c.p.RequestTargetAuthentication - Target auth state: UNCHALLENGED
22:09:33.581 [main] DEBUG o.a.h.c.p.RequestProxyAuthentication - Proxy auth state: UNCHALLENGED
22:09:33.581 [main] DEBUG o.a.h.impl.client.DefaultHttpClient - Attempt 1 to execute request
22:09:33.581 [main] DEBUG o.a.h.i.conn.DefaultClientConnection - Sending request: GET /3?c=9&a=30&b=18 HTTP/1.1
22:09:33.581 [main] DEBUG org.apache.http.wire -  >> "GET /3?c=9&a=30&b=18 HTTP/1.1[\r][\n]"
22:09:33.581 [main] DEBUG org.apache.http.wire -  >> "Accept: */*[\r][\n]"
22:09:33.581 [main] DEBUG org.apache.http.wire -  >> "Host: localhost:8080[\r][\n]"
22:09:33.581 [main] DEBUG org.apache.http.wire -  >> "Connection: Keep-Alive[\r][\n]"
22:09:33.581 [main] DEBUG org.apache.http.wire -  >> "User-Agent: Apache-HttpClient/4.5.3 (Java/13.0.5.1)[\r][\n]"
22:09:33.581 [main] DEBUG org.apache.http.wire -  >> "Accept-Encoding: gzip,deflate[\r][\n]"
22:09:33.581 [main] DEBUG org.apache.http.wire -  >> "[\r][\n]"
22:09:33.581 [main] DEBUG org.apache.http.headers - >> GET /3?c=9&a=30&b=18 HTTP/1.1
22:09:33.581 [main] DEBUG org.apache.http.headers - >> Accept: */*
22:09:33.581 [main] DEBUG org.apache.http.headers - >> Host: localhost:8080
22:09:33.581 [main] DEBUG org.apache.http.headers - >> Connection: Keep-Alive
22:09:33.581 [main] DEBUG org.apache.http.headers - >> User-Agent: Apache-HttpClient/4.5.3 (Java/13.0.5.1)
22:09:33.581 [main] DEBUG org.apache.http.headers - >> Accept-Encoding: gzip,deflate
22:09:33.602 [main] DEBUG org.apache.http.wire -  << "HTTP/1.1 200 OK[\r][\n]"
22:09:33.602 [main] DEBUG org.apache.http.wire -  << "Server: Apache-Coyote/1.1[\r][\n]"
22:09:33.603 [main] DEBUG org.apache.http.wire -  << "Content-Type: text/plain;charset=UTF-8[\r][\n]"
22:09:33.603 [main] DEBUG org.apache.http.wire -  << "Content-Length: 6[\r][\n]"
22:09:33.603 [main] DEBUG org.apache.http.wire -  << "Date: Sun, 07 Feb 2021 21:09:33 GMT[\r][\n]"
22:09:33.603 [main] DEBUG org.apache.http.wire -  << "[\r][\n]"
22:09:33.603 [main] DEBUG o.a.h.i.conn.DefaultClientConnection - Receiving response: HTTP/1.1 200 OK
22:09:33.603 [main] DEBUG org.apache.http.headers - << HTTP/1.1 200 OK
22:09:33.603 [main] DEBUG org.apache.http.headers - << Server: Apache-Coyote/1.1
22:09:33.603 [main] DEBUG org.apache.http.headers - << Content-Type: text/plain;charset=UTF-8
22:09:33.603 [main] DEBUG org.apache.http.headers - << Content-Length: 6
22:09:33.603 [main] DEBUG org.apache.http.headers - << Date: Sun, 07 Feb 2021 21:09:33 GMT
22:09:33.603 [main] DEBUG o.a.h.impl.client.DefaultHttpClient - Connection can be kept alive indefinitely
22:09:33.603 [main] DEBUG i.r.i.RequestSpecificationImpl$RestAssuredHttpBuilder - Parsing response as: text/plain;charset=UTF-8
22:09:33.603 [main] DEBUG i.r.i.RequestSpecificationImpl$RestAssuredHttpBuilder - Parsed data to instance of: class org.apache.http.conn.EofSensorInputStream
22:09:33.603 [main] DEBUG org.apache.http.wire -  << "a:4500"
22:09:33.604 [main] DEBUG o.a.h.i.c.BasicClientConnectionManager - Releasing connection org.apache.http.impl.conn.ManagedClientConnectionImpl@709f0202
22:09:33.604 [main] DEBUG o.a.h.i.c.BasicClientConnectionManager - Connection can be kept alive indefinitely
22:09:33.607 [main] DEBUG o.a.h.i.c.BasicClientConnectionManager - Get connection for route {}->http://localhost:8080
22:09:33.607 [main] DEBUG o.a.h.i.c.DefaultClientConnectionOperator - Connecting to localhost:8080
22:09:33.607 [main] DEBUG o.a.h.c.protocol.RequestAddCookies - CookieSpec selected: ignoreCookies
22:09:33.607 [main] DEBUG o.a.h.c.protocol.RequestAuthCache - Auth cache not set in the context
22:09:33.607 [main] DEBUG o.a.h.c.p.RequestTargetAuthentication - Target auth state: UNCHALLENGED
22:09:33.607 [main] DEBUG o.a.h.c.p.RequestProxyAuthentication - Proxy auth state: UNCHALLENGED
22:09:33.607 [main] DEBUG o.a.h.impl.client.DefaultHttpClient - Attempt 1 to execute request
22:09:33.607 [main] DEBUG o.a.h.i.conn.DefaultClientConnection - Sending request: GET /3?c=9&a=30&b=18 HTTP/1.1
22:09:33.607 [main] DEBUG org.apache.http.wire -  >> "GET /3?c=9&a=30&b=18 HTTP/1.1[\r][\n]"
22:09:33.607 [main] DEBUG org.apache.http.wire -  >> "Accept: */*[\r][\n]"
22:09:33.607 [main] DEBUG org.apache.http.wire -  >> "Host: localhost:8080[\r][\n]"
22:09:33.607 [main] DEBUG org.apache.http.wire -  >> "Connection: Keep-Alive[\r][\n]"
22:09:33.607 [main] DEBUG org.apache.http.wire -  >> "User-Agent: Apache-HttpClient/4.5.3 (Java/13.0.5.1)[\r][\n]"
22:09:33.607 [main] DEBUG org.apache.http.wire -  >> "Accept-Encoding: gzip,deflate[\r][\n]"
22:09:33.607 [main] DEBUG org.apache.http.wire -  >> "[\r][\n]"
22:09:33.607 [main] DEBUG org.apache.http.headers - >> GET /3?c=9&a=30&b=18 HTTP/1.1
22:09:33.607 [main] DEBUG org.apache.http.headers - >> Accept: */*
22:09:33.607 [main] DEBUG org.apache.http.headers - >> Host: localhost:8080
22:09:33.607 [main] DEBUG org.apache.http.headers - >> Connection: Keep-Alive
22:09:33.607 [main] DEBUG org.apache.http.headers - >> User-Agent: Apache-HttpClient/4.5.3 (Java/13.0.5.1)
22:09:33.607 [main] DEBUG org.apache.http.headers - >> Accept-Encoding: gzip,deflate
22:09:33.627 [main] DEBUG org.apache.http.wire -  << "HTTP/1.1 200 OK[\r][\n]"
22:09:33.627 [main] DEBUG org.apache.http.wire -  << "Server: Apache-Coyote/1.1[\r][\n]"
22:09:33.627 [main] DEBUG org.apache.http.wire -  << "Content-Type: text/plain;charset=UTF-8[\r][\n]"
22:09:33.627 [main] DEBUG org.apache.http.wire -  << "Content-Length: 6[\r][\n]"
22:09:33.627 [main] DEBUG org.apache.http.wire -  << "Date: Sun, 07 Feb 2021 21:09:33 GMT[\r][\n]"
22:09:33.627 [main] DEBUG org.apache.http.wire -  << "[\r][\n]"
22:09:33.627 [main] DEBUG o.a.h.i.conn.DefaultClientConnection - Receiving response: HTTP/1.1 200 OK
22:09:33.627 [main] DEBUG org.apache.http.headers - << HTTP/1.1 200 OK
22:09:33.627 [main] DEBUG org.apache.http.headers - << Server: Apache-Coyote/1.1
22:09:33.627 [main] DEBUG org.apache.http.headers - << Content-Type: text/plain;charset=UTF-8
22:09:33.627 [main] DEBUG org.apache.http.headers - << Content-Length: 6
22:09:33.627 [main] DEBUG org.apache.http.headers - << Date: Sun, 07 Feb 2021 21:09:33 GMT
22:09:33.627 [main] DEBUG o.a.h.impl.client.DefaultHttpClient - Connection can be kept alive indefinitely
22:09:33.627 [main] DEBUG i.r.i.RequestSpecificationImpl$RestAssuredHttpBuilder - Parsing response as: text/plain;charset=UTF-8
22:09:33.627 [main] DEBUG i.r.i.RequestSpecificationImpl$RestAssuredHttpBuilder - Parsed data to instance of: class org.apache.http.conn.EofSensorInputStream
22:09:33.627 [main] DEBUG org.apache.http.wire -  << "a:4500"
22:09:33.628 [main] DEBUG o.a.h.i.c.BasicClientConnectionManager - Releasing connection org.apache.http.impl.conn.ManagedClientConnectionImpl@16a5c7e4
22:09:33.628 [main] DEBUG o.a.h.i.c.BasicClientConnectionManager - Connection can be kept alive indefinitely
22:09:33.630 [main] DEBUG o.a.h.i.c.BasicClientConnectionManager - Get connection for route {}->http://localhost:8080
22:09:33.630 [main] DEBUG o.a.h.i.c.DefaultClientConnectionOperator - Connecting to localhost:8080
22:09:33.630 [main] DEBUG o.a.h.c.protocol.RequestAddCookies - CookieSpec selected: ignoreCookies
22:09:33.630 [main] DEBUG o.a.h.c.protocol.RequestAuthCache - Auth cache not set in the context
22:09:33.630 [main] DEBUG o.a.h.c.p.RequestTargetAuthentication - Target auth state: UNCHALLENGED
22:09:33.630 [main] DEBUG o.a.h.c.p.RequestProxyAuthentication - Proxy auth state: UNCHALLENGED
22:09:33.630 [main] DEBUG o.a.h.impl.client.DefaultHttpClient - Attempt 1 to execute request
22:09:33.630 [main] DEBUG o.a.h.i.conn.DefaultClientConnection - Sending request: GET /3?c=9&a=30&b=18 HTTP/1.1
22:09:33.630 [main] DEBUG org.apache.http.wire -  >> "GET /3?c=9&a=30&b=18 HTTP/1.1[\r][\n]"
22:09:33.630 [main] DEBUG org.apache.http.wire -  >> "Accept: */*[\r][\n]"
22:09:33.630 [main] DEBUG org.apache.http.wire -  >> "Host: localhost:8080[\r][\n]"
22:09:33.630 [main] DEBUG org.apache.http.wire -  >> "Connection: Keep-Alive[\r][\n]"
22:09:33.630 [main] DEBUG org.apache.http.wire -  >> "User-Agent: Apache-HttpClient/4.5.3 (Java/13.0.5.1)[\r][\n]"
22:09:33.630 [main] DEBUG org.apache.http.wire -  >> "Accept-Encoding: gzip,deflate[\r][\n]"
22:09:33.630 [main] DEBUG org.apache.http.wire -  >> "[\r][\n]"
22:09:33.630 [main] DEBUG org.apache.http.headers - >> GET /3?c=9&a=30&b=18 HTTP/1.1
22:09:33.630 [main] DEBUG org.apache.http.headers - >> Accept: */*
22:09:33.630 [main] DEBUG org.apache.http.headers - >> Host: localhost:8080
22:09:33.630 [main] DEBUG org.apache.http.headers - >> Connection: Keep-Alive
22:09:33.630 [main] DEBUG org.apache.http.headers - >> User-Agent: Apache-HttpClient/4.5.3 (Java/13.0.5.1)
22:09:33.630 [main] DEBUG org.apache.http.headers - >> Accept-Encoding: gzip,deflate
22:09:33.654 [main] DEBUG org.apache.http.wire -  << "HTTP/1.1 200 OK[\r][\n]"
22:09:33.655 [main] DEBUG org.apache.http.wire -  << "Server: Apache-Coyote/1.1[\r][\n]"
22:09:33.655 [main] DEBUG org.apache.http.wire -  << "Content-Type: text/plain;charset=UTF-8[\r][\n]"
22:09:33.655 [main] DEBUG org.apache.http.wire -  << "Content-Length: 6[\r][\n]"
22:09:33.655 [main] DEBUG org.apache.http.wire -  << "Date: Sun, 07 Feb 2021 21:09:33 GMT[\r][\n]"
22:09:33.655 [main] DEBUG org.apache.http.wire -  << "[\r][\n]"
22:09:33.655 [main] DEBUG o.a.h.i.conn.DefaultClientConnection - Receiving response: HTTP/1.1 200 OK
22:09:33.655 [main] DEBUG org.apache.http.headers - << HTTP/1.1 200 OK
22:09:33.655 [main] DEBUG org.apache.http.headers - << Server: Apache-Coyote/1.1
22:09:33.655 [main] DEBUG org.apache.http.headers - << Content-Type: text/plain;charset=UTF-8
22:09:33.655 [main] DEBUG org.apache.http.headers - << Content-Length: 6
22:09:33.655 [main] DEBUG org.apache.http.headers - << Date: Sun, 07 Feb 2021 21:09:33 GMT
22:09:33.655 [main] DEBUG o.a.h.impl.client.DefaultHttpClient - Connection can be kept alive indefinitely
22:09:33.655 [main] DEBUG i.r.i.RequestSpecificationImpl$RestAssuredHttpBuilder - Parsing response as: text/plain;charset=UTF-8
22:09:33.655 [main] DEBUG i.r.i.RequestSpecificationImpl$RestAssuredHttpBuilder - Parsed data to instance of: class org.apache.http.conn.EofSensorInputStream
22:09:33.656 [main] DEBUG org.apache.http.wire -  << "a:4500"
22:09:33.656 [main] DEBUG o.a.h.i.c.BasicClientConnectionManager - Releasing connection org.apache.http.impl.conn.ManagedClientConnectionImpl@2a2dc0a
22:09:33.656 [main] DEBUG o.a.h.i.c.BasicClientConnectionManager - Connection can be kept alive indefinitely
22:09:33.659 [main] DEBUG o.a.h.i.c.BasicClientConnectionManager - Get connection for route {}->http://localhost:8080
22:09:33.659 [main] DEBUG o.a.h.i.c.DefaultClientConnectionOperator - Connecting to localhost:8080
22:09:33.660 [main] DEBUG o.a.h.c.protocol.RequestAddCookies - CookieSpec selected: ignoreCookies
22:09:33.660 [main] DEBUG o.a.h.c.protocol.RequestAuthCache - Auth cache not set in the context
22:09:33.660 [main] DEBUG o.a.h.c.p.RequestTargetAuthentication - Target auth state: UNCHALLENGED
22:09:33.660 [main] DEBUG o.a.h.c.p.RequestProxyAuthentication - Proxy auth state: UNCHALLENGED
22:09:33.660 [main] DEBUG o.a.h.impl.client.DefaultHttpClient - Attempt 1 to execute request
22:09:33.660 [main] DEBUG o.a.h.i.conn.DefaultClientConnection - Sending request: GET /3?c=9&a=30&b=18 HTTP/1.1
22:09:33.660 [main] DEBUG org.apache.http.wire -  >> "GET /3?c=9&a=30&b=18 HTTP/1.1[\r][\n]"
22:09:33.660 [main] DEBUG org.apache.http.wire -  >> "Accept: */*[\r][\n]"
22:09:33.660 [main] DEBUG org.apache.http.wire -  >> "Host: localhost:8080[\r][\n]"
22:09:33.660 [main] DEBUG org.apache.http.wire -  >> "Connection: Keep-Alive[\r][\n]"
22:09:33.660 [main] DEBUG org.apache.http.wire -  >> "User-Agent: Apache-HttpClient/4.5.3 (Java/13.0.5.1)[\r][\n]"
22:09:33.660 [main] DEBUG org.apache.http.wire -  >> "Accept-Encoding: gzip,deflate[\r][\n]"
22:09:33.660 [main] DEBUG org.apache.http.wire -  >> "[\r][\n]"
22:09:33.660 [main] DEBUG org.apache.http.headers - >> GET /3?c=9&a=30&b=18 HTTP/1.1
22:09:33.660 [main] DEBUG org.apache.http.headers - >> Accept: */*
22:09:33.660 [main] DEBUG org.apache.http.headers - >> Host: localhost:8080
22:09:33.660 [main] DEBUG org.apache.http.headers - >> Connection: Keep-Alive
22:09:33.660 [main] DEBUG org.apache.http.headers - >> User-Agent: Apache-HttpClient/4.5.3 (Java/13.0.5.1)
22:09:33.660 [main] DEBUG org.apache.http.headers - >> Accept-Encoding: gzip,deflate
22:09:33.677 [main] DEBUG org.apache.http.wire -  << "HTTP/1.1 200 OK[\r][\n]"
22:09:33.678 [main] DEBUG org.apache.http.wire -  << "Server: Apache-Coyote/1.1[\r][\n]"
22:09:33.678 [main] DEBUG org.apache.http.wire -  << "Content-Type: text/plain;charset=UTF-8[\r][\n]"
22:09:33.678 [main] DEBUG org.apache.http.wire -  << "Content-Length: 6[\r][\n]"
22:09:33.678 [main] DEBUG org.apache.http.wire -  << "Date: Sun, 07 Feb 2021 21:09:33 GMT[\r][\n]"
22:09:33.678 [main] DEBUG org.apache.http.wire -  << "[\r][\n]"
22:09:33.678 [main] DEBUG o.a.h.i.conn.DefaultClientConnection - Receiving response: HTTP/1.1 200 OK
22:09:33.678 [main] DEBUG org.apache.http.headers - << HTTP/1.1 200 OK
22:09:33.678 [main] DEBUG org.apache.http.headers - << Server: Apache-Coyote/1.1
22:09:33.678 [main] DEBUG org.apache.http.headers - << Content-Type: text/plain;charset=UTF-8
22:09:33.678 [main] DEBUG org.apache.http.headers - << Content-Length: 6
22:09:33.678 [main] DEBUG org.apache.http.headers - << Date: Sun, 07 Feb 2021 21:09:33 GMT
22:09:33.678 [main] DEBUG o.a.h.impl.client.DefaultHttpClient - Connection can be kept alive indefinitely
22:09:33.678 [main] DEBUG i.r.i.RequestSpecificationImpl$RestAssuredHttpBuilder - Parsing response as: text/plain;charset=UTF-8
22:09:33.678 [main] DEBUG i.r.i.RequestSpecificationImpl$RestAssuredHttpBuilder - Parsed data to instance of: class org.apache.http.conn.EofSensorInputStream
22:09:33.678 [main] DEBUG org.apache.http.wire -  << "a:4500"
22:09:33.678 [main] DEBUG o.a.h.i.c.BasicClientConnectionManager - Releasing connection org.apache.http.impl.conn.ManagedClientConnectionImpl@4be0a27d
22:09:33.678 [main] DEBUG o.a.h.i.c.BasicClientConnectionManager - Connection can be kept alive indefinitely
22:09:33.680 [main] DEBUG o.a.h.i.c.BasicClientConnectionManager - Get connection for route {}->http://localhost:8080
22:09:33.680 [main] DEBUG o.a.h.i.c.DefaultClientConnectionOperator - Connecting to localhost:8080
22:09:33.681 [main] DEBUG o.a.h.c.protocol.RequestAddCookies - CookieSpec selected: ignoreCookies
22:09:33.681 [main] DEBUG o.a.h.c.protocol.RequestAuthCache - Auth cache not set in the context
22:09:33.681 [main] DEBUG o.a.h.c.p.RequestTargetAuthentication - Target auth state: UNCHALLENGED
22:09:33.681 [main] DEBUG o.a.h.c.p.RequestProxyAuthentication - Proxy auth state: UNCHALLENGED
22:09:33.681 [main] DEBUG o.a.h.impl.client.DefaultHttpClient - Attempt 1 to execute request
22:09:33.681 [main] DEBUG o.a.h.i.conn.DefaultClientConnection - Sending request: GET /3?c=9&a=30&b=18 HTTP/1.1
22:09:33.681 [main] DEBUG org.apache.http.wire -  >> "GET /3?c=9&a=30&b=18 HTTP/1.1[\r][\n]"
22:09:33.681 [main] DEBUG org.apache.http.wire -  >> "Accept: */*[\r][\n]"
22:09:33.681 [main] DEBUG org.apache.http.wire -  >> "Host: localhost:8080[\r][\n]"
22:09:33.681 [main] DEBUG org.apache.http.wire -  >> "Connection: Keep-Alive[\r][\n]"
22:09:33.681 [main] DEBUG org.apache.http.wire -  >> "User-Agent: Apache-HttpClient/4.5.3 (Java/13.0.5.1)[\r][\n]"
22:09:33.681 [main] DEBUG org.apache.http.wire -  >> "Accept-Encoding: gzip,deflate[\r][\n]"
22:09:33.681 [main] DEBUG org.apache.http.wire -  >> "[\r][\n]"
22:09:33.681 [main] DEBUG org.apache.http.headers - >> GET /3?c=9&a=30&b=18 HTTP/1.1
22:09:33.681 [main] DEBUG org.apache.http.headers - >> Accept: */*
22:09:33.681 [main] DEBUG org.apache.http.headers - >> Host: localhost:8080
22:09:33.681 [main] DEBUG org.apache.http.headers - >> Connection: Keep-Alive
22:09:33.681 [main] DEBUG org.apache.http.headers - >> User-Agent: Apache-HttpClient/4.5.3 (Java/13.0.5.1)
22:09:33.681 [main] DEBUG org.apache.http.headers - >> Accept-Encoding: gzip,deflate
22:09:33.700 [main] DEBUG org.apache.http.wire -  << "HTTP/1.1 200 OK[\r][\n]"
22:09:33.700 [main] DEBUG org.apache.http.wire -  << "Server: Apache-Coyote/1.1[\r][\n]"
22:09:33.700 [main] DEBUG org.apache.http.wire -  << "Content-Type: text/plain;charset=UTF-8[\r][\n]"
22:09:33.700 [main] DEBUG org.apache.http.wire -  << "Content-Length: 6[\r][\n]"
22:09:33.700 [main] DEBUG org.apache.http.wire -  << "Date: Sun, 07 Feb 2021 21:09:33 GMT[\r][\n]"
22:09:33.700 [main] DEBUG org.apache.http.wire -  << "[\r][\n]"
22:09:33.700 [main] DEBUG o.a.h.i.conn.DefaultClientConnection - Receiving response: HTTP/1.1 200 OK
22:09:33.700 [main] DEBUG org.apache.http.headers - << HTTP/1.1 200 OK
22:09:33.700 [main] DEBUG org.apache.http.headers - << Server: Apache-Coyote/1.1
22:09:33.700 [main] DEBUG org.apache.http.headers - << Content-Type: text/plain;charset=UTF-8
22:09:33.700 [main] DEBUG org.apache.http.headers - << Content-Length: 6
22:09:33.700 [main] DEBUG org.apache.http.headers - << Date: Sun, 07 Feb 2021 21:09:33 GMT
22:09:33.701 [main] DEBUG o.a.h.impl.client.DefaultHttpClient - Connection can be kept alive indefinitely
22:09:33.701 [main] DEBUG i.r.i.RequestSpecificationImpl$RestAssuredHttpBuilder - Parsing response as: text/plain;charset=UTF-8
22:09:33.701 [main] DEBUG i.r.i.RequestSpecificationImpl$RestAssuredHttpBuilder - Parsed data to instance of: class org.apache.http.conn.EofSensorInputStream
22:09:33.701 [main] DEBUG org.apache.http.wire -  << "a:4500"
22:09:33.701 [main] DEBUG o.a.h.i.c.BasicClientConnectionManager - Releasing connection org.apache.http.impl.conn.ManagedClientConnectionImpl@2ec99035
22:09:33.701 [main] DEBUG o.a.h.i.c.BasicClientConnectionManager - Connection can be kept alive indefinitely
22:09:33.704 [main] DEBUG o.a.h.i.c.BasicClientConnectionManager - Get connection for route {}->http://localhost:8080
22:09:33.704 [main] DEBUG o.a.h.i.c.DefaultClientConnectionOperator - Connecting to localhost:8080
22:09:33.705 [main] DEBUG o.a.h.c.protocol.RequestAddCookies - CookieSpec selected: ignoreCookies
22:09:33.705 [main] DEBUG o.a.h.c.protocol.RequestAuthCache - Auth cache not set in the context
22:09:33.705 [main] DEBUG o.a.h.c.p.RequestTargetAuthentication - Target auth state: UNCHALLENGED
22:09:33.705 [main] DEBUG o.a.h.c.p.RequestProxyAuthentication - Proxy auth state: UNCHALLENGED
22:09:33.705 [main] DEBUG o.a.h.impl.client.DefaultHttpClient - Attempt 1 to execute request
22:09:33.705 [main] DEBUG o.a.h.i.conn.DefaultClientConnection - Sending request: GET /3?c=9&a=30&b=18 HTTP/1.1
22:09:33.705 [main] DEBUG org.apache.http.wire -  >> "GET /3?c=9&a=30&b=18 HTTP/1.1[\r][\n]"
22:09:33.705 [main] DEBUG org.apache.http.wire -  >> "Accept: */*[\r][\n]"
22:09:33.705 [main] DEBUG org.apache.http.wire -  >> "Host: localhost:8080[\r][\n]"
22:09:33.705 [main] DEBUG org.apache.http.wire -  >> "Connection: Keep-Alive[\r][\n]"
22:09:33.705 [main] DEBUG org.apache.http.wire -  >> "User-Agent: Apache-HttpClient/4.5.3 (Java/13.0.5.1)[\r][\n]"
22:09:33.705 [main] DEBUG org.apache.http.wire -  >> "Accept-Encoding: gzip,deflate[\r][\n]"
22:09:33.705 [main] DEBUG org.apache.http.wire -  >> "[\r][\n]"
22:09:33.705 [main] DEBUG org.apache.http.headers - >> GET /3?c=9&a=30&b=18 HTTP/1.1
22:09:33.705 [main] DEBUG org.apache.http.headers - >> Accept: */*
22:09:33.705 [main] DEBUG org.apache.http.headers - >> Host: localhost:8080
22:09:33.705 [main] DEBUG org.apache.http.headers - >> Connection: Keep-Alive
22:09:33.705 [main] DEBUG org.apache.http.headers - >> User-Agent: Apache-HttpClient/4.5.3 (Java/13.0.5.1)
22:09:33.705 [main] DEBUG org.apache.http.headers - >> Accept-Encoding: gzip,deflate
22:09:33.723 [main] DEBUG org.apache.http.wire -  << "HTTP/1.1 200 OK[\r][\n]"
22:09:33.724 [main] DEBUG org.apache.http.wire -  << "Server: Apache-Coyote/1.1[\r][\n]"
22:09:33.724 [main] DEBUG org.apache.http.wire -  << "Content-Type: text/plain;charset=UTF-8[\r][\n]"
22:09:33.724 [main] DEBUG org.apache.http.wire -  << "Content-Length: 6[\r][\n]"
22:09:33.724 [main] DEBUG org.apache.http.wire -  << "Date: Sun, 07 Feb 2021 21:09:33 GMT[\r][\n]"
22:09:33.724 [main] DEBUG org.apache.http.wire -  << "[\r][\n]"
22:09:33.724 [main] DEBUG o.a.h.i.conn.DefaultClientConnection - Receiving response: HTTP/1.1 200 OK
22:09:33.724 [main] DEBUG org.apache.http.headers - << HTTP/1.1 200 OK
22:09:33.724 [main] DEBUG org.apache.http.headers - << Server: Apache-Coyote/1.1
22:09:33.724 [main] DEBUG org.apache.http.headers - << Content-Type: text/plain;charset=UTF-8
22:09:33.724 [main] DEBUG org.apache.http.headers - << Content-Length: 6
22:09:33.724 [main] DEBUG org.apache.http.headers - << Date: Sun, 07 Feb 2021 21:09:33 GMT
22:09:33.724 [main] DEBUG o.a.h.impl.client.DefaultHttpClient - Connection can be kept alive indefinitely
22:09:33.724 [main] DEBUG i.r.i.RequestSpecificationImpl$RestAssuredHttpBuilder - Parsing response as: text/plain;charset=UTF-8
22:09:33.724 [main] DEBUG i.r.i.RequestSpecificationImpl$RestAssuredHttpBuilder - Parsed data to instance of: class org.apache.http.conn.EofSensorInputStream
22:09:33.724 [main] DEBUG org.apache.http.wire -  << "a:4500"
22:09:33.724 [main] DEBUG o.a.h.i.c.BasicClientConnectionManager - Releasing connection org.apache.http.impl.conn.ManagedClientConnectionImpl@71179b6f
22:09:33.724 [main] DEBUG o.a.h.i.c.BasicClientConnectionManager - Connection can be kept alive indefinitely
22:09:33.727 [main] DEBUG o.a.h.i.c.BasicClientConnectionManager - Get connection for route {}->http://localhost:8080
22:09:33.728 [main] DEBUG o.a.h.i.c.DefaultClientConnectionOperator - Connecting to localhost:8080
22:09:33.728 [main] DEBUG o.a.h.c.protocol.RequestAddCookies - CookieSpec selected: ignoreCookies
22:09:33.728 [main] DEBUG o.a.h.c.protocol.RequestAuthCache - Auth cache not set in the context
22:09:33.728 [main] DEBUG o.a.h.c.p.RequestTargetAuthentication - Target auth state: UNCHALLENGED
22:09:33.728 [main] DEBUG o.a.h.c.p.RequestProxyAuthentication - Proxy auth state: UNCHALLENGED
22:09:33.728 [main] DEBUG o.a.h.impl.client.DefaultHttpClient - Attempt 1 to execute request
22:09:33.728 [main] DEBUG o.a.h.i.conn.DefaultClientConnection - Sending request: GET /3?c=9&a=30&b=18 HTTP/1.1
22:09:33.728 [main] DEBUG org.apache.http.wire -  >> "GET /3?c=9&a=30&b=18 HTTP/1.1[\r][\n]"
22:09:33.729 [main] DEBUG org.apache.http.wire -  >> "Accept: */*[\r][\n]"
22:09:33.729 [main] DEBUG org.apache.http.wire -  >> "Host: localhost:8080[\r][\n]"
22:09:33.729 [main] DEBUG org.apache.http.wire -  >> "Connection: Keep-Alive[\r][\n]"
22:09:33.729 [main] DEBUG org.apache.http.wire -  >> "User-Agent: Apache-HttpClient/4.5.3 (Java/13.0.5.1)[\r][\n]"
22:09:33.729 [main] DEBUG org.apache.http.wire -  >> "Accept-Encoding: gzip,deflate[\r][\n]"
22:09:33.729 [main] DEBUG org.apache.http.wire -  >> "[\r][\n]"
22:09:33.729 [main] DEBUG org.apache.http.headers - >> GET /3?c=9&a=30&b=18 HTTP/1.1
22:09:33.729 [main] DEBUG org.apache.http.headers - >> Accept: */*
22:09:33.729 [main] DEBUG org.apache.http.headers - >> Host: localhost:8080
22:09:33.729 [main] DEBUG org.apache.http.headers - >> Connection: Keep-Alive
22:09:33.729 [main] DEBUG org.apache.http.headers - >> User-Agent: Apache-HttpClient/4.5.3 (Java/13.0.5.1)
22:09:33.729 [main] DEBUG org.apache.http.headers - >> Accept-Encoding: gzip,deflate
22:09:33.747 [main] DEBUG org.apache.http.wire -  << "HTTP/1.1 200 OK[\r][\n]"
22:09:33.747 [main] DEBUG org.apache.http.wire -  << "Server: Apache-Coyote/1.1[\r][\n]"
22:09:33.747 [main] DEBUG org.apache.http.wire -  << "Content-Type: text/plain;charset=UTF-8[\r][\n]"
22:09:33.747 [main] DEBUG org.apache.http.wire -  << "Content-Length: 6[\r][\n]"
22:09:33.747 [main] DEBUG org.apache.http.wire -  << "Date: Sun, 07 Feb 2021 21:09:33 GMT[\r][\n]"
22:09:33.747 [main] DEBUG org.apache.http.wire -  << "[\r][\n]"
22:09:33.748 [main] DEBUG o.a.h.i.conn.DefaultClientConnection - Receiving response: HTTP/1.1 200 OK
22:09:33.748 [main] DEBUG org.apache.http.headers - << HTTP/1.1 200 OK
22:09:33.748 [main] DEBUG org.apache.http.headers - << Server: Apache-Coyote/1.1
22:09:33.748 [main] DEBUG org.apache.http.headers - << Content-Type: text/plain;charset=UTF-8
22:09:33.748 [main] DEBUG org.apache.http.headers - << Content-Length: 6
22:09:33.748 [main] DEBUG org.apache.http.headers - << Date: Sun, 07 Feb 2021 21:09:33 GMT
22:09:33.748 [main] DEBUG o.a.h.impl.client.DefaultHttpClient - Connection can be kept alive indefinitely
22:09:33.748 [main] DEBUG i.r.i.RequestSpecificationImpl$RestAssuredHttpBuilder - Parsing response as: text/plain;charset=UTF-8
22:09:33.748 [main] DEBUG i.r.i.RequestSpecificationImpl$RestAssuredHttpBuilder - Parsed data to instance of: class org.apache.http.conn.EofSensorInputStream
22:09:33.750 [main] DEBUG org.apache.http.wire -  << "a:4500"
22:09:33.750 [main] DEBUG o.a.h.i.c.BasicClientConnectionManager - Releasing connection org.apache.http.impl.conn.ManagedClientConnectionImpl@4dcbae55
22:09:33.750 [main] DEBUG o.a.h.i.c.BasicClientConnectionManager - Connection can be kept alive indefinitely
22:09:33.754 [main] DEBUG o.a.h.i.c.BasicClientConnectionManager - Get connection for route {}->http://localhost:8080
22:09:33.754 [main] DEBUG o.a.h.i.c.DefaultClientConnectionOperator - Connecting to localhost:8080
22:09:33.755 [main] DEBUG o.a.h.c.protocol.RequestAddCookies - CookieSpec selected: ignoreCookies
22:09:33.756 [main] DEBUG o.a.h.c.protocol.RequestAuthCache - Auth cache not set in the context
22:09:33.756 [main] DEBUG o.a.h.c.p.RequestTargetAuthentication - Target auth state: UNCHALLENGED
22:09:33.756 [main] DEBUG o.a.h.c.p.RequestProxyAuthentication - Proxy auth state: UNCHALLENGED
22:09:33.756 [main] DEBUG o.a.h.impl.client.DefaultHttpClient - Attempt 1 to execute request
22:09:33.756 [main] DEBUG o.a.h.i.conn.DefaultClientConnection - Sending request: GET /3?c=9&a=30&b=18 HTTP/1.1
22:09:33.756 [main] DEBUG org.apache.http.wire -  >> "GET /3?c=9&a=30&b=18 HTTP/1.1[\r][\n]"
22:09:33.756 [main] DEBUG org.apache.http.wire -  >> "Accept: */*[\r][\n]"
22:09:33.756 [main] DEBUG org.apache.http.wire -  >> "Host: localhost:8080[\r][\n]"
22:09:33.756 [main] DEBUG org.apache.http.wire -  >> "Connection: Keep-Alive[\r][\n]"
22:09:33.756 [main] DEBUG org.apache.http.wire -  >> "User-Agent: Apache-HttpClient/4.5.3 (Java/13.0.5.1)[\r][\n]"
22:09:33.756 [main] DEBUG org.apache.http.wire -  >> "Accept-Encoding: gzip,deflate[\r][\n]"
22:09:33.756 [main] DEBUG org.apache.http.wire -  >> "[\r][\n]"
22:09:33.756 [main] DEBUG org.apache.http.headers - >> GET /3?c=9&a=30&b=18 HTTP/1.1
22:09:33.756 [main] DEBUG org.apache.http.headers - >> Accept: */*
22:09:33.756 [main] DEBUG org.apache.http.headers - >> Host: localhost:8080
22:09:33.756 [main] DEBUG org.apache.http.headers - >> Connection: Keep-Alive
22:09:33.756 [main] DEBUG org.apache.http.headers - >> User-Agent: Apache-HttpClient/4.5.3 (Java/13.0.5.1)
22:09:33.756 [main] DEBUG org.apache.http.headers - >> Accept-Encoding: gzip,deflate
22:09:33.778 [main] DEBUG org.apache.http.wire -  << "HTTP/1.1 200 OK[\r][\n]"
22:09:33.778 [main] DEBUG org.apache.http.wire -  << "Server: Apache-Coyote/1.1[\r][\n]"
22:09:33.778 [main] DEBUG org.apache.http.wire -  << "Content-Type: text/plain;charset=UTF-8[\r][\n]"
22:09:33.778 [main] DEBUG org.apache.http.wire -  << "Content-Length: 6[\r][\n]"
22:09:33.778 [main] DEBUG org.apache.http.wire -  << "Date: Sun, 07 Feb 2021 21:09:33 GMT[\r][\n]"
22:09:33.778 [main] DEBUG org.apache.http.wire -  << "[\r][\n]"
22:09:33.778 [main] DEBUG o.a.h.i.conn.DefaultClientConnection - Receiving response: HTTP/1.1 200 OK
22:09:33.778 [main] DEBUG org.apache.http.headers - << HTTP/1.1 200 OK
22:09:33.779 [main] DEBUG org.apache.http.headers - << Server: Apache-Coyote/1.1
22:09:33.779 [main] DEBUG org.apache.http.headers - << Content-Type: text/plain;charset=UTF-8
22:09:33.779 [main] DEBUG org.apache.http.headers - << Content-Length: 6
22:09:33.779 [main] DEBUG org.apache.http.headers - << Date: Sun, 07 Feb 2021 21:09:33 GMT
22:09:33.779 [main] DEBUG o.a.h.impl.client.DefaultHttpClient - Connection can be kept alive indefinitely
22:09:33.779 [main] DEBUG i.r.i.RequestSpecificationImpl$RestAssuredHttpBuilder - Parsing response as: text/plain;charset=UTF-8
22:09:33.779 [main] DEBUG i.r.i.RequestSpecificationImpl$RestAssuredHttpBuilder - Parsed data to instance of: class org.apache.http.conn.EofSensorInputStream
22:09:33.779 [main] DEBUG org.apache.http.wire -  << "a:4500"
22:09:33.779 [main] DEBUG o.a.h.i.c.BasicClientConnectionManager - Releasing connection org.apache.http.impl.conn.ManagedClientConnectionImpl@5ae1c281
22:09:33.780 [main] DEBUG o.a.h.i.c.BasicClientConnectionManager - Connection can be kept alive indefinitely
22:09:33.782 [main] DEBUG o.a.h.i.c.BasicClientConnectionManager - Get connection for route {}->http://localhost:8080
22:09:33.783 [main] DEBUG o.a.h.i.c.DefaultClientConnectionOperator - Connecting to localhost:8080
22:09:33.783 [main] DEBUG o.a.h.c.protocol.RequestAddCookies - CookieSpec selected: ignoreCookies
22:09:33.783 [main] DEBUG o.a.h.c.protocol.RequestAuthCache - Auth cache not set in the context
22:09:33.783 [main] DEBUG o.a.h.c.p.RequestTargetAuthentication - Target auth state: UNCHALLENGED
22:09:33.783 [main] DEBUG o.a.h.c.p.RequestProxyAuthentication - Proxy auth state: UNCHALLENGED
22:09:33.783 [main] DEBUG o.a.h.impl.client.DefaultHttpClient - Attempt 1 to execute request
22:09:33.783 [main] DEBUG o.a.h.i.conn.DefaultClientConnection - Sending request: GET /3?c=9&a=30&b=18 HTTP/1.1
22:09:33.783 [main] DEBUG org.apache.http.wire -  >> "GET /3?c=9&a=30&b=18 HTTP/1.1[\r][\n]"
22:09:33.783 [main] DEBUG org.apache.http.wire -  >> "Accept: */*[\r][\n]"
22:09:33.783 [main] DEBUG org.apache.http.wire -  >> "Host: localhost:8080[\r][\n]"
22:09:33.783 [main] DEBUG org.apache.http.wire -  >> "Connection: Keep-Alive[\r][\n]"
22:09:33.783 [main] DEBUG org.apache.http.wire -  >> "User-Agent: Apache-HttpClient/4.5.3 (Java/13.0.5.1)[\r][\n]"
22:09:33.783 [main] DEBUG org.apache.http.wire -  >> "Accept-Encoding: gzip,deflate[\r][\n]"
22:09:33.783 [main] DEBUG org.apache.http.wire -  >> "[\r][\n]"
22:09:33.783 [main] DEBUG org.apache.http.headers - >> GET /3?c=9&a=30&b=18 HTTP/1.1
22:09:33.783 [main] DEBUG org.apache.http.headers - >> Accept: */*
22:09:33.783 [main] DEBUG org.apache.http.headers - >> Host: localhost:8080
22:09:33.783 [main] DEBUG org.apache.http.headers - >> Connection: Keep-Alive
22:09:33.783 [main] DEBUG org.apache.http.headers - >> User-Agent: Apache-HttpClient/4.5.3 (Java/13.0.5.1)
22:09:33.783 [main] DEBUG org.apache.http.headers - >> Accept-Encoding: gzip,deflate
22:09:33.804 [main] DEBUG org.apache.http.wire -  << "HTTP/1.1 200 OK[\r][\n]"
22:09:33.804 [main] DEBUG org.apache.http.wire -  << "Server: Apache-Coyote/1.1[\r][\n]"
22:09:33.804 [main] DEBUG org.apache.http.wire -  << "Content-Type: text/plain;charset=UTF-8[\r][\n]"
22:09:33.804 [main] DEBUG org.apache.http.wire -  << "Content-Length: 6[\r][\n]"
22:09:33.804 [main] DEBUG org.apache.http.wire -  << "Date: Sun, 07 Feb 2021 21:09:33 GMT[\r][\n]"
22:09:33.804 [main] DEBUG org.apache.http.wire -  << "[\r][\n]"
22:09:33.804 [main] DEBUG o.a.h.i.conn.DefaultClientConnection - Receiving response: HTTP/1.1 200 OK
22:09:33.804 [main] DEBUG org.apache.http.headers - << HTTP/1.1 200 OK
22:09:33.804 [main] DEBUG org.apache.http.headers - << Server: Apache-Coyote/1.1
22:09:33.804 [main] DEBUG org.apache.http.headers - << Content-Type: text/plain;charset=UTF-8
22:09:33.804 [main] DEBUG org.apache.http.headers - << Content-Length: 6
22:09:33.804 [main] DEBUG org.apache.http.headers - << Date: Sun, 07 Feb 2021 21:09:33 GMT
22:09:33.804 [main] DEBUG o.a.h.impl.client.DefaultHttpClient - Connection can be kept alive indefinitely
22:09:33.805 [main] DEBUG i.r.i.RequestSpecificationImpl$RestAssuredHttpBuilder - Parsing response as: text/plain;charset=UTF-8
22:09:33.805 [main] DEBUG i.r.i.RequestSpecificationImpl$RestAssuredHttpBuilder - Parsed data to instance of: class org.apache.http.conn.EofSensorInputStream
22:09:33.805 [main] DEBUG org.apache.http.wire -  << "a:4500"
22:09:33.805 [main] DEBUG o.a.h.i.c.BasicClientConnectionManager - Releasing connection org.apache.http.impl.conn.ManagedClientConnectionImpl@691500ab
22:09:33.805 [main] DEBUG o.a.h.i.c.BasicClientConnectionManager - Connection can be kept alive indefinitely
22:09:33.808 [main] DEBUG o.a.h.i.c.BasicClientConnectionManager - Get connection for route {}->http://localhost:8080
22:09:33.808 [main] DEBUG o.a.h.i.c.DefaultClientConnectionOperator - Connecting to localhost:8080
22:09:33.809 [main] DEBUG o.a.h.c.protocol.RequestAddCookies - CookieSpec selected: ignoreCookies
22:09:33.809 [main] DEBUG o.a.h.c.protocol.RequestAuthCache - Auth cache not set in the context
22:09:33.809 [main] DEBUG o.a.h.c.p.RequestTargetAuthentication - Target auth state: UNCHALLENGED
22:09:33.809 [main] DEBUG o.a.h.c.p.RequestProxyAuthentication - Proxy auth state: UNCHALLENGED
22:09:33.809 [main] DEBUG o.a.h.impl.client.DefaultHttpClient - Attempt 1 to execute request
22:09:33.809 [main] DEBUG o.a.h.i.conn.DefaultClientConnection - Sending request: GET /3?c=9&a=30&b=18 HTTP/1.1
22:09:33.809 [main] DEBUG org.apache.http.wire -  >> "GET /3?c=9&a=30&b=18 HTTP/1.1[\r][\n]"
22:09:33.809 [main] DEBUG org.apache.http.wire -  >> "Accept: */*[\r][\n]"
22:09:33.809 [main] DEBUG org.apache.http.wire -  >> "Host: localhost:8080[\r][\n]"
22:09:33.809 [main] DEBUG org.apache.http.wire -  >> "Connection: Keep-Alive[\r][\n]"
22:09:33.809 [main] DEBUG org.apache.http.wire -  >> "User-Agent: Apache-HttpClient/4.5.3 (Java/13.0.5.1)[\r][\n]"
22:09:33.809 [main] DEBUG org.apache.http.wire -  >> "Accept-Encoding: gzip,deflate[\r][\n]"
22:09:33.809 [main] DEBUG org.apache.http.wire -  >> "[\r][\n]"
22:09:33.809 [main] DEBUG org.apache.http.headers - >> GET /3?c=9&a=30&b=18 HTTP/1.1
22:09:33.809 [main] DEBUG org.apache.http.headers - >> Accept: */*
22:09:33.809 [main] DEBUG org.apache.http.headers - >> Host: localhost:8080
22:09:33.809 [main] DEBUG org.apache.http.headers - >> Connection: Keep-Alive
22:09:33.809 [main] DEBUG org.apache.http.headers - >> User-Agent: Apache-HttpClient/4.5.3 (Java/13.0.5.1)
22:09:33.809 [main] DEBUG org.apache.http.headers - >> Accept-Encoding: gzip,deflate
22:09:33.825 [main] DEBUG org.apache.http.wire -  << "HTTP/1.1 200 OK[\r][\n]"
22:09:33.825 [main] DEBUG org.apache.http.wire -  << "Server: Apache-Coyote/1.1[\r][\n]"
22:09:33.825 [main] DEBUG org.apache.http.wire -  << "Content-Type: text/plain;charset=UTF-8[\r][\n]"
22:09:33.825 [main] DEBUG org.apache.http.wire -  << "Content-Length: 6[\r][\n]"
22:09:33.825 [main] DEBUG org.apache.http.wire -  << "Date: Sun, 07 Feb 2021 21:09:33 GMT[\r][\n]"
22:09:33.825 [main] DEBUG org.apache.http.wire -  << "[\r][\n]"
22:09:33.825 [main] DEBUG o.a.h.i.conn.DefaultClientConnection - Receiving response: HTTP/1.1 200 OK
22:09:33.825 [main] DEBUG org.apache.http.headers - << HTTP/1.1 200 OK
22:09:33.825 [main] DEBUG org.apache.http.headers - << Server: Apache-Coyote/1.1
22:09:33.825 [main] DEBUG org.apache.http.headers - << Content-Type: text/plain;charset=UTF-8
22:09:33.825 [main] DEBUG org.apache.http.headers - << Content-Length: 6
22:09:33.825 [main] DEBUG org.apache.http.headers - << Date: Sun, 07 Feb 2021 21:09:33 GMT
22:09:33.825 [main] DEBUG o.a.h.impl.client.DefaultHttpClient - Connection can be kept alive indefinitely
22:09:33.825 [main] DEBUG i.r.i.RequestSpecificationImpl$RestAssuredHttpBuilder - Parsing response as: text/plain;charset=UTF-8
22:09:33.825 [main] DEBUG i.r.i.RequestSpecificationImpl$RestAssuredHttpBuilder - Parsed data to instance of: class org.apache.http.conn.EofSensorInputStream
22:09:33.826 [main] DEBUG org.apache.http.wire -  << "a:4500"
22:09:33.826 [main] DEBUG o.a.h.i.c.BasicClientConnectionManager - Releasing connection org.apache.http.impl.conn.ManagedClientConnectionImpl@1903b5d
22:09:33.826 [main] DEBUG o.a.h.i.c.BasicClientConnectionManager - Connection can be kept alive indefinitely
22:09:33.830 [main] DEBUG o.a.h.i.c.BasicClientConnectionManager - Get connection for route {}->http://localhost:8080
22:09:33.830 [main] DEBUG o.a.h.i.c.DefaultClientConnectionOperator - Connecting to localhost:8080
22:09:33.831 [main] DEBUG o.a.h.c.protocol.RequestAddCookies - CookieSpec selected: ignoreCookies
22:09:33.831 [main] DEBUG o.a.h.c.protocol.RequestAuthCache - Auth cache not set in the context
22:09:33.831 [main] DEBUG o.a.h.c.p.RequestTargetAuthentication - Target auth state: UNCHALLENGED
22:09:33.831 [main] DEBUG o.a.h.c.p.RequestProxyAuthentication - Proxy auth state: UNCHALLENGED
22:09:33.831 [main] DEBUG o.a.h.impl.client.DefaultHttpClient - Attempt 1 to execute request
22:09:33.831 [main] DEBUG o.a.h.i.conn.DefaultClientConnection - Sending request: GET /3?c=9&a=30&b=18 HTTP/1.1
22:09:33.831 [main] DEBUG org.apache.http.wire -  >> "GET /3?c=9&a=30&b=18 HTTP/1.1[\r][\n]"
22:09:33.831 [main] DEBUG org.apache.http.wire -  >> "Accept: */*[\r][\n]"
22:09:33.831 [main] DEBUG org.apache.http.wire -  >> "Host: localhost:8080[\r][\n]"
22:09:33.831 [main] DEBUG org.apache.http.wire -  >> "Connection: Keep-Alive[\r][\n]"
22:09:33.831 [main] DEBUG org.apache.http.wire -  >> "User-Agent: Apache-HttpClient/4.5.3 (Java/13.0.5.1)[\r][\n]"
22:09:33.831 [main] DEBUG org.apache.http.wire -  >> "Accept-Encoding: gzip,deflate[\r][\n]"
22:09:33.831 [main] DEBUG org.apache.http.wire -  >> "[\r][\n]"
22:09:33.831 [main] DEBUG org.apache.http.headers - >> GET /3?c=9&a=30&b=18 HTTP/1.1
22:09:33.831 [main] DEBUG org.apache.http.headers - >> Accept: */*
22:09:33.831 [main] DEBUG org.apache.http.headers - >> Host: localhost:8080
22:09:33.831 [main] DEBUG org.apache.http.headers - >> Connection: Keep-Alive
22:09:33.831 [main] DEBUG org.apache.http.headers - >> User-Agent: Apache-HttpClient/4.5.3 (Java/13.0.5.1)
22:09:33.831 [main] DEBUG org.apache.http.headers - >> Accept-Encoding: gzip,deflate
22:09:33.852 [main] DEBUG org.apache.http.wire -  << "HTTP/1.1 200 OK[\r][\n]"
22:09:33.852 [main] DEBUG org.apache.http.wire -  << "Server: Apache-Coyote/1.1[\r][\n]"
22:09:33.852 [main] DEBUG org.apache.http.wire -  << "Content-Type: text/plain;charset=UTF-8[\r][\n]"
22:09:33.852 [main] DEBUG org.apache.http.wire -  << "Content-Length: 6[\r][\n]"
22:09:33.852 [main] DEBUG org.apache.http.wire -  << "Date: Sun, 07 Feb 2021 21:09:33 GMT[\r][\n]"
22:09:33.852 [main] DEBUG org.apache.http.wire -  << "[\r][\n]"
22:09:33.852 [main] DEBUG o.a.h.i.conn.DefaultClientConnection - Receiving response: HTTP/1.1 200 OK
22:09:33.853 [main] DEBUG org.apache.http.headers - << HTTP/1.1 200 OK
22:09:33.853 [main] DEBUG org.apache.http.headers - << Server: Apache-Coyote/1.1
22:09:33.853 [main] DEBUG org.apache.http.headers - << Content-Type: text/plain;charset=UTF-8
22:09:33.853 [main] DEBUG org.apache.http.headers - << Content-Length: 6
22:09:33.853 [main] DEBUG org.apache.http.headers - << Date: Sun, 07 Feb 2021 21:09:33 GMT
22:09:33.853 [main] DEBUG o.a.h.impl.client.DefaultHttpClient - Connection can be kept alive indefinitely
22:09:33.853 [main] DEBUG i.r.i.RequestSpecificationImpl$RestAssuredHttpBuilder - Parsing response as: text/plain;charset=UTF-8
22:09:33.853 [main] DEBUG i.r.i.RequestSpecificationImpl$RestAssuredHttpBuilder - Parsed data to instance of: class org.apache.http.conn.EofSensorInputStream
22:09:33.853 [main] DEBUG org.apache.http.wire -  << "a:4500"
22:09:33.853 [main] DEBUG o.a.h.i.c.BasicClientConnectionManager - Releasing connection org.apache.http.impl.conn.ManagedClientConnectionImpl@627ff1b8
22:09:33.853 [main] DEBUG o.a.h.i.c.BasicClientConnectionManager - Connection can be kept alive indefinitely
22:09:33.855 [main] DEBUG o.a.h.i.c.BasicClientConnectionManager - Get connection for route {}->http://localhost:8080
22:09:33.856 [main] DEBUG o.a.h.i.c.DefaultClientConnectionOperator - Connecting to localhost:8080
22:09:33.856 [main] DEBUG o.a.h.c.protocol.RequestAddCookies - CookieSpec selected: ignoreCookies
22:09:33.856 [main] DEBUG o.a.h.c.protocol.RequestAuthCache - Auth cache not set in the context
22:09:33.856 [main] DEBUG o.a.h.c.p.RequestTargetAuthentication - Target auth state: UNCHALLENGED
22:09:33.856 [main] DEBUG o.a.h.c.p.RequestProxyAuthentication - Proxy auth state: UNCHALLENGED
22:09:33.856 [main] DEBUG o.a.h.impl.client.DefaultHttpClient - Attempt 1 to execute request
22:09:33.856 [main] DEBUG o.a.h.i.conn.DefaultClientConnection - Sending request: GET /3?c=9&a=30&b=18 HTTP/1.1
22:09:33.856 [main] DEBUG org.apache.http.wire -  >> "GET /3?c=9&a=30&b=18 HTTP/1.1[\r][\n]"
22:09:33.856 [main] DEBUG org.apache.http.wire -  >> "Accept: */*[\r][\n]"
22:09:33.856 [main] DEBUG org.apache.http.wire -  >> "Host: localhost:8080[\r][\n]"
22:09:33.856 [main] DEBUG org.apache.http.wire -  >> "Connection: Keep-Alive[\r][\n]"
22:09:33.856 [main] DEBUG org.apache.http.wire -  >> "User-Agent: Apache-HttpClient/4.5.3 (Java/13.0.5.1)[\r][\n]"
22:09:33.856 [main] DEBUG org.apache.http.wire -  >> "Accept-Encoding: gzip,deflate[\r][\n]"
22:09:33.856 [main] DEBUG org.apache.http.wire -  >> "[\r][\n]"
22:09:33.856 [main] DEBUG org.apache.http.headers - >> GET /3?c=9&a=30&b=18 HTTP/1.1
22:09:33.856 [main] DEBUG org.apache.http.headers - >> Accept: */*
22:09:33.856 [main] DEBUG org.apache.http.headers - >> Host: localhost:8080
22:09:33.856 [main] DEBUG org.apache.http.headers - >> Connection: Keep-Alive
22:09:33.856 [main] DEBUG org.apache.http.headers - >> User-Agent: Apache-HttpClient/4.5.3 (Java/13.0.5.1)
22:09:33.856 [main] DEBUG org.apache.http.headers - >> Accept-Encoding: gzip,deflate
22:09:33.874 [main] DEBUG org.apache.http.wire -  << "HTTP/1.1 200 OK[\r][\n]"
22:09:33.874 [main] DEBUG org.apache.http.wire -  << "Server: Apache-Coyote/1.1[\r][\n]"
22:09:33.874 [main] DEBUG org.apache.http.wire -  << "Content-Type: text/plain;charset=UTF-8[\r][\n]"
22:09:33.874 [main] DEBUG org.apache.http.wire -  << "Content-Length: 6[\r][\n]"
22:09:33.874 [main] DEBUG org.apache.http.wire -  << "Date: Sun, 07 Feb 2021 21:09:33 GMT[\r][\n]"
22:09:33.874 [main] DEBUG org.apache.http.wire -  << "[\r][\n]"
22:09:33.874 [main] DEBUG o.a.h.i.conn.DefaultClientConnection - Receiving response: HTTP/1.1 200 OK
22:09:33.874 [main] DEBUG org.apache.http.headers - << HTTP/1.1 200 OK
22:09:33.874 [main] DEBUG org.apache.http.headers - << Server: Apache-Coyote/1.1
22:09:33.874 [main] DEBUG org.apache.http.headers - << Content-Type: text/plain;charset=UTF-8
22:09:33.874 [main] DEBUG org.apache.http.headers - << Content-Length: 6
22:09:33.874 [main] DEBUG org.apache.http.headers - << Date: Sun, 07 Feb 2021 21:09:33 GMT
22:09:33.874 [main] DEBUG o.a.h.impl.client.DefaultHttpClient - Connection can be kept alive indefinitely
22:09:33.874 [main] DEBUG i.r.i.RequestSpecificationImpl$RestAssuredHttpBuilder - Parsing response as: text/plain;charset=UTF-8
22:09:33.874 [main] DEBUG i.r.i.RequestSpecificationImpl$RestAssuredHttpBuilder - Parsed data to instance of: class org.apache.http.conn.EofSensorInputStream
22:09:33.875 [main] DEBUG org.apache.http.wire -  << "a:4500"
22:09:33.875 [main] DEBUG o.a.h.i.c.BasicClientConnectionManager - Releasing connection org.apache.http.impl.conn.ManagedClientConnectionImpl@ea04cab
22:09:33.875 [main] DEBUG o.a.h.i.c.BasicClientConnectionManager - Connection can be kept alive indefinitely
22:09:33.877 [main] DEBUG o.a.h.i.c.BasicClientConnectionManager - Get connection for route {}->http://localhost:8080
22:09:33.878 [main] DEBUG o.a.h.i.c.DefaultClientConnectionOperator - Connecting to localhost:8080
22:09:33.878 [main] DEBUG o.a.h.c.protocol.RequestAddCookies - CookieSpec selected: ignoreCookies
22:09:33.878 [main] DEBUG o.a.h.c.protocol.RequestAuthCache - Auth cache not set in the context
22:09:33.878 [main] DEBUG o.a.h.c.p.RequestTargetAuthentication - Target auth state: UNCHALLENGED
22:09:33.878 [main] DEBUG o.a.h.c.p.RequestProxyAuthentication - Proxy auth state: UNCHALLENGED
22:09:33.878 [main] DEBUG o.a.h.impl.client.DefaultHttpClient - Attempt 1 to execute request
22:09:33.878 [main] DEBUG o.a.h.i.conn.DefaultClientConnection - Sending request: GET /3?c=9&a=30&b=18 HTTP/1.1
22:09:33.878 [main] DEBUG org.apache.http.wire -  >> "GET /3?c=9&a=30&b=18 HTTP/1.1[\r][\n]"
22:09:33.878 [main] DEBUG org.apache.http.wire -  >> "Accept: */*[\r][\n]"
22:09:33.878 [main] DEBUG org.apache.http.wire -  >> "Host: localhost:8080[\r][\n]"
22:09:33.878 [main] DEBUG org.apache.http.wire -  >> "Connection: Keep-Alive[\r][\n]"
22:09:33.878 [main] DEBUG org.apache.http.wire -  >> "User-Agent: Apache-HttpClient/4.5.3 (Java/13.0.5.1)[\r][\n]"
22:09:33.878 [main] DEBUG org.apache.http.wire -  >> "Accept-Encoding: gzip,deflate[\r][\n]"
22:09:33.878 [main] DEBUG org.apache.http.wire -  >> "[\r][\n]"
22:09:33.878 [main] DEBUG org.apache.http.headers - >> GET /3?c=9&a=30&b=18 HTTP/1.1
22:09:33.878 [main] DEBUG org.apache.http.headers - >> Accept: */*
22:09:33.878 [main] DEBUG org.apache.http.headers - >> Host: localhost:8080
22:09:33.878 [main] DEBUG org.apache.http.headers - >> Connection: Keep-Alive
22:09:33.878 [main] DEBUG org.apache.http.headers - >> User-Agent: Apache-HttpClient/4.5.3 (Java/13.0.5.1)
22:09:33.878 [main] DEBUG org.apache.http.headers - >> Accept-Encoding: gzip,deflate
22:09:33.898 [main] DEBUG org.apache.http.wire -  << "HTTP/1.1 200 OK[\r][\n]"
22:09:33.899 [main] DEBUG org.apache.http.wire -  << "Server: Apache-Coyote/1.1[\r][\n]"
22:09:33.899 [main] DEBUG org.apache.http.wire -  << "Content-Type: text/plain;charset=UTF-8[\r][\n]"
22:09:33.899 [main] DEBUG org.apache.http.wire -  << "Content-Length: 6[\r][\n]"
22:09:33.899 [main] DEBUG org.apache.http.wire -  << "Date: Sun, 07 Feb 2021 21:09:33 GMT[\r][\n]"
22:09:33.899 [main] DEBUG org.apache.http.wire -  << "[\r][\n]"
22:09:33.899 [main] DEBUG o.a.h.i.conn.DefaultClientConnection - Receiving response: HTTP/1.1 200 OK
22:09:33.899 [main] DEBUG org.apache.http.headers - << HTTP/1.1 200 OK
22:09:33.899 [main] DEBUG org.apache.http.headers - << Server: Apache-Coyote/1.1
22:09:33.899 [main] DEBUG org.apache.http.headers - << Content-Type: text/plain;charset=UTF-8
22:09:33.899 [main] DEBUG org.apache.http.headers - << Content-Length: 6
22:09:33.899 [main] DEBUG org.apache.http.headers - << Date: Sun, 07 Feb 2021 21:09:33 GMT
22:09:33.899 [main] DEBUG o.a.h.impl.client.DefaultHttpClient - Connection can be kept alive indefinitely
22:09:33.900 [main] DEBUG i.r.i.RequestSpecificationImpl$RestAssuredHttpBuilder - Parsing response as: text/plain;charset=UTF-8
22:09:33.900 [main] DEBUG i.r.i.RequestSpecificationImpl$RestAssuredHttpBuilder - Parsed data to instance of: class org.apache.http.conn.EofSensorInputStream
22:09:33.901 [main] DEBUG org.apache.http.wire -  << "a:4500"
22:09:33.901 [main] DEBUG o.a.h.i.c.BasicClientConnectionManager - Releasing connection org.apache.http.impl.conn.ManagedClientConnectionImpl@6a32191e
22:09:33.901 [main] DEBUG o.a.h.i.c.BasicClientConnectionManager - Connection can be kept alive indefinitely
22:09:33.904 [main] DEBUG o.a.h.i.c.BasicClientConnectionManager - Get connection for route {}->http://localhost:8080
22:09:33.905 [main] DEBUG o.a.h.i.c.DefaultClientConnectionOperator - Connecting to localhost:8080
22:09:33.905 [main] DEBUG o.a.h.c.protocol.RequestAddCookies - CookieSpec selected: ignoreCookies
22:09:33.905 [main] DEBUG o.a.h.c.protocol.RequestAuthCache - Auth cache not set in the context
22:09:33.905 [main] DEBUG o.a.h.c.p.RequestTargetAuthentication - Target auth state: UNCHALLENGED
22:09:33.905 [main] DEBUG o.a.h.c.p.RequestProxyAuthentication - Proxy auth state: UNCHALLENGED
22:09:33.905 [main] DEBUG o.a.h.impl.client.DefaultHttpClient - Attempt 1 to execute request
22:09:33.905 [main] DEBUG o.a.h.i.conn.DefaultClientConnection - Sending request: GET /3?c=9&a=30&b=18 HTTP/1.1
22:09:33.905 [main] DEBUG org.apache.http.wire -  >> "GET /3?c=9&a=30&b=18 HTTP/1.1[\r][\n]"
22:09:33.905 [main] DEBUG org.apache.http.wire -  >> "Accept: */*[\r][\n]"
22:09:33.905 [main] DEBUG org.apache.http.wire -  >> "Host: localhost:8080[\r][\n]"
22:09:33.905 [main] DEBUG org.apache.http.wire -  >> "Connection: Keep-Alive[\r][\n]"
22:09:33.905 [main] DEBUG org.apache.http.wire -  >> "User-Agent: Apache-HttpClient/4.5.3 (Java/13.0.5.1)[\r][\n]"
22:09:33.905 [main] DEBUG org.apache.http.wire -  >> "Accept-Encoding: gzip,deflate[\r][\n]"
22:09:33.905 [main] DEBUG org.apache.http.wire -  >> "[\r][\n]"
22:09:33.905 [main] DEBUG org.apache.http.headers - >> GET /3?c=9&a=30&b=18 HTTP/1.1
22:09:33.905 [main] DEBUG org.apache.http.headers - >> Accept: */*
22:09:33.905 [main] DEBUG org.apache.http.headers - >> Host: localhost:8080
22:09:33.905 [main] DEBUG org.apache.http.headers - >> Connection: Keep-Alive
22:09:33.905 [main] DEBUG org.apache.http.headers - >> User-Agent: Apache-HttpClient/4.5.3 (Java/13.0.5.1)
22:09:33.905 [main] DEBUG org.apache.http.headers - >> Accept-Encoding: gzip,deflate
22:09:33.927 [main] DEBUG org.apache.http.wire -  << "HTTP/1.1 200 OK[\r][\n]"
22:09:33.927 [main] DEBUG org.apache.http.wire -  << "Server: Apache-Coyote/1.1[\r][\n]"
22:09:33.927 [main] DEBUG org.apache.http.wire -  << "Content-Type: text/plain;charset=UTF-8[\r][\n]"
22:09:33.927 [main] DEBUG org.apache.http.wire -  << "Content-Length: 6[\r][\n]"
22:09:33.927 [main] DEBUG org.apache.http.wire -  << "Date: Sun, 07 Feb 2021 21:09:33 GMT[\r][\n]"
22:09:33.927 [main] DEBUG org.apache.http.wire -  << "[\r][\n]"
22:09:33.927 [main] DEBUG o.a.h.i.conn.DefaultClientConnection - Receiving response: HTTP/1.1 200 OK
22:09:33.927 [main] DEBUG org.apache.http.headers - << HTTP/1.1 200 OK
22:09:33.927 [main] DEBUG org.apache.http.headers - << Server: Apache-Coyote/1.1
22:09:33.927 [main] DEBUG org.apache.http.headers - << Content-Type: text/plain;charset=UTF-8
22:09:33.927 [main] DEBUG org.apache.http.headers - << Content-Length: 6
22:09:33.927 [main] DEBUG org.apache.http.headers - << Date: Sun, 07 Feb 2021 21:09:33 GMT
22:09:33.927 [main] DEBUG o.a.h.impl.client.DefaultHttpClient - Connection can be kept alive indefinitely
22:09:33.928 [main] DEBUG i.r.i.RequestSpecificationImpl$RestAssuredHttpBuilder - Parsing response as: text/plain;charset=UTF-8
22:09:33.928 [main] DEBUG i.r.i.RequestSpecificationImpl$RestAssuredHttpBuilder - Parsed data to instance of: class org.apache.http.conn.EofSensorInputStream
22:09:33.928 [main] DEBUG org.apache.http.wire -  << "a:4500"
22:09:33.928 [main] DEBUG o.a.h.i.c.BasicClientConnectionManager - Releasing connection org.apache.http.impl.conn.ManagedClientConnectionImpl@52559a69
22:09:33.928 [main] DEBUG o.a.h.i.c.BasicClientConnectionManager - Connection can be kept alive indefinitely
22:09:33.931 [main] DEBUG o.a.h.i.c.BasicClientConnectionManager - Get connection for route {}->http://localhost:8080
22:09:33.931 [main] DEBUG o.a.h.i.c.DefaultClientConnectionOperator - Connecting to localhost:8080
22:09:33.931 [main] DEBUG o.a.h.c.protocol.RequestAddCookies - CookieSpec selected: ignoreCookies
22:09:33.931 [main] DEBUG o.a.h.c.protocol.RequestAuthCache - Auth cache not set in the context
22:09:33.931 [main] DEBUG o.a.h.c.p.RequestTargetAuthentication - Target auth state: UNCHALLENGED
22:09:33.931 [main] DEBUG o.a.h.c.p.RequestProxyAuthentication - Proxy auth state: UNCHALLENGED
22:09:33.931 [main] DEBUG o.a.h.impl.client.DefaultHttpClient - Attempt 1 to execute request
22:09:33.932 [main] DEBUG o.a.h.i.conn.DefaultClientConnection - Sending request: GET /3?c=9&a=30&b=18 HTTP/1.1
22:09:33.932 [main] DEBUG org.apache.http.wire -  >> "GET /3?c=9&a=30&b=18 HTTP/1.1[\r][\n]"
22:09:33.932 [main] DEBUG org.apache.http.wire -  >> "Accept: */*[\r][\n]"
22:09:33.932 [main] DEBUG org.apache.http.wire -  >> "Host: localhost:8080[\r][\n]"
22:09:33.932 [main] DEBUG org.apache.http.wire -  >> "Connection: Keep-Alive[\r][\n]"
22:09:33.932 [main] DEBUG org.apache.http.wire -  >> "User-Agent: Apache-HttpClient/4.5.3 (Java/13.0.5.1)[\r][\n]"
22:09:33.932 [main] DEBUG org.apache.http.wire -  >> "Accept-Encoding: gzip,deflate[\r][\n]"
22:09:33.932 [main] DEBUG org.apache.http.wire -  >> "[\r][\n]"
22:09:33.932 [main] DEBUG org.apache.http.headers - >> GET /3?c=9&a=30&b=18 HTTP/1.1
22:09:33.932 [main] DEBUG org.apache.http.headers - >> Accept: */*
22:09:33.932 [main] DEBUG org.apache.http.headers - >> Host: localhost:8080
22:09:33.932 [main] DEBUG org.apache.http.headers - >> Connection: Keep-Alive
22:09:33.932 [main] DEBUG org.apache.http.headers - >> User-Agent: Apache-HttpClient/4.5.3 (Java/13.0.5.1)
22:09:33.932 [main] DEBUG org.apache.http.headers - >> Accept-Encoding: gzip,deflate
22:09:33.947 [main] DEBUG org.apache.http.wire -  << "HTTP/1.1 200 OK[\r][\n]"
22:09:33.947 [main] DEBUG org.apache.http.wire -  << "Server: Apache-Coyote/1.1[\r][\n]"
22:09:33.947 [main] DEBUG org.apache.http.wire -  << "Content-Type: text/plain;charset=UTF-8[\r][\n]"
22:09:33.947 [main] DEBUG org.apache.http.wire -  << "Content-Length: 6[\r][\n]"
22:09:33.947 [main] DEBUG org.apache.http.wire -  << "Date: Sun, 07 Feb 2021 21:09:33 GMT[\r][\n]"
22:09:33.947 [main] DEBUG org.apache.http.wire -  << "[\r][\n]"
22:09:33.947 [main] DEBUG o.a.h.i.conn.DefaultClientConnection - Receiving response: HTTP/1.1 200 OK
22:09:33.948 [main] DEBUG org.apache.http.headers - << HTTP/1.1 200 OK
22:09:33.948 [main] DEBUG org.apache.http.headers - << Server: Apache-Coyote/1.1
22:09:33.948 [main] DEBUG org.apache.http.headers - << Content-Type: text/plain;charset=UTF-8
22:09:33.948 [main] DEBUG org.apache.http.headers - << Content-Length: 6
22:09:33.948 [main] DEBUG org.apache.http.headers - << Date: Sun, 07 Feb 2021 21:09:33 GMT
22:09:33.948 [main] DEBUG o.a.h.impl.client.DefaultHttpClient - Connection can be kept alive indefinitely
22:09:33.948 [main] DEBUG i.r.i.RequestSpecificationImpl$RestAssuredHttpBuilder - Parsing response as: text/plain;charset=UTF-8
22:09:33.948 [main] DEBUG i.r.i.RequestSpecificationImpl$RestAssuredHttpBuilder - Parsed data to instance of: class org.apache.http.conn.EofSensorInputStream
22:09:33.949 [main] DEBUG org.apache.http.wire -  << "a:4500"
22:09:33.949 [main] DEBUG o.a.h.i.c.BasicClientConnectionManager - Releasing connection org.apache.http.impl.conn.ManagedClientConnectionImpl@7f85217c
22:09:33.949 [main] DEBUG o.a.h.i.c.BasicClientConnectionManager - Connection can be kept alive indefinitely
22:09:33.952 [main] DEBUG o.a.h.i.c.BasicClientConnectionManager - Get connection for route {}->http://localhost:8080
22:09:33.953 [main] DEBUG o.a.h.i.c.DefaultClientConnectionOperator - Connecting to localhost:8080
22:09:33.953 [main] DEBUG o.a.h.c.protocol.RequestAddCookies - CookieSpec selected: ignoreCookies
22:09:33.954 [main] DEBUG o.a.h.c.protocol.RequestAuthCache - Auth cache not set in the context
22:09:33.954 [main] DEBUG o.a.h.c.p.RequestTargetAuthentication - Target auth state: UNCHALLENGED
22:09:33.954 [main] DEBUG o.a.h.c.p.RequestProxyAuthentication - Proxy auth state: UNCHALLENGED
22:09:33.954 [main] DEBUG o.a.h.impl.client.DefaultHttpClient - Attempt 1 to execute request
22:09:33.954 [main] DEBUG o.a.h.i.conn.DefaultClientConnection - Sending request: GET /3?c=9&a=30&b=18 HTTP/1.1
22:09:33.954 [main] DEBUG org.apache.http.wire -  >> "GET /3?c=9&a=30&b=18 HTTP/1.1[\r][\n]"
22:09:33.954 [main] DEBUG org.apache.http.wire -  >> "Accept: */*[\r][\n]"
22:09:33.954 [main] DEBUG org.apache.http.wire -  >> "Host: localhost:8080[\r][\n]"
22:09:33.954 [main] DEBUG org.apache.http.wire -  >> "Connection: Keep-Alive[\r][\n]"
22:09:33.954 [main] DEBUG org.apache.http.wire -  >> "User-Agent: Apache-HttpClient/4.5.3 (Java/13.0.5.1)[\r][\n]"
22:09:33.954 [main] DEBUG org.apache.http.wire -  >> "Accept-Encoding: gzip,deflate[\r][\n]"
22:09:33.954 [main] DEBUG org.apache.http.wire -  >> "[\r][\n]"
22:09:33.954 [main] DEBUG org.apache.http.headers - >> GET /3?c=9&a=30&b=18 HTTP/1.1
22:09:33.954 [main] DEBUG org.apache.http.headers - >> Accept: */*
22:09:33.954 [main] DEBUG org.apache.http.headers - >> Host: localhost:8080
22:09:33.954 [main] DEBUG org.apache.http.headers - >> Connection: Keep-Alive
22:09:33.954 [main] DEBUG org.apache.http.headers - >> User-Agent: Apache-HttpClient/4.5.3 (Java/13.0.5.1)
22:09:33.954 [main] DEBUG org.apache.http.headers - >> Accept-Encoding: gzip,deflate
22:09:33.974 [main] DEBUG org.apache.http.wire -  << "HTTP/1.1 200 OK[\r][\n]"
22:09:33.975 [main] DEBUG org.apache.http.wire -  << "Server: Apache-Coyote/1.1[\r][\n]"
22:09:33.975 [main] DEBUG org.apache.http.wire -  << "Content-Type: text/plain;charset=UTF-8[\r][\n]"
22:09:33.975 [main] DEBUG org.apache.http.wire -  << "Content-Length: 6[\r][\n]"
22:09:33.975 [main] DEBUG org.apache.http.wire -  << "Date: Sun, 07 Feb 2021 21:09:33 GMT[\r][\n]"
22:09:33.975 [main] DEBUG org.apache.http.wire -  << "[\r][\n]"
22:09:33.975 [main] DEBUG o.a.h.i.conn.DefaultClientConnection - Receiving response: HTTP/1.1 200 OK
22:09:33.975 [main] DEBUG org.apache.http.headers - << HTTP/1.1 200 OK
22:09:33.975 [main] DEBUG org.apache.http.headers - << Server: Apache-Coyote/1.1
22:09:33.975 [main] DEBUG org.apache.http.headers - << Content-Type: text/plain;charset=UTF-8
22:09:33.975 [main] DEBUG org.apache.http.headers - << Content-Length: 6
22:09:33.975 [main] DEBUG org.apache.http.headers - << Date: Sun, 07 Feb 2021 21:09:33 GMT
22:09:33.975 [main] DEBUG o.a.h.impl.client.DefaultHttpClient - Connection can be kept alive indefinitely
22:09:33.975 [main] DEBUG i.r.i.RequestSpecificationImpl$RestAssuredHttpBuilder - Parsing response as: text/plain;charset=UTF-8
22:09:33.975 [main] DEBUG i.r.i.RequestSpecificationImpl$RestAssuredHttpBuilder - Parsed data to instance of: class org.apache.http.conn.EofSensorInputStream
22:09:33.975 [main] DEBUG org.apache.http.wire -  << "a:4500"
22:09:33.975 [main] DEBUG o.a.h.i.c.BasicClientConnectionManager - Releasing connection org.apache.http.impl.conn.ManagedClientConnectionImpl@58a84a12
22:09:33.975 [main] DEBUG o.a.h.i.c.BasicClientConnectionManager - Connection can be kept alive indefinitely
22:09:33.978 [main] DEBUG o.a.h.i.c.BasicClientConnectionManager - Get connection for route {}->http://localhost:8080
22:09:33.979 [main] DEBUG o.a.h.i.c.DefaultClientConnectionOperator - Connecting to localhost:8080
22:09:33.979 [main] DEBUG o.a.h.c.protocol.RequestAddCookies - CookieSpec selected: ignoreCookies
22:09:33.979 [main] DEBUG o.a.h.c.protocol.RequestAuthCache - Auth cache not set in the context
22:09:33.979 [main] DEBUG o.a.h.c.p.RequestTargetAuthentication - Target auth state: UNCHALLENGED
22:09:33.979 [main] DEBUG o.a.h.c.p.RequestProxyAuthentication - Proxy auth state: UNCHALLENGED
22:09:33.979 [main] DEBUG o.a.h.impl.client.DefaultHttpClient - Attempt 1 to execute request
22:09:33.979 [main] DEBUG o.a.h.i.conn.DefaultClientConnection - Sending request: GET /3?c=9&a=30&b=18 HTTP/1.1
22:09:33.979 [main] DEBUG org.apache.http.wire -  >> "GET /3?c=9&a=30&b=18 HTTP/1.1[\r][\n]"
22:09:33.979 [main] DEBUG org.apache.http.wire -  >> "Accept: */*[\r][\n]"
22:09:33.979 [main] DEBUG org.apache.http.wire -  >> "Host: localhost:8080[\r][\n]"
22:09:33.979 [main] DEBUG org.apache.http.wire -  >> "Connection: Keep-Alive[\r][\n]"
22:09:33.979 [main] DEBUG org.apache.http.wire -  >> "User-Agent: Apache-HttpClient/4.5.3 (Java/13.0.5.1)[\r][\n]"
22:09:33.979 [main] DEBUG org.apache.http.wire -  >> "Accept-Encoding: gzip,deflate[\r][\n]"
22:09:33.979 [main] DEBUG org.apache.http.wire -  >> "[\r][\n]"
22:09:33.979 [main] DEBUG org.apache.http.headers - >> GET /3?c=9&a=30&b=18 HTTP/1.1
22:09:33.979 [main] DEBUG org.apache.http.headers - >> Accept: */*
22:09:33.979 [main] DEBUG org.apache.http.headers - >> Host: localhost:8080
22:09:33.979 [main] DEBUG org.apache.http.headers - >> Connection: Keep-Alive
22:09:33.979 [main] DEBUG org.apache.http.headers - >> User-Agent: Apache-HttpClient/4.5.3 (Java/13.0.5.1)
22:09:33.979 [main] DEBUG org.apache.http.headers - >> Accept-Encoding: gzip,deflate
22:09:33.998 [main] DEBUG org.apache.http.wire -  << "HTTP/1.1 200 OK[\r][\n]"
22:09:33.999 [main] DEBUG org.apache.http.wire -  << "Server: Apache-Coyote/1.1[\r][\n]"
22:09:33.999 [main] DEBUG org.apache.http.wire -  << "Content-Type: text/plain;charset=UTF-8[\r][\n]"
22:09:33.999 [main] DEBUG org.apache.http.wire -  << "Content-Length: 6[\r][\n]"
22:09:33.999 [main] DEBUG org.apache.http.wire -  << "Date: Sun, 07 Feb 2021 21:09:33 GMT[\r][\n]"
22:09:33.999 [main] DEBUG org.apache.http.wire -  << "[\r][\n]"
22:09:33.999 [main] DEBUG o.a.h.i.conn.DefaultClientConnection - Receiving response: HTTP/1.1 200 OK
22:09:33.999 [main] DEBUG org.apache.http.headers - << HTTP/1.1 200 OK
22:09:33.999 [main] DEBUG org.apache.http.headers - << Server: Apache-Coyote/1.1
22:09:33.999 [main] DEBUG org.apache.http.headers - << Content-Type: text/plain;charset=UTF-8
22:09:33.999 [main] DEBUG org.apache.http.headers - << Content-Length: 6
22:09:33.999 [main] DEBUG org.apache.http.headers - << Date: Sun, 07 Feb 2021 21:09:33 GMT
22:09:33.999 [main] DEBUG o.a.h.impl.client.DefaultHttpClient - Connection can be kept alive indefinitely
22:09:33.999 [main] DEBUG i.r.i.RequestSpecificationImpl$RestAssuredHttpBuilder - Parsing response as: text/plain;charset=UTF-8
22:09:33.999 [main] DEBUG i.r.i.RequestSpecificationImpl$RestAssuredHttpBuilder - Parsed data to instance of: class org.apache.http.conn.EofSensorInputStream
22:09:34.000 [main] DEBUG org.apache.http.wire -  << "a:4500"
22:09:34.000 [main] DEBUG o.a.h.i.c.BasicClientConnectionManager - Releasing connection org.apache.http.impl.conn.ManagedClientConnectionImpl@7186b202
22:09:34.000 [main] DEBUG o.a.h.i.c.BasicClientConnectionManager - Connection can be kept alive indefinitely
22:09:34.002 [main] DEBUG o.a.h.i.c.BasicClientConnectionManager - Get connection for route {}->http://localhost:8080
22:09:34.002 [main] DEBUG o.a.h.i.c.DefaultClientConnectionOperator - Connecting to localhost:8080
22:09:34.003 [main] DEBUG o.a.h.c.protocol.RequestAddCookies - CookieSpec selected: ignoreCookies
22:09:34.003 [main] DEBUG o.a.h.c.protocol.RequestAuthCache - Auth cache not set in the context
22:09:34.003 [main] DEBUG o.a.h.c.p.RequestTargetAuthentication - Target auth state: UNCHALLENGED
22:09:34.003 [main] DEBUG o.a.h.c.p.RequestProxyAuthentication - Proxy auth state: UNCHALLENGED
22:09:34.003 [main] DEBUG o.a.h.impl.client.DefaultHttpClient - Attempt 1 to execute request
22:09:34.003 [main] DEBUG o.a.h.i.conn.DefaultClientConnection - Sending request: GET /3?c=9&a=30&b=18 HTTP/1.1
22:09:34.003 [main] DEBUG org.apache.http.wire -  >> "GET /3?c=9&a=30&b=18 HTTP/1.1[\r][\n]"
22:09:34.003 [main] DEBUG org.apache.http.wire -  >> "Accept: */*[\r][\n]"
22:09:34.003 [main] DEBUG org.apache.http.wire -  >> "Host: localhost:8080[\r][\n]"
22:09:34.003 [main] DEBUG org.apache.http.wire -  >> "Connection: Keep-Alive[\r][\n]"
22:09:34.003 [main] DEBUG org.apache.http.wire -  >> "User-Agent: Apache-HttpClient/4.5.3 (Java/13.0.5.1)[\r][\n]"
22:09:34.003 [main] DEBUG org.apache.http.wire -  >> "Accept-Encoding: gzip,deflate[\r][\n]"
22:09:34.003 [main] DEBUG org.apache.http.wire -  >> "[\r][\n]"
22:09:34.003 [main] DEBUG org.apache.http.headers - >> GET /3?c=9&a=30&b=18 HTTP/1.1
22:09:34.003 [main] DEBUG org.apache.http.headers - >> Accept: */*
22:09:34.003 [main] DEBUG org.apache.http.headers - >> Host: localhost:8080
22:09:34.003 [main] DEBUG org.apache.http.headers - >> Connection: Keep-Alive
22:09:34.003 [main] DEBUG org.apache.http.headers - >> User-Agent: Apache-HttpClient/4.5.3 (Java/13.0.5.1)
22:09:34.003 [main] DEBUG org.apache.http.headers - >> Accept-Encoding: gzip,deflate
22:09:34.020 [main] DEBUG org.apache.http.wire -  << "HTTP/1.1 200 OK[\r][\n]"
22:09:34.020 [main] DEBUG org.apache.http.wire -  << "Server: Apache-Coyote/1.1[\r][\n]"
22:09:34.020 [main] DEBUG org.apache.http.wire -  << "Content-Type: text/plain;charset=UTF-8[\r][\n]"
22:09:34.020 [main] DEBUG org.apache.http.wire -  << "Content-Length: 6[\r][\n]"
22:09:34.020 [main] DEBUG org.apache.http.wire -  << "Date: Sun, 07 Feb 2021 21:09:33 GMT[\r][\n]"
22:09:34.020 [main] DEBUG org.apache.http.wire -  << "[\r][\n]"
22:09:34.020 [main] DEBUG o.a.h.i.conn.DefaultClientConnection - Receiving response: HTTP/1.1 200 OK
22:09:34.020 [main] DEBUG org.apache.http.headers - << HTTP/1.1 200 OK
22:09:34.020 [main] DEBUG org.apache.http.headers - << Server: Apache-Coyote/1.1
22:09:34.020 [main] DEBUG org.apache.http.headers - << Content-Type: text/plain;charset=UTF-8
22:09:34.020 [main] DEBUG org.apache.http.headers - << Content-Length: 6
22:09:34.020 [main] DEBUG org.apache.http.headers - << Date: Sun, 07 Feb 2021 21:09:33 GMT
22:09:34.020 [main] DEBUG o.a.h.impl.client.DefaultHttpClient - Connection can be kept alive indefinitely
22:09:34.020 [main] DEBUG i.r.i.RequestSpecificationImpl$RestAssuredHttpBuilder - Parsing response as: text/plain;charset=UTF-8
22:09:34.020 [main] DEBUG i.r.i.RequestSpecificationImpl$RestAssuredHttpBuilder - Parsed data to instance of: class org.apache.http.conn.EofSensorInputStream
22:09:34.020 [main] DEBUG org.apache.http.wire -  << "a:4500"
22:09:34.020 [main] DEBUG o.a.h.i.c.BasicClientConnectionManager - Releasing connection org.apache.http.impl.conn.ManagedClientConnectionImpl@36068727
22:09:34.020 [main] DEBUG o.a.h.i.c.BasicClientConnectionManager - Connection can be kept alive indefinitely
str = aaaaaaaaaaaaaaaaaaaaaaaaaaaaaaaaaaaaaaaaaaaaaaaaaa
]]></system-out>
  </testcase>
  <testcase name="GET request returns &apos;No valid bids&apos; if there are no valid bids #1" classname="User should be able to get the winner" time="0.035">
    <failure message="Verify that response body contains &apos;No valid bids&apos; message" type="java.lang.AssertionError">java.lang.AssertionError: Verify that response body contains 'No valid bids' message
</failure>
    <system-out><![CDATA[22:09:34.029 [main] DEBUG o.a.h.i.c.BasicClientConnectionManager - Get connection for route {}->http://localhost:8080
22:09:34.030 [main] DEBUG o.a.h.i.c.DefaultClientConnectionOperator - Connecting to localhost:8080
22:09:34.030 [main] DEBUG o.a.h.c.protocol.RequestAddCookies - CookieSpec selected: ignoreCookies
22:09:34.030 [main] DEBUG o.a.h.c.protocol.RequestAuthCache - Auth cache not set in the context
22:09:34.030 [main] DEBUG o.a.h.c.p.RequestTargetAuthentication - Target auth state: UNCHALLENGED
22:09:34.030 [main] DEBUG o.a.h.c.p.RequestProxyAuthentication - Proxy auth state: UNCHALLENGED
22:09:34.030 [main] DEBUG o.a.h.impl.client.DefaultHttpClient - Attempt 1 to execute request
22:09:34.030 [main] DEBUG o.a.h.i.conn.DefaultClientConnection - Sending request: GET /1?a=-10&b=-6&c=-3 HTTP/1.1
22:09:34.030 [main] DEBUG org.apache.http.wire -  >> "GET /1?a=-10&b=-6&c=-3 HTTP/1.1[\r][\n]"
22:09:34.030 [main] DEBUG org.apache.http.wire -  >> "Accept: */*[\r][\n]"
22:09:34.030 [main] DEBUG org.apache.http.wire -  >> "Host: localhost:8080[\r][\n]"
22:09:34.030 [main] DEBUG org.apache.http.wire -  >> "Connection: Keep-Alive[\r][\n]"
22:09:34.030 [main] DEBUG org.apache.http.wire -  >> "User-Agent: Apache-HttpClient/4.5.3 (Java/13.0.5.1)[\r][\n]"
22:09:34.030 [main] DEBUG org.apache.http.wire -  >> "Accept-Encoding: gzip,deflate[\r][\n]"
22:09:34.030 [main] DEBUG org.apache.http.wire -  >> "[\r][\n]"
22:09:34.030 [main] DEBUG org.apache.http.headers - >> GET /1?a=-10&b=-6&c=-3 HTTP/1.1
22:09:34.030 [main] DEBUG org.apache.http.headers - >> Accept: */*
22:09:34.030 [main] DEBUG org.apache.http.headers - >> Host: localhost:8080
22:09:34.030 [main] DEBUG org.apache.http.headers - >> Connection: Keep-Alive
22:09:34.030 [main] DEBUG org.apache.http.headers - >> User-Agent: Apache-HttpClient/4.5.3 (Java/13.0.5.1)
22:09:34.030 [main] DEBUG org.apache.http.headers - >> Accept-Encoding: gzip,deflate
22:09:34.055 [main] DEBUG org.apache.http.wire -  << "HTTP/1.1 200 OK[\r][\n]"
22:09:34.055 [main] DEBUG org.apache.http.wire -  << "Server: Apache-Coyote/1.1[\r][\n]"
22:09:34.055 [main] DEBUG org.apache.http.wire -  << "Content-Type: text/plain;charset=UTF-8[\r][\n]"
22:09:34.055 [main] DEBUG org.apache.http.wire -  << "Content-Length: 7[\r][\n]"
22:09:34.055 [main] DEBUG org.apache.http.wire -  << "Date: Sun, 07 Feb 2021 21:09:33 GMT[\r][\n]"
22:09:34.055 [main] DEBUG org.apache.http.wire -  << "[\r][\n]"
22:09:34.055 [main] DEBUG o.a.h.i.conn.DefaultClientConnection - Receiving response: HTTP/1.1 200 OK
22:09:34.055 [main] DEBUG org.apache.http.headers - << HTTP/1.1 200 OK
22:09:34.055 [main] DEBUG org.apache.http.headers - << Server: Apache-Coyote/1.1
22:09:34.055 [main] DEBUG org.apache.http.headers - << Content-Type: text/plain;charset=UTF-8
22:09:34.055 [main] DEBUG org.apache.http.headers - << Content-Length: 7
22:09:34.055 [main] DEBUG org.apache.http.headers - << Date: Sun, 07 Feb 2021 21:09:33 GMT
22:09:34.055 [main] DEBUG o.a.h.impl.client.DefaultHttpClient - Connection can be kept alive indefinitely
22:09:34.055 [main] DEBUG i.r.i.RequestSpecificationImpl$RestAssuredHttpBuilder - Parsing response as: text/plain;charset=UTF-8
22:09:34.056 [main] DEBUG i.r.i.RequestSpecificationImpl$RestAssuredHttpBuilder - Parsed data to instance of: class org.apache.http.conn.EofSensorInputStream
22:09:34.056 [main] DEBUG org.apache.http.wire -  << "a:-1500"
22:09:34.056 [main] DEBUG o.a.h.i.c.BasicClientConnectionManager - Releasing connection org.apache.http.impl.conn.ManagedClientConnectionImpl@208205ed
22:09:34.056 [main] DEBUG o.a.h.i.c.BasicClientConnectionManager - Connection can be kept alive indefinitely
]]></system-out>
  </testcase>
  <testcase name="GET request returns &apos;No valid bids&apos; if there are no valid bids #2" classname="User should be able to get the winner" time="0.029">
    <failure message="Verify that response body contains &apos;No valid bids&apos; message" type="java.lang.AssertionError">java.lang.AssertionError: Verify that response body contains 'No valid bids' message
</failure>
    <system-out><![CDATA[22:09:34.063 [main] DEBUG o.a.h.i.c.BasicClientConnectionManager - Get connection for route {}->http://localhost:8080
22:09:34.063 [main] DEBUG o.a.h.i.c.DefaultClientConnectionOperator - Connecting to localhost:8080
22:09:34.063 [main] DEBUG o.a.h.c.protocol.RequestAddCookies - CookieSpec selected: ignoreCookies
22:09:34.063 [main] DEBUG o.a.h.c.protocol.RequestAuthCache - Auth cache not set in the context
22:09:34.063 [main] DEBUG o.a.h.c.p.RequestTargetAuthentication - Target auth state: UNCHALLENGED
22:09:34.063 [main] DEBUG o.a.h.c.p.RequestProxyAuthentication - Proxy auth state: UNCHALLENGED
22:09:34.063 [main] DEBUG o.a.h.impl.client.DefaultHttpClient - Attempt 1 to execute request
22:09:34.063 [main] DEBUG o.a.h.i.conn.DefaultClientConnection - Sending request: GET /2?b=-12&c=-6&a=-20 HTTP/1.1
22:09:34.063 [main] DEBUG org.apache.http.wire -  >> "GET /2?b=-12&c=-6&a=-20 HTTP/1.1[\r][\n]"
22:09:34.063 [main] DEBUG org.apache.http.wire -  >> "Accept: */*[\r][\n]"
22:09:34.063 [main] DEBUG org.apache.http.wire -  >> "Host: localhost:8080[\r][\n]"
22:09:34.063 [main] DEBUG org.apache.http.wire -  >> "Connection: Keep-Alive[\r][\n]"
22:09:34.063 [main] DEBUG org.apache.http.wire -  >> "User-Agent: Apache-HttpClient/4.5.3 (Java/13.0.5.1)[\r][\n]"
22:09:34.063 [main] DEBUG org.apache.http.wire -  >> "Accept-Encoding: gzip,deflate[\r][\n]"
22:09:34.063 [main] DEBUG org.apache.http.wire -  >> "[\r][\n]"
22:09:34.063 [main] DEBUG org.apache.http.headers - >> GET /2?b=-12&c=-6&a=-20 HTTP/1.1
22:09:34.063 [main] DEBUG org.apache.http.headers - >> Accept: */*
22:09:34.063 [main] DEBUG org.apache.http.headers - >> Host: localhost:8080
22:09:34.063 [main] DEBUG org.apache.http.headers - >> Connection: Keep-Alive
22:09:34.063 [main] DEBUG org.apache.http.headers - >> User-Agent: Apache-HttpClient/4.5.3 (Java/13.0.5.1)
22:09:34.063 [main] DEBUG org.apache.http.headers - >> Accept-Encoding: gzip,deflate
22:09:34.080 [main] DEBUG org.apache.http.wire -  << "HTTP/1.1 200 OK[\r][\n]"
22:09:34.080 [main] DEBUG org.apache.http.wire -  << "Server: Apache-Coyote/1.1[\r][\n]"
22:09:34.080 [main] DEBUG org.apache.http.wire -  << "Content-Type: text/plain;charset=UTF-8[\r][\n]"
22:09:34.081 [main] DEBUG org.apache.http.wire -  << "Content-Length: 7[\r][\n]"
22:09:34.081 [main] DEBUG org.apache.http.wire -  << "Date: Sun, 07 Feb 2021 21:09:33 GMT[\r][\n]"
22:09:34.081 [main] DEBUG org.apache.http.wire -  << "[\r][\n]"
22:09:34.081 [main] DEBUG o.a.h.i.conn.DefaultClientConnection - Receiving response: HTTP/1.1 200 OK
22:09:34.081 [main] DEBUG org.apache.http.headers - << HTTP/1.1 200 OK
22:09:34.081 [main] DEBUG org.apache.http.headers - << Server: Apache-Coyote/1.1
22:09:34.081 [main] DEBUG org.apache.http.headers - << Content-Type: text/plain;charset=UTF-8
22:09:34.081 [main] DEBUG org.apache.http.headers - << Content-Length: 7
22:09:34.081 [main] DEBUG org.apache.http.headers - << Date: Sun, 07 Feb 2021 21:09:33 GMT
22:09:34.081 [main] DEBUG o.a.h.impl.client.DefaultHttpClient - Connection can be kept alive indefinitely
22:09:34.081 [main] DEBUG i.r.i.RequestSpecificationImpl$RestAssuredHttpBuilder - Parsing response as: text/plain;charset=UTF-8
22:09:34.081 [main] DEBUG i.r.i.RequestSpecificationImpl$RestAssuredHttpBuilder - Parsed data to instance of: class org.apache.http.conn.EofSensorInputStream
22:09:34.083 [main] DEBUG org.apache.http.wire -  << "a:-3000"
22:09:34.083 [main] DEBUG o.a.h.i.c.BasicClientConnectionManager - Releasing connection org.apache.http.impl.conn.ManagedClientConnectionImpl@2173a742
22:09:34.083 [main] DEBUG o.a.h.i.c.BasicClientConnectionManager - Connection can be kept alive indefinitely
]]></system-out>
  </testcase>
  <testcase name="GET request returns &apos;No valid bids&apos; if there are no valid bids #3" classname="User should be able to get the winner" time="0.026">
    <failure message="Verify that response body contains &apos;No valid bids&apos; message" type="java.lang.AssertionError">java.lang.AssertionError: Verify that response body contains 'No valid bids' message
</failure>
    <system-out><![CDATA[22:09:34.092 [main] DEBUG o.a.h.i.c.BasicClientConnectionManager - Get connection for route {}->http://localhost:8080
22:09:34.092 [main] DEBUG o.a.h.i.c.DefaultClientConnectionOperator - Connecting to localhost:8080
22:09:34.093 [main] DEBUG o.a.h.c.protocol.RequestAddCookies - CookieSpec selected: ignoreCookies
22:09:34.093 [main] DEBUG o.a.h.c.protocol.RequestAuthCache - Auth cache not set in the context
22:09:34.093 [main] DEBUG o.a.h.c.p.RequestTargetAuthentication - Target auth state: UNCHALLENGED
22:09:34.093 [main] DEBUG o.a.h.c.p.RequestProxyAuthentication - Proxy auth state: UNCHALLENGED
22:09:34.093 [main] DEBUG o.a.h.impl.client.DefaultHttpClient - Attempt 1 to execute request
22:09:34.093 [main] DEBUG o.a.h.i.conn.DefaultClientConnection - Sending request: GET /3?c=-9&a=-30&b=-18 HTTP/1.1
22:09:34.093 [main] DEBUG org.apache.http.wire -  >> "GET /3?c=-9&a=-30&b=-18 HTTP/1.1[\r][\n]"
22:09:34.093 [main] DEBUG org.apache.http.wire -  >> "Accept: */*[\r][\n]"
22:09:34.093 [main] DEBUG org.apache.http.wire -  >> "Host: localhost:8080[\r][\n]"
22:09:34.093 [main] DEBUG org.apache.http.wire -  >> "Connection: Keep-Alive[\r][\n]"
22:09:34.093 [main] DEBUG org.apache.http.wire -  >> "User-Agent: Apache-HttpClient/4.5.3 (Java/13.0.5.1)[\r][\n]"
22:09:34.093 [main] DEBUG org.apache.http.wire -  >> "Accept-Encoding: gzip,deflate[\r][\n]"
22:09:34.093 [main] DEBUG org.apache.http.wire -  >> "[\r][\n]"
22:09:34.093 [main] DEBUG org.apache.http.headers - >> GET /3?c=-9&a=-30&b=-18 HTTP/1.1
22:09:34.093 [main] DEBUG org.apache.http.headers - >> Accept: */*
22:09:34.093 [main] DEBUG org.apache.http.headers - >> Host: localhost:8080
22:09:34.093 [main] DEBUG org.apache.http.headers - >> Connection: Keep-Alive
22:09:34.093 [main] DEBUG org.apache.http.headers - >> User-Agent: Apache-HttpClient/4.5.3 (Java/13.0.5.1)
22:09:34.093 [main] DEBUG org.apache.http.headers - >> Accept-Encoding: gzip,deflate
22:09:34.109 [main] DEBUG org.apache.http.wire -  << "HTTP/1.1 200 OK[\r][\n]"
22:09:34.109 [main] DEBUG org.apache.http.wire -  << "Server: Apache-Coyote/1.1[\r][\n]"
22:09:34.110 [main] DEBUG org.apache.http.wire -  << "Content-Type: text/plain;charset=UTF-8[\r][\n]"
22:09:34.110 [main] DEBUG org.apache.http.wire -  << "Content-Length: 7[\r][\n]"
22:09:34.110 [main] DEBUG org.apache.http.wire -  << "Date: Sun, 07 Feb 2021 21:09:34 GMT[\r][\n]"
22:09:34.110 [main] DEBUG org.apache.http.wire -  << "[\r][\n]"
22:09:34.110 [main] DEBUG o.a.h.i.conn.DefaultClientConnection - Receiving response: HTTP/1.1 200 OK
22:09:34.110 [main] DEBUG org.apache.http.headers - << HTTP/1.1 200 OK
22:09:34.110 [main] DEBUG org.apache.http.headers - << Server: Apache-Coyote/1.1
22:09:34.110 [main] DEBUG org.apache.http.headers - << Content-Type: text/plain;charset=UTF-8
22:09:34.110 [main] DEBUG org.apache.http.headers - << Content-Length: 7
22:09:34.110 [main] DEBUG org.apache.http.headers - << Date: Sun, 07 Feb 2021 21:09:34 GMT
22:09:34.110 [main] DEBUG o.a.h.impl.client.DefaultHttpClient - Connection can be kept alive indefinitely
22:09:34.110 [main] DEBUG i.r.i.RequestSpecificationImpl$RestAssuredHttpBuilder - Parsing response as: text/plain;charset=UTF-8
22:09:34.110 [main] DEBUG i.r.i.RequestSpecificationImpl$RestAssuredHttpBuilder - Parsed data to instance of: class org.apache.http.conn.EofSensorInputStream
22:09:34.111 [main] DEBUG org.apache.http.wire -  << "a:-4500"
22:09:34.111 [main] DEBUG o.a.h.i.c.BasicClientConnectionManager - Releasing connection org.apache.http.impl.conn.ManagedClientConnectionImpl@77f4c040
22:09:34.111 [main] DEBUG o.a.h.i.c.BasicClientConnectionManager - Connection can be kept alive indefinitely
]]></system-out>
  </testcase>
  <testcase name="POST for A Positive Testing #1" classname="User should be able to get proper response from POST Request" time="0.89"/>
  <testcase name="POST for A Positive Testing #2" classname="User should be able to get proper response from POST Request" time="0.056"/>
  <testcase name="POST for A Positive Testing #3" classname="User should be able to get proper response from POST Request" time="0.046"/>
  <testcase name="POST for A Positive Testing #4" classname="User should be able to get proper response from POST Request" time="0.057"/>
  <testcase name="POST for A Negative Testing #1" classname="User should be able to get proper response from POST Request" time="0.022"/>
  <testcase name="POST for A Negative Testing #2" classname="User should be able to get proper response from POST Request" time="0.024"/>
  <testcase name="POST for A Negative Testing #3" classname="User should be able to get proper response from POST Request" time="0.021"/>
  <testcase name="POST for A Negative Testing #4" classname="User should be able to get proper response from POST Request" time="0.02"/>
  <testcase name="POST for B Positive Testing #1" classname="User should be able to get proper response from POST Request" time="0.044"/>
  <testcase name="POST for B Positive Testing #2" classname="User should be able to get proper response from POST Request" time="0.059"/>
  <testcase name="POST for B Positive Testing #3" classname="User should be able to get proper response from POST Request" time="0.063"/>
  <testcase name="POST for B Positive Testing #4" classname="User should be able to get proper response from POST Request" time="0.048"/>
  <testcase name="POST for B Negative Testing #1" classname="User should be able to get proper response from POST Request" time="0.026"/>
  <testcase name="POST for B Negative Testing #2" classname="User should be able to get proper response from POST Request" time="0.038"/>
  <testcase name="POST for B Negative Testing #3" classname="User should be able to get proper response from POST Request" time="0.056"/>
  <testcase name="POST for B Negative Testing #4" classname="User should be able to get proper response from POST Request" time="0.016"/>
  <testcase name="POST for C Positive Testing #1" classname="User should be able to get proper response from POST Request" time="0.066"/>
  <testcase name="POST for C Positive Testing #2" classname="User should be able to get proper response from POST Request" time="0.073"/>
  <testcase name="POST for C Positive Testing #3" classname="User should be able to get proper response from POST Request" time="0.063"/>
  <testcase name="POST for C Positive Testing #4" classname="User should be able to get proper response from POST Request" time="0.051"/>
  <testcase name="POST for C Negative Testing #1" classname="User should be able to get proper response from POST Request" time="0.033"/>
  <testcase name="POST for C Negative Testing #2" classname="User should be able to get proper response from POST Request" time="0.023"/>
  <testcase name="POST for C Negative Testing #3" classname="User should be able to get proper response from POST Request" time="0.042"/>
  <testcase name="POST for C Negative Testing #4" classname="User should be able to get proper response from POST Request" time="0.013"/>
</testsuite>